 # Step, Time, Current state, Current potential, Velocity norm, current gradient
         0      0.00000000     2      -187.9060822730         0.0053749740         0.1716940168
         1      0.50000000     2      -187.9071925240         0.0054856900         0.1748358469
         2      1.00000000     2      -187.9087587900         0.0056445711         0.1754808400
         3      1.50000000     2      -187.9106448860         0.0058329142         0.1729430409
         4      2.00000000     2      -187.9123459200         0.0060054758         0.1691255613
         5      2.50000000     2      -187.9132130760         0.0061119558         0.1672584582
         6      3.00000000     2      -187.9127701520         0.0061185716         0.1705005946
         7      3.50000000     2      -187.9109890500         0.0060231166         0.1798099230
         8      4.00000000     2      -187.9083732960         0.0058595460         0.1926782452
         9      4.50000000     2      -187.9057451270         0.0056860683         0.2048655122
        10      5.00000000     2      -187.9038505420         0.0055583110         0.2132545425
        11      5.50000000     2      -187.9030732580         0.0055044112         0.2169623200
        12      6.00000000     2      -187.9034292490         0.0055213060         0.2164915070
        13      6.50000000     2      -187.9047440500         0.0055906731         0.2124461128
        14      7.00000000     2      -187.9068123420         0.0056954961         0.2050082802
        15      7.50000000     2      -187.9094479710         0.0058252906         0.1941450631
        16      8.00000000     2      -187.9124537510         0.0059723169         0.1800041557
        17      8.50000000     2      -187.9155750300         0.0061259393         0.1633133276
        18      9.00000000     2      -187.9184936670         0.0062707678         0.1459134891
        19      9.50000000     2      -187.9209026060         0.0063914117         0.1311580920
        20     10.00000000     2      -187.9226498850         0.0064819841         0.1228982316
        21     10.50000000     2      -187.9238455220         0.0065526083         0.1225188363
        22     11.00000000     2      -187.9247975950         0.0066244660         0.1277677910
        23     11.50000000     2      -187.9257872420         0.0067141845         0.1357017145
        24     12.00000000     2      -187.9268560680         0.0068193107         0.1449785387
        25     12.50000000     2      -187.9277506390         0.0069155473         0.1555129553
        26     13.00000000     2      -187.9280402050         0.0069664868         0.1675651814
        27     13.50000000     2      -187.9273520290         0.0069399207         0.1807941811
        28     14.00000000     2      -187.9255966920         0.0068220994         0.1936556219
        29     14.50000000     2      -187.9230211210         0.0066219170         0.2041689010
        30     15.00000000     2      -187.9200606390         0.0063639171         0.2113888637
        31     15.50000000     2      -187.9171473910         0.0060776302         0.2158616341
        32     16.00000000     2      -187.9146284660         0.0057919552         0.2186488204
        33     16.50000000     2      -187.9127888390         0.0055359149         0.2201041283
        34     17.00000000     2      -187.9118772770         0.0053400072         0.2195820946
        35     17.50000000     2      -187.9120810640         0.0052325796         0.2159583771
        36     18.00000000     2      -187.9134652900         0.0052308746         0.2081957873
        37     18.50000000     2      -187.9159091990         0.0053315966         0.1957488245
        38     19.00000000     2      -187.9190725730         0.0055082997         0.1791764238
        39     19.50000000     2      -187.9224443090         0.0057203431         0.1611026341
        40     20.00000000     2      -187.9255211090         0.0059310128         0.1466019623
        41     20.50000000     2      -187.9280649130         0.0061252571         0.1407737823
        42     21.00000000     2      -187.9302523070         0.0063147079         0.1436439557
        43     21.50000000     2      -187.9325358030         0.0065231502         0.1496037315
        44     22.00000000     2      -187.9352712720         0.0067607941         0.1530023021
        45     22.50000000     2      -187.9383931000         0.0070077535         0.1517879999
        46     23.00000000     2      -187.9413635650         0.0072183376         0.1472498052
        47     23.50000000     2      -187.9433895480         0.0073386782         0.1425639698
        48     24.00000000     2      -187.9437604990         0.0073248381         0.1411361120
        49     24.50000000     2      -187.9421473020         0.0071550273         0.1446749636
        50     25.00000000     2      -187.9387391360         0.0068350344         0.1521913840
        51     25.50000000     2      -187.9341810680         0.0063983789         0.1610023616
        52     26.00000000     2      -187.9293722010         0.0059036864         0.1684545619
        53     26.50000000     2      -187.9252288960         0.0054306386         0.1728483556
        54     27.00000000     2      -187.9224949850         0.0050714529         0.1735308110
        55     27.50000000     2      -187.9216317750         0.0049097287         0.1706073434
        56     28.00000000     2      -187.9227755770         0.0049854356         0.1645985130
        57     28.50000000     2      -187.9257324970         0.0052710063         0.1563434028
        58     29.00000000     2      -187.9299931040         0.0056858215         0.1474548373
        59     29.50000000     2      -187.9347822720         0.0061338691         0.1410362275
        60     30.00000000     2      -187.9391394850         0.0065350069         0.1411171090
        61     30.50000000     2      -187.9419878020         0.0068441606         0.1538590588
        62     31.00000000     2      -187.9427761110         0.0070622701         0.1802667902
        63     31.50000000     2      -187.9425367400         0.0072289911         0.1968708607
        64     32.00000000     2      -187.9426881920         0.0073934720         0.2005643656
        65     32.50000000     2      -187.9439496500         0.0075860344         0.1975914859
        66     33.00000000     2      -187.9463387180         0.0078069861         0.1914224722
        67     33.50000000     2      -187.9493822650         0.0080313595         0.1833441550
        68     34.00000000     2      -187.9523155470         0.0082198052         0.1743712097
        69     34.50000000     2      -187.9542832600         0.0083302451         0.1669729186
        70     35.00000000     2      -187.9546099070         0.0083308719         0.1647953903
        71     35.50000000     2      -187.9530774660         0.0082121388         0.1699199177
        72     36.00000000     2      -187.9500461150         0.0079926971         0.1807288021
        73     36.50000000     2      -187.9463351250         0.0077166446         0.1931516911
        74     37.00000000     2      -187.9429334260         0.0074428392         0.2032901706
        75     37.50000000     2      -187.9406905400         0.0072290292         0.2087554598
        76     38.00000000     2      -187.9401118820         0.0071152993         0.2085633996
        77     38.50000000     2      -187.9412881120         0.0071124199         0.2023899250
        78     39.00000000     2      -187.9439028760         0.0071987940         0.1899989004
        79     39.50000000     2      -187.9472626330         0.0073256790         0.1714339963
        80     40.00000000     2      -187.9503710670         0.0074283597         0.1481449914
        81     40.50000000     2      -187.9521303440         0.0074418198         0.1250315882
        82     41.00000000     2      -187.9517134130         0.0073203242         0.1122770708
        83     41.50000000     2      -187.9490055550         0.0070588349         0.1193703458
        84     42.00000000     2      -187.9448404470         0.0067088517         0.1415898459
        85     42.50000000     2      -187.9407381130         0.0063734021         0.1662748468
        86     43.00000000     2      -187.9381796520         0.0061662921         0.1857480281
        87     43.50000000     2      -187.9378960560         0.0061473246         0.1985129410
        88     44.00000000     2      -187.9396248830         0.0062845604         0.2059947128
        89     44.50000000     2      -187.9423398930         0.0064787544         0.2103883105
        90     45.00000000     2      -187.9447327390         0.0066194236         0.2142122367
        91     45.50000000     2      -187.9457680890         0.0066284068         0.2194114606
        92     46.00000000     2      -187.9451030800         0.0064792247         0.2259275817
        93     46.50000000     2      -187.9431703160         0.0061981855         0.2316249312
        94     47.00000000     2      -187.9409139900         0.0058541931         0.2337084223
        95     47.50000000     2      -187.9393639960         0.0055406225         0.2301846476
        96     48.00000000     2      -187.9392702470         0.0053488943         0.2205242354
        97     48.50000000     2      -187.9409226550         0.0053362819         0.2055222599
        98     49.00000000     2      -187.9441432680         0.0055029629         0.1867592448
        99     49.50000000     2      -187.9483607210         0.0057957539         0.1663019129
       100     50.00000000     2      -187.9527053180         0.0061331324         0.1471640797
       101     50.50000000     2      -187.9561483220         0.0064312598         0.1342383574
       102     51.00000000     2      -187.9577399250         0.0066224971         0.1334214150
       103     51.50000000     2      -187.9569415970         0.0066693793         0.1463819077
       104     52.00000000     2      -187.9539138720         0.0065749796         0.1673175910
       105     52.50000000     2      -187.9495317110         0.0063839478         0.1879407937
       106     53.00000000     2      -187.9450364190         0.0061687799         0.2032399696
       107     53.50000000     2      -187.9415728990         0.0060070683         0.2124599680
       108     54.00000000     2      -187.9399214840         0.0059602733         0.2155046017
       109     54.50000000     2      -187.9403245940         0.0060491514         0.2099764750
       110     55.00000000     2      -187.9422029700         0.0062267782         0.1945683334
       111     55.50000000     2      -187.9441289820         0.0063866215         0.1749850085
       112     56.00000000     2      -187.9445095220         0.0064196797         0.1634278965
       113     56.50000000     2      -187.9425698720         0.0062741565         0.1677070159
       114     57.00000000     2      -187.9387842230         0.0059782844         0.1822416244
       115     57.50000000     2      -187.9344837970         0.0056267693         0.1960577704
       116     58.00000000     2      -187.9310708250         0.0053433669         0.2026131858
       117     58.50000000     2      -187.9294187100         0.0052301182         0.2011227411
       118     59.00000000     2      -187.9297314850         0.0053248440         0.1940757240
       119     59.50000000     2      -187.9317209780         0.0055958233         0.1845183565
       120     60.00000000     2      -187.9348110230         0.0059709747         0.1748293393
       121     60.50000000     2      -187.9382462660         0.0063692502         0.1672802837
       122     61.00000000     2      -187.9411948360         0.0067193744         0.1649275128
       123     61.50000000     2      -187.9429666570         0.0069729073         0.1706162957
       124     62.00000000     2      -187.9433321830         0.0071168586         0.1837663255
       125     62.50000000     2      -187.9427237980         0.0071795764         0.1987949692
       126     63.00000000     2      -187.9420292940         0.0072163901         0.2081553430
       127     63.50000000     2      -187.9419682980         0.0072723235         0.2074185928
       128     64.00000000     2      -187.9425457050         0.0073490636         0.1983919504
       129     64.50000000     2      -187.9431245020         0.0074104002         0.1878444529
       130     65.00000000     2      -187.9430080870         0.0074180433         0.1820779350
       131     65.50000000     2      -187.9419025730         0.0073577178         0.1820294248
       132     66.00000000     2      -187.9398971860         0.0072367101         0.1849436986
       133     66.50000000     2      -187.9372128010         0.0070690863         0.1893798768
       134     67.00000000     2      -187.9341200940         0.0068714045         0.1958725470
       135     67.50000000     2      -187.9310412540         0.0066702589         0.2040904162
       136     68.00000000     2      -187.9285695000         0.0065055523         0.2117698575
       137     68.50000000     2      -187.9273078390         0.0064200410         0.2161675820
       138     69.00000000     2      -187.9276623220         0.0064416414         0.2154011142
       139     69.50000000     2      -187.9297185380         0.0065709527         0.2086850119
       140     70.00000000     2      -187.9332109750         0.0067803129         0.1961537384
       141     70.50000000     2      -187.9375494980         0.0070217563         0.1789063585
       142     71.00000000     2      -187.9419014460         0.0072383710         0.1594886928
       143     71.50000000     2      -187.9453670580         0.0073768130         0.1426595921
       144     72.00000000     2      -187.9472726430         0.0074019967         0.1349188143
       145     72.50000000     2      -187.9475165010         0.0073135283         0.1396227441
       146     73.00000000     2      -187.9467446040         0.0071557842         0.1516051877
       147     73.50000000     2      -187.9460692530         0.0070044608         0.1613202289
       148     74.00000000     2      -187.9463318060         0.0069204116         0.1632371466
       149     74.50000000     2      -187.9474574470         0.0069011289         0.1598509727
       150     75.00000000     2      -187.9485435070         0.0068831975         0.1592567853
       151     75.50000000     2      -187.9486087080         0.0067948203         0.1669280775
       152     76.00000000     2      -187.9472515080         0.0066010532         0.1808241560
       153     76.50000000     2      -187.9447055950         0.0063089358         0.1966889451
       154     77.00000000     2      -187.9415303250         0.0059499753         0.2130194245
       155     77.50000000     2      -187.9384104170         0.0055695881         0.2290998526
       156     78.00000000     2      -187.9361067300         0.0052277774         0.2421691816
       157     78.50000000     2      -187.9353141550         0.0049912620         0.2486742806
       158     79.00000000     2      -187.9364311680         0.0049074636         0.2469741952
       159     79.50000000     2      -187.9394599630         0.0049814225         0.2379540067
       160     80.00000000     2      -187.9440867850         0.0051801034         0.2238715250
       161     80.50000000     2      -187.9497903910         0.0054548250         0.2072768143
       162     81.00000000     2      -187.9558876960         0.0057569940         0.1908787965
       163     81.50000000     2      -187.9615231780         0.0060429108         0.1792744129
       164     82.00000000     2      -187.9655069580         0.0062788749         0.1863869193
       165     82.50000000     2      -187.9662381970         0.0064379492         0.1998275663
       166     83.00000000     2      -187.9641639790         0.0065143820         0.2011275792
       167     83.50000000     2      -187.9607865120         0.0065560413         0.2150591577
       168     84.00000000     2      -187.9575782110         0.0066477951         0.2305939053
       169     84.50000000     2      -187.9556683190         0.0068414105         0.2360346826
       170     85.00000000     2      -187.9549965850         0.0070968713         0.2286341835
       171     85.50000000     2      -187.9541958810         0.0072959266         0.2151717728
       172     86.00000000     2      -187.9515379980         0.0073157724         0.2071159559
       173     86.50000000     2      -187.9461588410         0.0070928008         0.2117887893
       174     87.00000000     2      -187.9386564590         0.0066478250         0.2265275853
       175     87.50000000     2      -187.9308097730         0.0060852727         0.2426496767
       176     88.00000000     2      -187.9247147680         0.0055736149         0.2524850537
       177     88.50000000     2      -187.9218544960         0.0052908508         0.2525809988
       178     89.00000000     2      -187.9226016160         0.0053307775         0.2436676811
       179     89.50000000     2      -187.9263506460         0.0056499491         0.2287894779
       180     90.00000000     2      -187.9320215580         0.0061274640         0.2109927324
       181     90.50000000     2      -187.9384982800         0.0066511595         0.1921653130
       182     91.00000000     2      -187.9447927400         0.0071461490         0.1735637898
       183     91.50000000     2      -187.9500265160         0.0075653637         0.1574508325
       184     92.00000000     2      -187.9534392450         0.0078774053         0.1487970461
       185     92.50000000     2      -187.9545619970         0.0080645708         0.1536203376
       186     93.00000000     2      -187.9534843910         0.0081307297         0.1715871909
       187     93.50000000     2      -187.9509976590         0.0081117413         0.1942904374
       188     94.00000000     2      -187.9484254330         0.0080738397         0.2119328320
       189     94.50000000     2      -187.9470367290         0.0080851564         0.2179141933
       190     95.00000000     2      -187.9472626000         0.0081688530         0.2109920317
       191     95.50000000     2      -187.9483203320         0.0082787926         0.1959062353
       192     96.00000000     2      -187.9486210840         0.0083243220         0.1815115079
       193     96.50000000     2      -187.9466445690         0.0082182005         0.1765909289
       194     97.00000000     2      -187.9416772970         0.0079105747         0.1849878412
       195     97.50000000     2      -187.9341178390         0.0074026869         0.2038060216
       196     98.00000000     2      -187.9253692750         0.0067514904         0.2259016616
       197     98.50000000     2      -187.9173583870         0.0060671867         0.2432145864
       198     99.00000000     2      -187.9117544030         0.0054887619         0.2497873987
       199     99.50000000     2      -187.9092580560         0.0051250763         0.2441851625
       200    100.00000000     2      -187.9094720700         0.0049941831         0.2294421281
       201    100.50000000     2      -187.9113869420         0.0050282336         0.2103366966
       202    101.00000000     2      -187.9139609200         0.0051358829         0.1905212340
       203    101.50000000     2      -187.9163629670         0.0052442827         0.1717724346
       204    102.00000000     2      -187.9179056940         0.0052986137         0.1555006568
       205    102.50000000     2      -187.9179506550         0.0052511536         0.1453738284
       206    103.00000000     2      -187.9160446600         0.0050682137         0.1483010869
       207    103.50000000     2      -187.9123770810         0.0047685543         0.1683416153
       208    104.00000000     2      -187.9083074810         0.0044882190         0.1980093607
       209    104.50000000     2      -187.9062382870         0.0044906933         0.2213444424
       210    105.00000000     2      -187.9082109630         0.0049528115         0.2249434656
       211    105.50000000     2      -187.9140609190         0.0057231535         0.2071735913
       212    106.00000000     2      -187.9211547970         0.0064820832         0.1796150429
       213    106.50000000     2      -187.9261137280         0.0069889359         0.1601434261
       214    107.00000000     2      -187.9267208290         0.0071390907         0.1615122576
       215    107.50000000     2      -187.9227003780         0.0069347720         0.1821116136
       216    108.00000000     2      -187.9155476370         0.0064598112         0.2108901487
       217    108.50000000     2      -187.9078522450         0.0058721194         0.2365942471
       218    109.00000000     2      -187.9022277340         0.0053811615         0.2513054051
       219    109.50000000     2      -187.9001601210         0.0051625156         0.2525107387
       220    110.00000000     2      -187.9015187660         0.0052431696         0.2433205642
       221    110.50000000     2      -187.9050708300         0.0055066267         0.2293184495
       222    111.00000000     2      -187.9093927410         0.0058142048         0.2147781126
       223    111.50000000     2      -187.9134009820         0.0060774475         0.2016036086
       224    112.00000000     2      -187.9163506390         0.0062498209         0.1908957280
       225    112.50000000     2      -187.9176199620         0.0062968325         0.1850231391
       226    113.00000000     2      -187.9166193460         0.0061797778         0.1884308112
       227    113.50000000     2      -187.9130111310         0.0058631400         0.2054203657
       228    114.00000000     2      -187.9072345100         0.0053495235         0.2350060246
       229    114.50000000     2      -187.9010015190         0.0047420463         0.2679934118
       230    115.00000000     2      -187.8970386720         0.0042970204         0.2902258039
       231    115.50000000     2      -187.8976000870         0.0043085356         0.2904598492
       232    116.00000000     2      -187.9027128320         0.0047713471         0.2677726420
       233    116.50000000     2      -187.9100069990         0.0053738376         0.2318795669
       234    117.00000000     2      -187.9162990590         0.0058279301         0.1967445531
       235    117.50000000     2      -187.9192273930         0.0059895828         0.1752184843
       236    118.00000000     2      -187.9179299610         0.0058239859         0.1765118767
       237    118.50000000     2      -187.9131587350         0.0053819462         0.2001148077
       238    119.00000000     2      -187.9072185270         0.0048262260         0.2328262223
       239    119.50000000     2      -187.9033147510         0.0044558077         0.2567597669
       240    120.00000000     2      -187.9039443130         0.0045567776         0.2595543114
       241    120.50000000     2      -187.9093605490         0.0050986152         0.2405166378
       242    121.00000000     2      -187.9177144400         0.0058003143         0.2086494319
       243    121.50000000     2      -187.9266097850         0.0064352695         0.1747080044
       244    122.00000000     2      -187.9343420420         0.0069112581         0.1452277818
       245    122.50000000     2      -187.9400534450         0.0072127685         0.1225781217
       246    123.00000000     2      -187.9433310400         0.0073436250         0.1090164458
       247    123.50000000     2      -187.9439182280         0.0073020820         0.1096548424
       248    124.00000000     2      -187.9418112090         0.0070868855         0.1278880003
       249    124.50000000     2      -187.9376546040         0.0067270042         0.1582282043
       250    125.00000000     2      -187.9330425800         0.0063192087         0.1887426037
       251    125.50000000     2      -187.9301339350         0.0060305771         0.2069488952
       252    126.00000000     2      -187.9303910650         0.0060050815         0.2053856011
       253    126.50000000     2      -187.9333610170         0.0062228099         0.1863350217
       254    127.00000000     2      -187.9367951360         0.0065029659         0.1619173209
       255    127.50000000     2      -187.9380352600         0.0066447892         0.1485943711
       256    128.00000000     2      -187.9353845840         0.0065217957         0.1568579306
       257    128.50000000     2      -187.9287369390         0.0060979767         0.1835562400
       258    129.00000000     2      -187.9196504120         0.0054343836         0.2176188098
       259    129.50000000     2      -187.9109943610         0.0047218110         0.2464345575
       260    130.00000000     2      -187.9058771000         0.0042898167         0.2585646298
       261    130.50000000     2      -187.9060131250         0.0044092496         0.2486281161
       262    131.00000000     2      -187.9107891470         0.0049821347         0.2207878762
       263    131.50000000     2      -187.9179952630         0.0056980637         0.1857817067
       264    132.00000000     2      -187.9253652310         0.0063446244         0.1542074932
       265    132.50000000     2      -187.9314739250         0.0068449531         0.1321478485
       266    133.00000000     2      -187.9357067720         0.0071908647         0.1212794271
       267    133.50000000     2      -187.9378963200         0.0073943925         0.1214056466
       268    134.00000000     2      -187.9381328370         0.0074728279         0.1317381949
       269    134.50000000     2      -187.9368454420         0.0074567158         0.1497573452
       270    135.00000000     2      -187.9349504560         0.0074037130         0.1703344795
       271    135.50000000     2      -187.9337440380         0.0073960539         0.1869509361
       272    136.00000000     2      -187.9343672770         0.0075050421         0.1943938931
       273    136.50000000     2      -187.9371117980         0.0077406638         0.1914373439
       274    137.00000000     2      -187.9411463550         0.0080376386         0.1816601159
       275    137.50000000     2      -187.9449265230         0.0082939193         0.1716849144
       276    138.00000000     2      -187.9469268680         0.0084191405         0.1681480093
       277    138.50000000     2      -187.9462039780         0.0083589089         0.1751457224
       278    139.00000000     2      -187.9426670720         0.0081005111         0.1929024459
       279    139.50000000     2      -187.9371820360         0.0076780619         0.2175341544
       280    140.00000000     2      -187.9314991220         0.0071811820         0.2416683859
       281    140.50000000     2      -187.9277608530         0.0067470128         0.2565476833
       282    141.00000000     2      -187.9275281220         0.0065041327         0.2560585210
       283    141.50000000     2      -187.9309258670         0.0064868268         0.2403841159
       284    142.00000000     2      -187.9367066720         0.0066152758         0.2157171354
       285    142.50000000     2      -187.9431305670         0.0067693356         0.1901905185
       286    143.00000000     2      -187.9487738490         0.0068584058         0.1700195010
       287    143.50000000     2      -187.9527564680         0.0068334221         0.1584610974
       288    144.00000000     2      -187.9546020620         0.0066711171         0.1562539163
       289    144.50000000     2      -187.9541141690         0.0063668205         0.1616357704
       290    145.00000000     2      -187.9514792290         0.0059496589         0.1734316434
       291    145.50000000     2      -187.9477349320         0.0055134973         0.1925220650
       292    146.00000000     2      -187.9449193710         0.0052213804         0.2086072545
       293    146.50000000     2      -187.9447688970         0.0052162365         0.2090258797
       294    147.00000000     2      -187.9473315130         0.0054798586         0.1919208258
       295    147.50000000     2      -187.9509260490         0.0058347855         0.1659591040
       296    148.00000000     2      -187.9532520030         0.0060856827         0.1462446273
       297    148.50000000     2      -187.9526452600         0.0061121301         0.1459357913
       298    149.00000000     2      -187.9487330340         0.0058808642         0.1649539815
       299    149.50000000     2      -187.9424777210         0.0054390609         0.1925170225
       300    150.00000000     2      -187.9358193740         0.0049181336         0.2174516508
       301    150.50000000     2      -187.9309298940         0.0045238334         0.2314099005
       302    151.00000000     2      -187.9291998460         0.0044426750         0.2304506897
       303    151.50000000     2      -187.9305709690         0.0046859570         0.2167215398
       304    152.00000000     2      -187.9338101690         0.0050961047         0.1970596062
       305    152.50000000     2      -187.9374318860         0.0055108749         0.1785305211
       306    153.00000000     2      -187.9404075420         0.0058463399         0.1647559835
       307    153.50000000     2      -187.9422677700         0.0060787104         0.1559971403
       308    154.00000000     2      -187.9428589880         0.0062066740         0.1518736761
       309    154.50000000     2      -187.9421546950         0.0062320389         0.1533482245
       310    155.00000000     2      -187.9403116580         0.0061646723         0.1619213257
       311    155.50000000     2      -187.9379078330         0.0060446127         0.1765209436
       312    156.00000000     2      -187.9360793550         0.0059605981         0.1914430692
       313    156.50000000     2      -187.9361840480         0.0060267745         0.1984086603
       314    157.00000000     2      -187.9389443560         0.0063005201         0.1916538532
       315    157.50000000     2      -187.9437147940         0.0067185560         0.1722183785
       316    158.00000000     2      -187.9486610070         0.0071384314         0.1484256374
       317    158.50000000     2      -187.9517494670         0.0074289288         0.1330700640
       318    159.00000000     2      -187.9517203090         0.0075208539         0.1372459022
       319    159.50000000     2      -187.9485575010         0.0074164678         0.1607644273
       320    160.00000000     2      -187.9435106760         0.0071875309         0.1925977416
       321    160.50000000     2      -187.9386957730         0.0069634451         0.2194583785
       322    161.00000000     2      -187.9361656750         0.0068812644         0.2310523951
       323    161.50000000     2      -187.9367905070         0.0069996236         0.2239162216
       324    162.00000000     2      -187.9398560220         0.0072611465         0.2027348745
       325    162.50000000     2      -187.9437709660         0.0075543448         0.1770233001
       326    163.00000000     2      -187.9471193850         0.0077932345         0.1556366991
       327    163.50000000     2      -187.9491642330         0.0079413207         0.1430537431
       328    164.00000000     2      -187.9497283000         0.0079941633         0.1393351574
       329    164.50000000     2      -187.9488885470         0.0079572417         0.1428183730
       330    165.00000000     2      -187.9468269020         0.0078373825         0.1522041187
       331    165.50000000     2      -187.9439070130         0.0076494699         0.1660801256
       332    166.00000000     2      -187.9408325060         0.0074302917         0.1812332937
       333    166.50000000     2      -187.9386169450         0.0072427054         0.1922692564
       334    167.00000000     2      -187.9381597710         0.0071509281         0.1937732354
       335    167.50000000     2      -187.9395966810         0.0071716566         0.1839117443
       336    168.00000000     2      -187.9419921350         0.0072469901         0.1668383336
       337    168.50000000     2      -187.9437552090         0.0072734373         0.1519420879
       338    169.00000000     2      -187.9434903060         0.0071575870         0.1492799321
       339    169.50000000     2      -187.9407124030         0.0068565528         0.1622549944
       340    170.00000000     2      -187.9361494530         0.0063999604         0.1852704287
       341    170.50000000     2      -187.9315973440         0.0059040873         0.2087313939
       342    171.00000000     2      -187.9292475070         0.0055570018         0.2234294676
       343    171.50000000     2      -187.9305545830         0.0055187314         0.2239155416
       344    172.00000000     2      -187.9353192730         0.0057789511         0.2116318244
       345    172.50000000     2      -187.9418625420         0.0061697004         0.1942141898
       346    173.00000000     2      -187.9481644380         0.0065177567         0.1798700572
       347    173.50000000     2      -187.9528791340         0.0067314992         0.1718082948
       348    174.00000000     2      -187.9555493410         0.0067910053         0.1683286481
       349    174.50000000     2      -187.9562632730         0.0067093073         0.1670562385
       350    175.00000000     2      -187.9552784500         0.0065043131         0.1678531045
       351    175.50000000     2      -187.9529000720         0.0061919086         0.1726410166
       352    176.00000000     2      -187.9496221770         0.0057999602         0.1827932235
       353    176.50000000     2      -187.9463361240         0.0053953453         0.1958585316
       354    177.00000000     2      -187.9442750680         0.0050981662         0.2051486893
       355    177.50000000     2      -187.9444659360         0.0050350432         0.2035751232
       356    178.00000000     2      -187.9469665380         0.0052308621         0.1886412121
       357    178.50000000     2      -187.9505944160         0.0055682278         0.1646072759
       358    179.00000000     2      -187.9534536730         0.0058754927         0.1411002343
       359    179.50000000     2      -187.9537734600         0.0060160523         0.1305442288
       360    180.00000000     2      -187.9505152380         0.0059138831         0.1431150619
       361    180.50000000     2      -187.9437675590         0.0055613763         0.1782820856
       362    181.00000000     2      -187.9351445010         0.0050599232         0.2246834873
       363    181.50000000     2      -187.9278310290         0.0046853316         0.2651630432
       364    182.00000000     2      -187.9253179390         0.0047994409         0.2826261876
       365    182.50000000     2      -187.9289560110         0.0054560586         0.2701695209
       366    183.00000000     2      -187.9367789720         0.0063242448         0.2364582620
       367    183.50000000     2      -187.9451881900         0.0070793985         0.1982553298
       368    184.00000000     2      -187.9514116550         0.0075765395         0.1682810191
       369    184.50000000     2      -187.9543689690         0.0077992131         0.1502855547
       370    185.00000000     2      -187.9541636750         0.0077829278         0.1430074688
       371    185.50000000     2      -187.9514333410         0.0075749846         0.1454698694
       372    186.00000000     2      -187.9471265540         0.0072315889         0.1567293331
       373    186.50000000     2      -187.9425610770         0.0068357086         0.1723464644
       374    187.00000000     2      -187.9393201630         0.0065068458         0.1843090032
       375    187.50000000     2      -187.9386928050         0.0063660492         0.1854624055
       376    188.00000000     2      -187.9409366060         0.0064580736         0.1743695776
       377    188.50000000     2      -187.9450547490         0.0067139590         0.1568408602
       378    189.00000000     2      -187.9493189800         0.0070059712         0.1429689534
       379    189.50000000     2      -187.9520108210         0.0072207513         0.1407953637
       380    190.00000000     2      -187.9518772430         0.0072846772         0.1508733135
       381    190.50000000     2      -187.9483347940         0.0071562812         0.1694772992
       382    191.00000000     2      -187.9416195020         0.0068254665         0.1958688880
       383    191.50000000     2      -187.9330515470         0.0063455588         0.2291703784
       384    192.00000000     2      -187.9252798530         0.0058894344         0.2607715600
       385    192.50000000     2      -187.9216245910         0.0057392763         0.2757165582
       386    193.00000000     2      -187.9240428710         0.0060680234         0.2630555766
       387    193.50000000     2      -187.9313754860         0.0067244304         0.2252597536
       388    194.00000000     2      -187.9401073870         0.0074034694         0.1766215400
       389    194.50000000     2      -187.9468238720         0.0078953016         0.1337369502
       390    195.00000000     2      -187.9497417600         0.0081273371         0.1087169681
       391    195.50000000     2      -187.9486201410         0.0081067505         0.1062434053
       392    196.00000000     2      -187.9440979190         0.0078712150         0.1220851098
       393    196.50000000     2      -187.9372977010         0.0074740274         0.1480062693
       394    197.00000000     2      -187.9297435950         0.0069941072         0.1758220635
       395    197.50000000     2      -187.9232078740         0.0065456250         0.1976515269
       396    198.00000000     2      -187.9191907130         0.0062537385         0.2076864400
       397    198.50000000     2      -187.9182567080         0.0061876018         0.2049735156
       398    199.00000000     2      -187.9198243780         0.0063115382         0.1939244187
       399    199.50000000     2      -187.9226210320         0.0065182804         0.1814945877
       400    200.00000000     2      -187.9253484580         0.0066986762         0.1733113369
       401    200.50000000     2      -187.9270525440         0.0067751828         0.1716924200
       402    201.00000000     2      -187.9271355140         0.0066969863         0.1764882350
       403    201.50000000     2      -187.9252465210         0.0064256578         0.1874339761
       404    202.00000000     2      -187.9213204430         0.0059329182         0.2059173561
       405    202.50000000     2      -187.9159721650         0.0052313044         0.2332261544
       406    203.00000000     2      -187.9111400100         0.0044649628         0.2636353382
       407    203.50000000     2      -187.9100125860         0.0040218702         0.2806569908
       408    204.00000000     2      -187.9150297990         0.0042998859         0.2673383890
       409    204.50000000     2      -187.9252739710         0.0051043869         0.2223365227
       410    205.00000000     2      -187.9367293180         0.0059250015         0.1628159015
       411    205.50000000     2      -187.9453128030         0.0064585156         0.1158336228
       412    206.00000000     2      -187.9490832940         0.0066266428         0.1084683181
       413    206.50000000     2      -187.9483200500         0.0064717626         0.1357327046
       414    207.00000000     2      -187.9447053890         0.0060997362         0.1705059838
       415    207.50000000     2      -187.9404748830         0.0056615065         0.1971128218
       416    208.00000000     2      -187.9375229330         0.0053225720         0.2088329375
       417    208.50000000     2      -187.9365981010         0.0051870631         0.2060631275
       418    209.00000000     2      -187.9371560790         0.0052348822         0.1956565026
       419    209.50000000     2      -187.9380283760         0.0053622271         0.1864967520
       420    210.00000000     2      -187.9382703530         0.0054738804         0.1834618779
       421    210.50000000     2      -187.9375478000         0.0055265545         0.1854169720
       422    211.00000000     2      -187.9360279550         0.0055209556         0.1883729788
       423    211.50000000     2      -187.9340675210         0.0054789370         0.1889555042
       424    212.00000000     2      -187.9319110120         0.0054219683         0.1858878085
       425    212.50000000     2      -187.9294979990         0.0053552822         0.1811914211
       426    213.00000000     2      -187.9265219470         0.0052698844         0.1814858264
       427    213.50000000     2      -187.9229113080         0.0051796445         0.1944177024
       428    214.00000000     2      -187.9195391170         0.0051785388         0.2175222528
       429    214.50000000     2      -187.9182596340         0.0054259281         0.2356359567
       430    215.00000000     2      -187.9205028910         0.0059833478         0.2346749767
       431    215.50000000     2      -187.9255534490         0.0066997403         0.2146648985
       432    216.00000000     2      -187.9307323300         0.0073370116         0.1895711574
       433    216.50000000     2      -187.9333743370         0.0077335612         0.1756597971
       434    217.00000000     2      -187.9324119630         0.0078481666         0.1782735757
       435    217.50000000     2      -187.9285197150         0.0077311834         0.1899713800
       436    218.00000000     2      -187.9233181690         0.0074803342         0.2002761833
       437    218.50000000     2      -187.9183421320         0.0071941377         0.2029241933
       438    219.00000000     2      -187.9143262010         0.0069310435         0.1975884447
       439    219.50000000     2      -187.9111745310         0.0066977063         0.1882070955
       440    220.00000000     2      -187.9084696970         0.0064743718         0.1792932671
       441    220.50000000     2      -187.9059829870         0.0062503123         0.1730770327
       442    221.00000000     2      -187.9038420230         0.0060412451         0.1694285183
       443    221.50000000     2      -187.9024112370         0.0058851147         0.1672646606
       444    222.00000000     2      -187.9020696710         0.0058238587         0.1653654270
       445    222.50000000     2      -187.9029782500         0.0058774882         0.1626744247
       446    223.00000000     2      -187.9048719010         0.0060217612         0.1595005518
       447    223.50000000     2      -187.9069996000         0.0061886294         0.1597163813
       448    224.00000000     2      -187.9084340290         0.0063001714         0.1702109285
       449    224.50000000     2      -187.9088107240         0.0063251787         0.1926322908
       450    225.00000000     2      -187.9089951920         0.0063239472         0.2159686475
       451    225.50000000     2      -187.9106899420         0.0064202130         0.2231799160
       452    226.00000000     2      -187.9147768750         0.0066776604         0.2050177971
       453    226.50000000     2      -187.9201123760         0.0070159583         0.1687834861
       454    227.00000000     2      -187.9244183410         0.0072907160         0.1367538734
       455    227.50000000     2      -187.9261939130         0.0074171593         0.1304593482
       456    228.00000000     2      -187.9255437470         0.0074031543         0.1435809105
       457    228.50000000     2      -187.9234902400         0.0073032972         0.1552668742
       458    229.00000000     2      -187.9208185800         0.0071561812         0.1572914992
       459    229.50000000     2      -187.9175869700         0.0069572605         0.1538342616
       460    230.00000000     2      -187.9135156410         0.0066804580         0.1527239574
       461    230.50000000     2      -187.9085924880         0.0063153935         0.1577191588
       462    231.00000000     2      -187.9033058960         0.0058877360         0.1670267042
       463    231.50000000     2      -187.8984981330         0.0054606561         0.1769100197
       464    232.00000000     2      -187.8950921330         0.0051254322         0.1842028796
       465    232.50000000     2      -187.8938283480         0.0049756617         0.1864687366
       466    233.00000000     2      -187.8950098120         0.0050571632         0.1819346756
       467    233.50000000     2      -187.8982820200         0.0053257862         0.1704449861
       468    234.00000000     2      -187.9025954490         0.0056649255         0.1554586754
       469    234.50000000     2      -187.9065368970         0.0059491346         0.1459034256
       470    235.00000000     2      -187.9090413490         0.0061048720         0.1522489426
       471    235.50000000     2      -187.9101336800         0.0061473005         0.1732833747
       472    236.00000000     2      -187.9110105590         0.0061736668         0.1947667243
       473    236.50000000     2      -187.9130587690         0.0062886911         0.2046761734
       474    237.00000000     2      -187.9166241350         0.0065109265         0.2027793879
       475    237.50000000     2      -187.9209417040         0.0067740447         0.1972244334
       476    238.00000000     2      -187.9251354000         0.0070098848         0.1930377517
       477    238.50000000     2      -187.9288181650         0.0071907081         0.1873188747
       478    239.00000000     2      -187.9317492820         0.0073033376         0.1767407755
       479    239.50000000     2      -187.9334201070         0.0073206215         0.1642082282
       480    240.00000000     2      -187.9332633590         0.0072108035         0.1563642292
       481    240.50000000     2      -187.9311384220         0.0069636760         0.1565188615
       482    241.00000000     2      -187.9274859030         0.0066019157         0.1623848197
       483    241.50000000     2      -187.9230971970         0.0061745105         0.1703062802
       484    242.00000000     2      -187.9188166750         0.0057460273         0.1785673279
       485    242.50000000     2      -187.9153958750         0.0053903848         0.1869318828
       486    243.00000000     2      -187.9134663790         0.0051828182         0.1947158173
       487    243.50000000     2      -187.9134547220         0.0051731136         0.1999292426
       488    244.00000000     2      -187.9153391770         0.0053430235         0.2008005583
       489    244.50000000     2      -187.9184109450         0.0055927283         0.1987456140
       490    245.00000000     2      -187.9214144770         0.0057852117         0.1994874442
       491    245.50000000     2      -187.9232477720         0.0058172637         0.2083088244
       492    246.00000000     2      -187.9238142610         0.0056761109         0.2219427482
       493    246.50000000     2      -187.9241759470         0.0054541191         0.2292739957
       494    247.00000000     2      -187.9256284840         0.0052970309         0.2223802179
       495    247.50000000     2      -187.9286292640         0.0053078784         0.2049314099
       496    248.00000000     2      -187.9328166520         0.0055023659         0.1877776480
       497    248.50000000     2      -187.9377170500         0.0058418421         0.1745684169
       498    249.00000000     2      -187.9427916680         0.0062521860         0.1592494559
       499    249.50000000     2      -187.9469430640         0.0066219705         0.1413384102
       500    250.00000000     2      -187.9487227420         0.0068396490         0.1324527058
       501    250.50000000     2      -187.9472511130         0.0068453343         0.1420316796
       502    251.00000000     2      -187.9427447160         0.0066459137         0.1642433306
       503    251.50000000     2      -187.9362552760         0.0062958280         0.1887922446
       504    252.00000000     2      -187.9291115110         0.0058719158         0.2101758885
       505    252.50000000     2      -187.9225275930         0.0054583728         0.2266179718
       506    253.00000000     2      -187.9174579500         0.0051397954         0.2376223141
       507    253.50000000     2      -187.9145649950         0.0049892372         0.2426808490
       508    254.00000000     2      -187.9141592750         0.0050411907         0.2409994141
       509    254.50000000     2      -187.9160711070         0.0052646285         0.2320135343
       510    255.00000000     2      -187.9195455360         0.0055675235         0.2164394875
       511    255.50000000     2      -187.9233296560         0.0058337156         0.1974361111
       512    256.00000000     2      -187.9260595780         0.0059655547         0.1809676994
       513    256.50000000     2      -187.9268402170         0.0059167668         0.1734683666
       514    257.00000000     2      -187.9256724990         0.0057115041         0.1771156525
       515    257.50000000     2      -187.9234295960         0.0054469617         0.1895732411
       516    258.00000000     2      -187.9215433270         0.0052811857         0.2072743552
       517    258.50000000     2      -187.9216867480         0.0053873927         0.2227417186
       518    259.00000000     2      -187.9250867410         0.0058331222         0.2244205218
       519    259.50000000     2      -187.9313475350         0.0064860361         0.2067174232
       520    260.00000000     2      -187.9381666300         0.0071073926         0.1773065015
       521    260.50000000     2      -187.9428032030         0.0075127964         0.1520634912
       522    261.00000000     2      -187.9438109920         0.0076373749         0.1418405805
       523    261.50000000     2      -187.9414535150         0.0075137847         0.1440238959
       524    262.00000000     2      -187.9370128270         0.0072251542         0.1501865808
       525    262.50000000     2      -187.9319595310         0.0068685534         0.1554835569
       526    263.00000000     2      -187.9274866270         0.0065351919         0.1590866531
       527    263.50000000     2      -187.9243869120         0.0062999281         0.1617563040
       528    264.00000000     2      -187.9230865960         0.0062117708         0.1642108137
       529    264.50000000     2      -187.9236905280         0.0062837548         0.1665361083
       530    265.00000000     2      -187.9259805140         0.0064882651         0.1684230847
       531    265.50000000     2      -187.9293872250         0.0067638361         0.1699599320
       532    266.00000000     2      -187.9330246890         0.0070322069         0.1721928518
       533    266.50000000     2      -187.9358738910         0.0072193742         0.1762676347
       534    267.00000000     2      -187.9370723780         0.0072730781         0.1816797386
       535    267.50000000     2      -187.9361276410         0.0071709011         0.1874549443
       536    268.00000000     2      -187.9330468480         0.0069261444         0.1967115099
       537    268.50000000     2      -187.9286901070         0.0066134118         0.2142350535
       538    269.00000000     2      -187.9251455600         0.0064001250         0.2338283824
       539    269.50000000     2      -187.9249082620         0.0064786514         0.2388741574
       540    270.00000000     2      -187.9286893720         0.0068684182         0.2205759509
       541    270.50000000     2      -187.9343402020         0.0073632737         0.1889396981
       542    271.00000000     2      -187.9385661540         0.0077252886         0.1649180811
       543    271.50000000     2      -187.9393471330         0.0078350072         0.1603097322
       544    272.00000000     2      -187.9366605940         0.0076927985         0.1685778544
       545    272.50000000     2      -187.9317358220         0.0073648836         0.1791078571
       546    273.00000000     2      -187.9261208710         0.0069407546         0.1869716965
       547    273.50000000     2      -187.9211578990         0.0065128909         0.1912508352
       548    274.00000000     2      -187.9178050940         0.0061669765         0.1922213362
       549    274.50000000     2      -187.9166009260         0.0059691312         0.1901467772
       550    275.00000000     2      -187.9176503510         0.0059465712         0.1851197921
       551    275.50000000     2      -187.9206102580         0.0060739000         0.1774252628
       552    276.00000000     2      -187.9247101220         0.0062804181         0.1681877713
       553    276.50000000     2      -187.9288728790         0.0064758369         0.1599265206
       554    277.00000000     2      -187.9319746140         0.0065788499         0.1560508133
       555    277.50000000     2      -187.9331813150         0.0065380967         0.1588030879
       556    278.00000000     2      -187.9322019120         0.0063432366         0.1685116624
       557    278.50000000     2      -187.9294070930         0.0060334490         0.1859325671
       558    279.00000000     2      -187.9259903560         0.0057186836         0.2102318799
       559    279.50000000     2      -187.9240061600         0.0055895051         0.2318764804
       560    280.00000000     2      -187.9254395010         0.0058087547         0.2359582129
       561    280.50000000     2      -187.9304057820         0.0063193837         0.2163036467
       562    281.00000000     2      -187.9366110210         0.0068748515         0.1829283133
       563    281.50000000     2      -187.9411316190         0.0072562403         0.1546304221
       564    282.00000000     2      -187.9424355190         0.0073793952         0.1435869118
       565    282.50000000     2      -187.9407578140         0.0072691532         0.1472376164
       566    283.00000000     2      -187.9373228850         0.0070026433         0.1572823342
       567    283.50000000     2      -187.9335619900         0.0066727695         0.1683814713
       568    284.00000000     2      -187.9307133650         0.0063724755         0.1778146123
       569    284.50000000     2      -187.9296625220         0.0061832161         0.1838263436
       570    285.00000000     2      -187.9308575600         0.0061567180         0.1853196549
       571    285.50000000     2      -187.9342544760         0.0062963606         0.1820942597
       572    286.00000000     2      -187.9393180040         0.0065555566         0.1751309238
       573    286.50000000     2      -187.9451187050         0.0068579490         0.1667746280
       574    287.00000000     2      -187.9505508850         0.0071254728         0.1603225431
       575    287.50000000     2      -187.9546358970         0.0073002270         0.1582314883
       576    288.00000000     2      -187.9567740700         0.0073542969         0.1600671194
       577    288.50000000     2      -187.9567854780         0.0072863365         0.1640796119
       578    289.00000000     2      -187.9547989130         0.0071129740         0.1719261172
       579    289.50000000     2      -187.9513192510         0.0068740727         0.1874936178
       580    290.00000000     2      -187.9474815020         0.0066516733         0.2070868440
       581    290.50000000     2      -187.9447302770         0.0065499451         0.2187601745
       582    291.00000000     2      -187.9435887840         0.0066025519         0.2164758506
       583    291.50000000     2      -187.9429463300         0.0067176393         0.2084328905
       584    292.00000000     2      -187.9410760300         0.0067586068         0.2072174492
       585    292.50000000     2      -187.9371187520         0.0066481612         0.2152116282
       586    293.00000000     2      -187.9314429590         0.0063897854         0.2263322285
       587    293.50000000     2      -187.9250989740         0.0060386281         0.2356040280
       588    294.00000000     2      -187.9192522540         0.0056747582         0.2415225936
       589    294.50000000     2      -187.9149059200         0.0053890989         0.2440956919
       590    295.00000000     2      -187.9127856310         0.0052665835         0.2433613118
       591    295.50000000     2      -187.9132545780         0.0053559404         0.2390784888
       592    296.00000000     2      -187.9162309560         0.0056430142         0.2310010450
       593    296.50000000     2      -187.9211409980         0.0060555207         0.2193711311
       594    297.00000000     2      -187.9269603490         0.0064942951         0.2055714703
       595    297.50000000     2      -187.9324029420         0.0068648688         0.1927333307
       596    298.00000000     2      -187.9362940170         0.0071002728         0.1852465329
       597    298.50000000     2      -187.9380499160         0.0071791245         0.1856805491
       598    299.00000000     2      -187.9380084820         0.0071373199         0.1912674186
       599    299.50000000     2      -187.9373081100         0.0070625032         0.1957135578
       600    300.00000000     2      -187.9373285330         0.0070628713         0.1944023661
       601    300.50000000     2      -187.9390477750         0.0072156054         0.1853668555
       602    301.00000000     2      -187.9424990730         0.0075153155         0.1678578541
       603    301.50000000     2      -187.9464537480         0.0078624371         0.1466121870
       604    302.00000000     2      -187.9489043130         0.0081193587         0.1355889957
       605    302.50000000     2      -187.9483291550         0.0081897700         0.1442373913
       606    303.00000000     2      -187.9445393780         0.0080529259         0.1640435577
       607    303.50000000     2      -187.9384499600         0.0077461499         0.1833288250
       608    304.00000000     2      -187.9313838410         0.0073335514         0.1974969764
       609    304.50000000     2      -187.9245995950         0.0068879640         0.2062914254
       610    305.00000000     2      -187.9191260880         0.0064856760         0.2103816563
       611    305.50000000     2      -187.9157031030         0.0062001102         0.2101377981
       612    306.00000000     2      -187.9147061710         0.0060840575         0.2056315733
       613    306.50000000     2      -187.9160562180         0.0061453147         0.1969702129
       614    307.00000000     2      -187.9191601190         0.0063355285         0.1847643962
       615    307.50000000     2      -187.9229394520         0.0065644303         0.1709175438
       616    308.00000000     2      -187.9260170600         0.0067291148         0.1596823742
       617    308.50000000     2      -187.9271118570         0.0067439890         0.1574275034
       618    309.00000000     2      -187.9255745040         0.0065673512         0.1682262289
       619    309.50000000     2      -187.9217862080         0.0062220664         0.1890290861
       620    310.00000000     2      -187.9170797380         0.0058022957         0.2130583517
       621    310.50000000     2      -187.9132185090         0.0054595590         0.2350807566
       622    311.00000000     2      -187.9118329190         0.0053569602         0.2494363205
       623    311.50000000     2      -187.9138010070         0.0055668748         0.2481626663
       624    312.00000000     2      -187.9184627080         0.0059834403         0.2287341306
       625    312.50000000     2      -187.9236945530         0.0063995107         0.2010675310
       626    313.00000000     2      -187.9274063260         0.0066635253         0.1798248117
       627    313.50000000     2      -187.9288476480         0.0067392671         0.1698003849
       628    314.00000000     2      -187.9284693580         0.0066672448         0.1655855995
       629    314.50000000     2      -187.9271116600         0.0065103941         0.1626605446
       630    315.00000000     2      -187.9255555370         0.0063311381         0.1607337111
       631    315.50000000     2      -187.9245003970         0.0061930719         0.1604354526
       632    316.00000000     2      -187.9245907080         0.0061601755         0.1611515373
       633    316.50000000     2      -187.9263133360         0.0062795757         0.1613586244
       634    317.00000000     2      -187.9298182830         0.0065576144         0.1596635144
       635    317.50000000     2      -187.9347634970         0.0069502873         0.1555350175
       636    318.00000000     2      -187.9402558410         0.0073753910         0.1499339022
       637    318.50000000     2      -187.9449473300         0.0077348993         0.1461002329
       638    319.00000000     2      -187.9473479500         0.0079369460         0.1495090750
       639    319.50000000     2      -187.9463687880         0.0079171618         0.1644713423
       640    320.00000000     2      -187.9419482680         0.0076617278         0.1889139726
       641    320.50000000     2      -187.9353867820         0.0072283899         0.2146227934
       642    321.00000000     2      -187.9289974110         0.0067520090         0.2322144558
       643    321.50000000     2      -187.9250486670         0.0064078751         0.2348582825
       644    322.00000000     2      -187.9244622720         0.0063083560         0.2212613912
       645    322.50000000     2      -187.9261431170         0.0064030130         0.2004726056
       646    323.00000000     2      -187.9278261740         0.0065288484         0.1901692127
       647    323.50000000     2      -187.9279069180         0.0065590484         0.1976539361
       648    324.00000000     2      -187.9263631140         0.0064703734         0.2107747619
       649    324.50000000     2      -187.9241049030         0.0063052021         0.2169860861
       650    325.00000000     2      -187.9219739230         0.0061136457         0.2139187725
       651    325.50000000     2      -187.9204385200         0.0059341323         0.2052750963
       652    326.00000000     2      -187.9198139770         0.0058051866         0.1951111938
       653    326.50000000     2      -187.9204394530         0.0057729906         0.1854266804
       654    327.00000000     2      -187.9226237310         0.0058780146         0.1764951857
       655    327.50000000     2      -187.9264806700         0.0061318886         0.1679956277
       656    328.00000000     2      -187.9317938990         0.0065059738         0.1598135329
       657    328.50000000     2      -187.9379721470         0.0069400604         0.1523824031
       658    329.00000000     2      -187.9441077660         0.0073611710         0.1467295600
       659    329.50000000     2      -187.9491359110         0.0077006174         0.1442779100
       660    330.00000000     2      -187.9520777230         0.0079062817         0.1464290336
       661    330.50000000     2      -187.9523227100         0.0079521366         0.1541998835
       662    331.00000000     2      -187.9498811350         0.0078470421         0.1680488793
       663    331.50000000     2      -187.9455349850         0.0076429592         0.1868742678
       664    332.00000000     2      -187.9407701350         0.0074348433         0.2057271820
       665    332.50000000     2      -187.9372397670         0.0073283171         0.2162559156
       666    333.00000000     2      -187.9357334040         0.0073662354         0.2135348368
       667    333.50000000     2      -187.9355315960         0.0074841825         0.2026698207
       668    334.00000000     2      -187.9350762830         0.0075648042         0.1945458177
       669    334.50000000     2      -187.9332443290         0.0075235794         0.1941690057
       670    335.00000000     2      -187.9298672020         0.0073366534         0.1982216452
       671    335.50000000     2      -187.9254378810         0.0070220827         0.2022730879
       672    336.00000000     2      -187.9207148450         0.0066202192         0.2043564381
       673    336.50000000     2      -187.9165206740         0.0061880190         0.2039271854
       674    337.00000000     2      -187.9136281910         0.0057977883         0.2006785900
       675    337.50000000     2      -187.9126342040         0.0055277652         0.1943018761
       676    338.00000000     2      -187.9138295120         0.0054381666         0.1846349289
       677    338.50000000     2      -187.9171070940         0.0055416310         0.1718736084
       678    339.00000000     2      -187.9219374100         0.0057930314         0.1568999397
       679    339.50000000     2      -187.9274306330         0.0061098300         0.1418852096
       680    340.00000000     2      -187.9325026680         0.0064040677         0.1310502522
       681    340.50000000     2      -187.9361463180         0.0066069364         0.1301528538
       682    341.00000000     2      -187.9377624490         0.0066841291         0.1423768943
       683    341.50000000     2      -187.9374337900         0.0066456941         0.1643497223
       684    342.00000000     2      -187.9359907140         0.0065498020         0.1883415123
       685    342.50000000     2      -187.9347609940         0.0064918620         0.2058444038
       686    343.00000000     2      -187.9349443890         0.0065614366         0.2098361541
       687    343.50000000     2      -187.9367648990         0.0067731574         0.1994428526
       688    344.00000000     2      -187.9391416970         0.0070443932         0.1840430840
       689    344.50000000     2      -187.9405024040         0.0072616654         0.1760506265
       690    345.00000000     2      -187.9399005280         0.0073534071         0.1768133205
       691    345.50000000     2      -187.9372454280         0.0072996373         0.1793161449
       692    346.00000000     2      -187.9328906670         0.0071083798         0.1802287954
       693    346.50000000     2      -187.9273863630         0.0068042697         0.1809833492
       694    347.00000000     2      -187.9214769830         0.0064323585         0.1833067245
       695    347.50000000     2      -187.9160497010         0.0060601549         0.1872141306
       696    348.00000000     2      -187.9119562890         0.0057682310         0.1916336291
       697    348.50000000     2      -187.9098141750         0.0056278878         0.1953706722
       698    349.00000000     2      -187.9098713210         0.0056721195         0.1974600837
       699    349.50000000     2      -187.9119483500         0.0058782406         0.1971383931
       700    350.00000000     2      -187.9154403650         0.0061767668         0.1938475878
       701    350.50000000     2      -187.9193720670         0.0064762890         0.1875240907
       702    351.00000000     2      -187.9225267970         0.0066852178         0.1792993144
       703    351.50000000     2      -187.9236905960         0.0067258265         0.1725466869
       704    352.00000000     2      -187.9220407280         0.0065481474         0.1732908996
       705    352.50000000     2      -187.9176582700         0.0061546027         0.1868362885
       706    353.00000000     2      -187.9119736790         0.0056424837         0.2102592375
       707    353.50000000     2      -187.9076116180         0.0052375964         0.2308043310
       708    354.00000000     2      -187.9070742160         0.0052046776         0.2354316092
       709    354.50000000     2      -187.9109223480         0.0055919362         0.2219228874
       710    355.00000000     2      -187.9173725030         0.0061744698         0.1997562407
       711    355.50000000     2      -187.9237655770         0.0066996658         0.1804188129
       712    356.00000000     2      -187.9281748950         0.0070344170         0.1695063506
       713    356.50000000     2      -187.9299741230         0.0071544426         0.1670191691
       714    357.00000000     2      -187.9296322290         0.0071017785         0.1703626755
       715    357.50000000     2      -187.9282558370         0.0069546991         0.1762189540
       716    358.00000000     2      -187.9271372430         0.0068069963         0.1816916288
       717    358.50000000     2      -187.9274118610         0.0067481834         0.1848022072
       718    359.00000000     2      -187.9298503590         0.0068415381         0.1843734741
       719    359.50000000     2      -187.9347568190         0.0071060124         0.1796963607
       720    360.00000000     2      -187.9419282320         0.0075126895         0.1702953016
       721    360.50000000     2      -187.9506475770         0.0079970275         0.1559351222
       722    361.00000000     2      -187.9597167530         0.0084762857         0.1369964419
       723    361.50000000     2      -187.9675688530         0.0088632941         0.1155627819
       724    362.00000000     2      -187.9725181340         0.0090765988         0.0979522942
       725    362.50000000     2      -187.9731860130         0.0090512270         0.0970877334
       726    363.00000000     2      -187.9689613320         0.0087498609         0.1277553247
       727    363.50000000     2      -187.9597666420         0.0081969585         0.1816034716
       728    364.00000000     2      -187.9479586120         0.0075328044         0.2165479078
       729    364.50000000     2      -187.9375630350         0.0069532827         0.2392815727
       730    365.00000000     2      -187.9305585260         0.0066042440         0.2505976718
       731    365.50000000     2      -187.9270731320         0.0065196902         0.2555322668
       732    366.00000000     2      -187.9259460560         0.0066051534         0.2589515874
       733    366.50000000     2      -187.9256073860         0.0067156939         0.2638588401
       734    367.00000000     2      -187.9248876320         0.0067407621         0.2706787384
       735    367.50000000     2      -187.9234552630         0.0066383638         0.2773027271
       736    368.00000000     2      -187.9217684900         0.0064298943         0.2806759261
       737    368.50000000     2      -187.9207039990         0.0061801350         0.2785317271
       738    369.00000000     2      -187.9211383860         0.0059740928         0.2699883527
       739    369.50000000     2      -187.9236528480         0.0058909033         0.2552582956
       740    370.00000000     2      -187.9283837480         0.0059752872         0.2351523385
       741    370.50000000     2      -187.9349763040         0.0062184444         0.2107660257
       742    371.00000000     2      -187.9426036640         0.0065619940         0.1835298404
       743    371.50000000     2      -187.9500464790         0.0069196904         0.1558384904
       744    372.00000000     2      -187.9558593580         0.0072002708         0.1325878917
       745    372.50000000     2      -187.9586643860         0.0073247173         0.1226268548
       746    373.00000000     2      -187.9575807840         0.0072420193         0.1336077725
       747    373.50000000     2      -187.9526817200         0.0069475801         0.1613223130
       748    374.00000000     2      -187.9452009510         0.0065009016         0.1937678472
       749    374.50000000     2      -187.9371940860         0.0060288161         0.2210348515
       750    375.00000000     2      -187.9307077050         0.0056926817         0.2381100492
       751    375.50000000     2      -187.9269499150         0.0056082051         0.2436315591
       752    376.00000000     2      -187.9259042990         0.0057642729         0.2378087025
       753    376.50000000     2      -187.9264512490         0.0060315683         0.2224619982
       754    377.00000000     2      -187.9269236680         0.0062532936         0.2023252293
       755    377.50000000     2      -187.9259097720         0.0063226018         0.1841123592
       756    378.00000000     2      -187.9228637160         0.0062079565         0.1731038056
       757    378.50000000     2      -187.9181925490         0.0059445805         0.1704188838
       758    379.00000000     2      -187.9129182130         0.0056147490         0.1735450823
       759    379.50000000     2      -187.9082305030         0.0053262996         0.1787674143
       760    380.00000000     2      -187.9051397710         0.0051846716         0.1825381424
       761    380.50000000     2      -187.9042387780         0.0052525935         0.1820218521
       762    381.00000000     2      -187.9055156640         0.0055170453         0.1767797845
       763    381.50000000     2      -187.9083550250         0.0058988786         0.1685548846
       764    382.00000000     2      -187.9117488290         0.0062951344         0.1598903679
       765    382.50000000     2      -187.9145665420         0.0066147067         0.1542019955
       766    383.00000000     2      -187.9158746860         0.0067963755         0.1547013413
       767    383.50000000     2      -187.9152207640         0.0068150858         0.1620209428
       768    384.00000000     2      -187.9127138140         0.0066786105         0.1742926100
       769    384.50000000     2      -187.9088874550         0.0064187633         0.1903816686
       770    385.00000000     2      -187.9045926080         0.0060908524         0.2103307221
       771    385.50000000     2      -187.9010468670         0.0057869012         0.2311134033
       772    386.00000000     2      -187.8996652700         0.0056287876         0.2450375299
       773    386.50000000     2      -187.9013171760         0.0056947465         0.2448887547
       774    387.00000000     2      -187.9055326520         0.0059345840         0.2302130614
       775    387.50000000     2      -187.9106371480         0.0062008813         0.2083562218
       776    388.00000000     2      -187.9148445610         0.0063611155         0.1893091850
       777    388.50000000     2      -187.9172745170         0.0063636288         0.1786730406
       778    389.00000000     2      -187.9181557630         0.0062359938         0.1750458787
       779    389.50000000     2      -187.9183879510         0.0060551167         0.1736322301
       780    390.00000000     2      -187.9189690920         0.0059134035         0.1705555503
       781    390.50000000     2      -187.9205903940         0.0058856890         0.1642001827
       782    391.00000000     2      -187.9234483550         0.0060013948         0.1548923330
       783    391.50000000     2      -187.9272198340         0.0062346542         0.1445688424
       784    392.00000000     2      -187.9311481600         0.0065183812         0.1368311096
       785    392.50000000     2      -187.9342316440         0.0067707028         0.1364619866
       786    393.00000000     2      -187.9355248400         0.0069199521         0.1464784457
       787    393.50000000     2      -187.9345015510         0.0069234550         0.1641990651
       788    394.00000000     2      -187.9312859190         0.0067768540         0.1820843033
       789    394.50000000     2      -187.9265216750         0.0065081720         0.1933395421
       790    395.00000000     2      -187.9209742650         0.0061613469         0.1973538938
       791    395.50000000     2      -187.9153573790         0.0057931337         0.1999344000
       792    396.00000000     2      -187.9105571270         0.0054935755         0.2059689266
       793    396.50000000     2      -187.9076668140         0.0053840275         0.2132830163
       794    397.00000000     2      -187.9074120490         0.0055404941         0.2171947528
       795    397.50000000     2      -187.9095336200         0.0059136279         0.2174537174
       796    398.00000000     2      -187.9129006400         0.0063673810         0.2180413207
       797    398.50000000     2      -187.9162578080         0.0067795990         0.2222194339
       798    399.00000000     2      -187.9188932600         0.0070915585         0.2295314796
       799    399.50000000     2      -187.9207973380         0.0073015843         0.2371483494
       800    400.00000000     2      -187.9224201870         0.0074395511         0.2423567468
