         0         0.0000000000      -188.0327211660      -187.9060822730      -187.9060822730
         1         0.5000000000      -188.0330836180      -187.9071925240      -187.9071925240
         2         1.0000000000      -188.0341097080      -187.9087587900      -187.9087587900
         3         1.5000000000      -188.0356584620      -187.9106448860      -187.9106448860
         4         2.0000000000      -188.0371930120      -187.9123459200      -187.9123459200
         5         2.5000000000      -188.0380090100      -187.9132130760      -187.9132130760
         6         3.0000000000      -188.0375591550      -187.9127701520      -187.9127701520
         7         3.5000000000      -188.0357385930      -187.9109890500      -187.9109890500
         8         4.0000000000      -188.0329789210      -187.9083732960      -187.9083732960
         9         4.5000000000      -188.0300446140      -187.9057451270      -187.9057451270
        10         5.0000000000      -188.0276455200      -187.9038505420      -187.9038505420
        11         5.5000000000      -188.0261544230      -187.9030732580      -187.9030732580
        12         6.0000000000      -188.0256004830      -187.9034292490      -187.9034292490
        13         6.5000000000      -188.0258412320      -187.9047440500      -187.9047440500
        14         7.0000000000      -188.0267146200      -187.9068123420      -187.9068123420
        15         7.5000000000      -188.0280814340      -187.9094479710      -187.9094479710
        16         8.0000000000      -188.0297888070      -187.9124537510      -187.9124537510
        17         8.5000000000      -188.0316193330      -187.9155750300      -187.9155750300
        18         9.0000000000      -188.0332821260      -187.9184936670      -187.9184936670
        19         9.5000000000      -188.0344853370      -187.9209026060      -187.9209026060
        20        10.0000000000      -188.0350792480      -187.9226498850      -187.9226498850
        21        10.5000000000      -188.0351636530      -187.9238455220      -187.9238455220
        22        11.0000000000      -188.0350274050      -187.9247975950      -187.9247975950
        23        11.5000000000      -188.0349296230      -187.9257872420      -187.9257872420
        24        12.0000000000      -188.0348943650      -187.9268560680      -187.9268560680
        25        12.5000000000      -188.0346597790      -187.9277506390      -187.9277506390
        26        13.0000000000      -188.0337954710      -187.9280402050      -187.9280402050
        27        13.5000000000      -188.0319326810      -187.9273520290      -187.9273520290
        28        14.0000000000      -188.0289828150      -187.9255966920      -187.9255966920
        29        14.5000000000      -188.0251850120      -187.9230211210      -187.9230211210
        30        15.0000000000      -188.0209564530      -187.9200606390      -187.9200606390
        31        15.5000000000      -188.0167022010      -187.9171473910      -187.9171473910
        32        16.0000000000      -188.0127371220      -187.9146284660      -187.9146284660
        33        16.5000000000      -188.0093131390      -187.9127888390      -187.9127888390
        34        17.0000000000      -188.0066494410      -187.9118772770      -187.9118772770
        35        17.5000000000      -188.0049105120      -187.9120810640      -187.9120810640
        36        18.0000000000      -188.0041477390      -187.9134652900      -187.9134652900
        37        18.5000000000      -188.0042371550      -187.9159091990      -187.9159091990
        38        19.0000000000      -188.0048461200      -187.9190725730      -187.9190725730
        39        19.5000000000      -188.0054821770      -187.9224443090      -187.9224443090
        40        20.0000000000      -188.0056714170      -187.9255211090      -187.9255211090
        41        20.5000000000      -188.0052145570      -187.9280649130      -187.9280649130
        42        21.0000000000      -188.0043320370      -187.9302523070      -187.9302523070
        43        21.5000000000      -188.0035176170      -187.9325358030      -187.9325358030
        44        22.0000000000      -188.0031560890      -187.9352712720      -187.9352712720
        45        22.5000000000      -188.0031915270      -187.9383931000      -187.9383931000
        46        23.0000000000      -188.0030761960      -187.9413635650      -187.9413635650
        47        23.5000000000      -188.0019928870      -187.9433895480      -187.9433895480
        48        24.0000000000      -187.9992014180      -187.9437604990      -187.9437604990
        49        24.5000000000      -187.9943444220      -187.9421473020      -187.9421473020
        50        25.0000000000      -187.9875888990      -187.9387391360      -187.9387391360
        51        25.5000000000      -187.9795663020      -187.9341810680      -187.9341810680
        52        26.0000000000      -187.9711722320      -187.9293722010      -187.9293722010
        53        26.5000000000      -187.9633305660      -187.9252288960      -187.9252288960
        54        27.0000000000      -187.9568033800      -187.9224949850      -187.9224949850
        55        27.5000000000      -187.9520787320      -187.9216317750      -187.9216317750
        56        28.0000000000      -187.9493240470      -187.9227755770      -187.9227755770
        57        28.5000000000      -187.9483771490      -187.9257324970      -187.9257324970
        58        29.0000000000      -187.9487676320      -187.9299931040      -187.9299931040
        59        29.5000000000      -187.9498233640      -187.9347822720      -187.9347822720
        60        30.0000000000      -187.9509820540      -187.9391394850      -187.9391394850
        61        30.5000000000      -187.9523387440      -187.9419878020      -187.9419878020
        62        31.0000000000      -187.9545288310      -187.9427761110      -187.9427761110
        63        31.5000000000      -187.9575936610      -187.9425367400      -187.9425367400
        64        32.0000000000      -187.9614777780      -187.9426881920      -187.9426881920
        65        32.5000000000      -187.9663196030      -187.9439496500      -187.9439496500
        66        33.0000000000      -187.9720399410      -187.9463387180      -187.9463387180
        67        33.5000000000      -187.9782011120      -187.9493822650      -187.9493822650
        68        34.0000000000      -187.9840787200      -187.9523155470      -187.9523155470
        69        34.5000000000      -187.9888341250      -187.9542832600      -187.9542832600
        70        35.0000000000      -187.9917902260      -187.9546099070      -187.9546099070
        71        35.5000000000      -187.9927225080      -187.9530774660      -187.9530774660
        72        36.0000000000      -187.9919922750      -187.9500461150      -187.9500461150
        73        36.5000000000      -187.9904336870      -187.9463351250      -187.9463351250
        74        37.0000000000      -187.9890640810      -187.9429334260      -187.9429334260
        75        37.5000000000      -187.9887695430      -187.9406905400      -187.9406905400
        76        38.0000000000      -187.9900934010      -187.9401118820      -187.9401118820
        77        38.5000000000      -187.9931596300      -187.9412881120      -187.9412881120
        78        39.0000000000      -187.9976772650      -187.9439028760      -187.9439028760
        79        39.5000000000      -188.0029697560      -187.9472626330      -187.9472626330
        80        40.0000000000      -188.0080503550      -187.9503710670      -187.9503710670
        81        40.5000000000      -188.0118254910      -187.9521303440      -187.9521303440
        82        41.0000000000      -188.0134685160      -187.9517134130      -187.9517134130
        83        41.5000000000      -188.0128622230      -187.9490055550      -187.9490055550
        84        42.0000000000      -188.0108348810      -187.9448404470      -187.9448404470
        85        42.5000000000      -188.0088981570      -187.9407381130      -187.9407381130
        86        43.0000000000      -188.0085215530      -187.9381796520      -187.9381796520
        87        43.5000000000      -188.0104207420      -187.9378960560      -187.9378960560
        88        44.0000000000      -188.0143126730      -187.9396248830      -187.9396248830
        89        44.5000000000      -188.0191442900      -187.9423398930      -187.9423398930
        90        45.0000000000      -188.0235746400      -187.9447327390      -187.9447327390
        91        45.5000000000      -188.0265322460      -187.9457680890      -187.9457680890
        92        46.0000000000      -188.0276376910      -187.9451030800      -187.9451030800
        93        46.5000000000      -188.0272894640      -187.9431703160      -187.9431703160
        94        47.0000000000      -188.0264026050      -187.9409139900      -187.9409139900
        95        47.5000000000      -188.0259840410      -187.9393639960      -187.9393639960
        96        48.0000000000      -188.0267677540      -187.9392702470      -187.9392702470
        97        48.5000000000      -188.0290357610      -187.9409226550      -187.9409226550
        98        49.0000000000      -188.0326111320      -187.9441432680      -187.9441432680
        99        49.5000000000      -188.0369335610      -187.9483607210      -187.9483607210
       100        50.0000000000      -188.0411547680      -187.9527053180      -187.9527053180
       101        50.5000000000      -188.0442778060      -187.9561483220      -187.9561483220
       102        51.0000000000      -188.0453938310      -187.9577399250      -187.9577399250
       103        51.5000000000      -188.0440125820      -187.9569415970      -187.9569415970
       104        52.0000000000      -188.0403462050      -187.9539138720      -187.9539138720
       105        52.5000000000      -188.0353194250      -187.9495317110      -187.9495317110
       106        53.0000000000      -188.0302155620      -187.9450364190      -187.9450364190
       107        53.5000000000      -188.0262095600      -187.9415728990      -187.9415728990
       108        54.0000000000      -188.0240985080      -187.9399214840      -187.9399214840
       109        54.5000000000      -188.0241306220      -187.9403245940      -187.9403245940
       110        55.0000000000      -188.0257257280      -187.9422029700      -187.9422029700
       111        55.5000000000      -188.0274523480      -187.9441289820      -187.9441289820
       112        56.0000000000      -188.0277120440      -187.9445095220      -187.9445095220
       113        56.5000000000      -188.0257236910      -187.9425698720      -187.9425698720
       114        57.0000000000      -188.0219547290      -187.9387842230      -187.9387842230
       115        57.5000000000      -188.0177307570      -187.9344837970      -187.9344837970
       116        58.0000000000      -188.0144506510      -187.9310708250      -187.9310708250
       117        58.5000000000      -188.0129864030      -187.9294187100      -187.9294187100
       118        59.0000000000      -188.0135414750      -187.9297314850      -187.9297314850
       119        59.5000000000      -188.0158266150      -187.9317209780      -187.9317209780
       120        60.0000000000      -188.0192634850      -187.9348110230      -187.9348110230
       121        60.5000000000      -188.0230935580      -187.9382462660      -187.9382462660
       122        61.0000000000      -188.0264816260      -187.9411948360      -187.9411948360
       123        61.5000000000      -188.0287350130      -187.9429666570      -187.9429666570
       124        62.0000000000      -188.0296226180      -187.9433321830      -187.9433321830
       125        62.5000000000      -188.0295754480      -187.9427237980      -187.9427237980
       126        63.0000000000      -188.0294774350      -187.9420292940      -187.9420292940
       127        63.5000000000      -188.0300377910      -187.9419682980      -187.9419682980
       128        64.0000000000      -188.0312405150      -187.9425457050      -187.9425457050
       129        64.5000000000      -188.0324142970      -187.9431245020      -187.9431245020
       130        65.0000000000      -188.0328156020      -187.9430080870      -187.9430080870
       131        65.5000000000      -188.0320955520      -187.9419025730      -187.9419025730
       132        66.0000000000      -188.0302881410      -187.9398971860      -187.9398971860
       133        66.5000000000      -188.0275658870      -187.9372128010      -187.9372128010
       134        67.0000000000      -188.0241617630      -187.9341200940      -187.9341200940
       135        67.5000000000      -188.0204707710      -187.9310412540      -187.9310412540
       136        68.0000000000      -188.0170678380      -187.9285695000      -187.9285695000
       137        68.5000000000      -188.0145451930      -187.9273078390      -187.9273078390
       138        69.0000000000      -188.0133048610      -187.9276623220      -187.9276623220
       139        69.5000000000      -188.0134349150      -187.9297185380      -187.9297185380
       140        70.0000000000      -188.0146786200      -187.9332109750      -187.9332109750
       141        70.5000000000      -188.0164609320      -187.9375494980      -187.9375494980
       142        71.0000000000      -188.0179714920      -187.9419014460      -187.9419014460
       143        71.5000000000      -188.0183408170      -187.9453670580      -187.9453670580
       144        72.0000000000      -188.0169340160      -187.9472726430      -187.9472726430
       145        72.5000000000      -188.0136957190      -187.9475165010      -187.9475165010
       146        73.0000000000      -188.0093218210      -187.9467446040      -187.9467446040
       147        73.5000000000      -188.0049724220      -187.9460692530      -187.9460692530
       148        74.0000000000      -188.0015291000      -187.9463318060      -187.9463318060
       149        74.5000000000      -187.9989481540      -187.9474574470      -187.9474574470
       150        75.0000000000      -187.9963537640      -187.9485435070      -187.9485435070
       151        75.5000000000      -187.9927951400      -187.9486087080      -187.9486087080
       152        76.0000000000      -187.9879100670      -187.9472515080      -187.9472515080
       153        76.5000000000      -187.9819774760      -187.9447055950      -187.9447055950
       154        77.0000000000      -187.9755968470      -187.9415303250      -187.9415303250
       155        77.5000000000      -187.9694720210      -187.9384104170      -187.9384104170
       156        78.0000000000      -187.9643477960      -187.9361067300      -187.9361067300
       157        78.5000000000      -187.9608573520      -187.9353141550      -187.9353141550
       158        79.0000000000      -187.9592880100      -187.9364311680      -187.9364311680
       159        79.5000000000      -187.9594944810      -187.9394599630      -187.9394599630
       160        80.0000000000      -187.9610314470      -187.9440867850      -187.9440867850
       161        80.5000000000      -187.9633402390      -187.9497903910      -187.9497903910
       162        81.0000000000      -187.9658347500      -187.9558876960      -187.9558876960
       163        81.5000000000      -187.9679344430      -187.9615231780      -187.9615231780
       164        82.0000000000      -187.9693578840      -187.9655069580      -187.9655069580
       165        82.5000000000      -187.9706068280      -187.9662381970      -187.9662381970
       166        83.0000000000      -187.9710079040      -187.9641639790      -187.9641639790
       167        83.5000000000      -187.9703558940      -187.9607865120      -187.9607865120
       168        84.0000000000      -187.9697507380      -187.9575782110      -187.9575782110
       169        84.5000000000      -187.9702201840      -187.9556683190      -187.9556683190
       170        85.0000000000      -187.9716503100      -187.9549965850      -187.9549965850
       171        85.5000000000      -187.9726365350      -187.9541958810      -187.9541958810
       172        86.0000000000      -187.9714220880      -187.9515379980      -187.9515379980
       173        86.5000000000      -187.9671176450      -187.9461588410      -187.9461588410
       174        87.0000000000      -187.9602956360      -187.9386564590      -187.9386564590
       175        87.5000000000      -187.9527094700      -187.9308097730      -187.9308097730
       176        88.0000000000      -187.9464356640      -187.9247147680      -187.9247147680
       177        88.5000000000      -187.9429531180      -187.9218544960      -187.9218544960
       178        89.0000000000      -187.9426563980      -187.9226016160      -187.9226016160
       179        89.5000000000      -187.9449987830      -187.9263506460      -187.9263506460
       180        90.0000000000      -187.9490075200      -187.9320215580      -187.9320215580
       181        90.5000000000      -187.9537361670      -187.9384982800      -187.9384982800
       182        91.0000000000      -187.9584429670      -187.9447927400      -187.9447927400
       183        91.5000000000      -187.9625681840      -187.9500265160      -187.9500265160
       184        92.0000000000      -187.9656693690      -187.9534392450      -187.9534392450
       185        92.5000000000      -187.9674335230      -187.9545619970      -187.9545619970
       186        93.0000000000      -187.9678438870      -187.9534843910      -187.9534843910
       187        93.5000000000      -187.9674249340      -187.9509976590      -187.9509976590
       188        94.0000000000      -187.9672327880      -187.9484254330      -187.9484254330
       189        94.5000000000      -187.9683382080      -187.9470367290      -187.9470367290
       190        95.0000000000      -187.9710438580      -187.9472626000      -187.9472626000
       191        95.5000000000      -187.9744895010      -187.9483203320      -187.9483203320
       192        96.0000000000      -187.9770422210      -187.9486210840      -187.9486210840
       193        96.5000000000      -187.9771588440      -187.9466445690      -187.9466445690
       194        97.0000000000      -187.9741163810      -187.9416772970      -187.9416772970
       195        97.5000000000      -187.9683120550      -187.9341178390      -187.9341178390
       196        98.0000000000      -187.9611511220      -187.9253692750      -187.9253692750
       197        98.5000000000      -187.9545620640      -187.9173583870      -187.9173583870
       198        99.0000000000      -187.9502126170      -187.9117544030      -187.9117544030
       199        99.5000000000      -187.9487992020      -187.9092580560      -187.9092580560
       200       100.0000000000      -187.9499205830      -187.9094720700      -187.9094720700
       201       100.5000000000      -187.9525680420      -187.9113869420      -187.9113869420
       202       101.0000000000      -187.9557100580      -187.9139609200      -187.9139609200
       203       101.5000000000      -187.9585399240      -187.9163629670      -187.9163629670
       204       102.0000000000      -187.9604144110      -187.9179056940      -187.9179056940
       205       102.5000000000      -187.9607631500      -187.9179506550      -187.9179506550
       206       103.0000000000      -187.9592230500      -187.9160446600      -187.9160446600
       207       103.5000000000      -187.9560816900      -187.9123770810      -187.9123770810
       208       104.0000000000      -187.9527795940      -187.9083074810      -187.9083074810
       209       104.5000000000      -187.9517559820      -187.9062382870      -187.9062382870
       210       105.0000000000      -187.9550324390      -187.9082109630      -187.9082109630
       211       105.5000000000      -187.9623790560      -187.9140609190      -187.9140609190
       212       106.0000000000      -187.9710798380      -187.9211547970      -187.9211547970
       213       106.5000000000      -187.9776846280      -187.9261137280      -187.9261137280
       214       107.0000000000      -187.9799315530      -187.9267208290      -187.9267208290
       215       107.5000000000      -187.9775248370      -187.9227003780      -187.9227003780
       216       108.0000000000      -187.9719526910      -187.9155476370      -187.9155476370
       217       108.5000000000      -187.9658002320      -187.9078522450      -187.9078522450
       218       109.0000000000      -187.9616755880      -187.9022277340      -187.9022277340
       219       109.5000000000      -187.9610618400      -187.9001601210      -187.9001601210
       220       110.0000000000      -187.9638306120      -187.9015187660      -187.9015187660
       221       110.5000000000      -187.9687540060      -187.9050708300      -187.9050708300
       222       111.0000000000      -187.9744098380      -187.9093927410      -187.9093927410
       223       111.5000000000      -187.9797068670      -187.9134009820      -187.9134009820
       224       112.0000000000      -187.9838818730      -187.9163506390      -187.9163506390
       225       112.5000000000      -187.9862863350      -187.9176199620      -187.9176199620
       226       113.0000000000      -187.9862996470      -187.9166193460      -187.9166193460
       227       113.5000000000      -187.9835532510      -187.9130111310      -187.9130111310
       228       114.0000000000      -187.9784591540      -187.9072345100      -187.9072345100
       229       114.5000000000      -187.9727077120      -187.9010015190      -187.9010015190
       230       115.0000000000      -187.9690117540      -187.8970386720      -187.8970386720
       231       115.5000000000      -187.9696235770      -187.8976000870      -187.8976000870
       232       116.0000000000      -187.9745848540      -187.9027128320      -187.9027128320
       233       116.5000000000      -187.9815576280      -187.9100069990      -187.9100069990
       234       117.0000000000      -187.9874025180      -187.9162990590      -187.9162990590
       235       117.5000000000      -187.9898040630      -187.9192273930      -187.9192273930
       236       118.0000000000      -187.9879378750      -187.9179299610      -187.9179299610
       237       118.5000000000      -187.9825766050      -187.9131587350      -187.9131587350
       238       119.0000000000      -187.9760266620      -187.9072185270      -187.9072185270
       239       119.5000000000      -187.9714803360      -187.9033147510      -187.9033147510
       240       120.0000000000      -187.9714158080      -187.9039443130      -187.9039443130
       241       120.5000000000      -187.9760700120      -187.9093605490      -187.9093605490
       242       121.0000000000      -187.9835814720      -187.9177144400      -187.9177144400
       243       121.5000000000      -187.9915413180      -187.9266097850      -187.9266097850
       244       122.0000000000      -187.9982277520      -187.9343420420      -187.9343420420
       245       122.5000000000      -188.0027609560      -187.9400534450      -187.9400534450
       246       123.0000000000      -188.0047049590      -187.9433310400      -187.9433310400
       247       123.5000000000      -188.0037850050      -187.9439182280      -187.9439182280
       248       124.0000000000      -187.9999896430      -187.9418112090      -187.9418112090
       249       124.5000000000      -187.9939708480      -187.9376546040      -187.9376546040
       250       125.0000000000      -187.9873488130      -187.9330425800      -187.9330425800
       251       125.5000000000      -187.9823296790      -187.9301339350      -187.9301339350
       252       126.0000000000      -187.9804456720      -187.9303910650      -187.9303910650
       253       126.5000000000      -187.9813312310      -187.9333610170      -187.9333610170
       254       127.0000000000      -187.9828283840      -187.9367951360      -187.9367951360
       255       127.5000000000      -187.9823532970      -187.9380352600      -187.9380352600
       256       128.0000000000      -187.9782509760      -187.9353845840      -187.9353845840
       257       128.5000000000      -187.9704186120      -187.9287369390      -187.9287369390
       258       129.0000000000      -187.9603830700      -187.9196504120      -187.9196504120
       259       129.5000000000      -187.9509592860      -187.9109943610      -187.9109943610
       260       130.0000000000      -187.9451937970      -187.9058771000      -187.9058771000
       261       130.5000000000      -187.9447487540      -187.9060131250      -187.9060131250
       262       131.0000000000      -187.9489795670      -187.9107891470      -187.9107891470
       263       131.5000000000      -187.9556693570      -187.9179952630      -187.9179952630
       264       132.0000000000      -187.9625667230      -187.9253652310      -187.9253652310
       265       132.5000000000      -187.9682794570      -187.9314739250      -187.9314739250
       266       133.0000000000      -187.9722397150      -187.9357067720      -187.9357067720
       267       133.5000000000      -187.9743331940      -187.9378963200      -187.9378963200
       268       134.0000000000      -187.9746980710      -187.9381328370      -187.9381328370
       269       134.5000000000      -187.9737909110      -187.9368454420      -187.9368454420
       270       135.0000000000      -187.9725224870      -187.9349504560      -187.9349504560
       271       135.5000000000      -187.9721461940      -187.9337440380      -187.9337440380
       272       136.0000000000      -187.9737316750      -187.9343672770      -187.9343672770
       273       136.5000000000      -187.9774868980      -187.9371117980      -187.9371117980
       274       137.0000000000      -187.9824988310      -187.9411463550      -187.9411463550
       275       137.5000000000      -187.9871470330      -187.9449265230      -187.9449265230
       276       138.0000000000      -187.9898313390      -187.9469268680      -187.9469268680
       277       138.5000000000      -187.9895301660      -187.9462039780      -187.9462039780
       278       139.0000000000      -187.9860723740      -187.9426670720      -187.9426670720
       279       139.5000000000      -187.9802486220      -187.9371820360      -187.9371820360
       280       140.0000000000      -187.9737485360      -187.9314991220      -187.9314991220
       281       140.5000000000      -187.9686759640      -187.9277608530      -187.9277608530
       282       141.0000000000      -187.9665772930      -187.9275281220      -187.9275281220
       283       141.5000000000      -187.9675856890      -187.9309258670      -187.9309258670
       284       142.0000000000      -187.9704825070      -187.9367066720      -187.9367066720
       285       142.5000000000      -187.9735799330      -187.9431305670      -187.9431305670
       286       143.0000000000      -187.9755439540      -187.9487738490      -187.9487738490
       287       143.5000000000      -187.9756591110      -187.9527564680      -187.9527564680
       288       144.0000000000      -187.9737743030      -187.9546020620      -187.9546020620
       289       144.5000000000      -187.9703456410      -187.9541141690      -187.9541141690
       290       145.0000000000      -187.9666239870      -187.9514792290      -187.9514792290
       291       145.5000000000      -187.9644156730      -187.9477349320      -187.9477349320
       292       146.0000000000      -187.9652826590      -187.9449193710      -187.9449193710
       293       146.5000000000      -187.9699656000      -187.9447688970      -187.9447688970
       294       147.0000000000      -187.9778270030      -187.9473315130      -187.9473315130
       295       147.5000000000      -187.9868320600      -187.9509260490      -187.9509260490
       296       148.0000000000      -187.9945155440      -187.9532520030      -187.9532520030
       297       148.5000000000      -187.9991404730      -187.9526452600      -187.9526452600
       298       149.0000000000      -188.0002980690      -187.9487330340      -187.9487330340
       299       149.5000000000      -187.9989258570      -187.9424777210      -187.9424777210
       300       150.0000000000      -187.9969418290      -187.9358193740      -187.9358193740
       301       150.5000000000      -187.9964969770      -187.9309298940      -187.9309298940
       302       151.0000000000      -187.9989610420      -187.9291998460      -187.9291998460
       303       151.5000000000      -188.0042534210      -187.9305709690      -187.9305709690
       304       152.0000000000      -188.0111154390      -187.9338101690      -187.9338101690
       305       152.5000000000      -188.0180332840      -187.9374318860      -187.9374318860
       306       153.0000000000      -188.0239511600      -187.9404075420      -187.9404075420
       307       153.5000000000      -188.0283793790      -187.9422677700      -187.9422677700
       308       154.0000000000      -188.0311572860      -187.9428589880      -187.9428589880
       309       154.5000000000      -188.0322689360      -187.9421546950      -187.9421546950
       310       155.0000000000      -188.0319008590      -187.9403116580      -187.9403116580
       311       155.5000000000      -188.0306770520      -187.9379078330      -187.9379078330
       312       156.0000000000      -188.0297882250      -187.9360793550      -187.9360793550
       313       156.5000000000      -188.0306441450      -187.9361840480      -187.9361840480
       314       157.0000000000      -188.0340058900      -187.9389443560      -187.9389443560
       315       157.5000000000      -188.0392488710      -187.9437147940      -187.9437147940
       316       158.0000000000      -188.0445461620      -187.9486610070      -187.9486610070
       317       158.5000000000      -188.0478681570      -187.9517494670      -187.9517494670
       318       159.0000000000      -188.0479653610      -187.9517203090      -187.9517203090
       319       159.5000000000      -188.0448432290      -187.9485575010      -187.9485575010
       320       160.0000000000      -188.0397825180      -187.9435106760      -187.9435106760
       321       160.5000000000      -188.0349338070      -187.9386957730      -187.9386957730
       322       161.0000000000      -188.0323806910      -187.9361656750      -187.9361656750
       323       161.5000000000      -188.0330143710      -187.9367905070      -187.9367905070
       324       162.0000000000      -188.0361297350      -187.9398560220      -187.9398560220
       325       162.5000000000      -188.0401342360      -187.9437709660      -187.9437709660
       326       163.0000000000      -188.0436051290      -187.9471193850      -187.9471193850
       327       163.5000000000      -188.0457990150      -187.9491642330      -187.9491642330
       328       164.0000000000      -188.0465380570      -187.9497283000      -187.9497283000
       329       164.5000000000      -188.0459077000      -187.9488885470      -187.9488885470
       330       165.0000000000      -188.0441090560      -187.9468269020      -187.9468269020
       331       165.5000000000      -188.0415357050      -187.9439070130      -187.9439070130
       332       166.0000000000      -188.0389294470      -187.9408325060      -187.9408325060
       333       166.5000000000      -188.0373441300      -187.9386169450      -187.9386169450
       334       167.0000000000      -188.0377117660      -187.9381597710      -187.9381597710
       335       167.5000000000      -188.0401816010      -187.9395966810      -187.9395966810
       336       168.0000000000      -188.0438043840      -187.9419921350      -187.9419921350
       337       168.5000000000      -188.0469472980      -187.9437552090      -187.9437552090
       338       169.0000000000      -188.0481523770      -187.9434903060      -187.9434903060
       339       169.5000000000      -188.0468647500      -187.9407124030      -187.9407124030
       340       170.0000000000      -188.0437483030      -187.9361494530      -187.9361494530
       341       170.5000000000      -188.0405478420      -187.9315973440      -187.9315973440
       342       171.0000000000      -188.0394145820      -187.9292475070      -187.9292475070
       343       171.5000000000      -188.0417643210      -187.9305545830      -187.9305545830
       344       172.0000000000      -188.0473504020      -187.9353192730      -187.9353192730
       345       172.5000000000      -188.0544344530      -187.9418625420      -187.9418625420
       346       173.0000000000      -188.0609313440      -187.9481644380      -187.9481644380
       347       173.5000000000      -188.0654362000      -187.9528791340      -187.9528791340
       348       174.0000000000      -188.0674502980      -187.9555493410      -187.9555493410
       349       174.5000000000      -188.0670448620      -187.9562632730      -187.9562632730
       350       175.0000000000      -188.0644857280      -187.9552784500      -187.9552784500
       351       175.5000000000      -188.0601075840      -187.9529000720      -187.9529000720
       352       176.0000000000      -188.0544483050      -187.9496221770      -187.9496221770
       353       176.5000000000      -188.0484500240      -187.9463361240      -187.9463361240
       354       177.0000000000      -188.0433975710      -187.9442750680      -187.9442750680
       355       177.5000000000      -188.0403671250      -187.9444659360      -187.9444659360
       356       178.0000000000      -188.0394628460      -187.9469665380      -187.9469665380
       357       178.5000000000      -188.0395463410      -187.9505944160      -187.9505944160
       358       179.0000000000      -188.0387638930      -187.9534536730      -187.9534536730
       359       179.5000000000      -188.0353842390      -187.9537734600      -187.9537734600
       360       180.0000000000      -188.0284048320      -187.9505152380      -187.9505152380
       361       180.5000000000      -188.0179447290      -187.9437675590      -187.9437675590
       362       181.0000000000      -188.0056404140      -187.9351445010      -187.9351445010
       363       181.5000000000      -187.9946881180      -187.9278310290      -187.9278310290
       364       182.0000000000      -187.9885754090      -187.9253179390      -187.9253179390
       365       182.5000000000      -187.9886326890      -187.9289560110      -187.9289560110
       366       183.0000000000      -187.9928574730      -187.9367789720      -187.9367789720
       367       183.5000000000      -187.9976087610      -187.9451881900      -187.9451881900
       368       184.0000000000      -188.0000818120      -187.9514116550      -187.9514116550
       369       184.5000000000      -187.9991861050      -187.9543689690      -187.9543689690
       370       185.0000000000      -187.9950413720      -187.9541636750      -187.9541636750
       371       185.5000000000      -187.9883229370      -187.9514333410      -187.9514333410
       372       186.0000000000      -187.9800301070      -187.9471265540      -187.9471265540
       373       186.5000000000      -187.9715360640      -187.9425610770      -187.9425610770
       374       187.0000000000      -187.9644801980      -187.9393201630      -187.9393201630
       375       187.5000000000      -187.9602112860      -187.9386928050      -187.9386928050
       376       188.0000000000      -187.9590626510      -187.9409366060      -187.9409366060
       377       188.5000000000      -187.9601520890      -187.9450547490      -187.9450547490
       378       189.0000000000      -187.9619367010      -187.9493189800      -187.9493189800
       379       189.5000000000      -187.9629682220      -187.9520108210      -187.9520108210
       380       190.0000000000      -187.9622451770      -187.9518772430      -187.9518772430
       381       190.5000000000      -187.9591646510      -187.9483347940      -187.9483347940
       382       191.0000000000      -187.9536221460      -187.9416195020      -187.9416195020
       383       191.5000000000      -187.9465429200      -187.9330515470      -187.9330515470
       384       192.0000000000      -187.9402995920      -187.9252798530      -187.9252798530
       385       192.5000000000      -187.9380570960      -187.9216245910      -187.9216245910
       386       193.0000000000      -187.9417076520      -187.9240428710      -187.9240428710
       387       193.5000000000      -187.9500940240      -187.9313754860      -187.9313754860
       388       194.0000000000      -187.9597411360      -187.9401073870      -187.9401073870
       389       194.5000000000      -187.9672807310      -187.9468238720      -187.9468238720
       390       195.0000000000      -187.9709623510      -187.9497417600      -187.9497417600
       391       195.5000000000      -187.9705607340      -187.9486201410      -187.9486201410
       392       196.0000000000      -187.9667199180      -187.9440979190      -187.9440979190
       393       196.5000000000      -187.9605664070      -187.9372977010      -187.9372977010
       394       197.0000000000      -187.9536332400      -187.9297435950      -187.9297435950
       395       197.5000000000      -187.9477081630      -187.9232078740      -187.9232078740
       396       198.0000000000      -187.9443097250      -187.9191907130      -187.9191907130
       397       198.5000000000      -187.9440173680      -187.9182567080      -187.9182567080
       398       199.0000000000      -187.9462550590      -187.9198243780      -187.9198243780
       399       199.5000000000      -187.9497435020      -187.9226210320      -187.9226210320
       400       200.0000000000      -187.9531664390      -187.9253484580      -187.9253484580
       401       200.5000000000      -187.9555433860      -187.9270525440      -187.9270525440
       402       201.0000000000      -187.9562481750      -187.9271355140      -187.9271355140
       403       201.5000000000      -187.9549106710      -187.9252465210      -187.9252465210
       404       202.0000000000      -187.9514706350      -187.9213204430      -187.9213204430
       405       202.5000000000      -187.9465811480      -187.9159721650      -187.9159721650
       406       203.0000000000      -187.9422445180      -187.9111400100      -187.9111400100
       407       203.5000000000      -187.9417155330      -187.9100125860      -187.9100125860
       408       204.0000000000      -187.9474801680      -187.9150297990      -187.9150297990
       409       204.5000000000      -187.9586379200      -187.9252739710      -187.9252739710
       410       205.0000000000      -187.9711629570      -187.9367293180      -187.9367293180
       411       205.5000000000      -187.9809443600      -187.9453128030      -187.9453128030
       412       206.0000000000      -187.9860120370      -187.9490832940      -187.9490832940
       413       206.5000000000      -187.9866303390      -187.9483200500      -187.9483200500
       414       207.0000000000      -187.9844851290      -187.9447053890      -187.9447053890
       415       207.5000000000      -187.9818269800      -187.9404748830      -187.9404748830
       416       208.0000000000      -187.9805641470      -187.9375229330      -187.9375229330
       417       208.5000000000      -187.9814475880      -187.9365981010      -187.9365981010
       418       209.0000000000      -187.9839207650      -187.9371560790      -187.9371560790
       419       209.5000000000      -187.9867931610      -187.9380283760      -187.9380283760
       420       210.0000000000      -187.9890962970      -187.9382703530      -187.9382703530
       421       210.5000000000      -187.9904762480      -187.9375478000      -187.9375478000
       422       211.0000000000      -187.9910857910      -187.9360279550      -187.9360279550
       423       211.5000000000      -187.9912699900      -187.9340675210      -187.9340675210
       424       212.0000000000      -187.9912600280      -187.9319110120      -187.9319110120
       425       212.5000000000      -187.9909750030      -187.9294979990      -187.9294979990
       426       213.0000000000      -187.9900759520      -187.9265219470      -187.9265219470
       427       213.5000000000      -187.9884433900      -187.9229113080      -187.9229113080
       428       214.0000000000      -187.9868876780      -187.9195391170      -187.9195391170
       429       214.5000000000      -187.9871935040      -187.9182596340      -187.9182596340
       430       215.0000000000      -187.9907293630      -187.9205028910      -187.9205028910
       431       215.5000000000      -187.9967398900      -187.9255534490      -187.9255534490
       432       216.0000000000      -188.0025302540      -187.9307323300      -187.9307323300
       433       216.5000000000      -188.0054371950      -187.9333743370      -187.9333743370
       434       217.0000000000      -188.0044067390      -187.9324119630      -187.9324119630
       435       217.5000000000      -188.0001354120      -187.9285197150      -187.9285197150
       436       218.0000000000      -187.9942717670      -187.9233181690      -187.9233181690
       437       218.5000000000      -187.9883829130      -187.9183421320      -187.9183421320
       438       219.0000000000      -187.9832414660      -187.9143262010      -187.9143262010
       439       219.5000000000      -187.9787990880      -187.9111745310      -187.9111745310
       440       220.0000000000      -187.9746981940      -187.9084696970      -187.9084696970
       441       220.5000000000      -187.9707815050      -187.9059829870      -187.9059829870
       442       221.0000000000      -187.9672547720      -187.9038420230      -187.9038420230
       443       221.5000000000      -187.9645600930      -187.9024112370      -187.9024112370
       444       222.0000000000      -187.9631452980      -187.9020696710      -187.9020696710
       445       222.5000000000      -187.9632224610      -187.9029782500      -187.9029782500
       446       223.0000000000      -187.9645524130      -187.9048719010      -187.9048719010
       447       223.5000000000      -187.9663795500      -187.9069996000      -187.9069996000
       448       224.0000000000      -187.9677415310      -187.9084340290      -187.9084340290
       449       224.5000000000      -187.9682136150      -187.9088107240      -187.9088107240
       450       225.0000000000      -187.9685866000      -187.9089951920      -187.9089951920
       451       225.5000000000      -187.9704897000      -187.9106899420      -187.9106899420
       452       226.0000000000      -187.9747509430      -187.9147768750      -187.9147768750
       453       226.5000000000      -187.9802044110      -187.9201123760      -187.9201123760
       454       227.0000000000      -187.9845813790      -187.9244183410      -187.9244183410
       455       227.5000000000      -187.9864138390      -187.9261939130      -187.9261939130
       456       228.0000000000      -187.9858525700      -187.9255437470      -187.9255437470
       457       228.5000000000      -187.9839676840      -187.9234902400      -187.9234902400
       458       229.0000000000      -187.9815818000      -187.9208185800      -187.9208185800
       459       229.5000000000      -187.9787728280      -187.9175869700      -187.9175869700
       460       230.0000000000      -187.9752631250      -187.9135156410      -187.9135156410
       461       230.5000000000      -187.9710311520      -187.9085924880      -187.9085924880
       462       231.0000000000      -187.9665510370      -187.9033058960      -187.9033058960
       463       231.5000000000      -187.9626501950      -187.8984981330      -187.8984981330
       464       232.0000000000      -187.9602377590      -187.8950921330      -187.8950921330
       465       232.5000000000      -187.9600420750      -187.8938283480      -187.8938283480
       466       233.0000000000      -187.9623565140      -187.8950098120      -187.8950098120
       467       233.5000000000      -187.9668205140      -187.8982820200      -187.8982820200
       468       234.0000000000      -187.9723826890      -187.9025954490      -187.9025954490
       469       234.5000000000      -187.9776318390      -187.9065368970      -187.9065368970
       470       235.0000000000      -187.9815069750      -187.9090413490      -187.9090413490
       471       235.5000000000      -187.9840374410      -187.9101336800      -187.9101336800
       472       236.0000000000      -187.9864254910      -187.9110105590      -187.9110105590
       473       236.5000000000      -187.9900684720      -187.9130587690      -187.9130587690
       474       237.0000000000      -187.9953287580      -187.9166241350      -187.9166241350
       475       237.5000000000      -188.0014562720      -187.9209417040      -187.9209417040
       476       238.0000000000      -188.0075752420      -187.9251354000      -187.9251354000
       477       238.5000000000      -188.0132772260      -187.9288181650      -187.9288181650
       478       239.0000000000      -188.0182822190      -187.9317492820      -187.9317492820
       479       239.5000000000      -188.0220362720      -187.9334201070      -187.9334201070
       480       240.0000000000      -188.0239328180      -187.9332633590      -187.9332633590
       481       240.5000000000      -188.0238048890      -187.9311384220      -187.9311384220
       482       241.0000000000      -188.0220807660      -187.9274859030      -187.9274859030
       483       241.5000000000      -188.0195506490      -187.9230971970      -187.9230971970
       484       242.0000000000      -188.0170645680      -187.9188166750      -187.9188166750
       485       242.5000000000      -188.0153817650      -187.9153958750      -187.9153958750
       486       243.0000000000      -188.0151381910      -187.9134663790      -187.9134663790
       487       243.5000000000      -188.0167559470      -187.9134547220      -187.9134547220
       488       244.0000000000      -188.0201950550      -187.9153391770      -187.9153391770
       489       244.5000000000      -188.0247109760      -187.9184109450      -187.9184109450
       490       245.0000000000      -188.0289935360      -187.9214144770      -187.9214144770
       491       245.5000000000      -188.0318699510      -187.9232477720      -187.9232477720
       492       246.0000000000      -188.0331656690      -187.9238142610      -187.9238142610
       493       246.5000000000      -188.0338723100      -187.9241759470      -187.9241759470
       494       247.0000000000      -188.0352377700      -187.9256284840      -187.9256284840
       495       247.5000000000      -188.0376992720      -187.9286292640      -187.9286292640
       496       248.0000000000      -188.0408943000      -187.9328166520      -187.9328166520
       497       248.5000000000      -188.0443544270      -187.9377170500      -187.9377170500
       498       249.0000000000      -188.0475466520      -187.9427916680      -187.9427916680
       499       249.5000000000      -188.0493849120      -187.9469430640      -187.9469430640
       500       250.0000000000      -188.0484459740      -187.9487227420      -187.9487227420
       501       250.5000000000      -188.0438945910      -187.9472511130      -187.9472511130
       502       251.0000000000      -188.0360105690      -187.9427447160      -187.9427447160
       503       251.5000000000      -188.0259230680      -187.9362552760      -187.9362552760
       504       252.0000000000      -188.0150448350      -187.9291115110      -187.9291115110
       505       252.5000000000      -188.0046720510      -187.9225275930      -187.9225275930
       506       253.0000000000      -187.9958314570      -187.9174579500      -187.9174579500
       507       253.5000000000      -187.9892421150      -187.9145649950      -187.9145649950
       508       254.0000000000      -187.9852511910      -187.9141592750      -187.9141592750
       509       254.5000000000      -187.9837041960      -187.9160711070      -187.9160711070
       510       255.0000000000      -187.9838414310      -187.9195455360      -187.9195455360
       511       255.5000000000      -187.9843902010      -187.9233296560      -187.9233296560
       512       256.0000000000      -187.9839598290      -187.9260595780      -187.9260595780
       513       256.5000000000      -187.9816309990      -187.9268402170      -187.9268402170
       514       257.0000000000      -187.9773921260      -187.9256724990      -187.9256724990
       515       257.5000000000      -187.9721208010      -187.9234295960      -187.9234295960
       516       258.0000000000      -187.9672693830      -187.9215433270      -187.9215433270
       517       258.5000000000      -187.9645406420      -187.9216867480      -187.9216867480
       518       259.0000000000      -187.9651925790      -187.9250867410      -187.9250867410
       519       259.5000000000      -187.9688582310      -187.9313475350      -187.9313475350
       520       260.0000000000      -187.9732601480      -187.9381666300      -187.9381666300
       521       260.5000000000      -187.9756764070      -187.9428032030      -187.9428032030
       522       261.0000000000      -187.9746698830      -187.9438109920      -187.9438109920
       523       261.5000000000      -187.9705010960      -187.9414535150      -187.9414535150
       524       262.0000000000      -187.9644359080      -187.9370128270      -187.9370128270
       525       262.5000000000      -187.9579164560      -187.9319595310      -187.9319595310
       526       263.0000000000      -187.9520977690      -187.9274866270      -187.9274866270
       527       263.5000000000      -187.9477295110      -187.9243869120      -187.9243869120
       528       264.0000000000      -187.9451950680      -187.9230865960      -187.9230865960
       529       264.5000000000      -187.9445620490      -187.9236905280      -187.9236905280
       530       265.0000000000      -187.9455840290      -187.9259805140      -187.9259805140
       531       265.5000000000      -187.9476741960      -187.9293872250      -187.9293872250
       532       266.0000000000      -187.9499395020      -187.9330246890      -187.9330246890
       533       266.5000000000      -187.9513637510      -187.9358738910      -187.9358738910
       534       267.0000000000      -187.9510975910      -187.9370723780      -187.9370723780
       535       267.5000000000      -187.9486736630      -187.9361276410      -187.9361276410
       536       268.0000000000      -187.9441383300      -187.9330468480      -187.9330468480
       537       268.5000000000      -187.9384042970      -187.9286901070      -187.9286901070
       538       269.0000000000      -187.9336225980      -187.9251455600      -187.9251455600
       539       269.5000000000      -187.9323588300      -187.9249082620      -187.9249082620
       540       270.0000000000      -187.9354018890      -187.9286893720      -187.9286893720
       541       270.5000000000      -187.9406740200      -187.9343402020      -187.9343402020
       542       271.0000000000      -187.9449053160      -187.9385661540      -187.9385661540
       543       271.5000000000      -187.9460256730      -187.9393471330      -187.9393471330
       544       272.0000000000      -187.9439147310      -187.9366605940      -187.9366605940
       545       272.5000000000      -187.9397047990      -187.9317358220      -187.9317358220
       546       273.0000000000      -187.9348707100      -187.9261208710      -187.9261208710
       547       273.5000000000      -187.9307037950      -187.9211578990      -187.9211578990
       548       274.0000000000      -187.9281256700      -187.9178050940      -187.9178050940
       549       274.5000000000      -187.9276460600      -187.9166009260      -187.9166009260
       550       275.0000000000      -187.9293457970      -187.9176503510      -187.9176503510
       551       275.5000000000      -187.9328614590      -187.9206102580      -187.9206102580
       552       276.0000000000      -187.9374072310      -187.9247101220      -187.9247101220
       553       276.5000000000      -187.9418975790      -187.9288728790      -187.9288728790
       554       277.0000000000      -187.9452090250      -187.9319746140      -187.9319746140
       555       277.5000000000      -187.9465174170      -187.9331813150      -187.9331813150
       556       278.0000000000      -187.9455501300      -187.9322019120      -187.9322019120
       557       278.5000000000      -187.9427041080      -187.9294070930      -187.9294070930
       558       279.0000000000      -187.9392097550      -187.9259903560      -187.9259903560
       559       279.5000000000      -187.9371759280      -187.9240061600      -187.9240061600
       560       280.0000000000      -187.9386647130      -187.9254395010      -187.9254395010
       561       280.5000000000      -187.9438858830      -187.9304057820      -187.9304057820
       562       281.0000000000      -187.9506389660      -187.9366110210      -187.9366110210
       563       281.5000000000      -187.9560699600      -187.9411316190      -187.9411316190
       564       282.0000000000      -187.9586754730      -187.9424355190      -187.9424355190
       565       282.5000000000      -187.9586761490      -187.9407578140      -187.9407578140
       566       283.0000000000      -187.9572501140      -187.9373228850      -187.9373228850
       567       283.5000000000      -187.9557687200      -187.9335619900      -187.9335619900
       568       284.0000000000      -187.9554139370      -187.9307133650      -187.9307133650
       569       284.5000000000      -187.9570281540      -187.9296625220      -187.9296625220
       570       285.0000000000      -187.9610312460      -187.9308575600      -187.9308575600
       571       285.5000000000      -187.9673617620      -187.9342544760      -187.9342544760
       572       286.0000000000      -187.9754735650      -187.9393180040      -187.9393180040
       573       286.5000000000      -187.9844303810      -187.9451187050      -187.9451187050
       574       287.0000000000      -187.9931230960      -187.9505508850      -187.9505508850
       575       287.5000000000      -188.0005720830      -187.9546358970      -187.9546358970
       576       288.0000000000      -188.0061754340      -187.9567740700      -187.9567740700
       577       288.5000000000      -188.0097426100      -187.9567854780      -187.9567854780
       578       289.0000000000      -188.0113755210      -187.9547989130      -187.9547989130
       579       289.5000000000      -188.0115328660      -187.9513192510      -187.9513192510
       580       290.0000000000      -188.0112897430      -187.9474815020      -187.9474815020
       581       290.5000000000      -188.0120301000      -187.9447302770      -187.9447302770
       582       291.0000000000      -188.0142296360      -187.9435887840      -187.9435887840
       583       291.5000000000      -188.0167527430      -187.9429463300      -187.9429463300
       584       292.0000000000      -188.0178715230      -187.9410760300      -187.9410760300
       585       292.5000000000      -188.0167436030      -187.9371187520      -187.9371187520
       586       293.0000000000      -188.0137622030      -187.9314429590      -187.9314429590
       587       293.5000000000      -188.0100009300      -187.9250989740      -187.9250989740
       588       294.0000000000      -188.0066390990      -187.9192522540      -187.9192522540
       589       294.5000000000      -188.0046788730      -187.9149059200      -187.9149059200
       590       295.0000000000      -188.0048278880      -187.9127856310      -187.9127856310
       591       295.5000000000      -188.0074150480      -187.9132545780      -187.9132545780
       592       296.0000000000      -188.0123118910      -187.9162309560      -187.9162309560
       593       296.5000000000      -188.0188917830      -187.9211409980      -187.9211409980
       594       297.0000000000      -188.0260784830      -187.9269603490      -187.9269603490
       595       297.5000000000      -188.0325422300      -187.9324029420      -187.9324029420
       596       298.0000000000      -188.0370783820      -187.9362940170      -187.9362940170
       597       298.5000000000      -188.0390902040      -187.9380499160      -187.9380499160
       598       299.0000000000      -188.0389191500      -187.9380084820      -187.9380084820
       599       299.5000000000      -188.0377216480      -187.9373081100      -187.9373081100
       600       300.0000000000      -188.0369085390      -187.9373285330      -187.9373285330
       601       300.5000000000      -188.0375024960      -187.9390477750      -187.9390477750
       602       301.0000000000      -188.0395964280      -187.9424990730      -187.9424990730
       603       301.5000000000      -188.0420357590      -187.9464537480      -187.9464537480
       604       302.0000000000      -188.0428968180      -187.9489043130      -187.9489043130
       605       302.5000000000      -188.0407443370      -187.9483291550      -187.9483291550
       606       303.0000000000      -188.0354723130      -187.9445393780      -187.9445393780
       607       303.5000000000      -188.0280705090      -187.9384499600      -187.9384499600
       608       304.0000000000      -188.0199247300      -187.9313838410      -187.9313838410
       609       304.5000000000      -188.0123400310      -187.9245995950      -187.9245995950
       610       305.0000000000      -188.0063713980      -187.9191260880      -187.9191260880
       611       305.5000000000      -188.0027626920      -187.9157031030      -187.9157031030
       612       306.0000000000      -188.0018724720      -187.9147061710      -187.9147061710
       613       306.5000000000      -188.0035867930      -187.9160562180      -187.9160562180
       614       307.0000000000      -188.0072651280      -187.9191601190      -187.9191601190
       615       307.5000000000      -188.0117756830      -187.9229394520      -187.9229394520
       616       308.0000000000      -188.0156895260      -187.9260170600      -187.9260170600
       617       308.5000000000      -188.0176833590      -187.9271118570      -187.9271118570
       618       309.0000000000      -188.0170813530      -187.9255745040      -187.9255745040
       619       309.5000000000      -188.0142560510      -187.9217862080      -187.9217862080
       620       310.0000000000      -188.0105464500      -187.9170797380      -187.9170797380
       621       310.5000000000      -188.0077288660      -187.9132185090      -187.9132185090
       622       311.0000000000      -188.0074419380      -187.9118329190      -187.9118329190
       623       311.5000000000      -188.0105567980      -187.9138010070      -187.9138010070
       624       312.0000000000      -188.0163861570      -187.9184627080      -187.9184627080
       625       312.5000000000      -188.0227626470      -187.9236945530      -187.9236945530
       626       313.0000000000      -188.0275451870      -187.9274063260      -187.9274063260
       627       313.5000000000      -188.0299366970      -187.9288476480      -187.9288476480
       628       314.0000000000      -188.0303536090      -187.9284693580      -187.9284693580
       629       314.5000000000      -188.0296168500      -187.9271116600      -187.9271116600
       630       315.0000000000      -188.0285010320      -187.9255555370      -187.9255555370
       631       315.5000000000      -188.0277075580      -187.9245003970      -187.9245003970
       632       316.0000000000      -188.0278873410      -187.9245907080      -187.9245907080
       633       316.5000000000      -188.0295355160      -187.9263133360      -187.9263133360
       634       317.0000000000      -188.0328112290      -187.9298182830      -187.9298182830
       635       317.5000000000      -188.0373820510      -187.9347634970      -187.9347634970
       636       318.0000000000      -188.0423652590      -187.9402558410      -187.9402558410
       637       318.5000000000      -188.0464244140      -187.9449473300      -187.9449473300
       638       319.0000000000      -188.0480825630      -187.9473479500      -187.9473479500
       639       319.5000000000      -188.0462649220      -187.9463687880      -187.9463687880
       640       320.0000000000      -188.0409236860      -187.9419482680      -187.9419482680
       641       320.5000000000      -188.0333703960      -187.9353867820      -187.9353867820
       642       321.0000000000      -188.0259233810      -187.9289974110      -187.9289974110
       643       321.5000000000      -188.0208471170      -187.9250486670      -187.9250486670
       644       322.0000000000      -188.0190476910      -187.9244622720      -187.9244622720
       645       322.5000000000      -188.0194045700      -187.9261431170      -187.9261431170
       646       323.0000000000      -188.0196257190      -187.9278261740      -187.9278261740
       647       323.5000000000      -188.0180886420      -187.9279069180      -187.9279069180
       648       324.0000000000      -188.0147704090      -187.9263631140      -187.9263631140
       649       324.5000000000      -188.0105990980      -187.9241049030      -187.9241049030
       650       325.0000000000      -188.0064484300      -187.9219739230      -187.9219739230
       651       325.5000000000      -188.0028252820      -187.9204385200      -187.9204385200
       652       326.0000000000      -188.0000826720      -187.9198139770      -187.9198139770
       653       326.5000000000      -187.9985920160      -187.9204394530      -187.9204394530
       654       327.0000000000      -187.9986870190      -187.9226237310      -187.9226237310
       655       327.5000000000      -188.0004997500      -187.9264806700      -187.9264806700
       656       328.0000000000      -188.0038269060      -187.9317938990      -187.9317938990
       657       328.5000000000      -188.0080867770      -187.9379721470      -187.9379721470
       658       329.0000000000      -188.0123789200      -187.9441077660      -187.9441077660
       659       329.5000000000      -188.0156430120      -187.9491359110      -187.9491359110
       660       330.0000000000      -188.0169012060      -187.9520777230      -187.9520777230
       661       330.5000000000      -188.0155391530      -187.9523227100      -187.9523227100
       662       331.0000000000      -188.0115586100      -187.9498811350      -187.9498811350
       663       331.5000000000      -188.0057313050      -187.9455349850      -187.9455349850
       664       332.0000000000      -187.9995365680      -187.9407701350      -187.9407701350
       665       332.5000000000      -187.9946295440      -187.9372397670      -187.9372397670
       666       333.0000000000      -187.9918096930      -187.9357334040      -187.9357334040
       667       333.5000000000      -187.9903706830      -187.9355315960      -187.9355315960
       668       334.0000000000      -187.9887679360      -187.9350762830      -187.9350762830
       669       334.5000000000      -187.9858949430      -187.9332443290      -187.9332443290
       670       335.0000000000      -187.9816058380      -187.9298672020      -187.9298672020
       671       335.5000000000      -187.9764202090      -187.9254378810      -187.9254378810
       672       336.0000000000      -187.9711197230      -187.9207148450      -187.9207148450
       673       336.5000000000      -187.9665389350      -187.9165206740      -187.9165206740
       674       337.0000000000      -187.9634470620      -187.9136281910      -187.9136281910
       675       337.5000000000      -187.9624212960      -187.9126342040      -187.9126342040
       676       338.0000000000      -187.9637188210      -187.9138295120      -187.9138295120
       677       338.5000000000      -187.9671887730      -187.9171070940      -187.9171070940
       678       339.0000000000      -187.9722518280      -187.9219374100      -187.9219374100
       679       339.5000000000      -187.9779669140      -187.9274306330      -187.9274306330
       680       340.0000000000      -187.9832025980      -187.9325026680      -187.9325026680
       681       340.5000000000      -187.9869138710      -187.9361463180      -187.9361463180
       682       341.0000000000      -187.9884796960      -187.9377624490      -187.9377624490
       683       341.5000000000      -187.9879819070      -187.9374337900      -187.9374337900
       684       342.0000000000      -187.9862720510      -187.9359907140      -187.9359907140
       685       342.5000000000      -187.9847149660      -187.9347609940      -187.9347609940
       686       343.0000000000      -187.9845498220      -187.9349443890      -187.9349443890
       687       343.5000000000      -187.9860269570      -187.9367648990      -187.9367648990
       688       344.0000000000      -187.9880701100      -187.9391416970      -187.9391416970
       689       344.5000000000      -187.9890924940      -187.9405024040      -187.9405024040
       690       345.0000000000      -187.9881238400      -187.9399005280      -187.9399005280
       691       345.5000000000      -187.9850492010      -187.9372454280      -187.9372454280
       692       346.0000000000      -187.9802009790      -187.9328906670      -187.9328906670
       693       346.5000000000      -187.9741115230      -187.9273863630      -187.9273863630
       694       347.0000000000      -187.9675101890      -187.9214769830      -187.9214769830
       695       347.5000000000      -187.9612716250      -187.9160497010      -187.9160497010
       696       348.0000000000      -187.9562383650      -187.9119562890      -187.9119562890
       697       348.5000000000      -187.9530234120      -187.9098141750      -187.9098141750
       698       349.0000000000      -187.9518766630      -187.9098713210      -187.9098713210
       699       349.5000000000      -187.9526287350      -187.9119483500      -187.9119483500
       700       350.0000000000      -187.9546939040      -187.9154403650      -187.9154403650
       701       350.5000000000      -187.9571259300      -187.9193720670      -187.9193720670
       702       351.0000000000      -187.9587476560      -187.9225267970      -187.9225267970
       703       351.5000000000      -187.9583950420      -187.9236905960      -187.9236905960
       704       352.0000000000      -187.9553049420      -187.9220407280      -187.9220407280
       705       352.5000000000      -187.9496234940      -187.9176582700      -187.9176582700
       706       353.0000000000      -187.9428426200      -187.9119736790      -187.9119736790
       707       353.5000000000      -187.9376302310      -187.9076116180      -187.9076116180
       708       354.0000000000      -187.9364996250      -187.9070742160      -187.9070742160
       709       354.5000000000      -187.9399861580      -187.9109223480      -187.9109223480
       710       355.0000000000      -187.9462507300      -187.9173725030      -187.9173725030
       711       355.5000000000      -187.9525603320      -187.9237655770      -187.9237655770
       712       356.0000000000      -187.9569068700      -187.9281748950      -187.9281748950
       713       356.5000000000      -187.9585833130      -187.9299741230      -187.9299741230
       714       357.0000000000      -187.9579841910      -187.9296322290      -187.9296322290
       715       357.5000000000      -187.9561509960      -187.9282558370      -187.9282558370
       716       358.0000000000      -187.9543217120      -187.9271372430      -187.9271372430
       717       358.5000000000      -187.9535889290      -187.9274118610      -187.9274118610
       718       359.0000000000      -187.9546921410      -187.9298503590      -187.9298503590
       719       359.5000000000      -187.9579158650      -187.9347568190      -187.9347568190
       720       360.0000000000      -187.9630489080      -187.9419282320      -187.9419282320
       721       360.5000000000      -187.9693778230      -187.9506475770      -187.9506475770
       722       361.0000000000      -187.9757214980      -187.9597167530      -187.9597167530
       723       361.5000000000      -187.9805479230      -187.9675688530      -187.9675688530
       724       362.0000000000      -187.9822363600      -187.9725181340      -187.9725181340
       725       362.5000000000      -187.9795466810      -187.9731860130      -187.9731860130
       726       363.0000000000      -187.9723520670      -187.9689613320      -187.9689613320
       727       363.5000000000      -187.9628905540      -187.9597666420      -187.9597666420
       728       364.0000000000      -187.9537880760      -187.9479586120      -187.9479586120
       729       364.5000000000      -187.9464923550      -187.9375630350      -187.9375630350
       730       365.0000000000      -187.9424097070      -187.9305585260      -187.9305585260
       731       365.5000000000      -187.9415496950      -187.9270731320      -187.9270731320
       732       366.0000000000      -187.9427268380      -187.9259460560      -187.9259460560
       733       366.5000000000      -187.9443792820      -187.9256073860      -187.9256073860
       734       367.0000000000      -187.9453563130      -187.9248876320      -187.9248876320
       735       367.5000000000      -187.9453468910      -187.9234552630      -187.9234552630
       736       368.0000000000      -187.9448299100      -187.9217684900      -187.9217684900
       737       368.5000000000      -187.9447039270      -187.9207039990      -187.9207039990
       738       369.0000000000      -187.9458689060      -187.9211383860      -187.9211383860
       739       369.5000000000      -187.9489298320      -187.9236528480      -187.9236528480
       740       370.0000000000      -187.9540468560      -187.9283837480      -187.9283837480
       741       370.5000000000      -187.9608907920      -187.9349763040      -187.9349763040
       742       371.0000000000      -187.9686659920      -187.9426036640      -187.9426036640
       743       371.5000000000      -187.9761927990      -187.9500464790      -187.9500464790
       744       372.0000000000      -187.9820735320      -187.9558593580      -187.9558593580
       745       372.5000000000      -187.9849816560      -187.9586643860      -187.9586643860
       746       373.0000000000      -187.9840853610      -187.9575807840      -187.9575807840
       747       373.5000000000      -187.9794975290      -187.9526817200      -187.9526817200
       748       374.0000000000      -187.9724785280      -187.9452009510      -187.9452009510
       749       374.5000000000      -187.9650966920      -187.9371940860      -187.9371940860
       750       375.0000000000      -187.9594002970      -187.9307077050      -187.9307077050
       751       375.5000000000      -187.9565923110      -187.9269499150      -187.9269499150
       752       376.0000000000      -187.9566486610      -187.9259042990      -187.9259042990
       753       376.5000000000      -187.9584422870      -187.9264512490      -187.9264512490
       754       377.0000000000      -187.9602994820      -187.9269236680      -187.9269236680
       755       377.5000000000      -187.9608006710      -187.9259097720      -187.9259097720
       756       378.0000000000      -187.9593875260      -187.9228637160      -187.9228637160
       757       378.5000000000      -187.9564452340      -187.9181925490      -187.9181925490
       758       379.0000000000      -187.9529560730      -187.9129182130      -187.9129182130
       759       379.5000000000      -187.9500359070      -187.9082305030      -187.9082305030
       760       380.0000000000      -187.9485669980      -187.9051397710      -187.9051397710
       761       380.5000000000      -187.9489996090      -187.9042387780      -187.9042387780
       762       381.0000000000      -187.9513117010      -187.9055156640      -187.9055156640
       763       381.5000000000      -187.9550037060      -187.9083550250      -187.9083550250
       764       382.0000000000      -187.9591584180      -187.9117488290      -187.9117488290
       765       382.5000000000      -187.9626752010      -187.9145665420      -187.9145665420
       766       383.0000000000      -187.9646128550      -187.9158746860      -187.9158746860
       767       383.5000000000      -187.9644917950      -187.9152207640      -187.9152207640
       768       384.0000000000      -187.9623874540      -187.9127138140      -187.9127138140
       769       384.5000000000      -187.9588031910      -187.9088874550      -187.9088874550
       770       385.0000000000      -187.9545687590      -187.9045926080      -187.9045926080
       771       385.5000000000      -187.9508905620      -187.9010468670      -187.9010468670
       772       386.0000000000      -187.9491811330      -187.8996652700      -187.8996652700
       773       386.5000000000      -187.9503154760      -187.9013171760      -187.9013171760
       774       387.0000000000      -187.9538364260      -187.9055326520      -187.9055326520
       775       387.5000000000      -187.9580850920      -187.9106371480      -187.9106371480
       776       388.0000000000      -187.9612887310      -187.9148445610      -187.9148445610
       777       388.5000000000      -187.9625778860      -187.9172745170      -187.9172745170
       778       389.0000000000      -187.9621960820      -187.9181557630      -187.9181557630
       779       389.5000000000      -187.9610701630      -187.9183879510      -187.9183879510
       780       390.0000000000      -187.9602423730      -187.9189690920      -187.9189690920
       781       390.5000000000      -187.9604631820      -187.9205903940      -187.9205903940
       782       391.0000000000      -187.9619956360      -187.9234483550      -187.9234483550
       783       391.5000000000      -187.9645795830      -187.9272198340      -187.9272198340
       784       392.0000000000      -187.9675079100      -187.9311481600      -187.9311481600
       785       392.5000000000      -187.9698086060      -187.9342316440      -187.9342316440
       786       393.0000000000      -187.9705454170      -187.9355248400      -187.9355248400
       787       393.5000000000      -187.9691841780      -187.9345015510      -187.9345015510
       788       394.0000000000      -187.9658286800      -187.9312859190      -187.9312859190
       789       394.5000000000      -187.9610925020      -187.9265216750      -187.9265216750
       790       395.0000000000      -187.9557000080      -187.9209742650      -187.9209742650
       791       395.5000000000      -187.9503106850      -187.9153573790      -187.9153573790
       792       396.0000000000      -187.9457425100      -187.9105571270      -187.9105571270
       793       396.5000000000      -187.9430118040      -187.9076668140      -187.9076668140
       794       397.0000000000      -187.9427680370      -187.9074120490      -187.9074120490
       795       397.5000000000      -187.9446870650      -187.9095336200      -187.9095336200
       796       398.0000000000      -187.9475912120      -187.9129006400      -187.9129006400
       797       398.5000000000      -187.9501985780      -187.9162578080      -187.9162578080
       798       399.0000000000      -187.9517897320      -187.9188932600      -187.9188932600
       799       399.5000000000      -187.9523626420      -187.9207973380      -187.9207973380
       800       400.0000000000      -187.9523832880      -187.9224201870      -187.9224201870
