 # Step, Time, Current state, Current potential, Velocity norm, current gradient
         0      0.00000000     2      -187.9147207850         0.0066410859         0.1815905351
         1      0.50000000     2      -187.9151067440         0.0066653628         0.1777684547
         2      1.00000000     2      -187.9132740990         0.0065226134         0.1902070406
         3      1.50000000     2      -187.9105774800         0.0063177206         0.2108880994
         4      2.00000000     2      -187.9095067050         0.0062427657         0.2185895037
         5      2.50000000     2      -187.9110664520         0.0063798600         0.2093265220
         6      3.00000000     2      -187.9139658850         0.0066268283         0.2029641819
         7      3.50000000     2      -187.9170001450         0.0068791846         0.2055840269
         8      4.00000000     2      -187.9199885370         0.0071030155         0.1979802254
         9      4.50000000     2      -187.9218514980         0.0072180062         0.1779095486
        10      5.00000000     2      -187.9203435090         0.0070809871         0.1741924471
        11      5.50000000     2      -187.9146935980         0.0066251243         0.2039125670
        12      6.00000000     2      -187.9073581980         0.0059757826         0.2404026829
        13      6.50000000     2      -187.9023151630         0.0054216329         0.2541273295
        14      7.00000000     2      -187.9015366250         0.0051896071         0.2392994733
        15      7.50000000     2      -187.9037503630         0.0052249689         0.2123500143
        16      8.00000000     2      -187.9066085840         0.0053260673         0.1942468014
        17      8.50000000     2      -187.9089924940         0.0053910783         0.1907192515
        18      9.00000000     2      -187.9112202240         0.0054494820         0.1923274476
        19      9.50000000     2      -187.9139595010         0.0055656450         0.1892184904
        20     10.00000000     2      -187.9172033860         0.0057473714         0.1786648576
        21     10.50000000     2      -187.9199289840         0.0059212831         0.1669919835
        22     11.00000000     2      -187.9205954680         0.0059814342         0.1697957917
        23     11.50000000     2      -187.9183720920         0.0058755333         0.1975826792
        24     12.00000000     2      -187.9143091620         0.0056785949         0.2364216779
        25     12.50000000     2      -187.9108824760         0.0055671736         0.2636745717
        26     13.00000000     2      -187.9097796030         0.0056551422         0.2740812408
        27     13.50000000     2      -187.9110251680         0.0059139502         0.2780455535
        28     14.00000000     2      -187.9144774500         0.0062938424         0.2741046707
        29     14.50000000     2      -187.9198349620         0.0067403485         0.2487965915
        30     15.00000000     2      -187.9248901230         0.0071009436         0.2050552538
        31     15.50000000     2      -187.9261747240         0.0071801189         0.1713478399
        32     16.00000000     2      -187.9218555740         0.0068796296         0.1803630161
        33     16.50000000     2      -187.9135685830         0.0062828190         0.2211159080
        34     17.00000000     2      -187.9057223610         0.0056749102         0.2555747821
        35     17.50000000     2      -187.9024830280         0.0054192657         0.2607121444
        36     18.00000000     2      -187.9047221110         0.0056306739         0.2376156412
        37     18.50000000     2      -187.9101818040         0.0060867684         0.2045247451
        38     19.00000000     2      -187.9161905920         0.0065442548         0.1793662027
        39     19.50000000     2      -187.9213951850         0.0069069057         0.1666212659
        40     20.00000000     2      -187.9254588660         0.0071655395         0.1606378376
        41     20.50000000     2      -187.9281091150         0.0073141644         0.1576641670
        42     21.00000000     2      -187.9287368160         0.0073219597         0.1616007962
        43     21.50000000     2      -187.9268755340         0.0071627283         0.1788723747
        44     22.00000000     2      -187.9231713500         0.0068757713         0.2050421150
        45     22.50000000     2      -187.9196460630         0.0065955361         0.2230674765
        46     23.00000000     2      -187.9182216640         0.0064692926         0.2211540032
        47     23.50000000     2      -187.9190433030         0.0065270049         0.2085129665
        48     24.00000000     2      -187.9212686060         0.0067124426         0.2021580198
        49     24.50000000     2      -187.9247528280         0.0069959757         0.1971981830
        50     25.00000000     2      -187.9293015280         0.0073338741         0.1794531852
        51     25.50000000     2      -187.9330542100         0.0075870822         0.1562918044
        52     26.00000000     2      -187.9331807140         0.0075759723         0.1567051311
        53     26.50000000     2      -187.9281710330         0.0071908725         0.1947464424
        54     27.00000000     2      -187.9194903380         0.0064699404         0.2484570885
        55     27.50000000     2      -187.9113965790         0.0056499426         0.2887379917
        56     28.00000000     2      -187.9082630070         0.0051101941         0.2975156503
        57     28.50000000     2      -187.9111558260         0.0050635663         0.2779700469
        58     29.00000000     2      -187.9176581620         0.0053323747         0.2505016835
        59     29.50000000     2      -187.9248768880         0.0056419376         0.2316355466
        60     30.00000000     2      -187.9314834300         0.0058784488         0.2206686885
        61     30.50000000     2      -187.9373188280         0.0060430807         0.2086063109
        62     31.00000000     2      -187.9422112050         0.0061447881         0.1904406316
        63     31.50000000     2      -187.9453881810         0.0061535693         0.1692777381
        64     32.00000000     2      -187.9457638180         0.0060187962         0.1580571858
        65     32.50000000     2      -187.9429034250         0.0057324766         0.1722330785
        66     33.00000000     2      -187.9380581910         0.0054085942         0.2064401747
        67     33.50000000     2      -187.9340726780         0.0052949367         0.2388792561
        68     34.00000000     2      -187.9336629120         0.0055969388         0.2567430573
        69     34.50000000     2      -187.9377941110         0.0062681330         0.2600552422
        70     35.00000000     2      -187.9455767530         0.0070833356         0.2506913332
        71     35.50000000     2      -187.9544675810         0.0077979244         0.2340204548
        72     36.00000000     2      -187.9594537670         0.0082214139         0.2025412342
        73     36.50000000     2      -187.9579594090         0.0082629458         0.1750917696
        74     37.00000000     2      -187.9507396610         0.0078980484         0.1790644546
        75     37.50000000     2      -187.9393879040         0.0071800452         0.2126811738
        76     38.00000000     2      -187.9278432380         0.0063191633         0.2491655623
        77     38.50000000     2      -187.9208348730         0.0056857804         0.2618276526
        78     39.00000000     2      -187.9206440350         0.0055848432         0.2422638974
        79     39.50000000     2      -187.9257219650         0.0059442327         0.2038220202
        80     40.00000000     2      -187.9328710600         0.0064711896         0.1678120032
        81     40.50000000     2      -187.9398030050         0.0069742062         0.1460040401
        82     41.00000000     2      -187.9455388480         0.0073922557         0.1365786414
        83     41.50000000     2      -187.9495418830         0.0077042916         0.1350734796
        84     42.00000000     2      -187.9510894650         0.0078786564         0.1433906328
        85     42.50000000     2      -187.9494202360         0.0078786417         0.1669988074
        86     43.00000000     2      -187.9445506130         0.0077058056         0.2046152062
        87     43.50000000     2      -187.9381489630         0.0074533182         0.2438642960
        88     44.00000000     2      -187.9333201940         0.0073089390         0.2683111147
        89     44.50000000     2      -187.9327910870         0.0074421115         0.2680307613
        90     45.00000000     2      -187.9370114830         0.0078532922         0.2440481536
        91     45.50000000     2      -187.9439754940         0.0083777168         0.2048022723
        92     46.00000000     2      -187.9504969740         0.0088159524         0.1633905324
        93     46.50000000     2      -187.9537066220         0.0090239818         0.1376305678
        94     47.00000000     2      -187.9519662200         0.0089273203         0.1427825165
        95     47.50000000     2      -187.9451234840         0.0085070789         0.1760395727
        96     48.00000000     2      -187.9346665020         0.0078063786         0.2221952178
        97     48.50000000     2      -187.9238615620         0.0069722029         0.2640223207
        98     49.00000000     2      -187.9168159230         0.0062741993         0.2853344019
        99     49.50000000     2      -187.9160602390         0.0059745281         0.2800647224
       100     50.00000000     2      -187.9209414390         0.0060925393         0.2574037359
       101     50.50000000     2      -187.9288397770         0.0064216299         0.2318761567
       102     51.00000000     2      -187.9373723620         0.0067667992         0.2098542404
       103     51.50000000     2      -187.9451563870         0.0070351843         0.1888222753
       104     52.00000000     2      -187.9513152950         0.0071875308         0.1651531145
       105     52.50000000     2      -187.9549128230         0.0071871729         0.1399682273
       106     53.00000000     2      -187.9549083190         0.0069882319         0.1243248500
       107     53.50000000     2      -187.9507572640         0.0065646342         0.1377190960
       108     54.00000000     2      -187.9434618410         0.0059811226         0.1792789262
       109     54.50000000     2      -187.9361784760         0.0054813534         0.2237253183
       110     55.00000000     2      -187.9330405750         0.0054415416         0.2475488357
       111     55.50000000     2      -187.9362951780         0.0060015355         0.2405419844
       112     56.00000000     2      -187.9443619980         0.0068593284         0.2089745972
       113     56.50000000     2      -187.9529558270         0.0076150581         0.1720721663
       114     57.00000000     2      -187.9579280380         0.0080265460         0.1522893364
       115     57.50000000     2      -187.9570931090         0.0080031893         0.1599770542
       116     58.00000000     2      -187.9503900900         0.0075382692         0.1881957565
       117     58.50000000     2      -187.9395559770         0.0066799805         0.2256245260
       118     59.00000000     2      -187.9279478410         0.0055648128         0.2596558435
       119     59.50000000     2      -187.9197011510         0.0044886462         0.2757518291
       120     60.00000000     2      -187.9176170180         0.0038989040         0.2656896105
       121     60.50000000     2      -187.9214766740         0.0040403443         0.2349079205
       122     61.00000000     2      -187.9288017750         0.0046348474         0.1974584107
       123     61.50000000     2      -187.9369067160         0.0053168155         0.1648357675
       124     62.00000000     2      -187.9439424470         0.0059126220         0.1419419802
       125     62.50000000     2      -187.9487114630         0.0063565161         0.1314967039
       126     63.00000000     2      -187.9502484860         0.0066069327         0.1380660980
       127     63.50000000     2      -187.9478101650         0.0066270303         0.1648620128
       128     64.00000000     2      -187.9414051120         0.0064107699         0.2080353843
       129     64.50000000     2      -187.9325763500         0.0060403071         0.2564415225
       130     65.00000000     2      -187.9245866530         0.0057358238         0.2946379564
       131     65.50000000     2      -187.9210650310         0.0057799571         0.3084344423
       132     66.00000000     2      -187.9235829310         0.0062563702         0.2925587451
       133     66.50000000     2      -187.9304221630         0.0069467746         0.2546768225
       134     67.00000000     2      -187.9379237970         0.0075633178         0.2111689859
       135     67.50000000     2      -187.9428512080         0.0079308989         0.1780653998
       136     68.00000000     2      -187.9435746850         0.0079904272         0.1644221668
       137     68.50000000     2      -187.9399547880         0.0077488573         0.1715727076
       138     69.00000000     2      -187.9330737770         0.0072610352         0.1948427994
       139     69.50000000     2      -187.9252801120         0.0066579423         0.2234349332
       140     70.00000000     2      -187.9198046770         0.0061709138         0.2429516482
       141     70.50000000     2      -187.9192473240         0.0060423482         0.2434132813
       142     71.00000000     2      -187.9239539950         0.0063222967         0.2255547586
       143     71.50000000     2      -187.9320617610         0.0068337315         0.1978948456
       144     72.00000000     2      -187.9409824580         0.0073634136         0.1687432830
       145     72.50000000     2      -187.9486293880         0.0077816074         0.1425015142
       146     73.00000000     2      -187.9536963700         0.0080322148         0.1216178908
       147     73.50000000     2      -187.9554385090         0.0080931096         0.1102687275
       148     74.00000000     2      -187.9535118010         0.0079552008         0.1153237734
       149     74.50000000     2      -187.9481287940         0.0076283049         0.1391650846
       150     75.00000000     2      -187.9404425590         0.0071694526         0.1739846554
       151     75.50000000     2      -187.9327002490         0.0067135886         0.2068550632
       152     76.00000000     2      -187.9275756680         0.0064538676         0.2253542865
       153     76.50000000     2      -187.9266733290         0.0065168806         0.2225857958
       154     77.00000000     2      -187.9293327160         0.0068316299         0.2019384103
       155     77.50000000     2      -187.9330301080         0.0071867647         0.1770304441
       156     78.00000000     2      -187.9350220360         0.0073891520         0.1645478669
       157     78.50000000     2      -187.9336536270         0.0073330513         0.1731328311
       158     79.00000000     2      -187.9286915900         0.0069881743         0.1994808727
       159     79.50000000     2      -187.9212724950         0.0063891418         0.2349627490
       160     80.00000000     2      -187.9138586920         0.0056644446         0.2686548954
       161     80.50000000     2      -187.9096605920         0.0050718272         0.2882945049
       162     81.00000000     2      -187.9110493540         0.0049082306         0.2860120603
       163     81.50000000     2      -187.9180294770         0.0052340474         0.2635413130
       164     82.00000000     2      -187.9283934150         0.0058124130         0.2296322518
       165     82.50000000     2      -187.9392402070         0.0063801625         0.1933540682
       166     83.00000000     2      -187.9482479790         0.0067912823         0.1613188619
       167     83.50000000     2      -187.9540516800         0.0069917289         0.1395339226
       168     84.00000000     2      -187.9561262350         0.0069737488         0.1347243824
       169     84.50000000     2      -187.9546684440         0.0067570590         0.1495986881
       170     85.00000000     2      -187.9506495650         0.0063976735         0.1777660427
       171     85.50000000     2      -187.9458635510         0.0060111611         0.2073656210
       172     86.00000000     2      -187.9425517290         0.0057704911         0.2259200625
       173     86.50000000     2      -187.9423549510         0.0058165302         0.2244078009
       174     87.00000000     2      -187.9451802380         0.0061252259         0.2021472999
       175     87.50000000     2      -187.9491551260         0.0065196185         0.1683272367
       176     88.00000000     2      -187.9518270140         0.0068115433         0.1380444099
       177     88.50000000     2      -187.9513927810         0.0068838160         0.1256352175
       178     89.00000000     2      -187.9471230160         0.0066846626         0.1363748110
       179     89.50000000     2      -187.9393415120         0.0062084394         0.1646307628
       180     90.00000000     2      -187.9295442960         0.0055142987         0.2009168033
       181     90.50000000     2      -187.9204854630         0.0047917351         0.2340006595
       182     91.00000000     2      -187.9153979360         0.0043982951         0.2526845922
       183     91.50000000     2      -187.9161968500         0.0046286943         0.2518201871
       184     92.00000000     2      -187.9221748970         0.0053427141         0.2357667052
       185     92.50000000     2      -187.9306102560         0.0061702403         0.2145548188
       186     93.00000000     2      -187.9385348300         0.0068612427         0.1972533947
       187     93.50000000     2      -187.9440228570         0.0073225027         0.1882667531
       188     94.00000000     2      -187.9464648160         0.0075544869         0.1874880102
       189     94.50000000     2      -187.9462445110         0.0076040966         0.1924131395
       190     95.00000000     2      -187.9442825640         0.0075389470         0.2002318120
       191     95.50000000     2      -187.9416697720         0.0074339291         0.2092007836
       192     96.00000000     2      -187.9395037970         0.0073661394         0.2180999258
       193     96.50000000     2      -187.9388483390         0.0074090937         0.2233907383
       194     97.00000000     2      -187.9404223040         0.0076042203         0.2191760751
       195     97.50000000     2      -187.9439376980         0.0079185237         0.2031967756
       196     98.00000000     2      -187.9478679800         0.0082468794         0.1817779363
       197     98.50000000     2      -187.9501660000         0.0084688279         0.1669557259
       198     99.00000000     2      -187.9492305240         0.0084967982         0.1680952232
       199     99.50000000     2      -187.9443597860         0.0082851232         0.1865670024
       200    100.00000000     2      -187.9358842250         0.0078288574         0.2184028841
       201    100.50000000     2      -187.9254432460         0.0071881065         0.2564783945
       202    101.00000000     2      -187.9161427370         0.0065368119         0.2890981218
       203    101.50000000     2      -187.9116203990         0.0061578275         0.3025213303
       204    102.00000000     2      -187.9138497010         0.0062543804         0.2891715667
       205    102.50000000     2      -187.9215878620         0.0067245645         0.2532994183
       206    103.00000000     2      -187.9312867440         0.0072768756         0.2076549325
       207    103.50000000     2      -187.9394054770         0.0076824752         0.1663029849
       208    104.00000000     2      -187.9439277220         0.0078470807         0.1406772753
       209    104.50000000     2      -187.9445200650         0.0077727973         0.1360568920
       210    105.00000000     2      -187.9419993120         0.0075138338         0.1472201055
       211    105.50000000     2      -187.9376771890         0.0071476440         0.1646577915
       212    106.00000000     2      -187.9328702300         0.0067591386         0.1836044697
       213    106.50000000     2      -187.9288178100         0.0064428640         0.2024594906
       214    107.00000000     2      -187.9268387550         0.0063081468         0.2157617246
       215    107.50000000     2      -187.9279629000         0.0064302405         0.2148244478
       216    108.00000000     2      -187.9319535910         0.0067618324         0.1971373920
       217    108.50000000     2      -187.9370122080         0.0071409043         0.1713804917
       218    109.00000000     2      -187.9407925100         0.0073978908         0.1519943621
       219    109.50000000     2      -187.9415829630         0.0074242091         0.1490866004
       220    110.00000000     2      -187.9387203320         0.0071696133         0.1634033818
       221    110.50000000     2      -187.9326008590         0.0066280294         0.1907036493
       222    111.00000000     2      -187.9248748720         0.0058618090         0.2247742001
       223    111.50000000     2      -187.9185828660         0.0050755603         0.2553565543
       224    112.00000000     2      -187.9172668940         0.0046571697         0.2692833306
       225    112.50000000     2      -187.9227787530         0.0049073629         0.2575572997
       226    113.00000000     2      -187.9335159860         0.0056273693         0.2210846260
       227    113.50000000     2      -187.9448601470         0.0063790176         0.1725166892
       228    114.00000000     2      -187.9517141300         0.0068870996         0.1525322748
       229    114.50000000     2      -187.9529386400         0.0070789130         0.1548159912
       230    115.00000000     2      -187.9496190950         0.0069894346         0.1689709742
       231    115.50000000     2      -187.9432613880         0.0067018856         0.1900769247
       232    116.00000000     2      -187.9356288230         0.0063266621         0.2114402739
       233    116.50000000     2      -187.9282405220         0.0059755130         0.2301432650
       234    117.00000000     2      -187.9221642980         0.0057449707         0.2473789494
       235    117.50000000     2      -187.9184010550         0.0057265092         0.2617437473
       236    118.00000000     2      -187.9180624480         0.0059904228         0.2647372726
       237    118.50000000     2      -187.9214860240         0.0065024549         0.2481769106
       238    119.00000000     2      -187.9272487410         0.0070990307         0.2138524460
       239    119.50000000     2      -187.9326458720         0.0075865531         0.1734853968
       240    120.00000000     2      -187.9351690480         0.0078330898         0.1429549757
       241    120.50000000     2      -187.9334864020         0.0077831352         0.1371159177
       242    121.00000000     2      -187.9276695110         0.0074431045         0.1596948502
       243    121.50000000     2      -187.9192871310         0.0068926487         0.1995525315
       244    122.00000000     2      -187.9114735450         0.0063326141         0.2403024533
       245    122.50000000     2      -187.9081619840         0.0060872863         0.2645126889
       246    123.00000000     2      -187.9118282060         0.0063811915         0.2594704893
       247    123.50000000     2      -187.9212498410         0.0070617010         0.2268186365
       248    124.00000000     2      -187.9320696070         0.0077622828         0.1847996461
       249    124.50000000     2      -187.9398438300         0.0082139592         0.1598412558
       250    125.00000000     2      -187.9424145540         0.0083225278         0.1671742508
       251    125.50000000     2      -187.9401948990         0.0081187812         0.1945326388
       252    126.00000000     2      -187.9351586920         0.0077003913         0.2215547777
       253    126.50000000     2      -187.9294335010         0.0071801542         0.2376558199
       254    127.00000000     2      -187.9242726260         0.0066431914         0.2441237952
       255    127.50000000     2      -187.9201995260         0.0061510548         0.2480145806
       256    128.00000000     2      -187.9179420140         0.0057957336         0.2497325137
       257    128.50000000     2      -187.9185322270         0.0056991365         0.2404557000
       258    129.00000000     2      -187.9221385390         0.0058915981         0.2144814797
       259    129.50000000     2      -187.9273310570         0.0062416101         0.1778724969
       260    130.00000000     2      -187.9318775500         0.0065617362         0.1452865687
       261    130.50000000     2      -187.9339980970         0.0067205202         0.1313605302
       262    131.00000000     2      -187.9329104630         0.0066591073         0.1398846948
       263    131.50000000     2      -187.9287773230         0.0063704161         0.1626143134
       264    132.00000000     2      -187.9225928570         0.0058955828         0.1912475156
       265    132.50000000     2      -187.9161904540         0.0053537921         0.2206731260
       266    133.00000000     2      -187.9120783790         0.0049787831         0.2434068634
       267    133.50000000     2      -187.9124494700         0.0050272664         0.2483050332
       268    134.00000000     2      -187.9174428310         0.0054993332         0.2298896063
       269    134.50000000     2      -187.9245394030         0.0061057986         0.1972995393
       270    135.00000000     2      -187.9303591190         0.0065670220         0.1702608769
       271    135.50000000     2      -187.9330134220         0.0067766107         0.1630411492
       272    136.00000000     2      -187.9327808580         0.0067785403         0.1707188281
       273    136.50000000     2      -187.9310950570         0.0066847526         0.1794316587
       274    137.00000000     2      -187.9290886620         0.0065871469         0.1830421646
       275    137.50000000     2      -187.9268875290         0.0065075323         0.1863658163
       276    138.00000000     2      -187.9241334550         0.0064267319         0.1978772396
       277    138.50000000     2      -187.9210878620         0.0063614784         0.2176402613
       278    139.00000000     2      -187.9190511690         0.0063966601         0.2349860384
       279    139.50000000     2      -187.9194486160         0.0066145314         0.2390073636
       280    140.00000000     2      -187.9224398010         0.0069906101         0.2282058874
       281    140.50000000     2      -187.9266449330         0.0073993603         0.2110459129
       282    141.00000000     2      -187.9302384230         0.0077139389         0.1981681287
       283    141.50000000     2      -187.9320935220         0.0078709812         0.1934568051
       284    142.00000000     2      -187.9320079330         0.0078652058         0.1929622344
       285    142.50000000     2      -187.9302254920         0.0077143640         0.1924651511
       286    143.00000000     2      -187.9270340140         0.0074378560         0.1943116679
       287    143.50000000     2      -187.9230081110         0.0070752703         0.2038474206
       288    144.00000000     2      -187.9195216740         0.0067260606         0.2165868621
       289    144.50000000     2      -187.9182960850         0.0065294075         0.2181004394
       290    145.00000000     2      -187.9198233300         0.0065438391         0.2010858685
       291    145.50000000     2      -187.9226667720         0.0066772410         0.1758310198
       292    146.00000000     2      -187.9248428250         0.0067923580         0.1620939922
       293    146.50000000     2      -187.9255130760         0.0068310440         0.1672023208
       294    147.00000000     2      -187.9251045230         0.0068176524         0.1800711581
       295    147.50000000     2      -187.9242273160         0.0067862864         0.1914658356
       296    148.00000000     2      -187.9229043000         0.0067302401         0.2031873040
       297    148.50000000     2      -187.9209145790         0.0066244964         0.2199411585
       298    149.00000000     2      -187.9186390110         0.0064840253         0.2386061053
       299    149.50000000     2      -187.9171816230         0.0063784478         0.2489876740
       300    150.00000000     2      -187.9174053460         0.0063693498         0.2441586717
       301    150.50000000     2      -187.9189932160         0.0064390355         0.2278715254
       302    151.00000000     2      -187.9207694980         0.0065106705         0.2120036054
       303    151.50000000     2      -187.9218819290         0.0065317984         0.2052589489
       304    152.00000000     2      -187.9224424970         0.0065162598         0.2042935309
       305    152.50000000     2      -187.9230394770         0.0065101973         0.1991685253
       306    153.00000000     2      -187.9237591580         0.0065252378         0.1855455355
       307    153.50000000     2      -187.9238163170         0.0065133137         0.1716196376
       308    154.00000000     2      -187.9223095050         0.0064177753         0.1731738953
       309    154.50000000     2      -187.9193675710         0.0062482705         0.1926047994
       310    155.00000000     2      -187.9163250220         0.0060957643         0.2137616608
       311    155.50000000     2      -187.9145655970         0.0060564330         0.2236801680
       312    156.00000000     2      -187.9143985190         0.0061440841         0.2230499185
       313    156.50000000     2      -187.9152720390         0.0063041735         0.2193329713
       314    157.00000000     2      -187.9166488520         0.0064863421         0.2164628557
       315    157.50000000     2      -187.9182259770         0.0066628753         0.2138842294
       316    158.00000000     2      -187.9195580720         0.0067998151         0.2120436572
       317    158.50000000     2      -187.9199366650         0.0068463501         0.2139416474
       318    159.00000000     2      -187.9187848970         0.0067585222         0.2219247903
       319    159.50000000     2      -187.9161732540         0.0065320136         0.2348110356
       320    160.00000000     2      -187.9130051420         0.0062216377         0.2479927869
       321    160.50000000     2      -187.9106452550         0.0059314894         0.2562546959
       322    161.00000000     2      -187.9101630320         0.0057662934         0.2579903898
       323    161.50000000     2      -187.9118513040         0.0057753455         0.2571196263
       324    162.00000000     2      -187.9154951650         0.0059495643         0.2590726159
       325    162.50000000     2      -187.9208979720         0.0062592964         0.2654299148
       326    163.00000000     2      -187.9275235650         0.0066439061         0.2654004526
       327    163.50000000     2      -187.9314544100         0.0069763388         0.2254247541
       328    164.00000000     2      -187.9339469200         0.0071752434         0.2112457456
       329    164.50000000     2      -187.9348583310         0.0072387483         0.2078084907
       330    165.00000000     2      -187.9344242410         0.0071914663         0.2140501126
       331    165.50000000     2      -187.9339247830         0.0071253233         0.2194881623
       332    166.00000000     2      -187.9346764980         0.0071384798         0.2136205681
       333    166.50000000     2      -187.9369248850         0.0072585688         0.1954082957
       334    167.00000000     2      -187.9398241670         0.0074358787         0.1723564036
       335    167.50000000     2      -187.9422660630         0.0076000077         0.1532226351
       336    168.00000000     2      -187.9434601890         0.0076998761         0.1433504054
       337    168.50000000     2      -187.9429712240         0.0077054516         0.1452964881
       338    169.00000000     2      -187.9406621130         0.0076022609         0.1590235154
       339    169.50000000     2      -187.9367766050         0.0073955214         0.1805979663
       340    170.00000000     2      -187.9319911640         0.0071164045         0.2036293028
       341    170.50000000     2      -187.9272235780         0.0068172107         0.2225394872
       342    171.00000000     2      -187.9232345450         0.0065510154         0.2354628839
       343    171.50000000     2      -187.9203684600         0.0063514011         0.2451115501
       344    172.00000000     2      -187.9187501120         0.0062371618         0.2552025031
       345    172.50000000     2      -187.9186836770         0.0062332102         0.2647489758
       346    173.00000000     2      -187.9205938800         0.0063624239         0.2679930877
       347    173.50000000     2      -187.9244015340         0.0066022487         0.2605504122
       348    174.00000000     2      -187.9290801430         0.0068675880         0.2439291902
       349    174.50000000     2      -187.9330122890         0.0070519989         0.2248321740
       350    175.00000000     2      -187.9348768830         0.0070845708         0.2114158670
       351    175.50000000     2      -187.9343967120         0.0069636863         0.2084081719
       352    176.00000000     2      -187.9325316150         0.0067642840         0.2133792260
       353    176.50000000     2      -187.9310274100         0.0066159781         0.2185246668
       354    177.00000000     2      -187.9315090770         0.0066402069         0.2162681909
       355    177.50000000     2      -187.9345777290         0.0068680993         0.2033174276
       356    178.00000000     2      -187.9394445410         0.0072151261         0.1824782960
       357    178.50000000     2      -187.9443599750         0.0075419908         0.1626525076
       358    179.00000000     2      -187.9475506030         0.0077315903         0.1550971957
       359    179.50000000     2      -187.9480132050         0.0077233813         0.1651940413
       360    180.00000000     2      -187.9457776890         0.0075101804         0.1888266870
       361    180.50000000     2      -187.9416640010         0.0071208983         0.2163361460
       362    181.00000000     2      -187.9363031780         0.0065974327         0.2373863740
       363    181.50000000     2      -187.9302106370         0.0060124727         0.2523125416
       364    182.00000000     2      -187.9254700900         0.0054844214         0.2532350583
       365    182.50000000     2      -187.9231697210         0.0051318406         0.2483129431
       366    183.00000000     2      -187.9235838540         0.0050363612         0.2377122944
       367    183.50000000     2      -187.9264185460         0.0051992924         0.2209113710
       368    184.00000000     2      -187.9307279130         0.0055259950         0.2005990640
       369    184.50000000     2      -187.9351433630         0.0058851389         0.1834895253
       370    185.00000000     2      -187.9383999140         0.0061765421         0.1772894398
       371    185.50000000     2      -187.9398154380         0.0063580912         0.1849703359
       372    186.00000000     2      -187.9395095250         0.0064445567         0.2016899881
       373    186.50000000     2      -187.9382981040         0.0064931200         0.2185965375
       374    187.00000000     2      -187.9372609160         0.0065737944         0.2285012755
       375    187.50000000     2      -187.9371746350         0.0067296763         0.2284632681
       376    188.00000000     2      -187.9381340280         0.0069505881         0.2195509390
       377    188.50000000     2      -187.9395349310         0.0071792960         0.2060918464
       378    189.00000000     2      -187.9404197770         0.0073440963         0.1947313307
       379    189.50000000     2      -187.9400354150         0.0073953142         0.1910480639
       380    190.00000000     2      -187.9382514600         0.0073255463         0.1951915546
       381    190.50000000     2      -187.9355441040         0.0071663100         0.2024757427
       382    191.00000000     2      -187.9326041200         0.0069666546         0.2084966135
       383    191.50000000     2      -187.9299182510         0.0067683378         0.2127592276
       384    192.00000000     2      -187.9276768530         0.0065963935         0.2180250336
       385    192.50000000     2      -187.9260461650         0.0064722230         0.2258441458
       386    193.00000000     2      -187.9254229240         0.0064282864         0.2328159151
       387    193.50000000     2      -187.9262448070         0.0064937099         0.2326995400
       388    194.00000000     2      -187.9284463520         0.0066565004         0.2218109643
       389    194.50000000     2      -187.9311344340         0.0068483438         0.2021838282
       390    195.00000000     2      -187.9328742580         0.0069743155         0.1815724244
       391    195.50000000     2      -187.9324193830         0.0069598876         0.1708177816
       392    196.00000000     2      -187.9294259480         0.0067859002         0.1764134342
       393    196.50000000     2      -187.9247335350         0.0065036863         0.1936518788
       394    197.00000000     2      -187.9200284790         0.0062261857         0.2116859763
       395    197.50000000     2      -187.9170483490         0.0060842299         0.2216746010
       396    198.00000000     2      -187.9167436740         0.0061506857         0.2194079379
       397    198.50000000     2      -187.9188225630         0.0063865977         0.2059219717
       398    199.00000000     2      -187.9219505730         0.0066713599         0.1876140243
       399    199.50000000     2      -187.9245248450         0.0068833794         0.1738452873
       400    200.00000000     2      -187.9255083140         0.0069554215         0.1714321259
       401    200.50000000     2      -187.9248304860         0.0068866979         0.1798805875
       402    201.00000000     2      -187.9232733170         0.0067312262         0.1928513868
       403    201.50000000     2      -187.9220157530         0.0065742265         0.2034196792
       404    202.00000000     2      -187.9220671950         0.0064974275         0.2076721172
       405    202.50000000     2      -187.9238688890         0.0065442004         0.2055352810
       406    203.00000000     2      -187.9272543830         0.0067074663         0.1990543967
       407    203.50000000     2      -187.9316459510         0.0069446858         0.1901828079
       408    204.00000000     2      -187.9362532760         0.0072005061         0.1807364292
       409    204.50000000     2      -187.9402389520         0.0074239310         0.1732586842
       410    205.00000000     2      -187.9428759100         0.0075774370         0.1706013187
       411    205.50000000     2      -187.9436408860         0.0076378406         0.1754652963
       412    206.00000000     2      -187.9423075850         0.0075967717         0.1896584200
       413    206.50000000     2      -187.9391655110         0.0074700113         0.2109836214
       414    207.00000000     2      -187.9351723350         0.0073069968         0.2317735141
       415    207.50000000     2      -187.9316329650         0.0071766410         0.2431151384
       416    208.00000000     2      -187.9294613550         0.0071256304         0.2406460253
       417    208.50000000     2      -187.9286954530         0.0071466502         0.2262547257
       418    209.00000000     2      -187.9286550760         0.0071876993         0.2052656323
       419    209.50000000     2      -187.9283821340         0.0071816462         0.1836675176
       420    210.00000000     2      -187.9269935830         0.0070677700         0.1679297443
       421    210.50000000     2      -187.9239989980         0.0068082477         0.1638066232
       422    211.00000000     2      -187.9196204030         0.0064088650         0.1714458544
       423    211.50000000     2      -187.9148828030         0.0059384577         0.1837960316
       424    212.00000000     2      -187.9112349470         0.0055277228         0.1928516195
       425    212.50000000     2      -187.9098526810         0.0053238280         0.1959403142
       426    213.00000000     2      -187.9111745400         0.0054083534         0.1954181688
       427    213.50000000     2      -187.9149354060         0.0057485533         0.1933533117
       428    214.00000000     2      -187.9203870640         0.0062332414         0.1898814901
       429    214.50000000     2      -187.9265464500         0.0067451922         0.1858030286
       430    215.00000000     2      -187.9325257580         0.0072059489         0.1816379061
       431    215.50000000     2      -187.9376485450         0.0075745276         0.1768069036
       432    216.00000000     2      -187.9412631610         0.0078235836         0.1740783071
       433    216.50000000     2      -187.9428118730         0.0079349729         0.1799975131
       434    217.00000000     2      -187.9423572550         0.0079229667         0.1956527918
       435    217.50000000     2      -187.9408659110         0.0078490959         0.2129035648
       436    218.00000000     2      -187.9396959080         0.0077977202         0.2230713861
       437    218.50000000     2      -187.9397576480         0.0078278458         0.2233896333
       438    219.00000000     2      -187.9411521200         0.0079455613         0.2153150893
       439    219.50000000     2      -187.9433226510         0.0081114155         0.2009331223
       440    220.00000000     2      -187.9452768980         0.0082600402         0.1832446079
       441    220.50000000     2      -187.9458198410         0.0083191165         0.1684039118
       442    221.00000000     2      -187.9439570030         0.0082300914         0.1646949918
       443    221.50000000     2      -187.9393808580         0.0079693747         0.1763590141
       444    222.00000000     2      -187.9327951000         0.0075666953         0.1988223530
       445    222.50000000     2      -187.9258532430         0.0071153680         0.2225002147
       446    223.00000000     2      -187.9205864260         0.0067574947         0.2388967349
       447    223.50000000     2      -187.9184859100         0.0066215146         0.2431715147
       448    224.00000000     2      -187.9197022030         0.0067304664         0.2343395883
       449    224.50000000     2      -187.9228233210         0.0069711426         0.2166597712
       450    225.00000000     2      -187.9255533280         0.0071730390         0.2014337244
       451    225.50000000     2      -187.9261133150         0.0072182875         0.2008106106
       452    226.00000000     2      -187.9243593080         0.0070975250         0.2136392107
       453    226.50000000     2      -187.9216044890         0.0068925247         0.2264544219
       454    227.00000000     2      -187.9193422510         0.0067065912         0.2300626069
       455    227.50000000     2      -187.9182961720         0.0066051146         0.2269184145
       456    228.00000000     2      -187.9187444870         0.0066246299         0.2228913985
       457    228.50000000     2      -187.9211428870         0.0068010075         0.2159227466
       458    229.00000000     2      -187.9257196940         0.0071346960         0.1997957698
       459    229.50000000     2      -187.9316684550         0.0075481619         0.1760399925
       460    230.00000000     2      -187.9373482090         0.0079231473         0.1556664830
       461    230.50000000     2      -187.9412787020         0.0081684502         0.1496808398
       462    231.00000000     2      -187.9427634480         0.0082436569         0.1589154749
       463    231.50000000     2      -187.9418400440         0.0081456553         0.1763439465
       464    232.00000000     2      -187.9390296010         0.0078942903         0.1951923295
       465    232.50000000     2      -187.9352000850         0.0075319045         0.2108185912
       466    233.00000000     2      -187.9314377640         0.0071271850         0.2205271174
       467    233.50000000     2      -187.9287817340         0.0067672541         0.2243590537
       468    234.00000000     2      -187.9279250220         0.0065309934         0.2233070582
       469    234.50000000     2      -187.9289290460         0.0064455254         0.2162877479
       470    235.00000000     2      -187.9309590660         0.0064524701         0.2037763052
       471    235.50000000     2      -187.9325611230         0.0064394400         0.1933697679
       472    236.00000000     2      -187.9327386900         0.0063314847         0.1930962775
       473    236.50000000     2      -187.9317532480         0.0061521249         0.1992754734
       474    237.00000000     2      -187.9305535920         0.0059886776         0.2030807763
       475    237.50000000     2      -187.9295456310         0.0058978855         0.2059374944
       476    238.00000000     2      -187.9284108050         0.0058710520         0.2176061509
       477    238.50000000     2      -187.9271524140         0.0059015333         0.2386343588
       478    239.00000000     2      -187.9267111920         0.0060355756         0.2562469213
       479    239.50000000     2      -187.9281238560         0.0063141811         0.2587135385
       480    240.00000000     2      -187.9312385010         0.0066882751         0.2452242748
       481    240.50000000     2      -187.9345641730         0.0070337234         0.2248450680
       482    241.00000000     2      -187.9363216520         0.0072349066         0.2091505697
       483    241.50000000     2      -187.9354951120         0.0072360498         0.2043782664
       484    242.00000000     2      -187.9321156120         0.0070415605         0.2093109941
       485    242.50000000     2      -187.9269815390         0.0066989186         0.2199654623
       486    243.00000000     2      -187.9213407940         0.0062921198         0.2335342390
       487    243.50000000     2      -187.9167476260         0.0059488433         0.2472204808
       488    244.00000000     2      -187.9148249040         0.0058246670         0.2558780683
       489    244.50000000     2      -187.9165787160         0.0060127271         0.2532927471
       490    245.00000000     2      -187.9215258760         0.0064420110         0.2368921544
       491    245.50000000     2      -187.9275536050         0.0069163196         0.2116671171
       492    246.00000000     2      -187.9320076340         0.0072512470         0.1896644550
       493    246.50000000     2      -187.9332709240         0.0073648320         0.1831872399
       494    247.00000000     2      -187.9316432710         0.0072945924         0.1928433410
       495    247.50000000     2      -187.9289489350         0.0071627007         0.2061505722
       496    248.00000000     2      -187.9271584860         0.0070969496         0.2114440336
       497    248.50000000     2      -187.9271274020         0.0071482789         0.2070711632
       498    249.00000000     2      -187.9285258760         0.0072826902         0.1983395865
       499    249.50000000     2      -187.9306407440         0.0074412196         0.1887822515
       500    250.00000000     2      -187.9328600330         0.0075792246         0.1773692259
       501    250.50000000     2      -187.9345359000         0.0076591870         0.1640495087
       502    251.00000000     2      -187.9348738870         0.0076401204         0.1542487748
       503    251.50000000     2      -187.9332313320         0.0074885103         0.1557517351
       504    252.00000000     2      -187.9295287700         0.0071973706         0.1703445603
       505    252.50000000     2      -187.9243676850         0.0067954510         0.1919705015
       506    253.00000000     2      -187.9187931400         0.0063437779         0.2133720626
       507    253.50000000     2      -187.9139459920         0.0059273875         0.2304784475
       508    254.00000000     2      -187.9108572350         0.0056478280         0.2422742000
       509    254.50000000     2      -187.9103734750         0.0056035009         0.2487684259
       510    255.00000000     2      -187.9129549630         0.0058363614         0.2489251697
       511    255.50000000     2      -187.9182070110         0.0062760211         0.2412121929
       512    256.00000000     2      -187.9245418260         0.0067575500         0.2279043837
       513    256.50000000     2      -187.9296905540         0.0071095159         0.2168988082
       514    257.00000000     2      -187.9319914510         0.0072345336         0.2145028052
       515    257.50000000     2      -187.9312995830         0.0071353299         0.2174314476
       516    258.00000000     2      -187.9286867930         0.0068881939         0.2187176396
       517    258.50000000     2      -187.9255057710         0.0065976554         0.2189287826
       518    259.00000000     2      -187.9230072360         0.0063768765         0.2230371556
       519    259.50000000     2      -187.9224722010         0.0063417117         0.2267134232
       520    260.00000000     2      -187.9247049980         0.0065489174         0.2185496362
       521    260.50000000     2      -187.9290560320         0.0069223609         0.1955193136
       522    261.00000000     2      -187.9335060140         0.0072978117         0.1679606128
       523    261.50000000     2      -187.9359507640         0.0075343768         0.1521821894
       524    262.00000000     2      -187.9353070040         0.0075671991         0.1568020108
       525    262.50000000     2      -187.9316986650         0.0073969357         0.1751859086
       526    263.00000000     2      -187.9260355520         0.0070618625         0.1959549848
       527    263.50000000     2      -187.9194908510         0.0066173738         0.2126393500
       528    264.00000000     2      -187.9132068280         0.0061326678         0.2243524332
       529    264.50000000     2      -187.9083325210         0.0057077587         0.2323965263
       530    265.00000000     2      -187.9060992170         0.0054832580         0.2355085261
       531    265.50000000     2      -187.9074003360         0.0055743094         0.2287154642
       532    266.00000000     2      -187.9118924500         0.0059441153         0.2086269307
       533    266.50000000     2      -187.9175860000         0.0063986404         0.1803485214
       534    267.00000000     2      -187.9217542800         0.0067278382         0.1592776049
       535    267.50000000     2      -187.9225732630         0.0068198131         0.1610323618
       536    268.00000000     2      -187.9201232870         0.0066874808         0.1824515439
       537    268.50000000     2      -187.9160727760         0.0064395833         0.2077712728
       538    269.00000000     2      -187.9125285230         0.0062241026         0.2278928960
       539    269.50000000     2      -187.9111763100         0.0061738543         0.2414163104
       540    270.00000000     2      -187.9131229060         0.0063690636         0.2458752437
       541    270.50000000     2      -187.9186393670         0.0067963671         0.2358304145
       542    271.00000000     2      -187.9265844010         0.0073334888         0.2105487741
       543    271.50000000     2      -187.9345949770         0.0078127304         0.1788433780
       544    272.00000000     2      -187.9403397210         0.0081090747         0.1554717352
       545    272.50000000     2      -187.9426634140         0.0081776382         0.1513945794
       546    273.00000000     2      -187.9417876190         0.0080414955         0.1643060260
       547    273.50000000     2      -187.9388154810         0.0077633980         0.1838695331
       548    274.00000000     2      -187.9351041310         0.0074213506         0.2022953705
       549    274.50000000     2      -187.9318267630         0.0070922363         0.2167155661
       550    275.00000000     2      -187.9298044940         0.0068426051         0.2277812710
       551    275.50000000     2      -187.9295554610         0.0067241267         0.2363836770
       552    276.00000000     2      -187.9313060030         0.0067611255         0.2397680729
       553    276.50000000     2      -187.9346458660         0.0069196763         0.2334824440
       554    277.00000000     2      -187.9381468330         0.0070927881         0.2188705404
       555    277.50000000     2      -187.9397898390         0.0071444219         0.2056305514
       556    278.00000000     2      -187.9381664430         0.0069811413         0.2036321471
       557    278.50000000     2      -187.9333523210         0.0065925308         0.2125016590
       558    279.00000000     2      -187.9267352990         0.0060482259         0.2251854077
       559    279.50000000     2      -187.9202498330         0.0054812824         0.2387478746
       560    280.00000000     2      -187.9159308050         0.0050905905         0.2530476029
       561    280.50000000     2      -187.9157350710         0.0051066951         0.2611402282
       562    281.00000000     2      -187.9206343030         0.0055999366         0.2517792020
       563    281.50000000     2      -187.9293165200         0.0063553076         0.2235577739
       564    282.00000000     2      -187.9384809620         0.0070668233         0.1908210017
       565    282.50000000     2      -187.9449235460         0.0075380185         0.1736417195
       566    283.00000000     2      -187.9472022080         0.0077106210         0.1788192535
       567    283.50000000     2      -187.9456648220         0.0076124026         0.1957936553
       568    284.00000000     2      -187.9415756700         0.0073037496         0.2131378440
       569    284.50000000     2      -187.9363744250         0.0068520995         0.2263945078
       570    285.00000000     2      -187.9314566640         0.0063389474         0.2353542759
       571    285.50000000     2      -187.9282339180         0.0058840657         0.2398913670
       572    286.00000000     2      -187.9279753220         0.0056416535         0.2380334990
       573    286.50000000     2      -187.9312273580         0.0057169744         0.2270675572
       574    287.00000000     2      -187.9371781130         0.0060579195         0.2067584243
       575    287.50000000     2      -187.9436250730         0.0064754916         0.1831179756
       576    288.00000000     2      -187.9478650850         0.0067714940         0.1690950353
       577    288.50000000     2      -187.9480118950         0.0068291523         0.1759588933
       578    289.00000000     2      -187.9438391380         0.0066343157         0.2005064890
       579    289.50000000     2      -187.9366765370         0.0062595004         0.2302245124
       580    290.00000000     2      -187.9286070710         0.0058332281         0.2558747823
       581    290.50000000     2      -187.9216501040         0.0055075490         0.2740110291
       582    291.00000000     2      -187.9173960450         0.0054237385         0.2832287710
       583    291.50000000     2      -187.9167916650         0.0056496098         0.2808028072
       584    292.00000000     2      -187.9195839310         0.0061090090         0.2655398285
       585    292.50000000     2      -187.9239886960         0.0066116503         0.2440262592
       586    293.00000000     2      -187.9275796900         0.0069750735         0.2285188229
       587    293.50000000     2      -187.9287701480         0.0071080965         0.2251827138
       588    294.00000000     2      -187.9273782530         0.0070097239         0.2293993298
       589    294.50000000     2      -187.9241255730         0.0067289440         0.2345147369
       590    295.00000000     2      -187.9200317160         0.0063381941         0.2380612196
       591    295.50000000     2      -187.9162279260         0.0059362448         0.2397636467
       592    296.00000000     2      -187.9138737280         0.0056518138         0.2392815228
       593    296.50000000     2      -187.9138695340         0.0056066630         0.2369422511
       594    297.00000000     2      -187.9165458650         0.0058434426         0.2323420129
       595    297.50000000     2      -187.9214307800         0.0062859330         0.2224583272
       596    298.00000000     2      -187.9271060200         0.0067768597         0.2064273536
       597    298.50000000     2      -187.9315760770         0.0071571003         0.1908264569
       598    299.00000000     2      -187.9332418740         0.0073278483         0.1854884292
       599    299.50000000     2      -187.9316848480         0.0072692345         0.1935146957
       600    300.00000000     2      -187.9276623140         0.0070248324         0.2094971955
       601    300.50000000     2      -187.9225750530         0.0066767527         0.2265627165
       602    301.00000000     2      -187.9179485620         0.0063288603         0.2402122638
       603    301.50000000     2      -187.9151644120         0.0060972649         0.2466070418
       604    302.00000000     2      -187.9151909310         0.0060783800         0.2401516606
       605    302.50000000     2      -187.9179500430         0.0062750814         0.2176861619
       606    303.00000000     2      -187.9219254350         0.0065685948         0.1869369363
       607    303.50000000     2      -187.9250194020         0.0068081382         0.1658289198
       608    304.00000000     2      -187.9259586420         0.0069098090         0.1661453073
       609    304.50000000     2      -187.9247144930         0.0068674311         0.1813548992
       610    305.00000000     2      -187.9218864610         0.0067074723         0.2006886340
       611    305.50000000     2      -187.9181200790         0.0064559274         0.2199813711
       612    306.00000000     2      -187.9141257840         0.0061465164         0.2380601828
       613    306.50000000     2      -187.9109283080         0.0058493343         0.2524364614
       614    307.00000000     2      -187.9097541480         0.0056738099         0.2591086854
       615    307.50000000     2      -187.9114215800         0.0057107591         0.2548120131
       616    308.00000000     2      -187.9156559820         0.0059479945         0.2403662154
       617    308.50000000     2      -187.9210361900         0.0062681013         0.2228542907
       618    309.00000000     2      -187.9258555420         0.0065427767         0.2121606407
       619    309.50000000     2      -187.9292199890         0.0067153956         0.2120873017
       620    310.00000000     2      -187.9314175260         0.0068127423         0.2166498083
       621    310.50000000     2      -187.9333362820         0.0069009178         0.2168728880
       622    311.00000000     2      -187.9355006670         0.0070221418         0.2087245230
       623    311.50000000     2      -187.9375577660         0.0071618534         0.1969935295
       624    312.00000000     2      -187.9387302520         0.0072791556         0.1928280583
       625    312.50000000     2      -187.9388197000         0.0073664005         0.2013373838
       626    313.00000000     2      -187.9385526040         0.0074635643         0.2144819780
       627    313.50000000     2      -187.9387437030         0.0076050705         0.2238089791
       628    314.00000000     2      -187.9393949780         0.0077699036         0.2301797411
       629    314.50000000     2      -187.9399058130         0.0079013767         0.2369311487
       630    315.00000000     2      -187.9397992370         0.0079541957         0.2416988176
       631    315.50000000     2      -187.9388763250         0.0079056206         0.2398847516
       632    316.00000000     2      -187.9369577080         0.0077418942         0.2307758085
       633    316.50000000     2      -187.9338482520         0.0074543157         0.2179141973
       634    317.00000000     2      -187.9295576460         0.0070489276         0.2068516179
       635    317.50000000     2      -187.9245257610         0.0065605362         0.2024234002
       636    318.00000000     2      -187.9196909430         0.0060645983         0.2045944211
       637    318.50000000     2      -187.9162116710         0.0056690589         0.2078925252
       638    319.00000000     2      -187.9148662760         0.0054660895         0.2080055684
       639    319.50000000     2      -187.9156647600         0.0054748592         0.2068904654
       640    320.00000000     2      -187.9180850890         0.0056452547         0.2094439065
       641    320.50000000     2      -187.9215639900         0.0059114541         0.2161153903
       642    321.00000000     2      -187.9255993460         0.0062183825         0.2206579328
       643    321.50000000     2      -187.9293030510         0.0065074700         0.2200835472
       644    322.00000000     2      -187.9313981200         0.0067186296         0.2289290365
       645    322.50000000     2      -187.9317080210         0.0068281457         0.2446127514
       646    323.00000000     2      -187.9312226120         0.0068718474         0.2552167497
       647    323.50000000     2      -187.9312006200         0.0069175880         0.2515694154
       648    324.00000000     2      -187.9321800180         0.0070011652         0.2337142980
       649    324.50000000     2      -187.9337507370         0.0071077312         0.2130955214
       650    325.00000000     2      -187.9354922710         0.0072244158         0.1989298300
       651    325.50000000     2      -187.9374705800         0.0073653166         0.1876973792
       652    326.00000000     2      -187.9396233420         0.0075315920         0.1733573797
       653    326.50000000     2      -187.9412625110         0.0076828676         0.1583108320
       654    327.00000000     2      -187.9414616720         0.0077626201         0.1504823042
       655    327.50000000     2      -187.9397243900         0.0077368928         0.1545458589
       656    328.00000000     2      -187.9362686970         0.0076094912         0.1675507485
       657    328.50000000     2      -187.9318641610         0.0074145253         0.1826358099
       658    329.00000000     2      -187.9274169660         0.0071964937         0.1944251650
       659    329.50000000     2      -187.9235692270         0.0069890248         0.2014735136
       660    330.00000000     2      -187.9206028910         0.0068091263         0.2056320855
       661    330.50000000     2      -187.9187025790         0.0066740637         0.2087606392
       662    331.00000000     2      -187.9182198560         0.0066185760         0.2091123334
       663    331.50000000     2      -187.9194711780         0.0066765014         0.2018264020
       664    332.00000000     2      -187.9221171170         0.0068316952         0.1849535824
       665    332.50000000     2      -187.9249192550         0.0070044446         0.1655762557
       666    333.00000000     2      -187.9264636960         0.0071067518         0.1571049442
       667    333.50000000     2      -187.9261647160         0.0071033458         0.1646346851
       668    334.00000000     2      -187.9243929130         0.0070136165         0.1811387130
       669    334.50000000     2      -187.9218419310         0.0068740756         0.2026455762
       670    335.00000000     2      -187.9193312080         0.0067302200         0.2287151109
       671    335.50000000     2      -187.9181389530         0.0066595774         0.2512090759
       672    336.00000000     2      -187.9195269860         0.0067376604         0.2578746840
       673    336.50000000     2      -187.9234101310         0.0069441942         0.2451816944
       674    337.00000000     2      -187.9280083870         0.0071512295         0.2219698200
       675    337.50000000     2      -187.9311190350         0.0072201631         0.2030289640
       676    338.00000000     2      -187.9315891250         0.0070836535         0.2000150133
       677    338.50000000     2      -187.9298763420         0.0067646133         0.2143653116
       678    339.00000000     2      -187.9277170680         0.0063611767         0.2380703181
       679    339.50000000     2      -187.9271270270         0.0060054407         0.2573287169
       680    340.00000000     2      -187.9291030690         0.0057935176         0.2593546612
       681    340.50000000     2      -187.9331255960         0.0057341173         0.2452182091
       682    341.00000000     2      -187.9377593740         0.0057755826         0.2280696707
       683    341.50000000     2      -187.9417382910         0.0058808107         0.2262744517
       684    342.00000000     2      -187.9450260730         0.0060533308         0.2327892265
       685    342.50000000     2      -187.9480096330         0.0062817970         0.2325168909
       686    343.00000000     2      -187.9502585060         0.0065050741         0.2277078121
       687    343.50000000     2      -187.9510155380         0.0066559299         0.2244754844
       688    344.00000000     2      -187.9499811450         0.0067035811         0.2230531072
       689    344.50000000     2      -187.9472701240         0.0066441097         0.2217661667
       690    345.00000000     2      -187.9430993600         0.0064834253         0.2250776941
       691    345.50000000     2      -187.9381615170         0.0062687141         0.2375218954
       692    346.00000000     2      -187.9340954310         0.0061278910         0.2511607924
       693    346.50000000     2      -187.9326100980         0.0062016644         0.2520383264
       694    347.00000000     2      -187.9337218420         0.0064870279         0.2372811842
       695    347.50000000     2      -187.9354374010         0.0068220479         0.2193023042
       696    348.00000000     2      -187.9354288440         0.0070386877         0.2139464664
       697    348.50000000     2      -187.9326811920         0.0070668936         0.2256472038
       698    349.00000000     2      -187.9277506030         0.0069310408         0.2472115967
       699    349.50000000     2      -187.9220548820         0.0067045766         0.2699308622
       700    350.00000000     2      -187.9170071670         0.0064628307         0.2882436414
       701    350.50000000     2      -187.9133801690         0.0062435150         0.2983720240
       702    351.00000000     2      -187.9107275910         0.0060269685         0.2970058971
       703    351.50000000     2      -187.9081920970         0.0058206435         0.3003234445
       704    352.00000000     2      -187.9072646010         0.0057052588         0.2995804677
       705    352.50000000     2      -187.9088586990         0.0057484357         0.2944301150
       706    353.00000000     2      -187.9128373750         0.0059474508         0.2871347674
       707    353.50000000     2      -187.9183143920         0.0062345609         0.2812203030
       708    354.00000000     2      -187.9242848590         0.0065345381         0.2778497283
       709    354.50000000     2      -187.9300859610         0.0068034044         0.2730537481
       710    355.00000000     2      -187.9350600850         0.0070049116         0.2642883098
       711    355.50000000     2      -187.9382319760         0.0070892373         0.2580051909
       712    356.00000000     2      -187.9390774520         0.0070353151         0.2632770194
       713    356.50000000     2      -187.9386256250         0.0069122981         0.2755965802
       714    357.00000000     2      -187.9389814650         0.0068538574         0.2783949823
       715    357.50000000     2      -187.9411819510         0.0069224509         0.2630263245
       716    358.00000000     2      -187.9440192060         0.0070305606         0.2391558648
       717    358.50000000     2      -187.9454534110         0.0070408760         0.2248435733
       718    359.00000000     2      -187.9446700020         0.0068973346         0.2271608952
       719    359.50000000     2      -187.9425625850         0.0066535432         0.2367856797
       720    360.00000000     2      -187.9407176240         0.0064174819         0.2397299831
       721    360.50000000     2      -187.9388564580         0.0062474825         0.2208853035
       722    361.00000000     2      -187.9359763620         0.0061713647         0.2140858979
       723    361.50000000     2      -187.9332675540         0.0061678204         0.2114931203
       724    362.00000000     2      -187.9299265940         0.0061604204         0.2205893520
       725    362.50000000     2      -187.9259101990         0.0061329245         0.2397426338
       726    363.00000000     2      -187.9221012830         0.0061309986         0.2585088285
       727    363.50000000     2      -187.9195148000         0.0062053165         0.2684563899
       728    364.00000000     2      -187.9185091970         0.0063595195         0.2697354704
       729    364.50000000     2      -187.9189342760         0.0065682626         0.2657471764
       730    365.00000000     2      -187.9205364320         0.0068087143         0.2556471970
       731    365.50000000     2      -187.9225535950         0.0070333275         0.2398276303
       732    366.00000000     2      -187.9234053120         0.0071509069         0.2295095980
       733    366.50000000     2      -187.9218147180         0.0070903207         0.2382824137
       734    367.00000000     2      -187.9183842110         0.0068873024         0.2607739506
       735    367.50000000     2      -187.9154564490         0.0066862506         0.2764994341
       736    368.00000000     2      -187.9149469810         0.0066160843         0.2730916836
       737    368.50000000     2      -187.9166073350         0.0066628664         0.2561957882
       738    369.00000000     2      -187.9188050480         0.0067149333         0.2406475524
       739    369.50000000     2      -187.9204456590         0.0066991097         0.2345838452
       740    370.00000000     2      -187.9216787610         0.0066281562         0.2341386815
       741    370.50000000     2      -187.9231836120         0.0065524579         0.2318708035
       742    371.00000000     2      -187.9252343260         0.0064963635         0.2248347078
       743    371.50000000     2      -187.9274459120         0.0064398257         0.2158425687
       744    372.00000000     2      -187.9292572390         0.0063536275         0.2103342042
       745    372.50000000     2      -187.9306151740         0.0062489099         0.2108029785
       746    373.00000000     2      -187.9321637520         0.0061898871         0.2128113905
       747    373.50000000     2      -187.9345577580         0.0062387752         0.2096523362
       748    374.00000000     2      -187.9374562210         0.0063750664         0.2032745553
       749    374.50000000     2      -187.9395242570         0.0065005604         0.2071171833
       750    375.00000000     2      -187.9398164920         0.0065436021         0.2287485344
       751    375.50000000     2      -187.9389778420         0.0065367672         0.2547324111
       752    376.00000000     2      -187.9385387300         0.0065690502         0.2664819314
       753    376.50000000     2      -187.9389635520         0.0066589492         0.2605884919
       754    377.00000000     2      -187.9391228460         0.0067248409         0.2510350993
       755    377.50000000     2      -187.9379967770         0.0066999390         0.2507630279
       756    378.00000000     2      -187.9360310930         0.0066149201         0.2538181268
       757    378.50000000     2      -187.9342118720         0.0065381433         0.2483472300
       758    379.00000000     2      -187.9325475150         0.0064759816         0.2364147735
       759    379.50000000     2      -187.9303324990         0.0063850154         0.2300446497
       760    380.00000000     2      -187.9275155250         0.0062628938         0.2331006075
       761    380.50000000     2      -187.9250538130         0.0061774981         0.2364529296
       762    381.00000000     2      -187.9239153370         0.0061989853         0.2307260144
       763    381.50000000     2      -187.9240586310         0.0063206754         0.2156290993
       764    382.00000000     2      -187.9244557100         0.0064631093         0.1994177975
       765    382.50000000     2      -187.9239313880         0.0065422206         0.1931170287
       766    383.00000000     2      -187.9219600150         0.0065217325         0.2025412134
       767    383.50000000     2      -187.9189130320         0.0064217279         0.2239464682
       768    384.00000000     2      -187.9157242260         0.0062934520         0.2491222215
       769    384.50000000     2      -187.9132682150         0.0061787118         0.2726867405
       770    385.00000000     2      -187.9120509980         0.0060920976         0.2930680091
       771    385.50000000     2      -187.9125020120         0.0060492930         0.3074319068
       772    386.00000000     2      -187.9151456070         0.0060874323         0.3090979030
       773    386.50000000     2      -187.9199056300         0.0062155451         0.2940342501
       774    387.00000000     2      -187.9254376750         0.0063631680         0.2689250493
       775    387.50000000     2      -187.9299093640         0.0064319332         0.2480740230
       776    388.00000000     2      -187.9325504730         0.0063908558         0.2383010683
       777    388.50000000     2      -187.9339759660         0.0062921939         0.2325170807
       778    389.00000000     2      -187.9350318660         0.0062006409         0.2242023590
       779    389.50000000     2      -187.9359463980         0.0061373908         0.2171963984
       780    390.00000000     2      -187.9367544350         0.0061053848         0.2166239908
       781    390.50000000     2      -187.9378726750         0.0061287980         0.2192870263
       782    391.00000000     2      -187.9397693870         0.0062313277         0.2191195676
       783    391.50000000     2      -187.9419445920         0.0063840887         0.2155246624
       784    392.00000000     2      -187.9414996070         0.0064911607         0.2305869239
       785    392.50000000     2      -187.9393848480         0.0064972988         0.2241623050
       786    393.00000000     2      -187.9362909330         0.0064257055         0.2279722451
       787    393.50000000     2      -187.9329439720         0.0063345540         0.2381528586
       788    394.00000000     2      -187.9305270600         0.0063118026         0.2447332053
       789    394.50000000     2      -187.9298705260         0.0064143702         0.2401233757
       790    395.00000000     2      -187.9306871110         0.0066119498         0.2247345560
       791    395.50000000     2      -187.9317101660         0.0068105022         0.2084671909
       792    396.00000000     2      -187.9318073180         0.0069392338         0.2036726833
       793    396.50000000     2      -187.9310106310         0.0070103922         0.2115481088
       794    397.00000000     2      -187.9303809340         0.0070991577         0.2213089841
       795    397.50000000     2      -187.9308852290         0.0072659280         0.2246824238
       796    398.00000000     2      -187.9325950210         0.0075042047         0.2222640362
       797    398.50000000     2      -187.9349300730         0.0077624116         0.2167105776
       798    399.00000000     2      -187.9371427020         0.0079831320         0.2077543258
       799    399.50000000     2      -187.9383882650         0.0081133846         0.1976920908
       800    400.00000000     2      -187.9379556090         0.0081155718         0.1929544139
