-1.880498494349999987e+02 -1.879147207849999859e+02
-1.880470055220000063e+02 -1.879132740990000059e+02
-1.880415316899999993e+02 -1.879095067050000125e+02
-1.880442176749999987e+02 -1.879139658850000103e+02
-1.880484512740000014e+02 -1.879199885369999947e+02
-1.880469176990000051e+02 -1.879203435089999914e+02
-1.880319258080000111e+02 -1.879073581979999972e+02
-1.880239031289999900e+02 -1.879015366250000056e+02
-1.880263927940000031e+02 -1.879066085839999971e+02
-1.880278867559999867e+02 -1.879112202240000045e+02
-1.880302889449999952e+02 -1.879172033860000113e+02
-1.880299856199999908e+02 -1.879205954679999877e+02
-1.880203937080000003e+02 -1.879143091619999950e+02
-1.880132762080000077e+02 -1.879097796030000040e+02
-1.880159611079999991e+02 -1.879144774499999926e+02
-1.880245424759999935e+02 -1.879248901230000115e+02
-1.880195354129999998e+02 -1.879218555740000056e+02
-1.880010330730000021e+02 -1.879057223609999880e+02
-1.879971012510000037e+02 -1.879047221110000123e+02
-1.880050741580000135e+02 -1.879161905919999924e+02
-1.880104374230000133e+02 -1.879254588660000138e+02
-1.880096432199999867e+02 -1.879287368159999971e+02
-1.880000752150000096e+02 -1.879231713499999898e+02
-1.879913507750000008e+02 -1.879182216639999865e+02
-1.879908176259999948e+02 -1.879212686060000124e+02
-1.879952553710000132e+02 -1.879293015279999963e+02
-1.879953684669999916e+02 -1.879331807140000024e+02
-1.879776877369999966e+02 -1.879194903380000028e+02
-1.879622252709999941e+02 -1.879082630069999880e+02
-1.879671116030000064e+02 -1.879176581620000093e+02
-1.879760943089999898e+02 -1.879314834299999859e+02
-1.879814849560000027e+02 -1.879422112050000067e+02
-1.879789145059999953e+02 -1.879457638179999890e+02
-1.879639822729999992e+02 -1.879380581910000103e+02
-1.879511353830000076e+02 -1.879336629119999884e+02
-1.879537547710000069e+02 -1.879455767530000116e+02
-1.879634270640000011e+02 -1.879594537670000136e+02
-1.879626204829999949e+02 -1.879507396610000001e+02
-1.879467395350000061e+02 -1.879278432380000083e+02
-1.879453810500000088e+02 -1.879206440350000094e+02
-1.879625222249999865e+02 -1.879328710599999965e+02
-1.879791926519999947e+02 -1.879455388480000124e+02
-1.879877905619999865e+02 -1.879510894649999955e+02
-1.879833578319999958e+02 -1.879445506129999899e+02
-1.879734197930000050e+02 -1.879333201940000038e+02
-1.879778966099999877e+02 -1.879370114829999920e+02
-1.879920624979999957e+02 -1.879504969740000035e+02
-1.879943463019999967e+02 -1.879519662200000027e+02
-1.879780297689999884e+02 -1.879346665019999989e+02
-1.879612052059999883e+02 -1.879168159230000015e+02
-1.879662293130000137e+02 -1.879209414389999893e+02
-1.879834606770000107e+02 -1.879373723619999907e+02
-1.879983080279999967e+02 -1.879513152950000006e+02
-1.880030949840000005e+02 -1.879549083189999976e+02
-1.879932723050000050e+02 -1.879434618409999871e+02
-1.879849986080000122e+02 -1.879330405750000068e+02
-1.879989670669999953e+02 -1.879443619980000051e+02
-1.880154512990000057e+02 -1.879579280380000057e+02
-1.880106966580000005e+02 -1.879503900900000133e+02
-1.879905236580000008e+02 -1.879279478409999911e+02
-1.879818106099999966e+02 -1.879176170179999872e+02
-1.879941605420000030e+02 -1.879288017750000108e+02
-1.880102431939999974e+02 -1.879439424470000120e+02
-1.880172298699999942e+02 -1.879502484859999925e+02
-1.880087221899999861e+02 -1.879414051120000124e+02
-1.879920578980000130e+02 -1.879245866530000058e+02
-1.879914177070000108e+02 -1.879235829309999986e+02
-1.880066631009999867e+02 -1.879379237969999963e+02
-1.880138876219999986e+02 -1.879435746849999873e+02
-1.880056720419999863e+02 -1.879330737770000042e+02
-1.879953690060000042e+02 -1.879198046770000019e+02
-1.880030930510000076e+02 -1.879239539950000051e+02
-1.880243143669999881e+02 -1.879409824580000077e+02
-1.880416995360000101e+02 -1.879536963699999887e+02
-1.880462676580000050e+02 -1.879535118009999906e+02
-1.880376756080000007e+02 -1.879404425589999903e+02
-1.880288848470000005e+02 -1.879275756680000029e+02
-1.880342622240000026e+02 -1.879293327160000047e+02
-1.880429140960000041e+02 -1.879350220359999923e+02
-1.880385984890000088e+02 -1.879286915899999997e+02
-1.880246435749999989e+02 -1.879138586919999909e+02
-1.880215642039999864e+02 -1.879110493539999993e+02
-1.880376413639999953e+02 -1.879283934149999880e+02
-1.880553848319999872e+02 -1.879482479790000014e+02
-1.880603347610000071e+02 -1.879561262349999993e+02
-1.880511684340000045e+02 -1.879506495649999920e+02
-1.880388370420000115e+02 -1.879425517290000016e+02
-1.880369472149999979e+02 -1.879451802380000061e+02
-1.880388882990000070e+02 -1.879518270140000027e+02
-1.880293234220000045e+02 -1.879471230160000061e+02
-1.880069759159999876e+02 -1.879295442959999889e+02
-1.879885800860000131e+02 -1.879153979360000051e+02
-1.879919397330000095e+02 -1.879221748969999908e+02
-1.880057619339999917e+02 -1.879385348300000089e+02
-1.880119212550000043e+02 -1.879464648160000024e+02
-1.880087405090000061e+02 -1.879442825639999910e+02
-1.880039835110000013e+02 -1.879395037969999862e+02
-1.880062593490000040e+02 -1.879404223040000090e+02
-1.880163808329999995e+02 -1.879478679800000123e+02
-1.880212179099999901e+02 -1.879492305240000007e+02
-1.880114545570000075e+02 -1.879358842249999952e+02
-1.879948136989999909e+02 -1.879161427370000013e+02
-1.879946430079999971e+02 -1.879138497010000037e+02
-1.880128398610000033e+02 -1.879312867440000048e+02
-1.880246402129999979e+02 -1.879439277220000122e+02
-1.880201904570000124e+02 -1.879419993120000072e+02
-1.880069704510000008e+02 -1.879328702299999918e+02
-1.879955029690000003e+02 -1.879268387550000057e+02
-1.879939955600000019e+02 -1.879319535909999956e+02
-1.879949759040000004e+02 -1.879407925099999943e+02
-1.879836733319999951e+02 -1.879387203320000026e+02
-1.879592547320000051e+02 -1.879248748720000037e+02
-1.879400572319999867e+02 -1.879172668939999937e+02
-1.879449755649999929e+02 -1.879335159860000033e+02
-1.879612531340000032e+02 -1.879517141299999992e+02
-1.879688310249999859e+02 -1.879496190950000027e+02
-1.879647518579999996e+02 -1.879356288230000018e+02
-1.879598265109999886e+02 -1.879221642980000126e+02
-1.879625178100000085e+02 -1.879180624480000006e+02
-1.879765359380000120e+02 -1.879272487409999997e+02
-1.879873430519999999e+02 -1.879351690480000059e+02
-1.879809692880000114e+02 -1.879276695110000048e+02
-1.879644326389999947e+02 -1.879114735450000069e+02
-1.879633856629999968e+02 -1.879118282059999956e+02
-1.879815744240000015e+02 -1.879320696069999883e+02
-1.879894948609999972e+02 -1.879424145540000097e+02
-1.879796701079999934e+02 -1.879351586919999875e+02
-1.879663953520000064e+02 -1.879242726260000040e+02
-1.879582222870000123e+02 -1.879179420140000047e+02
-1.879613905520000117e+02 -1.879221385390000023e+02
-1.879710883289999970e+02 -1.879318775499999958e+02
-1.879730337070000132e+02 -1.879329104630000131e+02
-1.879642674570000054e+02 -1.879225928570000121e+02
-1.879556760229999952e+02 -1.879120783790000075e+02
-1.879633272060000024e+02 -1.879174428309999882e+02
-1.879788506019999943e+02 -1.879303591190000020e+02
-1.879839965360000065e+02 -1.879327808580000010e+02
-1.879830490319999967e+02 -1.879290886619999981e+02
-1.879809741120000126e+02 -1.879241334550000033e+02
-1.879790674950000096e+02 -1.879190511689999994e+02
-1.879859355929999936e+02 -1.879224398009999959e+02
-1.879973863900000026e+02 -1.879302384229999916e+02
-1.880026274399999977e+02 -1.879320079329999942e+02
-1.880004091899999992e+02 -1.879270340139999860e+02
-1.879945864560000075e+02 -1.879195216740000092e+02
-1.879954831869999907e+02 -1.879198233300000140e+02
-1.880000277229999881e+02 -1.879248428250000131e+02
-1.879987657480000109e+02 -1.879251045229999875e+02
-1.879941436580000129e+02 -1.879229042999999990e+02
-1.879866743119999910e+02 -1.879186390110000104e+02
-1.879813752350000016e+02 -1.879174053460000096e+02
-1.879797977400000093e+02 -1.879207694979999985e+02
-1.879758288840000091e+02 -1.879224424969999916e+02
-1.879709466729999860e+02 -1.879237591579999958e+02
-1.879629796959999908e+02 -1.879223095049999870e+02
-1.879507512520000034e+02 -1.879163250219999952e+02
-1.879434731229999898e+02 -1.879143985190000024e+02
-1.879414306479999937e+02 -1.879166488520000087e+02
-1.879409667669999919e+02 -1.879195580720000009e+02
-1.879374273239999980e+02 -1.879187848969999948e+02
-1.879290102479999973e+02 -1.879130051420000029e+02
-1.879230248490000008e+02 -1.879101630320000140e+02
-1.879236268509999945e+02 -1.879154951650000100e+02
-1.879289767310000059e+02 -1.879275235650000013e+02
-1.879434073559999945e+02 -1.879339469200000110e+02
-1.879528576909999913e+02 -1.879344242409999879e+02
-1.879612993430000074e+02 -1.879346764979999875e+02
-1.879737904570000069e+02 -1.879398241670000118e+02
-1.879838234240000077e+02 -1.879434601890000067e+02
-1.879863482929999918e+02 -1.879406621130000019e+02
-1.879817576350000081e+02 -1.879319911640000100e+02
-1.879756416399999921e+02 -1.879232345450000139e+02
-1.879722738989999868e+02 -1.879187501119999979e+02
-1.879737465110000016e+02 -1.879205938800000126e+02
-1.879803035770000008e+02 -1.879290801429999931e+02
-1.879824649379999926e+02 -1.879348768829999869e+02
-1.879748358429999939e+02 -1.879325316149999878e+02
-1.879672284769999919e+02 -1.879315090769999870e+02
-1.879677371999999878e+02 -1.879394445410000003e+02
-1.879679496560000018e+02 -1.879475506029999963e+02
-1.879580757580000068e+02 -1.879457776890000105e+02
-1.879430155219999961e+02 -1.879363031780000028e+02
-1.879376626559999863e+02 -1.879254700900000046e+02
-1.879424846320000029e+02 -1.879235838539999861e+02
-1.879553477160000057e+02 -1.879307279129999984e+02
-1.879673902680000026e+02 -1.879383999140000014e+02
-1.879713333699999964e+02 -1.879395095250000054e+02
-1.879704595979999908e+02 -1.879372609160000138e+02
-1.879716487439999923e+02 -1.879381340280000074e+02
-1.879736411199999964e+02 -1.879404197769999882e+02
-1.879706955839999978e+02 -1.879382514600000036e+02
-1.879635823810000090e+02 -1.879326041200000077e+02
-1.879563293159999944e+02 -1.879276768530000084e+02
-1.879510728989999961e+02 -1.879254229240000029e+02
-1.879511083680000070e+02 -1.879284463520000088e+02
-1.879538065369999913e+02 -1.879328742579999982e+02
-1.879511343570000008e+02 -1.879294259479999880e+02
-1.879450067450000006e+02 -1.879200284789999955e+02
-1.879462221379999960e+02 -1.879167436740000028e+02
-1.879558836820000067e+02 -1.879219505730000037e+02
-1.879631773339999938e+02 -1.879255083140000124e+02
-1.879638497710000138e+02 -1.879232733169999960e+02
-1.879649461310000049e+02 -1.879220671950000110e+02
-1.879721584659999962e+02 -1.879272543829999904e+02
-1.879831479730000012e+02 -1.879362532760000022e+02
-1.879917872270000032e+02 -1.879428759099999979e+02
-1.879932059829999957e+02 -1.879423075850000089e+02
-1.879879162860000008e+02 -1.879351723350000043e+02
-1.879837432079999928e+02 -1.879294613550000008e+02
-1.879841171090000103e+02 -1.879286550760000125e+02
-1.879834681659999944e+02 -1.879269935830000122e+02
-1.879772298180000121e+02 -1.879196204030000104e+02
-1.879703781880000122e+02 -1.879112349469999970e+02
-1.879724884009999926e+02 -1.879111745399999904e+02
-1.879845930760000101e+02 -1.879203870640000105e+02
-1.880002132029999871e+02 -1.879325257579999970e+02
-1.880128433010000037e+02 -1.879412631609999949e+02
-1.880181763919999867e+02 -1.879423572549999903e+02
-1.880199945470000102e+02 -1.879396959080000045e+02
-1.880258806040000081e+02 -1.879411521199999981e+02
-1.880340281500000117e+02 -1.879452768980000030e+02
-1.880361458819999996e+02 -1.879439570030000084e+02
-1.880279154940000126e+02 -1.879327950999999928e+02
-1.880182949459999975e+02 -1.879205864259999998e+02
-1.880197007190000136e+02 -1.879197022030000142e+02
-1.880273746780000010e+02 -1.879255533280000066e+02
-1.880272511660000134e+02 -1.879243593079999926e+02
-1.880224498860000040e+02 -1.879193422509999891e+02
-1.880214682179999954e+02 -1.879187444869999979e+02
-1.880278696700000012e+02 -1.879257196940000085e+02
-1.880389888159999998e+02 -1.879373482089999925e+02
-1.880440632510000114e+02 -1.879427634479999938e+02
-1.880402621689999876e+02 -1.879390296009999872e+02
-1.880329736049999951e+02 -1.879314377640000089e+02
-1.880301306739999916e+02 -1.879279250220000108e+02
-1.880340990130000023e+02 -1.879309590660000140e+02
-1.880369854719999978e+02 -1.879327386900000079e+02
-1.880360678849999942e+02 -1.879305535919999954e+02
-1.880353060109999888e+02 -1.879284108049999986e+02
-1.880347982250000030e+02 -1.879267111919999991e+02
-1.880397734629999889e+02 -1.879312385009999957e+02
-1.880441128219999882e+02 -1.879363216520000037e+02
-1.880378990289999876e+02 -1.879321156119999898e+02
-1.880241595930000074e+02 -1.879213407940000025e+02
-1.880142187110000123e+02 -1.879148249039999996e+02
-1.880174344410000060e+02 -1.879215258760000040e+02
-1.880246025760000066e+02 -1.879320076340000014e+02
-1.880213578679999955e+02 -1.879316432710000129e+02
-1.880147181929999931e+02 -1.879271584859999962e+02
-1.880147000839999976e+02 -1.879285258760000090e+02
-1.880181576619999930e+02 -1.879328600329999972e+02
-1.880194642440000052e+02 -1.879348738870000091e+02
-1.880133458870000140e+02 -1.879295287699999903e+02
-1.880017335990000049e+02 -1.879187931399999911e+02
-1.879928913880000039e+02 -1.879108572350000088e+02
-1.879940181219999999e+02 -1.879129549630000042e+02
-1.880045075449999956e+02 -1.879245418259999951e+02
-1.880109883140000022e+02 -1.879319914509999876e+02
-1.880074211449999950e+02 -1.879286867929999971e+02
-1.880026459229999887e+02 -1.879230072359999895e+02
-1.880063451780000037e+02 -1.879247049980000099e+02
-1.880176604220000058e+02 -1.879335060139999882e+02
-1.880217610059999913e+02 -1.879353070040000091e+02
-1.880140207640000085e+02 -1.879260355520000019e+02
-1.880017005059999917e+02 -1.879132068279999999e+02
-1.879941463469999974e+02 -1.879060992169999906e+02
-1.879988240819999987e+02 -1.879118924500000105e+02
-1.880071447880000051e+02 -1.879217542799999876e+02
-1.880035967970000002e+02 -1.879201232869999956e+02
-1.879936337279999918e+02 -1.879125285229999918e+02
-1.879912159339999960e+02 -1.879131229060000123e+02
-1.880008011330000102e+02 -1.879265844010000137e+02
-1.880098512639999910e+02 -1.879403397209999866e+02
-1.880061812659999987e+02 -1.879417876189999959e+02
-1.879945924749999904e+02 -1.879351041310000028e+02
-1.879850818170000082e+02 -1.879298044939999954e+02
-1.879831248049999886e+02 -1.879313060030000031e+02
-1.879869607489999908e+02 -1.879381468329999905e+02
-1.879841311819999987e+02 -1.879381664430000001e+02
-1.879701127229999997e+02 -1.879267352990000006e+02
-1.879575742540000078e+02 -1.879159308049999879e+02
-1.879621917759999974e+02 -1.879206343030000141e+02
-1.879822154379999972e+02 -1.879384809619999999e+02
-1.879953755180000030e+02 -1.879472022079999931e+02
-1.879957195890000037e+02 -1.879415756699999918e+02
-1.879921321790000093e+02 -1.879314566639999953e+02
-1.879950852759999975e+02 -1.879279753220000089e+02
-1.880104025409999906e+02 -1.879371781129999874e+02
-1.880267596070000025e+02 -1.879478650849999894e+02
-1.880276608220000014e+02 -1.879438391379999871e+02
-1.880162614390000044e+02 -1.879286070709999876e+02
-1.880075699189999909e+02 -1.879173960450000038e+02
-1.880109151309999902e+02 -1.879195839310000054e+02
-1.880186723669999935e+02 -1.879275796899999875e+02
-1.880168105909999952e+02 -1.879273782530000005e+02
-1.880066034470000034e+02 -1.879200317160000111e+02
-1.879968660419999935e+02 -1.879138737279999987e+02
-1.879956989110000052e+02 -1.879165458649999891e+02
-1.880023492059999910e+02 -1.879271060199999965e+02
-1.880043433209999932e+02 -1.879332418740000037e+02
