         0         0.0000000000      -188.0498494350      -187.9147207850      -187.9147207850
         1         0.5000000000      -188.0495921860      -187.9151067440      -187.9151067440
         2         1.0000000000      -188.0470055220      -187.9132740990      -187.9132740990
         3         1.5000000000      -188.0434772990      -187.9105774800      -187.9105774800
         4         2.0000000000      -188.0415316900      -187.9095067050      -187.9095067050
         5         2.5000000000      -188.0422034750      -187.9110664520      -187.9110664520
         6         3.0000000000      -188.0442176750      -187.9139658850      -187.9139658850
         7         3.5000000000      -188.0463654690      -187.9170001450      -187.9170001450
         8         4.0000000000      -188.0484512740      -187.9199885370      -187.9199885370
         9         4.5000000000      -188.0493845180      -187.9218514980      -187.9218514980
        10         5.0000000000      -188.0469176990      -187.9203435090      -187.9203435090
        11         5.5000000000      -188.0402807780      -187.9146935980      -187.9146935980
        12         6.0000000000      -188.0319258080      -187.9073581980      -187.9073581980
        13         6.5000000000      -188.0258166550      -187.9023151630      -187.9023151630
        14         7.0000000000      -188.0239031290      -187.9015366250      -187.9015366250
        15         7.5000000000      -188.0248862870      -187.9037503630      -187.9037503630
        16         8.0000000000      -188.0263927940      -187.9066085840      -187.9066085840
        17         8.5000000000      -188.0272871760      -187.9089924940      -187.9089924940
        18         9.0000000000      -188.0278867560      -187.9112202240      -187.9112202240
        19         9.5000000000      -188.0288774880      -187.9139595010      -187.9139595010
        20        10.0000000000      -188.0302889450      -187.9172033860      -187.9172033860
        21        10.5000000000      -188.0311506000      -187.9199289840      -187.9199289840
        22        11.0000000000      -188.0299856200      -187.9205954680      -187.9205954680
        23        11.5000000000      -188.0260307510      -187.9183720920      -187.9183720920
        24        12.0000000000      -188.0203937080      -187.9143091620      -187.9143091620
        25        12.5000000000      -188.0155812200      -187.9108824760      -187.9108824760
        26        13.0000000000      -188.0132762080      -187.9097796030      -187.9097796030
        27        13.5000000000      -188.0134675210      -187.9110251680      -187.9110251680
        28        14.0000000000      -188.0159611080      -187.9144774500      -187.9144774500
        29        14.5000000000      -188.0204030940      -187.9198349620      -187.9198349620
        30        15.0000000000      -188.0245424760      -187.9248901230      -187.9248901230
        31        15.5000000000      -188.0248753670      -187.9261747240      -187.9261747240
        32        16.0000000000      -188.0195354130      -187.9218555740      -187.9218555740
        33        16.5000000000      -188.0101271420      -187.9135685830      -187.9135685830
        34        17.0000000000      -188.0010330730      -187.9057223610      -187.9057223610
        35        17.5000000000      -187.9964024710      -187.9024830280      -187.9024830280
        36        18.0000000000      -187.9971012510      -187.9047221110      -187.9047221110
        37        18.5000000000      -188.0008771100      -187.9101818040      -187.9101818040
        38        19.0000000000      -188.0050741580      -187.9161905920      -187.9161905920
        39        19.5000000000      -188.0083631840      -187.9213951850      -187.9213951850
        40        20.0000000000      -188.0104374230      -187.9254588660      -187.9254588660
        41        20.5000000000      -188.0110566520      -187.9281091150      -187.9281091150
        42        21.0000000000      -188.0096432200      -187.9287368160      -187.9287368160
        43        21.5000000000      -188.0057592550      -187.9268755340      -187.9268755340
        44        22.0000000000      -188.0000752150      -187.9231713500      -187.9231713500
        45        22.5000000000      -187.9946301710      -187.9196460630      -187.9196460630
        46        23.0000000000      -187.9913507750      -187.9182216640      -187.9182216640
        47        23.5000000000      -187.9903696650      -187.9190433030      -187.9190433030
        48        24.0000000000      -187.9908176260      -187.9212686060      -187.9212686060
        49        24.5000000000      -187.9925191490      -187.9247528280      -187.9247528280
        50        25.0000000000      -187.9952553710      -187.9293015280      -187.9293015280
        51        25.5000000000      -187.9971511670      -187.9330542100      -187.9330542100
        52        26.0000000000      -187.9953684670      -187.9331807140      -187.9331807140
        53        26.5000000000      -187.9883930500      -187.9281710330      -187.9281710330
        54        27.0000000000      -187.9776877370      -187.9194903380      -187.9194903380
        55        27.5000000000      -187.9675084600      -187.9113965790      -187.9113965790
        56        28.0000000000      -187.9622252710      -187.9082630070      -187.9082630070
        57        28.5000000000      -187.9629003060      -187.9111558260      -187.9111558260
        58        29.0000000000      -187.9671116030      -187.9176581620      -187.9176581620
        59        29.5000000000      -187.9719575630      -187.9248768880      -187.9248768880
        60        30.0000000000      -187.9760943090      -187.9314834300      -187.9314834300
        61        30.5000000000      -187.9793385850      -187.9373188280      -187.9373188280
        62        31.0000000000      -187.9814849560      -187.9422112050      -187.9422112050
        63        31.5000000000      -187.9817201660      -187.9453881810      -187.9453881810
        64        32.0000000000      -187.9789145060      -187.9457638180      -187.9457638180
        65        32.5000000000      -187.9725938100      -187.9429034250      -187.9429034250
        66        33.0000000000      -187.9639822730      -187.9380581910      -187.9380581910
        67        33.5000000000      -187.9559174090      -187.9340726780      -187.9340726780
        68        34.0000000000      -187.9511353830      -187.9336629120      -187.9336629120
        69        34.5000000000      -187.9506626120      -187.9377941110      -187.9377941110
        70        35.0000000000      -187.9537547710      -187.9455767530      -187.9455767530
        71        35.5000000000      -187.9584440630      -187.9544675810      -187.9544675810
        72        36.0000000000      -187.9634270640      -187.9594537670      -187.9594537670
        73        36.5000000000      -187.9658288720      -187.9579594090      -187.9579594090
        74        37.0000000000      -187.9626204830      -187.9507396610      -187.9507396610
        75        37.5000000000      -187.9549467350      -187.9393879040      -187.9393879040
        76        38.0000000000      -187.9467395350      -187.9278432380      -187.9278432380
        77        38.5000000000      -187.9427764030      -187.9208348730      -187.9208348730
        78        39.0000000000      -187.9453810500      -187.9206440350      -187.9206440350
        79        39.5000000000      -187.9530272870      -187.9257219650      -187.9257219650
        80        40.0000000000      -187.9625222250      -187.9328710600      -187.9328710600
        81        40.5000000000      -187.9715727420      -187.9398030050      -187.9398030050
        82        41.0000000000      -187.9791926520      -187.9455388480      -187.9455388480
        83        41.5000000000      -187.9848399170      -187.9495418830      -187.9495418830
        84        42.0000000000      -187.9877905620      -187.9510894650      -187.9510894650
        85        42.5000000000      -187.9872874330      -187.9494202360      -187.9494202360
        86        43.0000000000      -187.9833578320      -187.9445506130      -187.9445506130
        87        43.5000000000      -187.9776897390      -187.9381489630      -187.9381489630
        88        44.0000000000      -187.9734197930      -187.9333201940      -187.9333201940
        89        44.5000000000      -187.9733205820      -187.9327910870      -187.9327910870
        90        45.0000000000      -187.9778966100      -187.9370114830      -187.9370114830
        91        45.5000000000      -187.9851934080      -187.9439754940      -187.9439754940
        92        46.0000000000      -187.9920624980      -187.9504969740      -187.9504969740
        93        46.5000000000      -187.9956564980      -187.9537066220      -187.9537066220
        94        47.0000000000      -187.9943463020      -187.9519662200      -187.9519662200
        95        47.5000000000      -187.9879784970      -187.9451234840      -187.9451234840
        96        48.0000000000      -187.9780297690      -187.9346665020      -187.9346665020
        97        48.5000000000      -187.9677450760      -187.9238615620      -187.9238615620
        98        49.0000000000      -187.9612052060      -187.9168159230      -187.9168159230
        99        49.5000000000      -187.9609193990      -187.9160602390      -187.9160602390
       100        50.0000000000      -187.9662293130      -187.9209414390      -187.9209414390
       101        50.5000000000      -187.9745287530      -187.9288397770      -187.9288397770
       102        51.0000000000      -187.9834606770      -187.9373723620      -187.9373723620
       103        51.5000000000      -187.9916708600      -187.9451563870      -187.9451563870
       104        52.0000000000      -187.9983080280      -187.9513152950      -187.9513152950
       105        52.5000000000      -188.0024568990      -187.9549128230      -187.9549128230
       106        53.0000000000      -188.0030949840      -187.9549083190      -187.9549083190
       107        53.5000000000      -187.9996945180      -187.9507572640      -187.9507572640
       108        54.0000000000      -187.9932723050      -187.9434618410      -187.9434618410
       109        54.5000000000      -187.9869948980      -187.9361784760      -187.9361784760
       110        55.0000000000      -187.9849986080      -187.9330405750      -187.9330405750
       111        55.5000000000      -187.9895230430      -187.9362951780      -187.9362951780
       112        56.0000000000      -187.9989670670      -187.9443619980      -187.9443619980
       113        56.5000000000      -188.0090091970      -187.9529558270      -187.9529558270
       114        57.0000000000      -188.0154512990      -187.9579280380      -187.9579280380
       115        57.5000000000      -188.0160520010      -187.9570931090      -187.9570931090
       116        58.0000000000      -188.0106966580      -187.9503900900      -187.9503900900
       117        58.5000000000      -188.0010778900      -187.9395559770      -187.9395559770
       118        59.0000000000      -187.9905236580      -187.9279478410      -187.9279478410
       119        59.5000000000      -187.9831615790      -187.9197011510      -187.9197011510
       120        60.0000000000      -187.9818106100      -187.9176170180      -187.9176170180
       121        60.5000000000      -187.9862897380      -187.9214766740      -187.9214766740
       122        61.0000000000      -187.9941605420      -187.9288017750      -187.9288017750
       123        61.5000000000      -188.0027611480      -187.9369067160      -187.9369067160
       124        62.0000000000      -188.0102431940      -187.9439424470      -187.9439424470
       125        62.5000000000      -188.0153939100      -187.9487114630      -187.9487114630
       126        63.0000000000      -188.0172298700      -187.9502484860      -187.9502484860
       127        63.5000000000      -188.0149996840      -187.9478101650      -187.9478101650
       128        64.0000000000      -188.0087221900      -187.9414051120      -187.9414051120
       129        64.5000000000      -187.9999713400      -187.9325763500      -187.9325763500
       130        65.0000000000      -187.9920578980      -187.9245866530      -187.9245866530
       131        65.5000000000      -187.9886661550      -187.9210650310      -187.9210650310
       132        66.0000000000      -187.9914177070      -187.9235829310      -187.9235829310
       133        66.5000000000      -187.9986298410      -187.9304221630      -187.9304221630
       134        67.0000000000      -188.0066631010      -187.9379237970      -187.9379237970
       135        67.5000000000      -188.0122902290      -187.9428512080      -187.9428512080
       136        68.0000000000      -188.0138876220      -187.9435746850      -187.9435746850
       137        68.5000000000      -188.0113207380      -187.9399547880      -187.9399547880
       138        69.0000000000      -188.0056720420      -187.9330737770      -187.9330737770
       139        69.5000000000      -187.9992822190      -187.9252801120      -187.9252801120
       140        70.0000000000      -187.9953690060      -187.9198046770      -187.9198046770
       141        70.5000000000      -187.9965233720      -187.9192473240      -187.9192473240
       142        71.0000000000      -188.0030930510      -187.9239539950      -187.9239539950
       143        71.5000000000      -188.0132211550      -187.9320617610      -187.9320617610
       144        72.0000000000      -188.0243143670      -187.9409824580      -187.9409824580
       145        72.5000000000      -188.0342585250      -187.9486293880      -187.9486293880
       146        73.0000000000      -188.0416995360      -187.9536963700      -187.9536963700
       147        73.5000000000      -188.0458350750      -187.9554385090      -187.9554385090
       148        74.0000000000      -188.0462676580      -187.9535118010      -187.9535118010
       149        74.5000000000      -188.0431705740      -187.9481287940      -187.9481287940
       150        75.0000000000      -188.0376756080      -187.9404425590      -187.9404425590
       151        75.5000000000      -188.0320230390      -187.9327002490      -187.9327002490
       152        76.0000000000      -188.0288848470      -187.9275756680      -187.9275756680
       153        76.5000000000      -188.0298580150      -187.9266733290      -187.9266733290
       154        77.0000000000      -188.0342622240      -187.9293327160      -187.9293327160
       155        77.5000000000      -188.0395416260      -187.9330301080      -187.9330301080
       156        78.0000000000      -188.0429140960      -187.9350220360      -187.9350220360
       157        78.5000000000      -188.0426873300      -187.9336536270      -187.9336536270
       158        79.0000000000      -188.0385984890      -187.9286915900      -187.9286915900
       159        79.5000000000      -188.0317655120      -187.9212724950      -187.9212724950
       160        80.0000000000      -188.0246435750      -187.9138586920      -187.9138586920
       161        80.5000000000      -188.0204474300      -187.9096605920      -187.9096605920
       162        81.0000000000      -188.0215642040      -187.9110493540      -187.9110493540
       163        81.5000000000      -188.0280230450      -187.9180294770      -187.9180294770
       164        82.0000000000      -188.0376413640      -187.9283934150      -187.9283934150
       165        82.5000000000      -188.0475343130      -187.9392402070      -187.9392402070
       166        83.0000000000      -188.0553848320      -187.9482479790      -187.9482479790
       167        83.5000000000      -188.0598263460      -187.9540516800      -187.9540516800
       168        84.0000000000      -188.0603347610      -187.9561262350      -187.9561262350
       169        84.5000000000      -188.0571173590      -187.9546684440      -187.9546684440
       170        85.0000000000      -188.0511684340      -187.9506495650      -187.9506495650
       171        85.5000000000      -188.0443154230      -187.9458635510      -187.9458635510
       172        86.0000000000      -188.0388370420      -187.9425517290      -187.9425517290
       173        86.5000000000      -188.0364058210      -187.9423549510      -187.9423549510
       174        87.0000000000      -188.0369472150      -187.9451802380      -187.9451802380
       175        87.5000000000      -188.0385929560      -187.9491551260      -187.9491551260
       176        88.0000000000      -188.0388882990      -187.9518270140      -187.9518270140
       177        88.5000000000      -188.0360344790      -187.9513927810      -187.9513927810
       178        89.0000000000      -188.0293234220      -187.9471230160      -187.9471230160
       179        89.5000000000      -188.0191201780      -187.9393415120      -187.9393415120
       180        90.0000000000      -188.0069759160      -187.9295442960      -187.9295442960
       181        90.5000000000      -187.9957021510      -187.9204854630      -187.9204854630
       182        91.0000000000      -187.9885800860      -187.9153979360      -187.9153979360
       183        91.5000000000      -187.9875570720      -187.9161968500      -187.9161968500
       184        92.0000000000      -187.9919397330      -187.9221748970      -187.9221748970
       185        92.5000000000      -187.9990026670      -187.9306102560      -187.9306102560
       186        93.0000000000      -188.0057619340      -187.9385348300      -187.9385348300
       187        93.5000000000      -188.0102741520      -187.9440228570      -187.9440228570
       188        94.0000000000      -188.0119212550      -187.9464648160      -187.9464648160
       189        94.5000000000      -188.0110947410      -187.9462445110      -187.9462445110
       190        95.0000000000      -188.0087405090      -187.9442825640      -187.9442825640
       191        95.5000000000      -188.0059888380      -187.9416697720      -187.9416697720
       192        96.0000000000      -188.0039835110      -187.9395037970      -187.9395037970
       193        96.5000000000      -188.0038281620      -187.9388483390      -187.9388483390
       194        97.0000000000      -188.0062593490      -187.9404223040      -187.9404223040
       195        97.5000000000      -188.0109709330      -187.9439376980      -187.9439376980
       196        98.0000000000      -188.0163808330      -187.9478679800      -187.9478679800
       197        98.5000000000      -188.0203604000      -187.9501660000      -187.9501660000
       198        99.0000000000      -188.0212179100      -187.9492305240      -187.9492305240
       199        99.5000000000      -188.0181649710      -187.9443597860      -187.9443597860
       200       100.0000000000      -188.0114545570      -187.9358842250      -187.9358842250
       201       100.5000000000      -188.0026569200      -187.9254432460      -187.9254432460
       202       101.0000000000      -187.9948136990      -187.9161427370      -187.9161427370
       203       101.5000000000      -187.9915023430      -187.9116203990      -187.9116203990
       204       102.0000000000      -187.9946430080      -187.9138497010      -187.9138497010
       205       102.5000000000      -188.0029494660      -187.9215878620      -187.9215878620
       206       103.0000000000      -188.0128398610      -187.9312867440      -187.9312867440
       207       103.5000000000      -188.0207477320      -187.9394054770      -187.9394054770
       208       104.0000000000      -188.0246402130      -187.9439277220      -187.9439277220
       209       104.5000000000      -188.0241792570      -187.9445200650      -187.9445200650
       210       105.0000000000      -188.0201904570      -187.9419993120      -187.9419993120
       211       105.5000000000      -188.0140059160      -187.9376771890      -187.9376771890
       212       106.0000000000      -188.0069704510      -187.9328702300      -187.9328702300
       213       106.5000000000      -188.0003542330      -187.9288178100      -187.9288178100
       214       107.0000000000      -187.9955029690      -187.9268387550      -187.9268387550
       215       107.5000000000      -187.9934623450      -187.9279629000      -187.9279629000
       216       108.0000000000      -187.9939955600      -187.9319535910      -187.9319535910
       217       108.5000000000      -187.9952892610      -187.9370122080      -187.9370122080
       218       109.0000000000      -187.9949759040      -187.9407925100      -187.9407925100
       219       109.5000000000      -187.9913267060      -187.9415829630      -187.9415829630
       220       110.0000000000      -187.9836733320      -187.9387203320      -187.9387203320
       221       110.5000000000      -187.9724230390      -187.9326008590      -187.9326008590
       222       111.0000000000      -187.9592547320      -187.9248748720      -187.9248748720
       223       111.5000000000      -187.9472578240      -187.9185828660      -187.9185828660
       224       112.0000000000      -187.9400572320      -187.9172668940      -187.9172668940
       225       112.5000000000      -187.9396741180      -187.9227787530      -187.9227787530
       226       113.0000000000      -187.9449755650      -187.9335159860      -187.9335159860
       227       113.5000000000      -187.9529661290      -187.9448601470      -187.9448601470
       228       114.0000000000      -187.9612531340      -187.9517141300      -187.9517141300
       229       114.5000000000      -187.9669887900      -187.9529386400      -187.9529386400
       230       115.0000000000      -187.9688310250      -187.9496190950      -187.9496190950
       231       115.5000000000      -187.9675651900      -187.9432613880      -187.9432613880
       232       116.0000000000      -187.9647518580      -187.9356288230      -187.9356288230
       233       116.5000000000      -187.9618320810      -187.9282405220      -187.9282405220
       234       117.0000000000      -187.9598265110      -187.9221642980      -187.9221642980
       235       117.5000000000      -187.9596960490      -187.9184010550      -187.9184010550
       236       118.0000000000      -187.9625178100      -187.9180624480      -187.9180624480
       237       118.5000000000      -187.9686070450      -187.9214860240      -187.9214860240
       238       119.0000000000      -187.9765359380      -187.9272487410      -187.9272487410
       239       119.5000000000      -187.9836105660      -187.9326458720      -187.9326458720
       240       120.0000000000      -187.9873430520      -187.9351690480      -187.9351690480
       241       120.5000000000      -187.9864279010      -187.9334864020      -187.9334864020
       242       121.0000000000      -187.9809692880      -187.9276695110      -187.9276695110
       243       121.5000000000      -187.9725765480      -187.9192871310      -187.9192871310
       244       122.0000000000      -187.9644326390      -187.9114735450      -187.9114735450
       245       122.5000000000      -187.9605252940      -187.9081619840      -187.9081619840
       246       123.0000000000      -187.9633856630      -187.9118282060      -187.9118282060
       247       123.5000000000      -187.9718414010      -187.9212498410      -187.9212498410
       248       124.0000000000      -187.9815744240      -187.9320696070      -187.9320696070
       249       124.5000000000      -187.9881699320      -187.9398438300      -187.9398438300
       250       125.0000000000      -187.9894948610      -187.9424145540      -187.9424145540
       251       125.5000000000      -187.9859912600      -187.9401948990      -187.9401948990
       252       126.0000000000      -187.9796701080      -187.9351586920      -187.9351586920
       253       126.5000000000      -187.9727041210      -187.9294335010      -187.9294335010
       254       127.0000000000      -187.9663953520      -187.9242726260      -187.9242726260
       255       127.5000000000      -187.9613130910      -187.9201995260      -187.9201995260
       256       128.0000000000      -187.9582222870      -187.9179420140      -187.9179420140
       257       128.5000000000      -187.9581837720      -187.9185322270      -187.9185322270
       258       129.0000000000      -187.9613905520      -187.9221385390      -187.9221385390
       259       129.5000000000      -187.9664334590      -187.9273310570      -187.9273310570
       260       130.0000000000      -187.9710883290      -187.9318775500      -187.9318775500
       261       130.5000000000      -187.9735613230      -187.9339980970      -187.9339980970
       262       131.0000000000      -187.9730337070      -187.9329104630      -187.9329104630
       263       131.5000000000      -187.9696193040      -187.9287773230      -187.9287773230
       264       132.0000000000      -187.9642674570      -187.9225928570      -187.9225928570
       265       132.5000000000      -187.9587849520      -187.9161904540      -187.9161904540
       266       133.0000000000      -187.9556760230      -187.9120783790      -187.9120783790
       267       133.5000000000      -187.9571423400      -187.9124494700      -187.9124494700
       268       134.0000000000      -187.9633272060      -187.9174428310      -187.9174428310
       269       134.5000000000      -187.9716990050      -187.9245394030      -187.9245394030
       270       135.0000000000      -187.9788506020      -187.9303591190      -187.9303591190
       271       135.5000000000      -187.9828637290      -187.9330134220      -187.9330134220
       272       136.0000000000      -187.9839965360      -187.9327808580      -187.9327808580
       273       136.5000000000      -187.9836773830      -187.9310950570      -187.9310950570
       274       137.0000000000      -187.9830490320      -187.9290886620      -187.9290886620
       275       137.5000000000      -187.9822589420      -187.9268875290      -187.9268875290
       276       138.0000000000      -187.9809741120      -187.9241334550      -187.9241334550
       277       138.5000000000      -187.9794748480      -187.9210878620      -187.9210878620
       278       139.0000000000      -187.9790674950      -187.9190511690      -187.9190511690
       279       139.5000000000      -187.9811717890      -187.9194486160      -187.9194486160
       280       140.0000000000      -187.9859355930      -187.9224398010      -187.9224398010
       281       140.5000000000      -187.9919603080      -187.9266449330      -187.9266449330
       282       141.0000000000      -187.9973863900      -187.9302384230      -187.9302384230
       283       141.5000000000      -188.0010327760      -187.9320935220      -187.9320935220
       284       142.0000000000      -188.0026274400      -187.9320079330      -187.9320079330
       285       142.5000000000      -188.0023428020      -187.9302254920      -187.9302254920
       286       143.0000000000      -188.0004091900      -187.9270340140      -187.9270340140
       287       143.5000000000      -187.9973683270      -187.9230081110      -187.9230081110
       288       144.0000000000      -187.9945864560      -187.9195216740      -187.9195216740
       289       144.5000000000      -187.9937917760      -187.9182960850      -187.9182960850
       290       145.0000000000      -187.9954831870      -187.9198233300      -187.9198233300
       291       145.5000000000      -187.9982239110      -187.9226667720      -187.9226667720
       292       146.0000000000      -188.0000277230      -187.9248428250      -187.9248428250
       293       146.5000000000      -188.0000605580      -187.9255130760      -187.9255130760
       294       147.0000000000      -187.9987657480      -187.9251045230      -187.9251045230
       295       147.5000000000      -187.9967782200      -187.9242273160      -187.9242273160
       296       148.0000000000      -187.9941436580      -187.9229043000      -187.9229043000
       297       148.5000000000      -187.9906512460      -187.9209145790      -187.9209145790
       298       149.0000000000      -187.9866743120      -187.9186390110      -187.9186390110
       299       149.5000000000      -187.9832988660      -187.9171816230      -187.9171816230
       300       150.0000000000      -187.9813752350      -187.9174053460      -187.9174053460
       301       150.5000000000      -187.9805924220      -187.9189932160      -187.9189932160
       302       151.0000000000      -187.9797977400      -187.9207694980      -187.9207694980
       303       151.5000000000      -187.9781659260      -187.9218819290      -187.9218819290
       304       152.0000000000      -187.9758288840      -187.9224424970      -187.9224424970
       305       152.5000000000      -187.9733879170      -187.9230394770      -187.9230394770
       306       153.0000000000      -187.9709466730      -187.9237591580      -187.9237591580
       307       153.5000000000      -187.9677561830      -187.9238163170      -187.9238163170
       308       154.0000000000      -187.9629796960      -187.9223095050      -187.9223095050
       309       154.5000000000      -187.9568353290      -187.9193675710      -187.9193675710
       310       155.0000000000      -187.9507512520      -187.9163250220      -187.9163250220
       311       155.5000000000      -187.9461827290      -187.9145655970      -187.9145655970
       312       156.0000000000      -187.9434731230      -187.9143985190      -187.9143985190
       313       156.5000000000      -187.9420729820      -187.9152720390      -187.9152720390
       314       157.0000000000      -187.9414306480      -187.9166488520      -187.9166488520
       315       157.5000000000      -187.9412209590      -187.9182259770      -187.9182259770
       316       158.0000000000      -187.9409667670      -187.9195580720      -187.9195580720
       317       158.5000000000      -187.9399138490      -187.9199366650      -187.9199366650
       318       159.0000000000      -187.9374273240      -187.9187848970      -187.9187848970
       319       159.5000000000      -187.9335141870      -187.9161732540      -187.9161732540
       320       160.0000000000      -187.9290102480      -187.9130051420      -187.9130051420
       321       160.5000000000      -187.9251965820      -187.9106452550      -187.9106452550
       322       161.0000000000      -187.9230248490      -187.9101630320      -187.9101630320
       323       161.5000000000      -187.9226306090      -187.9118513040      -187.9118513040
       324       162.0000000000      -187.9236268510      -187.9154951650      -187.9154951650
       325       162.5000000000      -187.9256948960      -187.9208979720      -187.9208979720
       326       163.0000000000      -187.9289767310      -187.9275235650      -187.9275235650
       327       163.5000000000      -187.9362357310      -187.9314544100      -187.9314544100
       328       164.0000000000      -187.9434073560      -187.9339469200      -187.9339469200
       329       164.5000000000      -187.9488960960      -187.9348583310      -187.9348583310
       330       165.0000000000      -187.9528576910      -187.9344242410      -187.9344242410
       331       165.5000000000      -187.9565547670      -187.9339247830      -187.9339247830
       332       166.0000000000      -187.9612993430      -187.9346764980      -187.9346764980
       333       166.5000000000      -187.9673304260      -187.9369248850      -187.9369248850
       334       167.0000000000      -187.9737904570      -187.9398241670      -187.9398241670
       335       167.5000000000      -187.9795566300      -187.9422660630      -187.9422660630
       336       168.0000000000      -187.9838234240      -187.9434601890      -187.9434601890
       337       168.5000000000      -187.9861392840      -187.9429712240      -187.9429712240
       338       169.0000000000      -187.9863482930      -187.9406621130      -187.9406621130
       339       169.5000000000      -187.9846710950      -187.9367766050      -187.9367766050
       340       170.0000000000      -187.9817576350      -187.9319911640      -187.9319911640
       341       170.5000000000      -187.9785000870      -187.9272235780      -187.9272235780
       342       171.0000000000      -187.9756416400      -187.9232345450      -187.9232345450
       343       171.5000000000      -187.9735224170      -187.9203684600      -187.9203684600
       344       172.0000000000      -187.9722738990      -187.9187501120      -187.9187501120
       345       172.5000000000      -187.9722077840      -187.9186836770      -187.9186836770
       346       173.0000000000      -187.9737465110      -187.9205938800      -187.9205938800
       347       173.5000000000      -187.9767950850      -187.9244015340      -187.9244015340
       348       174.0000000000      -187.9803035770      -187.9290801430      -187.9290801430
       349       174.5000000000      -187.9826352530      -187.9330122890      -187.9330122890
       350       175.0000000000      -187.9824649380      -187.9348768830      -187.9348768830
       351       175.5000000000      -187.9795326230      -187.9343967120      -187.9343967120
       352       176.0000000000      -187.9748358430      -187.9325316150      -187.9325316150
       353       176.5000000000      -187.9701729830      -187.9310274100      -187.9310274100
       354       177.0000000000      -187.9672284770      -187.9315090770      -187.9315090770
       355       177.5000000000      -187.9666621800      -187.9345777290      -187.9345777290
       356       178.0000000000      -187.9677372000      -187.9394445410      -187.9394445410
       357       178.5000000000      -187.9687463900      -187.9443599750      -187.9443599750
       358       179.0000000000      -187.9679496560      -187.9475506030      -187.9475506030
       359       179.5000000000      -187.9643703010      -187.9480132050      -187.9480132050
       360       180.0000000000      -187.9580757580      -187.9457776890      -187.9457776890
       361       180.5000000000      -187.9501537740      -187.9416640010      -187.9416640010
       362       181.0000000000      -187.9430155220      -187.9363031780      -187.9363031780
       363       181.5000000000      -187.9390008550      -187.9302106370      -187.9302106370
       364       182.0000000000      -187.9376626560      -187.9254700900      -187.9254700900
       365       182.5000000000      -187.9388074310      -187.9231697210      -187.9231697210
       366       183.0000000000      -187.9424846320      -187.9235838540      -187.9235838540
       367       183.5000000000      -187.9483291620      -187.9264185460      -187.9264185460
       368       184.0000000000      -187.9553477160      -187.9307279130      -187.9307279130
       369       184.5000000000      -187.9621331960      -187.9351433630      -187.9351433630
       370       185.0000000000      -187.9673902680      -187.9383999140      -187.9383999140
       371       185.5000000000      -187.9704178730      -187.9398154380      -187.9398154380
       372       186.0000000000      -187.9713333700      -187.9395095250      -187.9395095250
       373       186.5000000000      -187.9709728210      -187.9382981040      -187.9382981040
       374       187.0000000000      -187.9704595980      -187.9372609160      -187.9372609160
       375       187.5000000000      -187.9706315490      -187.9371746350      -187.9371746350
       376       188.0000000000      -187.9716487440      -187.9381340280      -187.9381340280
       377       188.5000000000      -187.9729610610      -187.9395349310      -187.9395349310
       378       189.0000000000      -187.9736411200      -187.9404197770      -187.9404197770
       379       189.5000000000      -187.9729370950      -187.9400354150      -187.9400354150
       380       190.0000000000      -187.9706955840      -187.9382514600      -187.9382514600
       381       190.5000000000      -187.9673577190      -187.9355441040      -187.9355441040
       382       191.0000000000      -187.9635823810      -187.9326041200      -187.9326041200
       383       191.5000000000      -187.9598401960      -187.9299182510      -187.9299182510
       384       192.0000000000      -187.9563293160      -187.9276768530      -187.9276768530
       385       192.5000000000      -187.9532520490      -187.9260461650      -187.9260461650
       386       193.0000000000      -187.9510728990      -187.9254229240      -187.9254229240
       387       193.5000000000      -187.9503329010      -187.9262448070      -187.9262448070
       388       194.0000000000      -187.9511083680      -187.9284463520      -187.9284463520
       389       194.5000000000      -187.9526820580      -187.9311344340      -187.9311344340
       390       195.0000000000      -187.9538065370      -187.9328742580      -187.9328742580
       391       195.5000000000      -187.9533861580      -187.9324193830      -187.9324193830
       392       196.0000000000      -187.9511343570      -187.9294259480      -187.9294259480
       393       196.5000000000      -187.9478297330      -187.9247335350      -187.9247335350
       394       197.0000000000      -187.9450067450      -187.9200284790      -187.9200284790
       395       197.5000000000      -187.9442142160      -187.9170483490      -187.9170483490
       396       198.0000000000      -187.9462221380      -187.9167436740      -187.9167436740
       397       198.5000000000      -187.9505915820      -187.9188225630      -187.9188225630
       398       199.0000000000      -187.9558836820      -187.9219505730      -187.9219505730
       399       199.5000000000      -187.9604333160      -187.9245248450      -187.9245248450
       400       200.0000000000      -187.9631773340      -187.9255083140      -187.9255083140
       401       200.5000000000      -187.9640477570      -187.9248304860      -187.9248304860
       402       201.0000000000      -187.9638497710      -187.9232733170      -187.9232733170
       403       201.5000000000      -187.9637986070      -187.9220157530      -187.9220157530
       404       202.0000000000      -187.9649461310      -187.9220671950      -187.9220671950
       405       202.5000000000      -187.9677759930      -187.9238688890      -187.9238688890
       406       203.0000000000      -187.9721584660      -187.9272543830      -187.9272543830
       407       203.5000000000      -187.9775417050      -187.9316459510      -187.9316459510
       408       204.0000000000      -187.9831479730      -187.9362532760      -187.9362532760
       409       204.5000000000      -187.9881408840      -187.9402389520      -187.9402389520
       410       205.0000000000      -187.9917872270      -187.9428759100      -187.9428759100
       411       205.5000000000      -187.9935547960      -187.9436408860      -187.9436408860
       412       206.0000000000      -187.9932059830      -187.9423075850      -187.9423075850
       413       206.5000000000      -187.9910144650      -187.9391655110      -187.9391655110
       414       207.0000000000      -187.9879162860      -187.9351723350      -187.9351723350
       415       207.5000000000      -187.9851931010      -187.9316329650      -187.9316329650
       416       208.0000000000      -187.9837432080      -187.9294613550      -187.9294613550
       417       208.5000000000      -187.9836050300      -187.9286954530      -187.9286954530
       418       209.0000000000      -187.9841171090      -187.9286550760      -187.9286550760
       419       209.5000000000      -187.9843533610      -187.9283821340      -187.9283821340
       420       210.0000000000      -187.9834681660      -187.9269935830      -187.9269935830
       421       210.5000000000      -187.9810080230      -187.9239989980      -187.9239989980
       422       211.0000000000      -187.9772298180      -187.9196204030      -187.9196204030
       423       211.5000000000      -187.9731926110      -187.9148828030      -187.9148828030
       424       212.0000000000      -187.9703781880      -187.9112349470      -187.9112349470
       425       212.5000000000      -187.9699910470      -187.9098526810      -187.9098526810
       426       213.0000000000      -187.9724884010      -187.9111745400      -187.9111745400
       427       213.5000000000      -187.9776091760      -187.9149354060      -187.9149354060
       428       214.0000000000      -187.9845930760      -187.9203870640      -187.9203870640
       429       214.5000000000      -187.9924328140      -187.9265464500      -187.9265464500
       430       215.0000000000      -188.0002132030      -187.9325257580      -187.9325257580
       431       215.5000000000      -188.0072371300      -187.9376485450      -187.9376485450
       432       216.0000000000      -188.0128433010      -187.9412631610      -187.9412631610
       433       216.5000000000      -188.0164709580      -187.9428118730      -187.9428118730
       434       217.0000000000      -188.0181763920      -187.9423572550      -187.9423572550
       435       217.5000000000      -188.0189087500      -187.9408659110      -187.9408659110
       436       218.0000000000      -188.0199945470      -187.9396959080      -187.9396959080
       437       218.5000000000      -188.0223010530      -187.9397576480      -187.9397576480
       438       219.0000000000      -188.0258806040      -187.9411521200      -187.9411521200
       439       219.5000000000      -188.0301312200      -187.9433226510      -187.9433226510
       440       220.0000000000      -188.0340281500      -187.9452768980      -187.9452768980
       441       220.5000000000      -188.0363628420      -187.9458198410      -187.9458198410
       442       221.0000000000      -188.0361458820      -187.9439570030      -187.9439570030
       443       221.5000000000      -188.0330877750      -187.9393808580      -187.9393808580
       444       222.0000000000      -188.0279154940      -187.9327951000      -187.9327951000
       445       222.5000000000      -188.0223033040      -187.9258532430      -187.9258532430
       446       223.0000000000      -188.0182949460      -187.9205864260      -187.9205864260
       447       223.5000000000      -188.0173820640      -187.9184859100      -187.9184859100
       448       224.0000000000      -188.0197007190      -187.9197022030      -187.9197022030
       449       224.5000000000      -188.0238098090      -187.9228233210      -187.9228233210
       450       225.0000000000      -188.0273746780      -187.9255533280      -187.9255533280
       451       225.5000000000      -188.0285782980      -187.9261133150      -187.9261133150
       452       226.0000000000      -188.0272511660      -187.9243593080      -187.9243593080
       453       226.5000000000      -188.0247030270      -187.9216044890      -187.9216044890
       454       227.0000000000      -188.0224498860      -187.9193422510      -187.9193422510
       455       227.5000000000      -188.0212602040      -187.9182961720      -187.9182961720
       456       228.0000000000      -188.0214682180      -187.9187444870      -187.9187444870
       457       228.5000000000      -188.0235822340      -187.9211428870      -187.9211428870
       458       229.0000000000      -188.0278696700      -187.9257196940      -187.9257196940
       459       229.5000000000      -188.0335478080      -187.9316684550      -187.9316684550
       460       230.0000000000      -188.0389888160      -187.9373482090      -187.9373482090
       461       230.5000000000      -188.0427222040      -187.9412787020      -187.9412787020
       462       231.0000000000      -188.0440632510      -187.9427634480      -187.9427634480
       463       231.5000000000      -188.0430644820      -187.9418400440      -187.9418400440
       464       232.0000000000      -188.0402621690      -187.9390296010      -187.9390296010
       465       232.5000000000      -188.0365352250      -187.9352000850      -187.9352000850
       466       233.0000000000      -188.0329736050      -187.9314377640      -187.9314377640
       467       233.5000000000      -188.0306116760      -187.9287817340      -187.9287817340
       468       234.0000000000      -188.0301306740      -187.9279250220      -187.9279250220
       469       234.5000000000      -188.0315763300      -187.9289290460      -187.9289290460
       470       235.0000000000      -188.0340990130      -187.9309590660      -187.9309590660
       471       235.5000000000      -188.0362351600      -187.9325611230      -187.9325611230
       472       236.0000000000      -188.0369854720      -187.9327386900      -187.9327386900
       473       236.5000000000      -188.0366132280      -187.9317532480      -187.9317532480
       474       237.0000000000      -188.0360678850      -187.9305535920      -187.9305535920
       475       237.5000000000      -188.0357469830      -187.9295456310      -187.9295456310
       476       238.0000000000      -188.0353060110      -187.9284108050      -187.9284108050
       477       238.5000000000      -188.0346992110      -187.9271524140      -187.9271524140
       478       239.0000000000      -188.0347982250      -187.9267111920      -187.9267111920
       479       239.5000000000      -188.0365630530      -187.9281238560      -187.9281238560
       480       240.0000000000      -188.0397734630      -187.9312385010      -187.9312385010
       481       240.5000000000      -188.0428905380      -187.9345641730      -187.9345641730
       482       241.0000000000      -188.0441128220      -187.9363216520      -187.9363216520
       483       241.5000000000      -188.0424288220      -187.9354951120      -187.9354951120
       484       242.0000000000      -188.0378990290      -187.9321156120      -187.9321156120
       485       242.5000000000      -188.0313721670      -187.9269815390      -187.9269815390
       486       243.0000000000      -188.0241595930      -187.9213407940      -187.9213407940
       487       243.5000000000      -188.0178814950      -187.9167476260      -187.9167476260
       488       244.0000000000      -188.0142187110      -187.9148249040      -187.9148249040
       489       244.5000000000      -188.0142208460      -187.9165787160      -187.9165787160
       490       245.0000000000      -188.0174344410      -187.9215258760      -187.9215258760
       491       245.5000000000      -188.0217705110      -187.9275536050      -187.9275536050
       492       246.0000000000      -188.0246025760      -187.9320076340      -187.9320076340
       493       246.5000000000      -188.0243509260      -187.9332709240      -187.9332709240
       494       247.0000000000      -188.0213578680      -187.9316432710      -187.9316432710
       495       247.5000000000      -188.0174840420      -187.9289489350      -187.9289489350
       496       248.0000000000      -188.0147181930      -187.9271584860      -187.9271584860
       497       248.5000000000      -188.0139095440      -187.9271274020      -187.9271274020
       498       249.0000000000      -188.0147000840      -187.9285258760      -187.9285258760
       499       249.5000000000      -188.0163352080      -187.9306407440      -187.9306407440
       500       250.0000000000      -188.0181576620      -187.9328600330      -187.9328600330
       501       250.5000000000      -188.0194773290      -187.9345359000      -187.9345359000
       502       251.0000000000      -188.0194642440      -187.9348738870      -187.9348738870
       503       251.5000000000      -188.0174506700      -187.9332313320      -187.9332313320
       504       252.0000000000      -188.0133458870      -187.9295287700      -187.9295287700
       505       252.5000000000      -188.0077544860      -187.9243676850      -187.9243676850
       506       253.0000000000      -188.0017335990      -187.9187931400      -187.9187931400
       507       253.5000000000      -187.9964351940      -187.9139459920      -187.9139459920
       508       254.0000000000      -187.9928913880      -187.9108572350      -187.9108572350
       509       254.5000000000      -187.9919376080      -187.9103734750      -187.9103734750
       510       255.0000000000      -187.9940181220      -187.9129549630      -187.9129549630
       511       255.5000000000      -187.9987317130      -187.9182070110      -187.9182070110
       512       256.0000000000      -188.0045075450      -187.9245418260      -187.9245418260
       513       256.5000000000      -188.0091232970      -187.9296905540      -187.9296905540
       514       257.0000000000      -188.0109883140      -187.9319914510      -187.9319914510
       515       257.5000000000      -188.0100391310      -187.9312995830      -187.9312995830
       516       258.0000000000      -188.0074211450      -187.9286867930      -187.9286867930
       517       258.5000000000      -188.0045358960      -187.9255057710      -187.9255057710
       518       259.0000000000      -188.0026459230      -187.9230072360      -187.9230072360
       519       259.5000000000      -188.0030026400      -187.9224722010      -187.9224722010
       520       260.0000000000      -188.0063451780      -187.9247049980      -187.9247049980
       521       260.5000000000      -188.0119360880      -187.9290560320      -187.9290560320
       522       261.0000000000      -188.0176604220      -187.9335060140      -187.9335060140
       523       261.5000000000      -188.0213226760      -187.9359507640      -187.9359507640
       524       262.0000000000      -188.0217610060      -187.9353070040      -187.9353070040
       525       262.5000000000      -188.0190378270      -187.9316986650      -187.9316986650
       526       263.0000000000      -188.0140207640      -187.9260355520      -187.9260355520
       527       263.5000000000      -188.0078611810      -187.9194908510      -187.9194908510
       528       264.0000000000      -188.0017005060      -187.9132068280      -187.9132068280
       529       264.5000000000      -187.9967069630      -187.9083325210      -187.9083325210
       530       265.0000000000      -187.9941463470      -187.9060992170      -187.9060992170
       531       265.5000000000      -187.9949538330      -187.9074003360      -187.9074003360
       532       266.0000000000      -187.9988240820      -187.9118924500      -187.9118924500
       533       266.5000000000      -188.0037930960      -187.9175860000      -187.9175860000
       534       267.0000000000      -188.0071447880      -187.9217542800      -187.9217542800
       535       267.5000000000      -188.0070547620      -187.9225732630      -187.9225732630
       536       268.0000000000      -188.0035967970      -187.9201232870      -187.9201232870
       537       268.5000000000      -187.9984275050      -187.9160727760      -187.9160727760
       538       269.0000000000      -187.9936337280      -187.9125285230      -187.9125285230
       539       269.5000000000      -187.9908721090      -187.9111763100      -187.9111763100
       540       270.0000000000      -187.9912159340      -187.9131229060      -187.9131229060
       541       270.5000000000      -187.9949091360      -187.9186393670      -187.9186393670
       542       271.0000000000      -188.0008011330      -187.9265844010      -187.9265844010
       543       271.5000000000      -188.0065448670      -187.9345949770      -187.9345949770
       544       272.0000000000      -188.0098512640      -187.9403397210      -187.9403397210
       545       272.5000000000      -188.0096297710      -187.9426634140      -187.9426634140
       546       273.0000000000      -188.0061812660      -187.9417876190      -187.9417876190
       547       273.5000000000      -188.0006918950      -187.9388154810      -187.9388154810
       548       274.0000000000      -187.9945924750      -187.9351041310      -187.9351041310
       549       274.5000000000      -187.9891081020      -187.9318267630      -187.9318267630
       550       275.0000000000      -187.9850818170      -187.9298044940      -187.9298044940
       551       275.5000000000      -187.9830230640      -187.9295554610      -187.9295554610
       552       276.0000000000      -187.9831248050      -187.9313060030      -187.9313060030
       553       276.5000000000      -187.9849294810      -187.9346458660      -187.9346458660
       554       277.0000000000      -187.9869607490      -187.9381468330      -187.9381468330
       555       277.5000000000      -187.9871659040      -187.9397898390      -187.9397898390
       556       278.0000000000      -187.9841311820      -187.9381664430      -187.9381664430
       557       278.5000000000      -187.9779627450      -187.9333523210      -187.9333523210
       558       279.0000000000      -187.9701127230      -187.9267352990      -187.9267352990
       559       279.5000000000      -187.9626044320      -187.9202498330      -187.9202498330
       560       280.0000000000      -187.9575742540      -187.9159308050      -187.9159308050
       561       280.5000000000      -187.9570819000      -187.9157350710      -187.9157350710
       562       281.0000000000      -187.9621917760      -187.9206343030      -187.9206343030
       563       281.5000000000      -187.9716606130      -187.9293165200      -187.9293165200
       564       282.0000000000      -187.9822154380      -187.9384809620      -187.9384809620
       565       282.5000000000      -187.9906268580      -187.9449235460      -187.9449235460
       566       283.0000000000      -187.9953755180      -187.9472022080      -187.9472022080
       567       283.5000000000      -187.9966948260      -187.9456648220      -187.9456648220
       568       284.0000000000      -187.9957195890      -187.9415756700      -187.9415756700
       569       284.5000000000      -187.9937666410      -187.9363744250      -187.9363744250
       570       285.0000000000      -187.9921321790      -187.9314566640      -187.9314566640
       571       285.5000000000      -187.9921604830      -187.9282339180      -187.9282339180
       572       286.0000000000      -187.9950852760      -187.9279753220      -187.9279753220
       573       286.5000000000      -188.0014393030      -187.9312273580      -187.9312273580
       574       287.0000000000      -188.0104025410      -187.9371781130      -187.9371781130
       575       287.5000000000      -188.0197547290      -187.9436250730      -187.9436250730
       576       288.0000000000      -188.0267596070      -187.9478650850      -187.9478650850
       577       288.5000000000      -188.0294862990      -187.9480118950      -187.9480118950
       578       289.0000000000      -188.0276608220      -187.9438391380      -187.9438391380
       579       289.5000000000      -188.0225695730      -187.9366765370      -187.9366765370
       580       290.0000000000      -188.0162614390      -187.9286070710      -187.9286070710
       581       290.5000000000      -188.0107342540      -187.9216501040      -187.9216501040
       582       291.0000000000      -188.0075699190      -187.9173960450      -187.9173960450
       583       291.5000000000      -188.0077148560      -187.9167916650      -187.9167916650
       584       292.0000000000      -188.0109151310      -187.9195839310      -187.9195839310
       585       292.5000000000      -188.0153796040      -187.9239886960      -187.9239886960
       586       293.0000000000      -188.0186723670      -187.9275796900      -187.9275796900
       587       293.5000000000      -188.0192045850      -187.9287701480      -187.9287701480
       588       294.0000000000      -188.0168105910      -187.9273782530      -187.9273782530
       589       294.5000000000      -188.0122509160      -187.9241255730      -187.9241255730
       590       295.0000000000      -188.0066034470      -187.9200317160      -187.9200317160
       591       295.5000000000      -188.0010669580      -187.9162279260      -187.9162279260
       592       296.0000000000      -187.9968660420      -187.9138737280      -187.9138737280
       593       296.5000000000      -187.9949546650      -187.9138695340      -187.9138695340
       594       297.0000000000      -187.9956989110      -187.9165458650      -187.9165458650
       595       297.5000000000      -187.9986401440      -187.9214307800      -187.9214307800
       596       298.0000000000      -188.0023492060      -187.9271060200      -187.9271060200
       597       298.5000000000      -188.0047984020      -187.9315760770      -187.9315760770
       598       299.0000000000      -188.0043433210      -187.9332418740      -187.9332418740
       599       299.5000000000      -188.0005202170      -187.9316848480      -187.9316848480
       600       300.0000000000      -187.9940557960      -187.9276623140      -187.9276623140
       601       300.5000000000      -187.9863469870      -187.9225750530      -187.9225750530
       602       301.0000000000      -187.9789478030      -187.9179485620      -187.9179485620
       603       301.5000000000      -187.9732968780      -187.9151644120      -187.9151644120
       604       302.0000000000      -187.9704321820      -187.9151909310      -187.9151909310
       605       302.5000000000      -187.9703340150      -187.9179500430      -187.9179500430
       606       303.0000000000      -187.9715139130      -187.9219254350      -187.9219254350
       607       303.5000000000      -187.9718708440      -187.9250194020      -187.9250194020
       608       304.0000000000      -187.9701165550      -187.9259586420      -187.9259586420
       609       304.5000000000      -187.9662213540      -187.9247144930      -187.9247144930
       610       305.0000000000      -187.9608144090      -187.9218864610      -187.9218864610
       611       305.5000000000      -187.9546013550      -187.9181200790      -187.9181200790
       612       306.0000000000      -187.9483689880      -187.9141257840      -187.9141257840
       613       306.5000000000      -187.9432137940      -187.9109283080      -187.9109283080
       614       307.0000000000      -187.9404104170      -187.9097541480      -187.9097541480
       615       307.5000000000      -187.9407889980      -187.9114215800      -187.9114215800
       616       308.0000000000      -187.9440461310      -187.9156559820      -187.9156559820
       617       308.5000000000      -187.9486969280      -187.9210361900      -187.9210361900
       618       309.0000000000      -187.9529500750      -187.9258555420      -187.9258555420
       619       309.5000000000      -187.9558235140      -187.9292199890      -187.9292199890
       620       310.0000000000      -187.9575294560      -187.9314175260      -187.9314175260
       621       310.5000000000      -187.9589036470      -187.9333362820      -187.9333362820
       622       311.0000000000      -187.9604480940      -187.9355006670      -187.9355006670
       623       311.5000000000      -187.9618209840      -187.9375577660      -187.9375577660
       624       312.0000000000      -187.9622873600      -187.9387302520      -187.9387302520
       625       312.5000000000      -187.9617106250      -187.9388197000      -187.9388197000
       626       313.0000000000      -187.9608745550      -187.9385526040      -187.9385526040
       627       313.5000000000      -187.9606208110      -187.9387437030      -187.9387437030
       628       314.0000000000      -187.9609366570      -187.9393949780      -187.9393949780
       629       314.5000000000      -187.9611773980      -187.9399058130      -187.9399058130
       630       315.0000000000      -187.9608171450      -187.9397992370      -187.9397992370
       631       315.5000000000      -187.9596223090      -187.9388763250      -187.9388763250
       632       316.0000000000      -187.9573952480      -187.9369577080      -187.9369577080
       633       316.5000000000      -187.9539272280      -187.9338482520      -187.9338482520
       634       317.0000000000      -187.9492031490      -187.9295576460      -187.9295576460
       635       317.5000000000      -187.9436181690      -187.9245257610      -187.9245257610
       636       318.0000000000      -187.9380471970      -187.9196909430      -187.9196909430
       637       318.5000000000      -187.9335759100      -187.9162116710      -187.9162116710
       638       319.0000000000      -187.9309133750      -187.9148662760      -187.9148662760
       639       319.5000000000      -187.9300194450      -187.9156647600      -187.9156647600
       640       320.0000000000      -187.9303643720      -187.9180850890      -187.9180850890
       641       320.5000000000      -187.9314720170      -187.9215639900      -187.9215639900
       642       321.0000000000      -187.9331761980      -187.9255993460      -187.9255993460
       643       321.5000000000      -187.9355492410      -187.9293030510      -187.9293030510
       644       322.0000000000      -187.9385179940      -187.9313981200      -187.9313981200
       645       322.5000000000      -187.9413094900      -187.9317080210      -187.9317080210
       646       323.0000000000      -187.9437397160      -187.9312226120      -187.9312226120
       647       323.5000000000      -187.9465470130      -187.9312006200      -187.9312006200
       648       324.0000000000      -187.9501248150      -187.9321800180      -187.9321800180
       649       324.5000000000      -187.9540857220      -187.9337507370      -187.9337507370
       650       325.0000000000      -187.9580962510      -187.9354922710      -187.9354922710
       651       325.5000000000      -187.9623059280      -187.9374705800      -187.9374705800
       652       326.0000000000      -187.9666942510      -187.9396233420      -187.9396233420
       653       326.5000000000      -187.9705664720      -187.9412625110      -187.9412625110
       654       327.0000000000      -187.9729546160      -187.9414616720      -187.9414616720
       655       327.5000000000      -187.9733046370      -187.9397243900      -187.9397243900
       656       328.0000000000      -187.9717748500      -187.9362686970      -187.9362686970
       657       328.5000000000      -187.9690818420      -187.9318641610      -187.9318641610
       658       329.0000000000      -187.9660920410      -187.9274169660      -187.9274169660
       659       329.5000000000      -187.9634254370      -187.9235692270      -187.9235692270
       660       330.0000000000      -187.9613603540      -187.9206028910      -187.9206028910
       661       330.5000000000      -187.9600919990      -187.9187025790      -187.9187025790
       662       331.0000000000      -187.9599884680      -187.9182198560      -187.9182198560
       663       331.5000000000      -187.9613791630      -187.9194711780      -187.9194711780
       664       332.0000000000      -187.9639263780      -187.9221171170      -187.9221171170
       665       332.5000000000      -187.9663813760      -187.9249192550      -187.9249192550
       666       333.0000000000      -187.9673159320      -187.9264636960      -187.9264636960
       667       333.5000000000      -187.9661417920      -187.9261647160      -187.9261647160
       668       334.0000000000      -187.9632553160      -187.9243929130      -187.9243929130
       669       334.5000000000      -187.9594115870      -187.9218419310      -187.9218419310
       670       335.0000000000      -187.9555179930      -187.9193312080      -187.9193312080
       671       335.5000000000      -187.9529430420      -187.9181389530      -187.9181389530
       672       336.0000000000      -187.9530137930      -187.9195269860      -187.9195269860
       673       336.5000000000      -187.9556656960      -187.9234101310      -187.9234101310
       674       337.0000000000      -187.9590891230      -187.9280083870      -187.9280083870
       675       337.5000000000      -187.9610066560      -187.9311190350      -187.9311190350
       676       338.0000000000      -187.9601497250      -187.9315891250      -187.9315891250
       677       338.5000000000      -187.9567991070      -187.9298763420      -187.9298763420
       678       339.0000000000      -187.9524080520      -187.9277170680      -187.9277170680
       679       339.5000000000      -187.9487237860      -187.9271270270      -187.9271270270
       680       340.0000000000      -187.9469075700      -187.9291030690      -187.9291030690
       681       340.5000000000      -187.9471287130      -187.9331255960      -187.9331255960
       682       341.0000000000      -187.9491253580      -187.9377593740      -187.9377593740
       683       341.5000000000      -187.9529509010      -187.9417382910      -187.9417382910
       684       342.0000000000      -187.9583463940      -187.9450260730      -187.9450260730
       685       342.5000000000      -187.9643187480      -187.9480096330      -187.9480096330
       686       343.0000000000      -187.9695744250      -187.9502585060      -187.9502585060
       687       343.5000000000      -187.9730186580      -187.9510155380      -187.9510155380
       688       344.0000000000      -187.9742286040      -187.9499811450      -187.9499811450
       689       344.5000000000      -187.9732669500      -187.9472701240      -187.9472701240
       690       345.0000000000      -187.9703166110      -187.9430993600      -187.9430993600
       691       345.5000000000      -187.9660373770      -187.9381615170      -187.9381615170
       692       346.0000000000      -187.9620371910      -187.9340954310      -187.9340954310
       693       346.5000000000      -187.9600065310      -187.9326100980      -187.9326100980
       694       347.0000000000      -187.9599672000      -187.9337218420      -187.9337218420
       695       347.5000000000      -187.9599582730      -187.9354374010      -187.9354374010
       696       348.0000000000      -187.9577041320      -187.9354288440      -187.9354288440
       697       348.5000000000      -187.9522528010      -187.9326811920      -187.9326811920
       698       349.0000000000      -187.9442282880      -187.9277506030      -187.9277506030
       699       349.5000000000      -187.9351227260      -187.9220548820      -187.9220548820
       700       350.0000000000      -187.9264615000      -187.9170071670      -187.9170071670
       701       350.5000000000      -187.9193614530      -187.9133801690      -187.9133801690
       702       351.0000000000      -187.9150075950      -187.9107275910      -187.9107275910
       703       351.5000000000      -187.9145507200      -187.9081920970      -187.9081920970
       704       352.0000000000      -187.9169651080      -187.9072646010      -187.9072646010
       705       352.5000000000      -187.9217512550      -187.9088586990      -187.9088586990
       706       353.0000000000      -187.9284241430      -187.9128373750      -187.9128373750
       707       353.5000000000      -187.9359666730      -187.9183143920      -187.9183143920
       708       354.0000000000      -187.9433346090      -187.9242848590      -187.9242848590
       709       354.5000000000      -187.9498991940      -187.9300859610      -187.9300859610
       710       355.0000000000      -187.9550912010      -187.9350600850      -187.9350600850
       711       355.5000000000      -187.9580435370      -187.9382319760      -187.9382319760
       712       356.0000000000      -187.9583215390      -187.9390774520      -187.9390774520
       713       356.5000000000      -187.9570011290      -187.9386256250      -187.9386256250
       714       357.0000000000      -187.9561900920      -187.9389814650      -187.9389814650
       715       357.5000000000      -187.9569003590      -187.9411819510      -187.9411819510
       716       358.0000000000      -187.9578910150      -187.9440192060      -187.9440192060
       717       358.5000000000      -187.9570945730      -187.9454534110      -187.9454534110
       718       359.0000000000      -187.9536809920      -187.9446700020      -187.9446700020
       719       359.5000000000      -187.9485483560      -187.9425625850      -187.9425625850
       720       360.0000000000      -187.9433731520      -187.9407176240      -187.9407176240
       721       360.5000000000      -187.9406310730      -187.9388564580      -187.9388564580
       722       361.0000000000      -187.9410409330      -187.9359763620      -187.9359763620
       723       361.5000000000      -187.9415632940      -187.9332675540      -187.9332675540
       724       362.0000000000      -187.9411944540      -187.9299265940      -187.9299265940
       725       362.5000000000      -187.9398513640      -187.9259101990      -187.9259101990
       726       363.0000000000      -187.9383764430      -187.9221012830      -187.9221012830
       727       363.5000000000      -187.9377401490      -187.9195148000      -187.9195148000
       728       364.0000000000      -187.9382679200      -187.9185091970      -187.9185091970
       729       364.5000000000      -187.9398060510      -187.9189342760      -187.9189342760
       730       365.0000000000      -187.9421383850      -187.9205364320      -187.9205364320
       731       365.5000000000      -187.9445792340      -187.9225535950      -187.9225535950
       732       366.0000000000      -187.9456456620      -187.9234053120      -187.9234053120
       733       366.5000000000      -187.9441504440      -187.9218147180      -187.9218147180
       734       367.0000000000      -187.9407500940      -187.9183842110      -187.9183842110
       735       367.5000000000      -187.9377951620      -187.9154564490      -187.9154564490
       736       368.0000000000      -187.9371720570      -187.9149469810      -187.9149469810
       737       368.5000000000      -187.9385864010      -187.9166073350      -187.9166073350
       738       369.0000000000      -187.9403617170      -187.9188050480      -187.9188050480
       739       369.5000000000      -187.9413765010      -187.9204456590      -187.9204456590
       740       370.0000000000      -187.9417845490      -187.9216787610      -187.9216787610
       741       370.5000000000      -187.9423163050      -187.9231836120      -187.9231836120
       742       371.0000000000      -187.9433615120      -187.9252343260      -187.9252343260
       743       371.5000000000      -187.9447270480      -187.9274459120      -187.9274459120
       744       372.0000000000      -187.9461061860      -187.9292572390      -187.9292572390
       745       372.5000000000      -187.9476924310      -187.9306151740      -187.9306151740
       746       373.0000000000      -187.9502560960      -187.9321637520      -187.9321637520
       747       373.5000000000      -187.9543954470      -187.9345577580      -187.9345577580
       748       374.0000000000      -187.9595798840      -187.9374562210      -187.9374562210
       749       374.5000000000      -187.9642475850      -187.9395242570      -187.9395242570
       750       375.0000000000      -187.9672527200      -187.9398164920      -187.9398164920
       751       375.5000000000      -187.9690871460      -187.9389778420      -187.9389778420
       752       376.0000000000      -187.9711770390      -187.9385387300      -187.9385387300
       753       376.5000000000      -187.9739288720      -187.9389635520      -187.9389635520
       754       377.0000000000      -187.9761942800      -187.9391228460      -187.9391228460
       755       377.5000000000      -187.9769565970      -187.9379967770      -187.9379967770
       756       378.0000000000      -187.9766668060      -187.9360310930      -187.9360310930
       757       378.5000000000      -187.9763048490      -187.9342118720      -187.9342118720
       758       379.0000000000      -187.9758580330      -187.9325475150      -187.9325475150
       759       379.5000000000      -187.9745889430      -187.9303324990      -187.9303324990
       760       380.0000000000      -187.9724104160      -187.9275155250      -187.9275155250
       761       380.5000000000      -187.9702485460      -187.9250538130      -187.9250538130
       762       381.0000000000      -187.9690525620      -187.9239153370      -187.9239153370
       763       381.5000000000      -187.9687790680      -187.9240586310      -187.9240586310
       764       382.0000000000      -187.9684143720      -187.9244557100      -187.9244557100
       765       382.5000000000      -187.9668108040      -187.9239313880      -187.9239313880
       766       383.0000000000      -187.9634803180      -187.9219600150      -187.9219600150
       767       383.5000000000      -187.9588407860      -187.9189130320      -187.9189130320
       768       384.0000000000      -187.9538804290      -187.9157242260      -187.9157242260
       769       384.5000000000      -187.9495340500      -187.9132682150      -187.9132682150
       770       385.0000000000      -187.9463659920      -187.9120509980      -187.9120509980
       771       385.5000000000      -187.9448500990      -187.9125020120      -187.9125020120
       772       386.0000000000      -187.9455309520      -187.9151456070      -187.9151456070
       773       386.5000000000      -187.9483274200      -187.9199056300      -187.9199056300
       774       387.0000000000      -187.9518715350      -187.9254376750      -187.9254376750
       775       387.5000000000      -187.9542970790      -187.9299093640      -187.9299093640
       776       388.0000000000      -187.9547955510      -187.9325504730      -187.9325504730
       777       388.5000000000      -187.9539437430      -187.9339759660      -187.9339759660
       778       389.0000000000      -187.9525522910      -187.9350318660      -187.9350318660
       779       389.5000000000      -187.9508153280      -187.9359463980      -187.9359463980
       780       390.0000000000      -187.9487275540      -187.9367544350      -187.9367544350
       781       390.5000000000      -187.9466510550      -187.9378726750      -187.9378726750
       782       391.0000000000      -187.9450348670      -187.9397693870      -187.9397693870
       783       391.5000000000      -187.9441951920      -187.9419445920      -187.9419445920
       784       392.0000000000      -187.9456720420      -187.9414996070      -187.9414996070
       785       392.5000000000      -187.9468854730      -187.9393848480      -187.9393848480
       786       393.0000000000      -187.9467500200      -187.9362909330      -187.9362909330
       787       393.5000000000      -187.9459191250      -187.9329439720      -187.9329439720
       788       394.0000000000      -187.9455739880      -187.9305270600      -187.9305270600
       789       394.5000000000      -187.9465298650      -187.9298705260      -187.9298705260
       790       395.0000000000      -187.9484835780      -187.9306871110      -187.9306871110
       791       395.5000000000      -187.9501686890      -187.9317101660      -187.9317101660
       792       396.0000000000      -187.9504780650      -187.9318073180      -187.9318073180
       793       396.5000000000      -187.9494918750      -187.9310106310      -187.9310106310
       794       397.0000000000      -187.9483279480      -187.9303809340      -187.9303809340
       795       397.5000000000      -187.9480031810      -187.9308852290      -187.9308852290
       796       398.0000000000      -187.9486251230      -187.9325950210      -187.9325950210
       797       398.5000000000      -187.9496439150      -187.9349300730      -187.9349300730
       798       399.0000000000      -187.9503548720      -187.9371427020      -187.9371427020
       799       399.5000000000      -187.9499883800      -187.9383882650      -187.9383882650
       800       400.0000000000      -187.9479621340      -187.9379556090      -187.9379556090
