 # Step, Time, Current state, Current potential, Velocity norm, current gradient
         0      0.00000000     2      -187.9191489820         0.0060219053         0.1357007977
         1      0.50000000     2      -187.9181774170         0.0059769435         0.1541467513
         2      1.00000000     2      -187.9165675160         0.0058916206         0.1724370480
         3      1.50000000     2      -187.9150115810         0.0058102971         0.1867952812
         4      2.00000000     2      -187.9138127840         0.0057467056         0.1969476873
         5      2.50000000     2      -187.9129393340         0.0056893434         0.2057061679
         6      3.00000000     2      -187.9124386930         0.0056379053         0.2156228478
         7      3.50000000     2      -187.9128787620         0.0056424490         0.2242375538
         8      4.00000000     2      -187.9151552630         0.0057845154         0.2241964855
         9      4.50000000     2      -187.9194916960         0.0060832151         0.2105059566
        10      5.00000000     2      -187.9246213910         0.0064349980         0.1878169406
        11      5.50000000     2      -187.9282753020         0.0066760550         0.1694753446
        12      6.00000000     2      -187.9285493600         0.0066787847         0.1674764471
        13      6.50000000     2      -187.9248831150         0.0063930437         0.1828968062
        14      7.00000000     2      -187.9182822700         0.0058543407         0.2087424210
        15      7.50000000     2      -187.9111129130         0.0052066413         0.2354878577
        16      8.00000000     2      -187.9063778720         0.0047225678         0.2517460962
        17      8.50000000     2      -187.9061769890         0.0046776981         0.2486008246
        18      9.00000000     2      -187.9102245310         0.0050572410         0.2269975957
        19      9.50000000     2      -187.9160736880         0.0055715016         0.1985965094
        20     10.00000000     2      -187.9209241250         0.0059631981         0.1779727489
        21     10.50000000     2      -187.9231543110         0.0061268493         0.1730711049
        22     11.00000000     2      -187.9226314810         0.0060718077         0.1817648709
        23     11.50000000     2      -187.9202622870         0.0058730753         0.1969157454
        24     12.00000000     2      -187.9173687380         0.0056378151         0.2120746847
        25     12.50000000     2      -187.9150832340         0.0054680160         0.2234520965
        26     13.00000000     2      -187.9138647620         0.0054107184         0.2305860717
        27     13.50000000     2      -187.9133719050         0.0054322421         0.2368756223
        28     14.00000000     2      -187.9129386880         0.0054617191         0.2478444028
        29     14.50000000     2      -187.9125036600         0.0054793077         0.2644648991
        30     15.00000000     2      -187.9131225630         0.0055602013         0.2777797522
        31     15.50000000     2      -187.9160978490         0.0057959298         0.2752741359
        32     16.00000000     2      -187.9212957420         0.0061548177         0.2532242477
        33     16.50000000     2      -187.9266786420         0.0064748470         0.2211327548
        34     17.00000000     2      -187.9296618830         0.0065854293         0.1962821695
        35     17.50000000     2      -187.9287482550         0.0063937839         0.1941157717
        36     18.00000000     2      -187.9243408120         0.0059110140         0.2157878852
        37     18.50000000     2      -187.9187780150         0.0052790459         0.2450272106
        38     19.00000000     2      -187.9153587820         0.0047830451         0.2606333714
        39     19.50000000     2      -187.9162011280         0.0046997213         0.2504045509
        40     20.00000000     2      -187.9205974840         0.0050028083         0.2186204321
        41     20.50000000     2      -187.9258334000         0.0054157711         0.1821487358
        42     21.00000000     2      -187.9294499630         0.0057237756         0.1587734942
        43     21.50000000     2      -187.9305656930         0.0058733319         0.1556658207
        44     22.00000000     2      -187.9297576320         0.0059205626         0.1665332789
        45     22.50000000     2      -187.9283325410         0.0059658494         0.1808053586
        46     23.00000000     2      -187.9275455990         0.0060929014         0.1909681285
        47     23.50000000     2      -187.9279538290         0.0063161681         0.1945188836
        48     24.00000000     2      -187.9291852800         0.0065736688         0.1944410789
        49     24.50000000     2      -187.9303824680         0.0067795037         0.1964600517
        50     25.00000000     2      -187.9310388910         0.0068887768         0.2021771928
        51     25.50000000     2      -187.9314183160         0.0069194961         0.2056590519
        52     26.00000000     2      -187.9320643210         0.0069161030         0.1993637853
        53     26.50000000     2      -187.9329408700         0.0068904248         0.1816574545
        54     27.00000000     2      -187.9331897590         0.0067995121         0.1581908654
        55     27.50000000     2      -187.9316838530         0.0065743844         0.1388084827
        56     28.00000000     2      -187.9277643100         0.0061625752         0.1340131665
        57     28.50000000     2      -187.9217556210         0.0055653094         0.1481857177
        58     29.00000000     2      -187.9151814760         0.0048821843         0.1726545733
        59     29.50000000     2      -187.9103462000         0.0043458937         0.1917487120
        60     30.00000000     2      -187.9089911860         0.0042204746         0.1947457371
        61     30.50000000     2      -187.9109267980         0.0045139698         0.1838054121
        62     31.00000000     2      -187.9141991460         0.0049580627         0.1726836370
        63     31.50000000     2      -187.9166936010         0.0053111476         0.1744512231
        64     32.00000000     2      -187.9175172590         0.0054936679         0.1891102206
        65     32.50000000     2      -187.9172355020         0.0055561791         0.2071304647
        66     33.00000000     2      -187.9172370790         0.0056129068         0.2191300697
        67     33.50000000     2      -187.9187519100         0.0057613881         0.2195351454
        68     34.00000000     2      -187.9220092270         0.0060097145         0.2079154092
        69     34.50000000     2      -187.9260586860         0.0062729460         0.1900936106
        70     35.00000000     2      -187.9294525430         0.0064436636         0.1769189447
        71     35.50000000     2      -187.9313120670         0.0064673263         0.1770601452
        72     36.00000000     2      -187.9319556300         0.0063739860         0.1873523552
        73     36.50000000     2      -187.9325729080         0.0062559675         0.1958164158
        74     37.00000000     2      -187.9341655600         0.0061975878         0.1935056919
        75     37.50000000     2      -187.9366401200         0.0062020969         0.1807763720
        76     38.00000000     2      -187.9388290970         0.0061852639         0.1674192977
        77     38.50000000     2      -187.9393609390         0.0060382559         0.1681257554
        78     39.00000000     2      -187.9377264180         0.0057036783         0.1895920616
        79     39.50000000     2      -187.9349080550         0.0052381392         0.2206715296
        80     40.00000000     2      -187.9329199640         0.0048382578         0.2426649382
        81     40.50000000     2      -187.9330512550         0.0047342340         0.2486157671
        82     41.00000000     2      -187.9349307330         0.0049461901         0.2397200426
        83     41.50000000     2      -187.9372403770         0.0052583990         0.2186837307
        84     42.00000000     2      -187.9384277370         0.0054700940         0.2022965182
        85     42.50000000     2      -187.9380722300         0.0055378925         0.1982874736
        86     43.00000000     2      -187.9371650790         0.0055498472         0.1999976825
        87     43.50000000     2      -187.9371868780         0.0056369323         0.1974883613
        88     44.00000000     2      -187.9389994500         0.0058721851         0.1862821482
        89     44.50000000     2      -187.9423231970         0.0062222354         0.1697243126
        90     45.00000000     2      -187.9460822960         0.0065931991         0.1571587819
        91     45.50000000     2      -187.9492540570         0.0069095542         0.1568249760
        92     46.00000000     2      -187.9515026370         0.0071524629         0.1673265061
        93     46.50000000     2      -187.9531530530         0.0073472139         0.1800564200
        94     47.00000000     2      -187.9546345240         0.0075231410         0.1881950133
        95     47.50000000     2      -187.9559002160         0.0076770884         0.1904398334
        96     48.00000000     2      -187.9562704570         0.0077649134         0.1900401173
        97     48.50000000     2      -187.9547728310         0.0077218632         0.1922405155
        98     49.00000000     2      -187.9507538990         0.0074958910         0.2014280568
        99     49.50000000     2      -187.9445057870         0.0070847478         0.2179388043
       100     50.00000000     2      -187.9375948720         0.0065723754         0.2354536832
       101     50.50000000     2      -187.9323536890         0.0061319994         0.2430809858
       102     51.00000000     2      -187.9303691030         0.0059323664         0.2338106948
       103     51.50000000     2      -187.9311869080         0.0059860506         0.2126518404
       104     52.00000000     2      -187.9328027860         0.0061480377         0.1948877455
       105     52.50000000     2      -187.9334271490         0.0062747389         0.1928536392
       106     53.00000000     2      -187.9326386210         0.0063233318         0.2046112804
       107     53.50000000     2      -187.9312096290         0.0063352908         0.2199340257
       108     54.00000000     2      -187.9302217480         0.0063720601         0.2308713790
       109     54.50000000     2      -187.9302331880         0.0064549370         0.2348135921
       110     55.00000000     2      -187.9309631520         0.0065451262         0.2341300383
       111     55.50000000     2      -187.9316537980         0.0065767116         0.2342495552
       112     56.00000000     2      -187.9318585420         0.0065144964         0.2391587759
       113     56.50000000     2      -187.9320350320         0.0063940636         0.2466994878
       114     57.00000000     2      -187.9333709150         0.0063129529         0.2491989792
       115     57.50000000     2      -187.9368613040         0.0063633237         0.2390940056
       116     58.00000000     2      -187.9423577310         0.0065502524         0.2137136459
       117     58.50000000     2      -187.9483770470         0.0067784167         0.1765947676
       118     59.00000000     2      -187.9527533850         0.0069131984         0.1379873685
       119     59.50000000     2      -187.9536088560         0.0068448556         0.1190360716
       120     60.00000000     2      -187.9502380150         0.0065283273         0.1408813204
       121     60.50000000     2      -187.9437854930         0.0060246560         0.1879028525
       122     61.00000000     2      -187.9372164080         0.0055406388         0.2292069629
       123     61.50000000     2      -187.9337003180         0.0053569019         0.2445206917
       124     62.00000000     2      -187.9341045460         0.0055644000         0.2318995096
       125     62.50000000     2      -187.9364257710         0.0059583797         0.2079243813
       126     63.00000000     2      -187.9379795120         0.0062955918         0.1932533113
       127     63.50000000     2      -187.9375647900         0.0064813548         0.1937416651
       128     64.00000000     2      -187.9356450600         0.0065449477         0.2001798130
       129     64.50000000     2      -187.9332601130         0.0065505115         0.2033685119
       130     65.00000000     2      -187.9310139690         0.0065302434         0.2017952429
       131     65.50000000     2      -187.9288457130         0.0064717487         0.2008614473
       132     66.00000000     2      -187.9265782930         0.0063583819         0.2070326551
       133     66.50000000     2      -187.9246272270         0.0062216725         0.2200026016
       134     67.00000000     2      -187.9240910300         0.0061520138         0.2323471188
       135     67.50000000     2      -187.9260564510         0.0062430325         0.2365271969
       136     68.00000000     2      -187.9307446370         0.0065105497         0.2294465402
       137     68.50000000     2      -187.9371851370         0.0068699168         0.2128251894
       138     69.00000000     2      -187.9435619230         0.0071873289         0.1923142619
       139     69.50000000     2      -187.9479273910         0.0073397490         0.1760577471
       140     70.00000000     2      -187.9488923410         0.0072440991         0.1723601150
       141     70.50000000     2      -187.9461471710         0.0068707132         0.1851187757
       142     71.00000000     2      -187.9408363470         0.0062683461         0.2083861746
       143     71.50000000     2      -187.9354384580         0.0055983279         0.2278207544
       144     72.00000000     2      -187.9325392950         0.0051122431         0.2304737371
       145     72.50000000     2      -187.9330385960         0.0049879810         0.2156486176
       146     73.00000000     2      -187.9357364730         0.0051667392         0.1964617426
       147     73.50000000     2      -187.9388243340         0.0054662931         0.1870065292
       148     74.00000000     2      -187.9413537920         0.0057723784         0.1878503387
       149     74.50000000     2      -187.9432896930         0.0060563568         0.1899154070
       150     75.00000000     2      -187.9446910320         0.0063041509         0.1871628201
       151     75.50000000     2      -187.9450830590         0.0064701771         0.1817058257
       152     76.00000000     2      -187.9435591540         0.0064859233         0.1831373941
       153     76.50000000     2      -187.9395761440         0.0063079557         0.2009693185
       154     77.00000000     2      -187.9339150970         0.0059794239         0.2321219641
       155     77.50000000     2      -187.9289098080         0.0056685041         0.2613184183
       156     78.00000000     2      -187.9273024990         0.0056095954         0.2731810850
       157     78.50000000     2      -187.9303467420         0.0059105984         0.2611033164
       158     79.00000000     2      -187.9368600910         0.0064409281         0.2290169040
       159     79.50000000     2      -187.9440568670         0.0069707603         0.1876381577
       160     80.00000000     2      -187.9491395080         0.0073276838         0.1498621129
       161     80.50000000     2      -187.9502949280         0.0074256973         0.1297405973
       162     81.00000000     2      -187.9469155250         0.0072396829         0.1391860708
       163     81.50000000     2      -187.9396763980         0.0067988958         0.1742365845
       164     82.00000000     2      -187.9307225740         0.0062188596         0.2168592880
       165     82.50000000     2      -187.9232752510         0.0057278549         0.2481638794
       166     83.00000000     2      -187.9199801750         0.0055727334         0.2571689800
       167     83.50000000     2      -187.9211451430         0.0057977766         0.2469609789
       168     84.00000000     2      -187.9249411390         0.0062154793         0.2305202184
       169     84.50000000     2      -187.9292081010         0.0066230550         0.2179453653
       170     85.00000000     2      -187.9326405590         0.0069168954         0.2101546242
       171     85.50000000     2      -187.9346369850         0.0070576737         0.2046764152
       172     86.00000000     2      -187.9347718230         0.0070182812         0.2027185002
       173     86.50000000     2      -187.9327779580         0.0067756692         0.2089982068
       174     87.00000000     2      -187.9290847780         0.0063451529         0.2244420266
       175     87.50000000     2      -187.9252167310         0.0058263135         0.2411512323
       176     88.00000000     2      -187.9232825050         0.0054097849         0.2483290083
       177     88.50000000     2      -187.9247546230         0.0052913565         0.2408597466
       178     89.00000000     2      -187.9296603550         0.0055239034         0.2202786026
       179     89.50000000     2      -187.9367093270         0.0059801941         0.1909484122
       180     90.00000000     2      -187.9439172310         0.0064694134         0.1587668715
       181     90.50000000     2      -187.9493123300         0.0068397331         0.1317723869
       182     91.00000000     2      -187.9514867250         0.0070022526         0.1188743205
       183     91.50000000     2      -187.9498434320         0.0069188690         0.1251567420
       184     92.00000000     2      -187.9446786170         0.0065938899         0.1470499646
       185     92.50000000     2      -187.9372544470         0.0060857665         0.1748872529
       186     93.00000000     2      -187.9296282690         0.0055270892         0.1980973741
       187     93.50000000     2      -187.9238972060         0.0051097344         0.2096508047
       188     94.00000000     2      -187.9212091240         0.0049922927         0.2096488300
       189     94.50000000     2      -187.9214645720         0.0051908922         0.2036320738
       190     95.00000000     2      -187.9238704950         0.0055980227         0.1959542415
       191     95.50000000     2      -187.9275027720         0.0060839273         0.1862603757
       192     96.00000000     2      -187.9313533350         0.0065392933         0.1727408023
       193     96.50000000     2      -187.9341791880         0.0068683342         0.1574474475
       194     97.00000000     2      -187.9346576020         0.0069884773         0.1499250466
       195     97.50000000     2      -187.9320223730         0.0068539630         0.1630619749
       196     98.00000000     2      -187.9269091570         0.0064990808         0.1962592209
       197     98.50000000     2      -187.9216811990         0.0060799655         0.2325809062
       198     99.00000000     2      -187.9194710470         0.0058517403         0.2540091790
       199     99.50000000     2      -187.9222266850         0.0060034052         0.2511780492
       200    100.00000000     2      -187.9293797730         0.0064785503         0.2256114997
       201    100.50000000     2      -187.9383485440         0.0070517799         0.1871295517
       202    101.00000000     2      -187.9462197680         0.0075251784         0.1489883721
       203    101.50000000     2      -187.9510648530         0.0078014002         0.1236261962
       204    102.00000000     2      -187.9522093250         0.0078594848         0.1187445930
       205    102.50000000     2      -187.9499057740         0.0077184254         0.1327374992
       206    103.00000000     2      -187.9450468070         0.0074227672         0.1572778212
       207    103.50000000     2      -187.9390599410         0.0070482771         0.1835579979
       208    104.00000000     2      -187.9337031660         0.0067053516         0.2041969042
       209    104.50000000     2      -187.9305432500         0.0065119102         0.2143228984
       210    105.00000000     2      -187.9303384210         0.0065335178         0.2125555979
       211    105.50000000     2      -187.9327661330         0.0067404154         0.2003707269
       212    106.00000000     2      -187.9365997440         0.0070264384         0.1809413185
       213    106.50000000     2      -187.9400990240         0.0072601049         0.1600358915
       214    107.00000000     2      -187.9414869010         0.0073225338         0.1488285104
       215    107.50000000     2      -187.9395877830         0.0071323278         0.1601559988
       216    108.00000000     2      -187.9345808190         0.0066758860         0.1922864781
       217    108.50000000     2      -187.9283925510         0.0060464434         0.2279173768
       218    109.00000000     2      -187.9240263990         0.0054630747         0.2494670692
       219    109.50000000     2      -187.9238349120         0.0051936558         0.2477262552
       220    110.00000000     2      -187.9280009310         0.0053431909         0.2240992731
       221    110.50000000     2      -187.9345443310         0.0057504912         0.1890059003
       222    111.00000000     2      -187.9407076110         0.0061708181         0.1577560358
       223    111.50000000     2      -187.9444338690         0.0064470775         0.1433832547
       224    112.00000000     2      -187.9449695210         0.0065275456         0.1475312225
       225    112.50000000     2      -187.9426650960         0.0064281488         0.1617696786
       226    113.00000000     2      -187.9385295550         0.0062034580         0.1779104257
       227    113.50000000     2      -187.9338519160         0.0059335976         0.1914111795
       228    114.00000000     2      -187.9298933630         0.0057133733         0.2002741861
       229    114.50000000     2      -187.9276290310         0.0056306366         0.2041890019
       230    115.00000000     2      -187.9275998380         0.0057359975         0.2036738616
       231    115.50000000     2      -187.9298863350         0.0060228657         0.1989995823
       232    116.00000000     2      -187.9341161360         0.0064323234         0.1898127339
       233    116.50000000     2      -187.9394514600         0.0068739183         0.1758648093
       234    117.00000000     2      -187.9446158590         0.0072454755         0.1585893087
       235    117.50000000     2      -187.9480715410         0.0074471869         0.1438286066
       236    118.00000000     2      -187.9484558790         0.0073969564         0.1441942464
       237    118.50000000     2      -187.9453259210         0.0070588904         0.1699673692
       238    119.00000000     2      -187.9399643230         0.0064925014         0.2127627929
       239    119.50000000     2      -187.9354367880         0.0059025735         0.2521525870
       240    120.00000000     2      -187.9350764530         0.0055984774         0.2701536513
       241    120.50000000     2      -187.9400600520         0.0057537179         0.2586166350
       242    121.00000000     2      -187.9482876510         0.0062081174         0.2206540203
       243    121.50000000     2      -187.9557341960         0.0066584988         0.1698930040
       244    122.00000000     2      -187.9590390980         0.0069046794         0.1358111289
       245    122.50000000     2      -187.9572525920         0.0068879574         0.1391436828
       246    123.00000000     2      -187.9514949020         0.0066425398         0.1609738890
       247    123.50000000     2      -187.9437279470         0.0062566500         0.1832901581
       248    124.00000000     2      -187.9359448830         0.0058515359         0.2002157032
       249    124.50000000     2      -187.9297429010         0.0055604875         0.2103549220
       250    125.00000000     2      -187.9261263010         0.0054925030         0.2140290459
       251    125.50000000     2      -187.9255020230         0.0056893124         0.2120382238
       252    126.00000000     2      -187.9277704100         0.0061116904         0.2043522376
       253    126.50000000     2      -187.9323583700         0.0066659830         0.1899105279
       254    127.00000000     2      -187.9381668340         0.0072381928         0.1682957293
       255    127.50000000     2      -187.9436034470         0.0077153879         0.1428633521
       256    128.00000000     2      -187.9469113860         0.0080016560         0.1251005272
       257    128.50000000     2      -187.9468604790         0.0080395305         0.1326488879
       258    129.00000000     2      -187.9435954310         0.0078405137         0.1656049507
       259    129.50000000     2      -187.9390350730         0.0075114658         0.2029587214
       260    130.00000000     2      -187.9360787150         0.0072361300         0.2252025703
       261    130.50000000     2      -187.9367586540         0.0071727920         0.2224900276
       262    131.00000000     2      -187.9407660740         0.0073271726         0.1953542270
       263    131.50000000     2      -187.9456509610         0.0075508851         0.1541602501
       264    132.00000000     2      -187.9484814170         0.0076673101         0.1177748994
       265    132.50000000     2      -187.9475263970         0.0075735117         0.1069671607
       266    133.00000000     2      -187.9428069870         0.0072583217         0.1220412656
       267    133.50000000     2      -187.9355973820         0.0067764843         0.1448521129
       268    134.00000000     2      -187.9275891830         0.0062175609         0.1645839433
       269    134.50000000     2      -187.9202522290         0.0056823035         0.1791163981
       270    135.00000000     2      -187.9145885000         0.0052676886         0.1896862671
       271    135.50000000     2      -187.9112026360         0.0050556554         0.1972124101
       272    136.00000000     2      -187.9104276300         0.0050934050         0.2006924366
       273    136.50000000     2      -187.9122905200         0.0053665316         0.1979007685
       274    137.00000000     2      -187.9163303250         0.0057932495         0.1871577657
       275    137.50000000     2      -187.9214495960         0.0062500943         0.1689485698
       276    138.00000000     2      -187.9259659130         0.0066029371         0.1479740231
       277    138.50000000     2      -187.9279553280         0.0067273496         0.1372698827
       278    139.00000000     2      -187.9259902480         0.0065314245         0.1555692535
       279    139.50000000     2      -187.9202928580         0.0060069043         0.2019923351
       280    140.00000000     2      -187.9136390250         0.0053191617         0.2517896750
       281    140.50000000     2      -187.9104188870         0.0048594142         0.2790941147
       282    141.00000000     2      -187.9134868520         0.0049995515         0.2720100870
       283    141.50000000     2      -187.9217983880         0.0056369514         0.2359919668
       284    142.00000000     2      -187.9313847190         0.0063571731         0.1865899856
       285    142.50000000     2      -187.9380644020         0.0068534945         0.1448226751
       286    143.00000000     2      -187.9394330370         0.0070038361         0.1336556170
       287    143.50000000     2      -187.9354053430         0.0068132741         0.1542335954
       288    144.00000000     2      -187.9276489350         0.0063636241         0.1847728825
       289    144.50000000     2      -187.9185600910         0.0057812080         0.2099203900
       290    145.00000000     2      -187.9103202640         0.0052135044         0.2245541026
       291    145.50000000     2      -187.9043586910         0.0048045994         0.2293405707
       292    146.00000000     2      -187.9013162010         0.0046620935         0.2273479858
       293    146.50000000     2      -187.9013050860         0.0048208230         0.2209901915
       294    147.00000000     2      -187.9041029310         0.0052313687         0.2104634646
       295    147.50000000     2      -187.9091043690         0.0057867083         0.1946755005
       296    148.00000000     2      -187.9151636690         0.0063575973         0.1733330404
       297    148.50000000     2      -187.9205525810         0.0068118622         0.1489631430
       298    149.00000000     2      -187.9231598400         0.0070205463         0.1311264112
       299    149.50000000     2      -187.9210960510         0.0068694927         0.1406469842
       300    150.00000000     2      -187.9139732260         0.0063070273         0.1864393463
       301    150.50000000     2      -187.9044780860         0.0054570427         0.2436848321
       302    151.00000000     2      -187.8980876600         0.0047506866         0.2781232918
       303    151.50000000     2      -187.8990995500         0.0047335263         0.2712534460
       304    152.00000000     2      -187.9066496310         0.0053599809         0.2329833741
       305    152.50000000     2      -187.9159944890         0.0060947197         0.1906324436
       306    153.00000000     2      -187.9226808140         0.0065769929         0.1681812626
       307    153.50000000     2      -187.9247396050         0.0067036364         0.1714017215
       308    154.00000000     2      -187.9225239410         0.0065084950         0.1879124741
       309    154.50000000     2      -187.9176332550         0.0060831521         0.2046929903
       310    155.00000000     2      -187.9118317740         0.0055328550         0.2168192698
       311    155.50000000     2      -187.9064400360         0.0049542927         0.2250759810
       312    156.00000000     2      -187.9022860010         0.0044358986         0.2316520055
       313    156.50000000     2      -187.8999277340         0.0040718530         0.2373597291
       314    157.00000000     2      -187.8998055160         0.0039583412         0.2410906252
       315    157.50000000     2      -187.9021824510         0.0041428898         0.2407606513
       316    158.00000000     2      -187.9069449620         0.0045742015         0.2346641987
       317    158.50000000     2      -187.9134329950         0.0051284791         0.2222583874
       318    159.00000000     2      -187.9204087240         0.0056685022         0.2041244855
       319    159.50000000     2      -187.9261450250         0.0060692050         0.1826421202
       320    160.00000000     2      -187.9286718790         0.0062200997         0.1661249058
       321    160.50000000     2      -187.9264775520         0.0060446312         0.1727028370
       322    161.00000000     2      -187.9199152920         0.0055738044         0.2108471096
       323    161.50000000     2      -187.9124108670         0.0050689109         0.2565618376
       324    162.00000000     2      -187.9090362260         0.0049935045         0.2771104373
       325    162.50000000     2      -187.9122193000         0.0055247897         0.2606872848
       326    163.00000000     2      -187.9196273280         0.0063054354         0.2209999808
       327    163.50000000     2      -187.9268801720         0.0069397349         0.1795328793
       328    164.00000000     2      -187.9308455600         0.0072544715         0.1520656797
       329    164.50000000     2      -187.9305896930         0.0072355597         0.1454979061
       330    165.00000000     2      -187.9268870680         0.0069463181         0.1540074197
       331    165.50000000     2      -187.9213406090         0.0064823265         0.1657888021
       332    166.00000000     2      -187.9155473200         0.0059433327         0.1740432081
       333    166.50000000     2      -187.9106431340         0.0054184662         0.1783040803
       334    167.00000000     2      -187.9073264310         0.0049902444         0.1805135639
       335    167.50000000     2      -187.9060915710         0.0047458912         0.1809758604
       336    168.00000000     2      -187.9072978620         0.0047607745         0.1774449113
       337    168.50000000     2      -187.9109719310         0.0050453616         0.1676105875
       338    169.00000000     2      -187.9165751080         0.0055208015         0.1516948992
       339    169.50000000     2      -187.9229681440         0.0060591380         0.1332646788
       340    170.00000000     2      -187.9285651500         0.0065307037         0.1201814619
       341    170.50000000     2      -187.9316273820         0.0068249422         0.1258429006
       342    171.00000000     2      -187.9308787640         0.0068706527         0.1589721389
       343    171.50000000     2      -187.9266115890         0.0066868918         0.2089744260
       344    172.00000000     2      -187.9215582880         0.0064462102         0.2520394153
       345    172.50000000     2      -187.9196857940         0.0064239483         0.2647257994
       346    173.00000000     2      -187.9227376950         0.0067374279         0.2400097101
       347    173.50000000     2      -187.9284477730         0.0072017884         0.1946987281
       348    174.00000000     2      -187.9329111440         0.0075531765         0.1585926763
       349    174.50000000     2      -187.9337571760         0.0076570877         0.1518686027
       350    175.00000000     2      -187.9309580560         0.0075148151         0.1665816345
       351    175.50000000     2      -187.9258675520         0.0071966516         0.1848237661
       352    176.00000000     2      -187.9200547260         0.0067866980         0.1979202108
       353    176.50000000     2      -187.9146593330         0.0063537651         0.2046781493
       354    177.00000000     2      -187.9103112660         0.0059463991         0.2069085060
       355    177.50000000     2      -187.9073610020         0.0056051922         0.2066456087
       356    178.00000000     2      -187.9061034460         0.0053759752         0.2045156361
       357    178.50000000     2      -187.9067886910         0.0053036734         0.1996649561
       358    179.00000000     2      -187.9094452580         0.0054044104         0.1909394335
       359    179.50000000     2      -187.9136898390         0.0056423887         0.1778251837
       360    180.00000000     2      -187.9186415190         0.0059348856         0.1608688557
       361    180.50000000     2      -187.9229640090         0.0061755902         0.1435299345
       362    181.00000000     2      -187.9251470520         0.0062630481         0.1369674096
       363    181.50000000     2      -187.9242892080         0.0061469124         0.1566697890
       364    182.00000000     2      -187.9213350740         0.0059065142         0.1973082964
       365    182.50000000     2      -187.9195329080         0.0057980213         0.2307253356
       366    183.00000000     2      -187.9222903690         0.0060767226         0.2324477804
       367    183.50000000     2      -187.9297057910         0.0066741880         0.2011225783
       368    184.00000000     2      -187.9383161190         0.0072734700         0.1589252686
       369    184.50000000     2      -187.9444021490         0.0076322852         0.1345442775
       370    185.00000000     2      -187.9464734520         0.0076856245         0.1383188252
       371    185.50000000     2      -187.9451817510         0.0074853241         0.1553708165
       372    186.00000000     2      -187.9420810850         0.0071257696         0.1710527528
       373    186.50000000     2      -187.9385471860         0.0066939221         0.1810054675
       374    187.00000000     2      -187.9353223440         0.0062453412         0.1873390727
       375    187.50000000     2      -187.9326826680         0.0058101823         0.1936598277
       376    188.00000000     2      -187.9308757170         0.0054219782         0.2005309639
       377    188.50000000     2      -187.9303414930         0.0051395749         0.2045801020
       378    189.00000000     2      -187.9315109770         0.0050307116         0.2019115968
       379    189.50000000     2      -187.9344326730         0.0051222468         0.1915022739
       380    190.00000000     2      -187.9385859730         0.0053689016         0.1757785277
       381    190.50000000     2      -187.9429500480         0.0056721421         0.1597257225
       382    191.00000000     2      -187.9461881170         0.0059167965         0.1511543930
       383    191.50000000     2      -187.9469681760         0.0059992663         0.1606115674
       384    192.00000000     2      -187.9446769880         0.0058667653         0.1929940928
       385    192.50000000     2      -187.9405247560         0.0055920625         0.2371855652
       386    193.00000000     2      -187.9379564080         0.0054347447         0.2704654532
       387    193.50000000     2      -187.9406484140         0.0056869765         0.2739014920
       388    194.00000000     2      -187.9456340150         0.0062857858         0.2761755922
       389    194.50000000     2      -187.9493983800         0.0069081436         0.2216331934
       390    195.00000000     2      -187.9516304570         0.0073270237         0.1859340780
       391    195.50000000     2      -187.9507081580         0.0074795888         0.1806589477
       392    196.00000000     2      -187.9473920150         0.0074353833         0.1904269935
       393    196.50000000     2      -187.9432224280         0.0072964850         0.1991360379
       394    197.00000000     2      -187.9392534700         0.0071317243         0.2019578059
       395    197.50000000     2      -187.9357502120         0.0069597498         0.2009404518
       396    198.00000000     2      -187.9325755010         0.0067729758         0.2002042860
       397    198.50000000     2      -187.9297425710         0.0065758588         0.2020060796
       398    199.00000000     2      -187.9276639850         0.0064057582         0.2049099215
       399    199.50000000     2      -187.9269433260         0.0063202802         0.2058352305
       400    200.00000000     2      -187.9279705980         0.0063622997         0.2030440911
       401    200.50000000     2      -187.9306737620         0.0065324538         0.1967917717
       402    201.00000000     2      -187.9345052420         0.0067879237         0.1883042532
       403    201.50000000     2      -187.9385202490         0.0070580440         0.1793708216
       404    202.00000000     2      -187.9414851950         0.0072610064         0.1735197587
       405    202.50000000     2      -187.9421603820         0.0073227256         0.1770613070
       406    203.00000000     2      -187.9399490590         0.0072100478         0.1950033327
       407    203.50000000     2      -187.9357502950         0.0069791200         0.2216407899
       408    204.00000000     2      -187.9320567900         0.0067920653         0.2395570225
       409    204.50000000     2      -187.9312090170         0.0068096433         0.2334072575
       410    205.00000000     2      -187.9330009500         0.0070124522         0.2067575681
       411    205.50000000     2      -187.9348393470         0.0072169142         0.1837999190
       412    206.00000000     2      -187.9344322460         0.0072688335         0.1847653647
       413    206.50000000     2      -187.9314873320         0.0071389664         0.2022467866
       414    207.00000000     2      -187.9271070880         0.0068795367         0.2199427600
       415    207.50000000     2      -187.9224653670         0.0065496348         0.2311665955
       416    208.00000000     2      -187.9181617390         0.0061771428         0.2372595731
       417    208.50000000     2      -187.9144500800         0.0057728583         0.2417653846
       418    209.00000000     2      -187.9117748900         0.0053730741         0.2450422790
       419    209.50000000     2      -187.9108754380         0.0050596067         0.2435768006
       420    210.00000000     2      -187.9123176290         0.0049221475         0.2344925553
       421    210.50000000     2      -187.9160384980         0.0049911108         0.2189426110
       422    211.00000000     2      -187.9213669540         0.0052169665         0.2011257807
       423    211.50000000     2      -187.9273391650         0.0055113450         0.1855543197
       424    212.00000000     2      -187.9329456040         0.0057890625         0.1758283642
       425    212.50000000     2      -187.9372690180         0.0059847562         0.1751428741
       426    213.00000000     2      -187.9397216140         0.0060659253         0.1859852665
       427    213.50000000     2      -187.9405025500         0.0060603265         0.2068196276
       428    214.00000000     2      -187.9409860020         0.0060806357         0.2282810773
       429    214.50000000     2      -187.9432199920         0.0062761267         0.2358115687
       430    215.00000000     2      -187.9481738970         0.0066827750         0.2211994445
       431    215.50000000     2      -187.9544290260         0.0071545895         0.1928054892
       432    216.00000000     2      -187.9592702490         0.0074961299         0.1703045053
       433    216.50000000     2      -187.9608595070         0.0076005657         0.1661206796
       434    217.00000000     2      -187.9590571360         0.0074655469         0.1758605561
       435    217.50000000     2      -187.9548288990         0.0071464171         0.1883434224
       436    218.00000000     2      -187.9493080290         0.0067075126         0.1959524188
       437    218.50000000     2      -187.9431710480         0.0061900489         0.1988292893
       438    219.00000000     2      -187.9367196890         0.0056157856         0.2030165328
       439    219.50000000     2      -187.9304748410         0.0050310383         0.2122696774
       440    220.00000000     2      -187.9254567570         0.0045495025         0.2234442779
       441    220.50000000     2      -187.9227466270         0.0043289887         0.2312220274
       442    221.00000000     2      -187.9228288420         0.0044562338         0.2334769716
       443    221.50000000     2      -187.9253559690         0.0048618633         0.2314919335
       444    222.00000000     2      -187.9293892550         0.0053922116         0.2276245652
       445    222.50000000     2      -187.9337503210         0.0059113059         0.2239825185
       446    223.00000000     2      -187.9372606830         0.0063280775         0.2228348712
       447    223.50000000     2      -187.9389559000         0.0065909716         0.2272961841
       448    224.00000000     2      -187.9384753710         0.0066953891         0.2399741763
       449    224.50000000     2      -187.9366296620         0.0067112324         0.2578802834
       450    225.00000000     2      -187.9355178530         0.0067877486         0.2686888766
       451    225.50000000     2      -187.9372120720         0.0070574472         0.2587092007
       452    226.00000000     2      -187.9417060810         0.0074956178         0.2283113611
       453    226.50000000     2      -187.9468032000         0.0079455738         0.1947584219
       454    227.00000000     2      -187.9501983550         0.0082714314         0.1754719488
       455    227.50000000     2      -187.9509236910         0.0084259570         0.1725542575
       456    228.00000000     2      -187.9490925960         0.0084171956         0.1790247395
       457    228.50000000     2      -187.9451341820         0.0082614258         0.1901255523
       458    229.00000000     2      -187.9394268060         0.0079643739         0.2050886762
       459    229.50000000     2      -187.9325006930         0.0075359917         0.2236824746
       460    230.00000000     2      -187.9254738170         0.0070250173         0.2416448876
       461    230.50000000     2      -187.9199986840         0.0065363193         0.2512146089
       462    231.00000000     2      -187.9174520500         0.0061942270         0.2469683572
       463    231.50000000     2      -187.9181020130         0.0060651645         0.2303508971
       464    232.00000000     2      -187.9211122260         0.0061194472         0.2089267222
       465    232.50000000     2      -187.9252639530         0.0062765942         0.1916347436
       466    233.00000000     2      -187.9296211010         0.0064685684         0.1831919168
       467    233.50000000     2      -187.9336789010         0.0066574381         0.1810638509
       468    234.00000000     2      -187.9370465630         0.0068131675         0.1784170810
       469    234.50000000     2      -187.9389867620         0.0068845295         0.1717283361
       470    235.00000000     2      -187.9383862610         0.0067997605         0.1674876596
       471    235.50000000     2      -187.9346375370         0.0065194395         0.1776911854
       472    236.00000000     2      -187.9288561950         0.0061157645         0.1999578789
       473    236.50000000     2      -187.9237205990         0.0057879488         0.2170000345
       474    237.00000000     2      -187.9213939720         0.0057214422         0.2202872173
       475    237.50000000     2      -187.9218813220         0.0059075874         0.2188232113
       476    238.00000000     2      -187.9237684960         0.0061900167         0.2241449841
       477    238.50000000     2      -187.9258001690         0.0064316742         0.2335667152
       478    239.00000000     2      -187.9272468710         0.0065573519         0.2367428500
       479    239.50000000     2      -187.9274369680         0.0065150257         0.2308659363
       480    240.00000000     2      -187.9258417370         0.0062710915         0.2222760919
       481    240.50000000     2      -187.9227506810         0.0058478624         0.2170964162
       482    241.00000000     2      -187.9194688640         0.0053512895         0.2141671102
       483    241.50000000     2      -187.9176198080         0.0049516765         0.2080971580
       484    242.00000000     2      -187.9182065750         0.0048049233         0.1960375371
       485    242.50000000     2      -187.9212272130         0.0049546649         0.1800422156
       486    243.00000000     2      -187.9259761160         0.0053242259         0.1649915626
       487    243.50000000     2      -187.9315681440         0.0058026679         0.1551529682
       488    244.00000000     2      -187.9372224870         0.0063039772         0.1517650895
       489    244.50000000     2      -187.9421944640         0.0067639982         0.1537762499
       490    245.00000000     2      -187.9455718340         0.0071192027         0.1614954739
       491    245.50000000     2      -187.9463425950         0.0073045704         0.1776411136
       492    246.00000000     2      -187.9439750200         0.0072797154         0.2015383793
       493    246.50000000     2      -187.9390905280         0.0070619363         0.2245191501
       494    247.00000000     2      -187.9333305260         0.0067278214         0.2359828812
       495    247.50000000     2      -187.9283085040         0.0063712370         0.2335336558
       496    248.00000000     2      -187.9248768820         0.0060655850         0.2243098696
       497    248.50000000     2      -187.9233756900         0.0058687348         0.2144012469
       498    249.00000000     2      -187.9237966080         0.0058138485         0.2022815606
       499    249.50000000     2      -187.9252999000         0.0058548967         0.1879916578
       500    250.00000000     2      -187.9262452480         0.0058681960         0.1810829509
       501    250.50000000     2      -187.9253575780         0.0057485771         0.1903361382
       502    251.00000000     2      -187.9228390190         0.0054969619         0.2096157015
       503    251.50000000     2      -187.9202171930         0.0052292997         0.2250945187
       504    252.00000000     2      -187.9191592080         0.0051061256         0.2284708235
       505    252.50000000     2      -187.9204055470         0.0052206102         0.2206273050
       506    253.00000000     2      -187.9236630290         0.0055480761         0.2088150686
       507    253.50000000     2      -187.9282648550         0.0060086537         0.2005662319
       508    254.00000000     2      -187.9337944950         0.0065410570         0.1977427459
       509    254.50000000     2      -187.9401388510         0.0071102996         0.1958241408
       510    255.00000000     2      -187.9470415760         0.0076769705         0.1891665300
       511    255.50000000     2      -187.9536606030         0.0081777658         0.1764319050
       512    256.00000000     2      -187.9586483060         0.0085378924         0.1616552380
       513    256.50000000     2      -187.9607707320         0.0087010646         0.1504154368
       514    257.00000000     2      -187.9595232060         0.0086508175         0.1447284529
       515    257.50000000     2      -187.9552503920         0.0084112387         0.1441491342
       516    258.00000000     2      -187.9488897290         0.0080377679         0.1516863403
       517    258.50000000     2      -187.9418108900         0.0076163938         0.1701268079
       518    259.00000000     2      -187.9356845910         0.0072605753         0.1916737376
       519    259.50000000     2      -187.9317425580         0.0070598872         0.2035563701
       520    260.00000000     2      -187.9297126910         0.0069951486         0.2026213738
       521    260.50000000     2      -187.9279102770         0.0069401421         0.1985771782
       522    261.00000000     2      -187.9247679270         0.0067720840         0.2025687519
       523    261.50000000     2      -187.9201501880         0.0064624108         0.2149512600
       524    262.00000000     2      -187.9152775200         0.0060828996         0.2279850306
       525    262.50000000     2      -187.9117112390         0.0057552238         0.2353489347
       526    263.00000000     2      -187.9104363960         0.0055828687         0.2359115456
       527    263.50000000     2      -187.9116456060         0.0056061699         0.2321761018
       528    264.00000000     2      -187.9151053930         0.0058107507         0.2266440030
       529    264.50000000     2      -187.9205487690         0.0061626793         0.2189703502
       530    265.00000000     2      -187.9276660450         0.0066197059         0.2063343142
       531    265.50000000     2      -187.9357603400         0.0071185167         0.1867698121
       532    266.00000000     2      -187.9435316850         0.0075729188         0.1624084829
       533    266.50000000     2      -187.9493429710         0.0078947338         0.1400640687
       534    267.00000000     2      -187.9518261100         0.0080196395         0.1283912461
       535    267.50000000     2      -187.9504199470         0.0079227504         0.1318910765
       536    268.00000000     2      -187.9456105830         0.0076259343         0.1479151357
       537    268.50000000     2      -187.9389010250         0.0072058558         0.1707657891
       538    269.00000000     2      -187.9325256490         0.0067990446         0.1933079806
       539    269.50000000     2      -187.9286881310         0.0065658922         0.2066580878
       540    270.00000000     2      -187.9282979370         0.0065799237         0.2057229784
       541    270.50000000     2      -187.9302144170         0.0067452720         0.1957495681
       542    271.00000000     2      -187.9321294180         0.0068791077         0.1890159874
       543    271.50000000     2      -187.9323538170         0.0068552712         0.1921036965
       544    272.00000000     2      -187.9307510080         0.0066585161         0.1998602048
       545    272.50000000     2      -187.9282904400         0.0063541688         0.2034430845
       546    273.00000000     2      -187.9260113770         0.0060289185         0.1988001123
       547    273.50000000     2      -187.9243526410         0.0057436847         0.1890754878
       548    274.00000000     2      -187.9232643690         0.0055288389         0.1824096194
       549    274.50000000     2      -187.9228133100         0.0054203625         0.1848379106
       550    275.00000000     2      -187.9235729200         0.0054838662         0.1931863423
       551    275.50000000     2      -187.9262646530         0.0057687828         0.1988065250
       552    276.00000000     2      -187.9308914200         0.0062307712         0.1977448653
       553    276.50000000     2      -187.9363095430         0.0067343819         0.1941756160
       554    277.00000000     2      -187.9407593250         0.0071324158         0.1942227666
       555    277.50000000     2      -187.9427542600         0.0073240952         0.1986329650
       556    278.00000000     2      -187.9415553450         0.0072622579         0.2040746413
       557    278.50000000     2      -187.9372279260         0.0069434977         0.2092772700
       558    279.00000000     2      -187.9306910160         0.0064151866         0.2171057716
       559    279.50000000     2      -187.9238472200         0.0058089680         0.2295552157
       560    280.00000000     2      -187.9192813080         0.0053606334         0.2404851364
       561    280.50000000     2      -187.9189533090         0.0052966527         0.2389349936
       562    281.00000000     2      -187.9226460680         0.0055996142         0.2218307590
       563    281.50000000     2      -187.9280855190         0.0060242271         0.1987901547
       564    282.00000000     2      -187.9328576270         0.0063578844         0.1826594843
       565    282.50000000     2      -187.9359673830         0.0065392351         0.1767734969
       566    283.00000000     2      -187.9377696130         0.0066125555         0.1747710635
       567    283.50000000     2      -187.9389797770         0.0066453520         0.1709516899
       568    284.00000000     2      -187.9399314190         0.0066757174         0.1660657516
       569    284.50000000     2      -187.9405748000         0.0067104562         0.1651555637
       570    285.00000000     2      -187.9409537410         0.0067564275         0.1707569246
       571    285.50000000     2      -187.9415603970         0.0068435227         0.1782607352
       572    286.00000000     2      -187.9431591860         0.0070104175         0.1796463485
       573    286.50000000     2      -187.9462259700         0.0072657871         0.1707893063
       574    287.00000000     2      -187.9505425090         0.0075690990         0.1549797653
       575    287.50000000     2      -187.9552169260         0.0078489630         0.1392179157
       576    288.00000000     2      -187.9589879410         0.0080306574         0.1283954918
       577    288.50000000     2      -187.9605379590         0.0080484094         0.1284586314
       578    289.00000000     2      -187.9582097160         0.0078423503         0.1407156031
       579    289.50000000     2      -187.9501290920         0.0073988548         0.1591309004
       580    290.00000000     2      -187.9395103040         0.0067876424         0.1829367634
       581    290.50000000     2      -187.9293669500         0.0061527326         0.2056840099
       582    291.00000000     2      -187.9220133570         0.0056832625         0.2205735647
       583    291.50000000     2      -187.9186172140         0.0055201024         0.2241444684
       584    292.00000000     2      -187.9187402710         0.0056432763         0.2199202829
       585    292.50000000     2      -187.9210091320         0.0059145475         0.2136176531
       586    293.00000000     2      -187.9241487880         0.0062095755         0.2067698004
       587    293.50000000     2      -187.9273285130         0.0064635427         0.1976342813
       588    294.00000000     2      -187.9298998860         0.0066426904         0.1870275198
       589    294.50000000     2      -187.9312696980         0.0067239087         0.1806659250
       590    295.00000000     2      -187.9312196860         0.0067080081         0.1843573955
       591    295.50000000     2      -187.9303129140         0.0066435623         0.1960164545
       592    296.00000000     2      -187.9297989040         0.0066228532         0.2060106234
       593    296.50000000     2      -187.9308284140         0.0067277461         0.2064811168
       594    297.00000000     2      -187.9336120850         0.0069655623         0.1980016798
       595    297.50000000     2      -187.9373837090         0.0072702007         0.1871403982
       596    298.00000000     2      -187.9410495980         0.0075578904         0.1782125042
       597    298.50000000     2      -187.9436682660         0.0077633923         0.1701440625
       598    299.00000000     2      -187.9444982490         0.0078405272         0.1613447040
       599    299.50000000     2      -187.9430080030         0.0077572606         0.1530001009
       600    300.00000000     2      -187.9390183680         0.0074980589         0.1473519067
       601    300.50000000     2      -187.9327890280         0.0070661396         0.1462875914
       602    301.00000000     2      -187.9249905530         0.0064849044         0.1523364906
       603    301.50000000     2      -187.9167187420         0.0058105602         0.1668823825
       604    302.00000000     2      -187.9095193790         0.0051603402         0.1852330449
       605    302.50000000     2      -187.9050596070         0.0047212335         0.1978272463
       606    303.00000000     2      -187.9043399860         0.0046600663         0.1975001355
       607    303.50000000     2      -187.9070614170         0.0049639675         0.1839474839
       608    304.00000000     2      -187.9117744470         0.0054495982         0.1627561599
       609    304.50000000     2      -187.9166276440         0.0059260832         0.1427426813
       610    305.00000000     2      -187.9201338200         0.0062820115         0.1337221225
       611    305.50000000     2      -187.9216654030         0.0064889913         0.1408121466
       612    306.00000000     2      -187.9216162530         0.0065864004         0.1585446284
       613    306.50000000     2      -187.9211392840         0.0066565306         0.1764369889
       614    307.00000000     2      -187.9214871030         0.0067811470         0.1877227095
       615    307.50000000     2      -187.9233663260         0.0069977540         0.1915661966
       616    308.00000000     2      -187.9267608590         0.0072900630         0.1895554985
       617    308.50000000     2      -187.9311019140         0.0076078291         0.1819585404
       618    309.00000000     2      -187.9353965480         0.0078843110         0.1691815388
       619    309.50000000     2      -187.9383783350         0.0080479967         0.1554280627
       620    310.00000000     2      -187.9389232030         0.0080402759         0.1479950346
       621    310.50000000     2      -187.9365567310         0.0078337904         0.1509862292
       622    311.00000000     2      -187.9316506800         0.0074390235         0.1611343315
       623    311.50000000     2      -187.9251801850         0.0068968382         0.1727121690
       624    312.00000000     2      -187.9183098050         0.0062671408         0.1834198956
       625    312.50000000     2      -187.9121685210         0.0056289933         0.1936828949
       626    313.00000000     2      -187.9078319660         0.0050931370         0.2022501798
       627    313.50000000     2      -187.9061777570         0.0047920839         0.2049583216
       628    314.00000000     2      -187.9074754650         0.0048039815         0.1983282483
       629    314.50000000     2      -187.9110625190         0.0050705809         0.1836286267
       630    315.00000000     2      -187.9155375270         0.0054387568         0.1683412206
       631    315.50000000     2      -187.9194727150         0.0057752082         0.1632508520
       632    316.00000000     2      -187.9222087880         0.0060314104         0.1726262313
       633    316.50000000     2      -187.9241604160         0.0062415489         0.1879082678
       634    317.00000000     2      -187.9263005810         0.0064707825         0.1974576513
       635    317.50000000     2      -187.9292153150         0.0067482613         0.1978995185
       636    318.00000000     2      -187.9326991080         0.0070475537         0.1944567352
       637    318.50000000     2      -187.9361822420         0.0073234223         0.1920289961
       638    319.00000000     2      -187.9391616500         0.0075412316         0.1895222765
       639    319.50000000     2      -187.9411103590         0.0076702950         0.1853670663
       640    320.00000000     2      -187.9413613590         0.0076747196         0.1833978540
       641    320.50000000     2      -187.9394248760         0.0075256637         0.1892387168
       642    321.00000000     2      -187.9354343510         0.0072205161         0.2023041638
       643    321.50000000     2      -187.9301904080         0.0067890144         0.2170000779
       644    322.00000000     2      -187.9248064750         0.0062860693         0.2293836677
       645    322.50000000     2      -187.9203660470         0.0057840980         0.2381693077
       646    323.00000000     2      -187.9177742220         0.0053707385         0.2424891578
       647    323.50000000     2      -187.9176674200         0.0051378079         0.2404307016
       648    324.00000000     2      -187.9202154880         0.0051404594         0.2295611486
       649    324.50000000     2      -187.9248734410         0.0053482664         0.2090337457
       650    325.00000000     2      -187.9303460090         0.0056513408         0.1830437308
       651    325.50000000     2      -187.9349948810         0.0059237257         0.1647450636
       652    326.00000000     2      -187.9376340360         0.0060859748         0.1674441917
       653    326.50000000     2      -187.9381356050         0.0061329052         0.1863931015
       654    327.00000000     2      -187.9372905250         0.0061214645         0.2080978470
       655    327.50000000     2      -187.9361104430         0.0061260961         0.2252922855
       656    328.00000000     2      -187.9351868690         0.0061910947         0.2394211206
       657    328.50000000     2      -187.9346969550         0.0063236797         0.2548210227
       658    329.00000000     2      -187.9348328910         0.0065199221         0.2707449865
       659    329.50000000     2      -187.9358228020         0.0067675181         0.2817009442
       660    330.00000000     2      -187.9374393330         0.0070215224         0.2841613717
       661    330.50000000     2      -187.9387825260         0.0072038429         0.2795038171
       662    331.00000000     2      -187.9387503760         0.0072391820         0.2716568045
       663    331.50000000     2      -187.9367487990         0.0070930681         0.2639600278
       664    332.00000000     2      -187.9330745690         0.0067895318         0.2576404855
       665    332.50000000     2      -187.9287810860         0.0064075247         0.2515360179
       666    333.00000000     2      -187.9251417000         0.0060551755         0.2426287480
       667    333.50000000     2      -187.9230284090         0.0058242726         0.2279346818
       668    334.00000000     2      -187.9225920620         0.0057494572         0.2073368294
       669    334.50000000     2      -187.9233931670         0.0058052047         0.1844073613
       670    335.00000000     2      -187.9247700220         0.0059380081         0.1647771339
       671    335.50000000     2      -187.9261529030         0.0060995022         0.1540499815
       672    336.00000000     2      -187.9272319630         0.0062624037         0.1553298311
       673    336.50000000     2      -187.9280266790         0.0064241701         0.1667266771
       674    337.00000000     2      -187.9288472750         0.0066015897         0.1820292127
       675    337.50000000     2      -187.9300596350         0.0068124235         0.1950114507
       676    338.00000000     2      -187.9317400810         0.0070526548         0.2037499594
       677    338.50000000     2      -187.9335967380         0.0072947258         0.2108054275
       678    339.00000000     2      -187.9353122400         0.0075109778         0.2179217523
       679    339.50000000     2      -187.9368159590         0.0076884900         0.2220016844
       680    340.00000000     2      -187.9380284860         0.0078134015         0.2188470477
       681    340.50000000     2      -187.9384605370         0.0078502994         0.2088494110
       682    341.00000000     2      -187.9373275760         0.0077497795         0.1973648129
       683    341.50000000     2      -187.9341362380         0.0074785311         0.1906987953
       684    342.00000000     2      -187.9291701360         0.0070460790         0.1918126907
       685    342.50000000     2      -187.9235164090         0.0065167973         0.1983532278
       686    343.00000000     2      -187.9187124170         0.0060079065         0.2047109777
       687    343.50000000     2      -187.9161648420         0.0056608377         0.2057762248
       688    344.00000000     2      -187.9165133700         0.0055689319         0.1994535248
       689    344.50000000     2      -187.9193363650         0.0057081675         0.1875924978
       690    345.00000000     2      -187.9234068050         0.0059576257         0.1751178792
       691    345.50000000     2      -187.9272823720         0.0061836805         0.1680808975
       692    346.00000000     2      -187.9298712810         0.0062976157         0.1710800644
       693    346.50000000     2      -187.9307845350         0.0062713321         0.1844233718
       694    347.00000000     2      -187.9304282100         0.0061362034         0.2034233611
       695    347.50000000     2      -187.9297799620         0.0059718222         0.2212973831
       696    348.00000000     2      -187.9298691230         0.0058749961         0.2335262107
       697    348.50000000     2      -187.9312747460         0.0059147672         0.2404672634
       698    349.00000000     2      -187.9340624440         0.0061082795         0.2452387197
       699    349.50000000     2      -187.9380616460         0.0064310682         0.2483964374
       700    350.00000000     2      -187.9429115900         0.0068282255         0.2471666794
       701    350.50000000     2      -187.9477950520         0.0072164683         0.2405962479
       702    351.00000000     2      -187.9514540480         0.0075027522         0.2323178350
       703    351.50000000     2      -187.9527132320         0.0076167106         0.2279002392
       704    352.00000000     2      -187.9510628100         0.0075325950         0.2312099936
       705    352.50000000     2      -187.9469495120         0.0072773516         0.2425274537
       706    353.00000000     2      -187.9417771050         0.0069354191         0.2576442856
       707    353.50000000     2      -187.9375625360         0.0066426808         0.2684022240
       708    354.00000000     2      -187.9361064890         0.0065368118         0.2661155727
       709    354.50000000     2      -187.9379617110         0.0066640218         0.2464757246
       710    355.00000000     2      -187.9420142220         0.0069368083         0.2121808033
       711    355.50000000     2      -187.9461129300         0.0072025830         0.1717000857
       712    356.00000000     2      -187.9481838140         0.0073339790         0.1369724657
       713    356.50000000     2      -187.9470194400         0.0072647976         0.1218882258
       714    357.00000000     2      -187.9425453810         0.0069899477         0.1334776042
       715    357.50000000     2      -187.9357977620         0.0065662732         0.1624562633
       716    358.00000000     2      -187.9287194920         0.0061233547         0.1949401718
       717    358.50000000     2      -187.9236429800         0.0058554445         0.2214466369
       718    359.00000000     2      -187.9224411730         0.0059378045         0.2372580536
       719    359.50000000     2      -187.9257169780         0.0063903877         0.2415684783
       720    360.00000000     2      -187.9325122400         0.0070579479         0.2360092756
       721    360.50000000     2      -187.9406624920         0.0077288905         0.2238083558
       722    361.00000000     2      -187.9475907000         0.0082325587         0.2097309758
       723    361.50000000     2      -187.9511914630         0.0084669055         0.1985727757
       724    362.00000000     2      -187.9503915320         0.0083917539         0.1927970214
       725    362.50000000     2      -187.9452246700         0.0080153699         0.1953170368
       726    363.00000000     2      -187.9369509410         0.0074009681         0.2111127890
       727    363.50000000     2      -187.9282154940         0.0066866283         0.2274837937
       728    364.00000000     2      -187.9218175630         0.0060725362         0.2337467416
       729    364.50000000     2      -187.9194821690         0.0057539707         0.2276019430
       730    365.00000000     2      -187.9213458920         0.0058043018         0.2107515532
       731    365.50000000     2      -187.9261111120         0.0061198244         0.1885982602
       732    366.00000000     2      -187.9317735380         0.0065164002         0.1681624202
       733    366.50000000     2      -187.9363736340         0.0068387052         0.1554552214
       734    367.00000000     2      -187.9383920210         0.0069856723         0.1543241807
       735    367.50000000     2      -187.9369020140         0.0068963364         0.1663678109
       736    368.00000000     2      -187.9317659570         0.0065440857         0.1904633694
       737    368.50000000     2      -187.9239400580         0.0059550539         0.2223114750
       738    369.00000000     2      -187.9156236350         0.0052520628         0.2549125507
       739    369.50000000     2      -187.9098271790         0.0047035609         0.2795712887
       740    370.00000000     2      -187.9091328630         0.0046487319         0.2880012570
       741    370.50000000     2      -187.9141175960         0.0051610732         0.2765979553
       742    371.00000000     2      -187.9227065490         0.0059358206         0.2502960830
       743    371.50000000     2      -187.9312799440         0.0066276669         0.2215585350
       744    372.00000000     2      -187.9366453180         0.0070435405         0.2039758759
       745    372.50000000     2      -187.9373025350         0.0071280486         0.2042278924
       746    373.00000000     2      -187.9335331820         0.0069117711         0.2193980401
       747    373.50000000     2      -187.9268986690         0.0064805413         0.2419558095
       748    374.00000000     2      -187.9196921890         0.0059713937         0.2639962316
       749    374.50000000     2      -187.9143766570         0.0055715816         0.2777766351
       750    375.00000000     2      -187.9128191900         0.0054630779         0.2766478594
       751    375.50000000     2      -187.9154664050         0.0056953607         0.2579140143
       752    376.00000000     2      -187.9210799390         0.0061368131         0.2249363462
       753    376.50000000     2      -187.9273820150         0.0065891303         0.1860181722
       754    377.00000000     2      -187.9320914860         0.0068990726         0.1519601459
       755    377.50000000     2      -187.9336323640         0.0069812467         0.1348290167
       756    378.00000000     2      -187.9314095050         0.0068042710         0.1426507089
       757    378.50000000     2      -187.9259324870         0.0063882716         0.1703413993
       758    379.00000000     2      -187.9188765930         0.0058271402         0.2054784544
       759    379.50000000     2      -187.9128590430         0.0053236952         0.2371472223
       760    380.00000000     2      -187.9106713280         0.0051684932         0.2565947503
       761    380.50000000     2      -187.9139877750         0.0055368568         0.2572840784
       762    381.00000000     2      -187.9221574900         0.0062803495         0.2380907441
       763    381.50000000     2      -187.9321785560         0.0070744495         0.2067280502
       764    382.00000000     2      -187.9402413180         0.0076588154         0.1786357916
       765    382.50000000     2      -187.9436826050         0.0079094854         0.1691012452
       766    383.00000000     2      -187.9419691050         0.0078188198         0.1805451378
       767    383.50000000     2      -187.9364931360         0.0074622534         0.2019728736
       768    384.00000000     2      -187.9297338590         0.0069742529         0.2214616142
       769    384.50000000     2      -187.9242685780         0.0065251043         0.2317325888
       770    385.00000000     2      -187.9219130950         0.0062751839         0.2299359731
       771    385.50000000     2      -187.9232301300         0.0063031187         0.2170301048
       772    386.00000000     2      -187.9275701030         0.0065667530         0.1970438150
       773    386.50000000     2      -187.9335578610         0.0069484994         0.1753916957
       774    387.00000000     2      -187.9396665560         0.0073279963         0.1566463327
       775    387.50000000     2      -187.9445436890         0.0076133453         0.1435827259
       776    388.00000000     2      -187.9470774560         0.0077365336         0.1384186781
       777    388.50000000     2      -187.9464461660         0.0076445655         0.1441720129
       778    389.00000000     2      -187.9423674950         0.0073047843         0.1630027528
       779    389.50000000     2      -187.9355455370         0.0067311320         0.1928139786
       780    390.00000000     2      -187.9280234060         0.0060325351         0.2263354581
       781    390.50000000     2      -187.9228912580         0.0054608414         0.2529129950
       782    391.00000000     2      -187.9229245810         0.0053416143         0.2625222088
       783    391.50000000     2      -187.9286913160         0.0057718899         0.2517953832
       784    392.00000000     2      -187.9377825870         0.0064816818         0.2282846177
       785    392.50000000     2      -187.9461655440         0.0071248355         0.2084463901
       786    393.00000000     2      -187.9505281710         0.0074990743         0.2072328080
       787    393.50000000     2      -187.9497563220         0.0075575024         0.2250724158
       788    394.00000000     2      -187.9449169400         0.0073598282         0.2502663714
       789    394.50000000     2      -187.9382848470         0.0070244408         0.2715043356
       790    395.00000000     2      -187.9321967170         0.0066864527         0.2828426478
       791    395.50000000     2      -187.9282848450         0.0064594963         0.2825036575
       792    396.00000000     2      -187.9272069440         0.0064029660         0.2706739533
       793    396.50000000     2      -187.9286739070         0.0065046679         0.2489334819
       794    397.00000000     2      -187.9316622130         0.0066942464         0.2208490042
       795    397.50000000     2      -187.9347991710         0.0068803382         0.1916868992
       796    398.00000000     2      -187.9367596670         0.0069809261         0.1671768249
       797    398.50000000     2      -187.9365003920         0.0069320121         0.1524833907
       798    399.00000000     2      -187.9333697130         0.0066853155         0.1512812541
       799    399.50000000     2      -187.9272630960         0.0062120344         0.1645315057
       800    400.00000000     2      -187.9189251280         0.0055275139         0.1898037663
