         0         0.0000000000      -188.0459566390      -187.9191489820      -187.9191489820
         1         0.5000000000      -188.0448408770      -187.9181774170      -187.9181774170
         2         1.0000000000      -188.0429905370      -187.9165675160      -187.9165675160
         3         1.5000000000      -188.0411190030      -187.9150115810      -187.9150115810
         4         2.0000000000      -188.0395604930      -187.9138127840      -187.9138127840
         5         2.5000000000      -188.0383199910      -187.9129393340      -187.9129393340
         6         3.0000000000      -188.0374792560      -187.9124386930      -187.9124386930
         7         3.5000000000      -188.0376277760      -187.9128787620      -187.9128787620
         8         4.0000000000      -188.0396625400      -187.9151552630      -187.9151552630
         9         4.5000000000      -188.0437871310      -187.9194916960      -187.9194916960
        10         5.0000000000      -188.0486987400      -187.9246213910      -187.9246213910
        11         5.5000000000      -188.0520835800      -187.9282753020      -187.9282753020
        12         6.0000000000      -188.0519946240      -187.9285493600      -187.9285493600
        13         6.5000000000      -188.0478420950      -187.9248831150      -187.9248831150
        14         7.0000000000      -188.0406237370      -187.9182822700      -187.9182822700
        15         7.5000000000      -188.0327168760      -187.9111129130      -187.9111129130
        16         8.0000000000      -188.0271438930      -187.9063778720      -187.9063778720
        17         8.5000000000      -188.0260205840      -187.9061769890      -187.9061769890
        18         9.0000000000      -188.0290676110      -187.9102245310      -187.9102245310
        19         9.5000000000      -188.0338363050      -187.9160736880      -187.9160736880
        20        10.0000000000      -188.0375222940      -187.9209241250      -187.9209241250
        21        10.5000000000      -188.0385054690      -187.9231543110      -187.9231543110
        22        11.0000000000      -188.0366655140      -187.9226314810      -187.9226314810
        23        11.5000000000      -188.0329334630      -187.9202622870      -187.9202622870
        24        12.0000000000      -188.0286650810      -187.9173687380      -187.9173687380
        25        12.5000000000      -188.0250318680      -187.9150832340      -187.9150832340
        26        13.0000000000      -188.0225326540      -187.9138647620      -187.9138647620
        27        13.5000000000      -188.0208609690      -187.9133719050      -187.9133719050
        28        14.0000000000      -188.0193730470      -187.9129386880      -187.9129386880
        29        14.5000000000      -188.0180094260      -187.9125036600      -187.9125036600
        30        15.0000000000      -188.0178061490      -187.9131225630      -187.9131225630
        31        15.5000000000      -188.0200338140      -187.9160978490      -187.9160978490
        32        16.0000000000      -188.0245298600      -187.9212957420      -187.9212957420
        33        16.5000000000      -188.0292406910      -187.9266786420      -187.9266786420
        34        17.0000000000      -188.0315784490      -187.9296618830      -187.9296618830
        35        17.5000000000      -188.0300523530      -187.9287482550      -187.9287482550
        36        18.0000000000      -188.0250778910      -187.9243408120      -187.9243408120
        37        18.5000000000      -188.0190055490      -187.9187780150      -187.9187780150
        38        19.0000000000      -188.0151376000      -187.9153587820      -187.9153587820
        39        19.5000000000      -188.0155822950      -187.9162011280      -187.9162011280
        40        20.0000000000      -188.0196117550      -187.9205974840      -187.9205974840
        41        20.5000000000      -188.0244873190      -187.9258334000      -187.9258334000
        42        21.0000000000      -188.0277298670      -187.9294499630      -187.9294499630
        43        21.5000000000      -188.0284482610      -187.9305656930      -187.9305656930
        44        22.0000000000      -188.0272231490      -187.9297576320      -187.9297576320
        45        22.5000000000      -188.0253747100      -187.9283325410      -187.9283325410
        46        23.0000000000      -188.0241738800      -187.9275455990      -187.9275455990
        47        23.5000000000      -188.0241877570      -187.9279538290      -187.9279538290
        48        24.0000000000      -188.0250425210      -187.9291852800      -187.9291852800
        49        24.5000000000      -188.0258634080      -187.9303824680      -187.9303824680
        50        25.0000000000      -188.0261112690      -187.9310388910      -187.9310388910
        51        25.5000000000      -188.0260063100      -187.9314183160      -187.9314183160
        52        26.0000000000      -188.0260465990      -187.9320643210      -187.9320643210
        53        26.5000000000      -188.0261578360      -187.9329408700      -187.9329408700
        54        27.0000000000      -188.0254552950      -187.9331897590      -187.9331897590
        55        27.5000000000      -188.0227961020      -187.9316838530      -187.9316838530
        56        28.0000000000      -188.0175145200      -187.9277643100      -187.9277643100
        57        28.5000000000      -188.0099371660      -187.9217556210      -187.9217556210
        58        29.0000000000      -188.0015994340      -187.9151814760      -187.9151814760
        59        29.5000000000      -187.9948245740      -187.9103462000      -187.9103462000
        60        30.0000000000      -187.9913743040      -187.9089911860      -187.9089911860
        61        30.5000000000      -187.9910747420      -187.9109267980      -187.9109267980
        62        31.0000000000      -187.9919802480      -187.9141991460      -187.9141991460
        63        31.5000000000      -187.9919780560      -187.9166936010      -187.9166936010
        64        32.0000000000      -187.9901734890      -187.9175172590      -187.9175172590
        65        32.5000000000      -187.9871282820      -187.9172355020      -187.9172355020
        66        33.0000000000      -187.9842252550      -187.9172370790      -187.9172370790
        67        33.5000000000      -187.9826859880      -187.9187519100      -187.9187519100
        68        34.0000000000      -187.9827300400      -187.9220092270      -187.9220092270
        69        34.5000000000      -187.9833992710      -187.9260586860      -187.9260586860
        70        35.0000000000      -187.9832440660      -187.9294525430      -187.9294525430
        71        35.5000000000      -187.9813939600      -187.9313120670      -187.9313120670
        72        36.0000000000      -187.9781878100      -187.9319556300      -187.9319556300
        73        36.5000000000      -187.9748465950      -187.9325729080      -187.9325729080
        74        37.0000000000      -187.9724049600      -187.9341655600      -187.9341655600
        75        37.5000000000      -187.9707856470      -187.9366401200      -187.9366401200
        76        38.0000000000      -187.9687962100      -187.9388290970      -187.9388290970
        77        38.5000000000      -187.9649922840      -187.9393609390      -187.9393609390
        78        39.0000000000      -187.9588135640      -187.9377264180      -187.9377264180
        79        39.5000000000      -187.9514361710      -187.9349080550      -187.9349080550
        80        40.0000000000      -187.9457181410      -187.9329199640      -187.9329199640
        81        40.5000000000      -187.9446735110      -187.9330512550      -187.9330512550
        82        41.0000000000      -187.9486578410      -187.9349307330      -187.9349307330
        83        41.5000000000      -187.9547451600      -187.9372403770      -187.9372403770
        84        42.0000000000      -187.9600177740      -187.9384277370      -187.9384277370
        85        42.5000000000      -187.9635253320      -187.9380722300      -187.9380722300
        86        43.0000000000      -187.9660841650      -187.9371650790      -187.9371650790
        87        43.5000000000      -187.9691178300      -187.9371868780      -187.9371868780
        88        44.0000000000      -187.9734711790      -187.9389994500      -187.9389994500
        89        44.5000000000      -187.9788662760      -187.9423231970      -187.9423231970
        90        45.0000000000      -187.9842452670      -187.9460822960      -187.9460822960
        91        45.5000000000      -187.9886225080      -187.9492540570      -187.9492540570
        92        46.0000000000      -187.9917199400      -187.9515026370      -187.9515026370
        93        46.5000000000      -187.9939389420      -187.9531530530      -187.9531530530
        94        47.0000000000      -187.9957978020      -187.9546345240      -187.9546345240
        95        47.5000000000      -187.9973440590      -187.9559002160      -187.9559002160
        96        48.0000000000      -187.9979904130      -187.9562704570      -187.9562704570
        97        48.5000000000      -187.9968482260      -187.9547728310      -187.9547728310
        98        49.0000000000      -187.9933335700      -187.9507538990      -187.9507538990
        99        49.5000000000      -187.9877903830      -187.9445057870      -187.9445057870
       100        50.0000000000      -187.9818191070      -187.9375948720      -187.9375948720
       101        50.5000000000      -187.9777720790      -187.9323536890      -187.9323536890
       102        51.0000000000      -187.9772483540      -187.9303691030      -187.9303691030
       103        51.5000000000      -187.9798023830      -187.9311869080      -187.9311869080
       104        52.0000000000      -187.9834316200      -187.9328027860      -187.9328027860
       105        52.5000000000      -187.9863330520      -187.9334271490      -187.9334271490
       106        53.0000000000      -187.9880520120      -187.9326386210      -187.9326386210
       107        53.5000000000      -187.9893117060      -187.9312096290      -187.9312096290
       108        54.0000000000      -187.9911379110      -187.9302217480      -187.9302217480
       109        54.5000000000      -187.9940360450      -187.9302331880      -187.9302331880
       110        55.0000000000      -187.9976824600      -187.9309631520      -187.9309631520
       111        55.5000000000      -188.0012899650      -187.9316537980      -187.9316537980
       112        56.0000000000      -188.0043948570      -187.9318585420      -187.9318585420
       113        56.5000000000      -188.0074444860      -187.9320350320      -187.9320350320
       114        57.0000000000      -188.0116140690      -187.9333709150      -187.9333709150
       115        57.5000000000      -188.0178776470      -187.9368613040      -187.9368613040
       116        58.0000000000      -188.0260572210      -187.9423577310      -187.9423577310
       117        58.5000000000      -188.0346394960      -187.9483770470      -187.9483770470
       118        59.0000000000      -188.0414376950      -187.9527533850      -187.9527533850
       119        59.5000000000      -188.0445686500      -187.9536088560      -187.9536088560
       120        60.0000000000      -188.0433361780      -187.9502380150      -187.9502380150
       121        60.5000000000      -188.0389005890      -187.9437854930      -187.9437854930
       122        61.0000000000      -188.0342391670      -187.9372164080      -187.9372164080
       123        61.5000000000      -188.0325245970      -187.9337003180      -187.9337003180
       124        62.0000000000      -188.0346189040      -187.9341045460      -187.9341045460
       125        62.5000000000      -188.0385078660      -187.9364257710      -187.9364257710
       126        63.0000000000      -188.0414922590      -187.9379795120      -187.9379795120
       127        63.5000000000      -188.0423553970      -187.9375647900      -187.9375647900
       128        64.0000000000      -188.0415482980      -187.9356450600      -187.9356450600
       129        64.5000000000      -188.0401045270      -187.9332601130      -187.9332601130
       130        65.0000000000      -188.0386288250      -187.9310139690      -187.9310139690
       131        65.5000000000      -188.0370669120      -187.9288457130      -187.9288457130
       132        66.0000000000      -188.0352523760      -187.9265782930      -187.9265782930
       133        66.5000000000      -188.0336121720      -187.9246272270      -187.9246272270
       134        67.0000000000      -188.0332528660      -187.9240910300      -187.9240910300
       135        67.5000000000      -188.0352629090      -187.9260564510      -187.9260564510
       136        68.0000000000      -188.0398598790      -187.9307446370      -187.9307446370
       137        68.5000000000      -188.0460701600      -187.9371851370      -187.9371851370
       138        69.0000000000      -188.0520812580      -187.9435619230      -187.9435619230
       139        69.5000000000      -188.0559580620      -187.9479273910      -187.9479273910
       140        70.0000000000      -188.0563293520      -187.9488923410      -187.9488923410
       141        70.5000000000      -188.0529016480      -187.9461471710      -187.9461471710
       142        71.0000000000      -188.0468254270      -187.9408363470      -187.9408363470
       143        71.5000000000      -188.0405710500      -187.9354384580      -187.9354384580
       144        72.0000000000      -188.0367060660      -187.9325392950      -187.9325392950
       145        72.5000000000      -188.0361131900      -187.9330385960      -187.9330385960
       146        73.0000000000      -188.0375845060      -187.9357364730      -187.9357364730
       147        73.5000000000      -188.0393088380      -187.9388243340      -187.9388243340
       148        74.0000000000      -188.0403304740      -187.9413537920      -187.9413537920
       149        74.5000000000      -188.0405949760      -187.9432896930      -187.9432896930
       150        75.0000000000      -188.0401307510      -187.9446910320      -187.9446910320
       151        75.5000000000      -188.0384290510      -187.9450830590      -187.9450830590
       152        76.0000000000      -188.0345573230      -187.9435591540      -187.9435591540
       153        76.5000000000      -188.0279656410      -187.9395761440      -187.9395761440
       154        77.0000000000      -188.0194530190      -187.9339150970      -187.9339150970
       155        77.5000000000      -188.0113942390      -187.9289098080      -187.9289098080
       156        78.0000000000      -188.0065885890      -187.9273024990      -187.9273024990
       157        78.5000000000      -188.0063558800      -187.9303467420      -187.9303467420
       158        79.0000000000      -188.0095853210      -187.9368600910      -187.9368600910
       159        79.5000000000      -188.0135662840      -187.9440568670      -187.9440568670
       160        80.0000000000      -188.0155774310      -187.9491395080      -187.9491395080
       161        80.5000000000      -188.0138795810      -187.9502949280      -187.9502949280
       162        81.0000000000      -188.0079311470      -187.9469155250      -187.9469155250
       163        81.5000000000      -187.9984585100      -187.9396763980      -187.9396763980
       164        82.0000000000      -187.9876376660      -187.9307225740      -187.9307225740
       165        82.5000000000      -187.9787006490      -187.9232752510      -187.9232752510
       166        83.0000000000      -187.9742907710      -187.9199801750      -187.9199801750
       167        83.5000000000      -187.9747065420      -187.9211451430      -187.9211451430
       168        84.0000000000      -187.9781019730      -187.9249411390      -187.9249411390
       169        84.5000000000      -187.9822869110      -187.9292081010      -187.9292081010
       170        85.0000000000      -187.9859119030      -187.9326405590      -187.9326405590
       171        85.5000000000      -187.9883247630      -187.9346369850      -187.9346369850
       172        86.0000000000      -187.9890537470      -187.9347718230      -187.9347718230
       173        86.5000000000      -187.9877993610      -187.9327779580      -187.9327779580
       174        87.0000000000      -187.9849755400      -187.9290847780      -187.9290847780
       175        87.5000000000      -187.9821026800      -187.9252167310      -187.9252167310
       176        88.0000000000      -187.9812859310      -187.9232825050      -187.9232825050
       177        88.5000000000      -187.9839842770      -187.9247546230      -187.9247546230
       178        89.0000000000      -187.9901996830      -187.9296603550      -187.9296603550
       179        89.5000000000      -187.9986115970      -187.9367093270      -187.9367093270
       180        90.0000000000      -188.0072098720      -187.9439172310      -187.9439172310
       181        90.5000000000      -188.0140047310      -187.9493123300      -187.9493123300
       182        91.0000000000      -188.0175743500      -187.9514867250      -187.9514867250
       183        91.5000000000      -188.0173058880      -187.9498434320      -187.9498434320
       184        92.0000000000      -188.0134732100      -187.9446786170      -187.9446786170
       185        92.5000000000      -188.0073101760      -187.9372544470      -187.9372544470
       186        93.0000000000      -188.0008454010      -187.9296282690      -187.9296282690
       187        93.5000000000      -187.9961555380      -187.9238972060      -187.9238972060
       188        94.0000000000      -187.9943814070      -187.9212091240      -187.9212091240
       189        94.5000000000      -187.9954248470      -187.9214645720      -187.9214645720
       190        95.0000000000      -187.9984887840      -187.9238704950      -187.9238704950
       191        95.5000000000      -188.0026283720      -187.9275027720      -187.9275027720
       192        96.0000000000      -188.0067984360      -187.9313533350      -187.9313533350
       193        96.5000000000      -188.0097140700      -187.9341791880      -187.9341791880
       194        97.0000000000      -188.0100224100      -187.9346576020      -187.9346576020
       195        97.5000000000      -188.0069506590      -187.9320223730      -187.9320223730
       196        98.0000000000      -188.0011535970      -187.9269091570      -187.9269091570
       197        98.5000000000      -187.9950314490      -187.9216811990      -187.9216811990
       198        99.0000000000      -187.9917596180      -187.9194710470      -187.9194710470
       199        99.5000000000      -187.9933253770      -187.9222266850      -187.9222266850
       200       100.0000000000      -187.9991918670      -187.9293797730      -187.9293797730
       201       100.5000000000      -188.0067995370      -187.9383485440      -187.9383485440
       202       101.0000000000      -188.0132486660      -187.9462197680      -187.9462197680
       203       101.5000000000      -188.0166181540      -187.9510648530      -187.9510648530
       204       102.0000000000      -188.0162399580      -187.9522093250      -187.9522093250
       205       102.5000000000      -188.0123773780      -187.9499057740      -187.9499057740
       206       103.0000000000      -188.0059416640      -187.9450468070      -187.9450468070
       207       103.5000000000      -187.9983883040      -187.9390599410      -187.9390599410
       208       104.0000000000      -187.9915107130      -187.9337031660      -187.9337031660
       209       104.5000000000      -187.9869139180      -187.9305432500      -187.9305432500
       210       105.0000000000      -187.9853898330      -187.9303384210      -187.9303384210
       211       105.5000000000      -187.9866382700      -187.9327661330      -187.9327661330
       212       106.0000000000      -187.9894411330      -187.9365997440      -187.9365997440
       213       106.5000000000      -187.9920553080      -187.9400990240      -187.9400990240
       214       107.0000000000      -187.9926938220      -187.9414869010      -187.9414869010
       215       107.5000000000      -187.9901658000      -187.9395877830      -187.9395877830
       216       108.0000000000      -187.9846268780      -187.9345808190      -187.9345808190
       217       108.5000000000      -187.9779669390      -187.9283925510      -187.9283925510
       218       109.0000000000      -187.9731399380      -187.9240263990      -187.9240263990
       219       109.5000000000      -187.9724456510      -187.9238349120      -187.9238349120
       220       110.0000000000      -187.9760262640      -187.9280009310      -187.9280009310
       221       110.5000000000      -187.9818841640      -187.9345443310      -187.9345443310
       222       111.0000000000      -187.9872694020      -187.9407076110      -187.9407076110
       223       111.5000000000      -187.9901524240      -187.9444338690      -187.9444338690
       224       112.0000000000      -187.9898186980      -187.9449695210      -187.9449695210
       225       112.5000000000      -187.9866601930      -187.9426650960      -187.9426650960
       226       113.0000000000      -187.9817206950      -187.9385295550      -187.9385295550
       227       113.5000000000      -187.9763095820      -187.9338519160      -187.9338519160
       228       114.0000000000      -187.9716891130      -187.9298933630      -187.9298933630
       229       114.5000000000      -187.9688150570      -187.9276290310      -187.9276290310
       230       115.0000000000      -187.9681891130      -187.9275998380      -187.9275998380
       231       115.5000000000      -187.9698340230      -187.9298863350      -187.9298863350
       232       116.0000000000      -187.9733031040      -187.9341161360      -187.9341161360
       233       116.5000000000      -187.9776736230      -187.9394514600      -187.9394514600
       234       117.0000000000      -187.9815841840      -187.9446158590      -187.9446158590
       235       117.5000000000      -187.9834268300      -187.9480715410      -187.9480715410
       236       118.0000000000      -187.9817979120      -187.9484558790      -187.9484558790
       237       118.5000000000      -187.9762514860      -187.9453259210      -187.9453259210
       238       119.0000000000      -187.9681066100      -187.9399643230      -187.9399643230
       239       119.5000000000      -187.9605027150      -187.9354367880      -187.9354367880
       240       120.0000000000      -187.9568960740      -187.9350764530      -187.9350764530
       241       120.5000000000      -187.9586927690      -187.9400600520      -187.9400600520
       242       121.0000000000      -187.9642679980      -187.9482876510      -187.9482876510
       243       121.5000000000      -187.9704462520      -187.9557341960      -187.9557341960
       244       122.0000000000      -187.9746404300      -187.9590390980      -187.9590390980
       245       122.5000000000      -187.9756323710      -187.9572525920      -187.9572525920
       246       123.0000000000      -187.9735761500      -187.9514949020      -187.9514949020
       247       123.5000000000      -187.9697031650      -187.9437279470      -187.9437279470
       248       124.0000000000      -187.9656916000      -187.9359448830      -187.9359448830
       249       124.5000000000      -187.9630743960      -187.9297429010      -187.9297429010
       250       125.0000000000      -187.9628787790      -187.9261263010      -187.9261263010
       251       125.5000000000      -187.9655379000      -187.9255020230      -187.9255020230
       252       126.0000000000      -187.9709596300      -187.9277704100      -187.9277704100
       253       126.5000000000      -187.9785614300      -187.9323583700      -187.9323583700
       254       127.0000000000      -187.9872247000      -187.9381668340      -187.9381668340
       255       127.5000000000      -187.9953345360      -187.9436034470      -187.9436034470
       256       128.0000000000      -188.0011158560      -187.9469113860      -187.9469113860
       257       128.5000000000      -188.0033340130      -187.9468604790      -187.9468604790
       258       129.0000000000      -188.0021530390      -187.9435954310      -187.9435954310
       259       129.5000000000      -187.9995399440      -187.9390350730      -187.9390350730
       260       130.0000000000      -187.9984636420      -187.9360787150      -187.9360787150
       261       130.5000000000      -188.0010247820      -187.9367586540      -187.9367586540
       262       131.0000000000      -188.0069547430      -187.9407660740      -187.9407660740
       263       131.5000000000      -188.0138002320      -187.9456509610      -187.9456509610
       264       132.0000000000      -188.0185881630      -187.9484814170      -187.9484814170
       265       132.5000000000      -188.0195271930      -187.9475263970      -187.9475263970
       266       133.0000000000      -188.0165789980      -187.9428069870      -187.9428069870
       267       133.5000000000      -188.0109713520      -187.9355973820      -187.9355973820
       268       134.0000000000      -188.0043659530      -187.9275891830      -187.9275891830
       269       134.5000000000      -187.9982173220      -187.9202522290      -187.9202522290
       270       135.0000000000      -187.9935225690      -187.9145885000      -187.9145885000
       271       135.5000000000      -187.9908875390      -187.9112026360      -187.9112026360
       272       136.0000000000      -187.9906492630      -187.9104276300      -187.9104276300
       273       136.5000000000      -187.9928400540      -187.9122905200      -187.9122905200
       274       137.0000000000      -187.9970050560      -187.9163303250      -187.9163303250
       275       137.5000000000      -188.0020534400      -187.9214495960      -187.9214495960
       276       138.0000000000      -188.0063089180      -187.9259659130      -187.9259659130
       277       138.5000000000      -188.0078516970      -187.9279553280      -187.9279553280
       278       139.0000000000      -188.0052561680      -187.9259902480      -187.9259902480
       279       139.5000000000      -187.9987461470      -187.9202928580      -187.9202928580
       280       140.0000000000      -187.9911034510      -187.9136390250      -187.9136390250
       281       140.5000000000      -187.9867348230      -187.9104188870      -187.9104188870
       282       141.0000000000      -187.9885260430      -187.9134868520      -187.9134868520
       283       141.5000000000      -187.9954728220      -187.9217983880      -187.9217983880
       284       142.0000000000      -188.0036403680      -187.9313847190      -187.9313847190
       285       142.5000000000      -188.0088648830      -187.9380644020      -187.9380644020
       286       143.0000000000      -188.0087481920      -187.9394330370      -187.9394330370
       287       143.5000000000      -188.0032147230      -187.9354053430      -187.9354053430
       288       144.0000000000      -187.9939572620      -187.9276489350      -187.9276489350
       289       144.5000000000      -187.9834157520      -187.9185600910      -187.9185600910
       290       145.0000000000      -187.9738283720      -187.9103202640      -187.9103202640
       291       145.5000000000      -187.9666846310      -187.9043586910      -187.9043586910
       292       146.0000000000      -187.9626799350      -187.9013162010      -187.9013162010
       293       146.5000000000      -187.9619691490      -187.9013050860      -187.9013050860
       294       147.0000000000      -187.9643580090      -187.9041029310      -187.9041029310
       295       147.5000000000      -187.9692564560      -187.9091043690      -187.9091043690
       296       148.0000000000      -187.9755241530      -187.9151636690      -187.9151636690
       297       148.5000000000      -187.9814305960      -187.9205525810      -187.9205525810
       298       149.0000000000      -187.9848555150      -187.9231598400      -187.9231598400
       299       149.5000000000      -187.9838940580      -187.9210960510      -187.9210960510
       300       150.0000000000      -187.9781360250      -187.9139732260      -187.9139732260
       301       150.5000000000      -187.9702402340      -187.9044780860      -187.9044780860
       302       151.0000000000      -187.9656571420      -187.8980876600      -187.8980876600
       303       151.5000000000      -187.9686716210      -187.8990995500      -187.8990995500
       304       152.0000000000      -187.9784202390      -187.9066496310      -187.9066496310
       305       152.5000000000      -187.9901480220      -187.9159944890      -187.9159944890
       306       153.0000000000      -187.9993528680      -187.9226808140      -187.9226808140
       307       153.5000000000      -188.0039850900      -187.9247396050      -187.9247396050
       308       154.0000000000      -188.0043142330      -187.9225239410      -187.9225239410
       309       154.5000000000      -188.0018790260      -187.9176332550      -187.9176332550
       310       155.0000000000      -187.9984136620      -187.9118317740      -187.9118317740
       311       155.5000000000      -187.9952306510      -187.9064400360      -187.9064400360
       312       156.0000000000      -187.9931579870      -187.9022860010      -187.9022860010
       313       156.5000000000      -187.9927511940      -187.8999277340      -187.8999277340
       314       157.0000000000      -187.9944426750      -187.8998055160      -187.8998055160
       315       157.5000000000      -187.9984863390      -187.9021824510      -187.9021824510
       316       158.0000000000      -188.0047646830      -187.9069449620      -187.9069449620
       317       158.5000000000      -188.0126223640      -187.9134329950      -187.9134329950
       318       159.0000000000      -188.0208331090      -187.9204087240      -187.9204087240
       319       159.5000000000      -188.0276822410      -187.9261450250      -187.9261450250
       320       160.0000000000      -188.0312071740      -187.9286718790      -187.9286718790
       321       160.5000000000      -188.0298953270      -187.9264775520      -187.9264775520
       322       161.0000000000      -188.0240911100      -187.9199152920      -187.9199152920
       323       161.5000000000      -188.0172076750      -187.9124108670      -187.9124108670
       324       162.0000000000      -188.0143094980      -187.9090362260      -187.9090362260
       325       162.5000000000      -188.0178287740      -187.9122193000      -187.9122193000
       326       163.0000000000      -188.0254417520      -187.9196273280      -187.9196273280
       327       163.5000000000      -188.0327653190      -187.9268801720      -187.9268801720
       328       164.0000000000      -188.0366452620      -187.9308455600      -187.9308455600
       329       164.5000000000      -188.0361162430      -187.9305896930      -187.9305896930
       330       165.0000000000      -188.0319277000      -187.9268870680      -187.9268870680
       331       165.5000000000      -188.0256759920      -187.9213406090      -187.9213406090
       332       166.0000000000      -188.0189740050      -187.9155473200      -187.9155473200
       333       166.5000000000      -188.0129924540      -187.9106431340      -187.9106431340
       334       167.0000000000      -188.0084757680      -187.9073264310      -187.9073264310
       335       167.5000000000      -188.0059677830      -187.9060915710      -187.9060915710
       336       168.0000000000      -188.0058750880      -187.9072978620      -187.9072978620
       337       168.5000000000      -188.0082667130      -187.9109719310      -187.9109719310
       338       169.0000000000      -188.0126395540      -187.9165751080      -187.9165751080
       339       169.5000000000      -188.0178814120      -187.9229681440      -187.9229681440
       340       170.0000000000      -188.0224237100      -187.9285651500      -187.9285651500
       341       170.5000000000      -188.0245368250      -187.9316273820      -187.9316273820
       342       171.0000000000      -188.0229483790      -187.9308787640      -187.9308787640
       343       171.5000000000      -188.0179510000      -187.9266115890      -187.9266115890
       344       172.0000000000      -188.0122745420      -187.9215582880      -187.9215582880
       345       172.5000000000      -188.0098825450      -187.9196857940      -187.9196857940
       346       173.0000000000      -188.0125197720      -187.9227376950      -187.9227376950
       347       173.5000000000      -188.0179275460      -187.9284477730      -187.9284477730
       348       174.0000000000      -188.0222084490      -187.9329111440      -187.9329111440
       349       174.5000000000      -188.0229919630      -187.9337571760      -187.9337571760
       350       175.0000000000      -188.0202428140      -187.9309580560      -187.9309580560
       351       175.5000000000      -188.0153030710      -187.9258675520      -187.9258675520
       352       176.0000000000      -188.0097271520      -187.9200547260      -187.9200547260
       353       176.5000000000      -188.0046353540      -187.9146593330      -187.9146593330
       354       177.0000000000      -188.0006309310      -187.9103112660      -187.9103112660
       355       177.5000000000      -187.9980299920      -187.9073610020      -187.9073610020
       356       178.0000000000      -187.9970875070      -187.9061034460      -187.9061034460
       357       178.5000000000      -187.9980125190      -187.9067886910      -187.9067886910
       358       179.0000000000      -188.0007964500      -187.9094452580      -187.9094452580
       359       179.5000000000      -188.0050267780      -187.9136898390      -187.9136898390
       360       180.0000000000      -188.0098026500      -187.9186415190      -187.9186415190
       361       180.5000000000      -188.0137771200      -187.9229640090      -187.9229640090
       362       181.0000000000      -188.0154377110      -187.9251470520      -187.9251470520
       363       181.5000000000      -188.0138879110      -187.9242892080      -187.9242892080
       364       182.0000000000      -188.0100820930      -187.9213350740      -187.9213350740
       365       182.5000000000      -188.0072792730      -187.9195329080      -187.9195329080
       366       183.0000000000      -188.0088924480      -187.9222903690      -187.9222903690
       367       183.5000000000      -188.0150103370      -187.9297057910      -187.9297057910
       368       184.0000000000      -188.0221363340      -187.9383161190      -187.9383161190
       369       184.5000000000      -188.0264942160      -187.9444021490      -187.9444021490
       370       185.0000000000      -188.0265268690      -187.9464734520      -187.9464734520
       371       185.5000000000      -188.0228284800      -187.9451817510      -187.9451817510
       372       186.0000000000      -188.0169204960      -187.9420810850      -187.9420810850
       373       186.5000000000      -188.0101786400      -187.9385471860      -187.9385471860
       374       187.0000000000      -188.0033765310      -187.9353223440      -187.9353223440
       375       187.5000000000      -187.9968436010      -187.9326826680      -187.9326826680
       376       188.0000000000      -187.9908896310      -187.9308757170      -187.9308757170
       377       188.5000000000      -187.9860140720      -187.9303414930      -187.9303414930
       378       189.0000000000      -187.9826974490      -187.9315109770      -187.9315109770
       379       189.5000000000      -187.9810245690      -187.9344326730      -187.9344326730
       380       190.0000000000      -187.9804964490      -187.9385859730      -187.9385859730
       381       190.5000000000      -187.9800964640      -187.9429500480      -187.9429500480
       382       191.0000000000      -187.9784706130      -187.9461881170      -187.9461881170
       383       191.5000000000      -187.9742411110      -187.9469681760      -187.9469681760
       384       192.0000000000      -187.9667108400      -187.9446769880      -187.9446769880
       385       192.5000000000      -187.9569638270      -187.9405247560      -187.9405247560
       386       193.0000000000      -187.9483056710      -187.9379564080      -187.9379564080
       387       193.5000000000      -187.9443520030      -187.9406484140      -187.9406484140
       388       194.0000000000      -187.9490424590      -187.9456340150      -187.9456340150
       389       194.5000000000      -187.9592480570      -187.9493983800      -187.9493983800
       390       195.0000000000      -187.9671882570      -187.9516304570      -187.9516304570
       391       195.5000000000      -187.9713107310      -187.9507081580      -187.9507081580
       392       196.0000000000      -187.9724927360      -187.9473920150      -187.9473920150
       393       196.5000000000      -187.9723938630      -187.9432224280      -187.9432224280
       394       197.0000000000      -187.9721785070      -187.9392534700      -187.9392534700
       395       197.5000000000      -187.9722056280      -187.9357502120      -187.9357502120
       396       198.0000000000      -187.9724069130      -187.9325755010      -187.9325755010
       397       198.5000000000      -187.9728346440      -187.9297425710      -187.9297425710
       398       199.0000000000      -187.9739122350      -187.9276639850      -187.9276639850
       399       199.5000000000      -187.9762317000      -187.9269433260      -187.9269433260
       400       200.0000000000      -187.9801553650      -187.9279705980      -187.9279705980
       401       200.5000000000      -187.9855733380      -187.9306737620      -187.9306737620
       402       201.0000000000      -187.9918957450      -187.9345052420      -187.9345052420
       403       201.5000000000      -187.9981372970      -187.9385202490      -187.9385202490
       404       202.0000000000      -188.0030324930      -187.9414851950      -187.9414851950
       405       202.5000000000      -188.0053249610      -187.9421603820      -187.9421603820
       406       203.0000000000      -188.0044218490      -187.9399490590      -187.9399490590
       407       203.5000000000      -188.0012497280      -187.9357502950      -187.9357502950
       408       204.0000000000      -187.9983530220      -187.9320567900      -187.9320567900
       409       204.5000000000      -187.9981455600      -187.9312090170      -187.9312090170
       410       205.0000000000      -188.0005057460      -187.9330009500      -187.9330009500
       411       205.5000000000      -188.0029150580      -187.9348393470      -187.9348393470
       412       206.0000000000      -188.0031280860      -187.9344322460      -187.9344322460
       413       206.5000000000      -188.0008685940      -187.9314873320      -187.9314873320
       414       207.0000000000      -187.9972347860      -187.9271070880      -187.9271070880
       415       207.5000000000      -187.9933847280      -187.9224653670      -187.9224653670
       416       208.0000000000      -187.9898947090      -187.9181617390      -187.9181617390
       417       208.5000000000      -187.9869899980      -187.9144500800      -187.9144500800
       418       209.0000000000      -187.9850849700      -187.9117748900      -187.9117748900
       419       209.5000000000      -187.9848911520      -187.9108754380      -187.9108754380
       420       210.0000000000      -187.9869515090      -187.9123176290      -187.9123176290
       421       210.5000000000      -187.9911861920      -187.9160384980      -187.9160384980
       422       211.0000000000      -187.9969154540      -187.9213669540      -187.9213669540
       423       211.5000000000      -188.0031784790      -187.9273391650      -187.9273391650
       424       212.0000000000      -188.0089830830      -187.9329456040      -187.9329456040
       425       212.5000000000      -188.0134424350      -187.9372690180      -187.9372690180
       426       213.0000000000      -188.0160063320      -187.9397216140      -187.9397216140
       427       213.5000000000      -188.0169076990      -187.9405025500      -187.9405025500
       428       214.0000000000      -188.0175382340      -187.9409860020      -187.9409860020
       429       214.5000000000      -188.0199385800      -187.9432199920      -187.9432199920
       430       215.0000000000      -188.0250474930      -187.9481738970      -187.9481738970
       431       215.5000000000      -188.0314028340      -187.9544290260      -187.9544290260
       432       216.0000000000      -188.0362458920      -187.9592702490      -187.9592702490
       433       216.5000000000      -188.0377044950      -187.9608595070      -187.9608595070
       434       217.0000000000      -188.0356189780      -187.9590571360      -187.9590571360
       435       217.5000000000      -188.0309475240      -187.9548288990      -187.9548288990
       436       218.0000000000      -188.0248233210      -187.9493080290      -187.9493080290
       437       218.5000000000      -188.0179292100      -187.9431710480      -187.9431710480
       438       219.0000000000      -188.0105842950      -187.9367196890      -187.9367196890
       439       219.5000000000      -188.0033447370      -187.9304748410      -187.9304748410
       440       220.0000000000      -187.9972859230      -187.9254567570      -187.9254567570
       441       220.5000000000      -187.9935585070      -187.9227466270      -187.9227466270
       442       221.0000000000      -187.9927207490      -187.9228288420      -187.9228288420
       443       221.5000000000      -187.9944935760      -187.9253559690      -187.9253559690
       444       222.0000000000      -187.9979929070      -187.9293892550      -187.9293892550
       445       222.5000000000      -188.0020748950      -187.9337503210      -187.9337503210
       446       223.0000000000      -188.0055708800      -187.9372606830      -187.9372606830
       447       223.5000000000      -188.0075007370      -187.9389559000      -187.9389559000
       448       224.0000000000      -188.0074671790      -187.9384753710      -187.9384753710
       449       224.5000000000      -188.0062320070      -187.9366296620      -187.9366296620
       450       225.0000000000      -188.0058448620      -187.9355178530      -187.9355178530
       451       225.5000000000      -188.0083377220      -187.9372120720      -187.9372120720
       452       226.0000000000      -188.0136777010      -187.9417060810      -187.9417060810
       453       226.5000000000      -188.0196501710      -187.9468032000      -187.9468032000
       454       227.0000000000      -188.0239322000      -187.9501983550      -187.9501983550
       455       227.5000000000      -188.0255355060      -187.9509236910      -187.9509236910
       456       228.0000000000      -188.0245544480      -187.9490925960      -187.9490925960
       457       228.5000000000      -188.0214051080      -187.9451341820      -187.9451341820
       458       229.0000000000      -188.0164593480      -187.9394268060      -187.9394268060
       459       229.5000000000      -188.0102451950      -187.9325006930      -187.9325006930
       460       230.0000000000      -188.0038793820      -187.9254738170      -187.9254738170
       461       230.5000000000      -187.9990110880      -187.9199986840      -187.9199986840
       462       231.0000000000      -187.9970078770      -187.9174520500      -187.9174520500
       463       231.5000000000      -187.9981206150      -187.9181020130      -187.9181020130
       464       232.0000000000      -188.0014884100      -187.9211122260      -187.9211122260
       465       232.5000000000      -188.0058652280      -187.9252639530      -187.9252639530
       466       233.0000000000      -188.0102913340      -187.9296211010      -187.9296211010
       467       233.5000000000      -188.0142486910      -187.9336789010      -187.9336789010
       468       234.0000000000      -188.0173497940      -187.9370465630      -187.9370465630
       469       234.5000000000      -188.0188825260      -187.9389867620      -187.9389867620
       470       235.0000000000      -188.0177818360      -187.9383862610      -187.9383862610
       471       235.5000000000      -188.0135031050      -187.9346375370      -187.9346375370
       472       236.0000000000      -188.0072213790      -187.9288561950      -187.9288561950
       473       236.5000000000      -188.0016509800      -187.9237205990      -187.9237205990
       474       237.0000000000      -187.9989590210      -187.9213939720      -187.9213939720
       475       237.5000000000      -187.9991296130      -187.9218813220      -187.9218813220
       476       238.0000000000      -188.0007195130      -187.9237684960      -187.9237684960
       477       238.5000000000      -188.0024502300      -187.9258001690      -187.9258001690
       478       239.0000000000      -188.0035804710      -187.9272468710      -187.9272468710
       479       239.5000000000      -188.0034373960      -187.9274369680      -187.9274369680
       480       240.0000000000      -188.0014989260      -187.9258417370      -187.9258417370
       481       240.5000000000      -187.9980660610      -187.9227506810      -187.9227506810
       482       241.0000000000      -187.9944564580      -187.9194688640      -187.9194688640
       483       241.5000000000      -187.9923029070      -187.9176198080      -187.9176198080
       484       242.0000000000      -187.9926126790      -187.9182065750      -187.9182065750
       485       242.5000000000      -187.9953853010      -187.9212272130      -187.9212272130
       486       243.0000000000      -187.9999191230      -187.9259761160      -187.9259761160
       487       243.5000000000      -188.0053404530      -187.9315681440      -187.9315681440
       488       244.0000000000      -188.0108895420      -187.9372224870      -187.9372224870
       489       244.5000000000      -188.0158518620      -187.9421944640      -187.9421944640
       490       245.0000000000      -188.0193516860      -187.9455718340      -187.9455718340
       491       245.5000000000      -188.0204142110      -187.9463425950      -187.9463425950
       492       246.0000000000      -188.0185378390      -187.9439750200      -187.9439750200
       493       246.5000000000      -188.0143595230      -187.9390905280      -187.9390905280
       494       247.0000000000      -188.0095178950      -187.9333305260      -187.9333305260
       495       247.5000000000      -188.0056062650      -187.9283085040      -187.9283085040
       496       248.0000000000      -188.0034426770      -187.9248768820      -187.9248768820
       497       248.5000000000      -188.0033221120      -187.9233756900      -187.9233756900
       498       249.0000000000      -188.0051854890      -187.9237966080      -187.9237966080
       499       249.5000000000      -188.0081434620      -187.9252999000      -187.9252999000
       500       250.0000000000      -188.0105135240      -187.9262452480      -187.9262452480
       501       250.5000000000      -188.0109887850      -187.9253575780      -187.9253575780
       502       251.0000000000      -188.0097496270      -187.9228390190      -187.9228390190
       503       251.5000000000      -188.0083103390      -187.9202171930      -187.9202171930
       504       252.0000000000      -188.0083309960      -187.9191592080      -187.9191592080
       505       252.5000000000      -188.0105496670      -187.9204055470      -187.9204055470
       506       253.0000000000      -188.0146735390      -187.9236630290      -187.9236630290
       507       253.5000000000      -188.0200375660      -187.9282648550      -187.9282648550
       508       254.0000000000      -188.0262278630      -187.9337944950      -187.9337944950
       509       254.5000000000      -188.0331361080      -187.9401388510      -187.9401388510
       510       255.0000000000      -188.0405153650      -187.9470415760      -187.9470415760
       511       255.5000000000      -188.0475397810      -187.9536606030      -187.9536606030
       512       256.0000000000      -188.0528840980      -187.9586483060      -187.9586483060
       513       256.5000000000      -188.0553374220      -187.9607707320      -187.9607707320
       514       257.0000000000      -188.0544095470      -187.9595232060      -187.9595232060
       515       257.5000000000      -188.0504416720      -187.9552503920      -187.9552503920
       516       258.0000000000      -188.0443457230      -187.9488897290      -187.9488897290
       517       258.5000000000      -188.0374495730      -187.9418108900      -187.9418108900
       518       259.0000000000      -188.0313812860      -187.9356845910      -187.9356845910
       519       259.5000000000      -188.0273467090      -187.9317425580      -187.9317425580
       520       260.0000000000      -188.0250753830      -187.9297126910      -187.9297126910
       521       260.5000000000      -188.0229106530      -187.9279102770      -187.9279102770
       522       261.0000000000      -188.0193309660      -187.9247679270      -187.9247679270
       523       261.5000000000      -188.0142533980      -187.9201501880      -187.9201501880
       524       262.0000000000      -188.0089469960      -187.9152775200      -187.9152775200
       525       262.5000000000      -188.0050093540      -187.9117112390      -187.9117112390
       526       263.0000000000      -188.0034445770      -187.9104363960      -187.9104363960
       527       263.5000000000      -188.0044466630      -187.9116456060      -187.9116456060
       528       264.0000000000      -188.0077687000      -187.9151053930      -187.9151053930
       529       264.5000000000      -188.0131193790      -187.9205487690      -187.9205487690
       530       265.0000000000      -188.0201580680      -187.9276660450      -187.9276660450
       531       265.5000000000      -188.0281535800      -187.9357603400      -187.9357603400
       532       266.0000000000      -188.0357705380      -187.9435316850      -187.9435316850
       533       266.5000000000      -188.0413368940      -187.9493429710      -187.9493429710
       534       267.0000000000      -188.0434529320      -187.9518261100      -187.9518261100
       535       267.5000000000      -188.0415341370      -187.9504199470      -187.9504199470
       536       268.0000000000      -188.0360561740      -187.9456105830      -187.9456105830
       537       268.5000000000      -188.0285266140      -187.9389010250      -187.9389010250
       538       269.0000000000      -188.0211960430      -187.9325256490      -187.9325256490
       539       269.5000000000      -188.0162885510      -187.9286881310      -187.9286881310
       540       270.0000000000      -188.0147306610      -187.9282979370      -187.9282979370
       541       270.5000000000      -188.0153920410      -187.9302144170      -187.9302144170
       542       271.0000000000      -188.0159696970      -187.9321294180      -187.9321294180
       543       271.5000000000      -188.0147781510      -187.9323538170      -187.9323538170
       544       272.0000000000      -188.0116851730      -187.9307510080      -187.9307510080
       545       272.5000000000      -188.0076663540      -187.9282904400      -187.9282904400
       546       273.0000000000      -188.0037685930      -187.9260113770      -187.9260113770
       547       273.5000000000      -188.0004398900      -187.9243526410      -187.9243526410
       548       274.0000000000      -187.9976408990      -187.9232643690      -187.9232643690
       549       274.5000000000      -187.9954506030      -187.9228133100      -187.9228133100
       550       275.0000000000      -187.9944572900      -187.9235729200      -187.9235729200
       551       275.5000000000      -187.9954012730      -187.9262646530      -187.9262646530
       552       276.0000000000      -187.9983090220      -187.9308914200      -187.9308914200
       553       276.5000000000      -188.0020636890      -187.9363095430      -187.9363095430
       554       277.0000000000      -188.0049306750      -187.9407593250      -187.9407593250
       555       277.5000000000      -188.0054398120      -187.9427542600      -187.9427542600
       556       278.0000000000      -188.0028525320      -187.9415553450      -187.9415553450
       557       278.5000000000      -187.9972137400      -187.9372279260      -187.9372279260
       558       279.0000000000      -187.9894004670      -187.9306910160      -187.9306910160
       559       279.5000000000      -187.9812568710      -187.9238472200      -187.9238472200
       560       280.0000000000      -187.9753037380      -187.9192813080      -187.9192813080
       561       280.5000000000      -187.9734448600      -187.9189533090      -187.9189533090
       562       281.0000000000      -187.9754251270      -187.9226460680      -187.9226460680
       563       281.5000000000      -187.9789540600      -187.9280855190      -187.9280855190
       564       282.0000000000      -187.9816198970      -187.9328576270      -187.9328576270
       565       282.5000000000      -187.9824431180      -187.9359673830      -187.9359673830
       566       283.0000000000      -187.9818027660      -187.9377696130      -187.9377696130
       567       283.5000000000      -187.9804442510      -187.9389797770      -187.9389797770
       568       284.0000000000      -187.9787343830      -187.9399314190      -187.9399314190
       569       284.5000000000      -187.9766550540      -187.9405748000      -187.9405748000
       570       285.0000000000      -187.9742698420      -187.9409537410      -187.9409537410
       571       285.5000000000      -187.9720601190      -187.9415603970      -187.9415603970
       572       286.0000000000      -187.9707172420      -187.9431591860      -187.9431591860
       573       286.5000000000      -187.9705459990      -187.9462259700      -187.9462259700
       574       287.0000000000      -187.9711034310      -187.9505425090      -187.9505425090
       575       287.5000000000      -187.9714204170      -187.9552169260      -187.9552169260
       576       288.0000000000      -187.9704126160      -187.9589879410      -187.9589879410
       577       288.5000000000      -187.9671737430      -187.9605379590      -187.9605379590
       578       289.0000000000      -187.9618853910      -187.9582097160      -187.9582097160
       579       289.5000000000      -187.9566534100      -187.9501290920      -187.9501290920
       580       290.0000000000      -187.9506197060      -187.9395103040      -187.9395103040
       581       290.5000000000      -187.9448797640      -187.9293669500      -187.9293669500
       582       291.0000000000      -187.9414759110      -187.9220133570      -187.9220133570
       583       291.5000000000      -187.9415234660      -187.9186172140      -187.9186172140
       584       292.0000000000      -187.9446063810      -187.9187402710      -187.9187402710
       585       292.5000000000      -187.9494126660      -187.9210091320      -187.9210091320
       586       293.0000000000      -187.9547437030      -187.9241487880      -187.9241487880
       587       293.5000000000      -187.9598437010      -187.9273285130      -187.9273285130
       588       294.0000000000      -187.9641303270      -187.9298998860      -187.9298998860
       589       294.5000000000      -187.9670656500      -187.9312696980      -187.9312696980
       590       295.0000000000      -187.9684754570      -187.9312196860      -187.9312196860
       591       295.5000000000      -187.9689553310      -187.9303129140      -187.9303129140
       592       296.0000000000      -187.9697765980      -187.9297989040      -187.9297989040
       593       296.5000000000      -187.9721027670      -187.9308284140      -187.9308284140
       594       297.0000000000      -187.9761488590      -187.9336120850      -187.9336120850
       595       297.5000000000      -187.9811436230      -187.9373837090      -187.9373837090
       596       298.0000000000      -187.9859780600      -187.9410495980      -187.9410495980
       597       298.5000000000      -187.9896882570      -187.9436682660      -187.9436682660
       598       299.0000000000      -187.9915105090      -187.9444982490      -187.9444982490
       599       299.5000000000      -187.9908996220      -187.9430080030      -187.9430080030
       600       300.0000000000      -187.9876772830      -187.9390183680      -187.9390183680
       601       300.5000000000      -187.9821203390      -187.9327890280      -187.9327890280
       602       301.0000000000      -187.9749306090      -187.9249905530      -187.9249905530
       603       301.5000000000      -187.9672439980      -187.9167187420      -187.9167187420
       604       302.0000000000      -187.9606473770      -187.9095193790      -187.9095193790
       605       302.5000000000      -187.9568394860      -187.9050596070      -187.9050596070
       606       303.0000000000      -187.9568318720      -187.9043399860      -187.9043399860
       607       303.5000000000      -187.9603087870      -187.9070614170      -187.9070614170
       608       304.0000000000      -187.9657792940      -187.9117744470      -187.9117744470
       609       304.5000000000      -187.9713385760      -187.9166276440      -187.9166276440
       610       305.0000000000      -187.9754500460      -187.9201338200      -187.9201338200
       611       305.5000000000      -187.9774516050      -187.9216654030      -187.9216654030
       612       306.0000000000      -187.9777202610      -187.9216162530      -187.9216162530
       613       306.5000000000      -187.9774065800      -187.9211392840      -187.9211392840
       614       307.0000000000      -187.9777696540      -187.9214871030      -187.9214871030
       615       307.5000000000      -187.9795260390      -187.9233663260      -187.9233663260
       616       308.0000000000      -187.9826689790      -187.9267608590      -187.9267608590
       617       308.5000000000      -187.9866365810      -187.9311019140      -187.9311019140
       618       309.0000000000      -187.9904406710      -187.9353965480      -187.9353965480
       619       309.5000000000      -187.9928186060      -187.9383783350      -187.9383783350
       620       310.0000000000      -187.9926491150      -187.9389232030      -187.9389232030
       621       310.5000000000      -187.9894579810      -187.9365567310      -187.9365567310
       622       311.0000000000      -187.9836122520      -187.9316506800      -187.9316506800
       623       311.5000000000      -187.9760747480      -187.9251801850      -187.9251801850
       624       312.0000000000      -187.9679882130      -187.9183098050      -187.9183098050
       625       312.5000000000      -187.9604504590      -187.9121685210      -187.9121685210
       626       313.0000000000      -187.9544999790      -187.9078319660      -187.9078319660
       627       313.5000000000      -187.9509784030      -187.9061777570      -187.9061777570
       628       314.0000000000      -187.9501302070      -187.9074754650      -187.9074754650
       629       314.5000000000      -187.9512879110      -187.9110625190      -187.9110625190
       630       315.0000000000      -187.9530706380      -187.9155375270      -187.9155375270
       631       315.5000000000      -187.9540954620      -187.9194727150      -187.9194727150
       632       316.0000000000      -187.9537659610      -187.9222087880      -187.9222087880
       633       316.5000000000      -187.9525686030      -187.9241604160      -187.9241604160
       634       317.0000000000      -187.9515490390      -187.9263005810      -187.9263005810
       635       317.5000000000      -187.9513626010      -187.9292153150      -187.9292153150
       636       318.0000000000      -187.9518712660      -187.9326991080      -187.9326991080
       637       318.5000000000      -187.9525814490      -187.9361822420      -187.9361822420
       638       319.0000000000      -187.9530951050      -187.9391616500      -187.9391616500
       639       319.5000000000      -187.9530434440      -187.9411103590      -187.9411103590
       640       320.0000000000      -187.9519652500      -187.9413613590      -187.9413613590
       641       320.5000000000      -187.9495196930      -187.9394248760      -187.9394248760
       642       321.0000000000      -187.9457527450      -187.9354343510      -187.9354343510
       643       321.5000000000      -187.9411286670      -187.9301904080      -187.9301904080
       644       322.0000000000      -187.9363765370      -187.9248064750      -187.9248064750
       645       322.5000000000      -187.9322983700      -187.9203660470      -187.9203660470
       646       323.0000000000      -187.9296478860      -187.9177742220      -187.9177742220
       647       323.5000000000      -187.9290271690      -187.9176674200      -187.9176674200
       648       324.0000000000      -187.9306872830      -187.9202154880      -187.9202154880
       649       324.5000000000      -187.9343036300      -187.9248734410      -187.9248734410
       650       325.0000000000      -187.9389653290      -187.9303460090      -187.9303460090
       651       325.5000000000      -187.9434803460      -187.9349948810      -187.9349948810
       652       326.0000000000      -187.9468337410      -187.9376340360      -187.9376340360
       653       326.5000000000      -187.9486420830      -187.9381356050      -187.9381356050
       654       327.0000000000      -187.9493068230      -187.9372905250      -187.9372905250
       655       327.5000000000      -187.9495458160      -187.9361104430      -187.9361104430
       656       328.0000000000      -187.9497744300      -187.9351868690      -187.9351868690
       657       328.5000000000      -187.9500787430      -187.9346969550      -187.9346969550
       658       329.0000000000      -187.9506215320      -187.9348328910      -187.9348328910
       659       329.5000000000      -187.9516505460      -187.9358228020      -187.9358228020
       660       330.0000000000      -187.9529992690      -187.9374393330      -187.9374393330
       661       330.5000000000      -187.9538624400      -187.9387825260      -187.9387825260
       662       331.0000000000      -187.9532640190      -187.9387503760      -187.9387503760
       663       331.5000000000      -187.9507738000      -187.9367487990      -187.9367487990
       664       332.0000000000      -187.9469002640      -187.9330745690      -187.9330745690
       665       332.5000000000      -187.9429370940      -187.9287810860      -187.9287810860
       666       333.0000000000      -187.9403417210      -187.9251417000      -187.9251417000
       667       333.5000000000      -187.9400150810      -187.9230284090      -187.9230284090
       668       334.0000000000      -187.9419868460      -187.9225920620      -187.9225920620
       669       334.5000000000      -187.9456391870      -187.9233931670      -187.9233931670
       670       335.0000000000      -187.9501446510      -187.9247700220      -187.9247700220
       671       335.5000000000      -187.9547971000      -187.9261529030      -187.9261529030
       672       336.0000000000      -187.9591729580      -187.9272319630      -187.9272319630
       673       336.5000000000      -187.9631940170      -187.9280266790      -187.9280266790
       674       337.0000000000      -187.9670866600      -187.9288472750      -187.9288472750
       675       337.5000000000      -187.9711471020      -187.9300596350      -187.9300596350
       676       338.0000000000      -187.9753966910      -187.9317400810      -187.9317400810
       677       338.5000000000      -187.9795025430      -187.9335967380      -187.9335967380
       678       339.0000000000      -187.9831184250      -187.9353122400      -187.9353122400
       679       339.5000000000      -187.9861538650      -187.9368159590      -187.9368159590
       680       340.0000000000      -187.9885141510      -187.9380284860      -187.9380284860
       681       340.5000000000      -187.9896936600      -187.9384605370      -187.9384605370
       682       341.0000000000      -187.9888829810      -187.9373275760      -187.9373275760
       683       341.5000000000      -187.9855454190      -187.9341362380      -187.9341362380
       684       342.0000000000      -187.9799247300      -187.9291701360      -187.9291701360
       685       342.5000000000      -187.9731634450      -187.9235164090      -187.9235164090
       686       343.0000000000      -187.9669625430      -187.9187124170      -187.9187124170
       687       343.5000000000      -187.9628917460      -187.9161648420      -187.9161648420
       688       344.0000000000      -187.9617060840      -187.9165133700      -187.9165133700
       689       344.5000000000      -187.9630560000      -187.9193363650      -187.9193363650
       690       345.0000000000      -187.9657519530      -187.9234068050      -187.9234068050
       691       345.5000000000      -187.9683631080      -187.9272823720      -187.9272823720
       692       346.0000000000      -187.9697945870      -187.9298712810      -187.9298712810
       693       346.5000000000      -187.9696518690      -187.9307845350      -187.9307845350
       694       347.0000000000      -187.9683428610      -187.9304282100      -187.9304282100
       695       347.5000000000      -187.9668593560      -187.9297799620      -187.9297799620
       696       348.0000000000      -187.9662548610      -187.9298691230      -187.9298691230
       697       348.5000000000      -187.9671325010      -187.9312747460      -187.9312747460
       698       349.0000000000      -187.9695679190      -187.9340624440      -187.9340624440
       699       349.5000000000      -187.9733776270      -187.9380616460      -187.9380616460
       700       350.0000000000      -187.9781664520      -187.9429115900      -187.9429115900
       701       350.5000000000      -187.9830711580      -187.9477950520      -187.9477950520
       702       351.0000000000      -187.9867884780      -187.9514540480      -187.9514540480
       703       351.5000000000      -187.9881068920      -187.9527132320      -187.9527132320
       704       352.0000000000      -187.9864913250      -187.9510628100      -187.9510628100
       705       352.5000000000      -187.9823699940      -187.9469495120      -187.9469495120
       706       353.0000000000      -187.9771293320      -187.9417771050      -187.9417771050
       707       353.5000000000      -187.9727665880      -187.9375625360      -187.9375625360
       708       354.0000000000      -187.9710614090      -187.9361064890      -187.9361064890
       709       354.5000000000      -187.9725471340      -187.9379617110      -187.9379617110
       710       355.0000000000      -187.9760932210      -187.9420142220      -187.9420142220
       711       355.5000000000      -187.9795329110      -187.9461129300      -187.9461129300
       712       356.0000000000      -187.9807746790      -187.9481838140      -187.9481838140
       713       356.5000000000      -187.9785918100      -187.9470194400      -187.9470194400
       714       357.0000000000      -187.9728919540      -187.9425453810      -187.9425453810
       715       357.5000000000      -187.9646990480      -187.9357977620      -187.9357977620
       716       358.0000000000      -187.9559513640      -187.9287194920      -187.9287194920
       717       358.5000000000      -187.9489815290      -187.9236429800      -187.9236429800
       718       359.0000000000      -187.9456620150      -187.9224411730      -187.9224411730
       719       359.5000000000      -187.9465919640      -187.9257169780      -187.9257169780
       720       360.0000000000      -187.9508134770      -187.9325122400      -187.9325122400
       721       360.5000000000      -187.9561857930      -187.9406624920      -187.9406624920
       722       361.0000000000      -187.9602086090      -187.9475907000      -187.9475907000
       723       361.5000000000      -187.9609535830      -187.9511914630      -187.9511914630
       724       362.0000000000      -187.9577296790      -187.9503915320      -187.9503915320
       725       362.5000000000      -187.9513099530      -187.9452246700      -187.9452246700
       726       363.0000000000      -187.9435165800      -187.9369509410      -187.9369509410
       727       363.5000000000      -187.9363032450      -187.9282154940      -187.9282154940
       728       364.0000000000      -187.9315538020      -187.9218175630      -187.9218175630
       729       364.5000000000      -187.9305835070      -187.9194821690      -187.9194821690
       730       365.0000000000      -187.9334048890      -187.9213458920      -187.9213458920
       731       365.5000000000      -187.9387177830      -187.9261111120      -187.9261111120
       732       366.0000000000      -187.9445831330      -187.9317735380      -187.9317735380
       733       366.5000000000      -187.9491614740      -187.9363736340      -187.9363736340
       734       367.0000000000      -187.9511001380      -187.9383920210      -187.9383920210
       735       367.5000000000      -187.9496608350      -187.9369020140      -187.9369020140
       736       368.0000000000      -187.9448663990      -187.9317659570      -187.9317659570
       737       368.5000000000      -187.9377544780      -187.9239400580      -187.9239400580
       738       369.0000000000      -187.9305173820      -187.9156236350      -187.9156236350
       739       369.5000000000      -187.9261091890      -187.9098271790      -187.9098271790
       740       370.0000000000      -187.9270505860      -187.9091328630      -187.9091328630
       741       370.5000000000      -187.9338690990      -187.9141175960      -187.9141175960
       742       371.0000000000      -187.9444509150      -187.9227065490      -187.9227065490
       743       371.5000000000      -187.9551420620      -187.9312799440      -187.9312799440
       744       372.0000000000      -187.9627173840      -187.9366453180      -187.9366453180
       745       372.5000000000      -187.9656439320      -187.9373025350      -187.9373025350
       746       373.0000000000      -187.9641691120      -187.9335331820      -187.9335331820
       747       373.5000000000      -187.9598188540      -187.9268986690      -187.9268986690
       748       374.0000000000      -187.9548511980      -187.9196921890      -187.9196921890
       749       374.5000000000      -187.9516988030      -187.9143766570      -187.9143766570
       750       375.0000000000      -187.9522088310      -187.9128191900      -187.9128191900
       751       375.5000000000      -187.9568210520      -187.9154664050      -187.9154664050
       752       376.0000000000      -187.9643004730      -187.9210799390      -187.9210799390
       753       376.5000000000      -187.9723756670      -187.9273820150      -187.9273820150
       754       377.0000000000      -187.9787689090      -187.9320914860      -187.9320914860
       755       377.5000000000      -187.9819040860      -187.9336323640      -187.9336323640
       756       378.0000000000      -187.9811864780      -187.9314095050      -187.9314095050
       757       378.5000000000      -187.9771314090      -187.9259324870      -187.9259324870
       758       379.0000000000      -187.9714259880      -187.9188765930      -187.9188765930
       759       379.5000000000      -187.9667014930      -187.9128590430      -187.9128590430
       760       380.0000000000      -187.9657589840      -187.9106713280      -187.9106713280
       761       380.5000000000      -187.9702726700      -187.9139877750      -187.9139877750
       762       381.0000000000      -187.9795807040      -187.9221574900      -187.9221574900
       763       381.5000000000      -187.9906631020      -187.9321785560      -187.9321785560
       764       382.0000000000      -187.9996916560      -187.9402413180      -187.9402413180
       765       382.5000000000      -188.0039906730      -187.9436826050      -187.9436826050
       766       383.0000000000      -188.0030247120      -187.9419691050      -187.9419691050
       767       383.5000000000      -187.9981956340      -187.9364931360      -187.9364931360
       768       384.0000000000      -187.9920035190      -187.9297338590      -187.9297338590
       769       384.5000000000      -187.9870568900      -187.9242685780      -187.9242685780
       770       385.0000000000      -187.9852119950      -187.9219130950      -187.9219130950
       771       385.5000000000      -187.9870790140      -187.9232301300      -187.9232301300
       772       386.0000000000      -187.9920590360      -187.9275701030      -187.9275701030
       773       386.5000000000      -187.9988251110      -187.9335578610      -187.9335578610
       774       387.0000000000      -188.0058904440      -187.9396665560      -187.9396665560
       775       387.5000000000      -188.0119305020      -187.9445436890      -187.9445436890
       776       388.0000000000      -188.0158480220      -187.9470774560      -187.9470774560
       777       388.5000000000      -188.0168231040      -187.9464461660      -187.9464461660
       778       389.0000000000      -188.0145639670      -187.9423674950      -187.9423674950
       779       389.5000000000      -188.0097554270      -187.9355455370      -187.9355455370
       780       390.0000000000      -188.0044130310      -187.9280234060      -187.9280234060
       781       390.5000000000      -188.0015932570      -187.9228912580      -187.9228912580
       782       391.0000000000      -188.0040349180      -187.9229245810      -187.9229245810
       783       391.5000000000      -188.0122699750      -187.9286913160      -187.9286913160
       784       392.0000000000      -188.0238563700      -187.9377825870      -187.9377825870
       785       392.5000000000      -188.0347312120      -187.9461655440      -187.9461655440
       786       393.0000000000      -188.0415553000      -187.9505281710      -187.9505281710
       787       393.5000000000      -188.0431907690      -187.9497563220      -187.9497563220
       788       394.0000000000      -188.0406863070      -187.9449169400      -187.9449169400
       789       394.5000000000      -188.0363060370      -187.9382848470      -187.9382848470
       790       395.0000000000      -188.0323840990      -187.9321967170      -187.9321967170
       791       395.5000000000      -188.0305555930      -187.9282848450      -187.9282848450
       792       396.0000000000      -188.0314813840      -187.9272069440      -187.9272069440
       793       396.5000000000      -188.0348694990      -187.9286739070      -187.9286739070
       794       397.0000000000      -188.0396830390      -187.9316622130      -187.9316622130
       795       397.5000000000      -188.0445237650      -187.9347991710      -187.9347991710
       796       398.0000000000      -188.0480318340      -187.9367596670      -187.9367596670
       797       398.5000000000      -188.0491272840      -187.9365003920      -187.9365003920
       798       399.0000000000      -188.0471292360      -187.9333697130      -187.9333697130
       799       399.5000000000      -188.0419199500      -187.9272630960      -187.9272630960
       800       400.0000000000      -188.0342517900      -187.9189251280      -187.9189251280
