-1.880459566389999964e+02 -1.879191489819999958e+02
-1.880429905370000085e+02 -1.879165675159999864e+02
-1.880395604930000104e+02 -1.879138127839999868e+02
-1.880374792560000117e+02 -1.879124386930000128e+02
-1.880396625399999948e+02 -1.879151552630000026e+02
-1.880486987399999919e+02 -1.879246213909999881e+02
-1.880519946240000024e+02 -1.879285493600000052e+02
-1.880406237370000042e+02 -1.879182822699999917e+02
-1.880271438929999874e+02 -1.879063778720000073e+02
-1.880290676109999879e+02 -1.879102245310000114e+02
-1.880375222940000128e+02 -1.879209241249999991e+02
-1.880366655139999921e+02 -1.879226314809999963e+02
-1.880286650810000140e+02 -1.879173687379999933e+02
-1.880225326540000026e+02 -1.879138647620000029e+02
-1.880193730469999878e+02 -1.879129386879999970e+02
-1.880178061489999948e+02 -1.879131225630000017e+02
-1.880245298600000012e+02 -1.879212957420000123e+02
-1.880315784489999942e+02 -1.879296618829999943e+02
-1.880250778909999951e+02 -1.879243408119999970e+02
-1.880151376000000027e+02 -1.879153587819999984e+02
-1.880196117549999997e+02 -1.879205974840000124e+02
-1.880277298670000050e+02 -1.879294499629999962e+02
-1.880272231490000081e+02 -1.879297576319999905e+02
-1.880241738800000064e+02 -1.879275455990000125e+02
-1.880250425209999889e+02 -1.879291852800000129e+02
-1.880261112690000118e+02 -1.879310388909999858e+02
-1.880260465990000114e+02 -1.879320643210000128e+02
-1.880254552950000004e+02 -1.879331897589999869e+02
-1.880175145199999918e+02 -1.879277643099999864e+02
-1.880015994340000134e+02 -1.879151814759999866e+02
-1.879913743040000043e+02 -1.879089911860000086e+02
-1.879919802480000044e+02 -1.879141991459999872e+02
-1.879901734890000000e+02 -1.879175172589999931e+02
-1.879842252550000126e+02 -1.879172370789999889e+02
-1.879827300400000070e+02 -1.879220092269999896e+02
-1.879832440659999975e+02 -1.879294525429999965e+02
-1.879781878100000085e+02 -1.879319556300000045e+02
-1.879724049600000058e+02 -1.879341655599999967e+02
-1.879687962099999936e+02 -1.879388290969999957e+02
-1.879588135639999962e+02 -1.879377264180000111e+02
-1.879457181409999862e+02 -1.879329199640000070e+02
-1.879486578409999993e+02 -1.879349307329999874e+02
-1.879600177739999936e+02 -1.879384277370000120e+02
-1.879660841650000123e+02 -1.879371650790000103e+02
-1.879734711790000006e+02 -1.879389994500000114e+02
-1.879842452670000057e+02 -1.879460822959999859e+02
-1.879917199399999959e+02 -1.879515026370000044e+02
-1.879957978019999985e+02 -1.879546345239999994e+02
-1.879979904129999966e+02 -1.879562704569999880e+02
-1.879933335700000043e+02 -1.879507538990000057e+02
-1.879818191070000069e+02 -1.879375948720000054e+02
-1.879772483540000110e+02 -1.879303691030000039e+02
-1.879834316200000046e+02 -1.879328027859999963e+02
-1.879880520119999971e+02 -1.879326386209999953e+02
-1.879911379110000098e+02 -1.879302217480000081e+02
-1.879976824599999929e+02 -1.879309631520000039e+02
-1.880043948569999941e+02 -1.879318585419999863e+02
-1.880116140689999895e+02 -1.879333709150000118e+02
-1.880260572210000021e+02 -1.879423577309999871e+02
-1.880414376950000133e+02 -1.879527533849999941e+02
-1.880433361780000041e+02 -1.879502380149999965e+02
-1.880342391670000097e+02 -1.879372164080000118e+02
-1.880346189040000127e+02 -1.879341045459999862e+02
-1.880414922589999946e+02 -1.879379795119999983e+02
-1.880415482980000093e+02 -1.879356450600000130e+02
-1.880386288249999893e+02 -1.879310139689999914e+02
-1.880352523759999883e+02 -1.879265782930000057e+02
-1.880332528659999980e+02 -1.879240910299999996e+02
-1.880398598790000051e+02 -1.879307446370000036e+02
-1.880520812579999870e+02 -1.879435619230000043e+02
-1.880563293520000059e+02 -1.879488923410000041e+02
-1.880468254269999875e+02 -1.879408363469999870e+02
-1.880367060659999936e+02 -1.879325392949999980e+02
-1.880375845060000017e+02 -1.879357364729999915e+02
-1.880403304740000010e+02 -1.879413537920000010e+02
-1.880401307509999924e+02 -1.879446910320000086e+02
-1.880345573230000014e+02 -1.879435591540000132e+02
-1.880194530189999966e+02 -1.879339150970000105e+02
-1.880065885889999890e+02 -1.879273024990000067e+02
-1.880095853210000030e+02 -1.879368600909999998e+02
-1.880155774309999970e+02 -1.879491395080000018e+02
-1.880079311469999936e+02 -1.879469155250000085e+02
-1.879876376660000119e+02 -1.879307225739999865e+02
-1.879742907709999997e+02 -1.879199801750000063e+02
-1.879781019730000082e+02 -1.879249411389999977e+02
-1.879859119029999874e+02 -1.879326405589999922e+02
-1.879890537470000140e+02 -1.879347718230000055e+02
-1.879849755399999935e+02 -1.879290847780000036e+02
-1.879812859310000022e+02 -1.879232825050000031e+02
-1.879901996829999860e+02 -1.879296603550000100e+02
-1.880072098720000042e+02 -1.879439172310000004e+02
-1.880175743499999896e+02 -1.879514867249999952e+02
-1.880134732100000008e+02 -1.879446786169999939e+02
-1.880008454009999923e+02 -1.879296282690000055e+02
-1.879943814069999917e+02 -1.879212091240000007e+02
-1.879984887839999885e+02 -1.879238704949999885e+02
-1.880067984359999969e+02 -1.879313533350000114e+02
-1.880100224100000048e+02 -1.879346576019999873e+02
-1.880011535970000125e+02 -1.879269091570000114e+02
-1.879917596180000032e+02 -1.879194710470000018e+02
-1.879991918670000075e+02 -1.879293797729999937e+02
-1.880132486660000097e+02 -1.879462197679999917e+02
-1.880162399579999999e+02 -1.879522093250000125e+02
-1.880059416640000052e+02 -1.879450468070000113e+02
-1.879915107129999967e+02 -1.879337031659999866e+02
-1.879853898329999993e+02 -1.879303384209999876e+02
-1.879894411330000139e+02 -1.879365997440000058e+02
-1.879926938220000068e+02 -1.879414869009999904e+02
-1.879846268780000003e+02 -1.879345808189999900e+02
-1.879731399380000028e+02 -1.879240263990000130e+02
-1.879760262640000121e+02 -1.879280009310000139e+02
-1.879872694020000097e+02 -1.879407076109999934e+02
-1.879898186979999934e+02 -1.879449695209999902e+02
-1.879817206950000070e+02 -1.879385295550000023e+02
-1.879716891129999965e+02 -1.879298933629999908e+02
-1.879681891129999940e+02 -1.879275998379999919e+02
-1.879733031039999958e+02 -1.879341161360000001e+02
-1.879815841840000132e+02 -1.879446158590000096e+02
-1.879817979119999904e+02 -1.879484558789999937e+02
-1.879681066100000066e+02 -1.879399643229999981e+02
-1.879568960740000136e+02 -1.879350764529999935e+02
-1.879642679979999969e+02 -1.879482876509999869e+02
-1.879746404299999938e+02 -1.879590390980000052e+02
-1.879735761500000137e+02 -1.879514949020000074e+02
-1.879656916000000138e+02 -1.879359448829999906e+02
-1.879628787789999933e+02 -1.879261263010000107e+02
-1.879709596300000101e+02 -1.879277704099999937e+02
-1.879872247000000129e+02 -1.879381668339999862e+02
-1.880011158560000126e+02 -1.879469113860000107e+02
-1.880021530390000066e+02 -1.879435954310000056e+02
-1.879984636419999902e+02 -1.879360787150000078e+02
-1.880069547429999943e+02 -1.879407660740000097e+02
-1.880185881630000040e+02 -1.879484814170000107e+02
-1.880165789980000000e+02 -1.879428069870000115e+02
-1.880043659529999900e+02 -1.879275891830000091e+02
-1.879935225689999925e+02 -1.879145885000000078e+02
-1.879906492629999946e+02 -1.879104276299999867e+02
-1.879970050560000061e+02 -1.879163303249999899e+02
-1.880063089180000020e+02 -1.879259659129999989e+02
-1.880052561679999883e+02 -1.879259902480000051e+02
-1.879911034509999865e+02 -1.879136390250000090e+02
-1.879885260430000073e+02 -1.879134868520000055e+02
-1.880036403679999921e+02 -1.879313847189999933e+02
-1.880087481920000130e+02 -1.879394330369999864e+02
-1.879939572620000092e+02 -1.879276489350000077e+02
-1.879738283720000140e+02 -1.879103202640000063e+02
-1.879626799350000113e+02 -1.879013162009999860e+02
-1.879643580089999944e+02 -1.879041029310000113e+02
-1.879755241530000092e+02 -1.879151636690000089e+02
-1.879848555149999925e+02 -1.879231598400000109e+02
-1.879781360249999977e+02 -1.879139732259999960e+02
-1.879656571419999977e+02 -1.878980876599999874e+02
-1.879784202390000019e+02 -1.879066496309999934e+02
-1.879993528679999883e+02 -1.879226808139999889e+02
-1.880043142330000023e+02 -1.879225239410000086e+02
-1.879984136619999902e+02 -1.879118317740000066e+02
-1.879931579869999894e+02 -1.879022860009999931e+02
-1.879944426749999877e+02 -1.878998055159999865e+02
-1.880047646829999906e+02 -1.879069449620000114e+02
-1.880208331089999945e+02 -1.879204087239999978e+02
-1.880312071740000022e+02 -1.879286718790000066e+02
-1.880240911100000005e+02 -1.879199152920000131e+02
-1.880143094979999887e+02 -1.879090362260000120e+02
-1.880254417520000061e+02 -1.879196273279999900e+02
-1.880366452620000075e+02 -1.879308455599999945e+02
-1.880319277000000113e+02 -1.879268870680000134e+02
-1.880189740049999898e+02 -1.879155473200000017e+02
-1.880084757680000109e+02 -1.879073264310000013e+02
-1.880058750880000105e+02 -1.879072978620000072e+02
-1.880126395540000033e+02 -1.879165751079999893e+02
-1.880224237099999982e+02 -1.879285651499999972e+02
-1.880229483790000131e+02 -1.879308787639999991e+02
-1.880122745420000001e+02 -1.879215582879999999e+02
-1.880125197719999903e+02 -1.879227376949999950e+02
-1.880222084490000043e+02 -1.879329111440000020e+02
-1.880202428139999995e+02 -1.879309580560000086e+02
-1.880097271520000106e+02 -1.879200547259999894e+02
-1.880006309309999892e+02 -1.879103112660000079e+02
-1.879970875070000034e+02 -1.879061034460000030e+02
-1.880007964499999957e+02 -1.879094452580000052e+02
-1.880098026500000117e+02 -1.879186415190000048e+02
-1.880154377110000041e+02 -1.879251470519999998e+02
-1.880100820929999941e+02 -1.879213350740000124e+02
-1.880088924480000117e+02 -1.879222903689999953e+02
-1.880221363340000096e+02 -1.879383161190000067e+02
-1.880265268690000084e+02 -1.879464734519999922e+02
-1.880169204960000116e+02 -1.879420810850000123e+02
-1.880033765309999865e+02 -1.879353223440000136e+02
-1.879908896309999875e+02 -1.879308757169999922e+02
-1.879826974489999998e+02 -1.879315109769999879e+02
-1.879804964489999861e+02 -1.879385859729999879e+02
-1.879784706130000131e+02 -1.879461881169999913e+02
-1.879667108399999904e+02 -1.879446769879999977e+02
-1.879483056710000142e+02 -1.879379564079999909e+02
-1.879490424589999975e+02 -1.879456340149999960e+02
-1.879671882570000037e+02 -1.879516304569999932e+02
-1.879724927359999924e+02 -1.879473920149999913e+02
-1.879721785069999953e+02 -1.879392534700000112e+02
-1.879724069129999862e+02 -1.879325755010000023e+02
-1.879739122350000002e+02 -1.879276639850000095e+02
-1.879801553650000017e+02 -1.879279705980000017e+02
-1.879918957449999937e+02 -1.879345052420000002e+02
-1.880030324930000063e+02 -1.879414851950000127e+02
-1.880044218490000105e+02 -1.879399490590000141e+02
-1.879983530220000034e+02 -1.879320567899999901e+02
-1.880005057459999875e+02 -1.879330009500000074e+02
-1.880031280860000038e+02 -1.879344322460000001e+02
-1.879972347860000070e+02 -1.879271070880000138e+02
-1.879898947089999979e+02 -1.879181617389999985e+02
-1.879850849700000026e+02 -1.879117748900000038e+02
-1.879869515089999936e+02 -1.879123176290000004e+02
-1.879969154540000034e+02 -1.879213669540000069e+02
-1.880089830830000039e+02 -1.879329456039999968e+02
-1.880160063319999892e+02 -1.879397216140000069e+02
-1.880175382339999999e+02 -1.879409860019999883e+02
-1.880250474929999882e+02 -1.879481738970000038e+02
-1.880362458920000108e+02 -1.879592702490000136e+02
-1.880356189780000022e+02 -1.879590571360000126e+02
-1.880248233210000137e+02 -1.879493080290000080e+02
-1.880105842950000010e+02 -1.879367196890000002e+02
-1.879972859229999926e+02 -1.879254567570000063e+02
-1.879927207490000001e+02 -1.879228288420000013e+02
-1.879979929069999969e+02 -1.879293892549999896e+02
-1.880055708799999934e+02 -1.879372606830000052e+02
-1.880074671790000025e+02 -1.879384753710000098e+02
-1.880058448620000036e+02 -1.879355178529999932e+02
-1.880136777010000060e+02 -1.879417060810000066e+02
-1.880239321999999902e+02 -1.879501983549999977e+02
-1.880245544480000035e+02 -1.879490925960000141e+02
-1.880164593480000121e+02 -1.879394268060000002e+02
-1.880038793820000080e+02 -1.879254738170000110e+02
-1.879970078769999873e+02 -1.879174520500000085e+02
-1.880014884100000074e+02 -1.879211122259999911e+02
-1.880102913339999873e+02 -1.879296211010000093e+02
-1.880173497940000118e+02 -1.879370465629999956e+02
-1.880177818360000117e+02 -1.879383862610000051e+02
-1.880072213789999864e+02 -1.879288561950000087e+02
-1.879989590209999903e+02 -1.879213939720000042e+02
-1.880007195130000071e+02 -1.879237684960000081e+02
-1.880035804709999923e+02 -1.879272468709999941e+02
-1.880014989260000107e+02 -1.879258417370000132e+02
-1.879944564580000019e+02 -1.879194688640000095e+02
-1.879926126789999898e+02 -1.879182065749999992e+02
-1.879999191230000122e+02 -1.879259761159999869e+02
-1.880108895420000010e+02 -1.879372224870000139e+02
-1.880193516859999932e+02 -1.879455718339999919e+02
-1.880185378390000039e+02 -1.879439750200000105e+02
-1.880095178949999877e+02 -1.879333305259999918e+02
-1.880034426770000096e+02 -1.879248768820000066e+02
-1.880051854890000129e+02 -1.879237966080000035e+02
-1.880105135240000038e+02 -1.879262452479999865e+02
-1.880097496269999908e+02 -1.879228390190000084e+02
-1.880083309960000122e+02 -1.879191592079999964e+02
-1.880146735390000003e+02 -1.879236630290000107e+02
-1.880262278630000026e+02 -1.879337944950000008e+02
-1.880405153650000045e+02 -1.879470415760000037e+02
-1.880528840979999927e+02 -1.879586483059999864e+02
-1.880544095470000059e+02 -1.879595232060000001e+02
-1.880443457229999922e+02 -1.879488897290000011e+02
-1.880313812859999985e+02 -1.879356845910000118e+02
-1.880250753830000008e+02 -1.879297126909999918e+02
-1.880193309660000125e+02 -1.879247679270000049e+02
-1.880089469959999917e+02 -1.879152775199999894e+02
-1.880034445770000104e+02 -1.879104363959999944e+02
-1.880077687000000140e+02 -1.879151053930000046e+02
-1.880201580680000006e+02 -1.879276660449999952e+02
-1.880357705380000084e+02 -1.879435316850000106e+02
-1.880434529320000081e+02 -1.879518261100000132e+02
-1.880360561740000094e+02 -1.879456105829999899e+02
-1.880211960430000033e+02 -1.879325256490000129e+02
-1.880147306609999873e+02 -1.879282979369999964e+02
-1.880159696970000027e+02 -1.879321294179999882e+02
-1.880116851729999894e+02 -1.879307510079999872e+02
-1.880037685929999896e+02 -1.879260113770000089e+02
-1.879976408990000039e+02 -1.879232643690000089e+02
-1.879944572900000139e+02 -1.879235729199999980e+02
-1.879983090220000008e+02 -1.879308914199999947e+02
-1.880049306749999971e+02 -1.879407593249999877e+02
-1.880028525319999915e+02 -1.879415553450000118e+02
-1.879894004669999958e+02 -1.879306910159999973e+02
-1.879753037380000080e+02 -1.879192813079999951e+02
-1.879754251269999941e+02 -1.879226460680000059e+02
-1.879816198970000016e+02 -1.879328576270000042e+02
-1.879818027659999871e+02 -1.879377696130000004e+02
-1.879787343829999884e+02 -1.879399314190000041e+02
-1.879742698420000124e+02 -1.879409537409999871e+02
-1.879707172420000063e+02 -1.879431591860000026e+02
-1.879711034309999889e+02 -1.879505425090000017e+02
-1.879704126160000044e+02 -1.879589879410000037e+02
-1.879618853910000098e+02 -1.879582097159999989e+02
-1.879506197059999977e+02 -1.879395103040000095e+02
-1.879414759109999977e+02 -1.879220133569999973e+02
-1.879446063809999998e+02 -1.879187402709999901e+02
-1.879547437029999912e+02 -1.879241487879999966e+02
-1.879641303269999923e+02 -1.879298998859999870e+02
-1.879684754570000109e+02 -1.879312196859999915e+02
-1.879697765980000099e+02 -1.879297989039999948e+02
-1.879761488590000056e+02 -1.879336120849999929e+02
-1.879859780600000079e+02 -1.879410495980000064e+02
-1.879915105089999940e+02 -1.879444982489999916e+02
