 # Step, Time, Current state, Current potential, Velocity norm, current gradient
         0      0.00000000     2      -187.9066596750         0.0057618511         0.2133170730
         1      0.50000000     2      -187.9158042930         0.0063993298         0.1678646336
         2      1.00000000     2      -187.9222263780         0.0068060223         0.1349475724
         3      1.50000000     2      -187.9253551040         0.0069868407         0.1218260726
         4      2.00000000     2      -187.9258124180         0.0070063725         0.1239733402
         5      2.50000000     2      -187.9245662550         0.0069373070         0.1335489609
         6      3.00000000     2      -187.9224383100         0.0068366683         0.1466843470
         7      3.50000000     2      -187.9200472630         0.0067454443         0.1619931180
         8      4.00000000     2      -187.9179438590         0.0066978958         0.1773119198
         9      4.50000000     2      -187.9166314620         0.0067215917         0.1888978834
        10      5.00000000     2      -187.9163149300         0.0068183768         0.1934456455
        11      5.50000000     2      -187.9165639320         0.0069432790         0.1909235038
        12      6.00000000     2      -187.9162982060         0.0070102834         0.1856299843
        13      6.50000000     2      -187.9142641750         0.0069263381         0.1844032510
        14      7.00000000     2      -187.9097361040         0.0066295991         0.1927472394
        15      7.50000000     2      -187.9030286840         0.0061166339         0.2109701449
        16      8.00000000     2      -187.8955020800         0.0054558033         0.2342087604
        17      8.50000000     2      -187.8889863700         0.0047844889         0.2575149084
        18      9.00000000     2      -187.8851464280         0.0043004016         0.2787940669
        19      9.50000000     2      -187.8853828610         0.0042332414         0.2929230025
        20     10.00000000     2      -187.8905454060         0.0046755394         0.2889413439
        21     10.50000000     2      -187.8997688150         0.0054221216         0.2615619315
        22     11.00000000     2      -187.9101948600         0.0061554953         0.2197183006
        23     11.50000000     2      -187.9187320270         0.0066745841         0.1794118218
        24     12.00000000     2      -187.9238023400         0.0069315387         0.1524954218
        25     12.50000000     2      -187.9254608110         0.0069723930         0.1427121105
        26     13.00000000     2      -187.9245925720         0.0068757345         0.1482647416
        27     13.50000000     2      -187.9222634960         0.0067204761         0.1652430470
        28     14.00000000     2      -187.9195011970         0.0065780781         0.1886834961
        29     14.50000000     2      -187.9172653600         0.0065109677         0.2128330217
        30     15.00000000     2      -187.9163224460         0.0065600307         0.2323017039
        31     15.50000000     2      -187.9169681570         0.0067224994         0.2436931331
        32     16.00000000     2      -187.9188075500         0.0069432640         0.2464165657
        33     16.50000000     2      -187.9208140160         0.0071329907         0.2421390978
        34     17.00000000     2      -187.9216522170         0.0071969625         0.2340003246
        35     17.50000000     2      -187.9201222900         0.0070572870         0.2268660613
        36     18.00000000     2      -187.9156962410         0.0066733771         0.2268857545
        37     18.50000000     2      -187.9090871890         0.0060742120         0.2363688794
        38     19.00000000     2      -187.9023820200         0.0053971201         0.2484069293
        39     19.50000000     2      -187.8981767350         0.0048900864         0.2523292638
        40     20.00000000     2      -187.8981855420         0.0048017350         0.2430652422
        41     20.50000000     2      -187.9025184020         0.0051753044         0.2209047916
        42     21.00000000     2      -187.9097475570         0.0058103964         0.1884807073
        43     21.50000000     2      -187.9173843420         0.0064476296         0.1546037493
        44     22.00000000     2      -187.9229393760         0.0069091936         0.1352182017
        45     22.50000000     2      -187.9250701500         0.0071284606         0.1394848705
        46     23.00000000     2      -187.9239102100         0.0071258993         0.1584434536
        47     23.50000000     2      -187.9206096890         0.0069730377         0.1795813314
        48     24.00000000     2      -187.9166803340         0.0067631653         0.1964919794
        49     24.50000000     2      -187.9134748800         0.0065870548         0.2069294488
        50     25.00000000     2      -187.9118451460         0.0065073417         0.2107603150
        51     25.50000000     2      -187.9119974700         0.0065384732         0.2091792449
        52     26.00000000     2      -187.9135652340         0.0066473879         0.2039168895
        53     26.50000000     2      -187.9158157400         0.0067734533         0.1963780598
        54     27.00000000     2      -187.9178447550         0.0068486464         0.1876485891
        55     27.50000000     2      -187.9187122920         0.0068075982         0.1799039536
        56     28.00000000     2      -187.9176382290         0.0065955586         0.1780289757
        57     28.50000000     2      -187.9143998610         0.0061884237         0.1874693564
        58     29.00000000     2      -187.9097873760         0.0056279371         0.2067376071
        59     29.50000000     2      -187.9055276610         0.0050469686         0.2259273233
        60     30.00000000     2      -187.9033141180         0.0046341102         0.2374284374
        61     30.50000000     2      -187.9038976930         0.0045330411         0.2428290477
        62     31.00000000     2      -187.9073779500         0.0047792954         0.2431584099
        63     31.50000000     2      -187.9136212430         0.0053053344         0.2301412231
        64     32.00000000     2      -187.9215269960         0.0059458674         0.1980047723
        65     32.50000000     2      -187.9286713520         0.0064982617         0.1561316331
        66     33.00000000     2      -187.9326259090         0.0068247508         0.1271684752
        67     33.50000000     2      -187.9324479060         0.0068973646         0.1302304783
        68     34.00000000     2      -187.9289100270         0.0067783046         0.1562003516
        69     34.50000000     2      -187.9237847920         0.0065792772         0.1852355370
        70     35.00000000     2      -187.9189437520         0.0064187642         0.2067727161
        71     35.50000000     2      -187.9156776900         0.0063786586         0.2178255273
        72     36.00000000     2      -187.9144263660         0.0064765080         0.2198204439
        73     36.50000000     2      -187.9149244060         0.0066740024         0.2160845739
        74     37.00000000     2      -187.9165263680         0.0069085740         0.2095586010
        75     37.50000000     2      -187.9184301550         0.0071157642         0.2018124751
        76     38.00000000     2      -187.9197312190         0.0072329603         0.1939045094
        77     38.50000000     2      -187.9194714660         0.0071982344         0.1883491514
        78     39.00000000     2      -187.9169151540         0.0069608655         0.1900893696
        79     39.50000000     2      -187.9121301350         0.0065131995         0.2028827078
        80     40.00000000     2      -187.9065338410         0.0059397328         0.2226203156
        81     40.50000000     2      -187.9026667590         0.0054489876         0.2384987936
        82     41.00000000     2      -187.9029258110         0.0053068582         0.2421510031
        83     41.50000000     2      -187.9082224120         0.0056314155         0.2314627296
        84     42.00000000     2      -187.9175282930         0.0062745103         0.2075625350
        85     42.50000000     2      -187.9282174340         0.0069657049         0.1761926073
        86     43.00000000     2      -187.9371339710         0.0074844256         0.1518126344
        87     43.50000000     2      -187.9421385430         0.0077255449         0.1489313797
        88     44.00000000     2      -187.9430292520         0.0076973509         0.1632779882
        89     44.50000000     2      -187.9411742150         0.0074851487         0.1787691999
        90     45.00000000     2      -187.9383633420         0.0071994315         0.1859357635
        91     45.50000000     2      -187.9358336970         0.0069285172         0.1848687495
        92     46.00000000     2      -187.9340462990         0.0067183723         0.1809907389
        93     46.50000000     2      -187.9330493270         0.0065846596         0.1794238563
        94     47.00000000     2      -187.9328604340         0.0065330990         0.1813457155
        95     47.50000000     2      -187.9335287480         0.0065634599         0.1846526745
        96     48.00000000     2      -187.9349448980         0.0066575559         0.1868618520
        97     48.50000000     2      -187.9366290430         0.0067681747         0.1873449021
        98     49.00000000     2      -187.9376961310         0.0068225564         0.1885897349
        99     49.50000000     2      -187.9371381310         0.0067437383         0.1961702840
       100     50.00000000     2      -187.9344465980         0.0064874367         0.2148778088
       101     50.50000000     2      -187.9302707970         0.0060856537         0.2422886703
       102     51.00000000     2      -187.9263987580         0.0056698132         0.2695701059
       103     51.50000000     2      -187.9246709840         0.0054308051         0.2899300106
       104     52.00000000     2      -187.9258883650         0.0055115693         0.2973756340
       105     52.50000000     2      -187.9302628410         0.0059176396         0.2825226476
       106     53.00000000     2      -187.9373159460         0.0065142767         0.2479669220
       107     53.50000000     2      -187.9448929250         0.0070976936         0.2031179393
       108     54.00000000     2      -187.9501284970         0.0074973779         0.1634091101
       109     54.50000000     2      -187.9512495790         0.0076417806         0.1457973980
       110     55.00000000     2      -187.9483756430         0.0075598000         0.1527541011
       111     55.50000000     2      -187.9429963450         0.0073425061         0.1700136756
       112     56.00000000     2      -187.9369075360         0.0070944494         0.1856508382
       113     56.50000000     2      -187.9314311680         0.0068956110         0.1965468267
       114     57.00000000     2      -187.9272534310         0.0067887887         0.2043047460
       115     57.50000000     2      -187.9246604450         0.0067891943         0.2108435644
       116     58.00000000     2      -187.9237526750         0.0068954123         0.2164547288
       117     58.50000000     2      -187.9244357380         0.0070880942         0.2202672312
       118     59.00000000     2      -187.9262720570         0.0073229096         0.2216526321
       119     59.50000000     2      -187.9283944030         0.0075312440         0.2214297344
       120     60.00000000     2      -187.9296641730         0.0076348674         0.2221742472
       121     60.50000000     2      -187.9291429140         0.0075723913         0.2264706373
       122     61.00000000     2      -187.9266806910         0.0073285721         0.2333103775
       123     61.50000000     2      -187.9231232910         0.0069501844         0.2377315532
       124     62.00000000     2      -187.9198751810         0.0065380835         0.2367867082
       125     62.50000000     2      -187.9183646740         0.0062299779         0.2325860071
       126     63.00000000     2      -187.9198479660         0.0061726828         0.2249202257
       127     63.50000000     2      -187.9248691080         0.0064320333         0.2083596415
       128     64.00000000     2      -187.9323446610         0.0069039324         0.1838530990
       129     64.50000000     2      -187.9397863790         0.0073859603         0.1655453749
       130     65.00000000     2      -187.9449263810         0.0077249325         0.1665795052
       131     65.50000000     2      -187.9469840140         0.0078743260         0.1803316584
       132     66.00000000     2      -187.9464724870         0.0078606907         0.1922234178
       133     66.50000000     2      -187.9442523320         0.0077291490         0.1967460898
       134     67.00000000     2      -187.9409804160         0.0075167673         0.1969491128
       135     67.50000000     2      -187.9371985600         0.0072587575         0.1975498990
       136     68.00000000     2      -187.9335482630         0.0070015871         0.2002732890
       137     68.50000000     2      -187.9307267990         0.0068004406         0.2038269541
       138     69.00000000     2      -187.9292401840         0.0066992617         0.2061674153
       139     69.50000000     2      -187.9291708420         0.0067075310         0.2062368674
       140     70.00000000     2      -187.9301124650         0.0067926990         0.2047130630
       141     70.50000000     2      -187.9313344410         0.0068968120         0.2039964194
       142     71.00000000     2      -187.9321447910         0.0069672315         0.2067625065
       143     71.50000000     2      -187.9322568100         0.0069807896         0.2130996730
       144     72.00000000     2      -187.9318342150         0.0069433761         0.2198670184
       145     72.50000000     2      -187.9311567130         0.0068678267         0.2247656474
       146     73.00000000     2      -187.9304323630         0.0067648706         0.2289632987
       147     73.50000000     2      -187.9301324930         0.0066689332         0.2324882876
       148     74.00000000     2      -187.9311627740         0.0066519622         0.2303834443
       149     74.50000000     2      -187.9341691970         0.0067714766         0.2177735126
       150     75.00000000     2      -187.9387067430         0.0070045184         0.1959940048
       151     75.50000000     2      -187.9433831880         0.0072615859         0.1720977984
       152     76.00000000     2      -187.9467665030         0.0074556039         0.1538653519
       153     76.50000000     2      -187.9480361280         0.0075405809         0.1456362417
       154     77.00000000     2      -187.9470142590         0.0075066537         0.1484783937
       155     77.50000000     2      -187.9439880240         0.0073672610         0.1616788662
       156     78.00000000     2      -187.9396396450         0.0071575103         0.1822730050
       157     78.50000000     2      -187.9349757090         0.0069351985         0.2056034569
       158     79.00000000     2      -187.9311058790         0.0067708830         0.2272464982
       159     79.50000000     2      -187.9289239460         0.0067240688         0.2441133863
       160     80.00000000     2      -187.9288371720         0.0068163178         0.2546483995
       161     80.50000000     2      -187.9306578940         0.0070206187         0.2588071815
       162     81.00000000     2      -187.9337128190         0.0072770628         0.2578598916
       163     81.50000000     2      -187.9371554540         0.0075232652         0.2534128712
       164     82.00000000     2      -187.9403216680         0.0077179289         0.2455216797
       165     82.50000000     2      -187.9428361130         0.0078423666         0.2319729816
       166     83.00000000     2      -187.9443642490         0.0078831294         0.2115045374
       167     83.50000000     2      -187.9444355890         0.0078225186         0.1886897528
       168     84.00000000     2      -187.9428148000         0.0076595348         0.1729430437
       169     84.50000000     2      -187.9400334290         0.0074404683         0.1690883880
       170     85.00000000     2      -187.9372543410         0.0072541809         0.1727491743
       171     85.50000000     2      -187.9354891510         0.0071811271         0.1784730980
       172     86.00000000     2      -187.9349687160         0.0072383677         0.1847697943
       173     86.50000000     2      -187.9351159510         0.0073704551         0.1914624940
       174     87.00000000     2      -187.9349252720         0.0074857257         0.1981202370
       175     87.50000000     2      -187.9334623050         0.0075015506         0.2050942435
       176     88.00000000     2      -187.9303250350         0.0073749823         0.2130438032
       177     88.50000000     2      -187.9258664130         0.0071141222         0.2213211135
       178     89.00000000     2      -187.9210440530         0.0067726939         0.2279845740
       179     89.50000000     2      -187.9170128630         0.0064329282         0.2310919777
       180     90.00000000     2      -187.9147058150         0.0061806368         0.2296319033
       181     90.50000000     2      -187.9145741300         0.0060762111         0.2237831515
       182     91.00000000     2      -187.9165396020         0.0061335251         0.2148961830
       183     91.50000000     2      -187.9201416510         0.0063234463         0.2051845778
       184     92.00000000     2      -187.9248035990         0.0065998490         0.1965550641
       185     92.50000000     2      -187.9300446960         0.0069221555         0.1886996501
       186     93.00000000     2      -187.9354190590         0.0072531576         0.1790235807
       187     93.50000000     2      -187.9402003310         0.0075404980         0.1667977525
       188     94.00000000     2      -187.9432733690         0.0077138573         0.1580850968
       189     94.50000000     2      -187.9436758970         0.0077160589         0.1625781596
       190     95.00000000     2      -187.9414660580         0.0075478791         0.1808476768
       191     95.50000000     2      -187.9380247500         0.0072893716         0.2019394835
       192     96.00000000     2      -187.9353370320         0.0070709448         0.2142513132
       193     96.50000000     2      -187.9347160270         0.0069934410         0.2120709129
       194     97.00000000     2      -187.9359358840         0.0070512581         0.1967821149
       195     97.50000000     2      -187.9374432220         0.0071397983         0.1759994126
       196     98.00000000     2      -187.9374488130         0.0071385087         0.1602604225
       197     98.50000000     2      -187.9350145260         0.0069824609         0.1567085245
       198     99.00000000     2      -187.9304203320         0.0066818760         0.1642449729
       199     99.50000000     2      -187.9248130540         0.0063069101         0.1767862520
       200    100.00000000     2      -187.9195778830         0.0059595957         0.1891709240
       201    100.50000000     2      -187.9158146160         0.0057391857         0.1989576361
       202    101.00000000     2      -187.9140716020         0.0057041632         0.2058466842
       203    101.50000000     2      -187.9143438810         0.0058506233         0.2108065216
       204    102.00000000     2      -187.9162795930         0.0061281913         0.2149012948
       205    102.50000000     2      -187.9194661890         0.0064773779         0.2175911847
       206    103.00000000     2      -187.9235646050         0.0068496695         0.2158300904
       207    103.50000000     2      -187.9281095820         0.0071969050         0.2061790492
       208    104.00000000     2      -187.9321827570         0.0074538206         0.1894002738
       209    104.50000000     2      -187.9345206770         0.0075465465         0.1731363046
       210    105.00000000     2      -187.9342557070         0.0074299658         0.1677361621
       211    105.50000000     2      -187.9317040910         0.0071274513         0.1760276511
       212    106.00000000     2      -187.9284649440         0.0067475781         0.1902194608
       213    106.50000000     2      -187.9266508740         0.0064575591         0.1999681482
       214    107.00000000     2      -187.9276677330         0.0063950262         0.1988334730
       215    107.50000000     2      -187.9313245030         0.0065640974         0.1865259228
       216    108.00000000     2      -187.9359730420         0.0068378371         0.1690203229
       217    108.50000000     2      -187.9396024880         0.0070685800         0.1556531684
       218    109.00000000     2      -187.9409939170         0.0071760099         0.1528511164
       219    109.50000000     2      -187.9401474440         0.0071620105         0.1594428991
       220    110.00000000     2      -187.9379623950         0.0070844708         0.1697309042
       221    110.50000000     2      -187.9356266330         0.0070211859         0.1789800427
       222    111.00000000     2      -187.9341073040         0.0070367488         0.1851455917
       223    111.50000000     2      -187.9338945060         0.0071602418         0.1883765309
       224    112.00000000     2      -187.9349967890         0.0073819106         0.1901979660
       225    112.50000000     2      -187.9371251620         0.0076688165         0.1923535242
       226    113.00000000     2      -187.9399435080         0.0079858160         0.1950156397
       227    113.50000000     2      -187.9431810740         0.0083040758         0.1956477500
       228    114.00000000     2      -187.9464420740         0.0085903484         0.1908399502
       229    114.50000000     2      -187.9488705070         0.0087907498         0.1808393097
       230    115.00000000     2      -187.9491754630         0.0088336524         0.1726749511
       231    115.50000000     2      -187.9463009150         0.0086595993         0.1763650350
       232    116.00000000     2      -187.9403201490         0.0082608739         0.1941413936
       233    116.50000000     2      -187.9327950960         0.0077083649         0.2170279367
       234    117.00000000     2      -187.9261902150         0.0071484396         0.2332860005
       235    117.50000000     2      -187.9225948460         0.0067498884         0.2355207901
       236    118.00000000     2      -187.9225521940         0.0066022156         0.2232573582
       237    118.50000000     2      -187.9248446500         0.0066494381         0.2029385909
       238    119.00000000     2      -187.9274053600         0.0067486187         0.1850716976
       239    119.50000000     2      -187.9285987960         0.0067821626         0.1782979313
       240    120.00000000     2      -187.9279320440         0.0067120842         0.1839363776
       241    120.50000000     2      -187.9259471680         0.0065708517         0.1972302982
       242    121.00000000     2      -187.9236772110         0.0064276385         0.2128027635
       243    121.50000000     2      -187.9221135890         0.0063527231         0.2272965903
       244    122.00000000     2      -187.9219027680         0.0063900891         0.2391871933
       245    122.50000000     2      -187.9233005870         0.0065476779         0.2479224297
       246    123.00000000     2      -187.9263155150         0.0068084290         0.2528746738
       247    123.50000000     2      -187.9308854470         0.0071482040         0.2521525507
       248    124.00000000     2      -187.9368606900         0.0075393540         0.2423193062
       249    124.50000000     2      -187.9436902120         0.0079359939         0.2204655449
       250    125.00000000     2      -187.9501173910         0.0082636838         0.1881217883
       251    125.50000000     2      -187.9544271400         0.0084370005         0.1542114883
       252    126.00000000     2      -187.9552996110         0.0083975906         0.1335087378
       253    126.50000000     2      -187.9525954690         0.0081441239         0.1346600318
       254    127.00000000     2      -187.9473998110         0.0077355733         0.1491626751
       255    127.50000000     2      -187.9413584640         0.0072694296         0.1649371811
       256    128.00000000     2      -187.9359047990         0.0068482511         0.1771127706
       257    128.50000000     2      -187.9318400850         0.0065465076         0.1849324041
       258    129.00000000     2      -187.9292379160         0.0063838164         0.1885124753
       259    129.50000000     2      -187.9275519010         0.0063192710         0.1892537859
       260    130.00000000     2      -187.9259773120         0.0062817416         0.1899661825
       261    130.50000000     2      -187.9239507590         0.0062166755         0.1928047253
       262    131.00000000     2      -187.9214477070         0.0061135048         0.1976482379
       263    131.50000000     2      -187.9189085020         0.0060027849         0.2028348029
       264    132.00000000     2      -187.9169386100         0.0059345881         0.2068687289
       265    132.50000000     2      -187.9160269270         0.0059532576         0.2093834428
       266    133.00000000     2      -187.9164297660         0.0060813633         0.2110392814
       267    133.50000000     2      -187.9182301190         0.0063196327         0.2125053367
       268    134.00000000     2      -187.9214554110         0.0066559160         0.2129437085
       269    134.50000000     2      -187.9260599820         0.0070670254         0.2094560368
       270    135.00000000     2      -187.9316712920         0.0075084842         0.1991298904
       271    135.50000000     2      -187.9373208350         0.0079089481         0.1830100314
       272    136.00000000     2      -187.9416047480         0.0081880001         0.1687100564
       273    136.50000000     2      -187.9434041520         0.0082925303         0.1667961409
       274    137.00000000     2      -187.9426668450         0.0082277801         0.1792656005
       275    137.50000000     2      -187.9405259960         0.0080595809         0.1956660186
       276    138.00000000     2      -187.9385299840         0.0078785546         0.2045937116
       277    138.50000000     2      -187.9376366770         0.0077477171         0.2023019459
       278    139.00000000     2      -187.9378644380         0.0076772659         0.1915864578
       279    139.50000000     2      -187.9386212090         0.0076387718         0.1771864940
       280    140.00000000     2      -187.9391284390         0.0075903503         0.1639526097
       281    140.50000000     2      -187.9387354900         0.0074960598         0.1566621777
       282    141.00000000     2      -187.9371852980         0.0073412061         0.1578158877
       283    141.50000000     2      -187.9347234420         0.0071399444         0.1657927646
       284    142.00000000     2      -187.9319555890         0.0069300584         0.1768018970
       285    142.50000000     2      -187.9295637850         0.0067577561         0.1878233433
       286    143.00000000     2      -187.9280706970         0.0066609432         0.1975953781
       287    143.50000000     2      -187.9277652650         0.0066599312         0.2060476907
       288    144.00000000     2      -187.9287771930         0.0067593072         0.2130312351
       289    144.50000000     2      -187.9311707280         0.0069537941         0.2170819755
       290    145.00000000     2      -187.9348721720         0.0072249768         0.2155411233
       291    145.50000000     2      -187.9393869780         0.0075278317         0.2068439003
       292    146.00000000     2      -187.9435829360         0.0077857696         0.1935680920
       293    146.50000000     2      -187.9459428110         0.0079106482         0.1832490717
       294    147.00000000     2      -187.9453226440         0.0078406066         0.1843086595
       295    147.50000000     2      -187.9417506660         0.0075761739         0.1978229374
       296    148.00000000     2      -187.9366308980         0.0071961458         0.2145935560
       297    148.50000000     2      -187.9319677920         0.0068310277         0.2232556207
       298    149.00000000     2      -187.9290635450         0.0065891971         0.2199589931
       299    149.50000000     2      -187.9278984690         0.0064934429         0.2102057240
       300    150.00000000     2      -187.9276590920         0.0064944569         0.2023143186
       301    150.50000000     2      -187.9275390490         0.0065280412         0.2004365246
       302    151.00000000     2      -187.9270705230         0.0065478406         0.2038812344
       303    151.50000000     2      -187.9261087200         0.0065295309         0.2101330071
       304    152.00000000     2      -187.9247667880         0.0064687652         0.2166797531
       305    152.50000000     2      -187.9233445690         0.0063786511         0.2214178632
       306    153.00000000     2      -187.9222062110         0.0062837378         0.2229424106
       307    153.50000000     2      -187.9216407650         0.0062111353         0.2210070329
       308    154.00000000     2      -187.9217992280         0.0061837868         0.2166246225
       309    154.50000000     2      -187.9227481230         0.0062197363         0.2112407678
       310    155.00000000     2      -187.9245589920         0.0063336459         0.2051673890
       311    155.50000000     2      -187.9272742330         0.0065303104         0.1965894675
       312    156.00000000     2      -187.9306604700         0.0067870380         0.1828711503
       313    156.50000000     2      -187.9339101930         0.0070405158         0.1641751505
       314    157.00000000     2      -187.9356556020         0.0071980756         0.1476175716
       315    157.50000000     2      -187.9345220600         0.0071736722         0.1477023913
       316    158.00000000     2      -187.9300293570         0.0069333331         0.1721858731
       317    158.50000000     2      -187.9232220070         0.0065311849         0.2088414848
       318    159.00000000     2      -187.9162797840         0.0061059815         0.2401150742
       319    159.50000000     2      -187.9111466340         0.0058109638         0.2580516791
       320    160.00000000     2      -187.9085053240         0.0057194349         0.2655950252
       321    160.50000000     2      -187.9080699510         0.0058090608         0.2688108366
       322    161.00000000     2      -187.9094040710         0.0060237595         0.2697083420
       323    161.50000000     2      -187.9121973120         0.0063134526         0.2664316066
       324    162.00000000     2      -187.9160583020         0.0066312196         0.2570893746
       325    162.50000000     2      -187.9203729890         0.0069295252         0.2419988761
       326    163.00000000     2      -187.9244291770         0.0071693457         0.2236809058
       327    163.50000000     2      -187.9276493120         0.0073298303         0.2058746909
       328    164.00000000     2      -187.9297423540         0.0074101055         0.1924341893
       329    164.50000000     2      -187.9307362960         0.0074256288         0.1860423020
       330    165.00000000     2      -187.9309423650         0.0074039459         0.1867494459
       331    165.50000000     2      -187.9308659800         0.0073797385         0.1916291357
       332    166.00000000     2      -187.9310210960         0.0073845166         0.1965750332
       333    166.50000000     2      -187.9316557540         0.0074300924         0.1988588756
       334    167.00000000     2      -187.9325270330         0.0074952477         0.1983920383
       335    167.50000000     2      -187.9328915910         0.0075272175         0.1974173943
       336    168.00000000     2      -187.9317734110         0.0074595056         0.1998484904
       337    168.50000000     2      -187.9284814490         0.0072408743         0.2096802013
       338    169.00000000     2      -187.9232131730         0.0068688978         0.2265474739
       339    169.50000000     2      -187.9172505470         0.0064098160         0.2432428050
       340    170.00000000     2      -187.9122805040         0.0059748167         0.2513900877
       341    170.50000000     2      -187.9092988570         0.0056523097         0.2492451319
       342    171.00000000     2      -187.9082571560         0.0054613312         0.2422912728
       343    171.50000000     2      -187.9086935940         0.0053806994         0.2368005384
       344    172.00000000     2      -187.9104148420         0.0054032074         0.2339892900
       345    172.50000000     2      -187.9135289970         0.0055397616         0.2300657892
       346    173.00000000     2      -187.9179615580         0.0057777063         0.2208610330
       347    173.50000000     2      -187.9230459780         0.0060553900         0.2061147822
       348    174.00000000     2      -187.9276650250         0.0062879829         0.1897314893
       349    174.50000000     2      -187.9308098290         0.0064122871         0.1767701198
       350    175.00000000     2      -187.9320395190         0.0064103637         0.1705834982
       351    175.50000000     2      -187.9315873460         0.0063097692         0.1717857009
       352    176.00000000     2      -187.9302207560         0.0061748259         0.1781752786
       353    176.50000000     2      -187.9289726410         0.0060909518         0.1852041406
       354    177.00000000     2      -187.9287344230         0.0061309803         0.1877774897
       355    177.50000000     2      -187.9297683460         0.0063085911         0.1831735593
       356    178.00000000     2      -187.9314150570         0.0065586665         0.1738737198
       357    178.50000000     2      -187.9323112050         0.0067714370         0.1689703258
       358    179.00000000     2      -187.9311535540         0.0068544781         0.1797110265
       359    179.50000000     2      -187.9276220110         0.0067838992         0.2067898078
       360    180.00000000     2      -187.9227402490         0.0066193601         0.2376811432
       361    180.50000000     2      -187.9181634680         0.0064630794         0.2594022519
       362    181.00000000     2      -187.9149280250         0.0063785298         0.2671682391
       363    181.50000000     2      -187.9128716230         0.0063419560         0.2632056891
       364    182.00000000     2      -187.9110101770         0.0062690412         0.2525506684
       365    182.50000000     2      -187.9080172790         0.0060664250         0.2456181385
       366    183.00000000     2      -187.9024892720         0.0056948069         0.2712759123
       367    183.50000000     2      -187.8968388750         0.0052765435         0.2843247825
       368    184.00000000     2      -187.8939190820         0.0050328462         0.2887027529
       369    184.50000000     2      -187.8947550560         0.0050897495         0.2855277688
       370    185.00000000     2      -187.8987010140         0.0053818561         0.2784723968
       371    185.50000000     2      -187.9042639570         0.0057461351         0.2731972632
       372    186.00000000     2      -187.9102715410         0.0060700662         0.2711364851
       373    186.50000000     2      -187.9163409530         0.0063264310         0.2684961822
       374    187.00000000     2      -187.9225231990         0.0065314184         0.2597959774
       375    187.50000000     2      -187.9286800380         0.0066958428         0.2410528202
       376    188.00000000     2      -187.9341545340         0.0068035148         0.2129882061
       377    188.50000000     2      -187.9380146000         0.0068221789         0.1855121075
       378    189.00000000     2      -187.9396570290         0.0067291166         0.1719650577
       379    189.50000000     2      -187.9391912300         0.0065327918         0.1759457823
       380    190.00000000     2      -187.9374327560         0.0062820771         0.1890672851
       381    190.50000000     2      -187.9354665770         0.0060494889         0.2006504553
       382    191.00000000     2      -187.9339951790         0.0058913416         0.2069451050
       383    191.50000000     2      -187.9331061800         0.0058243792         0.2105574494
       384    192.00000000     2      -187.9325299430         0.0058356519         0.2144444290
       385    192.50000000     2      -187.9317999440         0.0058903810         0.2201971603
       386    193.00000000     2      -187.9302094180         0.0059281905         0.2306694210
       387    193.50000000     2      -187.9270382850         0.0058800428         0.2492801947
       388    194.00000000     2      -187.9221727820         0.0057136357         0.2758860544
       389    194.50000000     2      -187.9166724140         0.0054827201         0.3045343437
       390    195.00000000     2      -187.9126501640         0.0053385074         0.3250482681
       391    195.50000000     2      -187.9121217150         0.0054397409         0.3283304145
       392    196.00000000     2      -187.9155350530         0.0057978113         0.3127178841
       393    196.50000000     2      -187.9214985740         0.0062689170         0.2848953668
       394    197.00000000     2      -187.9279693780         0.0067005320         0.2537786031
       395    197.50000000     2      -187.9334378460         0.0070173115         0.2248018738
       396    198.00000000     2      -187.9371351400         0.0072044942         0.2005995901
       397    198.50000000     2      -187.9387246160         0.0072686308         0.1846922911
       398    199.00000000     2      -187.9381583150         0.0072216174         0.1815830458
       399    199.50000000     2      -187.9357746450         0.0070860186         0.1922700745
       400    200.00000000     2      -187.9323608230         0.0069028218         0.2113260684
       401    200.50000000     2      -187.9289268340         0.0067235395         0.2302318503
       402    201.00000000     2      -187.9261984390         0.0065822019         0.2434855897
       403    201.50000000     2      -187.9243068910         0.0064765809         0.2517483581
       404    202.00000000     2      -187.9231585590         0.0063946436         0.2581170103
       405    202.50000000     2      -187.9230471730         0.0063580934         0.2611302597
       406    203.00000000     2      -187.9245143530         0.0064109997         0.2547544850
       407    203.50000000     2      -187.9274334870         0.0065500661         0.2363044472
       408    204.00000000     2      -187.9305001670         0.0066899327         0.2130884268
       409    204.50000000     2      -187.9319421320         0.0067184440         0.2017048972
       410    205.00000000     2      -187.9309345350         0.0065869982         0.2145152417
       411    205.50000000     2      -187.9285728480         0.0063721250         0.2421279792
       412    206.00000000     2      -187.9274196300         0.0062614092         0.2624000784
       413    206.50000000     2      -187.9295668240         0.0064164880         0.2610040760
       414    207.00000000     2      -187.9348921370         0.0068160482         0.2391041029
       415    207.50000000     2      -187.9412944420         0.0072913752         0.2083574142
       416    208.00000000     2      -187.9462692980         0.0076764092         0.1824364609
       417    208.50000000     2      -187.9481261360         0.0078791069         0.1719477671
       418    209.00000000     2      -187.9463884480         0.0078780093         0.1798369033
       419    209.50000000     2      -187.9417127810         0.0077048872         0.2002713911
       420    210.00000000     2      -187.9355621900         0.0074312271         0.2245848397
       421    210.50000000     2      -187.9296970780         0.0071503709         0.2453117622
       422    211.00000000     2      -187.9254930270         0.0069411125         0.2575648688
       423    211.50000000     2      -187.9233389400         0.0068225665         0.2612164610
       424    212.00000000     2      -187.9226664260         0.0067486278         0.2610584797
       425    212.50000000     2      -187.9227290610         0.0066616557         0.2620957928
       426    213.00000000     2      -187.9233849560         0.0065505306         0.2642920434
       427    213.50000000     2      -187.9251072970         0.0064561514         0.2632333074
       428    214.00000000     2      -187.9282909000         0.0064245227         0.2553684979
       429    214.50000000     2      -187.9324652060         0.0064525389         0.2406044603
       430    215.00000000     2      -187.9350398130         0.0064694886         0.1818260809
       431    215.50000000     2      -187.9344777360         0.0063961037         0.1522889067
       432    216.00000000     2      -187.9317389570         0.0062100567         0.1608326766
       433    216.50000000     2      -187.9278051930         0.0059742718         0.1882753296
       434    217.00000000     2      -187.9247483030         0.0058536497         0.2154068644
       435    217.50000000     2      -187.9246923250         0.0060194578         0.2276243964
       436    218.00000000     2      -187.9281785340         0.0064784971         0.2214779874
       437    218.50000000     2      -187.9336162690         0.0070545659         0.2048423611
       438    219.00000000     2      -187.9383641080         0.0075406072         0.1916889997
       439    219.50000000     2      -187.9403353820         0.0078102899         0.1933903327
       440    220.00000000     2      -187.9389650230         0.0078371535         0.2104987383
       441    220.50000000     2      -187.9352761200         0.0076773733         0.2336238677
       442    221.00000000     2      -187.9312251110         0.0074400511         0.2507338904
       443    221.50000000     2      -187.9285547170         0.0072346099         0.2530688828
       444    222.00000000     2      -187.9277472280         0.0071062726         0.2392970262
       445    222.50000000     2      -187.9279423160         0.0070182696         0.2162774076
       446    223.00000000     2      -187.9278967800         0.0069060575         0.1949431028
       447    223.50000000     2      -187.9270222680         0.0067437088         0.1832801426
       448    224.00000000     2      -187.9256561290         0.0065641517         0.1809174167
       449    224.50000000     2      -187.9245436620         0.0064277980         0.1813886674
       450    225.00000000     2      -187.9240339480         0.0063640319         0.1802984336
       451    225.50000000     2      -187.9236177040         0.0063322531         0.1811947760
       452    226.00000000     2      -187.9222474200         0.0062451941         0.1940558374
       453    226.50000000     2      -187.9193624500         0.0060454917         0.2238380723
       454    227.00000000     2      -187.9159247270         0.0057884024         0.2608922314
       455    227.50000000     2      -187.9143771210         0.0056630454         0.2870401089
       456    228.00000000     2      -187.9169407320         0.0058571900         0.2882714529
       457    228.50000000     2      -187.9234999880         0.0063412390         0.2639487963
       458    229.00000000     2      -187.9313887150         0.0068873275         0.2273939166
       459    229.50000000     2      -187.9373208970         0.0072767793         0.1980119215
       460    230.00000000     2      -187.9393658250         0.0074079334         0.1894946502
       461    230.50000000     2      -187.9375608340         0.0072892199         0.2006479611
       462    231.00000000     2      -187.9334413820         0.0070050036         0.2200128537
       463    231.50000000     2      -187.9291297470         0.0066807968         0.2366759897
       464    232.00000000     2      -187.9263381690         0.0064345521         0.2448811041
       465    232.50000000     2      -187.9256986030         0.0063209791         0.2446085398
       466    233.00000000     2      -187.9268290230         0.0063167765         0.2394801053
       467    233.50000000     2      -187.9289778260         0.0063648254         0.2327946479
       468    234.00000000     2      -187.9315993350         0.0064244262         0.2249460155
       469    234.50000000     2      -187.9344454420         0.0064822529         0.2141067065
       470    235.00000000     2      -187.9372961120         0.0065321554         0.1985755678
       471    235.50000000     2      -187.9396800360         0.0065527327         0.1787996508
       472    236.00000000     2      -187.9408471900         0.0065025026         0.1589347975
       473    236.50000000     2      -187.9400733780         0.0063376567         0.1478152762
       474    237.00000000     2      -187.9372183290         0.0060490975         0.1544739383
       475    237.50000000     2      -187.9332479520         0.0057096508         0.1763213057
       476    238.00000000     2      -187.9301740760         0.0054953159         0.1990298228
       477    238.50000000     2      -187.9299840460         0.0055970425         0.2095020438
       478    239.00000000     2      -187.9331008970         0.0060321492         0.2051233985
       479    239.50000000     2      -187.9378413170         0.0066097249         0.1953108254
       480    240.00000000     2      -187.9415096970         0.0071020874         0.1943538934
       481    240.50000000     2      -187.9420469220         0.0073717929         0.2095156603
       482    241.00000000     2      -187.9389974460         0.0073905328         0.2366452757
       483    241.50000000     2      -187.9335660850         0.0072202461         0.2657475893
       484    242.00000000     2      -187.9279491020         0.0069827717         0.2863302467
       485    242.50000000     2      -187.9241504360         0.0068035405         0.2912733455
       486    243.00000000     2      -187.9229322760         0.0067418666         0.2799964074
       487    243.50000000     2      -187.9237209650         0.0067707707         0.2579736236
       488    244.00000000     2      -187.9254026660         0.0068270877         0.2325301351
       489    244.50000000     2      -187.9271052840         0.0068663777         0.2088613454
       490    245.00000000     2      -187.9283896850         0.0068739671         0.1891833723
       491    245.50000000     2      -187.9290174530         0.0068461157         0.1745069095
       492    246.00000000     2      -187.9287124410         0.0067717733         0.1667838812
       493    246.50000000     2      -187.9271655010         0.0066313417         0.1691204133
       494    247.00000000     2      -187.9242964550         0.0064138365         0.1829578619
       495    247.50000000     2      -187.9206074570         0.0061446799         0.2051333069
       496    248.00000000     2      -187.9173508590         0.0059092002         0.2287040199
       497    248.50000000     2      -187.9162591930         0.0058429028         0.2455000103
       498    249.00000000     2      -187.9187524780         0.0060525696         0.2481085349
       499    249.50000000     2      -187.9249043100         0.0065083181         0.2330493192
       500    250.00000000     2      -187.9329765920         0.0070432238         0.2046888843
       501    250.50000000     2      -187.9402135780         0.0074671977         0.1758429889
       502    251.00000000     2      -187.9443939250         0.0076637192         0.1622227015
       503    251.50000000     2      -187.9449297620         0.0076181770         0.1686043733
       504    252.00000000     2      -187.9428475210         0.0074006372         0.1830125778
       505    252.50000000     2      -187.9398300170         0.0071214688         0.1922264259
       506    253.00000000     2      -187.9371185830         0.0068761407         0.1926981617
       507    253.50000000     2      -187.9351150980         0.0067118813         0.1887546714
       508    254.00000000     2      -187.9337247730         0.0066349215         0.1859978724
       509    254.50000000     2      -187.9327945170         0.0066344884         0.1866799421
       510    255.00000000     2      -187.9322336160         0.0066940302         0.1899529188
       511    255.50000000     2      -187.9319208380         0.0067895777         0.1942281181
       512    256.00000000     2      -187.9316171350         0.0068880819         0.1985535159
       513    256.50000000     2      -187.9309725670         0.0069510297         0.2029358593
       514    257.00000000     2      -187.9296294330         0.0069422543         0.2082328526
       515    257.50000000     2      -187.9274016140         0.0068384333         0.2155811114
       516    258.00000000     2      -187.9244721260         0.0066411874         0.2254398382
       517    258.50000000     2      -187.9215210660         0.0063896022         0.2367363313
       518    259.00000000     2      -187.9196962470         0.0061686743         0.2461067919
       519    259.50000000     2      -187.9202924520         0.0060930851         0.2476604978
       520    260.00000000     2      -187.9240189490         0.0062384081         0.2356591256
       521    260.50000000     2      -187.9302213030         0.0065630859         0.2098822568
       522    261.00000000     2      -187.9369109190         0.0069264689         0.1788651547
       523    261.50000000     2      -187.9418183970         0.0071870500         0.1582521655
       524    262.00000000     2      -187.9436333130         0.0072752329         0.1607169981
       525    262.50000000     2      -187.9425292200         0.0072060851         0.1813062316
       526    263.00000000     2      -187.9397350560         0.0070498418         0.2052672710
       527    263.50000000     2      -187.9366082870         0.0068833185         0.2238931622
       528    264.00000000     2      -187.9340035580         0.0067538465         0.2359962254
       529    264.50000000     2      -187.9322909000         0.0066779696         0.2428886069
       530    265.00000000     2      -187.9316446630         0.0066597514         0.2448632916
       531    265.50000000     2      -187.9321554580         0.0067000927         0.2412257121
       532    266.00000000     2      -187.9337473820         0.0067924919         0.2316565962
       533    266.50000000     2      -187.9360909490         0.0069174374         0.2169329439
       534    267.00000000     2      -187.9386046890         0.0070425129         0.1991529512
       535    267.50000000     2      -187.9405526380         0.0071279006         0.1819932167
       536    268.00000000     2      -187.9412372610         0.0071359861         0.1705027978
       537    268.50000000     2      -187.9402606410         0.0070438967         0.1691427495
       538    269.00000000     2      -187.9377599290         0.0068569243         0.1787674109
       539    269.50000000     2      -187.9345151470         0.0066211486         0.1958590621
       540    270.00000000     2      -187.9318455940         0.0064282990         0.2134350745
       541    270.50000000     2      -187.9311013590         0.0063850298         0.2226497431
       542    271.00000000     2      -187.9326932230         0.0065292606         0.2185017843
       543    271.50000000     2      -187.9354429740         0.0067747565         0.2067742335
       544    272.00000000     2      -187.9372793540         0.0069762184         0.2020216149
       545    272.50000000     2      -187.9368181370         0.0070403324         0.2121962254
       546    273.00000000     2      -187.9342122260         0.0069680759         0.2293650584
       547    273.50000000     2      -187.9306115870         0.0068202865         0.2421198754
       548    274.00000000     2      -187.9271391300         0.0066622134         0.2464259681
       549    274.50000000     2      -187.9244355040         0.0065362195         0.2440827114
       550    275.00000000     2      -187.9227772060         0.0064651380         0.2379221188
       551    275.50000000     2      -187.9222498730         0.0064599373         0.2299772982
       552    276.00000000     2      -187.9228148080         0.0065217934         0.2216850857
       553    276.50000000     2      -187.9243597800         0.0066445283         0.2138205940
       554    277.00000000     2      -187.9267360260         0.0068174928         0.2063354438
       555    277.50000000     2      -187.9297415500         0.0070255620         0.1988090436
       556    278.00000000     2      -187.9330889900         0.0072483411         0.1910968397
       557    278.50000000     2      -187.9364245830         0.0074624616         0.1834154531
       558    279.00000000     2      -187.9394012460         0.0076462605         0.1757751249
       559    279.50000000     2      -187.9417329240         0.0077824664         0.1677155664
       560    280.00000000     2      -187.9431862260         0.0078573947         0.1594871570
       561    280.50000000     2      -187.9435875600         0.0078617564         0.1536375353
       562    281.00000000     2      -187.9429394570         0.0077975141         0.1536004945
       563    281.50000000     2      -187.9415278910         0.0076838653         0.1597294154
       564    282.00000000     2      -187.9398151280         0.0075515025         0.1693233035
       565    282.50000000     2      -187.9382154130         0.0074295466         0.1796472002
       566    283.00000000     2      -187.9369898410         0.0073375123         0.1874400110
       567    283.50000000     2      -187.9361666010         0.0072785941         0.1887746603
       568    284.00000000     2      -187.9353948050         0.0072308703         0.1831716979
       569    284.50000000     2      -187.9340662240         0.0071554076         0.1754231699
       570    285.00000000     2      -187.9317951090         0.0070251607         0.1708935793
       571    285.50000000     2      -187.9287406810         0.0068455731         0.1705791875
       572    286.00000000     2      -187.9254674160         0.0066496053         0.1722513962
       573    286.50000000     2      -187.9226091610         0.0064797733         0.1740146137
       574    287.00000000     2      -187.9206540220         0.0063734855         0.1753828766
       575    287.50000000     2      -187.9198872190         0.0063550119         0.1766515597
       576    288.00000000     2      -187.9203981070         0.0064311209         0.1783466106
       577    288.50000000     2      -187.9221040800         0.0065902486         0.1809278544
       578    289.00000000     2      -187.9247897990         0.0068063564         0.1844096766
       579    289.50000000     2      -187.9281475020         0.0070450549         0.1881227859
       580    290.00000000     2      -187.9317909820         0.0072681282         0.1911875931
       581    290.50000000     2      -187.9352639660         0.0074369724         0.1933971576
       582    291.00000000     2      -187.9381155330         0.0075190462         0.1951229759
       583    291.50000000     2      -187.9400424860         0.0074972541         0.1961562121
       584    292.00000000     2      -187.9409749510         0.0073763169         0.1960153879
       585    292.50000000     2      -187.9410669630         0.0071839837         0.1958896949
       586    293.00000000     2      -187.9406902200         0.0069696268         0.1975001899
       587    293.50000000     2      -187.9403293050         0.0067911471         0.1995033018
       588    294.00000000     2      -187.9402039340         0.0066802131         0.1996297508
       589    294.50000000     2      -187.9400085410         0.0066166678         0.1993746038
       590    295.00000000     2      -187.9392322970         0.0065504472         0.2016260539
       591    295.50000000     2      -187.9376499110         0.0064432201         0.2062956188
       592    296.00000000     2      -187.9354005080         0.0062840378         0.2114823053
       593    296.50000000     2      -187.9327853150         0.0060828409         0.2159343050
       594    297.00000000     2      -187.9301291180         0.0058639052         0.2191943339
       595    297.50000000     2      -187.9277381180         0.0056625715         0.2210653743
       596    298.00000000     2      -187.9258748950         0.0055186363         0.2213189501
       597    298.50000000     2      -187.9247640590         0.0054655202         0.2191061204
       598    299.00000000     2      -187.9245941420         0.0055199389         0.2129638150
       599    299.50000000     2      -187.9254407320         0.0056766563         0.2020491241
       600    300.00000000     2      -187.9271750120         0.0059102070         0.1866569107
       601    300.50000000     2      -187.9294353020         0.0061818429         0.1684457265
       602    301.00000000     2      -187.9316806620         0.0064495134         0.1515862804
       603    301.50000000     2      -187.9333517070         0.0066801719         0.1430580697
       604    302.00000000     2      -187.9340868390         0.0068599787         0.1483188762
       605    302.50000000     2      -187.9338282750         0.0069945388         0.1659405418
       606    303.00000000     2      -187.9327651140         0.0070998090         0.1903755331
       607    303.50000000     2      -187.9312710380         0.0071944858         0.2156451091
       608    304.00000000     2      -187.9298288370         0.0072938734         0.2351181132
       609    304.50000000     2      -187.9287368520         0.0073963092         0.2442683220
       610    305.00000000     2      -187.9278624670         0.0074776700         0.2441865393
       611    305.50000000     2      -187.9268780570         0.0075115836         0.2394635781
       612    306.00000000     2      -187.9256522320         0.0074916214         0.2337394006
       613    306.50000000     2      -187.9242944690         0.0074301724         0.2286714944
       614    307.00000000     2      -187.9229962720         0.0073459579         0.2249439812
       615    307.50000000     2      -187.9219686590         0.0072589987         0.2224827039
       616    308.00000000     2      -187.9214615530         0.0071920636         0.2204160967
       617    308.50000000     2      -187.9217342350         0.0071691440         0.2176218548
       618    309.00000000     2      -187.9229582820         0.0072079484         0.2133713593
       619    309.50000000     2      -187.9251044210         0.0073101926         0.2076277664
       620    310.00000000     2      -187.9278562950         0.0074549122         0.2012619453
       621    310.50000000     2      -187.9305909220         0.0075988275         0.1965840664
       622    311.00000000     2      -187.9325014790         0.0076865694         0.1974736398
       623    311.50000000     2      -187.9329305500         0.0076708553         0.2068143492
       624    312.00000000     2      -187.9317846750         0.0075350195         0.2218235822
       625    312.50000000     2      -187.9296369380         0.0073011585         0.2341974247
       626    313.00000000     2      -187.9272824710         0.0070131071         0.2371459837
       627    313.50000000     2      -187.9252062470         0.0067124490         0.2309331737
       628    314.00000000     2      -187.9235658350         0.0064348531         0.2195620502
       629    314.50000000     2      -187.9223269980         0.0062076753         0.2044563852
       630    315.00000000     2      -187.9210302370         0.0060223515         0.1881757487
       631    315.50000000     2      -187.9188893410         0.0058340786         0.1796037913
       632    316.00000000     2      -187.9156353770         0.0056233848         0.1836200985
       633    316.50000000     2      -187.9119463480         0.0054390852         0.1938659465
       634    317.00000000     2      -187.9088622330         0.0053630896         0.2039052836
       635    317.50000000     2      -187.9071081050         0.0054459235         0.2123691568
       636    318.00000000     2      -187.9069448070         0.0056791997         0.2184156391
       637    318.50000000     2      -187.9082378550         0.0060089451         0.2205924111
       638    319.00000000     2      -187.9105279220         0.0063633871         0.2190024481
       639    319.50000000     2      -187.9131944340         0.0066783686         0.2153580432
       640    320.00000000     2      -187.9156621990         0.0069102949         0.2114048115
       641    320.50000000     2      -187.9175181750         0.0070362469         0.2083482181
       642    321.00000000     2      -187.9185737150         0.0070523173         0.2072271002
       643    321.50000000     2      -187.9189838350         0.0069801384         0.2082596749
       644    322.00000000     2      -187.9193452730         0.0068762885         0.2089330163
       645    322.50000000     2      -187.9204797550         0.0068214900         0.2041398158
       646    323.00000000     2      -187.9228066310         0.0068741278         0.1905714076
       647    323.50000000     2      -187.9258042350         0.0070225967         0.1724704440
       648    324.00000000     2      -187.9282405820         0.0071970058         0.1631964267
       649    324.50000000     2      -187.9291253530         0.0073327164         0.1732521587
       650    325.00000000     2      -187.9284138650         0.0074112665         0.1940842405
       651    325.50000000     2      -187.9266241340         0.0074370943         0.2103588970
       652    326.00000000     2      -187.9239550150         0.0073933995         0.2171969998
       653    326.50000000     2      -187.9201879070         0.0072437061         0.2184709556
       654    327.00000000     2      -187.9153016980         0.0069700211         0.2184437261
       655    327.50000000     2      -187.9098190620         0.0065959059         0.2186182597
       656    328.00000000     2      -187.9046600090         0.0061842842         0.2182477326
       657    328.50000000     2      -187.9008086570         0.0058229100         0.2148692070
       658    329.00000000     2      -187.8989389150         0.0055952509         0.2060933604
       659    329.50000000     2      -187.8991462040         0.0055409426         0.1918138071
       660    330.00000000     2      -187.9009637760         0.0056374486         0.1745098621
       661    330.50000000     2      -187.9036156100         0.0058217048         0.1581955139
       662    331.00000000     2      -187.9063066700         0.0060268837         0.1479054910
       663    331.50000000     2      -187.9084734320         0.0062089094         0.1489547751
       664    332.00000000     2      -187.9100387470         0.0063630144         0.1627416362
       665    332.50000000     2      -187.9115724170         0.0065288298         0.1825615701
       666    333.00000000     2      -187.9140187730         0.0067639661         0.1971314909
       667    333.50000000     2      -187.9178437590         0.0070822971         0.1990694302
       668    334.00000000     2      -187.9222750410         0.0074155299         0.1924511402
       669    334.50000000     2      -187.9257116660         0.0076589928         0.1927332712
       670    335.00000000     2      -187.9272428690         0.0077629876         0.2092453642
       671    335.50000000     2      -187.9276031080         0.0077738053         0.2299452126
       672    336.00000000     2      -187.9282413560         0.0077775177         0.2384179306
       673    336.50000000     2      -187.9296482900         0.0078074656         0.2313598804
       674    337.00000000     2      -187.9310520700         0.0078249324         0.2153049824
       675    337.50000000     2      -187.9313471030         0.0077712985         0.1973610441
       676    338.00000000     2      -187.9298186600         0.0076094313         0.1835636305
       677    338.50000000     2      -187.9263828280         0.0073360469         0.1794194513
       678    339.00000000     2      -187.9216568730         0.0069874413         0.1854756134
       679    339.50000000     2      -187.9167856480         0.0066375724         0.1955546536
       680    340.00000000     2      -187.9129360560         0.0063737155         0.2022466405
       681    340.50000000     2      -187.9107145140         0.0062510775         0.2021742418
       682    341.00000000     2      -187.9099090470         0.0062591537         0.1974180239
       683    341.50000000     2      -187.9097473100         0.0063364346         0.1940579390
       684    342.00000000     2      -187.9095054510         0.0064225951         0.1980655622
       685    342.50000000     2      -187.9090839380         0.0065037470         0.2098862034
       686    343.00000000     2      -187.9091454350         0.0066192223         0.2230253899
       687    343.50000000     2      -187.9105866460         0.0068191560         0.2287009451
       688    344.00000000     2      -187.9135736540         0.0070960601         0.2220718926
       689    344.50000000     2      -187.9169291430         0.0073563147         0.2069498408
       690    345.00000000     2      -187.9186600770         0.0074709811         0.1970977284
       691    345.50000000     2      -187.9175267140         0.0073676957         0.2064738236
       692    346.00000000     2      -187.9144139880         0.0071003197         0.2297877580
       693    346.50000000     2      -187.9119610010         0.0068393041         0.2463064023
       694    347.00000000     2      -187.9123600270         0.0067479432         0.2421032030
       695    347.50000000     2      -187.9155500800         0.0068396381         0.2190854982
       696    348.00000000     2      -187.9196963240         0.0069944495         0.1890248412
       697    348.50000000     2      -187.9229113030         0.0070899979         0.1639894487
       698    349.00000000     2      -187.9243178710         0.0070755298         0.1506360181
       699    349.50000000     2      -187.9240788890         0.0069679206         0.1486033702
       700    350.00000000     2      -187.9229474510         0.0068227290         0.1531370709
       701    350.50000000     2      -187.9217845980         0.0067054566         0.1595875837
       702    351.00000000     2      -187.9212212360         0.0066669573         0.1656654230
       703    351.50000000     2      -187.9215185410         0.0067278891         0.1715324718
       704    352.00000000     2      -187.9226415530         0.0068804823         0.1788024413
       705    352.50000000     2      -187.9244949200         0.0071063542         0.1883734735
       706    353.00000000     2      -187.9271395860         0.0073932259         0.1980343773
       707    353.50000000     2      -187.9307288060         0.0077313046         0.2024110408
       708    354.00000000     2      -187.9350656810         0.0080890521         0.1961822224
       709    354.50000000     2      -187.9390978970         0.0083927787         0.1786738408
       710    355.00000000     2      -187.9409248840         0.0085352807         0.1580574528
       711    355.50000000     2      -187.9385972260         0.0084127511         0.1528889990
       712    356.00000000     2      -187.9314071760         0.0079744253         0.1775032704
       713    356.50000000     2      -187.9209550790         0.0072765283         0.2198536765
       714    357.00000000     2      -187.9109789080         0.0065205685         0.2550109854
       715    357.50000000     2      -187.9052888660         0.0060011086         0.2655085867
       716    358.00000000     2      -187.9051472530         0.0058944890         0.2495432191
       717    358.50000000     2      -187.9087927990         0.0060949432         0.2189364486
       718    359.00000000     2      -187.9133679420         0.0063664706         0.1891614257
       719    359.50000000     2      -187.9168405780         0.0065512922         0.1702661655
       720    360.00000000     2      -187.9185002240         0.0066029457         0.1639806242
       721    360.50000000     2      -187.9185298520         0.0065387522         0.1669235271
       722    361.00000000     2      -187.9175009230         0.0064020660         0.1755025468
       723    361.50000000     2      -187.9161368450         0.0062495798         0.1876617753
       724    362.00000000     2      -187.9152761850         0.0061508148         0.2017698653
       725    362.50000000     2      -187.9158170420         0.0061792933         0.2153936876
       726    363.00000000     2      -187.9185019650         0.0063841629         0.2255927071
       727    363.50000000     2      -187.9236323510         0.0067610909         0.2298733868
       728    364.00000000     2      -187.9308912730         0.0072512311         0.2264167932
       729    364.50000000     2      -187.9392847560         0.0077620130         0.2147224921
       730    365.00000000     2      -187.9471928010         0.0081875071         0.1977795442
       731    365.50000000     2      -187.9527007690         0.0084259782         0.1836491654
       732    366.00000000     2      -187.9542529150         0.0083981541         0.1835250134
       733    366.50000000     2      -187.9513747100         0.0080660638         0.2040216481
       734    367.00000000     2      -187.9451179700         0.0074575066         0.2366567516
       735    367.50000000     2      -187.9373334320         0.0066888080         0.2574361198
       736    368.00000000     2      -187.9297445700         0.0059959176         0.2780425745
       737    368.50000000     2      -187.9264871120         0.0056679917         0.2671645442
       738    369.00000000     2      -187.9277977990         0.0057585772         0.2332164136
       739    369.50000000     2      -187.9307115690         0.0060386779         0.1969158433
       740    370.00000000     2      -187.9324380250         0.0062803482         0.1752777263
       741    370.50000000     2      -187.9317603120         0.0063875713         0.1720719312
       742    371.00000000     2      -187.9286884740         0.0063523082         0.1805905674
       743    371.50000000     2      -187.9236898940         0.0061935395         0.1953166199
       744    372.00000000     2      -187.9173863080         0.0059405016         0.2155393776
       745    372.50000000     2      -187.9108119760         0.0056616449         0.2408343605
       746    373.00000000     2      -187.9057629050         0.0055060044         0.2659817132
       747    373.50000000     2      -187.9044884690         0.0056692395         0.2816606022
       748    374.00000000     2      -187.9084794490         0.0062312727         0.2808799998
       749    374.50000000     2      -187.9173225530         0.0070606956         0.2639741125
       750    375.00000000     2      -187.9288038640         0.0079347452         0.2373812617
       751    375.50000000     2      -187.9400707470         0.0086766942         0.2095420836
       752    376.00000000     2      -187.9488011180         0.0091927548         0.1880465819
       753    376.50000000     2      -187.9537979420         0.0094575115         0.1774448694
       754    377.00000000     2      -187.9550346430         0.0094925457         0.1777465883
       755    377.50000000     2      -187.9534188150         0.0093526616         0.1856969216
       756    378.00000000     2      -187.9505165150         0.0091213575         0.1963072450
       757    378.50000000     2      -187.9481712170         0.0089017165         0.2024080367
       758    379.00000000     2      -187.9477298460         0.0087785894         0.1973096818
       759    379.50000000     2      -187.9491921460         0.0087655958         0.1812408873
       760    380.00000000     2      -187.9512640680         0.0088005059         0.1631032047
       761    380.50000000     2      -187.9523945150         0.0088014491         0.1531064560
       762    381.00000000     2      -187.9509956870         0.0086508148         0.2322929415
       763    381.50000000     2      -187.9452379790         0.0083388127         0.2389091025
       764    382.00000000     2      -187.9383878840         0.0079299406         0.2454369340
       765    382.50000000     2      -187.9305385050         0.0074155418         0.2534814274
       766    383.00000000     2      -187.9219741490         0.0067968806         0.2651223343
       767    383.50000000     2      -187.9137518400         0.0061394552         0.2797966284
       768    384.00000000     2      -187.9079713830         0.0056321418         0.2904526010
       769    384.50000000     2      -187.9069671480         0.0055389659         0.2879831903
       770    385.00000000     2      -187.9116723000         0.0059523654         0.2686525572
       771    385.50000000     2      -187.9205776670         0.0066607911         0.2370837884
       772    386.00000000     2      -187.9304719650         0.0073655503         0.2054231701
       773    386.50000000     2      -187.9382957280         0.0078755453         0.1875615074
       774    387.00000000     2      -187.9424826630         0.0081288701         0.1892387336
       775    387.50000000     2      -187.9431174000         0.0081482760         0.2029239796
       776    388.00000000     2      -187.9412002490         0.0079891119         0.2182171150
       777    388.50000000     2      -187.9378271560         0.0077041523         0.2318967323
       778    389.00000000     2      -187.9340607710         0.0073481905         0.2445753067
       779    389.50000000     2      -187.9312158260         0.0070047349         0.2520895557
       780    390.00000000     2      -187.9304804030         0.0067694098         0.2470606326
       781    390.50000000     2      -187.9319687760         0.0066790161         0.2284408602
       782    391.00000000     2      -187.9345917710         0.0066829990         0.2039639920
       783    391.50000000     2      -187.9369951120         0.0067022777         0.1831217203
       784    392.00000000     2      -187.9383525640         0.0066882474         0.1701673006
       785    392.50000000     2      -187.9383647210         0.0066252678         0.1644186348
       786    393.00000000     2      -187.9369062200         0.0065072394         0.1654545952
       787    393.50000000     2      -187.9339184830         0.0063304899         0.1757093968
       788    394.00000000     2      -187.9297372240         0.0061181819         0.1967566169
       789    394.50000000     2      -187.9255589660         0.0059591280         0.2232547891
       790    395.00000000     2      -187.9233509340         0.0060009409         0.2430761025
       791    395.50000000     2      -187.9246905850         0.0063352251         0.2448802361
       792    396.00000000     2      -187.9292548830         0.0068747128         0.2268788887
       793    396.50000000     2      -187.9346429380         0.0074081719         0.2002091641
       794    397.00000000     2      -187.9379815260         0.0077544784         0.1837044220
       795    397.50000000     2      -187.9378070070         0.0078463669         0.1880604520
       796    398.00000000     2      -187.9346792270         0.0077266655         0.2033284362
       797    398.50000000     2      -187.9302785810         0.0074942671         0.2132727532
       798    399.00000000     2      -187.9260019770         0.0072382277         0.2128140988
       799    399.50000000     2      -187.9225181350         0.0070162054         0.2075429404
       800    400.00000000     2      -187.9203608790         0.0068846747         0.2013617804
