-1.880392826910000110e+02 -1.879066596749999860e+02
-1.880530940550000025e+02 -1.879222263780000048e+02
-1.880544934829999875e+02 -1.879258124179999925e+02
-1.880489190860000122e+02 -1.879224383099999898e+02
-1.880425294069999893e+02 -1.879179438589999904e+02
-1.880394697819999976e+02 -1.879163149299999986e+02
-1.880384781200000077e+02 -1.879162982059999933e+02
-1.880312320079999893e+02 -1.879097361039999896e+02
-1.880163851309999927e+02 -1.878955020800000000e+02
-1.880053798900000004e+02 -1.878851464280000130e+02
-1.880101499190000141e+02 -1.878905454060000011e+02
-1.880293698199999994e+02 -1.879101948599999901e+02
-1.880429474130000074e+02 -1.879238023400000088e+02
-1.880441388319999874e+02 -1.879245925719999946e+02
-1.880397899019999954e+02 -1.879195011969999882e+02
-1.880375446550000049e+02 -1.879163224460000094e+02
-1.880409123999999963e+02 -1.879188075499999968e+02
-1.880443191699999943e+02 -1.879216522170000019e+02
-1.880384306580000100e+02 -1.879156962410000062e+02
-1.880245735579999860e+02 -1.879023820200000046e+02
-1.880190388340000140e+02 -1.878981855419999931e+02
-1.880282809210000039e+02 -1.879097475570000029e+02
-1.880381389460000037e+02 -1.879229393759999880e+02
-1.880349680449999994e+02 -1.879239102100000025e+02
-1.880232035919999873e+02 -1.879166803340000058e+02
-1.880139368909999860e+02 -1.879118451459999903e+02
-1.880117658460000030e+02 -1.879135652340000036e+02
-1.880129262920000031e+02 -1.879178447550000044e+02
-1.880102826069999935e+02 -1.879176382290000049e+02
-1.880003562400000021e+02 -1.879097873759999970e+02
-1.879919149499999946e+02 -1.879033141179999973e+02
-1.879941200840000022e+02 -1.879073779500000114e+02
-1.880066361519999987e+02 -1.879215269960000114e+02
-1.880163437530000010e+02 -1.879326259089999951e+02
-1.880113918220000073e+02 -1.879289100270000006e+02
-1.880003112969999961e+02 -1.879189437519999899e+02
-1.879948637450000035e+02 -1.879144263659999865e+02
-1.879962603550000040e+02 -1.879165263680000066e+02
-1.879989145440000016e+02 -1.879197312189999991e+02
-1.879954925240000136e+02 -1.879169151540000087e+02
-1.879841423070000133e+02 -1.879065338409999981e+02
-1.879788282549999963e+02 -1.879029258109999887e+02
-1.879906581220000135e+02 -1.879175282930000037e+02
-1.880063802999999893e+02 -1.879371339710000086e+02
-1.880075317110000128e+02 -1.879430292520000023e+02
-1.879975013389999958e+02 -1.879383633420000024e+02
-1.879872308280000084e+02 -1.879340462989999878e+02
-1.879794016630000044e+02 -1.879328604339999913e+02
-1.879740923829999986e+02 -1.879349448979999977e+02
-1.879687153339999952e+02 -1.879376961309999956e+02
-1.879566906830000050e+02 -1.879344465979999939e+02
-1.879400342490000071e+02 -1.879263987580000048e+02
-1.879360539040000049e+02 -1.879258883649999916e+02
-1.879528797739999959e+02 -1.879373159460000124e+02
-1.879729265340000097e+02 -1.879501284970000086e+02
-1.879781864869999879e+02 -1.879483756429999914e+02
-1.879734000980000133e+02 -1.879369075360000068e+02
-1.879699026659999959e+02 -1.879272534309999969e+02
-1.879717230560000019e+02 -1.879237526750000029e+02
-1.879784428320000131e+02 -1.879262720570000056e+02
-1.879847357769999974e+02 -1.879296641729999919e+02
-1.879833718179999948e+02 -1.879266806910000014e+02
-1.879772459689999948e+02 -1.879198751810000090e+02
-1.879776403580000022e+02 -1.879198479659999919e+02
-1.879909545939999873e+02 -1.879323446610000019e+02
-1.880049280519999968e+02 -1.879449263809999877e+02
-1.880081589019999910e+02 -1.879464724869999941e+02
-1.880042800450000016e+02 -1.879409804160000022e+02
-1.879981931380000049e+02 -1.879335482630000058e+02
-1.879949504100000013e+02 -1.879292401840000082e+02
-1.879967562260000022e+02 -1.879301124650000077e+02
-1.879998640299999977e+02 -1.879321447910000131e+02
-1.880010375299999907e+02 -1.879318342150000092e+02
-1.880015613140000141e+02 -1.879304323629999942e+02
-1.880044658779999907e+02 -1.879311627740000006e+02
-1.880143804059999866e+02 -1.879387067430000116e+02
-1.880251592680000101e+02 -1.879467665029999921e+02
-1.880284359119999920e+02 -1.879470142590000137e+02
-1.880240535229999921e+02 -1.879396396449999997e+02
-1.880180122989999916e+02 -1.879311058790000004e+02
-1.880173218259999999e+02 -1.879288371719999873e+02
-1.880225870019999945e+02 -1.879337128189999930e+02
-1.880282922989999861e+02 -1.879403216679999957e+02
-1.880302264759999957e+02 -1.879443642489999888e+02
-1.880256964419999974e+02 -1.879428148000000078e+02
-1.880167189189999988e+02 -1.879372543409999992e+02
-1.880108628170000031e+02 -1.879349687159999860e+02
-1.880072653459999970e+02 -1.879349252719999868e+02
-1.879993924430000050e+02 -1.879303250350000098e+02
-1.879874864600000137e+02 -1.879210440530000028e+02
-1.879794804960000079e+02 -1.879147058149999907e+02
-1.879807391209999992e+02 -1.879165396020000003e+02
-1.879894659279999871e+02 -1.879248035990000005e+02
-1.880014065880000089e+02 -1.879354190589999973e+02
-1.880112828160000049e+02 -1.879432733689999964e+02
-1.880121658570000136e+02 -1.879414660580000032e+02
-1.880094981290000078e+02 -1.879353370320000067e+02
-1.880143270449999875e+02 -1.879359358840000027e+02
-1.880205354640000053e+02 -1.879374488130000032e+02
-1.880182142680000084e+02 -1.879304203320000113e+02
-1.880116796050000119e+02 -1.879195778829999881e+02
-1.880097521259999951e+02 -1.879140716020000070e+02
-1.880145653680000066e+02 -1.879162795930000129e+02
-1.880233458840000083e+02 -1.879235646049999957e+02
-1.880323808089999886e+02 -1.879321827569999925e+02
-1.880340499369999918e+02 -1.879342557070000055e+02
-1.880273793739999917e+02 -1.879284649440000123e+02
-1.880253919170000074e+02 -1.879276677329999927e+02
-1.880321913989999985e+02 -1.879359730420000005e+02
-1.880354223900000079e+02 -1.879409939169999859e+02
-1.880304540729999871e+02 -1.879379623949999996e+02
-1.880247029589999954e+02 -1.879341073040000083e+02
-1.880239085409999973e+02 -1.879349967889999959e+02
-1.880275107429999935e+02 -1.879399435079999989e+02
-1.880330948490000083e+02 -1.879464420740000037e+02
-1.880354027010000095e+02 -1.879491754629999889e+02
-1.880266635799999904e+02 -1.879403201490000015e+02
-1.880133074020000095e+02 -1.879261902149999912e+02
-1.880112209110000094e+02 -1.879225521939999908e+02
-1.880183565849999923e+02 -1.879274053599999945e+02
-1.880216059230000099e+02 -1.879279320439999879e+02
-1.880199900309999919e+02 -1.879236772110000118e+02
-1.880201470490000020e+02 -1.879219027679999954e+02
-1.880252550600000063e+02 -1.879263155149999989e+02
-1.880349641569999903e+02 -1.879368606900000032e+02
-1.880458692679999899e+02 -1.879501173909999920e+02
-1.880475485039999910e+02 -1.879552996109999867e+02
-1.880356721510000000e+02 -1.879473998109999968e+02
-1.880205131289999940e+02 -1.879359047990000136e+02
-1.880110051849999877e+02 -1.879292379160000053e+02
-1.880057003880000082e+02 -1.879259773119999863e+02
-1.879995014499999968e+02 -1.879214477069999987e+02
-1.879931751489999954e+02 -1.879169386099999883e+02
-1.879902658990000077e+02 -1.879164297659999932e+02
-1.879920681490000050e+02 -1.879214554110000108e+02
-1.879982657019999976e+02 -1.879316712920000043e+02
-1.880036542290000057e+02 -1.879416047480000032e+02
-1.879999990359999913e+02 -1.879426668449999909e+02
-1.879911825860000079e+02 -1.879385299840000130e+02
-1.879858018669999922e+02 -1.879378644379999912e+02
-1.879821950209999954e+02 -1.879391284390000010e+02
-1.879753545819999943e+02 -1.879371852980000028e+02
-1.879654443059999949e+02 -1.879319555890000117e+02
-1.879572070179999912e+02 -1.879280706970000097e+02
-1.879539328969999872e+02 -1.879287771930000019e+02
-1.879566543669999987e+02 -1.879348721720000128e+02
-1.879631932359999951e+02 -1.879435829360000128e+02
-1.879647723610000014e+02 -1.879453226439999867e+02
-1.879583965790000093e+02 -1.879366308980000042e+02
-1.879551884230000098e+02 -1.879290635449999911e+02
-1.879590040459999898e+02 -1.879276590919999990e+02
-1.879634342539999921e+02 -1.879270705229999976e+02
-1.879655136460000051e+02 -1.879247667879999995e+02
-1.879665466300000105e+02 -1.879222062110000024e+02
-1.879689940190000073e+02 -1.879217992279999976e+02
-1.879743079449999925e+02 -1.879245589919999873e+02
-1.879830166559999896e+02 -1.879306604699999923e+02
-1.879907093060000136e+02 -1.879356556019999971e+02
-1.879877176050000003e+02 -1.879300293569999951e+02
-1.879763290710000092e+02 -1.879162797840000110e+02
-1.879704294180000090e+02 -1.879085053240000036e+02
-1.879724906259999955e+02 -1.879094040710000115e+02
-1.879794706860000133e+02 -1.879160583020000104e+02
-1.879874211949999960e+02 -1.879244291770000075e+02
-1.879917997839999941e+02 -1.879297423540000125e+02
-1.879917972130000123e+02 -1.879309423649999928e+02
-1.879905988650000097e+02 -1.879310210959999949e+02
-1.879908963320000055e+02 -1.879325270330000137e+02
-1.879891373650000048e+02 -1.879317734109999947e+02
-1.879798868739999875e+02 -1.879232131729999935e+02
-1.879684953800000073e+02 -1.879122805039999946e+02
-1.879639061130000073e+02 -1.879082571559999906e+02
-1.879650598769999874e+02 -1.879104148419999945e+02
-1.879709365790000106e+02 -1.879179615580000018e+02
-1.879781404830000042e+02 -1.879276650250000102e+02
-1.879791598330000113e+02 -1.879320395189999999e+02
-1.879732407379999870e+02 -1.879302207560000113e+02
-1.879670672620000005e+02 -1.879287344230000087e+02
-1.879645965429999990e+02 -1.879314150570000095e+02
-1.879587163479999958e+02 -1.879311535539999909e+02
-1.879440297659999999e+02 -1.879227402489999861e+02
-1.879290812220000078e+02 -1.879149280249999947e+02
-1.879174662300000023e+02 -1.879110101770000085e+02
-1.879070905869999990e+02 -1.879024892719999968e+02
-1.879038739689999886e+02 -1.878939190819999965e+02
-1.879113968430000057e+02 -1.878987010140000109e+02
-1.879228091260000042e+02 -1.879102715409999860e+02
-1.879330577329999983e+02 -1.879225231990000111e+02
-1.879434335789999864e+02 -1.879341545339999868e+02
-1.879516373890000125e+02 -1.879396570289999886e+02
-1.879548042250000037e+02 -1.879374327559999927e+02
-1.879572875529999862e+02 -1.879339951789999930e+02
-1.879616345450000097e+02 -1.879325299429999916e+02
-1.879650608599999941e+02 -1.879302094180000040e+02
-1.879625279789999865e+02 -1.879221727819999899e+02
-1.879574580819999881e+02 -1.879126501640000129e+02
-1.879627130380000040e+02 -1.879155350530000135e+02
-1.879751478070000132e+02 -1.879279693780000002e+02
-1.879826312989999906e+02 -1.879371351400000094e+02
-1.879812970129999883e+02 -1.879381583150000097e+02
-1.879732626029999949e+02 -1.879323608230000104e+02
-1.879653772009999955e+02 -1.879261984389999895e+02
-1.879611455909999904e+02 -1.879231585590000009e+02
-1.879615540510000073e+02 -1.879245143530000064e+02
-1.879664137450000112e+02 -1.879305001669999911e+02
-1.879652452029999949e+02 -1.879309345350000058e+02
-1.879596477800000116e+02 -1.879274196300000028e+02
-1.879648668099999895e+02 -1.879348921369999914e+02
-1.879741207810000105e+02 -1.879462692980000043e+02
-1.879721167209999919e+02 -1.879463884479999933e+02
-1.879588976349999996e+02 -1.879355621900000131e+02
-1.879459853440000074e+02 -1.879254930269999875e+02
-1.879395985209999935e+02 -1.879226664260000064e+02
-1.879356642269999895e+02 -1.879233849560000067e+02
-1.879345524020000084e+02 -1.879282909000000075e+02
-1.879381803740000123e+02 -1.879350398130000031e+02
-1.879422859729999971e+02 -1.879317389569999932e+02
-1.879428827639999895e+02 -1.879247483030000012e+02
-1.879531567930000051e+02 -1.879281785340000113e+02
-1.879693369109999992e+02 -1.879383641080000018e+02
-1.879750919090000139e+02 -1.879389650230000086e+02
-1.879715651280000088e+02 -1.879312251110000034e+02
-1.879711197329999948e+02 -1.879277472279999870e+02
-1.879728959480000015e+02 -1.879278967799999975e+02
-1.879708630430000085e+02 -1.879256561290000036e+02
-1.879683217550000052e+02 -1.879240339479999875e+02
-1.879650391300000081e+02 -1.879222474199999908e+02
-1.879573696180000013e+02 -1.879159247270000037e+02
-1.879580338510000104e+02 -1.879169407320000005e+02
-1.879738710540000000e+02 -1.879313887149999971e+02
-1.879851290469999867e+02 -1.879393658250000101e+02
-1.879838484949999895e+02 -1.879334413820000123e+02
-1.879820900740000127e+02 -1.879263381689999903e+02
-1.879881636720000131e+02 -1.879268290230000105e+02
-1.879984655970000063e+02 -1.879315993349999871e+02
-1.880095272570000020e+02 -1.879372961120000127e+02
-1.880183665319999875e+02 -1.879408471899999995e+02
-1.880201444960000003e+02 -1.879372183289999896e+02
-1.880186886529999981e+02 -1.879301740759999859e+02
-1.880271428409999999e+02 -1.879331008970000028e+02
-1.880405516579999983e+02 -1.879415096969999865e+02
-1.880420523610000032e+02 -1.879389974460000019e+02
-1.880337164149999865e+02 -1.879279491020000137e+02
-1.880299588110000002e+02 -1.879229322760000116e+02
-1.880322866729999873e+02 -1.879254026659999965e+02
-1.880340260540000088e+02 -1.879283896850000133e+02
-1.880324428620000106e+02 -1.879287124409999876e+02
-1.880258819109999990e+02 -1.879242964549999897e+02
-1.880168515199999888e+02 -1.879173508590000097e+02
-1.880164556869999899e+02 -1.879187524779999876e+02
-1.880293525799999941e+02 -1.879329765919999886e+02
-1.880399949000000106e+02 -1.879443939250000142e+02
-1.880382178600000032e+02 -1.879428475210000045e+02
-1.880327339750000135e+02 -1.879371185830000002e+02
-1.880298787700000105e+02 -1.879337247729999945e+02
-1.880289797830000111e+02 -1.879322336159999907e+02
-1.880289172070000063e+02 -1.879316171350000104e+02
-1.880276140370000064e+02 -1.879296294330000023e+02
-1.880236054359999969e+02 -1.879244721260000119e+02
-1.880206911880000007e+02 -1.879196962469999903e+02
-1.880275001249999889e+02 -1.879240189489999864e+02
-1.880430609020000077e+02 -1.879369109190000131e+02
-1.880520997520000037e+02 -1.879436333129999923e+02
-1.880497268080000026e+02 -1.879397350559999893e+02
-1.880443224720000046e+02 -1.879340035580000006e+02
-1.880407245650000050e+02 -1.879316446629999859e+02
-1.880398738819999949e+02 -1.879337473820000071e+02
-1.880402520620000075e+02 -1.879386046889999875e+02
-1.880373643389999927e+02 -1.879412372609999977e+02
-1.880279597809999927e+02 -1.879377599290000092e+02
-1.880162620289999893e+02 -1.879318455940000092e+02
-1.880116999749999991e+02 -1.879326932230000011e+02
-1.880111525320000112e+02 -1.879372793539999975e+02
-1.880031214070000090e+02 -1.879342122259999996e+02
-1.879913893069999915e+02 -1.879271391300000005e+02
-1.879829468210000130e+02 -1.879227772060000063e+02
-1.879796913959999927e+02 -1.879228148079999983e+02
-1.879812017250000054e+02 -1.879267360259999862e+02
-1.879860681360000001e+02 -1.879330889899999875e+02
-1.879918529910000018e+02 -1.879394012459999885e+02
-1.879960368469999992e+02 -1.879431862259999946e+02
-1.879969047909999915e+02 -1.879429394569999943e+02
-1.879952405610000028e+02 -1.879398151279999922e+02
-1.879938489710000056e+02 -1.879369898410000133e+02
-1.879933964950000131e+02 -1.879353948049999872e+02
-1.879904706439999984e+02 -1.879317951090000065e+02
-1.879842191040000046e+02 -1.879254674160000036e+02
-1.879787864490000118e+02 -1.879206540220000079e+02
-1.879771488179999892e+02 -1.879203981070000111e+02
-1.879793880139999942e+02 -1.879247897989999956e+02
-1.879835262439999894e+02 -1.879317909819999954e+02
-1.879863579629999890e+02 -1.879381155330000013e+02
-1.879851510789999907e+02 -1.879409749509999870e+02
-1.879803284589999919e+02 -1.879406902199999934e+02
-1.879750397809999924e+02 -1.879402039340000101e+02
-1.879690215429999967e+02 -1.879392322969999896e+02
-1.879596448929999895e+02 -1.879354005079999865e+02
-1.879489922850000028e+02 -1.879301291179999964e+02
-1.879417989990000137e+02 -1.879258748949999926e+02
-1.879415428920000011e+02 -1.879245941419999895e+02
