         0         0.0000000000      -188.0392826910      -187.9066596750      -187.9066596750
         1         0.5000000000      -188.0476300560      -187.9158042930      -187.9158042930
         2         1.0000000000      -188.0530940550      -187.9222263780      -187.9222263780
         3         1.5000000000      -188.0551562810      -187.9253551040      -187.9253551040
         4         2.0000000000      -188.0544934830      -187.9258124180      -187.9258124180
         5         2.5000000000      -188.0521255070      -187.9245662550      -187.9245662550
         6         3.0000000000      -188.0489190860      -187.9224383100      -187.9224383100
         7         3.5000000000      -188.0455284200      -187.9200472630      -187.9200472630
         8         4.0000000000      -188.0425294070      -187.9179438590      -187.9179438590
         9         4.5000000000      -188.0404401490      -187.9166314620      -187.9166314620
        10         5.0000000000      -188.0394697820      -187.9163149300      -187.9163149300
        11         5.5000000000      -188.0391815440      -187.9165639320      -187.9165639320
        12         6.0000000000      -188.0384781200      -187.9162982060      -187.9162982060
        13         6.5000000000      -188.0360801960      -187.9142641750      -187.9142641750
        14         7.0000000000      -188.0312320080      -187.9097361040      -187.9097361040
        15         7.5000000000      -188.0242202260      -187.9030286840      -187.9030286840
        16         8.0000000000      -188.0163851310      -187.8955020800      -187.8955020800
        17         8.5000000000      -188.0095488510      -187.8889863700      -187.8889863700
        18         9.0000000000      -188.0053798900      -187.8851464280      -187.8851464280
        19         9.5000000000      -188.0052907740      -187.8853828610      -187.8853828610
        20        10.0000000000      -188.0101499190      -187.8905454060      -187.8905454060
        21        10.5000000000      -188.0191187560      -187.8997688150      -187.8997688150
        22        11.0000000000      -188.0293698200      -187.9101948600      -187.9101948600
        23        11.5000000000      -188.0378355600      -187.9187320270      -187.9187320270
        24        12.0000000000      -188.0429474130      -187.9238023400      -187.9238023400
        25        12.5000000000      -188.0447569020      -187.9254608110      -187.9254608110
        26        13.0000000000      -188.0441388320      -187.9245925720      -187.9245925720
        27        13.5000000000      -188.0421458920      -187.9222634960      -187.9222634960
        28        14.0000000000      -188.0397899020      -187.9195011970      -187.9195011970
        29        14.5000000000      -188.0380098700      -187.9172653600      -187.9172653600
        30        15.0000000000      -188.0375446550      -187.9163224460      -187.9163224460
        31        15.5000000000      -188.0386559990      -187.9169681570      -187.9169681570
        32        16.0000000000      -188.0409124000      -187.9188075500      -187.9188075500
        33        16.5000000000      -188.0432538240      -187.9208140160      -187.9208140160
        34        17.0000000000      -188.0443191700      -187.9216522170      -187.9216522170
        35        17.5000000000      -188.0428914940      -187.9201222900      -187.9201222900
        36        18.0000000000      -188.0384306580      -187.9156962410      -187.9156962410
        37        18.5000000000      -188.0316359830      -187.9090871890      -187.9090871890
        38        19.0000000000      -188.0245735580      -187.9023820200      -187.9023820200
        39        19.5000000000      -188.0198122620      -187.8981767350      -187.8981767350
        40        20.0000000000      -188.0190388340      -187.8981855420      -187.8981855420
        41        20.5000000000      -188.0223414940      -187.9025184020      -187.9025184020
        42        21.0000000000      -188.0282809210      -187.9097475570      -187.9097475570
        43        21.5000000000      -188.0343705580      -187.9173843420      -187.9173843420
        44        22.0000000000      -188.0381389460      -187.9229393760      -187.9229393760
        45        22.5000000000      -188.0382775740      -187.9250701500      -187.9250701500
        46        23.0000000000      -188.0349680450      -187.9239102100      -187.9239102100
        47        23.5000000000      -188.0294185000      -187.9206096890      -187.9206096890
        48        24.0000000000      -188.0232035920      -187.9166803340      -187.9166803340
        49        24.5000000000      -188.0177392330      -187.9134748800      -187.9134748800
        50        25.0000000000      -188.0139368910      -187.9118451460      -187.9118451460
        51        25.5000000000      -188.0120548800      -187.9119974700      -187.9119974700
        52        26.0000000000      -188.0117658460      -187.9135652340      -187.9135652340
        53        26.5000000000      -188.0123580670      -187.9158157400      -187.9158157400
        54        27.0000000000      -188.0129262920      -187.9178447550      -187.9178447550
        55        27.5000000000      -188.0125076750      -187.9187122920      -187.9187122920
        56        28.0000000000      -188.0102826070      -187.9176382290      -187.9176382290
        57        28.5000000000      -188.0059824160      -187.9143998610      -187.9143998610
        58        29.0000000000      -188.0003562400      -187.9097873760      -187.9097873760
        59        29.5000000000      -187.9951048360      -187.9055276610      -187.9055276610
        60        30.0000000000      -187.9919149500      -187.9033141180      -187.9033141180
        61        30.5000000000      -187.9915475930      -187.9038976930      -187.9038976930
        62        31.0000000000      -187.9941200840      -187.9073779500      -187.9073779500
        63        31.5000000000      -187.9995141240      -187.9136212430      -187.9136212430
        64        32.0000000000      -188.0066361520      -187.9215269960      -187.9215269960
        65        32.5000000000      -188.0130592380      -187.9286713520      -187.9286713520
        66        33.0000000000      -188.0163437530      -187.9326259090      -187.9326259090
        67        33.5000000000      -188.0155333450      -187.9324479060      -187.9324479060
        68        34.0000000000      -188.0113918220      -187.9289100270      -187.9289100270
        69        34.5000000000      -188.0056915120      -187.9237847920      -187.9237847920
        70        35.0000000000      -188.0003112970      -187.9189437520      -187.9189437520
        71        35.5000000000      -187.9965524650      -187.9156776900      -187.9156776900
        72        36.0000000000      -187.9948637450      -187.9144263660      -187.9144263660
        73        36.5000000000      -187.9949830360      -187.9149244060      -187.9149244060
        74        37.0000000000      -187.9962603550      -187.9165263680      -187.9165263680
        75        37.5000000000      -187.9978798570      -187.9184301550      -187.9184301550
        76        38.0000000000      -187.9989145440      -187.9197312190      -187.9197312190
        77        38.5000000000      -187.9983760620      -187.9194714660      -187.9194714660
        78        39.0000000000      -187.9954925240      -187.9169151540      -187.9169151540
        79        39.5000000000      -187.9902906540      -187.9121301350      -187.9121301350
        80        40.0000000000      -187.9841423070      -187.9065338410      -187.9065338410
        81        40.5000000000      -187.9795386720      -187.9026667590      -187.9026667590
        82        41.0000000000      -187.9788282550      -187.9029258110      -187.9029258110
        83        41.5000000000      -187.9828837150      -187.9082224120      -187.9082224120
        84        42.0000000000      -187.9906581220      -187.9175282930      -187.9175282930
        85        42.5000000000      -187.9995325600      -187.9282174340      -187.9282174340
        86        43.0000000000      -188.0063803000      -187.9371339710      -187.9371339710
        87        43.5000000000      -188.0091015300      -187.9421385430      -187.9421385430
        88        44.0000000000      -188.0075317110      -187.9430292520      -187.9430292520
        89        44.5000000000      -188.0030648900      -187.9411742150      -187.9411742150
        90        45.0000000000      -187.9975013390      -187.9383633420      -187.9383633420
        91        45.5000000000      -187.9920740790      -187.9358336970      -187.9358336970
        92        46.0000000000      -187.9872308280      -187.9340462990      -187.9340462990
        93        46.5000000000      -187.9830045370      -187.9330493270      -187.9330493270
        94        47.0000000000      -187.9794016630      -187.9328604340      -187.9328604340
        95        47.5000000000      -187.9764669610      -187.9335287480      -187.9335287480
        96        48.0000000000      -187.9740923830      -187.9349448980      -187.9349448980
        97        48.5000000000      -187.9718019350      -187.9366290430      -187.9366290430
        98        49.0000000000      -187.9687153340      -187.9376961310      -187.9376961310
        99        49.5000000000      -187.9638352330      -187.9371381310      -187.9371381310
       100        50.0000000000      -187.9566906830      -187.9344465980      -187.9344465980
       101        50.5000000000      -187.9480495390      -187.9302707970      -187.9302707970
       102        51.0000000000      -187.9400342490      -187.9263987580      -187.9263987580
       103        51.5000000000      -187.9353255650      -187.9246709840      -187.9246709840
       104        52.0000000000      -187.9360539040      -187.9258883650      -187.9258883650
       105        52.5000000000      -187.9425185540      -187.9302628410      -187.9302628410
       106        53.0000000000      -187.9528797740      -187.9373159460      -187.9373159460
       107        53.5000000000      -187.9640746420      -187.9448929250      -187.9448929250
       108        54.0000000000      -187.9729265340      -187.9501284970      -187.9501284970
       109        54.5000000000      -187.9775920830      -187.9512495790      -187.9512495790
       110        55.0000000000      -187.9781864870      -187.9483756430      -187.9483756430
       111        55.5000000000      -187.9761966760      -187.9429963450      -187.9429963450
       112        56.0000000000      -187.9734000980      -187.9369075360      -187.9369075360
       113        56.5000000000      -187.9710864640      -187.9314311680      -187.9314311680
       114        57.0000000000      -187.9699026660      -187.9272534310      -187.9272534310
       115        57.5000000000      -187.9700942050      -187.9246604450      -187.9246604450
       116        58.0000000000      -187.9717230560      -187.9237526750      -187.9237526750
       117        58.5000000000      -187.9746609580      -187.9244357380      -187.9244357380
       118        59.0000000000      -187.9784428320      -187.9262720570      -187.9262720570
       119        59.5000000000      -187.9821828800      -187.9283944030      -187.9283944030
       120        60.0000000000      -187.9847357770      -187.9296641730      -187.9296641730
       121        60.5000000000      -187.9851722000      -187.9291429140      -187.9291429140
       122        61.0000000000      -187.9833718180      -187.9266806910      -187.9266806910
       123        61.5000000000      -187.9802349240      -187.9231232910      -187.9231232910
       124        62.0000000000      -187.9772459690      -187.9198751810      -187.9198751810
       125        62.5000000000      -187.9759302440      -187.9183646740      -187.9183646740
       126        63.0000000000      -187.9776403580      -187.9198479660      -187.9198479660
       127        63.5000000000      -187.9829959570      -187.9248691080      -187.9248691080
       128        64.0000000000      -187.9909545940      -187.9323446610      -187.9323446610
       129        64.5000000000      -187.9990310440      -187.9397863790      -187.9397863790
       130        65.0000000000      -188.0049280520      -187.9449263810      -187.9449263810
       131        65.5000000000      -188.0078168120      -187.9469840140      -187.9469840140
       132        66.0000000000      -188.0081589020      -187.9464724870      -187.9464724870
       133        66.5000000000      -188.0067712940      -187.9442523320      -187.9442523320
       134        67.0000000000      -188.0042800450      -187.9409804160      -187.9409804160
       135        67.5000000000      -188.0012089920      -187.9371985600      -187.9371985600
       136        68.0000000000      -187.9981931380      -187.9335482630      -187.9335482630
       137        68.5000000000      -187.9959336290      -187.9307267990      -187.9307267990
       138        69.0000000000      -187.9949504100      -187.9292401840      -187.9292401840
       139        69.5000000000      -187.9953493280      -187.9291708420      -187.9291708420
       140        70.0000000000      -187.9967562260      -187.9301124650      -187.9301124650
       141        70.5000000000      -187.9984787240      -187.9313344410      -187.9313344410
       142        71.0000000000      -187.9998640300      -187.9321447910      -187.9321447910
       143        71.5000000000      -188.0006573000      -187.9322568100      -187.9322568100
       144        72.0000000000      -188.0010375300      -187.9318342150      -187.9318342150
       145        72.5000000000      -188.0012779280      -187.9311567130      -187.9311567130
       146        73.0000000000      -188.0015613140      -187.9304323630      -187.9304323630
       147        73.5000000000      -188.0023283280      -187.9301324930      -187.9301324930
       148        74.0000000000      -188.0044658780      -187.9311627740      -187.9311627740
       149        74.5000000000      -188.0086240480      -187.9341691970      -187.9341691970
       150        75.0000000000      -188.0143804060      -187.9387067430      -187.9387067430
       151        75.5000000000      -188.0203668340      -187.9433831880      -187.9433831880
       152        76.0000000000      -188.0251592680      -187.9467665030      -187.9467665030
       153        76.5000000000      -188.0279209510      -187.9480361280      -187.9480361280
       154        77.0000000000      -188.0284359120      -187.9470142590      -187.9470142590
       155        77.5000000000      -188.0269389540      -187.9439880240      -187.9439880240
       156        78.0000000000      -188.0240535230      -187.9396396450      -187.9396396450
       157        78.5000000000      -188.0207267240      -187.9349757090      -187.9349757090
       158        79.0000000000      -188.0180122990      -187.9311058790      -187.9311058790
       159        79.5000000000      -188.0167548370      -187.9289239460      -187.9289239460
       160        80.0000000000      -188.0173218260      -187.9288371720      -187.9288371720
       161        80.5000000000      -188.0194963980      -187.9306578940      -187.9306578940
       162        81.0000000000      -188.0225870020      -187.9337128190      -187.9337128190
       163        81.5000000000      -188.0257392530      -187.9371554540      -187.9371554540
       164        82.0000000000      -188.0282922990      -187.9403216680      -187.9403216680
       165        82.5000000000      -188.0298880470      -187.9428361130      -187.9428361130
       166        83.0000000000      -188.0302264760      -187.9443642490      -187.9443642490
       167        83.5000000000      -188.0288880290      -187.9444355890      -187.9444355890
       168        84.0000000000      -188.0256964420      -187.9428148000      -187.9428148000
       169        84.5000000000      -188.0212384100      -187.9400334290      -187.9400334290
       170        85.0000000000      -188.0167189190      -187.9372543410      -187.9372543410
       171        85.5000000000      -188.0131771880      -187.9354891510      -187.9354891510
       172        86.0000000000      -188.0108628170      -187.9349687160      -187.9349687160
       173        86.5000000000      -188.0092181090      -187.9351159510      -187.9351159510
       174        87.0000000000      -188.0072653460      -187.9349252720      -187.9349252720
       175        87.5000000000      -188.0041086760      -187.9334623050      -187.9334623050
       176        88.0000000000      -187.9993924430      -187.9303250350      -187.9303250350
       177        88.5000000000      -187.9935178060      -187.9258664130      -187.9258664130
       178        89.0000000000      -187.9874864600      -187.9210440530      -187.9210440530
       179        89.5000000000      -187.9824885440      -187.9170128630      -187.9170128630
       180        90.0000000000      -187.9794804960      -187.9147058150      -187.9147058150
       181        90.5000000000      -187.9789240790      -187.9145741300      -187.9145741300
       182        91.0000000000      -187.9807391210      -187.9165396020      -187.9165396020
       183        91.5000000000      -187.9844522820      -187.9201416510      -187.9201416510
       184        92.0000000000      -187.9894659280      -187.9248035990      -187.9248035990
       185        92.5000000000      -187.9952742090      -187.9300446960      -187.9300446960
       186        93.0000000000      -188.0014065880      -187.9354190590      -187.9354190590
       187        93.5000000000      -188.0071176600      -187.9402003310      -187.9402003310
       188        94.0000000000      -188.0112828160      -187.9432733690      -187.9432733690
       189        94.5000000000      -188.0129419350      -187.9436758970      -187.9436758970
       190        95.0000000000      -188.0121658570      -187.9414660580      -187.9414660580
       191        95.5000000000      -188.0103526160      -187.9380247500      -187.9380247500
       192        96.0000000000      -188.0094981290      -187.9353370320      -187.9353370320
       193        96.5000000000      -188.0109082890      -187.9347160270      -187.9347160270
       194        97.0000000000      -188.0143270450      -187.9359358840      -187.9359358840
       195        97.5000000000      -188.0181519090      -187.9374432220      -187.9374432220
       196        98.0000000000      -188.0205354640      -187.9374488130      -187.9374488130
       197        98.5000000000      -188.0204810070      -187.9350145260      -187.9350145260
       198        99.0000000000      -188.0182142680      -187.9304203320      -187.9304203320
       199        99.5000000000      -188.0148332730      -187.9248130540      -187.9248130540
       200       100.0000000000      -188.0116796050      -187.9195778830      -187.9195778830
       201       100.5000000000      -188.0098143170      -187.9158146160      -187.9158146160
       202       101.0000000000      -188.0097521260      -187.9140716020      -187.9140716020
       203       101.5000000000      -188.0114602100      -187.9143438810      -187.9143438810
       204       102.0000000000      -188.0145653680      -187.9162795930      -187.9162795930
       205       102.5000000000      -188.0186415040      -187.9194661890      -187.9194661890
       206       103.0000000000      -188.0233458840      -187.9235646050      -187.9235646050
       207       103.5000000000      -188.0282230970      -187.9281095820      -187.9281095820
       208       104.0000000000      -188.0323808090      -187.9321827570      -187.9321827570
       209       104.5000000000      -188.0345963080      -187.9345206770      -187.9345206770
       210       105.0000000000      -188.0340499370      -187.9342557070      -187.9342557070
       211       105.5000000000      -188.0311014990      -187.9317040910      -187.9317040910
       212       106.0000000000      -188.0273793740      -187.9284649440      -187.9284649440
       213       106.5000000000      -188.0250078950      -187.9266508740      -187.9266508740
       214       107.0000000000      -188.0253919170      -187.9276677330      -187.9276677330
       215       107.5000000000      -188.0283358930      -187.9313245030      -187.9313245030
       216       108.0000000000      -188.0321913990      -187.9359730420      -187.9359730420
       217       108.5000000000      -188.0349549170      -187.9396024880      -187.9396024880
       218       109.0000000000      -188.0354223900      -187.9409939170      -187.9409939170
       219       109.5000000000      -188.0336144470      -187.9401474440      -187.9401474440
       220       110.0000000000      -188.0304540730      -187.9379623950      -187.9379623950
       221       110.5000000000      -188.0271535300      -187.9356266330      -187.9356266330
       222       111.0000000000      -188.0247029590      -187.9341073040      -187.9341073040
       223       111.5000000000      -188.0236127190      -187.9338945060      -187.9338945060
       224       112.0000000000      -188.0239085410      -187.9349967890      -187.9349967890
       225       112.5000000000      -188.0253158400      -187.9371251620      -187.9371251620
       226       113.0000000000      -188.0275107430      -187.9399435080      -187.9399435080
       227       113.5000000000      -188.0302328890      -187.9431810740      -187.9431810740
       228       114.0000000000      -188.0330948490      -187.9464420740      -187.9464420740
       229       114.5000000000      -188.0352467960      -187.9488705070      -187.9488705070
       230       115.0000000000      -188.0354027010      -187.9491754630      -187.9491754630
       231       115.5000000000      -188.0325132210      -187.9463009150      -187.9463009150
       232       116.0000000000      -188.0266635800      -187.9403201490      -187.9403201490
       233       116.5000000000      -188.0194336150      -187.9327950960      -187.9327950960
       234       117.0000000000      -188.0133074020      -187.9261902150      -187.9261902150
       235       117.5000000000      -188.0103881340      -187.9225948460      -187.9225948460
       236       118.0000000000      -188.0112209110      -187.9225521940      -187.9225521940
       237       118.5000000000      -188.0145754230      -187.9248446500      -187.9248446500
       238       119.0000000000      -188.0183565850      -187.9274053600      -187.9274053600
       239       119.5000000000      -188.0208844810      -187.9285987960      -187.9285987960
       240       120.0000000000      -188.0216059230      -187.9279320440      -187.9279320440
       241       120.5000000000      -188.0209900230      -187.9259471680      -187.9259471680
       242       121.0000000000      -188.0199900310      -187.9236772110      -187.9236772110
       243       121.5000000000      -188.0195178580      -187.9221135890      -187.9221135890
       244       122.0000000000      -188.0201470490      -187.9219027680      -187.9219027680
       245       122.5000000000      -188.0220720580      -187.9233005870      -187.9233005870
       246       123.0000000000      -188.0252550600      -187.9263155150      -187.9263155150
       247       123.5000000000      -188.0296052950      -187.9308854470      -187.9308854470
       248       124.0000000000      -188.0349641570      -187.9368606900      -187.9368606900
       249       124.5000000000      -188.0407928630      -187.9436902120      -187.9436902120
       250       125.0000000000      -188.0458692680      -187.9501173910      -187.9501173910
       251       125.5000000000      -188.0485351360      -187.9544271400      -187.9544271400
       252       126.0000000000      -188.0475485040      -187.9552996110      -187.9552996110
       253       126.5000000000      -188.0428646950      -187.9525954690      -187.9525954690
       254       127.0000000000      -188.0356721510      -187.9473998110      -187.9473998110
       255       127.5000000000      -188.0277165360      -187.9413584640      -187.9413584640
       256       128.0000000000      -188.0205131290      -187.9359047990      -187.9359047990
       257       128.5000000000      -188.0149138740      -187.9318400850      -187.9318400850
       258       129.0000000000      -188.0110051850      -187.9292379160      -187.9292379160
       259       129.5000000000      -188.0082183040      -187.9275519010      -187.9275519010
       260       130.0000000000      -188.0057003880      -187.9259773120      -187.9259773120
       261       130.5000000000      -188.0028254640      -187.9239507590      -187.9239507590
       262       131.0000000000      -187.9995014500      -187.9214477070      -187.9214477070
       263       131.5000000000      -187.9961027870      -187.9189085020      -187.9189085020
       264       132.0000000000      -187.9931751490      -187.9169386100      -187.9169386100
       265       132.5000000000      -187.9911568390      -187.9160269270      -187.9160269270
       266       133.0000000000      -187.9902658990      -187.9164297660      -187.9164297660
       267       133.5000000000      -187.9905623180      -187.9182301190      -187.9182301190
       268       134.0000000000      -187.9920681490      -187.9214554110      -187.9214554110
       269       134.5000000000      -187.9947504790      -187.9260599820      -187.9260599820
       270       135.0000000000      -187.9982657020      -187.9316712920      -187.9316712920
       271       135.5000000000      -188.0016860490      -187.9373208350      -187.9373208350
       272       136.0000000000      -188.0036542290      -187.9416047480      -187.9416047480
       273       136.5000000000      -188.0030970870      -187.9434041520      -187.9434041520
       274       137.0000000000      -187.9999990360      -187.9426668450      -187.9426668450
       275       137.5000000000      -187.9955123160      -187.9405259960      -187.9405259960
       276       138.0000000000      -187.9911825860      -187.9385299840      -187.9385299840
       277       138.5000000000      -187.9879476190      -187.9376366770      -187.9376366770
       278       139.0000000000      -187.9858018670      -187.9378644380      -187.9378644380
       279       139.5000000000      -187.9841410540      -187.9386212090      -187.9386212090
       280       140.0000000000      -187.9821950210      -187.9391284390      -187.9391284390
       281       140.5000000000      -187.9793402550      -187.9387354900      -187.9387354900
       282       141.0000000000      -187.9753545820      -187.9371852980      -187.9371852980
       283       141.5000000000      -187.9705143420      -187.9347234420      -187.9347234420
       284       142.0000000000      -187.9654443060      -187.9319555890      -187.9319555890
       285       142.5000000000      -187.9608338320      -187.9295637850      -187.9295637850
       286       143.0000000000      -187.9572070180      -187.9280706970      -187.9280706970
       287       143.5000000000      -187.9548575690      -187.9277652650      -187.9277652650
       288       144.0000000000      -187.9539328970      -187.9287771930      -187.9287771930
       289       144.5000000000      -187.9545353900      -187.9311707280      -187.9311707280
       290       145.0000000000      -187.9566543670      -187.9348721720      -187.9348721720
       291       145.5000000000      -187.9598827250      -187.9393869780      -187.9393869780
       292       146.0000000000      -187.9631932360      -187.9435829360      -187.9435829360
       293       146.5000000000      -187.9651757810      -187.9459428110      -187.9459428110
       294       147.0000000000      -187.9647723610      -187.9453226440      -187.9453226440
       295       147.5000000000      -187.9620519140      -187.9417506660      -187.9417506660
       296       148.0000000000      -187.9583965790      -187.9366308980      -187.9366308980
       297       148.5000000000      -187.9557223820      -187.9319677920      -187.9319677920
       298       149.0000000000      -187.9551884230      -187.9290635450      -187.9290635450
       299       149.5000000000      -187.9566060890      -187.9278984690      -187.9278984690
       300       150.0000000000      -187.9590040460      -187.9276590920      -187.9276590920
       301       150.5000000000      -187.9614587600      -187.9275390490      -187.9275390490
       302       151.0000000000      -187.9634342540      -187.9270705230      -187.9270705230
       303       151.5000000000      -187.9647541160      -187.9261087200      -187.9261087200
       304       152.0000000000      -187.9655136460      -187.9247667880      -187.9247667880
       305       152.5000000000      -187.9659938140      -187.9233445690      -187.9233445690
       306       153.0000000000      -187.9665466300      -187.9222062110      -187.9222062110
       307       153.5000000000      -187.9674785230      -187.9216407650      -187.9216407650
       308       154.0000000000      -187.9689940190      -187.9217992280      -187.9217992280
       309       154.5000000000      -187.9712276560      -187.9227481230      -187.9227481230
       310       155.0000000000      -187.9743079450      -187.9245589920      -187.9245589920
       311       155.5000000000      -187.9783114890      -187.9272742330      -187.9272742330
       312       156.0000000000      -187.9830166560      -187.9306604700      -187.9306604700
       313       156.5000000000      -187.9876107400      -187.9339101930      -187.9339101930
       314       157.0000000000      -187.9907093060      -187.9356556020      -187.9356556020
       315       157.5000000000      -187.9909139780      -187.9345220600      -187.9345220600
       316       158.0000000000      -187.9877176050      -187.9300293570      -187.9300293570
       317       158.5000000000      -187.9821379120      -187.9232220070      -187.9232220070
       318       159.0000000000      -187.9763290710      -187.9162797840      -187.9162797840
       319       159.5000000000      -187.9722084010      -187.9111466340      -187.9111466340
       320       160.0000000000      -187.9704294180      -187.9085053240      -187.9085053240
       321       160.5000000000      -187.9706766750      -187.9080699510      -187.9080699510
       322       161.0000000000      -187.9724906260      -187.9094040710      -187.9094040710
       323       161.5000000000      -187.9755506540      -187.9121973120      -187.9121973120
       324       162.0000000000      -187.9794706860      -187.9160583020      -187.9160583020
       325       162.5000000000      -187.9836555930      -187.9203729890      -187.9203729890
       326       163.0000000000      -187.9874211950      -187.9244291770      -187.9244291770
       327       163.5000000000      -187.9902220950      -187.9276493120      -187.9276493120
       328       164.0000000000      -187.9917997840      -187.9297423540      -187.9297423540
       329       164.5000000000      -187.9922123160      -187.9307362960      -187.9307362960
       330       165.0000000000      -187.9917972130      -187.9309423650      -187.9309423650
       331       165.5000000000      -187.9910819030      -187.9308659800      -187.9308659800
       332       166.0000000000      -187.9905988650      -187.9310210960      -187.9310210960
       333       166.5000000000      -187.9906125980      -187.9316557540      -187.9316557540
       334       167.0000000000      -187.9908963320      -187.9325270330      -187.9325270330
       335       167.5000000000      -187.9907240310      -187.9328915910      -187.9328915910
       336       168.0000000000      -187.9891373650      -187.9317734110      -187.9317734110
       337       168.5000000000      -187.9854588810      -187.9284814490      -187.9284814490
       338       169.0000000000      -187.9798868740      -187.9232131730      -187.9232131730
       339       169.5000000000      -187.9736835450      -187.9172505470      -187.9172505470
       340       170.0000000000      -187.9684953800      -187.9122805040      -187.9122805040
       341       170.5000000000      -187.9652679740      -187.9092988570      -187.9092988570
       342       171.0000000000      -187.9639061130      -187.9082571560      -187.9082571560
       343       171.5000000000      -187.9639109900      -187.9086935940      -187.9086935940
       344       172.0000000000      -187.9650598770      -187.9104148420      -187.9104148420
       345       172.5000000000      -187.9674346370      -187.9135289970      -187.9135289970
       346       173.0000000000      -187.9709365790      -187.9179615580      -187.9179615580
       347       173.5000000000      -187.9748805340      -187.9230459780      -187.9230459780
       348       174.0000000000      -187.9781404830      -187.9276650250      -187.9276650250
       349       174.5000000000      -187.9797099810      -187.9308098290      -187.9308098290
       350       175.0000000000      -187.9791598330      -187.9320395190      -187.9320395190
       351       175.5000000000      -187.9767408180      -187.9315873460      -187.9315873460
       352       176.0000000000      -187.9732407380      -187.9302207560      -187.9302207560
       353       176.5000000000      -187.9697129700      -187.9289726410      -187.9289726410
       354       177.0000000000      -187.9670672620      -187.9287344230      -187.9287344230
       355       177.5000000000      -187.9655795640      -187.9297683460      -187.9297683460
       356       178.0000000000      -187.9645965430      -187.9314150570      -187.9314150570
       357       178.5000000000      -187.9627495110      -187.9323112050      -187.9323112050
       358       179.0000000000      -187.9587163480      -187.9311535540      -187.9311535540
       359       179.5000000000      -187.9521465990      -187.9276220110      -187.9276220110
       360       180.0000000000      -187.9440297660      -187.9227402490      -187.9227402490
       361       180.5000000000      -187.9359960860      -187.9181634680      -187.9181634680
       362       181.0000000000      -187.9290812220      -187.9149280250      -187.9149280250
       363       181.5000000000      -187.9231702990      -187.9128716230      -187.9128716230
       364       182.0000000000      -187.9174662300      -187.9110101770      -187.9110101770
       365       182.5000000000      -187.9116091100      -187.9080172790      -187.9080172790
       366       183.0000000000      -187.9070905870      -187.9024892720      -187.9024892720
       367       183.5000000000      -187.9042981450      -187.8968388750      -187.8968388750
       368       184.0000000000      -187.9038739690      -187.8939190820      -187.8939190820
       369       184.5000000000      -187.9064717540      -187.8947550560      -187.8947550560
       370       185.0000000000      -187.9113968430      -187.8987010140      -187.8987010140
       371       185.5000000000      -187.9172002430      -187.9042639570      -187.9042639570
       372       186.0000000000      -187.9228091260      -187.9102715410      -187.9102715410
       373       186.5000000000      -187.9279969900      -187.9163409530      -187.9163409530
       374       187.0000000000      -187.9330577330      -187.9225231990      -187.9225231990
       375       187.5000000000      -187.9382417110      -187.9286800380      -187.9286800380
       376       188.0000000000      -187.9434335790      -187.9341545340      -187.9341545340
       377       188.5000000000      -187.9481224250      -187.9380146000      -187.9380146000
       378       189.0000000000      -187.9516373890      -187.9396570290      -187.9396570290
       379       189.5000000000      -187.9537070810      -187.9391912300      -187.9391912300
       380       190.0000000000      -187.9548042250      -187.9374327560      -187.9374327560
       381       190.5000000000      -187.9557998750      -187.9354665770      -187.9354665770
       382       191.0000000000      -187.9572875530      -187.9339951790      -187.9339951790
       383       191.5000000000      -187.9593196910      -187.9331061800      -187.9331061800
       384       192.0000000000      -187.9616345450      -187.9325299430      -187.9325299430
       385       192.5000000000      -187.9637838350      -187.9317999440      -187.9317999440
       386       193.0000000000      -187.9650608600      -187.9302094180      -187.9302094180
       387       193.5000000000      -187.9647079610      -187.9270382850      -187.9270382850
       388       194.0000000000      -187.9625279790      -187.9221727820      -187.9221727820
       389       194.5000000000      -187.9594556290      -187.9166724140      -187.9166724140
       390       195.0000000000      -187.9574580820      -187.9126501640      -187.9126501640
       391       195.5000000000      -187.9584199570      -187.9121217150      -187.9121217150
       392       196.0000000000      -187.9627130380      -187.9155350530      -187.9155350530
       393       196.5000000000      -187.9689464390      -187.9214985740      -187.9214985740
       394       197.0000000000      -187.9751478070      -187.9279693780      -187.9279693780
       395       197.5000000000      -187.9799219060      -187.9334378460      -187.9334378460
       396       198.0000000000      -187.9826312990      -187.9371351400      -187.9371351400
       397       198.5000000000      -187.9830680170      -187.9387246160      -187.9387246160
       398       199.0000000000      -187.9812970130      -187.9381583150      -187.9381583150
       399       199.5000000000      -187.9777455610      -187.9357746450      -187.9357746450
       400       200.0000000000      -187.9732626030      -187.9323608230      -187.9323608230
       401       200.5000000000      -187.9688938150      -187.9289268340      -187.9289268340
       402       201.0000000000      -187.9653772010      -187.9261984390      -187.9261984390
       403       201.5000000000      -187.9628352600      -187.9243068910      -187.9243068910
       404       202.0000000000      -187.9611455910      -187.9231585590      -187.9231585590
       405       202.5000000000      -187.9605563700      -187.9230471730      -187.9230471730
       406       203.0000000000      -187.9615540510      -187.9245143530      -187.9245143530
       407       203.5000000000      -187.9639567710      -187.9274334870      -187.9274334870
       408       204.0000000000      -187.9664137450      -187.9305001670      -187.9305001670
       409       204.5000000000      -187.9671219330      -187.9319421320      -187.9319421320
       410       205.0000000000      -187.9652452030      -187.9309345350      -187.9309345350
       411       205.5000000000      -187.9618889910      -187.9285728480      -187.9285728480
       412       206.0000000000      -187.9596477800      -187.9274196300      -187.9274196300
       413       206.5000000000      -187.9606634150      -187.9295668240      -187.9295668240
       414       207.0000000000      -187.9648668100      -187.9348921370      -187.9348921370
       415       207.5000000000      -187.9701891320      -187.9412944420      -187.9412944420
       416       208.0000000000      -187.9741207810      -187.9462692980      -187.9462692980
       417       208.5000000000      -187.9749359400      -187.9481261360      -187.9481261360
       418       209.0000000000      -187.9721167210      -187.9463884480      -187.9463884480
       419       209.5000000000      -187.9662895900      -187.9417127810      -187.9417127810
       420       210.0000000000      -187.9588976350      -187.9355621900      -187.9355621900
       421       210.5000000000      -187.9516806560      -187.9296970780      -187.9296970780
       422       211.0000000000      -187.9459853440      -187.9254930270      -187.9254930270
       423       211.5000000000      -187.9421625740      -187.9233389400      -187.9233389400
       424       212.0000000000      -187.9395985210      -187.9226664260      -187.9226664260
       425       212.5000000000      -187.9374963790      -187.9227290610      -187.9227290610
       426       213.0000000000      -187.9356642270      -187.9233849560      -187.9233849560
       427       213.5000000000      -187.9345416170      -187.9251072970      -187.9251072970
       428       214.0000000000      -187.9345524020      -187.9282909000      -187.9282909000
       429       214.5000000000      -187.9356025160      -187.9324652060      -187.9324652060
       430       215.0000000000      -187.9381803740      -187.9350398130      -187.9350398130
       431       215.5000000000      -187.9411155080      -187.9344777360      -187.9344777360
       432       216.0000000000      -187.9422859730      -187.9317389570      -187.9317389570
       433       216.5000000000      -187.9422195060      -187.9278051930      -187.9278051930
       434       217.0000000000      -187.9428827640      -187.9247483030      -187.9247483030
       435       217.5000000000      -187.9463543610      -187.9246923250      -187.9246923250
       436       218.0000000000      -187.9531567930      -187.9281785340      -187.9281785340
       437       218.5000000000      -187.9616967180      -187.9336162690      -187.9336162690
       438       219.0000000000      -187.9693369110      -187.9383641080      -187.9383641080
       439       219.5000000000      -187.9739925630      -187.9403353820      -187.9403353820
       440       220.0000000000      -187.9750919090      -187.9389650230      -187.9389650230
       441       220.5000000000      -187.9736400300      -187.9352761200      -187.9352761200
       442       221.0000000000      -187.9715651280      -187.9312251110      -187.9312251110
       443       221.5000000000      -187.9705755280      -187.9285547170      -187.9285547170
       444       222.0000000000      -187.9711197330      -187.9277472280      -187.9277472280
       445       222.5000000000      -187.9723115110      -187.9279423160      -187.9279423160
       446       223.0000000000      -187.9728959480      -187.9278967800      -187.9278967800
       447       223.5000000000      -187.9722915730      -187.9270222680      -187.9270222680
       448       224.0000000000      -187.9708630430      -187.9256561290      -187.9256561290
       449       224.5000000000      -187.9694023890      -187.9245436620      -187.9245436620
       450       225.0000000000      -187.9683217550      -187.9240339480      -187.9240339480
       451       225.5000000000      -187.9671877010      -187.9236177040      -187.9236177040
       452       226.0000000000      -187.9650391300      -187.9222474200      -187.9222474200
       453       226.5000000000      -187.9614110770      -187.9193624500      -187.9193624500
       454       227.0000000000      -187.9573696180      -187.9159247270      -187.9159247270
       455       227.5000000000      -187.9554675740      -187.9143771210      -187.9143771210
       456       228.0000000000      -187.9580338510      -187.9169407320      -187.9169407320
       457       228.5000000000      -187.9650412880      -187.9234999880      -187.9234999880
       458       229.0000000000      -187.9738710540      -187.9313887150      -187.9313887150
       459       229.5000000000      -187.9812296460      -187.9373208970      -187.9373208970
       460       230.0000000000      -187.9851290470      -187.9393658250      -187.9393658250
       461       230.5000000000      -187.9855204830      -187.9375608340      -187.9375608340
       462       231.0000000000      -187.9838484950      -187.9334413820      -187.9334413820
       463       231.5000000000      -187.9821555460      -187.9291297470      -187.9291297470
       464       232.0000000000      -187.9820900740      -187.9263381690      -187.9263381690
       465       232.5000000000      -187.9842336490      -187.9256986030      -187.9256986030
       466       233.0000000000      -187.9881636720      -187.9268290230      -187.9268290230
       467       233.5000000000      -187.9930966820      -187.9289778260      -187.9289778260
       468       234.0000000000      -187.9984655970      -187.9315993350      -187.9315993350
       469       234.5000000000      -188.0040138860      -187.9344454420      -187.9344454420
       470       235.0000000000      -188.0095272570      -187.9372961120      -187.9372961120
       471       235.5000000000      -188.0145527350      -187.9396800360      -187.9396800360
       472       236.0000000000      -188.0183665320      -187.9408471900      -187.9408471900
       473       236.5000000000      -188.0202712140      -187.9400733780      -187.9400733780
       474       237.0000000000      -188.0201444960      -187.9372183290      -187.9372183290
       475       237.5000000000      -188.0189532530      -187.9332479520      -187.9332479520
       476       238.0000000000      -188.0186886530      -187.9301740760      -187.9301740760
       477       238.5000000000      -188.0212964740      -187.9299840460      -187.9299840460
       478       239.0000000000      -188.0271428410      -187.9331008970      -187.9331008970
       479       239.5000000000      -188.0344805950      -187.9378413170      -187.9378413170
       480       240.0000000000      -188.0405516580      -187.9415096970      -187.9415096970
       481       240.5000000000      -188.0432421910      -187.9420469220      -187.9420469220
       482       241.0000000000      -188.0420523610      -187.9389974460      -187.9389974460
       483       241.5000000000      -188.0381531630      -187.9335660850      -187.9335660850
       484       242.0000000000      -188.0337164150      -187.9279491020      -187.9279491020
       485       242.5000000000      -188.0307315530      -187.9241504360      -187.9241504360
       486       243.0000000000      -188.0299588110      -187.9229322760      -187.9229322760
       487       243.5000000000      -188.0308382990      -187.9237209650      -187.9237209650
       488       244.0000000000      -188.0322866730      -187.9254026660      -187.9254026660
       489       244.5000000000      -188.0334771390      -187.9271052840      -187.9271052840
       490       245.0000000000      -188.0340260540      -187.9283896850      -187.9283896850
       491       245.5000000000      -188.0337543670      -187.9290174530      -187.9290174530
       492       246.0000000000      -188.0324428620      -187.9287124410      -187.9287124410
       493       246.5000000000      -188.0298319160      -187.9271655010      -187.9271655010
       494       247.0000000000      -188.0258819110      -187.9242964550      -187.9242964550
       495       247.5000000000      -188.0211280520      -187.9206074570      -187.9206074570
       496       248.0000000000      -188.0168515200      -187.9173508590      -187.9173508590
       497       248.5000000000      -188.0148121580      -187.9162591930      -187.9162591930
       498       249.0000000000      -188.0164556870      -187.9187524780      -187.9187524780
       499       249.5000000000      -188.0218771730      -187.9249043100      -187.9249043100
       500       250.0000000000      -188.0293525800      -187.9329765920      -187.9329765920
       501       250.5000000000      -188.0361322190      -187.9402135780      -187.9402135780
       502       251.0000000000      -188.0399949000      -187.9443939250      -187.9443939250
       503       251.5000000000      -188.0403497610      -187.9449297620      -187.9449297620
       504       252.0000000000      -188.0382178600      -187.9428475210      -187.9428475210
       505       252.5000000000      -188.0352716650      -187.9398300170      -187.9398300170
       506       253.0000000000      -188.0327339750      -187.9371185830      -187.9371185830
       507       253.5000000000      -188.0309789490      -187.9351150980      -187.9351150980
       508       254.0000000000      -188.0298787700      -187.9337247730      -187.9337247730
       509       254.5000000000      -188.0292494600      -187.9327945170      -187.9327945170
       510       255.0000000000      -188.0289797830      -187.9322336160      -187.9322336160
       511       255.5000000000      -188.0289441410      -187.9319208380      -187.9319208380
       512       256.0000000000      -188.0289172070      -187.9316171350      -187.9316171350
       513       256.5000000000      -188.0285792100      -187.9309725670      -187.9309725670
       514       257.0000000000      -188.0276140370      -187.9296294330      -187.9296294330
       515       257.5000000000      -188.0258815030      -187.9274016140      -187.9274016140
       516       258.0000000000      -188.0236054360      -187.9244721260      -187.9244721260
       517       258.5000000000      -188.0214918160      -187.9215210660      -187.9215210660
       518       259.0000000000      -188.0206911880      -187.9196962470      -187.9196962470
       519       259.5000000000      -188.0224739920      -187.9202924520      -187.9202924520
       520       260.0000000000      -188.0275001250      -187.9240189490      -187.9240189490
       521       260.5000000000      -188.0350490300      -187.9302213030      -187.9302213030
       522       261.0000000000      -188.0430609020      -187.9369109190      -187.9369109190
       523       261.5000000000      -188.0492002980      -187.9418183970      -187.9418183970
       524       262.0000000000      -188.0520997520      -187.9436333130      -187.9436333130
       525       262.5000000000      -188.0518822360      -187.9425292200      -187.9425292200
       526       263.0000000000      -188.0497268080      -187.9397350560      -187.9397350560
       527       263.5000000000      -188.0469391150      -187.9366082870      -187.9366082870
       528       264.0000000000      -188.0443224720      -187.9340035580      -187.9340035580
       529       264.5000000000      -188.0422026910      -187.9322909000      -187.9322909000
       530       265.0000000000      -188.0407245650      -187.9316446630      -187.9316446630
       531       265.5000000000      -188.0399692260      -187.9321554580      -187.9321554580
       532       266.0000000000      -188.0398738820      -187.9337473820      -187.9337473820
       533       266.5000000000      -188.0401439610      -187.9360909490      -187.9360909490
       534       267.0000000000      -188.0402520620      -187.9386046890      -187.9386046890
       535       267.5000000000      -188.0395315560      -187.9405526380      -187.9405526380
       536       268.0000000000      -188.0373643390      -187.9412372610      -187.9412372610
       537       268.5000000000      -188.0334354020      -187.9402606410      -187.9402606410
       538       269.0000000000      -188.0279597810      -187.9377599290      -187.9377599290
       539       269.5000000000      -188.0217815390      -187.9345151470      -187.9345151470
       540       270.0000000000      -188.0162620290      -187.9318455940      -187.9318455940
       541       270.5000000000      -188.0127672910      -187.9311013590      -187.9311013590
       542       271.0000000000      -188.0116999750      -187.9326932230      -187.9326932230
       543       271.5000000000      -188.0118595300      -187.9354429740      -187.9354429740
       544       272.0000000000      -188.0111525320      -187.9372793540      -187.9372793540
       545       272.5000000000      -188.0081856120      -187.9368181370      -187.9368181370
       546       273.0000000000      -188.0031214070      -187.9342122260      -187.9342122260
       547       273.5000000000      -187.9971364050      -187.9306115870      -187.9306115870
       548       274.0000000000      -187.9913893070      -187.9271391300      -187.9271391300
       549       274.5000000000      -187.9865570680      -187.9244355040      -187.9244355040
       550       275.0000000000      -187.9829468210      -187.9227772060      -187.9227772060
       551       275.5000000000      -187.9806664320      -187.9222498730      -187.9222498730
       552       276.0000000000      -187.9796913960      -187.9228148080      -187.9228148080
       553       276.5000000000      -187.9799177370      -187.9243597800      -187.9243597800
       554       277.0000000000      -187.9812017250      -187.9267360260      -187.9267360260
       555       277.5000000000      -187.9833459690      -187.9297415500      -187.9297415500
       556       278.0000000000      -187.9860681360      -187.9330889900      -187.9330889900
       557       278.5000000000      -187.9890191440      -187.9364245830      -187.9364245830
       558       279.0000000000      -187.9918529910      -187.9394012460      -187.9394012460
       559       279.5000000000      -187.9942765380      -187.9417329240      -187.9417329240
       560       280.0000000000      -187.9960368470      -187.9431862260      -187.9431862260
       561       280.5000000000      -187.9969270130      -187.9435875600      -187.9435875600
       562       281.0000000000      -187.9969047910      -187.9429394570      -187.9429394570
       563       281.5000000000      -187.9962052990      -187.9415278910      -187.9415278910
       564       282.0000000000      -187.9952405610      -187.9398151280      -187.9398151280
       565       282.5000000000      -187.9943802190      -187.9382154130      -187.9382154130
       566       283.0000000000      -187.9938489710      -187.9369898410      -187.9369898410
       567       283.5000000000      -187.9936459100      -187.9361666010      -187.9361666010
       568       284.0000000000      -187.9933964950      -187.9353948050      -187.9353948050
       569       284.5000000000      -187.9924723770      -187.9340662240      -187.9340662240
       570       285.0000000000      -187.9904706440      -187.9317951090      -187.9317951090
       571       285.5000000000      -187.9875357200      -187.9287406810      -187.9287406810
       572       286.0000000000      -187.9842191040      -187.9254674160      -187.9254674160
       573       286.5000000000      -187.9811432910      -187.9226091610      -187.9226091610
       574       287.0000000000      -187.9787864490      -187.9206540220      -187.9206540220
       575       287.5000000000      -187.9774263610      -187.9198872190      -187.9198872190
       576       288.0000000000      -187.9771488180      -187.9203981070      -187.9203981070
       577       288.5000000000      -187.9778724380      -187.9221040800      -187.9221040800
       578       289.0000000000      -187.9793880140      -187.9247897990      -187.9247897990
       579       289.5000000000      -187.9813976310      -187.9281475020      -187.9281475020
       580       290.0000000000      -187.9835262440      -187.9317909820      -187.9317909820
       581       290.5000000000      -187.9853275530      -187.9352639660      -187.9352639660
       582       291.0000000000      -187.9863579630      -187.9381155330      -187.9381155330
       583       291.5000000000      -187.9863198390      -187.9400424860      -187.9400424860
       584       292.0000000000      -187.9851510790      -187.9409749510      -187.9409749510
       585       292.5000000000      -187.9830213170      -187.9410669630      -187.9410669630
       586       293.0000000000      -187.9803284590      -187.9406902200      -187.9406902200
       587       293.5000000000      -187.9775880680      -187.9403293050      -187.9403293050
       588       294.0000000000      -187.9750397810      -187.9402039340      -187.9402039340
       589       294.5000000000      -187.9723685760      -187.9400085410      -187.9400085410
       590       295.0000000000      -187.9690215430      -187.9392322970      -187.9392322970
       591       295.5000000000      -187.9647284680      -187.9376499110      -187.9376499110
       592       296.0000000000      -187.9596448930      -187.9354005080      -187.9354005080
       593       296.5000000000      -187.9542054460      -187.9327853150      -187.9327853150
       594       297.0000000000      -187.9489922850      -187.9301291180      -187.9301291180
       595       297.5000000000      -187.9446576940      -187.9277381180      -187.9277381180
       596       298.0000000000      -187.9417989990      -187.9258748950      -187.9258748950
       597       298.5000000000      -187.9407666930      -187.9247640590      -187.9247640590
       598       299.0000000000      -187.9415428920      -187.9245941420      -187.9245941420
       599       299.5000000000      -187.9438079620      -187.9254407320      -187.9254407320
       600       300.0000000000      -187.9470734300      -187.9271750120      -187.9271750120
       601       300.5000000000      -187.9507496580      -187.9294353020      -187.9294353020
       602       301.0000000000      -187.9541932630      -187.9316806620      -187.9316806620
       603       301.5000000000      -187.9568319560      -187.9333517070      -187.9333517070
       604       302.0000000000      -187.9583429730      -187.9340868390      -187.9340868390
       605       302.5000000000      -187.9587269780      -187.9338282750      -187.9338282750
       606       303.0000000000      -187.9582266870      -187.9327651140      -187.9327651140
       607       303.5000000000      -187.9572504000      -187.9312710380      -187.9312710380
       608       304.0000000000      -187.9562961430      -187.9298288370      -187.9298288370
       609       304.5000000000      -187.9556670890      -187.9287368520      -187.9287368520
       610       305.0000000000      -187.9552341430      -187.9278624670      -187.9278624670
       611       305.5000000000      -187.9546750520      -187.9268780570      -187.9268780570
       612       306.0000000000      -187.9538653580      -187.9256522320      -187.9256522320
       613       306.5000000000      -187.9529246070      -187.9242944690      -187.9242944690
       614       307.0000000000      -187.9520598820      -187.9229962720      -187.9229962720
       615       307.5000000000      -187.9515035080      -187.9219686590      -187.9219686590
       616       308.0000000000      -187.9515289190      -187.9214615530      -187.9214615530
       617       308.5000000000      -187.9524158380      -187.9217342350      -187.9217342350
       618       309.0000000000      -187.9543481580      -187.9229582820      -187.9229582820
       619       309.5000000000      -187.9572981590      -187.9251044210      -187.9251044210
       620       310.0000000000      -187.9609401990      -187.9278562950      -187.9278562950
       621       310.5000000000      -187.9646342210      -187.9305909220      -187.9305909220
       622       311.0000000000      -187.9675530930      -187.9325014790      -187.9325014790
       623       311.5000000000      -187.9690205140      -187.9329305500      -187.9329305500
       624       312.0000000000      -187.9689281570      -187.9317846750      -187.9317846750
       625       312.5000000000      -187.9678366970      -187.9296369380      -187.9296369380
       626       313.0000000000      -187.9665271160      -187.9272824710      -187.9272824710
       627       313.5000000000      -187.9654647570      -187.9252062470      -187.9252062470
       628       314.0000000000      -187.9647835360      -187.9235658350      -187.9235658350
       629       314.5000000000      -187.9644310220      -187.9223269980      -187.9223269980
       630       315.0000000000      -187.9639504990      -187.9210302370      -187.9210302370
       631       315.5000000000      -187.9625900500      -187.9188893410      -187.9188893410
       632       316.0000000000      -187.9601428430      -187.9156353770      -187.9156353770
       633       316.5000000000      -187.9573610890      -187.9119463480      -187.9119463480
       634       317.0000000000      -187.9553517510      -187.9088622330      -187.9088622330
       635       317.5000000000      -187.9548827250      -187.9071081050      -187.9071081050
       636       318.0000000000      -187.9562224700      -187.9069448070      -187.9069448070
       637       318.5000000000      -187.9592082060      -187.9082378550      -187.9082378550
       638       319.0000000000      -187.9633260840      -187.9105279220      -187.9105279220
       639       319.5000000000      -187.9678897410      -187.9131944340      -187.9131944340
       640       320.0000000000      -187.9722617380      -187.9156621990      -187.9156621990
       641       320.5000000000      -187.9759821080      -187.9175181750      -187.9175181750
       642       321.0000000000      -187.9788378960      -187.9185737150      -187.9185737150
       643       321.5000000000      -187.9809855080      -187.9189838350      -187.9189838350
       644       322.0000000000      -187.9830470800      -187.9193452730      -187.9193452730
       645       322.5000000000      -187.9858862540      -187.9204797550      -187.9204797550
       646       323.0000000000      -187.9899685950      -187.9228066310      -187.9228066310
       647       323.5000000000      -187.9948090150      -187.9258042350      -187.9258042350
       648       324.0000000000      -187.9991914670      -187.9282405820      -187.9282405820
       649       324.5000000000      -188.0021167770      -187.9291253530      -187.9291253530
       650       325.0000000000      -188.0035108320      -187.9284138650      -187.9284138650
       651       325.5000000000      -188.0038518690      -187.9266241340      -187.9266241340
       652       326.0000000000      -188.0032981020      -187.9239550150      -187.9239550150
       653       326.5000000000      -188.0015904310      -187.9201879070      -187.9201879070
       654       327.0000000000      -187.9986623550      -187.9153016980      -187.9153016980
       655       327.5000000000      -187.9949838410      -187.9098190620      -187.9098190620
       656       328.0000000000      -187.9914203420      -187.9046600090      -187.9046600090
       657       328.5000000000      -187.9889104570      -187.9008086570      -187.9008086570
       658       329.0000000000      -187.9881019980      -187.8989389150      -187.8989389150
       659       329.5000000000      -187.9890883000      -187.8991462040      -187.8991462040
       660       330.0000000000      -187.9914217860      -187.9009637760      -187.9009637760
       661       330.5000000000      -187.9943598630      -187.9036156100      -187.9036156100
       662       331.0000000000      -187.9971476210      -187.9063066700      -187.9063066700
       663       331.5000000000      -187.9992625930      -187.9084734320      -187.9084734320
       664       332.0000000000      -188.0006650750      -187.9100387470      -187.9100387470
       665       332.5000000000      -188.0019541650      -187.9115724170      -187.9115724170
       666       333.0000000000      -188.0040911510      -187.9140187730      -187.9140187730
       667       333.5000000000      -188.0075434700      -187.9178437590      -187.9178437590
       668       334.0000000000      -188.0115244140      -187.9222750410      -187.9222750410
       669       334.5000000000      -188.0144045170      -187.9257116660      -187.9257116660
       670       335.0000000000      -188.0152344430      -187.9272428690      -187.9272428690
       671       335.5000000000      -188.0147081250      -187.9276031080      -187.9276031080
       672       336.0000000000      -188.0142453980      -187.9282413560      -187.9282413560
       673       336.5000000000      -188.0143306790      -187.9296482900      -187.9296482900
       674       337.0000000000      -188.0142087640      -187.9310520700      -187.9310520700
       675       337.5000000000      -188.0128043790      -187.9313471030      -187.9313471030
       676       338.0000000000      -188.0094387970      -187.9298186600      -187.9298186600
       677       338.5000000000      -188.0040666920      -187.9263828280      -187.9263828280
       678       339.0000000000      -187.9973452860      -187.9216568730      -187.9216568730
       679       339.5000000000      -187.9904589880      -187.9167856480      -187.9167856480
       680       340.0000000000      -187.9846111390      -187.9129360560      -187.9129360560
       681       340.5000000000      -187.9804397260      -187.9107145140      -187.9107145140
       682       341.0000000000      -187.9777600970      -187.9099090470      -187.9099090470
       683       341.5000000000      -187.9758264780      -187.9097473100      -187.9097473100
       684       342.0000000000      -187.9739456090      -187.9095054510      -187.9095054510
       685       342.5000000000      -187.9720551480      -187.9090839380      -187.9090839380
       686       343.0000000000      -187.9708596260      -187.9091454350      -187.9091454350
       687       343.5000000000      -187.9712950950      -187.9105866460      -187.9105866460
       688       344.0000000000      -187.9735557140      -187.9135736540      -187.9135736540
       689       344.5000000000      -187.9764756140      -187.9169291430      -187.9169291430
       690       345.0000000000      -187.9780577150      -187.9186600770      -187.9186600770
       691       345.5000000000      -187.9770476050      -187.9175267140      -187.9175267140
       692       346.0000000000      -187.9743115990      -187.9144139880      -187.9144139880
       693       346.5000000000      -187.9724741970      -187.9119610010      -187.9119610010
       694       347.0000000000      -187.9737233030      -187.9123600270      -187.9123600270
       695       347.5000000000      -187.9780007470      -187.9155500800      -187.9155500800
       696       348.0000000000      -187.9834670130      -187.9196963240      -187.9196963240
       697       348.5000000000      -187.9882086470      -187.9229113030      -187.9229113030
       698       349.0000000000      -187.9912981760      -187.9243178710      -187.9243178710
       699       349.5000000000      -187.9928298020      -187.9240788890      -187.9240788890
       700       350.0000000000      -187.9934785020      -187.9229474510      -187.9229474510
       701       350.5000000000      -187.9940261400      -187.9217845980      -187.9217845980
       702       351.0000000000      -187.9950312320      -187.9212212360      -187.9212212360
       703       351.5000000000      -187.9966968920      -187.9215185410      -187.9215185410
       704       352.0000000000      -187.9989511610      -187.9226415530      -187.9226415530
       705       352.5000000000      -188.0016867560      -187.9244949200      -187.9244949200
       706       353.0000000000      -188.0049775870      -187.9271395860      -187.9271395860
       707       353.5000000000      -188.0090104910      -187.9307288060      -187.9307288060
       708       354.0000000000      -188.0136359940      -187.9350656810      -187.9350656810
       709       354.5000000000      -188.0178550130      -187.9390978970      -187.9390978970
       710       355.0000000000      -188.0198163710      -187.9409248840      -187.9409248840
       711       355.5000000000      -188.0176037180      -187.9385972260      -187.9385972260
       712       356.0000000000      -188.0105104090      -187.9314071760      -187.9314071760
       713       356.5000000000      -188.0000935140      -187.9209550790      -187.9209550790
       714       357.0000000000      -187.9900048580      -187.9109789080      -187.9109789080
       715       357.5000000000      -187.9839499870      -187.9052888660      -187.9052888660
       716       358.0000000000      -187.9831043510      -187.9051472530      -187.9051472530
       717       358.5000000000      -187.9856607770      -187.9087927990      -187.9087927990
       718       359.0000000000      -187.9887537260      -187.9133679420      -187.9133679420
       719       359.5000000000      -187.9903632580      -187.9168405780      -187.9168405780
       720       360.0000000000      -187.9897948730      -187.9185002240      -187.9185002240
       721       360.5000000000      -187.9872424700      -187.9185298520      -187.9185298520
       722       361.0000000000      -187.9832814530      -187.9175009230      -187.9175009230
       723       361.5000000000      -187.9786348870      -187.9161368450      -187.9161368450
       724       362.0000000000      -187.9741432630      -187.9152761850      -187.9152761850
       725       362.5000000000      -187.9707171340      -187.9158170420      -187.9158170420
       726       363.0000000000      -187.9691283950      -187.9185019650      -187.9185019650
       727       363.5000000000      -187.9697250490      -187.9236323510      -187.9236323510
       728       364.0000000000      -187.9722466250      -187.9308912730      -187.9308912730
       729       364.5000000000      -187.9757529070      -187.9392847560      -187.9392847560
       730       365.0000000000      -187.9786606920      -187.9471928010      -187.9471928010
       731       365.5000000000      -187.9790583920      -187.9527007690      -187.9527007690
       732       366.0000000000      -187.9753441410      -187.9542529150      -187.9542529150
       733       366.5000000000      -187.9669770590      -187.9513747100      -187.9513747100
       734       367.0000000000      -187.9552301630      -187.9451179700      -187.9451179700
       735       367.5000000000      -187.9441910940      -187.9373334320      -187.9373334320
       736       368.0000000000      -187.9396485620      -187.9297445700      -187.9297445700
       737       368.5000000000      -187.9418189490      -187.9264871120      -187.9264871120
       738       369.0000000000      -187.9483045600      -187.9277977990      -187.9277977990
       739       369.5000000000      -187.9557130370      -187.9307115690      -187.9307115690
       740       370.0000000000      -187.9612295000      -187.9324380250      -187.9324380250
       741       370.5000000000      -187.9636831880      -187.9317603120      -187.9317603120
       742       371.0000000000      -187.9631408340      -187.9286884740      -187.9286884740
       743       371.5000000000      -187.9601242980      -187.9236898940      -187.9236898940
       744       372.0000000000      -187.9553028200      -187.9173863080      -187.9173863080
       745       372.5000000000      -187.9497479310      -187.9108119760      -187.9108119760
       746       373.0000000000      -187.9452799040      -187.9057629050      -187.9057629050
       747       373.5000000000      -187.9441577180      -187.9044884690      -187.9044884690
       748       374.0000000000      -187.9478679490      -187.9084794490      -187.9084794490
       749       374.5000000000      -187.9559848610      -187.9173225530      -187.9173225530
       750       375.0000000000      -187.9662831070      -187.9288038640      -187.9288038640
       751       375.5000000000      -187.9759080890      -187.9400707470      -187.9400707470
       752       376.0000000000      -187.9825496260      -187.9488011180      -187.9488011180
       753       376.5000000000      -187.9850374080      -187.9537979420      -187.9537979420
       754       377.0000000000      -187.9833874230      -187.9550346430      -187.9550346430
       755       377.5000000000      -187.9785668740      -187.9534188150      -187.9534188150
       756       378.0000000000      -187.9722179180      -187.9505165150      -187.9505165150
       757       378.5000000000      -187.9662675770      -187.9481712170      -187.9481712170
       758       379.0000000000      -187.9621357270      -187.9477298460      -187.9477298460
       759       379.5000000000      -187.9598664580      -187.9491921460      -187.9491921460
       760       380.0000000000      -187.9581795110      -187.9512640680      -187.9512640680
       761       380.5000000000      -187.9555268370      -187.9523945150      -187.9523945150
       762       381.0000000000      -187.9516595740      -187.9509956870      -187.9509956870
       763       381.5000000000      -187.9487894830      -187.9452379790      -187.9452379790
       764       382.0000000000      -187.9439411680      -187.9383878840      -187.9383878840
       765       382.5000000000      -187.9372678270      -187.9305385050      -187.9305385050
       766       383.0000000000      -187.9291887060      -187.9219741490      -187.9219741490
       767       383.5000000000      -187.9210537260      -187.9137518400      -187.9137518400
       768       384.0000000000      -187.9155008180      -187.9079713830      -187.9079713830
       769       384.5000000000      -187.9155018270      -187.9069671480      -187.9069671480
       770       385.0000000000      -187.9222538780      -187.9116723000      -187.9116723000
       771       385.5000000000      -187.9340563390      -187.9205776670      -187.9205776670
       772       386.0000000000      -187.9474018950      -187.9304719650      -187.9304719650
       773       386.5000000000      -187.9589986900      -187.9382957280      -187.9382957280
       774       387.0000000000      -187.9671116070      -187.9424826630      -187.9424826630
       775       387.5000000000      -187.9716981950      -187.9431174000      -187.9431174000
       776       388.0000000000      -187.9736631850      -187.9412002490      -187.9412002490
       777       388.5000000000      -187.9740359750      -187.9378271560      -187.9378271560
       778       389.0000000000      -187.9738382270      -187.9340607710      -187.9340607710
       779       389.5000000000      -187.9743601450      -187.9312158260      -187.9312158260
       780       390.0000000000      -187.9767709950      -187.9304804030      -187.9304804030
       781       390.5000000000      -187.9811674970      -187.9319687760      -187.9319687760
       782       391.0000000000      -187.9864484560      -187.9345917710      -187.9345917710
       783       391.5000000000      -187.9912612740      -187.9369951120      -187.9369951120
       784       392.0000000000      -187.9947985050      -187.9383525640      -187.9383525640
       785       392.5000000000      -187.9967937150      -187.9383647210      -187.9383647210
       786       393.0000000000      -187.9971605060      -187.9369062200      -187.9369062200
       787       393.5000000000      -187.9958762570      -187.9339184830      -187.9339184830
       788       394.0000000000      -187.9933026420      -187.9297372240      -187.9297372240
       789       394.5000000000      -187.9906487040      -187.9255589660      -187.9255589660
       790       395.0000000000      -187.9898805760      -187.9233509340      -187.9233509340
       791       395.5000000000      -187.9925628650      -187.9246905850      -187.9246905850
       792       396.0000000000      -187.9983508990      -187.9292548830      -187.9292548830
       793       396.5000000000      -188.0048180270      -187.9346429380      -187.9346429380
       794       397.0000000000      -188.0090670900      -187.9379815260      -187.9379815260
       795       397.5000000000      -188.0096187290      -187.9378070070      -187.9378070070
       796       398.0000000000      -188.0070310790      -187.9346792270      -187.9346792270
       797       398.5000000000      -188.0030004460      -187.9302785810      -187.9302785810
       798       399.0000000000      -187.9989572580      -187.9260019770      -187.9260019770
       799       399.5000000000      -187.9956138640      -187.9225181350      -187.9225181350
       800       400.0000000000      -187.9935431290      -187.9203608790      -187.9203608790
