 # Step, Time, Current state, Current potential, Velocity norm, current gradient
         0      0.00000000     2      -187.9012094290         0.0076600882         0.2436948982
         1      0.50000000     2      -187.9008691140         0.0076557335         0.2508429892
         2      1.00000000     2      -187.9024526580         0.0077549292         0.2345006518
         3      1.50000000     2      -187.9037477860         0.0078191760         0.2112981137
         4      2.00000000     2      -187.9019491460         0.0076807094         0.2050602362
         5      2.50000000     2      -187.8967311520         0.0073135266         0.2188711418
         6      3.00000000     2      -187.8905253180         0.0068589633         0.2294210733
         7      3.50000000     2      -187.8858237090         0.0064996797         0.2248211010
         8      4.00000000     2      -187.8833632120         0.0063345872         0.2202235377
         9      4.50000000     2      -187.8835418900         0.0064217562         0.2261822885
        10      5.00000000     2      -187.8874159290         0.0068125301         0.2275462359
        11      5.50000000     2      -187.8950053590         0.0074385848         0.2126393723
        12      6.00000000     2      -187.9041625620         0.0081017938         0.1881221186
        13      6.50000000     2      -187.9116872560         0.0085989312         0.1657428428
        14      7.00000000     2      -187.9145087980         0.0087737710         0.1545916348
        15      7.50000000     2      -187.9100305530         0.0084902617         0.1714635698
        16      8.00000000     2      -187.8974113500         0.0076549828         0.2313515705
        17      8.50000000     2      -187.8808277960         0.0064012724         0.3087134320
        18      9.00000000     2      -187.8702874340         0.0053964917         0.3470738746
        19      9.50000000     2      -187.8732352220         0.0055185663         0.3138706979
        20     10.00000000     2      -187.8861078990         0.0065042966         0.2425988985
        21     10.50000000     2      -187.9004989610         0.0075412128         0.1953703640
        22     11.00000000     2      -187.9120302210         0.0083247532         0.1844635124
        23     11.50000000     2      -187.9197658540         0.0088282438         0.1813411580
        24     12.00000000     2      -187.9228276320         0.0090257413         0.1796941105
        25     12.50000000     2      -187.9201985310         0.0088713533         0.1899110085
        26     13.00000000     2      -187.9123472990         0.0083732051         0.2094574959
        27     13.50000000     2      -187.9015562030         0.0076242472         0.2244989843
        28     14.00000000     2      -187.8904249820         0.0067653584         0.2343184536
        29     14.50000000     2      -187.8810453370         0.0059701536         0.2502338064
        30     15.00000000     2      -187.8757487560         0.0054977299         0.2659763885
        31     15.50000000     2      -187.8765014730         0.0055844181         0.2612896007
        32     16.00000000     2      -187.8827781960         0.0061429659         0.2331051560
        33     16.50000000     2      -187.8917824160         0.0068587324         0.1982267268
        34     17.00000000     2      -187.9008947530         0.0075156513         0.1730051113
        35     17.50000000     2      -187.9088221490         0.0080449927         0.1594158017
        36     18.00000000     2      -187.9147591550         0.0084185777         0.1508004541
        37     18.50000000     2      -187.9172030270         0.0085645462         0.1462947494
        38     19.00000000     2      -187.9137584150         0.0083505065         0.1610794361
        39     19.50000000     2      -187.9027981570         0.0076504700         0.2149236387
        40     20.00000000     2      -187.8871809720         0.0065500742         0.2940262605
        41     20.50000000     2      -187.8765370150         0.0056976868         0.3497075275
        42     21.00000000     2      -187.8807920450         0.0060652699         0.3405225086
        43     21.50000000     2      -187.8990751290         0.0074334002         0.2776321770
        44     22.00000000     2      -187.9211190250         0.0088293160         0.2081558594
        45     22.50000000     2      -187.9374970770         0.0097501495         0.1603750403
        46     23.00000000     2      -187.9435916370         0.0100704458         0.1364371480
        47     23.50000000     2      -187.9384359690         0.0097929194         0.1408655520
        48     24.00000000     2      -187.9239595230         0.0089825550         0.1733122721
        49     24.50000000     2      -187.9049159220         0.0078015300         0.2148304413
        50     25.00000000     2      -187.8877570420         0.0065671353         0.2439041926
        51     25.50000000     2      -187.8778042810         0.0057330188         0.2467448044
        52     26.00000000     2      -187.8763605220         0.0056018600         0.2233908025
        53     26.50000000     2      -187.8806412480         0.0059898863         0.1904475786
        54     27.00000000     2      -187.8867991050         0.0065142181         0.1701554779
        55     27.50000000     2      -187.8926733110         0.0069798796         0.1696285369
        56     28.00000000     2      -187.8980325820         0.0073716571         0.1783127511
        57     28.50000000     2      -187.9033242940         0.0077238450         0.1857223539
        58     29.00000000     2      -187.9085284390         0.0080364159         0.1882938009
        59     29.50000000     2      -187.9126720920         0.0082500108         0.1870316702
        60     30.00000000     2      -187.9139323920         0.0082562271         0.1867229315
        61     30.50000000     2      -187.9103293650         0.0079291536         0.1996034043
        62     31.00000000     2      -187.9014531700         0.0072069814         0.2423472120
        63     31.50000000     2      -187.8913187720         0.0062999506         0.3068952453
        64     32.00000000     2      -187.8889298040         0.0059227082         0.3474773863
        65     32.50000000     2      -187.9008060960         0.0066633990         0.3231939434
        66     33.00000000     2      -187.9220330140         0.0079517255         0.2429507621
        67     33.50000000     2      -187.9405041700         0.0089496208         0.1534057304
        68     34.00000000     2      -187.9476690240         0.0092986995         0.1119744634
        69     34.50000000     2      -187.9421720410         0.0089892748         0.1443202040
        70     35.00000000     2      -187.9278605500         0.0081833562         0.2010266454
        71     35.50000000     2      -187.9111665820         0.0071702783         0.2502397563
        72     36.00000000     2      -187.8984895540         0.0063498332         0.2740610012
        73     36.50000000     2      -187.8930503820         0.0060409384         0.2638689372
        74     37.00000000     2      -187.8934251930         0.0061841890         0.2300567872
        75     37.50000000     2      -187.8959496350         0.0064697610         0.1957357308
        76     38.00000000     2      -187.8981795910         0.0067008813         0.1775579087
        77     38.50000000     2      -187.8998724220         0.0068688981         0.1750555176
        78     39.00000000     2      -187.9019445500         0.0070496858         0.1792718253
        79     39.50000000     2      -187.9052915500         0.0073089599         0.1838387920
        80     40.00000000     2      -187.9102212430         0.0076600776         0.1860633849
        81     40.50000000     2      -187.9163303180         0.0080628139         0.1845832113
        82     41.00000000     2      -187.9225099570         0.0084379823         0.1791255413
        83     41.50000000     2      -187.9270198340         0.0086830394         0.1738220470
        84     42.00000000     2      -187.9279676770         0.0086987870         0.1817683113
        85     42.50000000     2      -187.9247248600         0.0084564176         0.2178049089
        86     43.00000000     2      -187.9200680640         0.0081158932         0.2724062153
        87     43.50000000     2      -187.9201968090         0.0080490366         0.3067286005
        88     44.00000000     2      -187.9288169050         0.0084627080         0.2889920920
        89     44.50000000     2      -187.9409805250         0.0090312501         0.2350369491
        90     45.00000000     2      -187.9476783310         0.0092733849         0.2009823278
        91     45.50000000     2      -187.9450292050         0.0090143338         0.2166497173
        92     46.00000000     2      -187.9360481400         0.0084259800         0.2511962696
        93     46.50000000     2      -187.9266152690         0.0078464543         0.2676744570
        94     47.00000000     2      -187.9210194290         0.0075152943         0.2474507565
        95     47.50000000     2      -187.9188325180         0.0074074244         0.2093895618
        96     48.00000000     2      -187.9173288600         0.0073519889         0.1803048822
        97     48.50000000     2      -187.9148872770         0.0072403873         0.1734296813
        98     49.00000000     2      -187.9117394940         0.0070835255         0.1822541723
        99     49.50000000     2      -187.9090492030         0.0069598060         0.1953293402
       100     50.00000000     2      -187.9079516820         0.0069510616         0.2067365887
       101     50.50000000     2      -187.9091145790         0.0071014840         0.2148888390
       102     51.00000000     2      -187.9126935400         0.0074060020         0.2194993724
       103     51.50000000     2      -187.9184116580         0.0078209024         0.2198645311
       104     52.00000000     2      -187.9255582450         0.0082783299         0.2145324618
       105     52.50000000     2      -187.9328340810         0.0086909456         0.2024961344
       106     53.00000000     2      -187.9381505570         0.0089480567         0.1878312444
       107     53.50000000     2      -187.9388462350         0.0089229856         0.1900710202
       108     54.00000000     2      -187.9332664700         0.0085341559         0.2344620470
       109     54.50000000     2      -187.9236919640         0.0078838057         0.3015533310
       110     55.00000000     2      -187.9165454000         0.0073306111         0.3380507299
       111     55.50000000     2      -187.9158053010         0.0071758082         0.3174039956
       112     56.00000000     2      -187.9179265830         0.0072616678         0.2707746977
       113     56.50000000     2      -187.9176636440         0.0072825210         0.2511600127
       114     57.00000000     2      -187.9149561190         0.0072259326         0.2588551436
       115     57.50000000     2      -187.9129891370         0.0072611920         0.2559526698
       116     58.00000000     2      -187.9127829940         0.0074153926         0.2327591039
       117     58.50000000     2      -187.9124197770         0.0075378089         0.2086950452
       118     59.00000000     2      -187.9101347240         0.0075042883         0.2013609697
       119     59.50000000     2      -187.9061161650         0.0073202154         0.2089005034
       120     60.00000000     2      -187.9019341670         0.0070855699         0.2205598832
       121     60.50000000     2      -187.8993690310         0.0069292156         0.2290046158
       122     61.00000000     2      -187.8996713050         0.0069528895         0.2312361770
       123     61.50000000     2      -187.9032702490         0.0071910122         0.2271169279
       124     62.00000000     2      -187.9097755680         0.0076047655         0.2194129373
       125     62.50000000     2      -187.9182562630         0.0081169222         0.2134471513
       126     63.00000000     2      -187.9277228620         0.0086564180         0.2125319675
       127     63.50000000     2      -187.9373776680         0.0091719481         0.2110930633
       128     64.00000000     2      -187.9460780740         0.0096009096         0.1975079709
       129     64.50000000     2      -187.9514143210         0.0098311777         0.1704229969
       130     65.00000000     2      -187.9501419620         0.0097228991         0.1582157265
       131     65.50000000     2      -187.9408403400         0.0092074305         0.1953673441
       132     66.00000000     2      -187.9264343410         0.0083962013         0.2539823005
       133     66.50000000     2      -187.9128966900         0.0075893335         0.2932812486
       134     67.00000000     2      -187.9049449780         0.0071227501         0.3033254918
       135     67.50000000     2      -187.9039456860         0.0071514500         0.2891379088
       136     68.00000000     2      -187.9084743500         0.0075535634         0.2533017320
       137     68.50000000     2      -187.9149811750         0.0080405114         0.2059642055
       138     69.00000000     2      -187.9195967550         0.0083647907         0.1694496043
       139     69.50000000     2      -187.9204237870         0.0084310428         0.1597699773
       140     70.00000000     2      -187.9179278680         0.0082731442         0.1705473987
       141     70.50000000     2      -187.9137947410         0.0079865003         0.1876506749
       142     71.00000000     2      -187.9098261500         0.0076788232         0.2037544783
       143     71.50000000     2      -187.9074377970         0.0074460293         0.2164714546
       144     72.00000000     2      -187.9075446200         0.0073582121         0.2248422190
       145     72.50000000     2      -187.9105586090         0.0074471804         0.2283924808
       146     73.00000000     2      -187.9164161720         0.0077018526         0.2271637442
       147     73.50000000     2      -187.9246400420         0.0080777560         0.2210612433
       148     74.00000000     2      -187.9343450920         0.0085096166         0.2088486196
       149     74.50000000     2      -187.9440665110         0.0089126801         0.1892763446
       150     75.00000000     2      -187.9515922940         0.0091795580         0.1658110098
       151     75.50000000     2      -187.9543111410         0.0091929715         0.1527724902
       152     76.00000000     2      -187.9503565260         0.0088634922         0.1695917224
       153     76.50000000     2      -187.9400750970         0.0081845173         0.2124305341
       154     77.00000000     2      -187.9265276250         0.0072790432         0.2565158763
       155     77.50000000     2      -187.9139210220         0.0063943415         0.2857579372
       156     78.00000000     2      -187.9054172840         0.0058333132         0.3013201895
       157     78.50000000     2      -187.9027394870         0.0058308446         0.3026175602
       158     79.00000000     2      -187.9058787830         0.0063419110         0.2801009119
       159     79.50000000     2      -187.9119666100         0.0070234419         0.2391580630
       160     80.00000000     2      -187.9168096580         0.0075455488         0.2044386685
       161     80.50000000     2      -187.9181152350         0.0077873842         0.1940314894
       162     81.00000000     2      -187.9163687510         0.0078018672         0.2020898125
       163     81.50000000     2      -187.9135021420         0.0077156015         0.2138508164
       164     82.00000000     2      -187.9114518080         0.0076541108         0.2205669509
       165     82.50000000     2      -187.9114226070         0.0076992514         0.2194279192
       166     83.00000000     2      -187.9137065630         0.0078717925         0.2111856602
       167     83.50000000     2      -187.9178332140         0.0081406360         0.1996651256
       168     84.00000000     2      -187.9229763300         0.0084545810         0.1910477667
       169     84.50000000     2      -187.9284859040         0.0087765546         0.1890193883
       170     85.00000000     2      -187.9341117850         0.0090921314         0.1884674534
       171     85.50000000     2      -187.9394820180         0.0093794877         0.1792658182
       172     86.00000000     2      -187.9432360630         0.0095704916         0.1587083902
       173     86.50000000     2      -187.9430003890         0.0095532163         0.1409507665
       174     87.00000000     2      -187.9366644990         0.0092213318         0.1519003508
       175     87.50000000     2      -187.9240310460         0.0085335764         0.1947534126
       176     88.00000000     2      -187.9076608060         0.0075640764         0.2468470382
       177     88.50000000     2      -187.8923337070         0.0065495624         0.2871775779
       178     89.00000000     2      -187.8830842510         0.0058887486         0.3006196853
       179     89.50000000     2      -187.8823666000         0.0058964769         0.2799564850
       180     90.00000000     2      -187.8883785900         0.0064276770         0.2331106790
       181     90.50000000     2      -187.8967400770         0.0070740132         0.1817816406
       182     91.00000000     2      -187.9038652720         0.0075776942         0.1483852825
       183     91.50000000     2      -187.9085213270         0.0078870657         0.1410354078
       184     92.00000000     2      -187.9112036250         0.0080540510         0.1503759437
       185     92.50000000     2      -187.9130113870         0.0081543035         0.1645605360
       186     93.00000000     2      -187.9149622170         0.0082508331         0.1770319889
       187     93.50000000     2      -187.9177121520         0.0083811426         0.1846072872
       188     94.00000000     2      -187.9214522020         0.0085537191         0.1861584501
       189     94.50000000     2      -187.9259221690         0.0087518686         0.1823297604
       190     95.00000000     2      -187.9305506920         0.0089443432         0.1745169019
       191     95.50000000     2      -187.9346230830         0.0090955823         0.1636601211
       192     96.00000000     2      -187.9373593990         0.0091689898         0.1506277153
       193     96.50000000     2      -187.9379432860         0.0091259543         0.1381202765
       194     97.00000000     2      -187.9356383990         0.0089278146         0.1320016471
       195     97.50000000     2      -187.9300259330         0.0085434782         0.1390188333
       196     98.00000000     2      -187.9212454160         0.0079595908         0.1608811051
       197     98.50000000     2      -187.9100923250         0.0071900221         0.1941400799
       198     99.00000000     2      -187.8980544590         0.0062957536         0.2352324213
       199     99.50000000     2      -187.8875737380         0.0054487195         0.2771494013
       200    100.00000000     2      -187.8819730380         0.0050005271         0.3032812236
       201    100.50000000     2      -187.8835588610         0.0052501235         0.2975147577
       202    101.00000000     2      -187.8911040400         0.0060024383         0.2629324675
       203    101.50000000     2      -187.9005861680         0.0068189908         0.2217730754
       204    102.00000000     2      -187.9085423540         0.0074517325         0.1956391854
       205    102.50000000     2      -187.9138376500         0.0078639897         0.1892687179
       206    103.00000000     2      -187.9170727400         0.0081163881         0.1944691457
       207    103.50000000     2      -187.9194555910         0.0082897830         0.2024252768
       208    104.00000000     2      -187.9220770740         0.0084504036         0.2075753180
       209    104.50000000     2      -187.9255183000         0.0086330304         0.2077311366
       210    105.00000000     2      -187.9297388660         0.0088380658         0.2040077007
       211    105.50000000     2      -187.9342952470         0.0090453123         0.1983386719
       212    106.00000000     2      -187.9386310480         0.0092299262         0.1905209680
       213    106.50000000     2      -187.9421170870         0.0093644950         0.1789967815
       214    107.00000000     2      -187.9439374960         0.0094125675         0.1638598184
       215    107.50000000     2      -187.9431148010         0.0093272972         0.1483012416
       216    108.00000000     2      -187.9387434880         0.0090579374         0.1385920305
       217    108.50000000     2      -187.9303528380         0.0085616612         0.1427575671
       218    109.00000000     2      -187.9183901640         0.0078256979         0.1645883508
       219    109.50000000     2      -187.9047408410         0.0069112748         0.1974421759
       220    110.00000000     2      -187.8927832650         0.0060182121         0.2267348531
       221    110.50000000     2      -187.8862044680         0.0054959514         0.2374548666
       222    111.00000000     2      -187.8867781940         0.0056100264         0.2232966364
       223    111.50000000     2      -187.8931285040         0.0062231862         0.1920952177
       224    112.00000000     2      -187.9019658780         0.0069809881         0.1613392431
       225    112.50000000     2      -187.9103269280         0.0076426306         0.1465449427
       226    113.00000000     2      -187.9167045130         0.0081247177         0.1504986582
       227    113.50000000     2      -187.9209197100         0.0084335735         0.1650338312
       228    114.00000000     2      -187.9235889710         0.0086147699         0.1812865183
       229    114.50000000     2      -187.9256078640         0.0087250701         0.1937162548
       230    115.00000000     2      -187.9276895170         0.0088110851         0.2001563161
       231    115.50000000     2      -187.9300687630         0.0088941291         0.2011325193
       232    116.00000000     2      -187.9325004090         0.0089687376         0.1983997899
       233    116.50000000     2      -187.9344803290         0.0090135571         0.1936965577
       234    117.00000000     2      -187.9355053050         0.0090051385         0.1882482375
       235    117.50000000     2      -187.9352293050         0.0089263046         0.1826356902
       236    118.00000000     2      -187.9334507880         0.0087655577         0.1772580253
       237    118.50000000     2      -187.9299748050         0.0085094989         0.1737747560
       238    119.00000000     2      -187.9245152640         0.0081358928         0.1769211293
       239    119.50000000     2      -187.9168657750         0.0076199066         0.1939408398
       240    120.00000000     2      -187.9074998490         0.0069693835         0.2278488680
       241    120.50000000     2      -187.8983705830         0.0062966181         0.2695663240
       242    121.00000000     2      -187.8928890460         0.0058724638         0.3000849508
       243    121.50000000     2      -187.8940042940         0.0059795193         0.3030703894
       244    122.00000000     2      -187.9016348450         0.0065814016         0.2779392822
       245    122.50000000     2      -187.9125805480         0.0073587514         0.2394410666
       246    123.00000000     2      -187.9229503400         0.0080330251         0.2045688890
       247    123.50000000     2      -187.9300451230         0.0084721464         0.1848348412
       248    124.00000000     2      -187.9326948140         0.0086432137         0.1886331563
       249    124.50000000     2      -187.9312980340         0.0085827118         0.2156362256
       250    125.00000000     2      -187.9279230220         0.0084002866         0.2503979969
       251    125.50000000     2      -187.9255225070         0.0082528117         0.2739179861
       252    126.00000000     2      -187.9260924190         0.0082525070         0.2764150439
       253    126.50000000     2      -187.9293756160         0.0083856806         0.2601829728
       254    127.00000000     2      -187.9334070370         0.0085428999         0.2345252031
       255    127.50000000     2      -187.9360654820         0.0086129653         0.2089554930
       256    128.00000000     2      -187.9361117400         0.0085354244         0.1890725243
       257    128.50000000     2      -187.9332528200         0.0082952754         0.1761277420
       258    129.00000000     2      -187.9277021230         0.0078962792         0.1698211892
       259    129.50000000     2      -187.9198562990         0.0073442501         0.1715486258
       260    130.00000000     2      -187.9104451030         0.0066596386         0.1837126062
       261    130.50000000     2      -187.9011240450         0.0059292982         0.2052134889
       262    131.00000000     2      -187.8946565850         0.0053705403         0.2294930827
       263    131.50000000     2      -187.8932423060         0.0052800203         0.2408911925
       264    132.00000000     2      -187.8974553390         0.0057539190         0.2327656447
       265    132.50000000     2      -187.9058437060         0.0065561337         0.2094371652
       266    133.00000000     2      -187.9155849490         0.0073801590         0.1836953528
       267    133.50000000     2      -187.9239798220         0.0080367761         0.1667718989
       268    134.00000000     2      -187.9292913770         0.0084453301         0.1631480896
       269    134.50000000     2      -187.9308581690         0.0085895771         0.1738069731
       270    135.00000000     2      -187.9292558730         0.0085110699         0.1963181374
       271    135.50000000     2      -187.9264802050         0.0083251195         0.2203211727
       272    136.00000000     2      -187.9251795570         0.0081942293         0.2316152827
       273    136.50000000     2      -187.9268017590         0.0082241767         0.2230276822
       274    137.00000000     2      -187.9304496180         0.0083805420         0.1996812634
       275    137.50000000     2      -187.9338191610         0.0085400171         0.1742673257
       276    138.00000000     2      -187.9350221840         0.0086011772         0.1577497544
       277    138.50000000     2      -187.9334688750         0.0085317361         0.1530614282
       278    139.00000000     2      -187.9295488150         0.0083486507         0.1570546445
       279    139.50000000     2      -187.9238935950         0.0080792381         0.1674080820
       280    140.00000000     2      -187.9169180590         0.0077361202         0.1858928146
       281    140.50000000     2      -187.9089480900         0.0073236356         0.2155342496
       282    141.00000000     2      -187.9008874240         0.0068828486         0.2540718536
       283    141.50000000     2      -187.8948378750         0.0065501309         0.2901195033
       284    142.00000000     2      -187.8935596590         0.0065332537         0.3078370390
       285    142.50000000     2      -187.8984581460         0.0069264229         0.2984546786
       286    143.00000000     2      -187.9080687380         0.0075827016         0.2683944672
       287    143.50000000     2      -187.9190699670         0.0082622064         0.2339820546
       288    144.00000000     2      -187.9284835200         0.0088040679         0.2065244926
       289    144.50000000     2      -187.9344405840         0.0091342519         0.1866624061
       290    145.00000000     2      -187.9355585800         0.0092045720         0.1799923751
       291    145.50000000     2      -187.9310683100         0.0089866735         0.2032261315
       292    146.00000000     2      -187.9224255350         0.0085467200         0.2512204183
       293    146.50000000     2      -187.9140239200         0.0081067845         0.2916728643
       294    147.00000000     2      -187.9104238240         0.0079339182         0.2986136975
       295    147.50000000     2      -187.9122795150         0.0080796229         0.2711268317
       296    148.00000000     2      -187.9161656740         0.0083365412         0.2289031008
       297    148.50000000     2      -187.9181595890         0.0084758875         0.1942574191
       298    149.00000000     2      -187.9164625030         0.0083974710         0.1774569801
       299    149.50000000     2      -187.9113274370         0.0081074575         0.1750489899
       300    150.00000000     2      -187.9038734670         0.0076527200         0.1799845453
       301    150.50000000     2      -187.8952736960         0.0070841663         0.1894296742
       302    151.00000000     2      -187.8867007310         0.0064644770         0.2037555792
       303    151.50000000     2      -187.8797143890         0.0059136997         0.2212834678
       304    152.00000000     2      -187.8763479800         0.0056460495         0.2494618191
       305    152.50000000     2      -187.8776322940         0.0058680441         0.2867729822
       306    153.00000000     2      -187.8852076110         0.0065615932         0.2742990051
       307    153.50000000     2      -187.8970078510         0.0074558507         0.2456863725
       308    154.00000000     2      -187.9083106090         0.0082390134         0.1758653417
       309    154.50000000     2      -187.9158933620         0.0087366213         0.1763219041
       310    155.00000000     2      -187.9183674800         0.0089156318         0.1973156330
       311    155.50000000     2      -187.9161091350         0.0088057337         0.2268481993
       312    156.00000000     2      -187.9111671010         0.0085100750         0.2549766199
       313    156.50000000     2      -187.9066083480         0.0081981225         0.2777807849
       314    157.00000000     2      -187.9058135370         0.0080816583         0.2889481933
       315    157.50000000     2      -187.9108605080         0.0082920362         0.2771923535
       316    158.00000000     2      -187.9203149180         0.0087272113         0.2412999521
       317    158.50000000     2      -187.9296868830         0.0091262959         0.1988228048
       318    159.00000000     2      -187.9349422220         0.0092899841         0.1719747305
       319    159.50000000     2      -187.9348721430         0.0091698199         0.1671181963
       320    160.00000000     2      -187.9305404780         0.0088192610         0.1748656785
       321    160.50000000     2      -187.9236576200         0.0083198905         0.1874674201
       322    161.00000000     2      -187.9155764880         0.0077390818         0.2047978819
       323    161.50000000     2      -187.9072549170         0.0071294332         0.2294199620
       324    162.00000000     2      -187.8998025920         0.0065640042         0.2588004073
       325    162.50000000     2      -187.8945210170         0.0061553283         0.2788702460
       326    163.00000000     2      -187.8922746180         0.0060782963         0.3106505752
       327    163.50000000     2      -187.8961881330         0.0064693427         0.3147773778
       328    164.00000000     2      -187.9062127980         0.0072176846         0.2965063846
       329    164.50000000     2      -187.9195062130         0.0080443673         0.2627163688
       330    165.00000000     2      -187.9318563590         0.0086940840         0.2279381757
       331    165.50000000     2      -187.9395624880         0.0090119264         0.2113674559
       332    166.00000000     2      -187.9409260340         0.0089501537         0.2224339846
       333    166.50000000     2      -187.9365152670         0.0085470048         0.2533810957
       334    167.00000000     2      -187.9285603440         0.0079108255         0.2954801728
       335    167.50000000     2      -187.9208727050         0.0072652001         0.3394616002
       336    168.00000000     2      -187.9187633350         0.0069921600         0.3593177170
       337    168.50000000     2      -187.9254787880         0.0073419471         0.3293455694
       338    169.00000000     2      -187.9377546560         0.0080523681         0.2582925018
       339    169.50000000     2      -187.9484196830         0.0086620963         0.1846871547
       340    170.00000000     2      -187.9526491920         0.0089297305         0.1455659461
       341    170.50000000     2      -187.9497678910         0.0088371316         0.1478852593
       342    171.00000000     2      -187.9413615240         0.0084561542         0.1712980163
       343    171.50000000     2      -187.9295418560         0.0078722299         0.2023533425
       344    172.00000000     2      -187.9164948260         0.0071781143         0.2352221352
       345    172.50000000     2      -187.9046033570         0.0065037528         0.2639223494
       346    173.00000000     2      -187.8963421030         0.0060376108         0.2824847925
       347    173.50000000     2      -187.8937371250         0.0059765657         0.2866609790
       348    174.00000000     2      -187.8976853580         0.0063859793         0.2751872907
       349    174.50000000     2      -187.9075431640         0.0071324348         0.2511948438
       350    175.00000000     2      -187.9211971160         0.0079954709         0.2216821633
       351    175.50000000     2      -187.9356624110         0.0087899577         0.1934249439
       352    176.00000000     2      -187.9480077570         0.0093956304         0.1709667061
       353    176.50000000     2      -187.9557688430         0.0097322076         0.1578638703
       354    177.00000000     2      -187.9569519290         0.0097329178         0.1625314841
       355    177.50000000     2      -187.9505709500         0.0093532089         0.1969742661
       356    178.00000000     2      -187.9381721070         0.0086394143         0.2586262498
       357    178.50000000     2      -187.9253056470         0.0078510274         0.3224866308
       358    179.00000000     2      -187.9198524490         0.0074745365         0.3536036830
       359    179.50000000     2      -187.9256975460         0.0077980471         0.3319389570
       360    180.00000000     2      -187.9382324500         0.0084932343         0.2722586114
       361    180.50000000     2      -187.9486929540         0.0090346928         0.2130685856
       362    181.00000000     2      -187.9514343610         0.0091568995         0.1857205552
       363    181.50000000     2      -187.9459183200         0.0088464224         0.1910210475
       364    182.00000000     2      -187.9346087580         0.0082054919         0.2108877477
       365    182.50000000     2      -187.9207790310         0.0073737498         0.2323436838
       366    183.00000000     2      -187.9074149370         0.0065091385         0.2492902756
       367    183.50000000     2      -187.8967468760         0.0057875597         0.2594797171
       368    184.00000000     2      -187.8901081610         0.0053865852         0.2640411987
       369    184.50000000     2      -187.8881469220         0.0054305651         0.2650329403
       370    185.00000000     2      -187.8910923920         0.0059172525         0.2616351359
       371    185.50000000     2      -187.8985825190         0.0067104664         0.2510308887
       372    186.00000000     2      -187.9092523430         0.0076147378         0.2330826546
       373    186.50000000     2      -187.9207595690         0.0084478039         0.2117416012
       374    187.00000000     2      -187.9303081250         0.0090676833         0.1929864489
       375    187.50000000     2      -187.9352277030         0.0093687094         0.1851558267
       376    188.00000000     2      -187.9336301590         0.0092804950         0.1997230221
       377    188.50000000     2      -187.9255352570         0.0088013651         0.2404888830
       378    189.00000000     2      -187.9141165450         0.0080750643         0.2930624771
       379    189.50000000     2      -187.9054799140         0.0074608527         0.3323403859
       380    190.00000000     2      -187.9054738110         0.0073987769         0.3333002429
       381    190.50000000     2      -187.9146637910         0.0079437059         0.2853626255
       382    191.00000000     2      -187.9268161120         0.0086535113         0.2072351753
       383    191.50000000     2      -187.9341293980         0.0090869439         0.1422779592
       384    192.00000000     2      -187.9329728930         0.0090812117         0.1341063072
       385    192.50000000     2      -187.9244839320         0.0086882612         0.1679446756
       386    193.00000000     2      -187.9121551540         0.0080565947         0.2053340160
       387    193.50000000     2      -187.8996227820         0.0073600932         0.2322851657
       388    194.00000000     2      -187.8894703500         0.0067567363         0.2467510118
       389    194.50000000     2      -187.8829263060         0.0063569377         0.2508914765
       390    195.00000000     2      -187.8801736450         0.0062052095         0.2476814084
       391    195.50000000     2      -187.8808060370         0.0062832506         0.2397256853
       392    196.00000000     2      -187.8841528340         0.0065340356         0.2298277679
       393    196.50000000     2      -187.8895256170         0.0068954343         0.2205244432
       394    197.00000000     2      -187.8963841190         0.0073217616         0.2120813754
       395    197.50000000     2      -187.9042582070         0.0077794115         0.2016748626
       396    198.00000000     2      -187.9123671540         0.0082232777         0.1853988481
       397    198.50000000     2      -187.9191449780         0.0085736765         0.1635054649
       398    199.00000000     2      -187.9221771330         0.0087164275         0.1512351764
       399    199.50000000     2      -187.9192468100         0.0085475342         0.1797678631
       400    200.00000000     2      -187.9106720030         0.0080747307         0.2477614539
       401    200.50000000     2      -187.9011793570         0.0075384686         0.3146539394
       402    201.00000000     2      -187.8977475010         0.0073624083         0.3414296154
       403    201.50000000     2      -187.9032351870         0.0077289362         0.3142854781
       404    202.00000000     2      -187.9131077850         0.0083185548         0.2552536563
       405    202.50000000     2      -187.9201891460         0.0087138990         0.2088428503
       406    203.00000000     2      -187.9209464590         0.0087475277         0.2032088640
       407    203.50000000     2      -187.9165618540         0.0084819056         0.2200828545
       408    204.00000000     2      -187.9102235040         0.0080739183         0.2321631467
       409    204.50000000     2      -187.9045265790         0.0076688615         0.2311903904
       410    205.00000000     2      -187.9006618070         0.0073565671         0.2216096145
       411    205.50000000     2      -187.8989406750         0.0071823043         0.2103471062
       412    206.00000000     2      -187.8994567040         0.0071711522         0.2007786822
       413    206.50000000     2      -187.9022454280         0.0073304713         0.1927715910
       414    207.00000000     2      -187.9071337250         0.0076394529         0.1856360644
       415    207.50000000     2      -187.9136408920         0.0080499718         0.1792747879
       416    208.00000000     2      -187.9209807060         0.0084977640         0.1732965057
       417    208.50000000     2      -187.9280201080         0.0089083315         0.1668245272
       418    209.00000000     2      -187.9331715670         0.0091943038         0.1610529205
       419    209.50000000     2      -187.9344796380         0.0092571234         0.1641078658
       420    210.00000000     2      -187.9303786130         0.0090141446         0.1896712708
       421    210.50000000     2      -187.9213483570         0.0084705916         0.2382939831
       422    211.00000000     2      -187.9113885770         0.0078219104         0.2873223680
       423    211.50000000     2      -187.9066591350         0.0074559230         0.3069087027
       424    212.00000000     2      -187.9105255600         0.0076407173         0.2818711794
       425    212.50000000     2      -187.9200019540         0.0081843001         0.2246715819
       426    213.00000000     2      -187.9284638140         0.0086717395         0.1711954342
       427    213.50000000     2      -187.9311693950         0.0088492874         0.1581554352
       428    214.00000000     2      -187.9275508380         0.0086871910         0.1816470276
       429    214.50000000     2      -187.9198760830         0.0082841986         0.2133009292
       430    215.00000000     2      -187.9110742930         0.0077771154         0.2395817150
       431    215.50000000     2      -187.9033720950         0.0072855020         0.2583757792
       432    216.00000000     2      -187.8979163080         0.0068847777         0.2712926782
       433    216.50000000     2      -187.8950315730         0.0066051063         0.2801909842
       434    217.00000000     2      -187.8946847770         0.0064508176         0.2857084193
       435    217.50000000     2      -187.8968316950         0.0064237230         0.2872316923
       436    218.00000000     2      -187.9015246440         0.0065332681         0.2835206632
       437    218.50000000     2      -187.9088054640         0.0067879689         0.2731387514
       438    219.00000000     2      -187.9184395080         0.0071748267         0.2547393038
       439    219.50000000     2      -187.9295791430         0.0076415265         0.2276661173
       440    220.00000000     2      -187.9405077300         0.0080934655         0.1935742924
       441    220.50000000     2      -187.9486788120         0.0084071658         0.1616664394
       442    221.00000000     2      -187.9513755340         0.0084622073         0.1580833070
       443    221.50000000     2      -187.9473397660         0.0082066725         0.2029710998
       444    222.00000000     2      -187.9388561450         0.0077580567         0.2674838561
       445    222.50000000     2      -187.9316447000         0.0074371302         0.3074097793
       446    223.00000000     2      -187.9303015840         0.0075247104         0.2990972599
       447    223.50000000     2      -187.9336807230         0.0079222654         0.2528965523
       448    224.00000000     2      -187.9365954910         0.0082881225         0.2025488335
       449    224.50000000     2      -187.9349255500         0.0083865714         0.1811715015
       450    225.00000000     2      -187.9280043190         0.0081784065         0.1936877371
       451    225.50000000     2      -187.9178180140         0.0077548122         0.2187846139
       452    226.00000000     2      -187.9072435870         0.0072651015         0.2393619952
       453    226.50000000     2      -187.8986464550         0.0068598421         0.2494047155
       454    227.00000000     2      -187.8932031590         0.0066396356         0.2496754372
       455    227.50000000     2      -187.8909565190         0.0066265239         0.2443125517
       456    228.00000000     2      -187.8913461460         0.0067827198         0.2378367430
       457    228.50000000     2      -187.8937696180         0.0070561878         0.2327800442
       458    229.00000000     2      -187.8978362280         0.0074081395         0.2290902135
       459    229.50000000     2      -187.9032723340         0.0078099805         0.2252281806
       460    230.00000000     2      -187.9096358230         0.0082264207         0.2197451292
       461    230.50000000     2      -187.9160370240         0.0086021497         0.2126966140
       462    231.00000000     2      -187.9210569710         0.0088611043         0.2072079320
       463    231.50000000     2      -187.9230924530         0.0089241349         0.2104658382
       464    232.00000000     2      -187.9213270250         0.0087524174         0.2293644556
       465    232.50000000     2      -187.9170584980         0.0084146970         0.2589227351
       466    233.00000000     2      -187.9139923680         0.0081240098         0.2785915947
       467    233.50000000     2      -187.9157644860         0.0081155049         0.2668035451
       468    234.00000000     2      -187.9221074750         0.0083908157         0.2213366194
       469    234.50000000     2      -187.9285425260         0.0086957273         0.1674518335
       470    235.00000000     2      -187.9304082540         0.0087790096         0.1471139183
       471    235.50000000     2      -187.9262442410         0.0085563766         0.1728451591
       472    236.00000000     2      -187.9178008650         0.0080949388         0.2134605246
       473    236.50000000     2      -187.9081789060         0.0075398018         0.2476259630
       474    237.00000000     2      -187.9000231300         0.0070416884         0.2698506141
       475    237.50000000     2      -187.8946363260         0.0066977865         0.2818477750
       476    238.00000000     2      -187.8921142210         0.0065291788         0.2875291029
       477    238.50000000     2      -187.8920357340         0.0065087256         0.2895827611
       478    239.00000000     2      -187.8940530560         0.0066063614         0.2882969893
       479    239.50000000     2      -187.8980599200         0.0068096018         0.2825592358
       480    240.00000000     2      -187.9040362390         0.0071150921         0.2713004013
       481    240.50000000     2      -187.9117986460         0.0075108789         0.2541839132
       482    241.00000000     2      -187.9207903290         0.0079642812         0.2316868285
       483    241.50000000     2      -187.9299384820         0.0084183049         0.2053689363
       484    242.00000000     2      -187.9376052570         0.0087940483         0.1794448334
       485    242.50000000     2      -187.9417422050         0.0089990620         0.1647656989
       486    243.00000000     2      -187.9404915220         0.0089494685         0.1789172769
       487    243.50000000     2      -187.9334740320         0.0086208808         0.2255438764
       488    244.00000000     2      -187.9232682220         0.0081256061         0.2804974477
       489    244.50000000     2      -187.9149137630         0.0077260114         0.3099182876
       490    245.00000000     2      -187.9118100500         0.0076298192         0.2957823772
       491    245.50000000     2      -187.9121853530         0.0077397473         0.2533954272
       492    246.00000000     2      -187.9115509420         0.0077870525         0.2201734794
       493    246.50000000     2      -187.9075430090         0.0076271546         0.2187970346
       494    247.00000000     2      -187.9011986510         0.0073075850         0.2366691856
       495    247.50000000     2      -187.8950895210         0.0069758938         0.2533573825
       496    248.00000000     2      -187.8912610010         0.0067679963         0.2603337174
       497    248.50000000     2      -187.8903942090         0.0067365986         0.2582208205
       498    249.00000000     2      -187.8921055640         0.0068523110         0.2509323157
       499    249.50000000     2      -187.8956712940         0.0070575401         0.2418555575
       500    250.00000000     2      -187.9005462020         0.0073117761         0.2324572003
       501    250.50000000     2      -187.9064745220         0.0075999866         0.2226364758
       502    251.00000000     2      -187.9133200660         0.0079178691         0.2116568973
       503    251.50000000     2      -187.9208202810         0.0082542942         0.1989124452
       504    252.00000000     2      -187.9284075180         0.0085818095         0.1844082911
       505    252.50000000     2      -187.9351663920         0.0088571134         0.1691139210
       506    253.00000000     2      -187.9399427270         0.0090285739         0.1555101129
       507    253.50000000     2      -187.9416041530         0.0090480924         0.1486825917
       508    254.00000000     2      -187.9394766160         0.0088891046         0.1558609842
       509    254.50000000     2      -187.9339313640         0.0085736816         0.1786222540
       510    255.00000000     2      -187.9266789470         0.0081924028         0.2057683754
       511    255.50000000     2      -187.9199126280         0.0078685211         0.2232169059
       512    256.00000000     2      -187.9145808220         0.0076586852         0.2296206728
       513    256.50000000     2      -187.9099337010         0.0075089879         0.2363389468
       514    257.00000000     2      -187.9050515820         0.0073400440         0.2499716745
       515    257.50000000     2      -187.9001262040         0.0071360469         0.2646679063
       516    258.00000000     2      -187.8961056470         0.0069382049         0.2727683395
       517    258.50000000     2      -187.8937120640         0.0067883899         0.2721228459
       518    259.00000000     2      -187.8930203610         0.0066958123         0.2649326821
       519    259.50000000     2      -187.8936997850         0.0066468273         0.2545888038
       520    260.00000000     2      -187.8954446080         0.0066328976         0.2435679927
       521    260.50000000     2      -187.8982151410         0.0066670704         0.2326819888
       522    261.00000000     2      -187.9021946460         0.0067787009         0.2214025782
       523    261.50000000     2      -187.9075673990         0.0069933653         0.2087962611
       524    262.00000000     2      -187.9142821580         0.0073130849         0.1945171718
       525    262.50000000     2      -187.9219205360         0.0077098636         0.1795262717
       526    263.00000000     2      -187.9297062020         0.0081334313         0.1664201310
       527    263.50000000     2      -187.9366148260         0.0085236397         0.1591279896
       528    264.00000000     2      -187.9415228030         0.0088190449         0.1614251383
       529    264.50000000     2      -187.9433815620         0.0089611116         0.1739615655
       530    265.00000000     2      -187.9413913850         0.0088763423         0.1685013245
       531    265.50000000     2      -187.9319369020         0.0085199169         0.2241881693
       532    266.00000000     2      -187.9198368760         0.0079734072         0.2531501595
       533    266.50000000     2      -187.9081247510         0.0073838553         0.2688845668
       534    267.00000000     2      -187.8985804460         0.0068621095         0.2691770320
       535    267.50000000     2      -187.8914492680         0.0064527722         0.2621871591
       536    268.00000000     2      -187.8860776770         0.0061374647         0.2588458761
       537    268.50000000     2      -187.8821420060         0.0059040823         0.2612005448
       538    269.00000000     2      -187.8799518740         0.0057767491         0.2632059148
       539    269.50000000     2      -187.8798997170         0.0057789299         0.2612088120
       540    270.00000000     2      -187.8819812920         0.0058982667         0.2590687346
       541    270.50000000     2      -187.8858918670         0.0061030878         0.2566152039
       542    271.00000000     2      -187.8913769160         0.0063705272         0.2515298344
       543    271.50000000     2      -187.8982618260         0.0066872033         0.2433172244
       544    272.00000000     2      -187.9062900240         0.0070373225         0.2327443767
       545    272.50000000     2      -187.9150488780         0.0073981240         0.2215277515
       546    273.00000000     2      -187.9240563180         0.0077458890         0.2111377428
       547    273.50000000     2      -187.9328832510         0.0080626628         0.2012684805
       548    274.00000000     2      -187.9411340250         0.0083338253         0.1897516031
       549    274.50000000     2      -187.9482394490         0.0085363101         0.1752797392
       550    275.00000000     2      -187.9532347280         0.0086276252         0.1634768638
       551    275.50000000     2      -187.9545953080         0.0085519193         0.1698948717
       552    276.00000000     2      -187.9508641190         0.0082928668         0.1732620406
       553    276.50000000     2      -187.9432208200         0.0078825427         0.1926331508
       554    277.00000000     2      -187.9335986820         0.0073753435         0.2190686199
       555    277.50000000     2      -187.9237609780         0.0068467294         0.2414938935
       556    278.00000000     2      -187.9150139510         0.0063719932         0.2572757843
       557    278.50000000     2      -187.9080552570         0.0060061057         0.2676459256
       558    279.00000000     2      -187.9031654120         0.0057822045         0.2738328046
       559    279.50000000     2      -187.9003727340         0.0057114977         0.2758955703
       560    280.00000000     2      -187.8994577600         0.0057776724         0.2739573338
       561    280.50000000     2      -187.9000199520         0.0059448099         0.2692068080
       562    281.00000000     2      -187.9017370520         0.0061844180         0.2632571373
       563    281.50000000     2      -187.9046287970         0.0064966981         0.2566352159
       564    282.00000000     2      -187.9090456930         0.0069029404         0.2479662037
       565    282.50000000     2      -187.9153044630         0.0074131327         0.2349841624
       566    283.00000000     2      -187.9232141460         0.0079984011         0.2169076004
       567    283.50000000     2      -187.9318948730         0.0085945531         0.1960914065
       568    284.00000000     2      -187.9400482160         0.0091292722         0.1772955709
       569    284.50000000     2      -187.9464140610         0.0095454409         0.1650913822
       570    285.00000000     2      -187.9500590500         0.0098069092         0.1616921793
       571    285.50000000     2      -187.9504434320         0.0098937071         0.1668798784
       572    286.00000000     2      -187.9474496860         0.0097990680         0.1787185825
       573    286.50000000     2      -187.9414629180         0.0095324655         0.1933993366
       574    287.00000000     2      -187.9333583720         0.0091224662         0.2056016352
       575    287.50000000     2      -187.9242226830         0.0086104848         0.2109071953
       576    288.00000000     2      -187.9149286600         0.0080361320         0.2090545179
       577    288.50000000     2      -187.9059664450         0.0074295744         0.2048806541
       578    289.00000000     2      -187.8977205510         0.0068251925         0.2044111304
       579    289.50000000     2      -187.8908190670         0.0062853608         0.2088311997
       580    290.00000000     2      -187.8860498000         0.0058998015         0.2141318490
       581    290.50000000     2      -187.8838757440         0.0057394677         0.2166138802
       582    291.00000000     2      -187.8840835660         0.0058015449         0.2164340899
       583    291.50000000     2      -187.8859366050         0.0060146403         0.2165141804
       584    292.00000000     2      -187.8886764680         0.0062998431         0.2194093850
       585    292.50000000     2      -187.8919668240         0.0066188168         0.2250161332
       586    293.00000000     2      -187.8959928830         0.0069771643         0.2306943303
       587    293.50000000     2      -187.9011707610         0.0073954531         0.2333584971
       588    294.00000000     2      -187.9076579990         0.0078734542         0.2313936088
       589    294.50000000     2      -187.9149790960         0.0083724105         0.2251079828
       590    295.00000000     2      -187.9219821420         0.0088233239         0.2169013256
       591    295.50000000     2      -187.9271681340         0.0091508309         0.2116348834
       592    296.00000000     2      -187.9292840460         0.0092988382         0.2147097048
       593    296.50000000     2      -187.9278929980         0.0092482919         0.2276589844
       594    297.00000000     2      -187.9235942270         0.0090223926         0.2464240369
       595    297.50000000     2      -187.9177666540         0.0086784199         0.2642854710
       596    298.00000000     2      -187.9119576810         0.0082867955         0.2756209381
       597    298.50000000     2      -187.9072396060         0.0079033662         0.2782146485
       598    299.00000000     2      -187.9039399640         0.0075522472         0.2737491566
       599    299.50000000     2      -187.9019212790         0.0072360403         0.2661732175
       600    300.00000000     2      -187.9011190830         0.0069655975         0.2587174149
       601    300.50000000     2      -187.9018259760         0.0067782286         0.2517402832
       602    301.00000000     2      -187.9044745820         0.0067200705         0.2432065379
       603    301.50000000     2      -187.9091300120         0.0068025418         0.2312748693
       604    302.00000000     2      -187.9151574950         0.0069769882         0.2168860076
       605    302.50000000     2      -187.9214096690         0.0071594445         0.2045611982
       606    303.00000000     2      -187.9268982200         0.0072860973         0.1998269206
       607    303.50000000     2      -187.9315090690         0.0073574920         0.2032695666
       608    304.00000000     2      -187.9361248880         0.0074395358         0.2080246716
       609    304.50000000     2      -187.9418302950         0.0076075694         0.2060950676
       610    305.00000000     2      -187.9487460390         0.0078688823         0.1962651733
       611    305.50000000     2      -187.9555677050         0.0081416817         0.1865140698
       612    306.00000000     2      -187.9601171640         0.0083080125         0.1885019589
       613    306.50000000     2      -187.9597388270         0.0082803508         0.1871038836
       614    307.00000000     2      -187.9535380070         0.0080407847         0.1939992745
       615    307.50000000     2      -187.9440595240         0.0076384244         0.2102534220
       616    308.00000000     2      -187.9334876270         0.0071559230         0.2247717595
       617    308.50000000     2      -187.9234961890         0.0066857929         0.2330558723
       618    309.00000000     2      -187.9150266900         0.0062972790         0.2345725580
       619    309.50000000     2      -187.9082278120         0.0060137734         0.2321455291
       620    310.00000000     2      -187.9027926100         0.0058209341         0.2299889366
       621    310.50000000     2      -187.8984456220         0.0056994168         0.2310001401
       622    311.00000000     2      -187.8952480320         0.0056523182         0.2350581168
       623    311.50000000     2      -187.8935620580         0.0057041580         0.2394558402
       624    312.00000000     2      -187.8937289250         0.0058719501         0.2407707114
       625    312.50000000     2      -187.8956695750         0.0061329012         0.2368904589
       626    313.00000000     2      -187.8987035170         0.0064214980         0.2285050345
       627    313.50000000     2      -187.9018249710         0.0066643946         0.2192801598
       628    314.00000000     2      -187.9043760610         0.0068295695         0.2132923822
       629    314.50000000     2      -187.9066062610         0.0069543762         0.2101623973
       630    315.00000000     2      -187.9094375860         0.0071192089         0.2038005975
       631    315.50000000     2      -187.9133847390         0.0073684638         0.1889190828
       632    316.00000000     2      -187.9176519240         0.0076536307         0.1692378648
       633    316.50000000     2      -187.9204656060         0.0078668086         0.1589295695
       634    317.00000000     2      -187.9203284700         0.0079195401         0.1706481964
       635    317.50000000     2      -187.9169866510         0.0077889125         0.2001344377
       636    318.00000000     2      -187.9114735960         0.0075165997         0.2338894972
       637    318.50000000     2      -187.9054641110         0.0071817732         0.2617135309
       638    319.00000000     2      -187.9004590230         0.0068640922         0.2787649850
       639    319.50000000     2      -187.8972506600         0.0066111746         0.2844365056
       640    320.00000000     2      -187.8958974090         0.0064297044         0.2806812815
       641    320.50000000     2      -187.8960826410         0.0063052326         0.2700168011
       642    321.00000000     2      -187.8974893750         0.0062291358         0.2541809075
       643    321.50000000     2      -187.8999214640         0.0062079140         0.2340267716
       644    322.00000000     2      -187.9031719110         0.0062503716         0.2103281801
       645    322.50000000     2      -187.9068122920         0.0063467967         0.1850514784
       646    323.00000000     2      -187.9101028750         0.0064595603         0.1629674378
       647    323.50000000     2      -187.9121589540         0.0065358330         0.1524376626
       648    324.00000000     2      -187.9123854150         0.0065386272         0.1606372241
       649    324.50000000     2      -187.9109974450         0.0064824527         0.1842560332
       650    325.00000000     2      -187.9092130030         0.0064493879         0.2111335450
       651    325.50000000     2      -187.9086908130         0.0065499539         0.2296912647
       652    326.00000000     2      -187.9103448150         0.0068282745         0.2346116373
       653    326.50000000     2      -187.9135002630         0.0072060092         0.2287291842
       654    327.00000000     2      -187.9163003280         0.0075403953         0.2207823112
       655    327.50000000     2      -187.9170021980         0.0077207378         0.2191232518
       656    328.00000000     2      -187.9149630280         0.0077118745         0.2260528490
       657    328.50000000     2      -187.9107085980         0.0075433964         0.2381015617
       658    329.00000000     2      -187.9053856330         0.0072782985         0.2503257034
       659    329.50000000     2      -187.9001406190         0.0069828094         0.2593957318
       660    330.00000000     2      -187.8957564060         0.0067069559         0.2642990701
       661    330.50000000     2      -187.8926146540         0.0064800809         0.2656421027
       662    331.00000000     2      -187.8908542560         0.0063181442         0.2645161974
       663    331.50000000     2      -187.8905262950         0.0062320265         0.2616954768
       664    332.00000000     2      -187.8916299240         0.0062274517         0.2574271657
       665    332.50000000     2      -187.8940390920         0.0062967158         0.2516196881
       666    333.00000000     2      -187.8974027700         0.0064107481         0.2442216391
       667    333.50000000     2      -187.9011204200         0.0065207807         0.2357005243
       668    334.00000000     2      -187.9044839980         0.0065735160         0.2273602410
       669    334.50000000     2      -187.9070121120         0.0065376569         0.2207384285
       670    335.00000000     2      -187.9088254010         0.0064326983         0.2154621957
       671    335.50000000     2      -187.9106801340         0.0063370698         0.2074491266
       672    336.00000000     2      -187.9133381620         0.0063445511         0.1917253742
       673    336.50000000     2      -187.9166437090         0.0064827727         0.1701118070
       674    337.00000000     2      -187.9193115420         0.0066840496         0.1571479765
       675    337.50000000     2      -187.9198144950         0.0068498304         0.1707677446
       676    338.00000000     2      -187.9174942020         0.0069260857         0.2089316114
       677    338.50000000     2      -187.9128978430         0.0069206240         0.2557922269
       678    339.00000000     2      -187.9072917080         0.0068736450         0.2997623852
       679    339.50000000     2      -187.9019618840         0.0068200636         0.3352227591
       680    340.00000000     2      -187.8977976180         0.0067702516         0.3596672432
       681    340.50000000     2      -187.8952335420         0.0067140872         0.3720461508
       682    341.00000000     2      -187.8943803960         0.0066369120         0.3722479748
       683    341.50000000     2      -187.8951716280         0.0065335201         0.3610443539
       684    342.00000000     2      -187.8974400660         0.0064130505         0.3401281084
       685    342.50000000     2      -187.9009252200         0.0062948953         0.3120840809
       686    343.00000000     2      -187.9052622470         0.0061998908         0.2802353106
       687    343.50000000     2      -187.9100006310         0.0061423725         0.2483632287
       688    344.00000000     2      -187.9146677190         0.0061273075         0.2202214234
       689    344.50000000     2      -187.9188459920         0.0061527114         0.1988247884
       690    345.00000000     2      -187.9222190160         0.0062139630         0.1860958496
       691    345.50000000     2      -187.9245845080         0.0063077186         0.1835094224
       692    346.00000000     2      -187.9258883920         0.0064355254         0.1918795037
       693    346.50000000     2      -187.9262519260         0.0066020947         0.2087166807
       694    347.00000000     2      -187.9258363870         0.0068001380         0.2281593747
       695    347.50000000     2      -187.9246034290         0.0069948259         0.2454703422
       696    348.00000000     2      -187.9223767930         0.0071383115         0.2591194110
       697    348.50000000     2      -187.9192644950         0.0072084061         0.2679135669
       698    349.00000000     2      -187.9158055100         0.0072234741         0.2694345203
       699    349.50000000     2      -187.9124977680         0.0072131614         0.2633253903
       700    350.00000000     2      -187.9093454890         0.0071845468         0.2537015993
       701    350.50000000     2      -187.9060442950         0.0071251755         0.2460412689
       702    351.00000000     2      -187.9024769260         0.0070296645         0.2426295082
       703    351.50000000     2      -187.8989221030         0.0069147060         0.2422231543
       704    352.00000000     2      -187.8959105680         0.0068141408         0.2427239122
       705    352.50000000     2      -187.8939871850         0.0067653281         0.2428397656
       706    353.00000000     2      -187.8935395160         0.0067955528         0.2421085006
       707    353.50000000     2      -187.8947040320         0.0069120575         0.2405329634
       708    354.00000000     2      -187.8973349620         0.0070988684         0.2384516630
       709    354.50000000     2      -187.9010414800         0.0073223364         0.2365750553
       710    355.00000000     2      -187.9053101000         0.0075434785         0.2359149569
       711    355.50000000     2      -187.9097058320         0.0077328408         0.2372236238
       712    356.00000000     2      -187.9140870300         0.0078827930         0.2396235661
       713    356.50000000     2      -187.9186588090         0.0080087189         0.2392485455
       714    357.00000000     2      -187.9236463120         0.0081290032         0.2302774486
       715    357.50000000     2      -187.9286654730         0.0082302985         0.2093363638
       716    358.00000000     2      -187.9324139510         0.0082526603         0.1805844079
       717    358.50000000     2      -187.9332805530         0.0081221702         0.1580267873
       718    359.00000000     2      -187.9305952270         0.0078138821         0.1584700465
       719    359.50000000     2      -187.9254725740         0.0074021822         0.1809378014
       720    360.00000000     2      -187.9203195340         0.0070525986         0.2088215261
       721    360.50000000     2      -187.9171554510         0.0069221982         0.2333919464
       722    361.00000000     2      -187.9162861250         0.0070342395         0.2587490635
       723    361.50000000     2      -187.9166348840         0.0072793610         0.2908805019
       724    362.00000000     2      -187.9170237420         0.0075276465         0.3284733364
       725    362.50000000     2      -187.9168053330         0.0076950990         0.3641254695
       726    363.00000000     2      -187.9154382190         0.0077407702         0.3839550244
       727    363.50000000     2      -187.9135922630         0.0076828683         0.3793633809
       728    364.00000000     2      -187.9127591680         0.0075766210         0.3629821374
       729    364.50000000     2      -187.9134958450         0.0074666868         0.3396600016
       730    365.00000000     2      -187.9159270130         0.0073935843         0.3116128064
       731    365.50000000     2      -187.9200373850         0.0073970706         0.2798902381
       732    366.00000000     2      -187.9255286380         0.0074956962         0.2444682351
       733    366.50000000     2      -187.9315358380         0.0076628900         0.2069107779
       734    367.00000000     2      -187.9366502920         0.0078301594         0.1735881493
       735    367.50000000     2      -187.9393873730         0.0079178207         0.1553055084
       736    368.00000000     2      -187.9387219950         0.0078618959         0.1596734693
       737    368.50000000     2      -187.9343256780         0.0076196571         0.1838769369
       738    369.00000000     2      -187.9265901990         0.0071732248         0.2188670360
       739    369.50000000     2      -187.9166557780         0.0065536115         0.2562391688
       740    370.00000000     2      -187.9066581340         0.0058821412         0.2908810862
       741    370.50000000     2      -187.8995704660         0.0053993380         0.3135486561
       742    371.00000000     2      -187.8977247060         0.0053561203         0.3168558999
       743    371.50000000     2      -187.9012044050         0.0057607200         0.3031263835
       744    372.00000000     2      -187.9080055900         0.0063768947         0.2815271495
       745    372.50000000     2      -187.9156079870         0.0069733922         0.2591494422
       746    373.00000000     2      -187.9221327030         0.0074310489         0.2379161587
       747    373.50000000     2      -187.9265393820         0.0077129283         0.2179919200
       748    374.00000000     2      -187.9284618490         0.0078249008         0.2008317860
       749    374.50000000     2      -187.9281027270         0.0077990042         0.1891263586
       750    375.00000000     2      -187.9261847520         0.0076905909         0.1844399144
       751    375.50000000     2      -187.9238243220         0.0075754127         0.1846875708
       752    376.00000000     2      -187.9222147730         0.0075329824         0.1845938692
       753    376.50000000     2      -187.9221413440         0.0076127988         0.1794042531
       754    377.00000000     2      -187.9235994480         0.0078063216         0.1682360595
       755    377.50000000     2      -187.9258207400         0.0080537751         0.1542372349
       756    378.00000000     2      -187.9276467040         0.0082766629         0.1420984022
       757    378.50000000     2      -187.9278886660         0.0084018674         0.1358911150
       758    379.00000000     2      -187.9254950920         0.0083658271         0.1394428419
       759    379.50000000     2      -187.9197219880         0.0081152050         0.1568558005
       760    380.00000000     2      -187.9105932850         0.0076255023         0.1887099903
       761    380.50000000     2      -187.8995531590         0.0069459572         0.2275708471
       762    381.00000000     2      -187.8895364410         0.0062476008         0.2601086700
       763    381.50000000     2      -187.8836453260         0.0057967244         0.2753482008
       764    382.00000000     2      -187.8831609780         0.0057739696         0.2722286302
       765    382.50000000     2      -187.8869400260         0.0061030606         0.2584364085
       766    383.00000000     2      -187.8926551660         0.0065617961         0.2425345248
       767    383.50000000     2      -187.8982621120         0.0069771829         0.2293626446
       768    384.00000000     2      -187.9026060700         0.0072739025         0.2209823153
       769    384.50000000     2      -187.9053907560         0.0074453550         0.2183211900
       770    385.00000000     2      -187.9069921410         0.0075266908         0.2209688099
       771    385.50000000     2      -187.9082794510         0.0075804765         0.2259544383
       772    386.00000000     2      -187.9103243100         0.0076791468         0.2278448346
       773    386.50000000     2      -187.9138867910         0.0078723739         0.2215653084
       774    387.00000000     2      -187.9189060900         0.0081560031         0.2061076875
       775    387.50000000     2      -187.9244493430         0.0084748133         0.1857133656
       776    388.00000000     2      -187.9292006710         0.0087571361         0.1672047365
       777    388.50000000     2      -187.9320311640         0.0089454976         0.1553910646
       778    389.00000000     2      -187.9322235340         0.0090029962         0.1506681537
       779    389.50000000     2      -187.9293912620         0.0089050634         0.1516503881
       780    390.00000000     2      -187.9234351220         0.0086362855         0.1594047807
       781    390.50000000     2      -187.9148060250         0.0082062733         0.1766249630
       782    391.00000000     2      -187.9049478710         0.0076830431         0.2009673124
       783    391.50000000     2      -187.8962627540         0.0072119732         0.2225570216
       784    392.00000000     2      -187.8910075110         0.0069601044         0.2315405877
       785    392.50000000     2      -187.8897959370         0.0069864508         0.2266367995
       786    393.00000000     2      -187.8913006070         0.0071879855         0.2148665986
       787    393.50000000     2      -187.8934126990         0.0073998242         0.2040834006
       788    394.00000000     2      -187.8945271740         0.0075054142         0.1977381589
       789    394.50000000     2      -187.8940661100         0.0074658899         0.1955757971
       790    395.00000000     2      -187.8924046160         0.0073071914         0.1962448532
       791    395.50000000     2      -187.8905883200         0.0071042439         0.1983993697
       792    396.00000000     2      -187.8899925840         0.0069642713         0.2001367694
       793    396.50000000     2      -187.8918766520         0.0069918157         0.1988523588
       794    397.00000000     2      -187.8968513670         0.0072335850         0.1928719461
       795    397.50000000     2      -187.9045327910         0.0076467568         0.1832575470
       796    398.00000000     2      -187.9136719880         0.0081280837         0.1734023707
       797    398.50000000     2      -187.9226683900         0.0085695615         0.1662739500
       798    399.00000000     2      -187.9300484160         0.0088893642         0.1624376521
       799    399.50000000     2      -187.9346456170         0.0090313063         0.1614394151
       800    400.00000000     2      -187.9356041830         0.0089536028         0.1646492580
