         0         0.0000000000      -188.0325229450      -187.9012094290      -187.9012094290
         1         0.5000000000      -188.0323529180      -187.9008691140      -187.9008691140
         2         1.0000000000      -188.0339334320      -187.9024526580      -187.9024526580
         3         1.5000000000      -188.0350180910      -187.9037477860      -187.9037477860
         4         2.0000000000      -188.0328037840      -187.9019491460      -187.9019491460
         5         2.5000000000      -188.0270024560      -187.8967311520      -187.8967311520
         6         3.0000000000      -188.0201133050      -187.8905253180      -187.8905253180
         7         3.5000000000      -188.0147147150      -187.8858237090      -187.8858237090
         8         4.0000000000      -188.0116270920      -187.8833632120      -187.8833632120
         9         4.5000000000      -188.0113043880      -187.8835418900      -187.8835418900
        10         5.0000000000      -188.0148204380      -187.8874159290      -187.8874159290
        11         5.5000000000      -188.0221830710      -187.8950053590      -187.8950053590
        12         6.0000000000      -188.0312172080      -187.9041625620      -187.9041625620
        13         6.5000000000      -188.0386907610      -187.9116872560      -187.9116872560
        14         7.0000000000      -188.0415044550      -187.9145087980      -187.9145087980
        15         7.5000000000      -188.0370408650      -187.9100305530      -187.9100305530
        16         8.0000000000      -188.0244433920      -187.8974113500      -187.8974113500
        17         8.5000000000      -188.0078650000      -187.8808277960      -187.8808277960
        18         9.0000000000      -187.9972681800      -187.8702874340      -187.8702874340
        19         9.5000000000      -188.0000429890      -187.8732352220      -187.8732352220
        20        10.0000000000      -188.0125832150      -187.8861078990      -187.8861078990
        21        10.5000000000      -188.0264501460      -187.9004989610      -187.9004989610
        22        11.0000000000      -188.0372485120      -187.9120302210      -187.9120302210
        23        11.5000000000      -188.0440651690      -187.9197658540      -187.9197658540
        24        12.0000000000      -188.0460969650      -187.9228276320      -187.9228276320
        25        12.5000000000      -188.0424388330      -187.9201985310      -187.9201985310
        26        13.0000000000      -188.0336749330      -187.9123472990      -187.9123472990
        27        13.5000000000      -188.0221739550      -187.9015562030      -187.9015562030
        28        14.0000000000      -188.0105761660      -187.8904249820      -187.8904249820
        29        14.5000000000      -188.0009669020      -187.8810453370      -187.8810453370
        30        15.0000000000      -187.9956311180      -187.8757487560      -187.8757487560
        31        15.5000000000      -187.9964602180      -187.8765014730      -187.8765014730
        32        16.0000000000      -188.0028413340      -187.8827781960      -187.8827781960
        33        16.5000000000      -188.0118921960      -187.8917824160      -187.8917824160
        34        17.0000000000      -188.0209213300      -187.9008947530      -187.9008947530
        35        17.5000000000      -188.0285874500      -187.9088221490      -187.9088221490
        36        18.0000000000      -188.0340678840      -187.9147591550      -187.9147591550
        37        18.5000000000      -188.0358762180      -187.9172030270      -187.9172030270
        38        19.0000000000      -188.0316641880      -187.9137584150      -187.9137584150
        39        19.5000000000      -188.0198713420      -187.9027981570      -187.9027981570
        40        20.0000000000      -188.0034205580      -187.8871809720      -187.8871809720
        41        20.5000000000      -187.9919804080      -187.8765370150      -187.8765370150
        42        21.0000000000      -187.9954912410      -187.8807920450      -187.8807920450
        43        21.5000000000      -188.0130916810      -187.8990751290      -187.8990751290
        44        22.0000000000      -188.0345100520      -187.9211190250      -187.9211190250
        45        22.5000000000      -188.0502852980      -187.9374970770      -187.9374970770
        46        23.0000000000      -188.0557526840      -187.9435916370      -187.9435916370
        47        23.5000000000      -188.0499153560      -187.9384359690      -187.9384359690
        48        24.0000000000      -188.0347033850      -187.9239595230      -187.9239595230
        49        24.5000000000      -188.0148956600      -187.9049159220      -187.9049159220
        50        25.0000000000      -187.9969755900      -187.8877570420      -187.8877570420
        51        25.5000000000      -187.9862838520      -187.8778042810      -187.8778042810
        52        26.0000000000      -187.9841218700      -187.8763605220      -187.8763605220
        53        26.5000000000      -187.9876865120      -187.8806412480      -187.8806412480
        54        27.0000000000      -187.9931032330      -187.8867991050      -187.8867991050
        55        27.5000000000      -187.9981834800      -187.8926733110      -187.8926733110
        56        28.0000000000      -188.0026734430      -187.8980325820      -187.8980325820
        57        28.5000000000      -188.0070072850      -187.9033242940      -187.9033242940
        58        29.0000000000      -188.0111641110      -187.9085284390      -187.9085284390
        59        29.5000000000      -188.0141843730      -187.9126720920      -187.9126720920
        60        30.0000000000      -188.0142716530      -187.9139323920      -187.9139323920
        61        30.5000000000      -188.0094765820      -187.9103293650      -187.9103293650
        62        31.0000000000      -187.9994030950      -187.9014531700      -187.9014531700
        63        31.5000000000      -187.9880343810      -187.8913187720      -187.8913187720
        64        32.0000000000      -187.9842861810      -187.8889298040      -187.8889298040
        65        32.5000000000      -187.9945747180      -187.9008060960      -187.9008060960
        66        33.0000000000      -188.0139303050      -187.9220330140      -187.9220330140
        67        33.5000000000      -188.0302551570      -187.9405041700      -187.9405041700
        68        34.0000000000      -188.0350413490      -187.9476690240      -187.9476690240
        69        34.5000000000      -188.0269854180      -187.9421720410      -187.9421720410
        70        35.0000000000      -188.0099864760      -187.9278605500      -187.9278605500
        71        35.5000000000      -187.9905222890      -187.9111665820      -187.9111665820
        72        36.0000000000      -187.9750264630      -187.8984895540      -187.8984895540
        73        36.5000000000      -187.9667377830      -187.8930503820      -187.8930503820
        74        37.0000000000      -187.9642313300      -187.8934251930      -187.8934251930
        75        37.5000000000      -187.9638258590      -187.8959496350      -187.8959496350
        76        38.0000000000      -187.9630540620      -187.8981795910      -187.8981795910
        77        38.5000000000      -187.9616544640      -187.8998724220      -187.8998724220
        78        39.0000000000      -187.9605345610      -187.9019445500      -187.9019445500
        79        39.5000000000      -187.9605900870      -187.9052915500      -187.9052915500
        80        40.0000000000      -187.9621341720      -187.9102212430      -187.9102212430
        81        40.5000000000      -187.9647695870      -187.9163303180      -187.9163303180
        82        41.0000000000      -187.9673918440      -187.9225099570      -187.9225099570
        83        41.5000000000      -187.9682628680      -187.9270198340      -187.9270198340
        84        42.0000000000      -187.9654931650      -187.9279676770      -187.9279676770
        85        42.5000000000      -187.9584608140      -187.9247248600      -187.9247248600
        86        43.0000000000      -187.9499513690      -187.9200680640      -187.9200680640
        87        43.5000000000      -187.9461647330      -187.9201968090      -187.9201968090
        88        44.0000000000      -187.9507900740      -187.9288169050      -187.9288169050
        89        44.5000000000      -187.9588622670      -187.9409805250      -187.9409805250
        90        45.0000000000      -187.9614491880      -187.9476783310      -187.9476783310
        91        45.5000000000      -187.9551863240      -187.9450292050      -187.9450292050
        92        46.0000000000      -187.9446851690      -187.9360481400      -187.9360481400
        93        46.5000000000      -187.9370502830      -187.9266152690      -187.9266152690
        94        47.0000000000      -187.9350029430      -187.9210194290      -187.9210194290
        95        47.5000000000      -187.9367474740      -187.9188325180      -187.9188325180
        96        48.0000000000      -187.9391509230      -187.9173288600      -187.9173288600
        97        48.5000000000      -187.9405051590      -187.9148872770      -187.9148872770
        98        49.0000000000      -187.9410233030      -187.9117394940      -187.9117394940
        99        49.5000000000      -187.9418553810      -187.9090492030      -187.9090492030
       100        50.0000000000      -187.9441154220      -187.9079516820      -187.9079516820
       101        50.5000000000      -187.9484410510      -187.9091145790      -187.9091145790
       102        51.0000000000      -187.9549501960      -187.9126935400      -187.9126935400
       103        51.5000000000      -187.9633240530      -187.9184116580      -187.9184116580
       104        52.0000000000      -187.9728137580      -187.9255582450      -187.9255582450
       105        52.5000000000      -187.9820986390      -187.9328340810      -187.9328340810
       106        53.0000000000      -187.9890999100      -187.9381505570      -187.9381505570
       107        53.5000000000      -187.9912100890      -187.9388462350      -187.9388462350
       108        54.0000000000      -187.9868762350      -187.9332664700      -187.9332664700
       109        54.5000000000      -187.9785135600      -187.9236919640      -187.9236919640
       110        55.0000000000      -187.9726743690      -187.9165454000      -187.9165454000
       111        55.5000000000      -187.9734157150      -187.9158053010      -187.9158053010
       112        56.0000000000      -187.9772017380      -187.9179265830      -187.9179265830
       113        56.5000000000      -187.9787509380      -187.9176636440      -187.9176636440
       114        57.0000000000      -187.9779574360      -187.9149561190      -187.9149561190
       115        57.5000000000      -187.9779690210      -187.9129891370      -187.9129891370
       116        58.0000000000      -187.9797765060      -187.9127829940      -187.9127829940
       117        58.5000000000      -187.9814306740      -187.9124197770      -187.9124197770
       118        59.0000000000      -187.9811258690      -187.9101347240      -187.9101347240
       119        59.5000000000      -187.9790023650      -187.9061161650      -187.9061161650
       120        60.0000000000      -187.9765848990      -187.9019341670      -187.9019341670
       121        60.5000000000      -187.9756210790      -187.8993690310      -187.8993690310
       122        61.0000000000      -187.9773478030      -187.8996713050      -187.8996713050
       123        61.5000000000      -187.9822017860      -187.9032702490      -187.9032702490
       124        62.0000000000      -187.9898193540      -187.9097755680      -187.9097755680
       125        62.5000000000      -187.9993096920      -187.9182562630      -187.9182562630
       126        63.0000000000      -188.0097283910      -187.9277228620      -187.9277228620
       127        63.5000000000      -188.0203177450      -187.9373776680      -187.9373776680
       128        64.0000000000      -188.0299625220      -187.9460780740      -187.9460780740
       129        64.5000000000      -188.0362652520      -187.9514143210      -187.9514143210
       130        65.0000000000      -188.0359819150      -187.9501419620      -187.9501419620
       131        65.5000000000      -188.0276861550      -187.9408403400      -187.9408403400
       132        66.0000000000      -188.0142955950      -187.9264343410      -187.9264343410
       133        66.5000000000      -188.0017758390      -187.9128966900      -187.9128966900
       134        67.0000000000      -187.9948373870      -187.9049449780      -187.9049449780
       135        67.5000000000      -187.9948408170      -187.9039456860      -187.9039456860
       136        68.0000000000      -188.0003585250      -187.9084743500      -187.9084743500
       137        68.5000000000      -188.0078395110      -187.9149811750      -187.9149811750
       138        69.0000000000      -188.0134104330      -187.9195967550      -187.9195967550
       139        69.5000000000      -188.0151648510      -187.9204237870      -187.9204237870
       140        70.0000000000      -188.0135563020      -187.9179278680      -187.9179278680
       141        70.5000000000      -188.0102584460      -187.9137947410      -187.9137947410
       142        71.0000000000      -188.0070615140      -187.9098261500      -187.9098261500
       143        71.5000000000      -188.0053684640      -187.9074377970      -187.9074377970
       144        72.0000000000      -188.0060776520      -187.9075446200      -187.9075446200
       145        72.5000000000      -188.0095791640      -187.9105586090      -187.9105586090
       146        73.0000000000      -188.0157836330      -187.9164161720      -187.9164161720
       147        73.5000000000      -188.0241888900      -187.9246400420      -187.9246400420
       148        74.0000000000      -188.0338930120      -187.9343450920      -187.9343450920
       149        74.5000000000      -188.0434288800      -187.9440665110      -187.9440665110
       150        75.0000000000      -188.0505994920      -187.9515922940      -187.9515922940
       151        75.5000000000      -188.0528238980      -187.9543111410      -187.9543111410
       152        76.0000000000      -188.0482763410      -187.9503565260      -187.9503565260
       153        76.5000000000      -188.0373492880      -187.9400750970      -187.9400750970
       154        77.0000000000      -188.0231500380      -187.9265276250      -187.9265276250
       155        77.5000000000      -188.0099297170      -187.9139210220      -187.9139210220
       156        78.0000000000      -188.0008882030      -187.9054172840      -187.9054172840
       157        78.5000000000      -187.9977708630      -187.9027394870      -187.9027394870
       158        79.0000000000      -188.0005641170      -187.9058787830      -187.9058787830
       159        79.5000000000      -188.0063630270      -187.9119666100      -187.9119666100
       160        80.0000000000      -188.0109115300      -187.9168096580      -187.9168096580
       161        80.5000000000      -188.0118410310      -187.9181152350      -187.9181152350
       162        81.0000000000      -188.0095639910      -187.9163687510      -187.9163687510
       163        81.5000000000      -188.0059553760      -187.9135021420      -187.9135021420
       164        82.0000000000      -188.0029176330      -187.9114518080      -187.9114518080
       165        82.5000000000      -188.0016461010      -187.9114226070      -187.9114226070
       166        83.0000000000      -188.0024457780      -187.9137065630      -187.9137065630
       167        83.5000000000      -188.0048777690      -187.9178332140      -187.9178332140
       168        84.0000000000      -188.0081608810      -187.9229763300      -187.9229763300
       169        84.5000000000      -188.0116974420      -187.9284859040      -187.9284859040
       170        85.0000000000      -188.0152899070      -187.9341117850      -187.9341117850
       171        85.5000000000      -188.0186132470      -187.9394820180      -187.9394820180
       172        86.0000000000      -188.0203451470      -187.9432360630      -187.9432360630
       173        86.5000000000      -188.0181434350      -187.9430003890      -187.9430003890
       174        87.0000000000      -188.0099273090      -187.9366644990      -187.9366644990
       175        87.5000000000      -187.9955343710      -187.9240310460      -187.9240310460
       176        88.0000000000      -187.9775697410      -187.9076608060      -187.9076608060
       177        88.5000000000      -187.9608653500      -187.8923337070      -187.8923337070
       178        89.0000000000      -187.9505065170      -187.8830842510      -187.8830842510
       179        89.5000000000      -187.9489823670      -187.8823666000      -187.8823666000
       180        90.0000000000      -187.9544967430      -187.8883785900      -187.8883785900
       181        90.5000000000      -187.9626446620      -187.8967400770      -187.8967400770
       182        91.0000000000      -187.9697951480      -187.9038652720      -187.9038652720
       183        91.5000000000      -187.9746650670      -187.9085213270      -187.9085213270
       184        92.0000000000      -187.9777059230      -187.9112036250      -187.9112036250
       185        92.5000000000      -187.9799848420      -187.9130113870      -187.9130113870
       186        93.0000000000      -187.9824986470      -187.9149622170      -187.9149622170
       187        93.5000000000      -187.9858903560      -187.9177121520      -187.9177121520
       188        94.0000000000      -187.9903413660      -187.9214522020      -187.9214522020
       189        94.5000000000      -187.9955825250      -187.9259221690      -187.9259221690
       190        95.0000000000      -188.0010337020      -187.9305506920      -187.9305506920
       191        95.5000000000      -188.0059727320      -187.9346230830      -187.9346230830
       192        96.0000000000      -188.0096147330      -187.9373593990      -187.9373593990
       193        96.5000000000      -188.0111410220      -187.9379432860      -187.9379432860
       194        97.0000000000      -188.0098143960      -187.9356383990      -187.9356383990
       195        97.5000000000      -188.0052145270      -187.9300259330      -187.9300259330
       196        98.0000000000      -187.9974769110      -187.9212454160      -187.9212454160
       197        98.5000000000      -187.9873893010      -187.9100923250      -187.9100923250
       198        99.0000000000      -187.9764276890      -187.8980544590      -187.8980544590
       199        99.5000000000      -187.9670164510      -187.8875737380      -187.8875737380
       200       100.0000000000      -187.9624512980      -187.8819730380      -187.8819730380
       201       100.5000000000      -187.9649987740      -187.8835588610      -187.8835588610
       202       101.0000000000      -187.9733828840      -187.8911040400      -187.8911040400
       203       101.5000000000      -187.9835349890      -187.9005861680      -187.9005861680
       204       102.0000000000      -187.9919584270      -187.9085423540      -187.9085423540
       205       102.5000000000      -187.9974995930      -187.9138376500      -187.9138376500
       206       103.0000000000      -188.0007524370      -187.9170727400      -187.9170727400
       207       103.5000000000      -188.0029249390      -187.9194555910      -187.9194555910
       208       104.0000000000      -188.0051105860      -187.9220770740      -187.9220770740
       209       104.5000000000      -188.0078940910      -187.9255183000      -187.9255183000
       210       105.0000000000      -188.0112409310      -187.9297388660      -187.9297388660
       211       105.5000000000      -188.0147177780      -187.9342952470      -187.9342952470
       212       106.0000000000      -188.0177840650      -187.9386310480      -187.9386310480
       213       106.5000000000      -188.0198313790      -187.9421170870      -187.9421170870
       214       107.0000000000      -188.0200668410      -187.9439374960      -187.9439374960
       215       107.5000000000      -188.0175346770      -187.9431148010      -187.9431148010
       216       108.0000000000      -188.0113473150      -187.9387434880      -187.9387434880
       217       108.5000000000      -188.0010489950      -187.9303528380      -187.9303528380
       218       109.0000000000      -187.9871027990      -187.9183901640      -187.9183901640
       219       109.5000000000      -187.9714167010      -187.9047408410      -187.9047408410
       220       110.0000000000      -187.9574048530      -187.8927832650      -187.8927832650
       221       110.5000000000      -187.9488058330      -187.8862044680      -187.8862044680
       222       111.0000000000      -187.9474571440      -187.8867781940      -187.8867781940
       223       111.5000000000      -187.9520499970      -187.8931285040      -187.8931285040
       224       112.0000000000      -187.9593555320      -187.9019658780      -187.9019658780
       225       112.5000000000      -187.9664539230      -187.9103269280      -187.9103269280
       226       113.0000000000      -187.9718542330      -187.9167045130      -187.9167045130
       227       113.5000000000      -187.9753601760      -187.9209197100      -187.9209197100
       228       114.0000000000      -187.9775405590      -187.9235889710      -187.9235889710
       229       114.5000000000      -187.9792251350      -187.9256078640      -187.9256078640
       230       115.0000000000      -187.9810603900      -187.9276895170      -187.9276895170
       231       115.5000000000      -187.9832276970      -187.9300687630      -187.9300687630
       232       116.0000000000      -187.9854480610      -187.9325004090      -187.9325004090
       233       116.5000000000      -187.9872021060      -187.9344803290      -187.9344803290
       234       117.0000000000      -187.9879858840      -187.9355053050      -187.9355053050
       235       117.5000000000      -187.9874633360      -187.9352293050      -187.9352293050
       236       118.0000000000      -187.9854514710      -187.9334507880      -187.9334507880
       237       118.5000000000      -187.9817801490      -187.9299748050      -187.9299748050
       238       119.0000000000      -187.9761907810      -187.9245152640      -187.9245152640
       239       119.5000000000      -187.9685020900      -187.9168657750      -187.9168657750
       240       120.0000000000      -187.9592047740      -187.9074998490      -187.9074998490
       241       120.5000000000      -187.9502556290      -187.8983705830      -187.8983705830
       242       121.0000000000      -187.9450498380      -187.8928890460      -187.8928890460
       243       121.5000000000      -187.9464948750      -187.8940042940      -187.8940042940
       244       122.0000000000      -187.9544436320      -187.9016348450      -187.9016348450
       245       122.5000000000      -187.9656211250      -187.9125805480      -187.9125805480
       246       123.0000000000      -187.9760724270      -187.9229503400      -187.9229503400
       247       123.5000000000      -187.9830570450      -187.9300451230      -187.9300451230
       248       124.0000000000      -187.9853829190      -187.9326948140      -187.9326948140
       249       124.5000000000      -187.9834338440      -187.9312980340      -187.9312980340
       250       125.0000000000      -187.9792586590      -187.9279230220      -187.9279230220
       251       125.5000000000      -187.9757841850      -187.9255225070      -187.9255225070
       252       126.0000000000      -187.9749830360      -187.9260924190      -187.9260924190
       253       126.5000000000      -187.9765886500      -187.9293756160      -187.9293756160
       254       127.0000000000      -187.9786435750      -187.9334070370      -187.9334070370
       255       127.5000000000      -187.9790470400      -187.9360654820      -187.9360654820
       256       128.0000000000      -187.9765890270      -187.9361117400      -187.9361117400
       257       128.5000000000      -187.9710158720      -187.9332528200      -187.9332528200
       258       129.0000000000      -187.9625986700      -187.9277021230      -187.9277021230
       259       129.5000000000      -187.9518226240      -187.9198562990      -187.9198562990
       260       130.0000000000      -187.9395342280      -187.9104451030      -187.9104451030
       261       130.5000000000      -187.9274026330      -187.9011240450      -187.9011240450
       262       131.0000000000      -187.9181491490      -187.8946565850      -187.8946565850
       263       131.5000000000      -187.9149961280      -187.8932423060      -187.8932423060
       264       132.0000000000      -187.9191335880      -187.8974553390      -187.8974553390
       265       132.5000000000      -187.9286329310      -187.9058437060      -187.9058437060
       266       133.0000000000      -187.9399958560      -187.9155849490      -187.9155849490
       267       133.5000000000      -187.9500868030      -187.9239798220      -187.9239798220
       268       134.0000000000      -187.9569476870      -187.9292913770      -187.9292913770
       269       134.5000000000      -187.9598232980      -187.9308581690      -187.9308581690
       270       135.0000000000      -187.9592753930      -187.9292558730      -187.9292558730
       271       135.5000000000      -187.9573354370      -187.9264802050      -187.9264802050
       272       136.0000000000      -187.9567023180      -187.9251795570      -187.9251795570
       273       136.5000000000      -187.9588517820      -187.9268017590      -187.9268017590
       274       137.0000000000      -187.9628702440      -187.9304496180      -187.9304496180
       275       137.5000000000      -187.9663989820      -187.9338191610      -187.9338191610
       276       138.0000000000      -187.9674818530      -187.9350221840      -187.9350221840
       277       138.5000000000      -187.9654735810      -187.9334688750      -187.9334688750
       278       139.0000000000      -187.9607359520      -187.9295488150      -187.9295488150
       279       139.5000000000      -187.9539049620      -187.9238935950      -187.9238935950
       280       140.0000000000      -187.9454297420      -187.9169180590      -187.9169180590
       281       140.5000000000      -187.9356950000      -187.9089480900      -187.9089480900
       282       141.0000000000      -187.9256805260      -187.9008874240      -187.9008874240
       283       141.5000000000      -187.9175747340      -187.8948378750      -187.8948378750
       284       142.0000000000      -187.9142302680      -187.8935596590      -187.8935596590
       285       142.5000000000      -187.9171468460      -187.8984581460      -187.8984581460
       286       143.0000000000      -187.9249450440      -187.9080687380      -187.9080687380
       287       143.5000000000      -187.9343594120      -187.9190699670      -187.9190699670
       288       144.0000000000      -187.9424217260      -187.9284835200      -187.9284835200
       289       144.5000000000      -187.9472287080      -187.9344405840      -187.9344405840
       290       145.0000000000      -187.9473405680      -187.9355585800      -187.9355585800
       291       145.5000000000      -187.9419374730      -187.9310683100      -187.9310683100
       292       146.0000000000      -187.9324500250      -187.9224255350      -187.9224255350
       293       146.5000000000      -187.9232712570      -187.9140239200      -187.9140239200
       294       147.0000000000      -187.9189664780      -187.9104238240      -187.9104238240
       295       147.5000000000      -187.9201782620      -187.9122795150      -187.9122795150
       296       148.0000000000      -187.9234444760      -187.9161656740      -187.9161656740
       297       148.5000000000      -187.9247933340      -187.9181595890      -187.9181595890
       298       149.0000000000      -187.9223851040      -187.9164625030      -187.9164625030
       299       149.5000000000      -187.9164531070      -187.9113274370      -187.9113274370
       300       150.0000000000      -187.9081172060      -187.9038734670      -187.9038734670
       301       150.5000000000      -187.8985621770      -187.8952736960      -187.8952736960
       302       151.0000000000      -187.8889697620      -187.8867007310      -187.8867007310
       303       151.5000000000      -187.8808963360      -187.8797143890      -187.8797143890
       304       152.0000000000      -187.8764590070      -187.8763479800      -187.8763479800
       305       152.5000000000      -187.8784917850      -187.8776322940      -187.8776322940
       306       153.0000000000      -187.8861824420      -187.8852076110      -187.8852076110
       307       153.5000000000      -187.8973665340      -187.8970078510      -187.8970078510
       308       154.0000000000      -187.9095018380      -187.9083106090      -187.9083106090
       309       154.5000000000      -187.9185677820      -187.9158933620      -187.9158933620
       310       155.0000000000      -187.9225532860      -187.9183674800      -187.9183674800
       311       155.5000000000      -187.9217744660      -187.9161091350      -187.9161091350
       312       156.0000000000      -187.9182133200      -187.9111671010      -187.9111671010
       313       156.5000000000      -187.9148930900      -187.9066083480      -187.9066083480
       314       157.0000000000      -187.9151827110      -187.9058135370      -187.9058135370
       315       157.5000000000      -187.9211562260      -187.9108605080      -187.9108605080
       316       158.0000000000      -187.9313521420      -187.9203149180      -187.9203149180
       317       158.5000000000      -187.9412221070      -187.9296868830      -187.9296868830
       318       159.0000000000      -187.9466575690      -187.9349422220      -187.9349422220
       319       159.5000000000      -187.9463793970      -187.9348721430      -187.9348721430
       320       160.0000000000      -187.9413961700      -187.9305404780      -187.9305404780
       321       160.5000000000      -187.9333817370      -187.9236576200      -187.9236576200
       322       161.0000000000      -187.9236721320      -187.9155764880      -187.9155764880
       323       161.5000000000      -187.9132371860      -187.9072549170      -187.9072549170
       324       162.0000000000      -187.9032967370      -187.8998025920      -187.8998025920
       325       162.5000000000      -187.8963058020      -187.8945210170      -187.8945210170
       326       163.0000000000      -187.8960667610      -187.8922746180      -187.8922746180
       327       163.5000000000      -187.9025431060      -187.8961881330      -187.8961881330
       328       164.0000000000      -187.9146816770      -187.9062127980      -187.9062127980
       329       164.5000000000      -187.9294887640      -187.9195062130      -187.9195062130
       330       165.0000000000      -187.9427090260      -187.9318563590      -187.9318563590
       331       165.5000000000      -187.9506549300      -187.9395624880      -187.9395624880
       332       166.0000000000      -187.9516947620      -187.9409260340      -187.9409260340
       333       166.5000000000      -187.9465204330      -187.9365152670      -187.9365152670
       334       167.0000000000      -187.9375374490      -187.9285603440      -187.9285603440
       335       167.5000000000      -187.9287628290      -187.9208727050      -187.9208727050
       336       168.0000000000      -187.9257062340      -187.9187633350      -187.9187633350
       337       168.5000000000      -187.9317556100      -187.9254787880      -187.9254787880
       338       169.0000000000      -187.9436691330      -187.9377546560      -187.9377546560
       339       169.5000000000      -187.9541704360      -187.9484196830      -187.9484196830
       340       170.0000000000      -187.9583057830      -187.9526491920      -187.9526491920
       341       170.5000000000      -187.9553754420      -187.9497678910      -187.9497678910
       342       171.0000000000      -187.9470852910      -187.9413615240      -187.9413615240
       343       171.5000000000      -187.9357284310      -187.9295418560      -187.9295418560
       344       172.0000000000      -187.9235825350      -187.9164948260      -187.9164948260
       345       172.5000000000      -187.9129837860      -187.9046033570      -187.9046033570
       346       173.0000000000      -187.9062960220      -187.8963421030      -187.8963421030
       347       173.5000000000      -187.9054162000      -187.8937371250      -187.8937371250
       348       174.0000000000      -187.9110580020      -187.8976853580      -187.8976853580
       349       174.5000000000      -187.9222895010      -187.9075431640      -187.9075431640
       350       175.0000000000      -187.9367799080      -187.9211971160      -187.9211971160
       351       175.5000000000      -187.9516830040      -187.9356624110      -187.9356624110
       352       176.0000000000      -187.9643206460      -187.9480077570      -187.9480077570
       353       176.5000000000      -187.9723536550      -187.9557688430      -187.9557688430
       354       177.0000000000      -187.9738138620      -187.9569519290      -187.9569519290
       355       177.5000000000      -187.9676910040      -187.9505709500      -187.9505709500
       356       178.0000000000      -187.9554743470      -187.9381721070      -187.9381721070
       357       178.5000000000      -187.9426309140      -187.9253056470      -187.9253056470
       358       179.0000000000      -187.9369579400      -187.9198524490      -187.9198524490
       359       179.5000000000      -187.9423141610      -187.9256975460      -187.9256975460
       360       180.0000000000      -187.9541661550      -187.9382324500      -187.9382324500
       361       180.5000000000      -187.9638983660      -187.9486929540      -187.9486929540
       362       181.0000000000      -187.9660138970      -187.9514343610      -187.9514343610
       363       181.5000000000      -187.9600702830      -187.9459183200      -187.9459183200
       364       182.0000000000      -187.9485709800      -187.9346087580      -187.9346087580
       365       182.5000000000      -187.9347915520      -187.9207790310      -187.9207790310
       366       183.0000000000      -187.9217026370      -187.9074149370      -187.9074149370
       367       183.5000000000      -187.9115145770      -187.8967468760      -187.8967468760
       368       184.0000000000      -187.9055420780      -187.8901081610      -187.8901081610
       369       184.5000000000      -187.9044192400      -187.8881469220      -187.8881469220
       370       185.0000000000      -187.9083651290      -187.8910923920      -187.8910923920
       371       185.5000000000      -187.9170058610      -187.8985825190      -187.8985825190
       372       186.0000000000      -187.9289527700      -187.9092523430      -187.9092523430
       373       186.5000000000      -187.9418175440      -187.9207595690      -187.9207595690
       374       187.0000000000      -187.9527317050      -187.9303081250      -187.9303081250
       375       187.5000000000      -187.9589340710      -187.9352277030      -187.9352277030
       376       188.0000000000      -187.9584454250      -187.9336301590      -187.9336301590
       377       188.5000000000      -187.9512180550      -187.9255352570      -187.9255352570
       378       189.0000000000      -187.9404042590      -187.9141165450      -187.9141165450
       379       189.5000000000      -187.9321449290      -187.9054799140      -187.9054799140
       380       190.0000000000      -187.9323603130      -187.9054738110      -187.9054738110
       381       190.5000000000      -187.9416747870      -187.9146637910      -187.9146637910
       382       191.0000000000      -187.9538624330      -187.9268161120      -187.9268161120
       383       191.5000000000      -187.9610932420      -187.9341293980      -187.9341293980
       384       192.0000000000      -187.9597135840      -187.9329728930      -187.9329728930
       385       192.5000000000      -187.9508677980      -187.9244839320      -187.9244839320
       386       193.0000000000      -187.9380823900      -187.9121551540      -187.9121551540
       387       193.5000000000      -187.9250405540      -187.8996227820      -187.8996227820
       388       194.0000000000      -187.9143742220      -187.8894703500      -187.8894703500
       389       194.5000000000      -187.9073551850      -187.8829263060      -187.8829263060
       390       195.0000000000      -187.9042012140      -187.8801736450      -187.8801736450
       391       195.5000000000      -187.9045303190      -187.8808060370      -187.8808060370
       392       196.0000000000      -187.9076853280      -187.8841528340      -187.8841528340
       393       196.5000000000      -187.9129802350      -187.8895256170      -187.8895256170
       394       197.0000000000      -187.9198658720      -187.8963841190      -187.8963841190
       395       197.5000000000      -187.9278518000      -187.9042582070      -187.9042582070
       396       198.0000000000      -187.9361270620      -187.9123671540      -187.9123671540
       397       198.5000000000      -187.9430914030      -187.9191449780      -187.9191449780
       398       199.0000000000      -187.9463014980      -187.9221771330      -187.9221771330
       399       199.5000000000      -187.9435273980      -187.9192468100      -187.9192468100
       400       200.0000000000      -187.9350947730      -187.9106720030      -187.9106720030
       401       200.5000000000      -187.9257545090      -187.9011793570      -187.9011793570
       402       201.0000000000      -187.9225125890      -187.8977475010      -187.8977475010
       403       201.5000000000      -187.9282440510      -187.9032351870      -187.9032351870
       404       202.0000000000      -187.9384120000      -187.9131077850      -187.9131077850
       405       202.5000000000      -187.9458228910      -187.9201891460      -187.9201891460
       406       203.0000000000      -187.9469225670      -187.9209464590      -187.9209464590
       407       203.5000000000      -187.9428796740      -187.9165618540      -187.9165618540
       408       204.0000000000      -187.9368815130      -187.9102235040      -187.9102235040
       409       204.5000000000      -187.9315328340      -187.9045265790      -187.9045265790
       410       205.0000000000      -187.9280391980      -187.9006618070      -187.9006618070
       411       205.5000000000      -187.9267281710      -187.8989406750      -187.8989406750
       412       206.0000000000      -187.9277097560      -187.8994567040      -187.8994567040
       413       206.5000000000      -187.9310372230      -187.9022454280      -187.9022454280
       414       207.0000000000      -187.9365555150      -187.9071337250      -187.9071337250
       415       207.5000000000      -187.9437971450      -187.9136408920      -187.9136408920
       416       208.0000000000      -187.9519757330      -187.9209807060      -187.9209807060
       417       208.5000000000      -187.9599367310      -187.9280201080      -187.9280201080
       418       209.0000000000      -187.9660476200      -187.9331715670      -187.9331715670
       419       209.5000000000      -187.9682917970      -187.9344796380      -187.9344796380
       420       210.0000000000      -187.9650436750      -187.9303786130      -187.9303786130
       421       210.5000000000      -187.9567476160      -187.9213483570      -187.9213483570
       422       211.0000000000      -187.9474056380      -187.9113885770      -187.9113885770
       423       211.5000000000      -187.9432034670      -187.9066591350      -187.9066591350
       424       212.0000000000      -187.9475113160      -187.9105255600      -187.9105255600
       425       212.5000000000      -187.9572882980      -187.9200019540      -187.9200019540
       426       213.0000000000      -187.9658085460      -187.9284638140      -187.9284638140
       427       213.5000000000      -187.9682446740      -187.9311693950      -187.9311693950
       428       214.0000000000      -187.9640186540      -187.9275508380      -187.9275508380
       429       214.5000000000      -187.9554818440      -187.9198760830      -187.9198760830
       430       215.0000000000      -187.9457168930      -187.9110742930      -187.9110742930
       431       215.5000000000      -187.9371307220      -187.9033720950      -187.9033720950
       432       216.0000000000      -187.9310346290      -187.8979163080      -187.8979163080
       433       216.5000000000      -187.9278729080      -187.8950315730      -187.8950315730
       434       217.0000000000      -187.9276759050      -187.8946847770      -187.8946847770
       435       217.5000000000      -187.9304104540      -187.8968316950      -187.8968316950
       436       218.0000000000      -187.9361008430      -187.9015246440      -187.9015246440
       437       218.5000000000      -187.9447369040      -187.9088054640      -187.9088054640
       438       219.0000000000      -187.9560211230      -187.9184395080      -187.9184395080
       439       219.5000000000      -187.9690402340      -187.9295791430      -187.9295791430
       440       220.0000000000      -187.9820147170      -187.9405077300      -187.9405077300
       441       220.5000000000      -187.9923436440      -187.9486788120      -187.9486788120
       442       221.0000000000      -187.9972725740      -187.9513755340      -187.9513755340
       443       221.5000000000      -187.9955314130      -187.9473397660      -187.9473397660
       444       222.0000000000      -187.9894170900      -187.9388561450      -187.9388561450
       445       222.5000000000      -187.9846647390      -187.9316447000      -187.9316447000
       446       223.0000000000      -187.9858536430      -187.9303015840      -187.9303015840
       447       223.5000000000      -187.9917731270      -187.9336807230      -187.9336807230
       448       224.0000000000      -187.9971455020      -187.9365954910      -187.9365954910
       449       224.5000000000      -187.9977702380      -187.9349255500      -187.9349255500
       450       225.0000000000      -187.9929347970      -187.9280043190      -187.9280043190
       451       225.5000000000      -187.9846163460      -187.9178180140      -187.9178180140
       452       226.0000000000      -187.9757093410      -187.9072435870      -187.9072435870
       453       226.5000000000      -187.9686094010      -187.8986464550      -187.8986464550
       454       227.0000000000      -187.9645241610      -187.8932031590      -187.8932031590
       455       227.5000000000      -187.9635199730      -187.8909565190      -187.8909565190
       456       228.0000000000      -187.9650483850      -187.8913461460      -187.8913461460
       457       228.5000000000      -187.9685072530      -187.8937696180      -187.8937696180
       458       229.0000000000      -187.9734967990      -187.8978362280      -187.8978362280
       459       229.5000000000      -187.9797282780      -187.9032723340      -187.9032723340
       460       230.0000000000      -187.9867413200      -187.9096358230      -187.9096358230
       461       230.5000000000      -187.9936272120      -187.9160370240      -187.9160370240
       462       231.0000000000      -187.9989507810      -187.9210569710      -187.9210569710
       463       231.5000000000      -188.0011013690      -187.9230924530      -187.9230924530
       464       232.0000000000      -187.9992729210      -187.9213270250      -187.9213270250
       465       232.5000000000      -187.9947998490      -187.9170584980      -187.9170584980
       466       233.0000000000      -187.9914488810      -187.9139923680      -187.9139923680
       467       233.5000000000      -187.9929214070      -187.9157644860      -187.9157644860
       468       234.0000000000      -187.9989870830      -187.9221074750      -187.9221074750
       469       234.5000000000      -188.0051587930      -187.9285425260      -187.9285425260
       470       235.0000000000      -188.0067375350      -187.9304082540      -187.9304082540
       471       235.5000000000      -188.0022266740      -187.9262442410      -187.9262442410
       472       236.0000000000      -187.9933574000      -187.9178008650      -187.9178008650
       473       236.5000000000      -187.9832221410      -187.9081789060      -187.9081789060
       474       237.0000000000      -187.9744558500      -187.9000231300      -187.9000231300
       475       237.5000000000      -187.9683444430      -187.8946363260      -187.8946363260
       476       238.0000000000      -187.9649648820      -187.8921142210      -187.8921142210
       477       238.5000000000      -187.9638836490      -187.8920357340      -187.8920357340
       478       239.0000000000      -187.9647532170      -187.8940530560      -187.8940530560
       479       239.5000000000      -187.9674820700      -187.8980599200      -187.8980599200
       480       240.0000000000      -187.9720772350      -187.9040362390      -187.9040362390
       481       240.5000000000      -187.9783910430      -187.9117986460      -187.9117986460
       482       241.0000000000      -187.9859065820      -187.9207903290      -187.9207903290
       483       241.5000000000      -187.9935916210      -187.9299384820      -187.9299384820
       484       242.0000000000      -187.9998471320      -187.9376052570      -187.9376052570
       485       242.5000000000      -188.0026603780      -187.9417422050      -187.9417422050
       486       243.0000000000      -188.0002055190      -187.9404915220      -187.9404915220
       487       243.5000000000      -187.9921292010      -187.9334740320      -187.9334740320
       488       244.0000000000      -187.9810214770      -187.9232682220      -187.9232682220
       489       244.5000000000      -187.9719029980      -187.9149137630      -187.9149137630
       490       245.0000000000      -187.9681105110      -187.9118100500      -187.9118100500
       491       245.5000000000      -187.9677784640      -187.9121853530      -187.9121853530
       492       246.0000000000      -187.9663327640      -187.9115509420      -187.9115509420
       493       246.5000000000      -187.9613665060      -187.9075430090      -187.9075430090
       494       247.0000000000      -187.9539185170      -187.9011986510      -187.9011986510
       495       247.5000000000      -187.9465888780      -187.8950895210      -187.8950895210
       496       248.0000000000      -187.9414571620      -187.8912610010      -187.8912610010
       497       248.5000000000      -187.9392323360      -187.8903942090      -187.8903942090
       498       249.0000000000      -187.9395492160      -187.8921055640      -187.8921055640
       499       249.5000000000      -187.9416945730      -187.8956712940      -187.8956712940
       500       250.0000000000      -187.9451285420      -187.9005462020      -187.9005462020
       501       250.5000000000      -187.9495975420      -187.9064745220      -187.9064745220
       502       251.0000000000      -187.9549667620      -187.9133200660      -187.9133200660
       503       251.5000000000      -187.9609777600      -187.9208202810      -187.9208202810
       504       252.0000000000      -187.9670752230      -187.9284075180      -187.9284075180
       505       252.5000000000      -187.9723710960      -187.9351663920      -187.9351663920
       506       253.0000000000      -187.9757597360      -187.9399427270      -187.9399427270
       507       253.5000000000      -187.9761806290      -187.9416041530      -187.9416041530
       508       254.0000000000      -187.9730487310      -187.9394766160      -187.9394766160
       509       254.5000000000      -187.9668240100      -187.9339313640      -187.9339313640
       510       255.0000000000      -187.9592790930      -187.9266789470      -187.9266789470
       511       255.5000000000      -187.9526180800      -187.9199126280      -187.9199126280
       512       256.0000000000      -187.9477393840      -187.9145808220      -187.9145808220
       513       256.5000000000      -187.9437905380      -187.9099337010      -187.9099337010
       514       257.0000000000      -187.9397116950      -187.9050515820      -187.9050515820
       515       257.5000000000      -187.9355326260      -187.9001262040      -187.9001262040
       516       258.0000000000      -187.9320394680      -187.8961056470      -187.8961056470
       517       258.5000000000      -187.9298178550      -187.8937120640      -187.8937120640
       518       259.0000000000      -187.9288494770      -187.8930203610      -187.8930203610
       519       259.5000000000      -187.9287572330      -187.8936997850      -187.8936997850
       520       260.0000000000      -187.9292283970      -187.8954446080      -187.8954446080
       521       260.5000000000      -187.9302436420      -187.8982151410      -187.8982151410
       522       261.0000000000      -187.9320225980      -187.9021946460      -187.9021946460
       523       261.5000000000      -187.9347932390      -187.9075673990      -187.9075673990
       524       262.0000000000      -187.9385489700      -187.9142821580      -187.9142821580
       525       262.5000000000      -187.9429128010      -187.9219205360      -187.9219205360
       526       263.0000000000      -187.9471426120      -187.9297062020      -187.9297062020
       527       263.5000000000      -187.9502372770      -187.9366148260      -187.9366148260
       528       264.0000000000      -187.9510820260      -187.9415228030      -187.9415228030
       529       264.5000000000      -187.9486268060      -187.9433815620      -187.9433815620
       530       265.0000000000      -187.9423083430      -187.9413913850      -187.9413913850
       531       265.5000000000      -187.9361205720      -187.9319369020      -187.9319369020
       532       266.0000000000      -187.9283949760      -187.9198368760      -187.9198368760
       533       266.5000000000      -187.9207353380      -187.9081247510      -187.9081247510
       534       267.0000000000      -187.9148489890      -187.8985804460      -187.8985804460
       535       267.5000000000      -187.9109142390      -187.8914492680      -187.8914492680
       536       268.0000000000      -187.9082136420      -187.8860776770      -187.8860776770
       537       268.5000000000      -187.9063660830      -187.8821420060      -187.8821420060
       538       269.0000000000      -187.9056216410      -187.8799518740      -187.8799518740
       539       269.5000000000      -187.9063077880      -187.8798997170      -187.8798997170
       540       270.0000000000      -187.9084473490      -187.8819812920      -187.8819812920
       541       270.5000000000      -187.9118840450      -187.8858918670      -187.8858918670
       542       271.0000000000      -187.9164541580      -187.8913769160      -187.8913769160
       543       271.5000000000      -187.9220002410      -187.8982618260      -187.8982618260
       544       272.0000000000      -187.9282676820      -187.9062900240      -187.9062900240
       545       272.5000000000      -187.9348570770      -187.9150488780      -187.9150488780
       546       273.0000000000      -187.9413197330      -187.9240563180      -187.9240563180
       547       273.5000000000      -187.9472835460      -187.9328832510      -187.9328832510
       548       274.0000000000      -187.9524373730      -187.9411340250      -187.9411340250
       549       274.5000000000      -187.9563426340      -187.9482394490      -187.9482394490
       550       275.0000000000      -187.9583250400      -187.9532347280      -187.9532347280
       551       275.5000000000      -187.9579931580      -187.9545953080      -187.9545953080
       552       276.0000000000      -187.9557340260      -187.9508641190      -187.9508641190
       553       276.5000000000      -187.9511552460      -187.9432208200      -187.9432208200
       554       277.0000000000      -187.9449263690      -187.9335986820      -187.9335986820
       555       277.5000000000      -187.9385022120      -187.9237609780      -187.9237609780
       556       278.0000000000      -187.9330592400      -187.9150139510      -187.9150139510
       557       278.5000000000      -187.9291987110      -187.9080552570      -187.9080552570
       558       279.0000000000      -187.9271122100      -187.9031654120      -187.9031654120
       559       279.5000000000      -187.9267437660      -187.9003727340      -187.9003727340
       560       280.0000000000      -187.9277990900      -187.8994577600      -187.8994577600
       561       280.5000000000      -187.9298222750      -187.9000199520      -187.9000199520
       562       281.0000000000      -187.9324673000      -187.9017370520      -187.9017370520
       563       281.5000000000      -187.9357728320      -187.9046287970      -187.9046287970
       564       282.0000000000      -187.9401566040      -187.9090456930      -187.9090456930
       565       282.5000000000      -187.9460482440      -187.9153044630      -187.9153044630
       566       283.0000000000      -187.9534025680      -187.9232141460      -187.9232141460
       567       283.5000000000      -187.9614960440      -187.9318948730      -187.9318948730
       568       284.0000000000      -187.9691692270      -187.9400482160      -187.9400482160
       569       284.5000000000      -187.9752589490      -187.9464140610      -187.9464140610
       570       285.0000000000      -187.9788765930      -187.9500590500      -187.9500590500
       571       285.5000000000      -187.9794830930      -187.9504434320      -187.9504434320
       572       286.0000000000      -187.9769372580      -187.9474496860      -187.9474496860
       573       286.5000000000      -187.9715949350      -187.9414629180      -187.9414629180
       574       287.0000000000      -187.9643059420      -187.9333583720      -187.9333583720
       575       287.5000000000      -187.9561363560      -187.9242226830      -187.9242226830
       576       288.0000000000      -187.9479413490      -187.9149286600      -187.9149286600
       577       288.5000000000      -187.9401948680      -187.9059664450      -187.9059664450
       578       289.0000000000      -187.9332644070      -187.8977205510      -187.8977205510
       579       289.5000000000      -187.9277543270      -187.8908190670      -187.8908190670
       580       290.0000000000      -187.9244115770      -187.8860498000      -187.8860498000
       581       290.5000000000      -187.9236314960      -187.8838757440      -187.8838757440
       582       291.0000000000      -187.9251041710      -187.8840835660      -187.8840835660
       583       291.5000000000      -187.9279777910      -187.8859366050      -187.8859366050
       584       292.0000000000      -187.9313809400      -187.8886764680      -187.8886764680
       585       292.5000000000      -187.9348903380      -187.8919668240      -187.8919668240
       586       293.0000000000      -187.9386503830      -187.8959928830      -187.8959928830
       587       293.5000000000      -187.9430944270      -187.9011707610      -187.9011707610
       588       294.0000000000      -187.9484566210      -187.9076579990      -187.9076579990
       589       294.5000000000      -187.9543867190      -187.9149790960      -187.9149790960
       590       295.0000000000      -187.9598838710      -187.9219821420      -187.9219821420
       591       295.5000000000      -187.9635964200      -187.9271681340      -187.9271681340
       592       296.0000000000      -187.9643866320      -187.9292840460      -187.9292840460
       593       296.5000000000      -187.9618834110      -187.9278929980      -187.9278929980
       594       297.0000000000      -187.9566997180      -187.9235942270      -187.9235942270
       595       297.5000000000      -187.9501874930      -187.9177666540      -187.9177666540
       596       298.0000000000      -187.9438459680      -187.9119576810      -187.9119576810
       597       298.5000000000      -187.9386956710      -187.9072396060      -187.9072396060
       598       299.0000000000      -187.9350186790      -187.9039399640      -187.9039399640
       599       299.5000000000      -187.9326375450      -187.9019212790      -187.9019212790
       600       300.0000000000      -187.9314465370      -187.9011190830      -187.9011190830
       601       300.5000000000      -187.9316893580      -187.9018259760      -187.9018259760
       602       301.0000000000      -187.9337398510      -187.9044745820      -187.9044745820
       603       301.5000000000      -187.9375981030      -187.9091300120      -187.9091300120
       604       302.0000000000      -187.9425643590      -187.9151574950      -187.9151574950
       605       302.5000000000      -187.9474316730      -187.9214096690      -187.9214096690
       606       303.0000000000      -187.9511609090      -187.9268982200      -187.9268982200
       607       303.5000000000      -187.9535976030      -187.9315090690      -187.9315090690
       608       304.0000000000      -187.9555968670      -187.9361248880      -187.9361248880
       609       304.5000000000      -187.9582354670      -187.9418302950      -187.9418302950
       610       305.0000000000      -187.9616636670      -187.9487460390      -187.9487460390
       611       305.5000000000      -187.9647041930      -187.9555677050      -187.9555677050
       612       306.0000000000      -187.9657241870      -187.9601171640      -187.9601171640
       613       306.5000000000      -187.9645813610      -187.9597388270      -187.9597388270
       614       307.0000000000      -187.9617777620      -187.9535380070      -187.9535380070
       615       307.5000000000      -187.9567459640      -187.9440595240      -187.9440595240
       616       308.0000000000      -187.9506109060      -187.9334876270      -187.9334876270
       617       308.5000000000      -187.9448436420      -187.9234961890      -187.9234961890
       618       309.0000000000      -187.9403542440      -187.9150266900      -187.9150266900
       619       309.5000000000      -187.9373022110      -187.9082278120      -187.9082278120
       620       310.0000000000      -187.9353947490      -187.9027926100      -187.9027926100
       621       310.5000000000      -187.9343605970      -187.8984456220      -187.8984456220
       622       311.0000000000      -187.9342534140      -187.8952480320      -187.8952480320
       623       311.5000000000      -187.9354223210      -187.8935620580      -187.8935620580
       624       312.0000000000      -187.9382026930      -187.8937289250      -187.8937289250
       625       312.5000000000      -187.9425306060      -187.8956695750      -187.8956695750
       626       313.0000000000      -187.9477677040      -187.8987035170      -187.8987035170
       627       313.5000000000      -187.9529686710      -187.9018249710      -187.9018249710
       628       314.0000000000      -187.9575371710      -187.9043760610      -187.9043760610
       629       314.5000000000      -187.9617704230      -187.9066062610      -187.9066062610
       630       315.0000000000      -187.9666192530      -187.9094375860      -187.9094375860
       631       315.5000000000      -187.9726116620      -187.9133847390      -187.9133847390
       632       316.0000000000      -187.9789549740      -187.9176519240      -187.9176519240
       633       316.5000000000      -187.9838700140      -187.9204656060      -187.9204656060
       634       317.0000000000      -187.9858420480      -187.9203284700      -187.9203284700
       635       317.5000000000      -187.9845849700      -187.9169866510      -187.9169866510
       636       318.0000000000      -187.9810858570      -187.9114735960      -187.9114735960
       637       318.5000000000      -187.9769631470      -187.9054641110      -187.9054641110
       638       319.0000000000      -187.9736575100      -187.9004590230      -187.9004590230
       639       319.5000000000      -187.9719045780      -187.8972506600      -187.8972506600
       640       320.0000000000      -187.9717168650      -187.8958974090      -187.8958974090
       641       320.5000000000      -187.9727487780      -187.8960826410      -187.8960826410
       642       321.0000000000      -187.9746742960      -187.8974893750      -187.8974893750
       643       321.5000000000      -187.9773063220      -187.8999214640      -187.8999214640
       644       322.0000000000      -187.9804594830      -187.9031719110      -187.9031719110
       645       322.5000000000      -187.9837320060      -187.9068122920      -187.9068122920
       646       323.0000000000      -187.9864089740      -187.9101028750      -187.9101028750
       647       323.5000000000      -187.9876235250      -187.9121589540      -187.9121589540
       648       324.0000000000      -187.9867889590      -187.9123854150      -187.9123854150
       649       324.5000000000      -187.9841187080      -187.9109974450      -187.9109974450
       650       325.0000000000      -187.9808202610      -187.9092130030      -187.9092130030
       651       325.5000000000      -187.9785366780      -187.9086908130      -187.9086908130
       652       326.0000000000      -187.9781668350      -187.9103448150      -187.9103448150
       653       326.5000000000      -187.9790290970      -187.9135002630      -187.9135002630
       654       327.0000000000      -187.9792758480      -187.9163003280      -187.9163003280
       655       327.5000000000      -187.9771965820      -187.9170021980      -187.9170021980
       656       328.0000000000      -187.9722074630      -187.9149630280      -187.9149630280
       657       328.5000000000      -187.9649188890      -187.9107085980      -187.9107085980
       658       329.0000000000      -187.9565802040      -187.9053856330      -187.9053856330
       659       329.5000000000      -187.9484463520      -187.9001406190      -187.9001406190
       660       330.0000000000      -187.9414009700      -187.8957564060      -187.8957564060
       661       330.5000000000      -187.9359077110      -187.8926146540      -187.8926146540
       662       331.0000000000      -187.9321629580      -187.8908542560      -187.8908542560
       663       331.5000000000      -187.9302515160      -187.8905262950      -187.8905262950
       664       332.0000000000      -187.9301879500      -187.8916299240      -187.8916299240
       665       332.5000000000      -187.9318507710      -187.8940390920      -187.8940390920
       666       333.0000000000      -187.9348883810      -187.8974027700      -187.8974027700
       667       333.5000000000      -187.9386969550      -187.9011204200      -187.9011204200
       668       334.0000000000      -187.9425612290      -187.9044839980      -187.9044839980
       669       334.5000000000      -187.9459842720      -187.9070121120      -187.9070121120
       670       335.0000000000      -187.9490564570      -187.9088254010      -187.9088254010
       671       335.5000000000      -187.9524825360      -187.9106801340      -187.9106801340
       672       336.0000000000      -187.9569474140      -187.9133381620      -187.9133381620
       673       336.5000000000      -187.9621938460      -187.9166437090      -187.9166437090
       674       337.0000000000      -187.9668163560      -187.9193115420      -187.9193115420
       675       337.5000000000      -187.9691574620      -187.9198144950      -187.9198144950
       676       338.0000000000      -187.9684295700      -187.9174942020      -187.9174942020
       677       338.5000000000      -187.9650637270      -187.9128978430      -187.9128978430
       678       339.0000000000      -187.9602341670      -187.9072917080      -187.9072917080
       679       339.5000000000      -187.9551664900      -187.9019618840      -187.9019618840
       680       340.0000000000      -187.9507243730      -187.8977976180      -187.8977976180
       681       340.5000000000      -187.9473505850      -187.8952335420      -187.8952335420
       682       341.0000000000      -187.9451922800      -187.8943803960      -187.8943803960
       683       341.5000000000      -187.9442384950      -187.8951716280      -187.8951716280
       684       342.0000000000      -187.9443857280      -187.8974400660      -187.8974400660
       685       342.5000000000      -187.9454355480      -187.9009252200      -187.9009252200
       686       343.0000000000      -187.9470771540      -187.9052622470      -187.9052622470
       687       343.5000000000      -187.9489062220      -187.9100006310      -187.9100006310
       688       344.0000000000      -187.9504947860      -187.9146677190      -187.9146677190
       689       344.5000000000      -187.9514826990      -187.9188459920      -187.9188459920
       690       345.0000000000      -187.9516443290      -187.9222190160      -187.9222190160
       691       345.5000000000      -187.9509282530      -187.9245845080      -187.9245845080
       692       346.0000000000      -187.9495115740      -187.9258883920      -187.9258883920
       693       346.5000000000      -187.9478121350      -187.9262519260      -187.9262519260
       694       347.0000000000      -187.9462587550      -187.9258363870      -187.9258363870
       695       347.5000000000      -187.9448939530      -187.9246034290      -187.9246034290
       696       348.0000000000      -187.9433639770      -187.9223767930      -187.9223767930
       697       348.5000000000      -187.9414639280      -187.9192644950      -187.9192644950
       698       349.0000000000      -187.9394673960      -187.9158055100      -187.9158055100
       699       349.5000000000      -187.9377334420      -187.9124977680      -187.9124977680
       700       350.0000000000      -187.9362248020      -187.9093454890      -187.9093454890
       701       350.5000000000      -187.9346279550      -187.9060442950      -187.9060442950
       702       351.0000000000      -187.9328028830      -187.9024769260      -187.9024769260
       703       351.5000000000      -187.9309798540      -187.8989221030      -187.8989221030
       704       352.0000000000      -187.9296244460      -187.8959105680      -187.8959105680
       705       352.5000000000      -187.9292136000      -187.8939871850      -187.8939871850
       706       353.0000000000      -187.9300742830      -187.8935395160      -187.8935395160
       707       353.5000000000      -187.9322951620      -187.8947040320      -187.8947040320
       708       354.0000000000      -187.9356972120      -187.8973349620      -187.8973349620
       709       354.5000000000      -187.9398713830      -187.9010414800      -187.9010414800
       710       355.0000000000      -187.9442993930      -187.9053101000      -187.9053101000
       711       355.5000000000      -187.9485515400      -187.9097058320      -187.9097058320
       712       356.0000000000      -187.9524960250      -187.9140870300      -187.9140870300
       713       356.5000000000      -187.9563457440      -187.9186588090      -187.9186588090
       714       357.0000000000      -187.9603259800      -187.9236463120      -187.9236463120
       715       357.5000000000      -187.9640441650      -187.9286654730      -187.9286654730
       716       358.0000000000      -187.9661839420      -187.9324139510      -187.9324139510
       717       358.5000000000      -187.9651202970      -187.9332805530      -187.9332805530
       718       359.0000000000      -187.9601730020      -187.9305952270      -187.9305952270
       719       359.5000000000      -187.9524515280      -187.9254725740      -187.9254725740
       720       360.0000000000      -187.9443628790      -187.9203195340      -187.9203195340
       721       360.5000000000      -187.9379338150      -187.9171554510      -187.9171554510
       722       361.0000000000      -187.9334916360      -187.9162861250      -187.9162861250
       723       361.5000000000      -187.9300219740      -187.9166348840      -187.9166348840
       724       362.0000000000      -187.9265539910      -187.9170237420      -187.9170237420
       725       362.5000000000      -187.9232311080      -187.9168053330      -187.9168053330
       726       363.0000000000      -187.9216179570      -187.9154382190      -187.9154382190
       727       363.5000000000      -187.9223567400      -187.9135922630      -187.9135922630
       728       364.0000000000      -187.9247269610      -187.9127591680      -187.9127591680
       729       364.5000000000      -187.9284860470      -187.9134958450      -187.9134958450
       730       365.0000000000      -187.9336204460      -187.9159270130      -187.9159270130
       731       365.5000000000      -187.9401529190      -187.9200373850      -187.9200373850
       732       366.0000000000      -187.9478786250      -187.9255286380      -187.9255286380
       733       366.5000000000      -187.9560425330      -187.9315358380      -187.9315358380
       734       367.0000000000      -187.9633351220      -187.9366502920      -187.9366502920
       735       367.5000000000      -187.9683283070      -187.9393873730      -187.9393873730
       736       368.0000000000      -187.9699762460      -187.9387219950      -187.9387219950
       737       368.5000000000      -187.9678051420      -187.9343256780      -187.9343256780
       738       369.0000000000      -187.9619221030      -187.9265901990      -187.9265901990
       739       369.5000000000      -187.9532928150      -187.9166557780      -187.9166557780
       740       370.0000000000      -187.9440603070      -187.9066581340      -187.9066581340
       741       370.5000000000      -187.9371921470      -187.8995704660      -187.8995704660
       742       371.0000000000      -187.9350217270      -187.8977247060      -187.8977247060
       743       371.5000000000      -187.9376952420      -187.9012044050      -187.9012044050
       744       372.0000000000      -187.9433621500      -187.9080055900      -187.9080055900
       745       372.5000000000      -187.9497619930      -187.9156079870      -187.9156079870
       746       373.0000000000      -187.9553738480      -187.9221327030      -187.9221327030
       747       373.5000000000      -187.9595543460      -187.9265393820      -187.9265393820
       748       374.0000000000      -187.9622529190      -187.9284618490      -187.9284618490
       749       374.5000000000      -187.9637815090      -187.9281027270      -187.9281027270
       750       375.0000000000      -187.9647393290      -187.9261847520      -187.9261847520
       751       375.5000000000      -187.9659751470      -187.9238243220      -187.9238243220
       752       376.0000000000      -187.9683867340      -187.9222147730      -187.9222147730
       753       376.5000000000      -187.9725069460      -187.9221413440      -187.9221413440
       754       377.0000000000      -187.9781417830      -187.9235994480      -187.9235994480
       755       377.5000000000      -187.9843884720      -187.9258207400      -187.9258207400
       756       378.0000000000      -187.9899923160      -187.9276467040      -187.9276467040
       757       378.5000000000      -187.9936901030      -187.9278886660      -187.9278886660
       758       379.0000000000      -187.9943660960      -187.9254950920      -187.9254950920
       759       379.5000000000      -187.9912168330      -187.9197219880      -187.9197219880
       760       380.0000000000      -187.9842117070      -187.9105932850      -187.9105932850
       761       380.5000000000      -187.9747487740      -187.8995531590      -187.8995531590
       762       381.0000000000      -187.9657295130      -187.8895364410      -187.8895364410
       763       381.5000000000      -187.9602399350      -187.8836453260      -187.8836453260
       764       382.0000000000      -187.9595669010      -187.8831609780      -187.8831609780
       765       382.5000000000      -187.9625962850      -187.8869400260      -187.8869400260
       766       383.0000000000      -187.9670500840      -187.8926551660      -187.8926551660
       767       383.5000000000      -187.9709450550      -187.8982621120      -187.8982621120
       768       384.0000000000      -187.9731894930      -187.9026060700      -187.9026060700
       769       384.5000000000      -187.9735443310      -187.9053907560      -187.9053907560
       770       385.0000000000      -187.9724326380      -187.9069921410      -187.9069921410
       771       385.5000000000      -187.9707608290      -187.9082794510      -187.9082794510
       772       386.0000000000      -187.9696316350      -187.9103243100      -187.9103243100
       773       386.5000000000      -187.9698353380      -187.9138867910      -187.9138867910
       774       387.0000000000      -187.9713450710      -187.9189060900      -187.9189060900
       775       387.5000000000      -187.9732670300      -187.9244493430      -187.9244493430
       776       388.0000000000      -187.9743276390      -187.9292006710      -187.9292006710
       777       388.5000000000      -187.9734400660      -187.9320311640      -187.9320311640
       778       389.0000000000      -187.9699254320      -187.9322235340      -187.9322235340
       779       389.5000000000      -187.9634307970      -187.9293912620      -187.9293912620
       780       390.0000000000      -187.9538868970      -187.9234351220      -187.9234351220
       781       390.5000000000      -187.9417738640      -187.9148060250      -187.9148060250
       782       391.0000000000      -187.9285679220      -187.9049478710      -187.9049478710
       783       391.5000000000      -187.9167098940      -187.8962627540      -187.8962627540
       784       392.0000000000      -187.9085036350      -187.8910075110      -187.8910075110
       785       392.5000000000      -187.9046186040      -187.8897959370      -187.8897959370
       786       393.0000000000      -187.9037891760      -187.8913006070      -187.8913006070
       787       393.5000000000      -187.9039701270      -187.8934126990      -187.8934126990
       788       394.0000000000      -187.9036181480      -187.8945271740      -187.8945271740
       789       394.5000000000      -187.9022179600      -187.8940661100      -187.8940661100
       790       395.0000000000      -187.9002179380      -187.8924046160      -187.8924046160
       791       395.5000000000      -187.8987408380      -187.8905883200      -187.8905883200
       792       396.0000000000      -187.8992017340      -187.8899925840      -187.8899925840
       793       396.5000000000      -187.9028287440      -187.8918766520      -187.8918766520
       794       397.0000000000      -187.9101448710      -187.8968513670      -187.8968513670
       795       397.5000000000      -187.9206545480      -187.9045327910      -187.9045327910
       796       398.0000000000      -187.9329953140      -187.9136719880      -187.9136719880
       797       398.5000000000      -187.9454627180      -187.9226683900      -187.9226683900
       798       399.0000000000      -187.9564944290      -187.9300484160      -187.9300484160
       799       399.5000000000      -187.9648511160      -187.9346456170      -187.9346456170
       800       400.0000000000      -187.9696173740      -187.9356041830      -187.9356041830
