 # Step, Time, Current state, Current potential, Velocity norm, current gradient
         0      0.00000000     2      -187.8890502100         0.0058213551         0.2301246815
         1      0.50000000     2      -187.8957475920         0.0063820320         0.2141016464
         2      1.00000000     2      -187.9029194860         0.0069139180         0.1957721995
         3      1.50000000     2      -187.9090235700         0.0073206941         0.1758869722
         4      2.00000000     2      -187.9122120280         0.0075035676         0.1603514907
         5      2.50000000     2      -187.9107895210         0.0073717409         0.1646739289
         6      3.00000000     2      -187.9044510650         0.0068972465         0.2014825967
         7      3.50000000     2      -187.8958861460         0.0062290104         0.2559852380
         8      4.00000000     2      -187.8907928010         0.0057937217         0.2937445505
         9      4.50000000     2      -187.8939400460         0.0060256423         0.2879929528
        10      5.00000000     2      -187.9042400700         0.0067778683         0.2415746402
        11      5.50000000     2      -187.9157699930         0.0075385062         0.1824732191
        12      6.00000000     2      -187.9232638840         0.0079899207         0.1392748219
        13      6.50000000     2      -187.9248844290         0.0080680031         0.1230267578
        14      7.00000000     2      -187.9212597110         0.0078234591         0.1265056403
        15      7.50000000     2      -187.9138277580         0.0073265825         0.1407654655
        16      8.00000000     2      -187.9040805360         0.0066398262         0.1627712418
        17      8.50000000     2      -187.8935878790         0.0058359383         0.1899070367
        18      9.00000000     2      -187.8841559180         0.0050386692         0.2166024766
        19      9.50000000     2      -187.8775997370         0.0044519557         0.2368257924
        20     10.00000000     2      -187.8751783260         0.0043032054         0.2479590713
        21     10.50000000     2      -187.8772467650         0.0046628657         0.2510060311
        22     11.00000000     2      -187.8833686560         0.0053804907         0.2474064656
        23     11.50000000     2      -187.8925180330         0.0062445736         0.2374100176
        24     12.00000000     2      -187.9031252540         0.0070860450         0.2214755506
        25     12.50000000     2      -187.9131242660         0.0077767959         0.2017771638
        26     13.00000000     2      -187.9200743980         0.0082050594         0.1840987162
        27     13.50000000     2      -187.9213624390         0.0082545666         0.1844299812
        28     14.00000000     2      -187.9150817960         0.0078179157         0.2278165961
        29     14.50000000     2      -187.9026863960         0.0069197460         0.3103674713
        30     15.00000000     2      -187.8919542080         0.0059987452         0.3816754219
        31     15.50000000     2      -187.8930009430         0.0059043462         0.3835740183
        32     16.00000000     2      -187.9066506060         0.0067512894         0.3075988701
        33     16.50000000     2      -187.9230172020         0.0077128127         0.2018215749
        34     17.00000000     2      -187.9330625420         0.0082524991         0.1227620783
        35     17.50000000     2      -187.9344254750         0.0082982146         0.1055890401
        36     18.00000000     2      -187.9287782740         0.0079451816         0.1303901779
        37     18.50000000     2      -187.9186533110         0.0072967644         0.1641210198
        38     19.00000000     2      -187.9064851950         0.0064442086         0.1977691175
        39     19.50000000     2      -187.8947786470         0.0055123364         0.2266459899
        40     20.00000000     2      -187.8860478750         0.0047154851         0.2444442890
        41     20.50000000     2      -187.8820548670         0.0043347166         0.2468926847
        42     21.00000000     2      -187.8829881340         0.0045026305         0.2358285182
        43     21.50000000     2      -187.8875190810         0.0050448538         0.2188099103
        44     22.00000000     2      -187.8937318920         0.0056980998         0.2047738808
        45     22.50000000     2      -187.9000977300         0.0063076221         0.1990955245
        46     23.00000000     2      -187.9058922540         0.0068256725         0.2009711205
        47     23.50000000     2      -187.9110107820         0.0072542382         0.2048169242
        48     24.00000000     2      -187.9153840810         0.0075919523         0.2041676744
        49     24.50000000     2      -187.9182927830         0.0077946441         0.1957621497
        50     25.00000000     2      -187.9180322610         0.0077612210         0.1853211816
        51     25.50000000     2      -187.9125864400         0.0073650815         0.1951036204
        52     26.00000000     2      -187.9019420070         0.0065701252         0.2451126239
        53     26.50000000     2      -187.8910484850         0.0056732782         0.3084382519
        54     27.00000000     2      -187.8884460940         0.0054267831         0.3312802908
        55     27.50000000     2      -187.8976662130         0.0061725166         0.2896084877
        56     28.00000000     2      -187.9124220310         0.0072225009         0.2114298298
        57     28.50000000     2      -187.9237409220         0.0079343731         0.1465696770
        58     29.00000000     2      -187.9273388720         0.0081296115         0.1303392166
        59     29.50000000     2      -187.9238047570         0.0078777823         0.1527659777
        60     30.00000000     2      -187.9160799320         0.0073363309         0.1832450187
        61     30.50000000     2      -187.9075872680         0.0066975416         0.2050746147
        62     31.00000000     2      -187.9009400640         0.0061510748         0.2117708178
        63     31.50000000     2      -187.8970922100         0.0058134900         0.2054432217
        64     32.00000000     2      -187.8954603250         0.0056793921         0.1954440066
        65     32.50000000     2      -187.8949634610         0.0056721875         0.1919676087
        66     33.00000000     2      -187.8950605690         0.0057405694         0.1980760982
        67     33.50000000     2      -187.8960576060         0.0058962054         0.2086248734
        68     34.00000000     2      -187.8986949910         0.0061788514         0.2164195518
        69     34.50000000     2      -187.9034651920         0.0065982802         0.2171570778
        70     35.00000000     2      -187.9101139160         0.0071055441         0.2103115351
        71     35.50000000     2      -187.9174807970         0.0076032425         0.1982831700
        72     36.00000000     2      -187.9235518430         0.0079641057         0.1871673922
        73     36.50000000     2      -187.9257328820         0.0080428623         0.1910974598
        74     37.00000000     2      -187.9219096190         0.0077110934         0.2284725557
        75     37.50000000     2      -187.9129500000         0.0069744068         0.2935850964
        76     38.00000000     2      -187.9048649320         0.0061734342         0.3449074068
        77     38.50000000     2      -187.9050798050         0.0059269118         0.3379110781
        78     39.00000000     2      -187.9136816350         0.0063596930         0.2720324558
        79     39.50000000     2      -187.9230130770         0.0068963375         0.1986899926
        80     40.00000000     2      -187.9266918480         0.0071006712         0.1766958357
        81     40.50000000     2      -187.9242535330         0.0069368884         0.2005890103
        82     41.00000000     2      -187.9188138330         0.0065761347         0.2273475305
        83     41.50000000     2      -187.9134853400         0.0062125404         0.2395894430
        84     42.00000000     2      -187.9095588600         0.0059486127         0.2392052501
        85     42.50000000     2      -187.9066723680         0.0057712938         0.2356059590
        86     43.00000000     2      -187.9040793840         0.0056268144         0.2371278543
        87     43.50000000     2      -187.9017496610         0.0055110625         0.2447946581
        88     44.00000000     2      -187.9005107100         0.0054892241         0.2533983595
        89     44.50000000     2      -187.9013725020         0.0056368112         0.2576853059
        90     45.00000000     2      -187.9047897470         0.0059661382         0.2560885832
        91     45.50000000     2      -187.9104602760         0.0064171879         0.2496811455
        92     46.00000000     2      -187.9175749980         0.0069032111         0.2392625114
        93     46.50000000     2      -187.9250448000         0.0073424861         0.2240100897
        94     47.00000000     2      -187.9314679780         0.0076554967         0.2027353737
        95     47.50000000     2      -187.9350423670         0.0077521307         0.1780366648
        96     48.00000000     2      -187.9339393660         0.0075406872         0.1646095143
        97     48.50000000     2      -187.9276920100         0.0069926631         0.1858800455
        98     49.00000000     2      -187.9191866540         0.0062821403         0.2318179320
        99     49.50000000     2      -187.9143775080         0.0058702506         0.2593442838
       100     50.00000000     2      -187.9172161730         0.0061256330         0.2437037165
       101     50.50000000     2      -187.9252414000         0.0067929714         0.2045576652
       102     51.00000000     2      -187.9328196930         0.0073927263         0.1846600754
       103     51.50000000     2      -187.9367998850         0.0077190148         0.1949140212
       104     52.00000000     2      -187.9374134230         0.0077999829         0.2104560294
       105     52.50000000     2      -187.9359377980         0.0077197825         0.2159412678
       106     53.00000000     2      -187.9329962540         0.0075215424         0.2142253695
       107     53.50000000     2      -187.9287321760         0.0072140829         0.2158236802
       108     54.00000000     2      -187.9238834000         0.0068301266         0.2267220119
       109     54.50000000     2      -187.9201479890         0.0064597102         0.2411693449
       110     55.00000000     2      -187.9177303310         0.0062080660         0.2452243425
       111     55.50000000     2      -187.9152701660         0.0061529038         0.2496837894
       112     56.00000000     2      -187.9158155830         0.0063190272         0.2304562043
       113     56.50000000     2      -187.9191137420         0.0066591870         0.2080347845
       114     57.00000000     2      -187.9241780910         0.0070988953         0.1865943457
       115     57.50000000     2      -187.9299450080         0.0075644072         0.1685214006
       116     58.00000000     2      -187.9351337730         0.0079768242         0.1566720917
       117     58.50000000     2      -187.9380603380         0.0082407497         0.1568429940
       118     59.00000000     2      -187.9368545100         0.0082512485         0.1781599209
       119     59.50000000     2      -187.9305723220         0.0079417804         0.2230743696
       120     60.00000000     2      -187.9210203010         0.0073828400         0.2759331040
       121     60.50000000     2      -187.9131777390         0.0068618978         0.3085483527
       122     61.00000000     2      -187.9117136260         0.0067332093         0.3024765572
       123     61.50000000     2      -187.9166016820         0.0070408799         0.2683911961
       124     62.00000000     2      -187.9239633160         0.0075085232         0.2340403419
       125     62.50000000     2      -187.9301053080         0.0078823968         0.2137584806
       126     63.00000000     2      -187.9330760260         0.0080460318         0.2044522959
       127     63.50000000     2      -187.9320999990         0.0079591379         0.2044403953
       128     64.00000000     2      -187.9274261620         0.0076314168         0.2156897235
       129     64.50000000     2      -187.9206602110         0.0071441433         0.2331194239
       130     65.00000000     2      -187.9143776830         0.0066548066         0.2455325874
       131     65.50000000     2      -187.9108066000         0.0063381477         0.2459443712
       132     66.00000000     2      -187.9107514170         0.0062872270         0.2361234353
       133     66.50000000     2      -187.9137247020         0.0064758515         0.2223577804
       134     67.00000000     2      -187.9187989650         0.0068200744         0.2090788365
       135     67.50000000     2      -187.9251821350         0.0072448643         0.1967100395
       136     68.00000000     2      -187.9322264500         0.0076959845         0.1834052987
       137     68.50000000     2      -187.9391435300         0.0081217887         0.1673167986
       138     69.00000000     2      -187.9447387540         0.0084568087         0.1486539671
       139     69.50000000     2      -187.9474160130         0.0086206767         0.1330542218
       140     70.00000000     2      -187.9456954600         0.0085391980         0.1343197875
       141     70.50000000     2      -187.9393269140         0.0081930199         0.1611272654
       142     71.00000000     2      -187.9303846400         0.0076819223         0.1988288332
       143     71.50000000     2      -187.9227912820         0.0072374791         0.2245147341
       144     72.00000000     2      -187.9196185410         0.0070839162         0.2282592103
       145     72.50000000     2      -187.9207951030         0.0072347892         0.2184692757
       146     73.00000000     2      -187.9239090390         0.0075130759         0.2082722975
       147     73.50000000     2      -187.9263466240         0.0077324889         0.2021962125
       148     74.00000000     2      -187.9262886520         0.0077785031         0.2013617522
       149     74.50000000     2      -187.9230051390         0.0076089863         0.2092180406
       150     75.00000000     2      -187.9172422650         0.0072633423         0.2250750831
       151     75.50000000     2      -187.9111343350         0.0068689233         0.2407409849
       152     76.00000000     2      -187.9071274450         0.0065970596         0.2475558393
       153     76.50000000     2      -187.9066278080         0.0065645645         0.2428850383
       154     77.00000000     2      -187.9095352360         0.0067654977         0.2300262199
       155     77.50000000     2      -187.9148356450         0.0071109808         0.2142210453
       156     78.00000000     2      -187.9214264810         0.0075119172         0.1992006829
       157     78.50000000     2      -187.9284946890         0.0079134171         0.1862260009
       158     79.00000000     2      -187.9354235880         0.0082828891         0.1750652989
       159     79.50000000     2      -187.9415423340         0.0085891293         0.1655724163
       160     80.00000000     2      -187.9460086230         0.0087933566         0.1588802352
       161     80.50000000     2      -187.9479697140         0.0088563890         0.1575026776
       162     81.00000000     2      -187.9469842130         0.0087581443         0.1634586693
       163     81.50000000     2      -187.9434767710         0.0085203225         0.1751665015
       164     82.00000000     2      -187.9388094550         0.0082157922         0.1871503493
       165     82.50000000     2      -187.9346780030         0.0079453763         0.1943175668
       166     83.00000000     2      -187.9321482350         0.0077831834         0.1962643247
       167     83.50000000     2      -187.9310960280         0.0077297355         0.1964574651
       168     84.00000000     2      -187.9303512350         0.0077113752         0.1987683683
       169     84.50000000     2      -187.9282736330         0.0076192301         0.2077644981
       170     85.00000000     2      -187.9236575610         0.0073653004         0.2278409851
       171     85.50000000     2      -187.9167673080         0.0069408786         0.2563332375
       172     86.00000000     2      -187.9096333720         0.0064488387         0.2822438098
       173     86.50000000     2      -187.9049160050         0.0060645031         0.2946150868
       174     87.00000000     2      -187.9041027260         0.0059124094         0.2902464621
       175     87.50000000     2      -187.9067575390         0.0059679138         0.2740456844
       176     88.00000000     2      -187.9113503730         0.0061113371         0.2534461883
       177     88.50000000     2      -187.9164866880         0.0062456325         0.2332034614
       178     89.00000000     2      -187.9214297710         0.0063393190         0.2145063365
       179     89.50000000     2      -187.9259135600         0.0064024315         0.1971056991
       180     90.00000000     2      -187.9297656540         0.0064513117         0.1817103578
       181     90.50000000     2      -187.9327289570         0.0064916748         0.1711210727
       182     91.00000000     2      -187.9345884340         0.0065254540         0.1688681137
       183     91.50000000     2      -187.9354652130         0.0065700591         0.1751320792
       184     92.00000000     2      -187.9359570160         0.0066665118         0.1848135129
       185     92.50000000     2      -187.9368508460         0.0068570767         0.1917846029
       186     93.00000000     2      -187.9385548840         0.0071455856         0.1939447528
       187     93.50000000     2      -187.9407658380         0.0074823494         0.1930395290
       188     94.00000000     2      -187.9425964550         0.0077856353         0.1906501960
       189     94.50000000     2      -187.9428621510         0.0079681973         0.1872287995
       190     95.00000000     2      -187.9403773510         0.0079540504         0.1861718067
       191     95.50000000     2      -187.9345592970         0.0077043364         0.1941601034
       192     96.00000000     2      -187.9262681110         0.0072606333         0.2118550408
       193     96.50000000     2      -187.9179624010         0.0067741255         0.2288288053
       194     97.00000000     2      -187.9124396930         0.0064588085         0.2327858743
       195     97.50000000     2      -187.9109819080         0.0064462357         0.2200491822
       196     98.00000000     2      -187.9127147760         0.0066817962         0.1975918418
       197     98.50000000     2      -187.9156837970         0.0070090851         0.1772090917
       198     99.00000000     2      -187.9182795380         0.0073066892         0.1669838447
       199     99.50000000     2      -187.9197681950         0.0075249806         0.1670521270
       200    100.00000000     2      -187.9199996760         0.0076547344         0.1734003208
       201    100.50000000     2      -187.9189856610         0.0076950814         0.1834111876
       202    101.00000000     2      -187.9168177130         0.0076481950         0.1966958998
       203    101.50000000     2      -187.9139421200         0.0075374276         0.2120243773
       204    102.00000000     2      -187.9113753660         0.0074230372         0.2246636422
       205    102.50000000     2      -187.9103048530         0.0073793459         0.2290322732
       206    103.00000000     2      -187.9112015390         0.0074365705         0.2255344974
       207    103.50000000     2      -187.9135219160         0.0075594384         0.2218375773
       208    104.00000000     2      -187.9164503270         0.0076951139         0.2225638374
       209    104.50000000     2      -187.9194708400         0.0078094881         0.2216144713
       210    105.00000000     2      -187.9218625190         0.0078587024         0.2116552512
       211    105.50000000     2      -187.9221663450         0.0077592385         0.1963933841
       212    106.00000000     2      -187.9189374530         0.0074233957         0.1894935165
       213    106.50000000     2      -187.9122387710         0.0068352225         0.1992291835
       214    107.00000000     2      -187.9042522280         0.0061094170         0.2175912093
       215    107.50000000     2      -187.8982705290         0.0054974865         0.2310454502
       216    108.00000000     2      -187.8968388740         0.0052846941         0.2322203763
       217    108.50000000     2      -187.9004966650         0.0055630576         0.2208471502
       218    109.00000000     2      -187.9078883530         0.0061561229         0.2010296271
       219    109.50000000     2      -187.9168288120         0.0068245933         0.1786657366
       220    110.00000000     2      -187.9253636370         0.0074171639         0.1587696355
       221    110.50000000     2      -187.9321770590         0.0078672939         0.1441199370
       222    111.00000000     2      -187.9364132850         0.0081457566         0.1370511252
       223    111.50000000     2      -187.9374202060         0.0082294648         0.1421123392
       224    112.00000000     2      -187.9348741030         0.0081024595         0.1633270387
       225    112.50000000     2      -187.9293636150         0.0077880608         0.1962228475
       226    113.00000000     2      -187.9228767300         0.0073895490         0.2266543874
       227    113.50000000     2      -187.9181828760         0.0070814088         0.2396825138
       228    114.00000000     2      -187.9170730600         0.0070059258         0.2311416928
       229    114.50000000     2      -187.9192942680         0.0071662978         0.2101152895
       230    115.00000000     2      -187.9232435420         0.0074517134         0.1870297189
       231    115.50000000     2      -187.9269249800         0.0077211330         0.1653397002
       232    116.00000000     2      -187.9282683980         0.0078409227         0.1500942584
       233    116.50000000     2      -187.9256912290         0.0077100671         0.1523456108
       234    117.00000000     2      -187.9190735130         0.0072988405         0.1744656384
       235    117.50000000     2      -187.9102304620         0.0066827102         0.2042220753
       236    118.00000000     2      -187.9023016040         0.0060558566         0.2274343977
       237    118.50000000     2      -187.8982717440         0.0056873218         0.2350460773
       238    119.00000000     2      -187.8994422480         0.0057583876         0.2251982667
       239    119.50000000     2      -187.9049000100         0.0062023488         0.2046522446
       240    120.00000000     2      -187.9124123050         0.0068010500         0.1862396188
       241    120.50000000     2      -187.9199038940         0.0073800993         0.1799670035
       242    121.00000000     2      -187.9262664930         0.0078635429         0.1849689212
       243    121.50000000     2      -187.9311765520         0.0082328491         0.1933756158
       244    122.00000000     2      -187.9344746360         0.0084780408         0.1991842183
       245    122.50000000     2      -187.9357511570         0.0085746036         0.2018293291
       246    123.00000000     2      -187.9344983300         0.0084933174         0.2053171745
       247    123.50000000     2      -187.9308046600         0.0082378096         0.2134449553
       248    124.00000000     2      -187.9260112980         0.0078868006         0.2234946694
       249    124.50000000     2      -187.9224043710         0.0075937504         0.2278661728
       250    125.00000000     2      -187.9218104440         0.0075051370         0.2229763918
       251    125.50000000     2      -187.9243592870         0.0076482599         0.2114313212
       252    126.00000000     2      -187.9284260130         0.0079085817         0.1974940931
       253    126.50000000     2      -187.9314986040         0.0081128991         0.1872416956
       254    127.00000000     2      -187.9314816120         0.0081258702         0.1870369102
       255    127.50000000     2      -187.9277511040         0.0078981292         0.1957487481
       256    128.00000000     2      -187.9212013460         0.0074618152         0.2068442823
       257    128.50000000     2      -187.9134982090         0.0069017123         0.2172405673
       258    129.00000000     2      -187.9063916000         0.0063334949         0.2273221873
       259    129.50000000     2      -187.9013446900         0.0058878403         0.2360123414
       260    130.00000000     2      -187.8991940410         0.0056694553         0.2411523863
       261    130.50000000     2      -187.8999367290         0.0057008681         0.2429818490
       262    131.00000000     2      -187.9029752020         0.0059218142         0.2435342919
       263    131.50000000     2      -187.9076071520         0.0062487148         0.2433580814
       264    132.00000000     2      -187.9132424460         0.0066151134         0.2406432633
       265    132.50000000     2      -187.9192228120         0.0069663702         0.2331631471
       266    133.00000000     2      -187.9245361750         0.0072414036         0.2208337082
       267    133.50000000     2      -187.9277944030         0.0073701261         0.2082649003
       268    134.00000000     2      -187.9277372040         0.0072971534         0.2058516590
       269    134.50000000     2      -187.9242571120         0.0070329995         0.2222374577
       270    135.00000000     2      -187.9193139510         0.0067134870         0.2501863994
       271    135.50000000     2      -187.9164466070         0.0065879466         0.2698745667
       272    136.00000000     2      -187.9183743570         0.0068339117         0.2662429117
       273    136.50000000     2      -187.9246237520         0.0073525230         0.2386901556
       274    137.00000000     2      -187.9317497070         0.0078602104         0.1998543112
       275    137.50000000     2      -187.9358863860         0.0081197846         0.1686464700
       276    138.00000000     2      -187.9350645020         0.0080349697         0.1588867237
       277    138.50000000     2      -187.9297020430         0.0076288176         0.1683795436
       278    139.00000000     2      -187.9217618180         0.0069984666         0.1845942548
       279    139.50000000     2      -187.9136218680         0.0062824651         0.1964861956
       280    140.00000000     2      -187.9071148220         0.0056303440         0.1987779462
       281    140.50000000     2      -187.9029926550         0.0051611268         0.1937203531
       282    141.00000000     2      -187.9011393910         0.0049353539         0.1889765165
       283    141.50000000     2      -187.9013038530         0.0049711290         0.1899342678
       284    142.00000000     2      -187.9035707670         0.0052682125         0.1940978892
       285    142.50000000     2      -187.9081303830         0.0057916084         0.1947785851
       286    143.00000000     2      -187.9146418030         0.0064474515         0.1879601101
       287    143.50000000     2      -187.9217934960         0.0070967879         0.1759338824
       288    144.00000000     2      -187.9274658260         0.0075940610         0.1683306983
       289    144.50000000     2      -187.9295643030         0.0078277892         0.1785142481
       290    145.00000000     2      -187.9273262130         0.0077666795         0.2102318678
       291    145.50000000     2      -187.9224728740         0.0075130616         0.2503820528
       292    146.00000000     2      -187.9189466080         0.0073132683         0.2794709561
       293    146.50000000     2      -187.9204098180         0.0074171521         0.2837097298
       294    147.00000000     2      -187.9272120750         0.0078380964         0.2620094851
       295    147.50000000     2      -187.9360440950         0.0083432475         0.2256284623
       296    148.00000000     2      -187.9425877340         0.0086823359         0.1911933260
       297    148.50000000     2      -187.9441815390         0.0087302227         0.1729595944
       298    149.00000000     2      -187.9406009900         0.0084858821         0.1763235216
       299    149.50000000     2      -187.9335061900         0.0080333502         0.1943497726
       300    150.00000000     2      -187.9254562330         0.0075094229         0.2143186193
       301    150.50000000     2      -187.9187938180         0.0070630494         0.2272294452
       302    151.00000000     2      -187.9147824650         0.0067982895         0.2317003228
       303    151.50000000     2      -187.9135339870         0.0067396231         0.2318385424
       304    152.00000000     2      -187.9146323050         0.0068553145         0.2316047901
       305    152.50000000     2      -187.9177086230         0.0071023998         0.2311166567
       306    153.00000000     2      -187.9224910580         0.0074411334         0.2278030037
       307    153.50000000     2      -187.9285076880         0.0078235205         0.2194157942
       308    154.00000000     2      -187.9348558450         0.0081858728         0.2054718500
       309    154.50000000     2      -187.9402427710         0.0084554140         0.1871211719
       310    155.00000000     2      -187.9432720990         0.0085641675         0.1672923201
       311    155.50000000     2      -187.9429164900         0.0084667980         0.1521502156
       312    156.00000000     2      -187.9391266530         0.0081661469         0.1502631201
       313    156.50000000     2      -187.9332958600         0.0077421541         0.1628900475
       314    157.00000000     2      -187.9279361590         0.0073517602         0.1781289863
       315    157.50000000     2      -187.9252311340         0.0071502565         0.1829151465
       316    158.00000000     2      -187.9254433030         0.0071629429         0.1752953484
       317    158.50000000     2      -187.9268189960         0.0072611604         0.1659481681
       318    159.00000000     2      -187.9271418130         0.0072840561         0.1684739308
       319    159.50000000     2      -187.9253706970         0.0071530077         0.1844950565
       320    160.00000000     2      -187.9220710480         0.0068942751         0.2031862522
       321    160.50000000     2      -187.9186324330         0.0065954190         0.2139078206
       322    161.00000000     2      -187.9161548130         0.0063360254         0.2141128234
       323    161.50000000     2      -187.9150394560         0.0061459048         0.2143856928
       324    162.00000000     2      -187.9139849500         0.0060274199         0.2292373425
       325    162.50000000     2      -187.9130538740         0.0059845608         0.2318019621
       326    163.00000000     2      -187.9136764980         0.0060634345         0.2365506461
       327    163.50000000     2      -187.9167071150         0.0063213286         0.2357418558
       328    164.00000000     2      -187.9223009610         0.0067473470         0.2241556206
       329    164.50000000     2      -187.9294740970         0.0072476885         0.2027483340
       330    165.00000000     2      -187.9363573620         0.0076953442         0.1775927787
       331    165.50000000     2      -187.9409392370         0.0079840353         0.1581777882
       332    166.00000000     2      -187.9418443470         0.0080555585         0.1547292942
       333    166.50000000     2      -187.9389181070         0.0079126171         0.1701920613
       334    167.00000000     2      -187.9334495070         0.0076269156         0.1950437606
       335    167.50000000     2      -187.9276827740         0.0073244364         0.2152421125
       336    168.00000000     2      -187.9235207640         0.0071198328         0.2215840209
       337    168.50000000     2      -187.9212572580         0.0070287681         0.2141035134
       338    169.00000000     2      -187.9195526970         0.0069556632         0.2015490922
       339    169.50000000     2      -187.9167118990         0.0067795786         0.1956446544
       340    170.00000000     2      -187.9120773130         0.0064455878         0.2014855410
       341    170.50000000     2      -187.9064676810         0.0059986260         0.2126723475
       342    171.00000000     2      -187.9014771890         0.0055580924         0.2184788834
       343    171.50000000     2      -187.8982770440         0.0052443676         0.2134525642
       344    172.00000000     2      -187.8969500650         0.0051017196         0.2005426435
       345    172.50000000     2      -187.8968506090         0.0050964925         0.1879037656
       346    173.00000000     2      -187.8974549700         0.0051897967         0.1824939854
       347    173.50000000     2      -187.8988846200         0.0053906443         0.1846856641
       348    174.00000000     2      -187.9017838850         0.0057381842         0.1884996814
       349    174.50000000     2      -187.9067242310         0.0062418920         0.1868774087
       350    175.00000000     2      -187.9135737950         0.0068451800         0.1766618604
       351    175.50000000     2      -187.9213317460         0.0074477807         0.1604755818
       352    176.00000000     2      -187.9285939960         0.0079567755         0.1454261461
       353    176.50000000     2      -187.9342924060         0.0083232304         0.1388878254
       354    177.00000000     2      -187.9381805560         0.0085511611         0.1424712405
       355    177.50000000     2      -187.9407800900         0.0086830520         0.1505171840
       356    178.00000000     2      -187.9428343550         0.0087682065         0.1558559309
       357    178.50000000     2      -187.9446217660         0.0088275024         0.1556389931
       358    179.00000000     2      -187.9456621730         0.0088393138         0.1535602959
       359    179.50000000     2      -187.9451217150         0.0087612992         0.1575119618
       360    180.00000000     2      -187.9426273230         0.0085724577         0.1716838411
       361    180.50000000     2      -187.9387949160         0.0083033285         0.1908634819
       362    181.00000000     2      -187.9349246310         0.0080284611         0.2058462696
       363    181.50000000     2      -187.9319494550         0.0078159505         0.2139158036
       364    182.00000000     2      -187.9295203370         0.0076711739         0.2245774310
       365    182.50000000     2      -187.9267515930         0.0075466043         0.2340410883
       366    183.00000000     2      -187.9234916800         0.0074025279         0.2390923317
       367    183.50000000     2      -187.9201387400         0.0072474763         0.2489909812
       368    184.00000000     2      -187.9178553100         0.0071523720         0.2618641508
       369    184.50000000     2      -187.9182481280         0.0072192006         0.2683754737
       370    185.00000000     2      -187.9222152910         0.0074916787         0.2609262088
       371    185.50000000     2      -187.9289307720         0.0078917283         0.2402680398
       372    186.00000000     2      -187.9360767270         0.0082652871         0.2154428574
       373    186.50000000     2      -187.9411620420         0.0084774128         0.1977805325
       374    187.00000000     2      -187.9426934720         0.0084634033         0.1881132231
       375    187.50000000     2      -187.9379535550         0.0081769335         0.1573184386
       376    188.00000000     2      -187.9302670300         0.0076902332         0.1782304859
       377    188.50000000     2      -187.9225265620         0.0071994187         0.2000598729
       378    189.00000000     2      -187.9168571690         0.0068588336         0.2133770106
       379    189.50000000     2      -187.9140971280         0.0067440116         0.2163127115
       380    190.00000000     2      -187.9134560650         0.0067981629         0.2167060186
       381    190.50000000     2      -187.9135790710         0.0069104080         0.2235486450
       382    191.00000000     2      -187.9138912320         0.0070263823         0.2357244882
       383    191.50000000     2      -187.9147844770         0.0071643131         0.2448129375
       384    192.00000000     2      -187.9167457750         0.0073537283         0.2455579755
       385    192.50000000     2      -187.9196031000         0.0075830602         0.2394613500
       386    193.00000000     2      -187.9225510430         0.0078018542         0.2315922816
       387    193.50000000     2      -187.9246263400         0.0079526393         0.2267466888
       388    194.00000000     2      -187.9251397620         0.0079972498         0.2283201558
       389    194.50000000     2      -187.9240166210         0.0079366856         0.2378757891
       390    195.00000000     2      -187.9221286940         0.0078325653         0.2529080843
       391    195.50000000     2      -187.9213129660         0.0078062710         0.2654503460
       392    196.00000000     2      -187.9233900930         0.0079662974         0.2654680898
       393    196.50000000     2      -187.9284429830         0.0082991695         0.2507301322
       394    197.00000000     2      -187.9344155600         0.0086668753         0.2292335842
       395    197.50000000     2      -187.9385583140         0.0089132257         0.2105873820
       396    198.00000000     2      -187.9388852980         0.0089379794         0.1996837693
       397    198.50000000     2      -187.9345893600         0.0086990170         0.1987379859
       398    199.00000000     2      -187.9259743490         0.0081966538         0.2094199114
       399    199.50000000     2      -187.9144828710         0.0074775094         0.2291837835
       400    200.00000000     2      -187.9025714310         0.0066522432         0.2494383792
       401    200.50000000     2      -187.8929532780         0.0058962326         0.2608423639
       402    201.00000000     2      -187.8874642240         0.0053996090         0.2593161641
       403    201.50000000     2      -187.8864536740         0.0052665385         0.2467768695
       404    202.00000000     2      -187.8890829720         0.0054520436         0.2279291401
       405    202.50000000     2      -187.8940451360         0.0058247157         0.2075329301
       406    203.00000000     2      -187.9001488600         0.0062680463         0.1893783368
       407    203.50000000     2      -187.9065362230         0.0067130606         0.1758534319
       408    204.00000000     2      -187.9125364930         0.0071162822         0.1681687162
       409    204.50000000     2      -187.9173573460         0.0074302362         0.1686410759
       410    205.00000000     2      -187.9199991010         0.0075963922         0.1834110142
       411    205.50000000     2      -187.9198264370         0.0075778941         0.2178891061
       412    206.00000000     2      -187.9178329950         0.0074336530         0.2645599113
       413    206.50000000     2      -187.9173646590         0.0073723715         0.3002267537
       414    207.00000000     2      -187.9221148490         0.0076284821         0.3012028984
       415    207.50000000     2      -187.9322015790         0.0081888334         0.2647406261
       416    208.00000000     2      -187.9434709810         0.0087887080         0.2133173393
       417    208.50000000     2      -187.9511611280         0.0091771307         0.1764056305
       418    209.00000000     2      -187.9529274890         0.0092474574         0.1685243636
       419    209.50000000     2      -187.9489709830         0.0090042287         0.1829347223
       420    210.00000000     2      -187.9410687080         0.0085148464         0.2061654042
       421    210.50000000     2      -187.9317811380         0.0078936981         0.2270516831
       422    211.00000000     2      -187.9236491620         0.0072887278         0.2373658674
       423    211.50000000     2      -187.9182632770         0.0068362514         0.2339068958
       424    212.00000000     2      -187.9157746470         0.0065977373         0.2197792626
       425    212.50000000     2      -187.9152663890         0.0065408585         0.2024076523
       426    213.00000000     2      -187.9156020560         0.0065894502         0.1894925801
       427    213.50000000     2      -187.9160690260         0.0066839905         0.1847867922
       428    214.00000000     2      -187.9164926050         0.0067996866         0.1865809804
       429    214.50000000     2      -187.9169286510         0.0069268779         0.1904981129
       430    215.00000000     2      -187.9172291360         0.0070415647         0.1934142791
       431    215.50000000     2      -187.9167613720         0.0070885555         0.1961316302
       432    216.00000000     2      -187.9145380500         0.0069914968         0.2050219026
       433    216.50000000     2      -187.9100112350         0.0067025598         0.2286638958
       434    217.00000000     2      -187.9044075810         0.0062993349         0.2639273744
       435    217.50000000     2      -187.9011553830         0.0060645754         0.2876206424
       436    218.00000000     2      -187.9036835030         0.0063215015         0.2796481420
       437    218.50000000     2      -187.9122669310         0.0070303482         0.2441564912
       438    219.00000000     2      -187.9228223630         0.0078241420         0.2023191887
       439    219.50000000     2      -187.9306862440         0.0084075428         0.1790912548
       440    220.00000000     2      -187.9336995560         0.0086846622         0.1799244085
       441    220.50000000     2      -187.9321508180         0.0086846800         0.1928908341
       442    221.00000000     2      -187.9275655020         0.0084864021         0.2072993691
       443    221.50000000     2      -187.9217823010         0.0081830499         0.2182106387
       444    222.00000000     2      -187.9164375540         0.0078673038         0.2237576099
       445    222.50000000     2      -187.9127096800         0.0076212997         0.2234386005
       446    223.00000000     2      -187.9113079380         0.0075105246         0.2178749724
       447    223.50000000     2      -187.9125803260         0.0075756910         0.2091977931
       448    224.00000000     2      -187.9164875130         0.0078162733         0.1989590288
       449    224.50000000     2      -187.9225006400         0.0081845426         0.1878688742
       450    225.00000000     2      -187.9296320650         0.0086025501         0.1773760620
       451    225.50000000     2      -187.9365669330         0.0089833827         0.1701684433
       452    226.00000000     2      -187.9418104960         0.0092421825         0.1708727980
       453    226.50000000     2      -187.9439718490         0.0093051788         0.1858888465
       454    227.00000000     2      -187.9424510180         0.0091359809         0.2176898697
       455    227.50000000     2      -187.9384484490         0.0087916603         0.2557653585
       456    228.00000000     2      -187.9348344270         0.0084932111         0.2770974487
       457    228.50000000     2      -187.9348062580         0.0084401538         0.2684523567
       458    229.00000000     2      -187.9388690450         0.0086163131         0.2381257123
       459    229.50000000     2      -187.9437501300         0.0088583540         0.2023842860
       460    230.00000000     2      -187.9459135690         0.0089821657         0.1849526135
       461    230.50000000     2      -187.9440637860         0.0089142406         0.1901370857
       462    231.00000000     2      -187.9390584970         0.0086835816         0.2053132940
       463    231.50000000     2      -187.9326213810         0.0083640208         0.2194299614
       464    232.00000000     2      -187.9262576800         0.0080267486         0.2276271661
       465    232.50000000     2      -187.9207818750         0.0077160441         0.2287561051
       466    233.00000000     2      -187.9163895750         0.0074496433         0.2238517887
       467    233.50000000     2      -187.9130184830         0.0072350385         0.2163740671
       468    234.00000000     2      -187.9106933360         0.0070837668         0.2106252971
       469    234.50000000     2      -187.9096223340         0.0070136582         0.2074779171
       470    235.00000000     2      -187.9100351320         0.0070406027         0.2052578312
       471    235.50000000     2      -187.9120046630         0.0071670443         0.2022416858
       472    236.00000000     2      -187.9153448500         0.0073742867         0.1970307426
       473    236.50000000     2      -187.9195145700         0.0076191653         0.1885163749
       474    237.00000000     2      -187.9235069390         0.0078331418         0.1769489998
       475    237.50000000     2      -187.9258506100         0.0079268696         0.1670135312
       476    238.00000000     2      -187.9250136570         0.0078111392         0.1710959395
       477    238.50000000     2      -187.9205035980         0.0074513901         0.1998380310
       478    239.00000000     2      -187.9142699440         0.0069568733         0.2406735292
       479    239.50000000     2      -187.9104933640         0.0066148380         0.2635111541
       480    240.00000000     2      -187.9121748410         0.0066775377         0.2490596142
       481    240.50000000     2      -187.9178428130         0.0070545641         0.2085963232
       482    241.00000000     2      -187.9232668820         0.0074457907         0.1765067989
       483    241.50000000     2      -187.9256676000         0.0076692665         0.1750146835
       484    242.00000000     2      -187.9251327460         0.0077234512         0.1896107233
       485    242.50000000     2      -187.9231798460         0.0076860517         0.1993643125
       486    243.00000000     2      -187.9210788030         0.0076226035         0.1978446141
       487    243.50000000     2      -187.9193053860         0.0075585315         0.1883728324
       488    244.00000000     2      -187.9179028790         0.0074997640         0.1767159506
       489    244.50000000     2      -187.9169521750         0.0074592014         0.1666498020
       490    245.00000000     2      -187.9167003100         0.0074621244         0.1590757227
       491    245.50000000     2      -187.9174177730         0.0075338022         0.1534224004
       492    246.00000000     2      -187.9192175400         0.0076845198         0.1490201248
       493    246.50000000     2      -187.9219476910         0.0079016852         0.1454731946
       494    247.00000000     2      -187.9251367380         0.0081490211         0.1426477441
       495    247.50000000     2      -187.9279502360         0.0083685194         0.1412536257
       496    248.00000000     2      -187.9292010910         0.0084841667         0.1444580632
       497    248.50000000     2      -187.9275985570         0.0084142378         0.1587871160
       498    249.00000000     2      -187.9224950140         0.0081059641         0.1887919867
       499    249.50000000     2      -187.9150268330         0.0075998541         0.2267219777
       500    250.00000000     2      -187.9084379850         0.0070816100         0.2524994213
       501    250.50000000     2      -187.9059766740         0.0067981799         0.2495635393
       502    251.00000000     2      -187.9078247330         0.0068214770         0.2232115921
       503    251.50000000     2      -187.9112937720         0.0069925305         0.1985544920
       504    252.00000000     2      -187.9140261570         0.0071487844         0.1923781597
       505    252.50000000     2      -187.9156771500         0.0072572070         0.1960521729
       506    253.00000000     2      -187.9169128070         0.0073527339         0.1964466393
       507    253.50000000     2      -187.9180438530         0.0074509727         0.1915780253
       508    254.00000000     2      -187.9188132950         0.0075330821         0.1865304276
       509    254.50000000     2      -187.9189452780         0.0075792353         0.1855731081
       510    255.00000000     2      -187.9185608610         0.0075944066         0.1885426298
       511    255.50000000     2      -187.9181560930         0.0076077084         0.1924348807
       512    256.00000000     2      -187.9183424280         0.0076568818         0.1944238649
       513    256.50000000     2      -187.9196015880         0.0077719651         0.1932529890
       514    257.00000000     2      -187.9221506590         0.0079648039         0.1890187259
       515    257.50000000     2      -187.9258855360         0.0082247686         0.1823937962
       516    258.00000000     2      -187.9303363530         0.0085181787         0.1741263482
       517    258.50000000     2      -187.9346171400         0.0087895930         0.1653254864
       518    259.00000000     2      -187.9374337480         0.0089657743         0.1588856993
       519    259.50000000     2      -187.9373055570         0.0089669773         0.1615870909
       520    260.00000000     2      -187.9332264680         0.0087356030         0.1820058076
       521    260.50000000     2      -187.9258083170         0.0082925856         0.2187508251
       522    261.00000000     2      -187.9180709520         0.0077993184         0.2534286131
       523    261.50000000     2      -187.9140464740         0.0075166192         0.2632257037
       524    262.00000000     2      -187.9152464570         0.0075759550         0.2425984860
       525    262.50000000     2      -187.9191963370         0.0078312877         0.2111840524
       526    263.00000000     2      -187.9221935960         0.0080445804         0.1941263517
       527    263.50000000     2      -187.9222738690         0.0080870309         0.1959339051
       528    264.00000000     2      -187.9194877060         0.0079473488         0.2059333031
       529    264.50000000     2      -187.9148999250         0.0076730961         0.2170145823
       530    265.00000000     2      -187.9099166690         0.0073393174         0.2267294893
       531    265.50000000     2      -187.9059768560         0.0070374899         0.2327759017
       532    266.00000000     2      -187.9042210580         0.0068546978         0.2325768867
       533    266.50000000     2      -187.9051521020         0.0068394483         0.2251916177
       534    267.00000000     2      -187.9085528510         0.0069829565         0.2123430832
       535    267.50000000     2      -187.9137505890         0.0072375679         0.1975488582
       536    268.00000000     2      -187.9200056380         0.0075514950         0.1842186512
       537    268.50000000     2      -187.9267322570         0.0078869871         0.1740980356
       538    269.00000000     2      -187.9334462490         0.0082152237         0.1668813908
       539    269.50000000     2      -187.9395288280         0.0085003391         0.1612249118
       540    270.00000000     2      -187.9439944950         0.0086868664         0.1573974242
       541    270.50000000     2      -187.9455528350         0.0087041600         0.1608076346
       542    271.00000000     2      -187.9433177950         0.0085020259         0.1797004386
       543    271.50000000     2      -187.9380857180         0.0081187968         0.2110068542
       544    272.00000000     2      -187.9328616370         0.0077304446         0.2355784966
       545    272.50000000     2      -187.9309225180         0.0075646529         0.2362552986
       546    273.00000000     2      -187.9327416970         0.0076832235         0.2156774800
       547    273.50000000     2      -187.9356793220         0.0079209420         0.1926567824
       548    274.00000000     2      -187.9365128580         0.0080636069         0.1824004082
       549    274.50000000     2      -187.9334286090         0.0079837502         0.1864354589
       550    275.00000000     2      -187.9264064820         0.0076534852         0.1994593168
       551    275.50000000     2      -187.9169152880         0.0071285162         0.2155770097
       552    276.00000000     2      -187.9073350230         0.0065401805         0.2292745741
       553    276.50000000     2      -187.9000876890         0.0060733974         0.2362991361
       554    277.00000000     2      -187.8967202350         0.0058951624         0.2353182422
       555    277.50000000     2      -187.8974445950         0.0060529298         0.2287189802
       556    278.00000000     2      -187.9013969530         0.0064561284         0.2209973435
       557    278.50000000     2      -187.9072866060         0.0069658633         0.2157022160
       558    279.00000000     2      -187.9138777690         0.0074695149         0.2139995785
       559    279.50000000     2      -187.9201053190         0.0078907224         0.2158970719
       560    280.00000000     2      -187.9250357600         0.0081751368         0.2216575421
       561    280.50000000     2      -187.9279157220         0.0082823925         0.2311228228
       562    281.00000000     2      -187.9283072320         0.0081861215         0.2423995344
       563    281.50000000     2      -187.9261824510         0.0078771421         0.2537692276
       564    282.00000000     2      -187.9221620640         0.0073840407         0.2668774684
       565    282.50000000     2      -187.9181674160         0.0068339859         0.2811751194
       566    283.00000000     2      -187.9174246600         0.0064893496         0.2847060895
       567    283.50000000     2      -187.9221700350         0.0065738108         0.2644986614
       568    284.00000000     2      -187.9310589990         0.0069985976         0.2250116003
       569    284.50000000     2      -187.9401635200         0.0074662228         0.1844855052
       570    285.00000000     2      -187.9461524280         0.0077610091         0.1564593907
       571    285.50000000     2      -187.9477434600         0.0078198737         0.1423792970
       572    286.00000000     2      -187.9451164630         0.0076653198         0.1410058309
       573    286.50000000     2      -187.9390530650         0.0073488316         0.1553856413
       574    287.00000000     2      -187.9307374480         0.0069430677         0.1856668546
       575    287.50000000     2      -187.9219818310         0.0065650430         0.2228102089
       576    288.00000000     2      -187.9151155960         0.0063771686         0.2533875280
       577    288.50000000     2      -187.9120775750         0.0065052092         0.2671572026
       578    289.00000000     2      -187.9132727390         0.0069244543         0.2621130164
       579    289.50000000     2      -187.9173368770         0.0074745905         0.2445589388
       580    290.00000000     2      -187.9220381410         0.0079811098         0.2247797440
       581    290.50000000     2      -187.9254040990         0.0083313116         0.2124215882
       582    291.00000000     2      -187.9263739530         0.0084816330         0.2127117107
       583    291.50000000     2      -187.9249550970         0.0084424224         0.2227118858
       584    292.00000000     2      -187.9219054940         0.0082553913         0.2331481401
       585    292.50000000     2      -187.9180403340         0.0079644074         0.2381975678
       586    293.00000000     2      -187.9139884060         0.0076142321         0.2416093697
       587    293.50000000     2      -187.9109708590         0.0073043105         0.2468780113
       588    294.00000000     2      -187.9110461280         0.0072039543         0.2455404426
       589    294.50000000     2      -187.9152781300         0.0074077732         0.2287571814
       590    295.00000000     2      -187.9220144220         0.0077984957         0.2036593509
       591    295.50000000     2      -187.9280493790         0.0081572636         0.1878473732
       592    296.00000000     2      -187.9311415420         0.0083419944         0.1886162717
       593    296.50000000     2      -187.9309970200         0.0083271033         0.1969323133
       594    297.00000000     2      -187.9285351630         0.0081528592         0.2037105637
       595    297.50000000     2      -187.9249642220         0.0078805801         0.2084055523
       596    298.00000000     2      -187.9215826580         0.0075893578         0.2128318934
       597    298.50000000     2      -187.9198508580         0.0073846405         0.2137546821
       598    299.00000000     2      -187.9209497620         0.0073656339         0.2055116483
       599    299.50000000     2      -187.9250593870         0.0075600818         0.1875315246
       600    300.00000000     2      -187.9312253710         0.0079053529         0.1660375666
       601    300.50000000     2      -187.9378917680         0.0082953989         0.1496190658
       602    301.00000000     2      -187.9434057690         0.0086256570         0.1449198148
       603    301.50000000     2      -187.9461927390         0.0088037596         0.1561466451
       604    302.00000000     2      -187.9449865170         0.0087532915         0.1847153644
       605    302.50000000     2      -187.9394883650         0.0084375312         0.2253283914
       606    303.00000000     2      -187.9310688480         0.0078969778         0.2646717786
       607    303.50000000     2      -187.9224139440         0.0072600281         0.2887738323
       608    304.00000000     2      -187.9159546660         0.0066961474         0.2945152065
       609    304.50000000     2      -187.9128897770         0.0063527445         0.2898592426
       610    305.00000000     2      -187.9134845260         0.0063098036         0.2796748760
       611    305.50000000     2      -187.9168935280         0.0065116676         0.2634730376
       612    306.00000000     2      -187.9208432070         0.0067669966         0.2468878587
       613    306.50000000     2      -187.9229701280         0.0068912728         0.2374162883
       614    307.00000000     2      -187.9224391480         0.0068171630         0.2325219680
       615    307.50000000     2      -187.9198098860         0.0065761720         0.2253764786
       616    308.00000000     2      -187.9159603260         0.0062347502         0.2166374618
       617    308.50000000     2      -187.9117323970         0.0058755284         0.2137483507
       618    309.00000000     2      -187.9083423510         0.0056258667         0.2198763540
       619    309.50000000     2      -187.9074524120         0.0056489373         0.2277503552
       620    310.00000000     2      -187.9103613710         0.0060304856         0.2272356643
       621    310.50000000     2      -187.9170163150         0.0066829301         0.2144070712
       622    311.00000000     2      -187.9258561870         0.0074153853         0.1928030934
       623    311.50000000     2      -187.9345258810         0.0080520321         0.1704863986
       624    312.00000000     2      -187.9407491710         0.0084762281         0.1586957012
       625    312.50000000     2      -187.9430322340         0.0086311549         0.1683330666
       626    313.00000000     2      -187.9413123320         0.0085263031         0.1971910772
       627    313.50000000     2      -187.9372493530         0.0082487998         0.2280312446
       628    314.00000000     2      -187.9334199710         0.0079408982         0.2445420993
       629    314.50000000     2      -187.9317671810         0.0077338699         0.2432935114
       630    315.00000000     2      -187.9329449000         0.0076981893         0.2301970176
       631    315.50000000     2      -187.9366146190         0.0078331739         0.2082071822
       632    316.00000000     2      -187.9412995980         0.0080530030         0.1782979854
       633    316.50000000     2      -187.9443769580         0.0082031770         0.1507277447
       634    317.00000000     2      -187.9433353880         0.0081381220         0.1437445119
       635    317.50000000     2      -187.9372841190         0.0077909457         0.1626024875
       636    318.00000000     2      -187.9273629270         0.0071924633         0.1934789909
       637    318.50000000     2      -187.9160625410         0.0064615502         0.2236857398
       638    319.00000000     2      -187.9061955510         0.0057924471         0.2479784738
       639    319.50000000     2      -187.9001023770         0.0054253882         0.2637497343
       640    320.00000000     2      -187.8991060180         0.0055325856         0.2678890428
       641    320.50000000     2      -187.9030551760         0.0060653352         0.2595976227
       642    321.00000000     2      -187.9103044860         0.0067995529         0.2440174149
       643    321.50000000     2      -187.9184223150         0.0075130578         0.2307221659
       644    322.00000000     2      -187.9251382780         0.0080649833         0.2288294154
       645    322.50000000     2      -187.9289952700         0.0083901718         0.2427406985
       646    323.00000000     2      -187.9297759610         0.0084880602         0.2691413202
       647    323.50000000     2      -187.9287170280         0.0084234411         0.2961019413
       648    324.00000000     2      -187.9278592200         0.0083012761         0.3081902973
       649    324.50000000     2      -187.9283367000         0.0081902192         0.2984288787
       650    325.00000000     2      -187.9294529180         0.0080758959         0.2772724021
       651    325.50000000     2      -187.9302627240         0.0079386764         0.2630216516
       652    326.00000000     2      -187.9315804760         0.0078556884         0.2567818393
       653    326.50000000     2      -187.9350981150         0.0079445757         0.2419238244
       654    327.00000000     2      -187.9406559130         0.0081967005         0.2115287294
       655    327.50000000     2      -187.9457177380         0.0084563254         0.1776881261
       656    328.00000000     2      -187.9475335770         0.0085625958         0.1579752438
       657    328.50000000     2      -187.9449729490         0.0084456009         0.1596017480
       658    329.00000000     2      -187.9387420700         0.0081294173         0.1766020187
       659    329.50000000     2      -187.9308267400         0.0077112962         0.1987686209
       660    330.00000000     2      -187.9237591400         0.0073397945         0.2165885942
       661    330.50000000     2      -187.9196660170         0.0071619488         0.2231650286
       662    331.00000000     2      -187.9193458960         0.0072375488         0.2169985442
       663    331.50000000     2      -187.9220658540         0.0075031348         0.2022093317
       664    332.00000000     2      -187.9262360160         0.0078336530         0.1849641281
       665    332.50000000     2      -187.9302627200         0.0081208883         0.1712257654
       666    333.00000000     2      -187.9330058830         0.0083060242         0.1706380638
       667    333.50000000     2      -187.9340591800         0.0083862550         0.1830459079
       668    334.00000000     2      -187.9339217980         0.0083972026         0.1935063396
       669    334.50000000     2      -187.9331895170         0.0083648599         0.1989963463
       670    335.00000000     2      -187.9316245780         0.0082640895         0.2027564747
       671    335.50000000     2      -187.9283252980         0.0080318384         0.2150891592
       672    336.00000000     2      -187.9232158260         0.0076513601         0.2410303141
       673    336.50000000     2      -187.9183309100         0.0072429342         0.2669704128
       674    337.00000000     2      -187.9166961910         0.0070309914         0.2714264032
       675    337.50000000     2      -187.9192652020         0.0071332605         0.2486396879
       676    338.00000000     2      -187.9238134100         0.0074192792         0.2212017843
       677    338.50000000     2      -187.9272241120         0.0076620726         0.2072122038
       678    339.00000000     2      -187.9276470580         0.0077270580         0.2085660217
       679    339.50000000     2      -187.9251536680         0.0076101915         0.2203731486
       680    340.00000000     2      -187.9213832250         0.0074055277         0.2343372359
       681    340.50000000     2      -187.9185941080         0.0072541475         0.2410575621
       682    341.00000000     2      -187.9183932800         0.0072643327         0.2344655564
       683    341.50000000     2      -187.9208533570         0.0074416978         0.2159220995
       684    342.00000000     2      -187.9247218120         0.0077030042         0.1934645505
       685    342.50000000     2      -187.9283688110         0.0079495480         0.1775486074
       686    343.00000000     2      -187.9305798150         0.0081176124         0.1769550202
       687    343.50000000     2      -187.9309487870         0.0081923253         0.1943141219
       688    344.00000000     2      -187.9301238470         0.0082128802         0.2222371918
       689    344.50000000     2      -187.9297230350         0.0082633920         0.2454118977
       690    345.00000000     2      -187.9312690210         0.0084116419         0.2488526512
       691    345.50000000     2      -187.9344566930         0.0086189563         0.2285039800
       692    346.00000000     2      -187.9366944590         0.0087343257         0.1978818442
       693    346.50000000     2      -187.9349987490         0.0086011281         0.1849006612
       694    347.00000000     2      -187.9286484460         0.0081761241         0.2060351479
       695    347.50000000     2      -187.9202510750         0.0075886237         0.2415707015
       696    348.00000000     2      -187.9138108290         0.0070833489         0.2790897370
       697    348.50000000     2      -187.9112541070         0.0068263803         0.3138234827
       698    349.00000000     2      -187.9118333130         0.0067562925         0.3028204346
       699    349.50000000     2      -187.9126984450         0.0066782339         0.2714959622
       700    350.00000000     2      -187.9112136270         0.0064698381         0.1999879009
       701    350.50000000     2      -187.9079977290         0.0061782430         0.2195805158
       702    351.00000000     2      -187.9061269380         0.0059907481         0.2312638278
       703    351.50000000     2      -187.9071881820         0.0060456011         0.2251604595
       704    352.00000000     2      -187.9107889430         0.0063143135         0.2072876490
       705    352.50000000     2      -187.9153155270         0.0066616089         0.1899134217
       706    353.00000000     2      -187.9192363660         0.0069704909         0.1826236447
       707    353.50000000     2      -187.9217745870         0.0071894623         0.1883916094
       708    354.00000000     2      -187.9230007440         0.0073258807         0.2051176891
       709    354.50000000     2      -187.9238353280         0.0074391190         0.2267347465
       710    355.00000000     2      -187.9258686970         0.0076255323         0.2429238045
       711    355.50000000     2      -187.9304426890         0.0079556220         0.2429777173
       712    356.00000000     2      -187.9372320740         0.0083915770         0.2238575472
       713    356.50000000     2      -187.9438530200         0.0087901707         0.1946802532
       714    357.00000000     2      -187.9473040010         0.0089985675         0.1725338275
       715    357.50000000     2      -187.9459352410         0.0089410275         0.1706326429
       716    358.00000000     2      -187.9403892140         0.0086487665         0.1853973751
       717    358.50000000     2      -187.9330735520         0.0082420691         0.2010048831
       718    359.00000000     2      -187.9264361960         0.0078602590         0.2060595655
       719    359.50000000     2      -187.9212543130         0.0075638399         0.2036975805
       720    360.00000000     2      -187.9167149690         0.0073134909         0.2076470256
       721    360.50000000     2      -187.9121947100         0.0070659917         0.2231966432
       722    361.00000000     2      -187.9084412100         0.0068602090         0.2386908294
       723    361.50000000     2      -187.9067652060         0.0067812646         0.2410044005
       724    362.00000000     2      -187.9074921200         0.0068546938         0.2284147678
       725    362.50000000     2      -187.9096421820         0.0070152117         0.2090716748
       726    363.00000000     2      -187.9118627770         0.0071733091         0.1921558057
       727    363.50000000     2      -187.9131943670         0.0072688974         0.1820442302
       728    364.00000000     2      -187.9130693740         0.0072675635         0.1803635584
       729    364.50000000     2      -187.9111311430         0.0071459107         0.1908338598
       730    365.00000000     2      -187.9076042370         0.0069162954         0.2169756535
       731    365.50000000     2      -187.9042132280         0.0066967716         0.2514380626
       732    366.00000000     2      -187.9043006430         0.0067298077         0.2734412465
       733    366.50000000     2      -187.9104594010         0.0071810462         0.2642872259
       734    367.00000000     2      -187.9213509050         0.0079002041         0.2262678478
       735    367.50000000     2      -187.9321744030         0.0085620065         0.1836330197
       736    368.00000000     2      -187.9384873190         0.0089423527         0.1650631152
       737    368.50000000     2      -187.9388598250         0.0089967355         0.1787080277
       738    369.00000000     2      -187.9348843630         0.0088161665         0.2064290937
       739    369.50000000     2      -187.9296379860         0.0085552498         0.2269073786
       740    370.00000000     2      -187.9254590240         0.0083330758         0.2308299848
       741    370.50000000     2      -187.9225340150         0.0081567064         0.2260294760
       742    371.00000000     2      -187.9198503670         0.0079655333         0.2279623226
       743    371.50000000     2      -187.9172504500         0.0077459416         0.2382551728
       744    372.00000000     2      -187.9158094030         0.0075613816         0.2440944964
       745    372.50000000     2      -187.9163825070         0.0074727150         0.2378005206
       746    373.00000000     2      -187.9186444360         0.0074722180         0.2235782436
       747    373.50000000     2      -187.9216875720         0.0075133120         0.2092256714
       748    374.00000000     2      -187.9249405840         0.0075690802         0.1979125752
       749    374.50000000     2      -187.9283034030         0.0076423605         0.1882683274
       750    375.00000000     2      -187.9316978830         0.0077364648         0.1787265064
       751    375.50000000     2      -187.9346159610         0.0078252519         0.1707417045
       752    376.00000000     2      -187.9359895190         0.0078450725         0.1710188289
       753    376.50000000     2      -187.9346037420         0.0077188680         0.1904519469
       754    377.00000000     2      -187.9302395030         0.0074206258         0.2317206445
       755    377.50000000     2      -187.9249682120         0.0070612626         0.2776152089
       756    378.00000000     2      -187.9225111330         0.0068790972         0.3021283457
       757    378.50000000     2      -187.9246972110         0.0070080600         0.2960353246
       758    379.00000000     2      -187.9293472000         0.0073029182         0.2785933159
       759    379.50000000     2      -187.9332290240         0.0075505556         0.2728102350
       760    380.00000000     2      -187.9354503280         0.0076920037         0.2762715399
       761    380.50000000     2      -187.9367517400         0.0077708914         0.2745975665
       762    381.00000000     2      -187.9370145660         0.0077933020         0.2576169198
       763    381.50000000     2      -187.9348581090         0.0077088714         0.2296569019
       764    382.00000000     2      -187.9307771490         0.0075331359         0.2237215773
       765    382.50000000     2      -187.9270201410         0.0073895771         0.2253448838
       766    383.00000000     2      -187.9253913420         0.0073972019         0.2193735012
       767    383.50000000     2      -187.9261752150         0.0075736039         0.2056291126
       768    384.00000000     2      -187.9284501100         0.0078500233         0.1930084805
       769    384.50000000     2      -187.9312256850         0.0081539388         0.1879835576
       770    385.00000000     2      -187.9340094850         0.0084477631         0.1898716881
       771    385.50000000     2      -187.9365699000         0.0087110886         0.1946857357
       772    386.00000000     2      -187.9384538340         0.0089108160         0.2000832020
       773    386.50000000     2      -187.9387361350         0.0089879449         0.2081571709
       774    387.00000000     2      -187.9363333090         0.0088739345         0.2260001508
       775    387.50000000     2      -187.9311290550         0.0085477944         0.2586548458
       776    388.00000000     2      -187.9253870830         0.0081215891         0.2950459305
       777    388.50000000     2      -187.9232276840         0.0078460689         0.3092434024
       778    389.00000000     2      -187.9266935940         0.0078874874         0.2858728172
       779    389.50000000     2      -187.9327866330         0.0081030811         0.2410734173
       780    390.00000000     2      -187.9364190720         0.0082125299         0.2101006981
       781    390.50000000     2      -187.9350961040         0.0080725388         0.2094183138
       782    391.00000000     2      -187.9296223830         0.0077082249         0.2250736331
       783    391.50000000     2      -187.9220175650         0.0072141186         0.2442320911
       784    392.00000000     2      -187.9141456010         0.0066944842         0.2648190208
       785    392.50000000     2      -187.9078426550         0.0062772474         0.2829399512
       786    393.00000000     2      -187.9048972920         0.0061060432         0.2894459260
       787    393.50000000     2      -187.9059841650         0.0062312168         0.2796041117
       788    394.00000000     2      -187.9099520400         0.0065409118         0.2588538186
       789    394.50000000     2      -187.9144938130         0.0068596473         0.2377944388
       790    395.00000000     2      -187.9178765240         0.0070847571         0.2241567442
       791    395.50000000     2      -187.9205196950         0.0072288261         0.2132339233
       792    396.00000000     2      -187.9232427530         0.0073540448         0.2038692490
       793    396.50000000     2      -187.9266893670         0.0075140837         0.1931758301
       794    397.00000000     2      -187.9309621730         0.0077234156         0.1784739604
       795    397.50000000     2      -187.9353050760         0.0079401900         0.1601715843
       796    398.00000000     2      -187.9381194200         0.0080754640         0.1477453909
       797    398.50000000     2      -187.9376813030         0.0080381662         0.1624663732
       798    399.00000000     2      -187.9337363430         0.0078178816         0.2095297267
       799    399.50000000     2      -187.9289079840         0.0075649646         0.2598899071
       800    400.00000000     2      -187.9273887520         0.0075304399         0.2807988330
