         0         0.0000000000      -188.0162199830      -187.8890502100      -187.8890502100
         1         0.5000000000      -188.0223147680      -187.8957475920      -187.8957475920
         2         1.0000000000      -188.0288369340      -187.9029194860      -187.9029194860
         3         1.5000000000      -188.0342483780      -187.9090235700      -187.9090235700
         4         2.0000000000      -188.0367116170      -187.9122120280      -187.9122120280
         5         2.5000000000      -188.0345506730      -187.9107895210      -187.9107895210
         6         3.0000000000      -188.0274879860      -187.9044510650      -187.9044510650
         7         3.5000000000      -188.0182433290      -187.8958861460      -187.8958861460
         8         4.0000000000      -188.0125387170      -187.8907928010      -187.8907928010
         9         4.5000000000      -188.0151528070      -187.8939400460      -187.8939400460
        10         5.0000000000      -188.0249918690      -187.9042400700      -187.9042400700
        11         5.5000000000      -188.0361148110      -187.9157699930      -187.9157699930
        12         6.0000000000      -188.0432288540      -187.9232638840      -187.9232638840
        13         6.5000000000      -188.0444666600      -187.9248844290      -187.9248844290
        14         7.0000000000      -188.0404294940      -187.9212597110      -187.9212597110
        15         7.5000000000      -188.0325373380      -187.9138277580      -187.9138277580
        16         8.0000000000      -188.0222759700      -187.9040805360      -187.9040805360
        17         8.5000000000      -188.0112202910      -187.8935878790      -187.8935878790
        18         9.0000000000      -188.0011881190      -187.8841559180      -187.8841559180
        19         9.5000000000      -187.9940054190      -187.8775997370      -187.8775997370
        20        10.0000000000      -187.9909334770      -187.8751783260      -187.8751783260
        21        10.5000000000      -187.9923169750      -187.8772467650      -187.8772467650
        22        11.0000000000      -187.9976987820      -187.8833686560      -187.8833686560
        23        11.5000000000      -188.0060311040      -187.8925180330      -187.8925180330
        24        12.0000000000      -188.0157329890      -187.9031252540      -187.9031252540
        25        12.5000000000      -188.0247453600      -187.9131242660      -187.9131242660
        26        13.0000000000      -188.0306542050      -187.9200743980      -187.9200743980
        27        13.5000000000      -188.0308878920      -187.9213624390      -187.9213624390
        28        14.0000000000      -188.0235849750      -187.9150817960      -187.9150817960
        29        14.5000000000      -188.0102292520      -187.9026863960      -187.9026863960
        30        15.0000000000      -187.9985979550      -187.8919542080      -187.8919542080
        31        15.5000000000      -187.9987886970      -187.8930009430      -187.8930009430
        32        16.0000000000      -188.0116243940      -187.9066506060      -187.9066506060
        33        16.5000000000      -188.0272346080      -187.9230172020      -187.9230172020
        34        17.0000000000      -188.0365826000      -187.9330625420      -187.9330625420
        35        17.5000000000      -188.0372907390      -187.9344254750      -187.9344254750
        36        18.0000000000      -188.0310151400      -187.9287782740      -187.9287782740
        37        18.5000000000      -188.0202840130      -187.9186533110      -187.9186533110
        38        19.0000000000      -188.0075389700      -187.9064851950      -187.9064851950
        39        19.5000000000      -187.9952966400      -187.8947786470      -187.8947786470
        40        20.0000000000      -187.9860811650      -187.8860478750      -187.8860478750
        41        20.5000000000      -187.9816586060      -187.8820548670      -187.8820548670
        42        21.0000000000      -187.9822140460      -187.8829881340      -187.8829881340
        43        21.5000000000      -187.9864081100      -187.8875190810      -187.8875190810
        44        22.0000000000      -187.9923090740      -187.8937318920      -187.8937318920
        45        22.5000000000      -187.9983711640      -187.9000977300      -187.9000977300
        46        23.0000000000      -188.0038562700      -187.9058922540      -187.9058922540
        47        23.5000000000      -188.0086506590      -187.9110107820      -187.9110107820
        48        24.0000000000      -188.0126792620      -187.9153840810      -187.9153840810
        49        24.5000000000      -188.0152173420      -187.9182927830      -187.9182927830
        50        25.0000000000      -188.0145538860      -187.9180322610      -187.9180322610
        51        25.5000000000      -188.0086672750      -187.9125864400      -187.9125864400
        52        26.0000000000      -187.9975433850      -187.9019420070      -187.9019420070
        53        26.5000000000      -187.9861368820      -187.8910484850      -187.8910484850
        54        27.0000000000      -187.9829933020      -187.8884460940      -187.8884460940
        55        27.5000000000      -187.9916417910      -187.8976662130      -187.8976662130
        56        28.0000000000      -188.0057849800      -187.9124220310      -187.9124220310
        57        28.5000000000      -188.0164399540      -187.9237409220      -187.9237409220
        58        29.0000000000      -188.0193244400      -187.9273388720      -187.9273388720
        59        29.5000000000      -188.0150465470      -187.9238047570      -187.9238047570
        60        30.0000000000      -188.0065788020      -187.9160799320      -187.9160799320
        61        30.5000000000      -187.9973758450      -187.9075872680      -187.9075872680
        62        31.0000000000      -187.9900731530      -187.9009400640      -187.9009400640
        63        31.5000000000      -187.9856320200      -187.8970922100      -187.8970922100
        64        32.0000000000      -187.9834612000      -187.8954603250      -187.8954603250
        65        32.5000000000      -187.9824600520      -187.8949634610      -187.8949634610
        66        33.0000000000      -187.9820612880      -187.8950605690      -187.8950605690
        67        33.5000000000      -187.9825439190      -187.8960576060      -187.8960576060
        68        34.0000000000      -187.9846246820      -187.8986949910      -187.8986949910
        69        34.5000000000      -187.9887768940      -187.9034651920      -187.9034651920
        70        35.0000000000      -187.9947319280      -187.9101139160      -187.9101139160
        71        35.5000000000      -188.0013210950      -187.9174807970      -187.9174807970
        72        36.0000000000      -188.0065315330      -187.9235518430      -187.9235518430
        73        36.5000000000      -188.0077828310      -187.9257328820      -187.9257328820
        74        37.0000000000      -188.0029862840      -187.9219096190      -187.9219096190
        75        37.5000000000      -187.9930388830      -187.9129500000      -187.9129500000
        76        38.0000000000      -187.9839735860      -187.9048649320      -187.9048649320
        77        38.5000000000      -187.9832319960      -187.9050798050      -187.9050798050
        78        39.0000000000      -187.9909235620      -187.9136816350      -187.9136816350
        79        39.5000000000      -187.9994151200      -187.9230130770      -187.9230130770
        80        40.0000000000      -188.0023323730      -187.9266918480      -187.9266918480
        81        40.5000000000      -187.9992008990      -187.9242535330      -187.9242535330
        82        41.0000000000      -187.9931199000      -187.9188138330      -187.9188138330
        83        41.5000000000      -187.9871863510      -187.9134853400      -187.9134853400
        84        42.0000000000      -187.9826768710      -187.9095588600      -187.9095588600
        85        42.5000000000      -187.9792164410      -187.9066723680      -187.9066723680
        86        43.0000000000      -187.9760492400      -187.9040793840      -187.9040793840
        87        43.5000000000      -187.9731413760      -187.9017496610      -187.9017496610
        88        44.0000000000      -187.9713192600      -187.9005107100      -187.9005107100
        89        44.5000000000      -187.9715862800      -187.9013725020      -187.9013725020
        90        45.0000000000      -187.9743775820      -187.9047897470      -187.9047897470
        91        45.5000000000      -187.9793560820      -187.9104602760      -187.9104602760
        92        46.0000000000      -187.9856652230      -187.9175749980      -187.9175749980
        93        46.5000000000      -187.9921594720      -187.9250448000      -187.9250448000
        94        47.0000000000      -187.9973744740      -187.9314679780      -187.9314679780
        95        47.5000000000      -187.9994428990      -187.9350423670      -187.9350423670
        96        48.0000000000      -187.9964752500      -187.9339393660      -187.9339393660
        97        48.5000000000      -187.9879575780      -187.9276920100      -187.9276920100
        98        49.0000000000      -187.9767495300      -187.9191866540      -187.9191866540
        99        49.5000000000      -187.9687960110      -187.9143775080      -187.9143775080
       100        50.0000000000      -187.9680490550      -187.9172161730      -187.9172161730
       101        50.5000000000      -187.9720606860      -187.9252414000      -187.9252414000
       102        51.0000000000      -187.9752399270      -187.9328196930      -187.9328196930
       103        51.5000000000      -187.9745182920      -187.9367998850      -187.9367998850
       104        52.0000000000      -187.9702395540      -187.9374134230      -187.9374134230
       105        52.5000000000      -187.9637959710      -187.9359377980      -187.9359377980
       106        53.0000000000      -187.9558932640      -187.9329962540      -187.9329962540
       107        53.5000000000      -187.9466733460      -187.9287321760      -187.9287321760
       108        54.0000000000      -187.9366991730      -187.9238834000      -187.9238834000
       109        54.5000000000      -187.9274698060      -187.9201479890      -187.9201479890
       110        55.0000000000      -187.9224335070      -187.9177303310      -187.9177303310
       111        55.5000000000      -187.9248183020      -187.9152701660      -187.9152701660
       112        56.0000000000      -187.9309510130      -187.9158155830      -187.9158155830
       113        56.5000000000      -187.9393268660      -187.9191137420      -187.9191137420
       114        57.0000000000      -187.9489782500      -187.9241780910      -187.9241780910
       115        57.5000000000      -187.9589070820      -187.9299450080      -187.9299450080
       116        58.0000000000      -187.9678700440      -187.9351337730      -187.9351337730
       117        58.5000000000      -187.9741986610      -187.9380603380      -187.9380603380
       118        59.0000000000      -187.9760245690      -187.9368545100      -187.9368545100
       119        59.5000000000      -187.9723960830      -187.9305723220      -187.9305723220
       120        60.0000000000      -187.9651059050      -187.9210203010      -187.9210203010
       121        60.5000000000      -187.9591226230      -187.9131777390      -187.9131777390
       122        61.0000000000      -187.9591253060      -187.9117136260      -187.9117136260
       123        61.5000000000      -187.9651334280      -187.9166016820      -187.9166016820
       124        62.0000000000      -187.9733438360      -187.9239633160      -187.9239633160
       125        62.5000000000      -187.9801426990      -187.9301053080      -187.9301053080
       126        63.0000000000      -187.9836371240      -187.9330760260      -187.9330760260
       127        63.5000000000      -187.9830803340      -187.9320999990      -187.9320999990
       128        64.0000000000      -187.9787258520      -187.9274261620      -187.9274261620
       129        64.5000000000      -187.9721740320      -187.9206602110      -187.9206602110
       130        65.0000000000      -187.9659995420      -187.9143776830      -187.9143776830
       131        65.5000000000      -187.9624433130      -187.9108066000      -187.9108066000
       132        66.0000000000      -187.9623366310      -187.9107514170      -187.9107514170
       133        66.5000000000      -187.9652250280      -187.9137247020      -187.9137247020
       134        67.0000000000      -187.9702094710      -187.9187989650      -187.9187989650
       135        67.5000000000      -187.9765152460      -187.9251821350      -187.9251821350
       136        68.0000000000      -187.9835000950      -187.9322264500      -187.9322264500
       137        68.5000000000      -187.9903740850      -187.9391435300      -187.9391435300
       138        69.0000000000      -187.9959413460      -187.9447387540      -187.9447387540
       139        69.5000000000      -187.9986124600      -187.9474160130      -187.9474160130
       140        70.0000000000      -187.9969279970      -187.9456954600      -187.9456954600
       141        70.5000000000      -187.9906752170      -187.9393269140      -187.9393269140
       142        71.0000000000      -187.9819853000      -187.9303846400      -187.9303846400
       143        71.5000000000      -187.9748591200      -187.9227912820      -187.9227912820
       144        72.0000000000      -187.9724601180      -187.9196185410      -187.9196185410
       145        72.5000000000      -187.9747933940      -187.9207951030      -187.9207951030
       146        73.0000000000      -187.9794701810      -187.9239090390      -187.9239090390
       147        73.5000000000      -187.9838304640      -187.9263466240      -187.9263466240
       148        74.0000000000      -187.9859556700      -187.9262886520      -187.9262886520
       149        74.5000000000      -187.9849960370      -187.9230051390      -187.9230051390
       150        75.0000000000      -187.9815881880      -187.9172422650      -187.9172422650
       151        75.5000000000      -187.9777860950      -187.9111343350      -187.9111343350
       152        76.0000000000      -187.9759903550      -187.9071274450      -187.9071274450
       153        76.5000000000      -187.9775914910      -187.9066278080      -187.9066278080
       154        77.0000000000      -187.9824945790      -187.9095352360      -187.9095352360
       155        77.5000000000      -187.9897040360      -187.9148356450      -187.9148356450
       156        78.0000000000      -187.9981442750      -187.9214264810      -187.9214264810
       157        78.5000000000      -188.0070337060      -187.9284946890      -187.9284946890
       158        79.0000000000      -188.0157863020      -187.9354235880      -187.9354235880
       159        79.5000000000      -188.0237536240      -187.9415423340      -187.9415423340
       160        80.0000000000      -188.0300986280      -187.9460086230      -187.9460086230
       161        80.5000000000      -188.0339489700      -187.9479697140      -187.9479697140
       162        81.0000000000      -188.0348140920      -187.9469842130      -187.9469842130
       163        81.5000000000      -188.0330425250      -187.9434767710      -187.9434767710
       164        82.0000000000      -188.0299063150      -187.9388094550      -187.9388094550
       165        82.5000000000      -188.0270199010      -187.9346780030      -187.9346780030
       166        83.0000000000      -188.0254006150      -187.9321482350      -187.9321482350
       167        83.5000000000      -188.0249214570      -187.9310960280      -187.9310960280
       168        84.0000000000      -188.0244516160      -187.9303512350      -187.9303512350
       169        84.5000000000      -188.0224182160      -187.9282736330      -187.9282736330
       170        85.0000000000      -188.0176965380      -187.9236575610      -187.9236575610
       171        85.5000000000      -188.0106350760      -187.9167673080      -187.9167673080
       172        86.0000000000      -188.0033449670      -187.9096333720      -187.9096333720
       173        86.5000000000      -187.9985574920      -187.9049160050      -187.9049160050
       174        87.0000000000      -187.9978155210      -187.9041027260      -187.9041027260
       175        87.5000000000      -188.0007161080      -187.9067575390      -187.9067575390
       176        88.0000000000      -188.0057337410      -187.9113503730      -187.9113503730
       177        88.5000000000      -188.0114470480      -187.9164866880      -187.9164866880
       178        89.0000000000      -188.0170633640      -187.9214297710      -187.9214297710
       179        89.5000000000      -188.0222381370      -187.9259135600      -187.9259135600
       180        90.0000000000      -188.0267079890      -187.9297656540      -187.9297656540
       181        90.5000000000      -188.0301240860      -187.9327289570      -187.9327289570
       182        91.0000000000      -188.0321922470      -187.9345884340      -187.9345884340
       183        91.5000000000      -188.0329803000      -187.9354652130      -187.9354652130
       184        92.0000000000      -188.0330689960      -187.9359570160      -187.9359570160
       185        92.5000000000      -188.0332674560      -187.9368508460      -187.9368508460
       186        93.0000000000      -188.0340357260      -187.9385548840      -187.9385548840
       187        93.5000000000      -188.0351326210      -187.9407658380      -187.9407658380
       188        94.0000000000      -188.0357221010      -187.9425964550      -187.9425964550
       189        94.5000000000      -188.0346477090      -187.9428621510      -187.9428621510
       190        95.0000000000      -188.0307291160      -187.9403773510      -187.9403773510
       191        95.5000000000      -188.0233749370      -187.9345592970      -187.9345592970
       192        96.0000000000      -188.0134332420      -187.9262681110      -187.9262681110
       193        96.5000000000      -188.0033561410      -187.9179624010      -187.9179624010
       194        97.0000000000      -187.9959462680      -187.9124396930      -187.9124396930
       195        97.5000000000      -187.9925040830      -187.9109819080      -187.9109819080
       196        98.0000000000      -187.9921835150      -187.9127147760      -187.9127147760
       197        98.5000000000      -187.9930611890      -187.9156837970      -187.9156837970
       198        99.0000000000      -187.9935572330      -187.9182795380      -187.9182795380
       199        99.5000000000      -187.9929664620      -187.9197681950      -187.9197681950
       200       100.0000000000      -187.9911706110      -187.9199996760      -187.9199996760
       201       100.5000000000      -187.9882212860      -187.9189856610      -187.9189856610
       202       101.0000000000      -187.9842600300      -187.9168177130      -187.9168177130
       203       101.5000000000      -187.9797907970      -187.9139421200      -187.9139421200
       204       102.0000000000      -187.9758873560      -187.9113753660      -187.9113753660
       205       102.5000000000      -187.9737820830      -187.9103048530      -187.9103048530
       206       103.0000000000      -187.9739669260      -187.9112015390      -187.9112015390
       207       103.5000000000      -187.9758899060      -187.9135219160      -187.9135219160
       208       104.0000000000      -187.9787009380      -187.9164503270      -187.9164503270
       209       104.5000000000      -187.9818352930      -187.9194708400      -187.9194708400
       210       105.0000000000      -187.9845228750      -187.9218625190      -187.9218625190
       211       105.5000000000      -187.9852650000      -187.9221663450      -187.9221663450
       212       106.0000000000      -187.9825891580      -187.9189374530      -187.9189374530
       213       106.5000000000      -187.9765409250      -187.9122387710      -187.9122387710
       214       107.0000000000      -187.9692934420      -187.9042522280      -187.9042522280
       215       107.5000000000      -187.9641393250      -187.8982705290      -187.8982705290
       216       108.0000000000      -187.9636323230      -187.8968388740      -187.8968388740
       217       108.5000000000      -187.9683256930      -187.9004966650      -187.9004966650
       218       109.0000000000      -187.9768768760      -187.9078883530      -187.9078883530
       219       109.5000000000      -187.9871072910      -187.9168288120      -187.9168288120
       220       110.0000000000      -187.9970597350      -187.9253636370      -187.9253636370
       221       110.5000000000      -188.0054066310      -187.9321770590      -187.9321770590
       222       111.0000000000      -188.0112734560      -187.9364132850      -187.9364132850
       223       111.5000000000      -188.0139851460      -187.9374202060      -187.9374202060
       224       112.0000000000      -188.0131934530      -187.9348741030      -187.9348741030
       225       112.5000000000      -188.0094630260      -187.9293636150      -187.9293636150
       226       113.0000000000      -188.0047587420      -187.9228767300      -187.9228767300
       227       113.5000000000      -188.0018255890      -187.9181828760      -187.9181828760
       228       114.0000000000      -188.0024251580      -187.9170730600      -187.9170730600
       229       114.5000000000      -188.0062694150      -187.9192942680      -187.9192942680
       230       115.0000000000      -188.0117212400      -187.9232435420      -187.9232435420
       231       115.5000000000      -188.0167637590      -187.9269249800      -187.9269249800
       232       116.0000000000      -188.0193284630      -187.9282683980      -187.9282683980
       233       116.5000000000      -188.0178555710      -187.9256912290      -187.9256912290
       234       117.0000000000      -188.0122577710      -187.9190735130      -187.9190735130
       235       117.5000000000      -188.0043803020      -187.9102304620      -187.9102304620
       236       118.0000000000      -187.9973826130      -187.9023016040      -187.9023016040
       237       118.5000000000      -187.9942576060      -187.8982717440      -187.8982717440
       238       119.0000000000      -187.9963048060      -187.8994422480      -187.8994422480
       239       119.5000000000      -188.0026011480      -187.9049000100      -187.9049000100
       240       120.0000000000      -188.0108972860      -187.9124123050      -187.9124123050
       241       120.5000000000      -188.0190965140      -187.9199038940      -187.9199038940
       242       121.0000000000      -188.0260684350      -187.9262664930      -187.9262664930
       243       121.5000000000      -188.0314724690      -187.9311765520      -187.9311765520
       244       122.0000000000      -188.0351426140      -187.9344746360      -187.9344746360
       245       122.5000000000      -188.0366777980      -187.9357511570      -187.9357511570
       246       123.0000000000      -188.0355966440      -187.9344983300      -187.9344983300
       247       123.5000000000      -188.0320299770      -187.9308046600      -187.9308046600
       248       124.0000000000      -188.0273669400      -187.9260112980      -187.9260112980
       249       124.5000000000      -188.0239284110      -187.9224043710      -187.9224043710
       250       125.0000000000      -188.0235459570      -187.9218104440      -187.9218104440
       251       125.5000000000      -188.0263246880      -187.9243592870      -187.9243592870
       252       126.0000000000      -188.0306047090      -187.9284260130      -187.9284260130
       253       126.5000000000      -188.0338519420      -187.9314986040      -187.9314986040
       254       127.0000000000      -188.0339717950      -187.9314816120      -187.9314816120
       255       127.5000000000      -188.0303581000      -187.9277511040      -187.9277511040
       256       128.0000000000      -188.0239281330      -187.9212013460      -187.9212013460
       257       128.5000000000      -188.0163664780      -187.9134982090      -187.9134982090
       258       129.0000000000      -188.0094315750      -187.9063916000      -187.9063916000
       259       129.5000000000      -188.0045818710      -187.9013446900      -187.9013446900
       260       130.0000000000      -188.0026362380      -187.8991940410      -187.8991940410
       261       130.5000000000      -188.0035657760      -187.8999367290      -187.8999367290
       262       131.0000000000      -188.0067457180      -187.9029752020      -187.9029752020
       263       131.5000000000      -188.0114521720      -187.9076071520      -187.9076071520
       264       132.0000000000      -188.0170827480      -187.9132424460      -187.9132424460
       265       132.5000000000      -188.0229772070      -187.9192228120      -187.9192228120
       266       133.0000000000      -188.0281310070      -187.9245361750      -187.9245361750
       267       133.5000000000      -188.0311723540      -187.9277944030      -187.9277944030
       268       134.0000000000      -188.0308649580      -187.9277372040      -187.9277372040
       269       134.5000000000      -188.0271288860      -187.9242571120      -187.9242571120
       270       135.0000000000      -188.0219464700      -187.9193139510      -187.9193139510
       271       135.5000000000      -188.0188643030      -187.9164466070      -187.9164466070
       272       136.0000000000      -188.0205904300      -187.9183743570      -187.9183743570
       273       136.5000000000      -188.0266270110      -187.9246237520      -187.9246237520
       274       137.0000000000      -188.0335013130      -187.9317497070      -187.9317497070
       275       137.5000000000      -188.0373223060      -187.9358863860      -187.9358863860
       276       138.0000000000      -188.0360975590      -187.9350645020      -187.9350645020
       277       138.5000000000      -188.0302221250      -187.9297020430      -187.9297020430
       278       139.0000000000      -188.0216356670      -187.9217618180      -187.9217618180
       279       139.5000000000      -188.0126956920      -187.9136218680      -187.9136218680
       280       140.0000000000      -188.0052209150      -187.9071148220      -187.9071148220
       281       140.5000000000      -187.9999597630      -187.9029926550      -187.9029926550
       282       141.0000000000      -187.9968041460      -187.9011393910      -187.9011393910
       283       141.5000000000      -187.9955204060      -187.9013038530      -187.9013038530
       284       142.0000000000      -187.9962167210      -187.9035707670      -187.9035707670
       285       142.5000000000      -187.9991084850      -187.9081303830      -187.9081303830
       286       143.0000000000      -188.0038781390      -187.9146418030      -187.9146418030
       287       143.5000000000      -188.0092341260      -187.9217934960      -187.9217934960
       288       144.0000000000      -188.0130744420      -187.9274658260      -187.9274658260
       289       144.5000000000      -188.0133224750      -187.9295643030      -187.9295643030
       290       145.0000000000      -188.0092344530      -187.9273262130      -187.9273262130
       291       145.5000000000      -188.0025474730      -187.9224728740      -187.9224728740
       292       146.0000000000      -187.9972080000      -187.9189466080      -187.9189466080
       293       146.5000000000      -187.9968643080      -187.9204098180      -187.9204098180
       294       147.0000000000      -188.0018361590      -187.9272120750      -187.9272120750
       295       147.5000000000      -188.0087796710      -187.9360440950      -187.9360440950
       296       148.0000000000      -188.0133493440      -187.9425877340      -187.9425877340
       297       148.5000000000      -188.0128711060      -187.9441815390      -187.9441815390
       298       149.0000000000      -188.0071244570      -187.9406009900      -187.9406009900
       299       149.5000000000      -187.9977871680      -187.9335061900      -187.9335061900
       300       150.0000000000      -187.9874437190      -187.9254562330      -187.9254562330
       301       150.5000000000      -187.9784633110      -187.9187938180      -187.9187938180
       302       151.0000000000      -187.9721318140      -187.9147824650      -187.9147824650
       303       151.5000000000      -187.9685757220      -187.9135339870      -187.9135339870
       304       152.0000000000      -187.9673841360      -187.9146323050      -187.9146323050
       305       152.5000000000      -187.9681827860      -187.9177086230      -187.9177086230
       306       153.0000000000      -187.9706823660      -187.9224910580      -187.9224910580
       307       153.5000000000      -187.9743807860      -187.9285076880      -187.9285076880
       308       154.0000000000      -187.9783340700      -187.9348558450      -187.9348558450
       309       154.5000000000      -187.9812029990      -187.9402427710      -187.9402427710
       310       155.0000000000      -187.9815503190      -187.9432720990      -187.9432720990
       311       155.5000000000      -187.9783266800      -187.9429164900      -187.9429164900
       312       156.0000000000      -187.9714918430      -187.9391266530      -187.9391266530
       313       156.5000000000      -187.9624844400      -187.9332958600      -187.9332958600
       314       157.0000000000      -187.9538919760      -187.9279361590      -187.9279361590
       315       157.5000000000      -187.9479852470      -187.9252311340      -187.9252311340
       316       158.0000000000      -187.9451024500      -187.9254433030      -187.9254433030
       317       158.5000000000      -187.9435361830      -187.9268189960      -187.9268189960
       318       159.0000000000      -187.9410823360      -187.9271418130      -187.9271418130
       319       159.5000000000      -187.9366873380      -187.9253706970      -187.9253706970
       320       160.0000000000      -187.9308969190      -187.9220710480      -187.9220710480
       321       160.5000000000      -187.9250973350      -187.9186324330      -187.9186324330
       322       161.0000000000      -187.9204092970      -187.9161548130      -187.9161548130
       323       161.5000000000      -187.9172857710      -187.9150394560      -187.9150394560
       324       162.0000000000      -187.9170255960      -187.9139849500      -187.9139849500
       325       162.5000000000      -187.9190919180      -187.9130538740      -187.9130538740
       326       163.0000000000      -187.9229633360      -187.9136764980      -187.9136764980
       327       163.5000000000      -187.9293285810      -187.9167071150      -187.9167071150
       328       164.0000000000      -187.9383221650      -187.9223009610      -187.9223009610
       329       164.5000000000      -187.9489444040      -187.9294740970      -187.9294740970
       330       165.0000000000      -187.9593018820      -187.9363573620      -187.9363573620
       331       165.5000000000      -187.9673477760      -187.9409392370      -187.9409392370
       332       166.0000000000      -187.9716615730      -187.9418443470      -187.9418443470
       333       166.5000000000      -187.9720376960      -187.9389181070      -187.9389181070
       334       167.0000000000      -187.9697133790      -187.9334495070      -187.9334495070
       335       167.5000000000      -187.9668846440      -187.9276827740      -187.9276827740
       336       168.0000000000      -187.9654125000      -187.9235207640      -187.9235207640
       337       168.5000000000      -187.9655557500      -187.9212572580      -187.9212572580
       338       169.0000000000      -187.9659455180      -187.9195526970      -187.9195526970
       339       169.5000000000      -187.9648613130      -187.9167118990      -187.9167118990
       340       170.0000000000      -187.9616257590      -187.9120773130      -187.9120773130
       341       170.5000000000      -187.9570469110      -187.9064676810      -187.9064676810
       342       171.0000000000      -187.9527210110      -187.9014771890      -187.9014771890
       343       171.5000000000      -187.9498339030      -187.8982770440      -187.8982770440
       344       172.0000000000      -187.9484913320      -187.8969500650      -187.8969500650
       345       172.5000000000      -187.9480705810      -187.8968506090      -187.8968506090
       346       173.0000000000      -187.9480625280      -187.8974549700      -187.8974549700
       347       173.5000000000      -187.9485911620      -187.8988846200      -187.8988846200
       348       174.0000000000      -187.9502950890      -187.9017838850      -187.9017838850
       349       174.5000000000      -187.9537423740      -187.9067242310      -187.9067242310
       350       175.0000000000      -187.9588106960      -187.9135737950      -187.9135737950
       351       175.5000000000      -187.9645250650      -187.9213317460      -187.9213317460
       352       176.0000000000      -187.9695172680      -187.9285939960      -187.9285939960
       353       176.5000000000      -187.9727539700      -187.9342924060      -187.9342924060
       354       177.0000000000      -187.9740128680      -187.9381805560      -187.9381805560
       355       177.5000000000      -187.9738253710      -187.9407800900      -187.9407800900
       356       178.0000000000      -187.9729322810      -187.9428343550      -187.9428343550
       357       178.5000000000      -187.9716038590      -187.9446217660      -187.9446217660
       358       179.0000000000      -187.9693555810      -187.9456621730      -187.9456621730
       359       179.5000000000      -187.9653633980      -187.9451217150      -187.9451217150
       360       180.0000000000      -187.9592920590      -187.9426273230      -187.9426273230
       361       180.5000000000      -187.9518474290      -187.9387949160      -187.9387949160
       362       181.0000000000      -187.9445331780      -187.9349246310      -187.9349246310
       363       181.5000000000      -187.9387800390      -187.9319494550      -187.9319494550
       364       182.0000000000      -187.9352603900      -187.9295203370      -187.9295203370
       365       182.5000000000      -187.9333897950      -187.9267515930      -187.9267515930
       366       183.0000000000      -187.9316618550      -187.9234916800      -187.9234916800
       367       183.5000000000      -187.9295348590      -187.9201387400      -187.9201387400
       368       184.0000000000      -187.9278732380      -187.9178553100      -187.9178553100
       369       184.5000000000      -187.9282241340      -187.9182481280      -187.9182481280
       370       185.0000000000      -187.9315031940      -187.9222152910      -187.9222152910
       371       185.5000000000      -187.9369191210      -187.9289307720      -187.9289307720
       372       186.0000000000      -187.9421824580      -187.9360767270      -187.9360767270
       373       186.5000000000      -187.9448213620      -187.9411620420      -187.9411620420
       374       187.0000000000      -187.9434515110      -187.9426934720      -187.9426934720
       375       187.5000000000      -187.9409407850      -187.9379535550      -187.9379535550
       376       188.0000000000      -187.9364849910      -187.9302670300      -187.9302670300
       377       188.5000000000      -187.9316843600      -187.9225265620      -187.9225265620
       378       189.0000000000      -187.9286732140      -187.9168571690      -187.9168571690
       379       189.5000000000      -187.9282698220      -187.9140971280      -187.9140971280
       380       190.0000000000      -187.9296107900      -187.9134560650      -187.9134560650
       381       190.5000000000      -187.9312277460      -187.9135790710      -187.9135790710
       382       191.0000000000      -187.9324289390      -187.9138912320      -187.9138912320
       383       191.5000000000      -187.9335263570      -187.9147844770      -187.9147844770
       384       192.0000000000      -187.9349899770      -187.9167457750      -187.9167457750
       385       192.5000000000      -187.9367019880      -187.9196031000      -187.9196031000
       386       193.0000000000      -187.9379811550      -187.9225510430      -187.9225510430
       387       193.5000000000      -187.9380575350      -187.9246263400      -187.9246263400
       388       194.0000000000      -187.9365201330      -187.9251397620      -187.9251397620
       389       194.5000000000      -187.9336978500      -187.9240166210      -187.9240166210
       390       195.0000000000      -187.9309842360      -187.9221286940      -187.9221286940
       391       195.5000000000      -187.9305435160      -187.9213129660      -187.9213129660
       392       196.0000000000      -187.9339238670      -187.9233900930      -187.9233900930
       393       196.5000000000      -187.9406235220      -187.9284429830      -187.9284429830
       394       197.0000000000      -187.9481288220      -187.9344155600      -187.9344155600
       395       197.5000000000      -187.9534364430      -187.9385583140      -187.9385583140
       396       198.0000000000      -187.9544638160      -187.9388852980      -187.9388852980
       397       198.5000000000      -187.9504163450      -187.9345893600      -187.9345893600
       398       199.0000000000      -187.9416752300      -187.9259743490      -187.9259743490
       399       199.5000000000      -187.9297831620      -187.9144828710      -187.9144828710
       400       200.0000000000      -187.9172870740      -187.9025714310      -187.9025714310
       401       200.5000000000      -187.9069652360      -187.8929532780      -187.8929532780
       402       201.0000000000      -187.9006987670      -187.8874642240      -187.8874642240
       403       201.5000000000      -187.8988834970      -187.8864536740      -187.8864536740
       404       202.0000000000      -187.9007527160      -187.8890829720      -187.8890829720
       405       202.5000000000      -187.9051090870      -187.8940451360      -187.8940451360
       406       203.0000000000      -187.9108940680      -187.9001488600      -187.9001488600
       407       203.5000000000      -187.9173578820      -187.9065362230      -187.9065362230
       408       204.0000000000      -187.9238615800      -187.9125364930      -187.9125364930
       409       204.5000000000      -187.9295587260      -187.9173573460      -187.9173573460
       410       205.0000000000      -187.9333434730      -187.9199991010      -187.9199991010
       411       205.5000000000      -187.9344524070      -187.9198264370      -187.9198264370
       412       206.0000000000      -187.9337372120      -187.9178329950      -187.9178329950
       413       206.5000000000      -187.9343954500      -187.9173646590      -187.9173646590
       414       207.0000000000      -187.9399950870      -187.9221148490      -187.9221148490
       415       207.5000000000      -187.9505904920      -187.9322015790      -187.9322015790
       416       208.0000000000      -187.9620339520      -187.9434709810      -187.9434709810
       417       208.5000000000      -187.9696065800      -187.9511611280      -187.9511611280
       418       209.0000000000      -187.9710065760      -187.9529274890      -187.9529274890
       419       209.5000000000      -187.9664645570      -187.9489709830      -187.9489709830
       420       210.0000000000      -187.9577823010      -187.9410687080      -187.9410687080
       421       210.5000000000      -187.9475534130      -187.9317811380      -187.9317811380
       422       211.0000000000      -187.9383676510      -187.9236491620      -187.9236491620
       423       211.5000000000      -187.9318766380      -187.9182632770      -187.9182632770
       424       212.0000000000      -187.9282920600      -187.9157746470      -187.9157746470
       425       212.5000000000      -187.9267414930      -187.9152663890      -187.9152663890
       426       213.0000000000      -187.9261068180      -187.9156020560      -187.9156020560
       427       213.5000000000      -187.9256670860      -187.9160690260      -187.9160690260
       428       214.0000000000      -187.9252192290      -187.9164926050      -187.9164926050
       429       214.5000000000      -187.9247795070      -187.9169286510      -187.9169286510
       430       215.0000000000      -187.9241569770      -187.9172291360      -187.9172291360
       431       215.5000000000      -187.9226800260      -187.9167613720      -187.9167613720
       432       216.0000000000      -187.9193356110      -187.9145380500      -187.9145380500
       433       216.5000000000      -187.9135821010      -187.9100112350      -187.9100112350
       434       217.0000000000      -187.9067565210      -187.9044075810      -187.9044075810
       435       217.5000000000      -187.9028188360      -187.9011553830      -187.9011553830
       436       218.0000000000      -187.9058922830      -187.9036835030      -187.9036835030
       437       218.5000000000      -187.9154957720      -187.9122669310      -187.9122669310
       438       219.0000000000      -187.9269502420      -187.9228223630      -187.9228223630
       439       219.5000000000      -187.9354159990      -187.9306862440      -187.9306862440
       440       220.0000000000      -187.9386871890      -187.9336995560      -187.9336995560
       441       220.5000000000      -187.9370696310      -187.9321508180      -187.9321508180
       442       221.0000000000      -187.9321495190      -187.9275655020      -187.9275655020
       443       221.5000000000      -187.9258656790      -187.9217823010      -187.9217823010
       444       222.0000000000      -187.9199975720      -187.9164375540      -187.9164375540
       445       222.5000000000      -187.9158947060      -187.9127096800      -187.9127096800
       446       223.0000000000      -187.9143828610      -187.9113079380      -187.9113079380
       447       223.5000000000      -187.9157614460      -187.9125803260      -187.9125803260
       448       224.0000000000      -187.9198192050      -187.9164875130      -187.9164875130
       449       224.5000000000      -187.9258776080      -187.9225006400      -187.9225006400
       450       225.0000000000      -187.9328817840      -187.9296320650      -187.9296320650
       451       225.5000000000      -187.9395158590      -187.9365669330      -187.9365669330
       452       226.0000000000      -187.9443175510      -187.9418104960      -187.9418104960
       453       226.5000000000      -187.9459304270      -187.9439718490      -187.9439718490
       454       227.0000000000      -187.9437663840      -187.9424510180      -187.9424510180
       455       227.5000000000      -187.9390292540      -187.9384484490      -187.9384484490
       456       228.0000000000      -187.9353237300      -187.9348344270      -187.9348344270
       457       228.5000000000      -187.9358866810      -187.9348062580      -187.9348062580
       458       229.0000000000      -187.9404721790      -187.9388690450      -187.9388690450
       459       229.5000000000      -187.9457836790      -187.9437501300      -187.9437501300
       460       230.0000000000      -187.9482795810      -187.9459135690      -187.9459135690
       461       230.5000000000      -187.9466655800      -187.9440637860      -187.9440637860
       462       231.0000000000      -187.9418105590      -187.9390584970      -187.9390584970
       463       231.5000000000      -187.9354491790      -187.9326213810      -187.9326213810
       464       232.0000000000      -187.9290928470      -187.9262576800      -187.9262576800
       465       232.5000000000      -187.9235816230      -187.9207818750      -187.9207818750
       466       233.0000000000      -187.9192085360      -187.9163895750      -187.9163895750
       467       233.5000000000      -187.9160986030      -187.9130184830      -187.9130184830
       468       234.0000000000      -187.9144407960      -187.9106933360      -187.9106933360
       469       234.5000000000      -187.9144707260      -187.9096223340      -187.9096223340
       470       235.0000000000      -187.9163624340      -187.9100351320      -187.9100351320
       471       235.5000000000      -187.9201215800      -187.9120046630      -187.9120046630
       472       236.0000000000      -187.9254967260      -187.9153448500      -187.9153448500
       473       236.5000000000      -187.9318810260      -187.9195145700      -187.9195145700
       474       237.0000000000      -187.9382026950      -187.9235069390      -187.9235069390
       475       237.5000000000      -187.9429325950      -187.9258506100      -187.9258506100
       476       238.0000000000      -187.9444972100      -187.9250136570      -187.9250136570
       477       238.5000000000      -187.9423872190      -187.9205035980      -187.9205035980
       478       239.0000000000      -187.9385622970      -187.9142699440      -187.9142699440
       479       239.5000000000      -187.9372330760      -187.9104933640      -187.9104933640
       480       240.0000000000      -187.9414357800      -187.9121748410      -187.9121748410
       481       240.5000000000      -187.9497276110      -187.9178428130      -187.9178428130
       482       241.0000000000      -187.9578985500      -187.9232668820      -187.9232668820
       483       241.5000000000      -187.9631850970      -187.9256676000      -187.9256676000
       484       242.0000000000      -187.9656877810      -187.9251327460      -187.9251327460
       485       242.5000000000      -187.9669302100      -187.9231798460      -187.9231798460
       486       243.0000000000      -187.9681784360      -187.9210788030      -187.9210788030
       487       243.5000000000      -187.9698934810      -187.9193053860      -187.9193053860
       488       244.0000000000      -187.9720948410      -187.9179028790      -187.9179028790
       489       244.5000000000      -187.9748328860      -187.9169521750      -187.9169521750
       490       245.0000000000      -187.9783194470      -187.9167003100      -187.9167003100
       491       245.5000000000      -187.9827854140      -187.9174177730      -187.9174177730
       492       246.0000000000      -187.9882989480      -187.9192175400      -187.9192175400
       493       246.5000000000      -187.9946567960      -187.9219476910      -187.9219476910
       494       247.0000000000      -188.0013296490      -187.9251367380      -187.9251367380
       495       247.5000000000      -188.0074216900      -187.9279502360      -187.9279502360
       496       248.0000000000      -188.0116878030      -187.9292010910      -187.9292010910
       497       248.5000000000      -188.0127924700      -187.9275985570      -187.9275985570
       498       249.0000000000      -188.0100665020      -187.9224950140      -187.9224950140
       499       249.5000000000      -188.0046512810      -187.9150268330      -187.9150268330
       500       250.0000000000      -187.9998144900      -187.9084379850      -187.9084379850
       501       250.5000000000      -187.9988279330      -187.9059766740      -187.9059766740
       502       251.0000000000      -188.0018763310      -187.9078247330      -187.9078247330
       503       251.5000000000      -188.0062447660      -187.9112937720      -187.9112937720
       504       252.0000000000      -188.0095288860      -187.9140261570      -187.9140261570
       505       252.5000000000      -188.0113370730      -187.9156771500      -187.9156771500
       506       253.0000000000      -188.0123053810      -187.9169128070      -187.9169128070
       507       253.5000000000      -188.0127394200      -187.9180438530      -187.9180438530
       508       254.0000000000      -188.0124023890      -187.9188132950      -187.9188132950
       509       254.5000000000      -188.0110602840      -187.9189452780      -187.9189452780
       510       255.0000000000      -188.0088920240      -187.9185608610      -187.9185608610
       511       255.5000000000      -188.0064611680      -187.9181560930      -187.9181560930
       512       256.0000000000      -188.0044506600      -187.9183424280      -187.9183424280
       513       256.5000000000      -188.0034124650      -187.9196015880      -187.9196015880
       514       257.0000000000      -188.0036282310      -187.9221506590      -187.9221506590
       515       257.5000000000      -188.0050488060      -187.9258855360      -187.9258855360
       516       258.0000000000      -188.0072463800      -187.9303363530      -187.9303363530
       517       258.5000000000      -188.0093622410      -187.9346171400      -187.9346171400
       518       259.0000000000      -188.0101158990      -187.9374337480      -187.9374337480
       519       259.5000000000      -188.0080322340      -187.9373055570      -187.9373055570
       520       260.0000000000      -188.0021113350      -187.9332264680      -187.9332264680
       521       260.5000000000      -187.9929807240      -187.9258083170      -187.9258083170
       522       261.0000000000      -187.9836870770      -187.9180709520      -187.9180709520
       523       261.5000000000      -187.9782923990      -187.9140464740      -187.9140464740
       524       262.0000000000      -187.9783318460      -187.9152464570      -187.9152464570
       525       262.5000000000      -187.9813512300      -187.9191963370      -187.9191963370
       526       263.0000000000      -187.9836781850      -187.9221935960      -187.9221935960
       527       263.5000000000      -187.9833967530      -187.9222738690      -187.9222738690
       528       264.0000000000      -187.9806182290      -187.9194877060      -187.9194877060
       529       264.5000000000      -187.9764651530      -187.9148999250      -187.9148999250
       530       265.0000000000      -187.9723835590      -187.9099166690      -187.9099166690
       531       265.5000000000      -187.9698258370      -187.9059768560      -187.9059768560
       532       266.0000000000      -187.9699174160      -187.9042210580      -187.9042210580
       533       266.5000000000      -187.9731196310      -187.9051521020      -187.9051521020
       534       267.0000000000      -187.9791518240      -187.9085528510      -187.9085528510
       535       267.5000000000      -187.9872613000      -187.9137505890      -187.9137505890
       536       268.0000000000      -187.9966178710      -187.9200056380      -187.9200056380
       537       268.5000000000      -188.0065409060      -187.9267322570      -187.9267322570
       538       269.0000000000      -188.0164530940      -187.9334462490      -187.9334462490
       539       269.5000000000      -188.0256504520      -187.9395288280      -187.9395288280
       540       270.0000000000      -188.0330763230      -187.9439944950      -187.9439944950
       541       270.5000000000      -188.0373890030      -187.9455528350      -187.9455528350
       542       271.0000000000      -188.0376755240      -187.9433177950      -187.9433177950
       543       271.5000000000      -188.0347302460      -187.9380857180      -187.9380857180
       544       272.0000000000      -188.0315757360      -187.9328616370      -187.9328616370
       545       272.5000000000      -188.0315166390      -187.9309225180      -187.9309225180
       546       273.0000000000      -188.0350552800      -187.9327416970      -187.9327416970
       547       273.5000000000      -188.0395757420      -187.9356793220      -187.9356793220
       548       274.0000000000      -188.0418721190      -187.9365128580      -187.9365128580
       549       274.5000000000      -188.0401411280      -187.9334286090      -187.9334286090
       550       275.0000000000      -188.0343676280      -187.9264064820      -187.9264064820
       551       275.5000000000      -188.0260192370      -187.9169152880      -187.9169152880
       552       276.0000000000      -188.0174678120      -187.9073350230      -187.9073350230
       553       276.5000000000      -188.0111218100      -187.9000876890      -187.9000876890
       554       277.0000000000      -188.0085133460      -187.8967202350      -187.8967202350
       555       277.5000000000      -188.0098420410      -187.8974445950      -187.8974445950
       556       278.0000000000      -188.0142358310      -187.9013969530      -187.9013969530
       557       278.5000000000      -188.0203987750      -187.9072866060      -187.9072866060
       558       279.0000000000      -188.0270905410      -187.9138777690      -187.9138777690
       559       279.5000000000      -188.0332409710      -187.9201053190      -187.9201053190
       560       280.0000000000      -188.0379116370      -187.9250357600      -187.9250357600
       561       280.5000000000      -188.0403476310      -187.9279157220      -187.9279157220
       562       281.0000000000      -188.0401165720      -187.9283072320      -187.9283072320
       563       281.5000000000      -188.0372051610      -187.9261824510      -187.9261824510
       564       282.0000000000      -188.0322548020      -187.9221620640      -187.9221620640
       565       282.5000000000      -188.0272057040      -187.9181674160      -187.9181674160
       566       283.0000000000      -188.0252919850      -187.9174246600      -187.9174246600
       567       283.5000000000      -188.0287442720      -187.9221700350      -187.9221700350
       568       284.0000000000      -188.0362043890      -187.9310589990      -187.9310589990
       569       284.5000000000      -188.0437306600      -187.9401635200      -187.9401635200
       570       285.0000000000      -188.0479866330      -187.9461524280      -187.9461524280
       571       285.5000000000      -188.0477014420      -187.9477434600      -187.9477434600
       572       286.0000000000      -188.0430876500      -187.9451164630      -187.9451164630
       573       286.5000000000      -188.0349778870      -187.9390530650      -187.9390530650
       574       287.0000000000      -188.0246162490      -187.9307374480      -187.9307374480
       575       287.5000000000      -188.0138717370      -187.9219818310      -187.9219818310
       576       288.0000000000      -188.0051172950      -187.9151155960      -187.9151155960
       577       288.5000000000      -188.0003161100      -187.9120775750      -187.9120775750
       578       289.0000000000      -187.9998766290      -187.9132727390      -187.9132727390
       579       289.5000000000      -188.0024199820      -187.9173368770      -187.9173368770
       580       290.0000000000      -188.0056890640      -187.9220381410      -187.9220381410
       581       290.5000000000      -188.0076860430      -187.9254040990      -187.9254040990
       582       291.0000000000      -188.0073338840      -187.9263739530      -187.9263739530
       583       291.5000000000      -188.0046371430      -187.9249550970      -187.9249550970
       584       292.0000000000      -188.0003620800      -187.9219054940      -187.9219054940
       585       292.5000000000      -187.9953387700      -187.9180403340      -187.9180403340
       586       293.0000000000      -187.9902150330      -187.9139884060      -187.9139884060
       587       293.5000000000      -187.9862368390      -187.9109708590      -187.9109708590
       588       294.0000000000      -187.9854968450      -187.9110461280      -187.9110461280
       589       294.5000000000      -187.9891065130      -187.9152781300      -187.9152781300
       590       295.0000000000      -187.9954736670      -187.9220144220      -187.9220144220
       591       295.5000000000      -188.0014572160      -187.9280493790      -187.9280493790
       592       296.0000000000      -188.0048727530      -187.9311415420      -187.9311415420
       593       296.5000000000      -188.0054665700      -187.9309970200      -187.9309970200
       594       297.0000000000      -188.0041778880      -187.9285351630      -187.9285351630
       595       297.5000000000      -188.0022121420      -187.9249642220      -187.9249642220
       596       298.0000000000      -188.0008376900      -187.9215826580      -187.9215826580
       597       298.5000000000      -188.0014518170      -187.9198508580      -187.9198508580
       598       299.0000000000      -188.0051369010      -187.9209497620      -187.9209497620
       599       299.5000000000      -188.0119443970      -187.9250593870      -187.9250593870
       600       300.0000000000      -188.0207752170      -187.9312253710      -187.9312253710
       601       300.5000000000      -188.0299316340      -187.9378917680      -187.9378917680
       602       301.0000000000      -188.0376413320      -187.9434057690      -187.9434057690
       603       301.5000000000      -188.0422470190      -187.9461927390      -187.9461927390
       604       302.0000000000      -188.0424432390      -187.9449865170      -187.9449865170
       605       302.5000000000      -188.0379330760      -187.9394883650      -187.9394883650
       606       303.0000000000      -188.0301193570      -187.9310688480      -187.9310688480
       607       303.5000000000      -188.0217364950      -187.9224139440      -187.9224139440
       608       304.0000000000      -188.0152673790      -187.9159546660      -187.9159546660
       609       304.5000000000      -188.0119584040      -187.9128897770      -187.9128897770
       610       305.0000000000      -188.0121155200      -187.9134845260      -187.9134845260
       611       305.5000000000      -188.0149256630      -187.9168935280      -187.9168935280
       612       306.0000000000      -188.0181332240      -187.9208432070      -187.9208432070
       613       306.5000000000      -188.0193683790      -187.9229701280      -187.9229701280
       614       307.0000000000      -188.0177631040      -187.9224391480      -187.9224391480
       615       307.5000000000      -188.0138300320      -187.9198098860      -187.9198098860
       616       308.0000000000      -188.0084065380      -187.9159603260      -187.9159603260
       617       308.5000000000      -188.0023169160      -187.9117323970      -187.9117323970
       618       309.0000000000      -187.9967885620      -187.9083423510      -187.9083423510
       619       309.5000000000      -187.9935178970      -187.9074524120      -187.9074524120
       620       310.0000000000      -187.9938486540      -187.9103613710      -187.9103613710
       621       310.5000000000      -187.9977728300      -187.9170163150      -187.9170163150
       622       311.0000000000      -188.0037713690      -187.9258561870      -187.9258561870
       623       311.5000000000      -188.0095329330      -187.9345258810      -187.9345258810
       624       312.0000000000      -188.0128337730      -187.9407491710      -187.9407491710
       625       312.5000000000      -188.0122445340      -187.9430322340      -187.9430322340
       626       313.0000000000      -188.0077760220      -187.9413123320      -187.9413123320
       627       313.5000000000      -188.0011609090      -187.9372493530      -187.9372493530
       628       314.0000000000      -187.9950319920      -187.9334199710      -187.9334199710
       629       314.5000000000      -187.9913525390      -187.9317671810      -187.9317671810
       630       315.0000000000      -187.9907478550      -187.9329449000      -187.9329449000
       631       315.5000000000      -187.9928076660      -187.9366146190      -187.9366146190
       632       316.0000000000      -187.9959696520      -187.9412995980      -187.9412995980
       633       316.5000000000      -187.9975473060      -187.9443769580      -187.9443769580
       634       317.0000000000      -187.9950054520      -187.9433353880      -187.9433353880
       635       317.5000000000      -187.9874630730      -187.9372841190      -187.9372841190
       636       318.0000000000      -187.9760844660      -187.9273629270      -187.9273629270
       637       318.5000000000      -187.9633797310      -187.9160625410      -187.9160625410
       638       319.0000000000      -187.9521623920      -187.9061955510      -187.9061955510
       639       319.5000000000      -187.9447504270      -187.9001023770      -187.9001023770
       640       320.0000000000      -187.9424245570      -187.8991060180      -187.8991060180
       641       320.5000000000      -187.9449798470      -187.9030551760      -187.9030551760
       642       321.0000000000      -187.9507165270      -187.9103044860      -187.9103044860
       643       321.5000000000      -187.9571569070      -187.9184223150      -187.9184223150
       644       322.0000000000      -187.9620009260      -187.9251382780      -187.9251382780
       645       322.5000000000      -187.9637854960      -187.9289952700      -187.9289952700
       646       323.0000000000      -187.9623177180      -187.9297759610      -187.9297759610
       647       323.5000000000      -187.9588917790      -187.9287170280      -187.9287170280
       648       324.0000000000      -187.9556327300      -187.9278592200      -187.9278592200
       649       324.5000000000      -187.9537671290      -187.9283367000      -187.9283367000
       650       325.0000000000      -187.9526742670      -187.9294529180      -187.9294529180
       651       325.5000000000      -187.9514513520      -187.9302627240      -187.9302627240
       652       326.0000000000      -187.9509246760      -187.9315804760      -187.9315804760
       653       326.5000000000      -187.9527840380      -187.9350981150      -187.9350981150
       654       327.0000000000      -187.9568617750      -187.9406559130      -187.9406559130
       655       327.5000000000      -187.9606003780      -187.9457177380      -187.9457177380
       656       328.0000000000      -187.9612100350      -187.9475335770      -187.9475335770
       657       328.5000000000      -187.9575114400      -187.9449729490      -187.9449729490
       658       329.0000000000      -187.9501680730      -187.9387420700      -187.9387420700
       659       329.5000000000      -187.9411372110      -187.9308267400      -187.9308267400
       660       330.0000000000      -187.9329351840      -187.9237591400      -187.9237591400
       661       330.5000000000      -187.9276796940      -187.9196660170      -187.9196660170
       662       331.0000000000      -187.9261630220      -187.9193458960      -187.9193458960
       663       331.5000000000      -187.9276534450      -187.9220658540      -187.9220658540
       664       332.0000000000      -187.9305937710      -187.9262360160      -187.9262360160
       665       332.5000000000      -187.9335217410      -187.9302627200      -187.9302627200
       666       333.0000000000      -187.9356335000      -187.9330058830      -187.9330058830
       667       333.5000000000      -187.9368265850      -187.9340591800      -187.9340591800
       668       334.0000000000      -187.9373129560      -187.9339217980      -187.9339217980
       669       334.5000000000      -187.9372541550      -187.9331895170      -187.9331895170
       670       335.0000000000      -187.9361788810      -187.9316245780      -187.9316245780
       671       335.5000000000      -187.9330756880      -187.9283252980      -187.9283252980
       672       336.0000000000      -187.9278251260      -187.9232158260      -187.9232158260
       673       336.5000000000      -187.9224894490      -187.9183309100      -187.9183309100
       674       337.0000000000      -187.9202857140      -187.9166961910      -187.9166961910
       675       337.5000000000      -187.9226751350      -187.9192652020      -187.9192652020
       676       338.0000000000      -187.9278792230      -187.9238134100      -187.9238134100
       677       338.5000000000      -187.9324986650      -187.9272241120      -187.9272241120
       678       339.0000000000      -187.9342515990      -187.9276470580      -187.9276470580
       679       339.5000000000      -187.9329890550      -187.9251536680      -187.9251536680
       680       340.0000000000      -187.9302595490      -187.9213832250      -187.9213832250
       681       340.5000000000      -187.9282926460      -187.9185941080      -187.9185941080
       682       341.0000000000      -187.9287003270      -187.9183932800      -187.9183932800
       683       341.5000000000      -187.9315801390      -187.9208533570      -187.9208533570
       684       342.0000000000      -187.9357127960      -187.9247218120      -187.9247218120
       685       342.5000000000      -187.9394985790      -187.9283688110      -187.9283688110
       686       343.0000000000      -187.9417400050      -187.9305798150      -187.9305798150
       687       343.5000000000      -187.9420268630      -187.9309487870      -187.9309487870
       688       344.0000000000      -187.9409774720      -187.9301238470      -187.9301238470
       689       344.5000000000      -187.9401564150      -187.9297230350      -187.9297230350
       690       345.0000000000      -187.9410232790      -187.9312690210      -187.9312690210
       691       345.5000000000      -187.9432252160      -187.9344566930      -187.9344566930
       692       346.0000000000      -187.9441632310      -187.9366944590      -187.9366944590
       693       346.5000000000      -187.9409007860      -187.9349987490      -187.9349987490
       694       347.0000000000      -187.9328241430      -187.9286484460      -187.9286484460
       695       347.5000000000      -187.9227413820      -187.9202510750      -187.9202510750
       696       348.0000000000      -187.9152179760      -187.9138108290      -187.9138108290
       697       348.5000000000      -187.9128912410      -187.9112541070      -187.9112541070
       698       349.0000000000      -187.9135418690      -187.9118333130      -187.9118333130
       699       349.5000000000      -187.9136216010      -187.9126984450      -187.9126984450
       700       350.0000000000      -187.9127254210      -187.9112136270      -187.9112136270
       701       350.5000000000      -187.9116607140      -187.9079977290      -187.9079977290
       702       351.0000000000      -187.9122886980      -187.9061269380      -187.9061269380
       703       351.5000000000      -187.9161099800      -187.9071881820      -187.9071881820
       704       352.0000000000      -187.9226789770      -187.9107889430      -187.9107889430
       705       352.5000000000      -187.9303190330      -187.9153155270      -187.9153155270
       706       353.0000000000      -187.9374247610      -187.9192363660      -187.9192363660
       707       353.5000000000      -187.9431355660      -187.9217745870      -187.9217745870
       708       354.0000000000      -187.9474270300      -187.9230007440      -187.9230007440
       709       354.5000000000      -187.9511164270      -187.9238353280      -187.9238353280
       710       355.0000000000      -187.9556950280      -187.9258686970      -187.9258686970
       711       355.5000000000      -187.9624348180      -187.9304426890      -187.9304426890
       712       356.0000000000      -187.9709938930      -187.9372320740      -187.9372320740
       713       356.5000000000      -187.9790305330      -187.9438530200      -187.9438530200
       714       357.0000000000      -187.9836247560      -187.9473040010      -187.9473040010
       715       357.5000000000      -187.9832188750      -187.9459352410      -187.9459352410
       716       358.0000000000      -187.9785337140      -187.9403892140      -187.9403892140
       717       358.5000000000      -187.9720228000      -187.9330735520      -187.9330735520
       718       359.0000000000      -187.9661349560      -187.9264361960      -187.9264361960
       719       359.5000000000      -187.9616070680      -187.9212543130      -187.9212543130
       720       360.0000000000      -187.9575702480      -187.9167149690      -187.9167149690
       721       360.5000000000      -187.9533618910      -187.9121947100      -187.9121947100
       722       361.0000000000      -187.9497246140      -187.9084412100      -187.9084412100
       723       361.5000000000      -187.9479935410      -187.9067652060      -187.9067652060
       724       362.0000000000      -187.9485302560      -187.9074921200      -187.9074921200
       725       362.5000000000      -187.9503844170      -187.9096421820      -187.9096421820
       726       363.0000000000      -187.9522153720      -187.9118627770      -187.9118627770
       727       363.5000000000      -187.9530601710      -187.9131943670      -187.9131943670
       728       364.0000000000      -187.9523482420      -187.9130693740      -187.9130693740
       729       364.5000000000      -187.9497435460      -187.9111311430      -187.9111311430
       730       365.0000000000      -187.9455279240      -187.9076042370      -187.9076042370
       731       365.5000000000      -187.9415030750      -187.9042132280      -187.9042132280
       732       366.0000000000      -187.9410670050      -187.9043006430      -187.9043006430
       733       366.5000000000      -187.9468120560      -187.9104594010      -187.9104594010
       734       367.0000000000      -187.9573420150      -187.9213509050      -187.9213509050
       735       367.5000000000      -187.9677669900      -187.9321744030      -187.9321744030
       736       368.0000000000      -187.9735556880      -187.9384873190      -187.9384873190
       737       368.5000000000      -187.9732157830      -187.9388598250      -187.9388598250
       738       369.0000000000      -187.9683152040      -187.9348843630      -187.9348843630
       739       369.5000000000      -187.9619419650      -187.9296379860      -187.9296379860
       740       370.0000000000      -187.9564708890      -187.9254590240      -187.9254590240
       741       370.5000000000      -187.9521406580      -187.9225340150      -187.9225340150
       742       371.0000000000      -187.9479989750      -187.9198503670      -187.9198503670
       743       371.5000000000      -187.9439477850      -187.9172504500      -187.9172504500
       744       372.0000000000      -187.9411084340      -187.9158094030      -187.9158094030
       745       372.5000000000      -187.9403577810      -187.9163825070      -187.9163825070
       746       373.0000000000      -187.9413648570      -187.9186444360      -187.9186444360
       747       373.5000000000      -187.9431968410      -187.9216875720      -187.9216875720
       748       374.0000000000      -187.9452498240      -187.9249405840      -187.9249405840
       749       374.5000000000      -187.9473936110      -187.9283034030      -187.9283034030
       750       375.0000000000      -187.9495272410      -187.9316978830      -187.9316978830
       751       375.5000000000      -187.9511299130      -187.9346159610      -187.9346159610
       752       376.0000000000      -187.9511345320      -187.9359895190      -187.9359895190
       753       376.5000000000      -187.9483481600      -187.9346037420      -187.9346037420
       754       377.0000000000      -187.9426031300      -187.9302395030      -187.9302395030
       755       377.5000000000      -187.9360562860      -187.9249682120      -187.9249682120
       756       378.0000000000      -187.9325256450      -187.9225111330      -187.9225111330
       757       378.5000000000      -187.9338688460      -187.9246972110      -187.9246972110
       758       379.0000000000      -187.9377738310      -187.9293472000      -187.9293472000
       759       379.5000000000      -187.9407468780      -187.9332290240      -187.9332290240
       760       380.0000000000      -187.9416763560      -187.9354503280      -187.9354503280
       761       380.5000000000      -187.9413252270      -187.9367517400      -187.9367517400
       762       381.0000000000      -187.9402652330      -187.9370145660      -187.9370145660
       763       381.5000000000      -187.9388060820      -187.9348581090      -187.9348581090
       764       382.0000000000      -187.9368248730      -187.9307771490      -187.9307771490
       765       382.5000000000      -187.9352019090      -187.9270201410      -187.9270201410
       766       383.0000000000      -187.9353473230      -187.9253913420      -187.9253913420
       767       383.5000000000      -187.9374539830      -187.9261752150      -187.9261752150
       768       384.0000000000      -187.9406058660      -187.9284501100      -187.9284501100
       769       384.5000000000      -187.9438700490      -187.9312256850      -187.9312256850
       770       385.0000000000      -187.9468469820      -187.9340094850      -187.9340094850
       771       385.5000000000      -187.9494172300      -187.9365699000      -187.9365699000
       772       386.0000000000      -187.9512356440      -187.9384538340      -187.9384538340
       773       386.5000000000      -187.9514529120      -187.9387361350      -187.9387361350
       774       387.0000000000      -187.9490088610      -187.9363333090      -187.9363333090
       775       387.5000000000      -187.9437592490      -187.9311290550      -187.9311290550
       776       388.0000000000      -187.9379133110      -187.9253870830      -187.9253870830
       777       388.5000000000      -187.9355415890      -187.9232276840      -187.9232276840
       778       389.0000000000      -187.9386603130      -187.9266935940      -187.9266935940
       779       389.5000000000      -187.9442689760      -187.9327866330      -187.9327866330
       780       390.0000000000      -187.9472929360      -187.9364190720      -187.9364190720
       781       390.5000000000      -187.9452556970      -187.9350961040      -187.9350961040
       782       391.0000000000      -187.9389760870      -187.9296223830      -187.9296223830
       783       391.5000000000      -187.9304765780      -187.9220175650      -187.9220175650
       784       392.0000000000      -187.9216112110      -187.9141456010      -187.9141456010
       785       392.5000000000      -187.9142000530      -187.9078426550      -187.9078426550
       786       393.0000000000      -187.9100192170      -187.9048972920      -187.9048972920
       787       393.5000000000      -187.9097524220      -187.9059841650      -187.9059841650
       788       394.0000000000      -187.9123775970      -187.9099520400      -187.9099520400
       789       394.5000000000      -187.9163725270      -187.9144938130      -187.9144938130
       790       395.0000000000      -187.9208905610      -187.9178765240      -187.9178765240
       791       395.5000000000      -187.9253292060      -187.9205196950      -187.9205196950
       792       396.0000000000      -187.9300078760      -187.9232427530      -187.9232427530
       793       396.5000000000      -187.9354681520      -187.9266893670      -187.9266893670
       794       397.0000000000      -187.9417763880      -187.9309621730      -187.9309621730
       795       397.5000000000      -187.9481561400      -187.9353050760      -187.9353050760
       796       398.0000000000      -187.9530040890      -187.9381194200      -187.9381194200
       797       398.5000000000      -187.9546113220      -187.9376813030      -187.9376813030
       798       399.0000000000      -187.9527481800      -187.9337363430      -187.9337363430
       799       399.5000000000      -187.9500452510      -187.9289079840      -187.9289079840
       800       400.0000000000      -187.9506575860      -187.9273887520      -187.9273887520
