 # Step, Time, Current state, Current potential, Velocity norm, current gradient
         0      0.00000000     2      -187.8665666730         0.0050096855         0.1846678236
         1      0.50000000     2      -187.8683363110         0.0052104128         0.1984003744
         2      1.00000000     2      -187.8724116780         0.0056437766         0.2212936217
         3      1.50000000     2      -187.8801077650         0.0063472922         0.2392167007
         4      2.00000000     2      -187.8921458670         0.0072721720         0.2395907564
         5      2.50000000     2      -187.9070408150         0.0082403418         0.2173284435
         6      3.00000000     2      -187.9203877200         0.0089874209         0.1790821692
         7      3.50000000     2      -187.9259712550         0.0092295788         0.1514238842
         8      4.00000000     2      -187.9186599290         0.0087214516         0.1826813490
         9      4.50000000     2      -187.8988278070         0.0073580767         0.2700690481
        10      5.00000000     2      -187.8762434450         0.0054450571         0.3590392923
        11      5.50000000     2      -187.8667814780         0.0043044460         0.3951636725
        12      6.00000000     2      -187.8784739540         0.0053660844         0.3491225373
        13      6.50000000     2      -187.9018605350         0.0071860293         0.2464470880
        14      7.00000000     2      -187.9206610930         0.0084342703         0.1563487762
        15      7.50000000     2      -187.9269070020         0.0088718151         0.1426006889
        16      8.00000000     2      -187.9224870730         0.0086903440         0.1739744548
        17      8.50000000     2      -187.9130457480         0.0081796969         0.1970890702
        18      9.00000000     2      -187.9031561400         0.0075802025         0.2016357355
        19      9.50000000     2      -187.8947999770         0.0070229205         0.1946365647
        20     10.00000000     2      -187.8881090250         0.0065398366         0.1868070075
        21     10.50000000     2      -187.8827020760         0.0061227472         0.1859799429
        22     11.00000000     2      -187.8785826660         0.0057876148         0.1948418921
        23     11.50000000     2      -187.8765083470         0.0056177206         0.2107272136
        24     12.00000000     2      -187.8779187240         0.0057544918         0.2258513593
        25     12.50000000     2      -187.8842195890         0.0062893240         0.2303609734
        26     13.00000000     2      -187.8955196830         0.0071409420         0.2184754739
        27     13.50000000     2      -187.9097782710         0.0080872425         0.1926709272
        28     14.00000000     2      -187.9232052810         0.0088856183         0.1627398568
        29     14.50000000     2      -187.9315063890         0.0093380769         0.1446763259
        30     15.00000000     2      -187.9312508950         0.0093028354         0.1583944979
        31     15.50000000     2      -187.9214349120         0.0087154316         0.2051178393
        32     16.00000000     2      -187.9049486100         0.0076521797         0.2638472169
        33     16.50000000     2      -187.8884157140         0.0064396562         0.3223287860
        34     17.00000000     2      -187.8803041000         0.0057974156         0.3705992525
        35     17.50000000     2      -187.8867824500         0.0063769516         0.3727633021
        36     18.00000000     2      -187.9042955620         0.0076489996         0.3179660953
        37     18.50000000     2      -187.9212755870         0.0086980872         0.2527199014
        38     19.00000000     2      -187.9300933700         0.0091810620         0.2150668731
        39     19.50000000     2      -187.9307056170         0.0091691461         0.1953995036
        40     20.00000000     2      -187.9259400760         0.0088271976         0.1768222146
        41     20.50000000     2      -187.9180575360         0.0082726533         0.1596036310
        42     21.00000000     2      -187.9083852840         0.0075697587         0.1526731182
        43     21.50000000     2      -187.8980005620         0.0067709928         0.1629717299
        44     22.00000000     2      -187.8883690030         0.0059739222         0.1878549094
        45     22.50000000     2      -187.8816296500         0.0053841601         0.2154064588
        46     23.00000000     2      -187.8801102540         0.0052895742         0.2316811738
        47     23.50000000     2      -187.8850105630         0.0058076514         0.2289343454
        48     24.00000000     2      -187.8953759040         0.0067247084         0.2102165377
        49     24.50000000     2      -187.9085365150         0.0077303849         0.1859586198
        50     25.00000000     2      -187.9214228430         0.0086121554         0.1657472873
        51     25.50000000     2      -187.9313680760         0.0092523746         0.1551582979
        52     26.00000000     2      -187.9362427950         0.0095792808         0.1608382986
        53     26.50000000     2      -187.9347972690         0.0095526509         0.1877165590
        54     27.00000000     2      -187.9273719670         0.0091784388         0.2245658317
        55     27.50000000     2      -187.9155575510         0.0084912662         0.2568784699
        56     28.00000000     2      -187.9009518060         0.0075202524         0.3008039131
        57     28.50000000     2      -187.8875769690         0.0064869010         0.3696228625
        58     29.00000000     2      -187.8850746390         0.0061614991         0.4050107465
        59     29.50000000     2      -187.8989911180         0.0070183745         0.3532849304
        60     30.00000000     2      -187.9201598040         0.0082357884         0.2446595689
        61     30.50000000     2      -187.9351802540         0.0090071748         0.1472531529
        62     31.00000000     2      -187.9386610530         0.0091396717         0.1122250104
        63     31.50000000     2      -187.9322075920         0.0087309229         0.1348654769
        64     32.00000000     2      -187.9196438650         0.0079268490         0.1739477231
        65     32.50000000     2      -187.9048669050         0.0068687198         0.2141117770
        66     33.00000000     2      -187.8916590590         0.0057455957         0.2476369213
        67     33.50000000     2      -187.8834597770         0.0048749392         0.2649512984
        68     34.00000000     2      -187.8822483340         0.0046390304         0.2603609378
        69     34.50000000     2      -187.8875800150         0.0051078691         0.2382405011
        70     35.00000000     2      -187.8971635430         0.0059538861         0.2103571412
        71     35.50000000     2      -187.9083780810         0.0068602571         0.1868966222
        72     36.00000000     2      -187.9191151920         0.0076624970         0.1720159645
        73     36.50000000     2      -187.9276768590         0.0082762437         0.1694097532
        74     37.00000000     2      -187.9327193390         0.0086520639         0.1871681369
        75     37.50000000     2      -187.9340063540         0.0087950347         0.2252107299
        76     38.00000000     2      -187.9332531000         0.0087963661         0.2625427950
        77     38.50000000     2      -187.9328033130         0.0087678451         0.2726517821
        78     39.00000000     2      -187.9319644150         0.0086669751         0.2592228159
        79     39.50000000     2      -187.9266946490         0.0082861053         0.2841161013
        80     40.00000000     2      -187.9171630370         0.0076292494         0.3765207937
        81     40.50000000     2      -187.9141856200         0.0073245238         0.4431975690
        82     41.00000000     2      -187.9273469670         0.0079493865         0.4058022224
        83     41.50000000     2      -187.9484429000         0.0089234058         0.2969339248
        84     42.00000000     2      -187.9623024930         0.0094402671         0.2056694598
        85     42.50000000     2      -187.9632765590         0.0092733427         0.1841389234
        86     43.00000000     2      -187.9536010580         0.0085742783         0.1742676686
        87     43.50000000     2      -187.9370471370         0.0076230841         0.2091715914
        88     44.00000000     2      -187.9223970030         0.0067327573         0.2311823880
        89     44.50000000     2      -187.9137009120         0.0062058906         0.2320799066
        90     45.00000000     2      -187.9113769190         0.0061822140         0.2160043867
        91     45.50000000     2      -187.9134316550         0.0065281568         0.1933996919
        92     46.00000000     2      -187.9171399570         0.0069997882         0.1737959487
        93     46.50000000     2      -187.9201700660         0.0074112480         0.1626484551
        94     47.00000000     2      -187.9208345840         0.0076553272         0.1658606876
        95     47.50000000     2      -187.9182836970         0.0076888951         0.1907138604
        96     48.00000000     2      -187.9132501660         0.0075606892         0.2347901147
        97     48.50000000     2      -187.9087718830         0.0074588082         0.2807134019
        98     49.00000000     2      -187.9092453840         0.0076570256         0.3067836989
        99     49.50000000     2      -187.9173589630         0.0082818738         0.3014676025
       100     50.00000000     2      -187.9316573840         0.0091669624         0.2687437630
       101     50.50000000     2      -187.9472231260         0.0100060927         0.2208316983
       102     51.00000000     2      -187.9580058610         0.0105268943         0.1724570911
       103     51.50000000     2      -187.9586934550         0.0105264246         0.1555344606
       104     52.00000000     2      -187.9468634730         0.0098929842         0.2132403877
       105     52.50000000     2      -187.9268717490         0.0087551857         0.3104042171
       106     53.00000000     2      -187.9109619800         0.0076882577         0.3689998732
       107     53.50000000     2      -187.9087462090         0.0073845356         0.3476534616
       108     54.00000000     2      -187.9162404820         0.0077359144         0.2843226374
       109     54.50000000     2      -187.9239394290         0.0081379287         0.2433713265
       110     55.00000000     2      -187.9281017060         0.0083393993         0.2323039015
       111     55.50000000     2      -187.9298527820         0.0083942771         0.2238743188
       112     56.00000000     2      -187.9306461260         0.0083871724         0.2081304270
       113     56.50000000     2      -187.9307886150         0.0083419556         0.1886522166
       114     57.00000000     2      -187.9298598740         0.0082384839         0.1699499616
       115     57.50000000     2      -187.9271213510         0.0080340479         0.1564639036
       116     58.00000000     2      -187.9217472310         0.0076742865         0.1572236929
       117     58.50000000     2      -187.9134105210         0.0071229105         0.1824603134
       118     59.00000000     2      -187.9033834040         0.0064373235         0.2279892987
       119     59.50000000     2      -187.8953022600         0.0058763379         0.2731462916
       120     60.00000000     2      -187.8939352670         0.0058659996         0.2944879011
       121     60.50000000     2      -187.9017872960         0.0065738027         0.2801427274
       122     61.00000000     2      -187.9167895710         0.0076689404         0.2364160550
       123     61.50000000     2      -187.9337752940         0.0087266778         0.1807611632
       124     62.00000000     2      -187.9474782430         0.0094867644         0.1311705088
       125     62.50000000     2      -187.9537221010         0.0097989912         0.1122054168
       126     63.00000000     2      -187.9491124380         0.0095185590         0.1599571021
       127     63.50000000     2      -187.9321433370         0.0084917658         0.2678162657
       128     64.00000000     2      -187.9078504750         0.0067449712         0.3938354614
       129     64.50000000     2      -187.8910581180         0.0049997423         0.4693327137
       130     65.00000000     2      -187.8952674700         0.0048766654         0.4399565815
       131     65.50000000     2      -187.9160319140         0.0062670944         0.3315802206
       132     66.00000000     2      -187.9380636770         0.0076309234         0.2171777218
       133     66.50000000     2      -187.9520083410         0.0084519829         0.1458127225
       134     67.00000000     2      -187.9566859210         0.0087768065         0.1252930923
       135     67.50000000     2      -187.9539944490         0.0087379803         0.1340439642
       136     68.00000000     2      -187.9457469140         0.0084194134         0.1568870768
       137     68.50000000     2      -187.9332426720         0.0078590901         0.1929290988
       138     69.00000000     2      -187.9182218740         0.0071127620         0.2396698113
       139     69.50000000     2      -187.9038960190         0.0063503583         0.2851460516
       140     70.00000000     2      -187.8945735470         0.0059040587         0.3121967617
       141     70.50000000     2      -187.8933009900         0.0060676086         0.3096784810
       142     71.00000000     2      -187.8995856300         0.0067507194         0.2812250638
       143     71.50000000     2      -187.9099410250         0.0076001896         0.2426755446
       144     72.00000000     2      -187.9205409580         0.0083490833         0.2106609296
       145     72.50000000     2      -187.9290618710         0.0088959398         0.1926929497
       146     73.00000000     2      -187.9346943270         0.0092329942         0.1864450243
       147     73.50000000     2      -187.9373413480         0.0093777551         0.1866169078
       148     74.00000000     2      -187.9370116460         0.0093403389         0.1895045129
       149     74.50000000     2      -187.9335994060         0.0091141853         0.1928867906
       150     75.00000000     2      -187.9268665120         0.0086763066         0.1993252165
       151     75.50000000     2      -187.9170076200         0.0080230851         0.2238126932
       152     76.00000000     2      -187.9067796780         0.0073188464         0.2736146566
       153     76.50000000     2      -187.9031777840         0.0070635192         0.3112675546
       154     77.00000000     2      -187.9121618990         0.0076684049         0.2904875514
       155     77.50000000     2      -187.9300507080         0.0087512184         0.2168522913
       156     78.00000000     2      -187.9465645850         0.0096523628         0.1421356787
       157     78.50000000     2      -187.9547258490         0.0100662348         0.1198369871
       158     79.00000000     2      -187.9536010710         0.0099902961         0.1476685649
       159     79.50000000     2      -187.9457313080         0.0095428033         0.1880442913
       160     80.00000000     2      -187.9349810880         0.0088903994         0.2232172864
       161     80.50000000     2      -187.9253471080         0.0082336243         0.2427614850
       162     81.00000000     2      -187.9196133070         0.0077583472         0.2402995388
       163     81.50000000     2      -187.9182186190         0.0075406764         0.2178800718
       164     82.00000000     2      -187.9195090240         0.0075108913         0.1860923658
       165     82.50000000     2      -187.9211999230         0.0075357567         0.1594084688
       166     83.00000000     2      -187.9216670490         0.0075150062         0.1502541314
       167     83.50000000     2      -187.9203390260         0.0074109047         0.1627240152
       168     84.00000000     2      -187.9175643090         0.0072397920         0.1912832843
       169     84.50000000     2      -187.9144431520         0.0070646955         0.2256946899
       170     85.00000000     2      -187.9124817530         0.0069759829         0.2540550784
       171     85.50000000     2      -187.9125252980         0.0070155103         0.2673996297
       172     86.00000000     2      -187.9132850470         0.0070770427         0.2709269522
       173     86.50000000     2      -187.9115474710         0.0069362148         0.2922189915
       174     87.00000000     2      -187.9060229410         0.0064947333         0.3506355095
       175     87.50000000     2      -187.9020818280         0.0061171877         0.4073147859
       176     88.00000000     2      -187.9082976680         0.0064606022         0.3991198802
       177     88.50000000     2      -187.9242467030         0.0074265702         0.3147326656
       178     89.00000000     2      -187.9390627590         0.0082633666         0.2084230555
       179     89.50000000     2      -187.9437555130         0.0085352443         0.1615886669
       180     90.00000000     2      -187.9378737630         0.0082599481         0.2005055680
       181     90.50000000     2      -187.9271351620         0.0077231050         0.2549922162
       182     91.00000000     2      -187.9186225790         0.0073206750         0.2816995091
       183     91.50000000     2      -187.9162864100         0.0073164731         0.2701371195
       184     92.00000000     2      -187.9190306510         0.0076310616         0.2310285982
       185     92.50000000     2      -187.9228494810         0.0079862566         0.1867131473
       186     93.00000000     2      -187.9243112040         0.0081726373         0.1579346551
       187     93.50000000     2      -187.9221092850         0.0081197089         0.1533198397
       188     94.00000000     2      -187.9167127250         0.0078496714         0.1681703300
       189     94.50000000     2      -187.9096999930         0.0074444651         0.1935815252
       190     95.00000000     2      -187.9034375200         0.0070511917         0.2202411905
       191     95.50000000     2      -187.9006036030         0.0068717173         0.2376393695
       192     96.00000000     2      -187.9029990870         0.0070556589         0.2375440989
       193     96.50000000     2      -187.9102152000         0.0075572258         0.2188742227
       194     97.00000000     2      -187.9194192310         0.0081549671         0.1881153749
       195     97.50000000     2      -187.9264830790         0.0085980478         0.1601232941
       196     98.00000000     2      -187.9278478280         0.0087164749         0.1657306611
       197     98.50000000     2      -187.9230998730         0.0085142642         0.2192734183
       198     99.00000000     2      -187.9170290390         0.0082603192         0.2768803306
       199     99.50000000     2      -187.9163795820         0.0083286322         0.2900006039
       200    100.00000000     2      -187.9217219490         0.0087255985         0.2617541429
       201    100.50000000     2      -187.9270746720         0.0090944950         0.2467878417
       202    101.00000000     2      -187.9286920890         0.0092264893         0.2691549779
       203    101.50000000     2      -187.9286788470         0.0092174659         0.2917508325
       204    102.00000000     2      -187.9304946650         0.0092417676         0.2855367675
       205    102.50000000     2      -187.9344375730         0.0093279211         0.2512105742
       206    103.00000000     2      -187.9378741500         0.0093599203         0.2063262482
       207    103.50000000     2      -187.9381033460         0.0092136308         0.1708604572
       208    104.00000000     2      -187.9341311540         0.0088363211         0.1585311087
       209    104.50000000     2      -187.9266889000         0.0082478458         0.1715658558
       210    105.00000000     2      -187.9177628550         0.0075353967         0.2008261662
       211    105.50000000     2      -187.9102557660         0.0068732811         0.2318959025
       212    106.00000000     2      -187.9072764400         0.0065138038         0.2501890261
       213    106.50000000     2      -187.9106700070         0.0066425387         0.2467884383
       214    107.00000000     2      -187.9197542000         0.0071909067         0.2231164488
       215    107.50000000     2      -187.9315470040         0.0078975733         0.1892356007
       216    108.00000000     2      -187.9420567880         0.0085005116         0.1604743780
       217    108.50000000     2      -187.9473973060         0.0088071122         0.1613789151
       218    109.00000000     2      -187.9449590870         0.0087033210         0.2121308883
       219    109.50000000     2      -187.9357353020         0.0082294514         0.2913516026
       220    110.00000000     2      -187.9259798690         0.0076887801         0.3489470741
       221    110.50000000     2      -187.9225592180         0.0074728305         0.3464836839
       222    111.00000000     2      -187.9247975230         0.0075660729         0.3024162443
       223    111.50000000     2      -187.9268169810         0.0076335985         0.2800774729
       224    112.00000000     2      -187.9271513260         0.0076028975         0.2946569518
       225    112.50000000     2      -187.9296734970         0.0077189700         0.2983953207
       226    113.00000000     2      -187.9363518590         0.0081046400         0.2660067504
       227    113.50000000     2      -187.9436193980         0.0085418170         0.2155166520
       228    114.00000000     2      -187.9463107450         0.0087361643         0.1818501472
       229    114.50000000     2      -187.9420340330         0.0085462528         0.1854330710
       230    115.00000000     2      -187.9317840110         0.0079851347         0.2156095061
       231    115.50000000     2      -187.9187445780         0.0071743243         0.2523494069
       232    116.00000000     2      -187.9070279690         0.0063402438         0.2807141839
       233    116.50000000     2      -187.9002237660         0.0057952455         0.2913735767
       234    117.00000000     2      -187.8998799840         0.0057784593         0.2839577485
       235    117.50000000     2      -187.9051420980         0.0062494185         0.2669817581
       236    118.00000000     2      -187.9138905020         0.0069738747         0.2500446966
       237    118.50000000     2      -187.9239694370         0.0077420191         0.2363145641
       238    119.00000000     2      -187.9334112000         0.0084166470         0.2238907085
       239    119.50000000     2      -187.9400710300         0.0088915935         0.2139438950
       240    120.00000000     2      -187.9417764470         0.0090793754         0.2175101626
       241    120.50000000     2      -187.9377511850         0.0089615716         0.2458597908
       242    121.00000000     2      -187.9304698240         0.0086674221         0.2843663757
       243    121.50000000     2      -187.9246692120         0.0084402678         0.3013904516
       244    122.00000000     2      -187.9225244910         0.0084038690         0.2913427917
       245    122.50000000     2      -187.9219280480         0.0084564037         0.2868350558
       246    123.00000000     2      -187.9213767670         0.0085182684         0.3028330635
       247    123.50000000     2      -187.9225799750         0.0086643941         0.3054371416
       248    124.00000000     2      -187.9261078240         0.0089035311         0.2704314152
       249    124.50000000     2      -187.9283434950         0.0090427019         0.2158051943
       250    125.00000000     2      -187.9250375980         0.0088688082         0.1810241171
       251    125.50000000     2      -187.9153833910         0.0083214843         0.1871046304
       252    126.00000000     2      -187.9021872690         0.0075078007         0.2161143804
       253    126.50000000     2      -187.8898991890         0.0066674320         0.2434747661
       254    127.00000000     2      -187.8824289910         0.0061143223         0.2565109923
       255    127.50000000     2      -187.8815251880         0.0060731158         0.2534691646
       256    128.00000000     2      -187.8864921660         0.0065002740         0.2401478600
       257    128.50000000     2      -187.8952061390         0.0071663587         0.2236766087
       258    129.00000000     2      -187.9052238900         0.0078546816         0.2080803811
       259    129.50000000     2      -187.9141439510         0.0084153348         0.1963995009
       260    130.00000000     2      -187.9196040430         0.0087378198         0.1967654569
       261    130.50000000     2      -187.9198532930         0.0087507749         0.2209722677
       262    131.00000000     2      -187.9153000720         0.0084788440         0.2656893274
       263    131.50000000     2      -187.9095555460         0.0081019160         0.3039434457
       264    132.00000000     2      -187.9069942460         0.0078605984         0.3087074383
       265    132.50000000     2      -187.9080108130         0.0077947857         0.2841121884
       266    133.00000000     2      -187.9091204790         0.0077220339         0.2680084096
       267    133.50000000     2      -187.9087709020         0.0075679627         0.2799883240
       268    134.00000000     2      -187.9098832550         0.0075192491         0.2842165042
       269    134.50000000     2      -187.9146680280         0.0077190122         0.2489464084
       270    135.00000000     2      -187.9199122950         0.0079768625         0.1908353423
       271    135.50000000     2      -187.9203152350         0.0079859481         0.1589499382
       272    136.00000000     2      -187.9138325960         0.0076120967         0.1791848222
       273    136.50000000     2      -187.9026051630         0.0069314221         0.2217094758
       274    137.00000000     2      -187.8909587180         0.0061756509         0.2575109081
       275    137.50000000     2      -187.8829472410         0.0056588586         0.2746223285
       276    138.00000000     2      -187.8804850150         0.0056070450         0.2732125202
       277    138.50000000     2      -187.8830350200         0.0059827528         0.2623288652
       278    139.00000000     2      -187.8888386450         0.0065799393         0.2522433122
       279    139.50000000     2      -187.8962424440         0.0072255492         0.2472289129
       280    140.00000000     2      -187.9040532280         0.0078238330         0.2455664169
       281    140.50000000     2      -187.9111475620         0.0083103133         0.2448447665
       282    141.00000000     2      -187.9160739900         0.0086157176         0.2469050662
       283    141.50000000     2      -187.9172424480         0.0086681817         0.2594581666
       284    142.00000000     2      -187.9140212920         0.0084395634         0.2894918009
       285    142.50000000     2      -187.9083257780         0.0080274316         0.3279820168
       286    143.00000000     2      -187.9045836960         0.0076851733         0.3471291180
       287    143.50000000     2      -187.9059230790         0.0076327751         0.3272857285
       288    144.00000000     2      -187.9106154330         0.0078134257         0.2885968749
       289    144.50000000     2      -187.9153489470         0.0080569931         0.2682670784
       290    145.00000000     2      -187.9197123410         0.0083275172         0.2564107053
       291    145.50000000     2      -187.9237597330         0.0085967241         0.2268758539
       292    146.00000000     2      -187.9250276150         0.0087138287         0.1950068862
       293    146.50000000     2      -187.9212122750         0.0085465059         0.1922863126
       294    147.00000000     2      -187.9131987590         0.0081200260         0.2147477425
       295    147.50000000     2      -187.9043322450         0.0075993691         0.2368262127
       296    148.00000000     2      -187.8978838710         0.0071865047         0.2449423299
       297    148.50000000     2      -187.8953294630         0.0070072325         0.2390471225
       298    149.00000000     2      -187.8963307690         0.0070618004         0.2256224477
       299    149.50000000     2      -187.8997437370         0.0072743917         0.2111366397
       300    150.00000000     2      -187.9044634160         0.0075655519         0.1987032419
       301    150.50000000     2      -187.9095943830         0.0078749838         0.1891367510
       302    151.00000000     2      -187.9142362120         0.0081488626         0.1841589337
       303    151.50000000     2      -187.9173838890         0.0083311249         0.1881760479
       304    152.00000000     2      -187.9182450130         0.0083769012         0.2053085372
       305    152.50000000     2      -187.9169097710         0.0082848655         0.2326691457
       306    153.00000000     2      -187.9148061610         0.0081253395         0.2582931840
       307    153.50000000     2      -187.9140388790         0.0080164204         0.2678125887
       308    154.00000000     2      -187.9155238790         0.0080246715         0.2576552228
       309    154.50000000     2      -187.9180528610         0.0081040263         0.2448145245
       310    155.00000000     2      -187.9203002570         0.0081958585         0.2454694553
       311    155.50000000     2      -187.9227515100         0.0083213183         0.2428060621
       312    156.00000000     2      -187.9256695720         0.0084748123         0.2170429928
       313    156.50000000     2      -187.9268302090         0.0085232001         0.1825265814
       314    157.00000000     2      -187.9236398480         0.0083206971         0.1732213723
       315    157.50000000     2      -187.9162654720         0.0078595979         0.1943919689
       316    158.00000000     2      -187.9076372960         0.0072891232         0.2203824350
       317    158.50000000     2      -187.9011284430         0.0068283700         0.2338217742
       318    159.00000000     2      -187.8984642030         0.0066320375         0.2328393059
       319    159.50000000     2      -187.8993086950         0.0067014794         0.2245911662
       320    160.00000000     2      -187.9022514050         0.0069303015         0.2179499259
       321    160.50000000     2      -187.9059627380         0.0072118955         0.2178309725
       322    161.00000000     2      -187.9097044770         0.0074894176         0.2242161623
       323    161.50000000     2      -187.9132619920         0.0077471689         0.2350398063
       324    162.00000000     2      -187.9167316380         0.0079903058         0.2480910923
       325    162.50000000     2      -187.9203605830         0.0082305586         0.2601244019
       326    163.00000000     2      -187.9242462300         0.0084671411         0.2667706880
       327    163.50000000     2      -187.9277925690         0.0086608847         0.2674989244
       328    164.00000000     2      -187.9296664730         0.0087412266         0.2711089531
       329    164.50000000     2      -187.9292199090         0.0086822695         0.2853756181
       330    165.00000000     2      -187.9280839300         0.0085800810         0.2971148420
       331    165.50000000     2      -187.9288185790         0.0085859823         0.2852185679
       332    166.00000000     2      -187.9315582100         0.0087249291         0.2509879170
       333    166.50000000     2      -187.9336215020         0.0088600877         0.2173654651
       334    167.00000000     2      -187.9321247290         0.0088303274         0.2062281718
       335    167.50000000     2      -187.9259790140         0.0085550836         0.2234737064
       336    168.00000000     2      -187.9165285480         0.0080693886         0.2564024357
       337    168.50000000     2      -187.9070343960         0.0075231554         0.2851622820
       338    169.00000000     2      -187.9008847590         0.0071186559         0.2958931359
       339    169.50000000     2      -187.8996067590         0.0069802210         0.2859952325
       340    170.00000000     2      -187.9023341270         0.0070685183         0.2632137174
       341    170.50000000     2      -187.9070132200         0.0072505197         0.2392801459
       342    171.00000000     2      -187.9119397520         0.0074227574         0.2217072430
       343    171.50000000     2      -187.9163484690         0.0075534321         0.2111691280
       344    172.00000000     2      -187.9201446070         0.0076579847         0.2060279776
       345    172.50000000     2      -187.9235255380         0.0077684392         0.2063646810
       346    173.00000000     2      -187.9268764540         0.0079189850         0.2121397044
       347    173.50000000     2      -187.9307243590         0.0081344411         0.2190382431
       348    174.00000000     2      -187.9353478260         0.0084060730         0.2203871568
       349    174.50000000     2      -187.9402497620         0.0086760285         0.2147766451
       350    175.00000000     2      -187.9443686380         0.0088692652         0.2081609422
       351    175.50000000     2      -187.9471088170         0.0089542355         0.2047401589
       352    176.00000000     2      -187.9488130940         0.0089603024         0.1996306989
       353    176.50000000     2      -187.9498659440         0.0089240319         0.1861508543
       354    177.00000000     2      -187.9496186010         0.0088259973         0.1668348280
       355    177.50000000     2      -187.9466061120         0.0085932679         0.1565809347
       356    178.00000000     2      -187.9398822380         0.0081614697         0.1695890013
       357    178.50000000     2      -187.9300991670         0.0075343809         0.2002242877
       358    179.00000000     2      -187.9194372760         0.0068082834         0.2335333268
       359    179.50000000     2      -187.9106831150         0.0061668157         0.2588657529
       360    180.00000000     2      -187.9060390640         0.0058239381         0.2698908832
       361    180.50000000     2      -187.9060388650         0.0058770851         0.2662358694
       362    181.00000000     2      -187.9093481510         0.0062144966         0.2553025257
       363    181.50000000     2      -187.9138452190         0.0066393608         0.2469013373
       364    182.00000000     2      -187.9179341630         0.0070214203         0.2458974436
       365    182.50000000     2      -187.9210325710         0.0073233055         0.2516577461
       366    183.00000000     2      -187.9234035210         0.0075681082         0.2614083336
       367    183.50000000     2      -187.9258790500         0.0078102991         0.2706237867
       368    184.00000000     2      -187.9294582380         0.0081053882         0.2721442804
       369    184.50000000     2      -187.9345075490         0.0084636122         0.2597193213
       370    185.00000000     2      -187.9400293240         0.0088222015         0.2354112812
       371    185.50000000     2      -187.9441151880         0.0090857257         0.2122754600
       372    186.00000000     2      -187.9455484570         0.0092053714         0.2027281991
       373    186.50000000     2      -187.9447445550         0.0092112873         0.2020240058
       374    187.00000000     2      -187.9428071510         0.0091623974         0.1975123382
       375    187.50000000     2      -187.9400444420         0.0090759838         0.1883647175
       376    188.00000000     2      -187.9359173550         0.0089221231         0.1837815645
       377    188.50000000     2      -187.9300405620         0.0086693960         0.1885694478
       378    189.00000000     2      -187.9226354000         0.0083099344         0.2010332122
       379    189.50000000     2      -187.9143864970         0.0078605684         0.2211372580
       380    190.00000000     2      -187.9066509960         0.0073874479         0.2464457975
       381    190.50000000     2      -187.9016334610         0.0070347349         0.2648718586
       382    191.00000000     2      -187.9012482600         0.0069572118         0.2634785564
       383    191.50000000     2      -187.9053958230         0.0071705592         0.2416241811
       384    192.00000000     2      -187.9119569410         0.0075342933         0.2109869402
       385    192.50000000     2      -187.9185035690         0.0078935115         0.1849676980
       386    193.00000000     2      -187.9236177950         0.0081710312         0.1705256125
       387    193.50000000     2      -187.9270103220         0.0083609370         0.1681034709
       388    194.00000000     2      -187.9291499940         0.0084971998         0.1743098884
       389    194.50000000     2      -187.9309137290         0.0086301500         0.1827995918
       390    195.00000000     2      -187.9331445260         0.0088008234         0.1865144221
       391    195.50000000     2      -187.9360981070         0.0090130334         0.1823533451
       392    196.00000000     2      -187.9392262360         0.0092281657         0.1733417248
       393    196.50000000     2      -187.9415393680         0.0093899103         0.1655585278
       394    197.00000000     2      -187.9421099630         0.0094503715         0.1643550730
       395    197.50000000     2      -187.9403545360         0.0093804483         0.1737827176
       396    198.00000000     2      -187.9362876840         0.0091776602         0.1941673847
       397    198.50000000     2      -187.9307654560         0.0088764983         0.2181111871
       398    199.00000000     2      -187.9251793760         0.0085378157         0.2341538907
       399    199.50000000     2      -187.9204418610         0.0082024228         0.2359372776
       400    200.00000000     2      -187.9162603170         0.0078503974         0.2277441847
       401    200.50000000     2      -187.9117321240         0.0074271771         0.2214421604
       402    201.00000000     2      -187.9067560100         0.0069261416         0.2255362573
       403    201.50000000     2      -187.9027662410         0.0064552956         0.2359482264
       404    202.00000000     2      -187.9019375230         0.0062125309         0.2410025596
       405    202.50000000     2      -187.9054601520         0.0063335991         0.2339446444
       406    203.00000000     2      -187.9125461060         0.0067566222         0.2186401577
       407    203.50000000     2      -187.9211191900         0.0073013663         0.2054032488
       408    204.00000000     2      -187.9293221530         0.0078297357         0.2016805592
       409    204.50000000     2      -187.9364510130         0.0082996121         0.2052512470
       410    205.00000000     2      -187.9427973610         0.0087281828         0.2066899036
       411    205.50000000     2      -187.9487283370         0.0091297313         0.1979416961
       412    206.00000000     2      -187.9538369700         0.0094761099         0.1784197609
       413    206.50000000     2      -187.9569172030         0.0097040160         0.1551840164
       414    207.00000000     2      -187.9566526850         0.0097490062         0.1391295388
       415    207.50000000     2      -187.9523260330         0.0095726169         0.1397037640
       416    208.00000000     2      -187.9442330940         0.0091775063         0.1582365077
       417    208.50000000     2      -187.9338681260         0.0086223006         0.1859262821
       418    209.00000000     2      -187.9236703040         0.0080281429         0.2095436641
       419    209.50000000     2      -187.9159533980         0.0075405462         0.2188663611
       420    210.00000000     2      -187.9114962900         0.0072364222         0.2133536010
       421    210.50000000     2      -187.9091853060         0.0070634665         0.2036491484
       422    211.00000000     2      -187.9071916370         0.0068989675         0.2041764297
       423    211.50000000     2      -187.9045416850         0.0066634336         0.2205359957
       424    212.00000000     2      -187.9018827690         0.0063891891         0.2445223660
       425    212.50000000     2      -187.9010557920         0.0062134796         0.2615130054
       426    213.00000000     2      -187.9036155930         0.0062746154         0.2606108938
       427    213.50000000     2      -187.9093137470         0.0065689117         0.2423628051
       428    214.00000000     2      -187.9161245460         0.0069532816         0.2200995353
       429    214.50000000     2      -187.9219647210         0.0072949783         0.2107143431
       430    215.00000000     2      -187.9263938800         0.0075763538         0.2178242369
       431    215.50000000     2      -187.9307805000         0.0078803546         0.2279659040
       432    216.00000000     2      -187.9368909260         0.0082926849         0.2256347890
       433    216.50000000     2      -187.9450760090         0.0088023454         0.2042150905
       434    217.00000000     2      -187.9535715230         0.0092931204         0.1675948225
       435    217.50000000     2      -187.9594436130         0.0096196001         0.1294441967
       436    218.00000000     2      -187.9602735370         0.0096819411         0.1143619534
       437    218.50000000     2      -187.9553985900         0.0094587125         0.1383087572
       438    219.00000000     2      -187.9462553360         0.0090128861         0.1817026346
       439    219.50000000     2      -187.9358099790         0.0084813105         0.2207501315
       440    220.00000000     2      -187.9271301160         0.0080278580         0.2424767161
       441    220.50000000     2      -187.9217503540         0.0077534880         0.2446187293
       442    221.00000000     2      -187.9191278190         0.0076345580         0.2341469615
       443    221.50000000     2      -187.9176095870         0.0075653679         0.2212678797
       444    222.00000000     2      -187.9158159200         0.0074514578         0.2129146190
       445    222.50000000     2      -187.9133676070         0.0072638857         0.2106214656
       446    223.00000000     2      -187.9108697300         0.0070457147         0.2117973965
       447    223.50000000     2      -187.9094339730         0.0068889833         0.2117895429
       448    224.00000000     2      -187.9099493020         0.0068828234         0.2070951808
       449    224.50000000     2      -187.9125129880         0.0070564467         0.1989754251
       450    225.00000000     2      -187.9165682720         0.0073764797         0.1929923371
       451    225.50000000     2      -187.9216754950         0.0078015540         0.1925033971
       452    226.00000000     2      -187.9280584760         0.0083188954         0.1938665455
       453    226.50000000     2      -187.9362422760         0.0089207443         0.1899899840
       454    227.00000000     2      -187.9460009730         0.0095549605         0.1762746337
       455    227.50000000     2      -187.9555562620         0.0101083588         0.1549943891
       456    228.00000000     2      -187.9619907030         0.0104447862         0.1374753084
       457    228.50000000     2      -187.9627776180         0.0104658387         0.1401948137
       458    229.00000000     2      -187.9572445040         0.0101524827         0.1716349096
       459    229.50000000     2      -187.9471335500         0.0095765891         0.2176519817
       460    230.00000000     2      -187.9359870410         0.0088868534         0.2515596556
       461    230.50000000     2      -187.9272315360         0.0082602110         0.2626346007
       462    231.00000000     2      -187.9223817420         0.0078191922         0.2542848604
       463    231.50000000     2      -187.9208562300         0.0075763017         0.2368007940
       464    232.00000000     2      -187.9211406520         0.0074652257         0.2209104615
       465    232.50000000     2      -187.9219221090         0.0074112573         0.2123670765
       466    233.00000000     2      -187.9224334150         0.0073675535         0.2141427096
       467    233.50000000     2      -187.9224773880         0.0073252898         0.2353194854
       468    234.00000000     2      -187.9227490920         0.0073195415         0.2629121056
       469    234.50000000     2      -187.9242166340         0.0073994307         0.2817129487
       470    235.00000000     2      -187.9271148260         0.0075714516         0.2889869236
       471    235.50000000     2      -187.9305562700         0.0077747970         0.2882128308
       472    236.00000000     2      -187.9330075480         0.0079161936         0.2869425839
       473    236.50000000     2      -187.9335146880         0.0079438146         0.2922873651
       474    237.00000000     2      -187.9329691520         0.0079198273         0.3032710970
       475    237.50000000     2      -187.9332870120         0.0080340472         0.2950454695
       476    238.00000000     2      -187.9368467640         0.0084282153         0.2851829014
       477    238.50000000     2      -187.9441880960         0.0089866326         0.2399669566
       478    239.00000000     2      -187.9501049910         0.0094084264         0.1836387559
       479    239.50000000     2      -187.9497267050         0.0094690533         0.1589495180
       480    240.00000000     2      -187.9423953980         0.0091468822         0.1805550276
       481    240.50000000     2      -187.9312807080         0.0085880885         0.2157376903
       482    241.00000000     2      -187.9206326350         0.0080140913         0.2391497572
       483    241.50000000     2      -187.9131921120         0.0076082128         0.2456252255
       484    242.00000000     2      -187.9093258950         0.0074278334         0.2415973489
       485    242.50000000     2      -187.9079339050         0.0074152071         0.2359432988
       486    243.00000000     2      -187.9077784300         0.0074816135         0.2335353403
       487    243.50000000     2      -187.9081535470         0.0075683850         0.2349892626
       488    244.00000000     2      -187.9089438820         0.0076597093         0.2394315100
       489    244.50000000     2      -187.9105160290         0.0077767302         0.2454606050
       490    245.00000000     2      -187.9135701190         0.0079653434         0.2502103479
       491    245.50000000     2      -187.9187878030         0.0082685089         0.2490925449
       492    246.00000000     2      -187.9262006480         0.0086841779         0.2373128793
       493    246.50000000     2      -187.9345320600         0.0091363403         0.2130587287
       494    247.00000000     2      -187.9410827490         0.0094895444         0.1841045306
       495    247.50000000     2      -187.9428495220         0.0096138514         0.1757149527
       496    248.00000000     2      -187.9389169270         0.0094827453         0.2076414755
       497    248.50000000     2      -187.9322752950         0.0092439122         0.2536478890
       498    249.00000000     2      -187.9279170860         0.0091356587         0.2762697608
       499    249.50000000     2      -187.9276744300         0.0092301808         0.2661604686
       500    250.00000000     2      -187.9283821390         0.0093399188         0.2444118235
       501    250.50000000     2      -187.9260943650         0.0092476015         0.2348641431
       502    251.00000000     2      -187.9200464630         0.0088995992         0.2372304341
       503    251.50000000     2      -187.9121618390         0.0083839724         0.2375256009
       504    252.00000000     2      -187.9045287190         0.0078202276         0.2295053337
       505    252.50000000     2      -187.8980459610         0.0072842164         0.2171066442
       506    253.00000000     2      -187.8926939930         0.0068017861         0.2069490730
       507    253.50000000     2      -187.8882271790         0.0063770452         0.2028544517
       508    254.00000000     2      -187.8845103970         0.0060145826         0.2059454281
       509    254.50000000     2      -187.8816267970         0.0057332120         0.2166493418
       510    255.00000000     2      -187.8800725640         0.0055871856         0.2339672418
       511    255.50000000     2      -187.8809719560         0.0056804309         0.2526961764
       512    256.00000000     2      -187.8858302620         0.0061149759         0.2633008202
       513    256.50000000     2      -187.8954660510         0.0068740242         0.2564463503
       514    257.00000000     2      -187.9086653630         0.0077800609         0.2291424556
       515    257.50000000     2      -187.9218532990         0.0085819466         0.1890534345
       516    258.00000000     2      -187.9304460180         0.0090609698         0.1580698313
       517    258.50000000     2      -187.9311838600         0.0090958131         0.1674506599
       518    259.00000000     2      -187.9242498160         0.0087097845         0.2171831761
       519    259.50000000     2      -187.9140200890         0.0081175776         0.2718627736
       520    260.00000000     2      -187.9068409790         0.0076825868         0.2975216641
       521    260.50000000     2      -187.9058849700         0.0076384504         0.2833498376
       522    261.00000000     2      -187.9086009430         0.0078483246         0.2520943273
       523    261.50000000     2      -187.9105217220         0.0080301861         0.2360560303
       524    262.00000000     2      -187.9095818260         0.0080453927         0.2414104119
       525    262.50000000     2      -187.9062093030         0.0078995532         0.2546551188
       526    263.00000000     2      -187.9015533150         0.0076408013         0.2667156011
       527    263.50000000     2      -187.8965096200         0.0073064929         0.2755756754
       528    264.00000000     2      -187.8916123240         0.0069168969         0.2819550672
       529    264.50000000     2      -187.8871831530         0.0064841148         0.2878445090
       530    265.00000000     2      -187.8835801150         0.0060304471         0.2957920655
       531    265.50000000     2      -187.8815652630         0.0056239217         0.3065956265
       532    266.00000000     2      -187.8825574150         0.0054137607         0.3163653657
       533    266.50000000     2      -187.8882728950         0.0055854170         0.3166282415
       534    267.00000000     2      -187.8995516770         0.0061884549         0.2990169979
       535    267.50000000     2      -187.9150980910         0.0070462970         0.2608612483
       536    268.00000000     2      -187.9313247550         0.0078830040         0.2073383159
       537    268.50000000     2      -187.9435576960         0.0084591520         0.1523820437
       538    269.00000000     2      -187.9477846000         0.0086148029         0.1277992916
       539    269.50000000     2      -187.9423299400         0.0082832737         0.1658545790
       540    270.00000000     2      -187.9293478110         0.0075420918         0.2379418498
       541    270.50000000     2      -187.9151246530         0.0067049058         0.3020406981
       542    271.00000000     2      -187.9069629400         0.0062815550         0.3300765590
       543    271.50000000     2      -187.9075866940         0.0065260996         0.3167232544
       544    272.00000000     2      -187.9135396750         0.0071245729         0.2802390302
       545    272.50000000     2      -187.9195125590         0.0076539568         0.2430092221
       546    273.00000000     2      -187.9223787950         0.0079251123         0.2165710110
       547    273.50000000     2      -187.9216719570         0.0079318145         0.2022249419
       548    274.00000000     2      -187.9183622760         0.0077405778         0.1966642904
       549    274.50000000     2      -187.9137299610         0.0074282269         0.1965560561
       550    275.00000000     2      -187.9088023400         0.0070570938         0.2011294873
       551    275.50000000     2      -187.9043305880         0.0066778828         0.2119533306
       552    276.00000000     2      -187.9011431990         0.0063574011         0.2297367643
       553    276.50000000     2      -187.9005381880         0.0062120490         0.2502727791
       554    277.00000000     2      -187.9041892220         0.0063886786         0.2638633023
       555    277.50000000     2      -187.9132021750         0.0069494382         0.2599207126
       556    278.00000000     2      -187.9267892440         0.0077769159         0.2336496366
       557    278.50000000     2      -187.9418366760         0.0086387050         0.1901216635
       558    279.00000000     2      -187.9540395490         0.0093150427         0.1445416299
       559    279.50000000     2      -187.9597316180         0.0096643559         0.1219987571
       560    280.00000000     2      -187.9571834150         0.0096304584         0.1416276874
       561    280.50000000     2      -187.9471360020         0.0092407571         0.1898385787
       562    281.00000000     2      -187.9329298770         0.0086281703         0.2445637403
       563    281.50000000     2      -187.9198629880         0.0080516212         0.2865679307
       564    282.00000000     2      -187.9127035580         0.0077990136         0.3016834556
       565    282.50000000     2      -187.9124888290         0.0079458122         0.2918815727
       566    283.00000000     2      -187.9162956920         0.0082897586         0.2744176738
       567    283.50000000     2      -187.9202900570         0.0085816676         0.2645797111
       568    284.00000000     2      -187.9222904430         0.0086957389         0.2629395216
       569    284.50000000     2      -187.9220305720         0.0086221725         0.2616328000
       570    285.00000000     2      -187.9202558720         0.0084061170         0.2562959466
       571    285.50000000     2      -187.9179119180         0.0081067715         0.2480686573
       572    286.00000000     2      -187.9158828520         0.0077894511         0.2402748318
       573    286.50000000     2      -187.9151503250         0.0075393795         0.2350515525
       574    287.00000000     2      -187.9168830130         0.0074667336         0.2321187640
       575    287.50000000     2      -187.9218175680         0.0076369200         0.2351189950
       576    288.00000000     2      -187.9295721660         0.0080188598         0.2406765188
       577    288.50000000     2      -187.9398868590         0.0085408421         0.2254314725
       578    289.00000000     2      -187.9505640680         0.0090820440         0.2007126323
       579    289.50000000     2      -187.9585479210         0.0094878784         0.1801911392
       580    290.00000000     2      -187.9611755240         0.0096386379         0.1760831195
       581    290.50000000     2      -187.9569180540         0.0094616917         0.1946106516
       582    291.00000000     2      -187.9458894250         0.0089381309         0.2341348678
       583    291.50000000     2      -187.9304950160         0.0081411267         0.2858330644
       584    292.00000000     2      -187.9156777590         0.0073043888         0.3325975385
       585    292.50000000     2      -187.9071160320         0.0068083472         0.3538539215
       586    293.00000000     2      -187.9073004940         0.0068922668         0.3391908959
       587    293.50000000     2      -187.9134884940         0.0073632747         0.2952918252
       588    294.00000000     2      -187.9205726940         0.0078444829         0.2414823471
       589    294.50000000     2      -187.9250110530         0.0081157034         0.1983904085
       590    295.00000000     2      -187.9258214790         0.0081381822         0.1740845592
       591    295.50000000     2      -187.9235968140         0.0079569749         0.1670584672
       592    296.00000000     2      -187.9193954650         0.0076340753         0.1743810431
       593    296.50000000     2      -187.9143306640         0.0072329959         0.1939688024
       594    297.00000000     2      -187.9097466120         0.0068401618         0.2214944429
       595    297.50000000     2      -187.9074462010         0.0065916776         0.2483745997
       596    298.00000000     2      -187.9093689250         0.0066455469         0.2636231141
       597    298.50000000     2      -187.9165211550         0.0070651840         0.2587257864
       598    299.00000000     2      -187.9278918000         0.0077361297         0.2328582422
       599    299.50000000     2      -187.9405418510         0.0084435592         0.1939181250
       600    300.00000000     2      -187.9509175170         0.0089967397         0.1544895316
       601    300.50000000     2      -187.9561315910         0.0092736668         0.1284986070
       602    301.00000000     2      -187.9544486540         0.0092046397         0.1304053908
       603    301.50000000     2      -187.9454738570         0.0087566989         0.1645836895
       604    302.00000000     2      -187.9307419430         0.0079592802         0.2183152495
       605    302.50000000     2      -187.9143736200         0.0069798342         0.2711917641
       606    303.00000000     2      -187.9021906990         0.0061887465         0.3014490715
       607    303.50000000     2      -187.8983483920         0.0059957477         0.2963233961
       608    304.00000000     2      -187.9022319050         0.0064041467         0.2627847246
       609    304.50000000     2      -187.9095056220         0.0070197503         0.2231840901
       610    305.00000000     2      -187.9158901610         0.0075128343         0.1974870609
       611    305.50000000     2      -187.9193175220         0.0077637518         0.1899303943
       612    306.00000000     2      -187.9196022260         0.0077731704         0.1936596760
       613    306.50000000     2      -187.9174288280         0.0075812158         0.2027928762
       614    307.00000000     2      -187.9138591590         0.0072453377         0.2151378444
       615    307.50000000     2      -187.9103608180         0.0068586595         0.2286052951
       616    308.00000000     2      -187.9088280890         0.0065721130         0.2386052149
       617    308.50000000     2      -187.9111008270         0.0065616324         0.2387445960
       618    309.00000000     2      -187.9179451410         0.0069073792         0.2245686173
       619    309.50000000     2      -187.9282170210         0.0075058208         0.1984106298
       620    310.00000000     2      -187.9391776300         0.0081491951         0.1704342691
       621    310.50000000     2      -187.9478206690         0.0086570327         0.1527983547
       622    311.00000000     2      -187.9519844190         0.0089244886         0.1518181789
       623    311.50000000     2      -187.9506337750         0.0089066078         0.1672436414
       624    312.00000000     2      -187.9437846070         0.0085979859         0.1967576830
       625    312.50000000     2      -187.9325754460         0.0080358766         0.2367490280
       626    313.00000000     2      -187.9194609910         0.0073305284         0.2811076074
       627    313.50000000     2      -187.9081800120         0.0067106325         0.3194537981
       628    314.00000000     2      -187.9028043580         0.0064938369         0.3363222451
       629    314.50000000     2      -187.9053078400         0.0068301697         0.3199666359
       630    315.00000000     2      -187.9135666410         0.0074940358         0.2757019900
       631    315.50000000     2      -187.9228563460         0.0081293058         0.2239987284
       632    316.00000000     2      -187.9292890610         0.0085247074         0.1849688253
       633    316.50000000     2      -187.9313055450         0.0086261409         0.1677646780
       634    317.00000000     2      -187.9289840380         0.0084504535         0.1718751014
       635    317.50000000     2      -187.9231612410         0.0080338399         0.1936550055
       636    318.00000000     2      -187.9153984710         0.0074444002         0.2273965968
       637    318.50000000     2      -187.9084189360         0.0068417951         0.2618541165
       638    319.00000000     2      -187.9057768550         0.0065043235         0.2813554400
       639    319.50000000     2      -187.9099172950         0.0066691865         0.2747646090
       640    320.00000000     2      -187.9200965190         0.0072741158         0.2441005315
       641    320.50000000     2      -187.9326937230         0.0080244261         0.2023887087
       642    321.00000000     2      -187.9435201200         0.0086580426         0.1653829623
       643    321.50000000     2      -187.9496394220         0.0090395692         0.1471106225
       644    322.00000000     2      -187.9497769090         0.0091251510         0.1546091654
       645    322.50000000     2      -187.9439754490         0.0089158648         0.1828208856
       646    323.00000000     2      -187.9332208360         0.0084351062         0.2229881283
       647    323.50000000     2      -187.9194060670         0.0077384209         0.2692285046
       648    324.00000000     2      -187.9056638190         0.0069661430         0.3145025840
       649    324.50000000     2      -187.8963378370         0.0064069861         0.3450811804
       650    325.00000000     2      -187.8951599320         0.0063880974         0.3454970393
       651    325.50000000     2      -187.9021878950         0.0069132930         0.3140130733
       652    326.00000000     2      -187.9133659010         0.0076309481         0.2679905773
       653    326.50000000     2      -187.9237710970         0.0082129429         0.2296417627
       654    327.00000000     2      -187.9304932870         0.0085201875         0.2095374227
       655    327.50000000     2      -187.9328527780         0.0085400307         0.2046370339
       656    328.00000000     2      -187.9313649020         0.0083053704         0.2083709706
       657    328.50000000     2      -187.9270641090         0.0078655351         0.2178511311
       658    329.00000000     2      -187.9215645630         0.0073094117         0.2318075544
       659    329.50000000     2      -187.9172643730         0.0068089957         0.2442568533
       660    330.00000000     2      -187.9166087860         0.0065918689         0.2460679878
       661    330.50000000     2      -187.9204214360         0.0067727830         0.2359588166
       662    331.00000000     2      -187.9271995360         0.0072343237         0.2230343367
       663    331.50000000     2      -187.9342306600         0.0077484443         0.2156482005
       664    332.00000000     2      -187.9390250300         0.0081326128         0.2157744754
       665    332.50000000     2      -187.9400889030         0.0082928940         0.2230442579
       666    333.00000000     2      -187.9372274270         0.0082144179         0.2351794967
       667    333.50000000     2      -187.9313641500         0.0079395171         0.2469584704
       668    334.00000000     2      -187.9238378960         0.0075351036         0.2541002150
       669    334.50000000     2      -187.9157367050         0.0070659062         0.2587014346
       670    335.00000000     2      -187.9080911800         0.0066129616         0.2673272056
       671    335.50000000     2      -187.9027191350         0.0063313752         0.2783528176
       672    336.00000000     2      -187.9019815970         0.0064142944         0.2775835204
       673    336.50000000     2      -187.9067158410         0.0068879656         0.2547610756
       674    337.00000000     2      -187.9149186130         0.0075423801         0.2167627578
       675    337.50000000     2      -187.9232549630         0.0081354875         0.1809080314
       676    338.00000000     2      -187.9292620200         0.0085387633         0.1600940323
       677    338.50000000     2      -187.9318290340         0.0087146605         0.1566294989
       678    339.00000000     2      -187.9304893280         0.0086497872         0.1696675552
       679    339.50000000     2      -187.9251708880         0.0083354059         0.2002818054
       680    340.00000000     2      -187.9170637520         0.0078201224         0.2431971036
       681    340.50000000     2      -187.9095383260         0.0072949246         0.2818150316
       682    341.00000000     2      -187.9069701250         0.0070718450         0.2980670347
       683    341.50000000     2      -187.9114149340         0.0073276583         0.2859952276
       684    342.00000000     2      -187.9207290260         0.0078978031         0.2540063804
       685    342.50000000     2      -187.9303187400         0.0084664325         0.2181673864
       686    343.00000000     2      -187.9362514250         0.0088184197         0.1956180413
       687    343.50000000     2      -187.9369560650         0.0088898216         0.1943440108
       688    344.00000000     2      -187.9329170800         0.0087104089         0.2078905535
       689    344.50000000     2      -187.9253757740         0.0083331727         0.2277617816
       690    345.00000000     2      -187.9154299380         0.0077955470         0.2529406678
       691    345.50000000     2      -187.9043117370         0.0071416125         0.2843472893
       692    346.00000000     2      -187.8943028410         0.0064964466         0.3142682430
       693    346.50000000     2      -187.8885405850         0.0060952067         0.3270231416
       694    347.00000000     2      -187.8889256790         0.0061233556         0.3131875248
       695    347.50000000     2      -187.8944576670         0.0065069349         0.2798485562
       696    348.00000000     2      -187.9023725870         0.0070167190         0.2434986762
       697    348.50000000     2      -187.9103718220         0.0074916157         0.2144905070
       698    349.00000000     2      -187.9172446930         0.0078692452         0.1915497945
       699    349.50000000     2      -187.9220547290         0.0081109802         0.1707658647
       700    350.00000000     2      -187.9235204440         0.0081576734         0.1571721894
       701    350.50000000     2      -187.9205244310         0.0079528661         0.1660419917
       702    351.00000000     2      -187.9135479960         0.0075186151         0.2010719086
       703    351.50000000     2      -187.9056925510         0.0070378254         0.2414259372
       704    352.00000000     2      -187.9014074970         0.0068240552         0.2638240032
       705    352.50000000     2      -187.9030853800         0.0070616307         0.2609700713
       706    353.00000000     2      -187.9090631280         0.0075934255         0.2434862705
       707    353.50000000     2      -187.9154325270         0.0081169887         0.2282794842
       708    354.00000000     2      -187.9192812300         0.0084476052         0.2222133489
       709    354.50000000     2      -187.9199119130         0.0085515260         0.2185636918
       710    355.00000000     2      -187.9177546910         0.0084565470         0.2105465628
       711    355.50000000     2      -187.9130663310         0.0081773117         0.2015891556
       712    356.00000000     2      -187.9059036440         0.0077102607         0.2024625474
       713    356.50000000     2      -187.8970408300         0.0070843026         0.2183408586
       714    357.00000000     2      -187.8885679630         0.0064192807         0.2403782700
       715    357.50000000     2      -187.8832461230         0.0059314107         0.2546430912
       716    358.00000000     2      -187.8829696750         0.0058241289         0.2545264801
       717    358.50000000     2      -187.8878380770         0.0061256298         0.2432430365
       718    359.00000000     2      -187.8965958730         0.0066906482         0.2274529470
       719    359.50000000     2      -187.9074712940         0.0073387024         0.2110926213
       720    360.00000000     2      -187.9184272580         0.0079176112         0.1960103487
       721    360.50000000     2      -187.9270468260         0.0082907743         0.1871329831
       722    361.00000000     2      -187.9308275930         0.0083305182         0.1956576299
       723    361.50000000     2      -187.9284330080         0.0079559610         0.2304076686
       724    362.00000000     2      -187.9216400380         0.0072291639         0.2812914345
       725    362.50000000     2      -187.9159929050         0.0064733320         0.3207882262
       726    363.00000000     2      -187.9174388260         0.0061944592         0.3231897929
       727    363.50000000     2      -187.9267925690         0.0065666400         0.2853250596
       728    364.00000000     2      -187.9389786510         0.0072109786         0.2305745369
       729    364.50000000     2      -187.9480322640         0.0077200125         0.1918952139
       730    365.00000000     2      -187.9510419390         0.0079380323         0.1869049916
       731    365.50000000     2      -187.9479639550         0.0078670950         0.2077972738
       732    366.00000000     2      -187.9399803500         0.0075500372         0.2412583836
       733    366.50000000     2      -187.9287546360         0.0070371482         0.2790014939
       734    367.00000000     2      -187.9164999470         0.0064107907         0.3136013397
       735    367.50000000     2      -187.9058466220         0.0058146096         0.3374225219
       736    368.00000000     2      -187.8990895270         0.0054366199         0.3455853874
       737    368.50000000     2      -187.8973830440         0.0054203558         0.3381952436
       738    369.00000000     2      -187.9006113620         0.0057712966         0.3188884956
       739    369.50000000     2      -187.9078189180         0.0063762610         0.2914190164
       740    370.00000000     2      -187.9175545920         0.0070894525         0.2578251449
       741    370.50000000     2      -187.9278970210         0.0077736514         0.2188759394
       742    371.00000000     2      -187.9364152670         0.0083003075         0.1761562660
       743    371.50000000     2      -187.9404265970         0.0085495161         0.1381484657
       744    372.00000000     2      -187.9378898280         0.0084338620         0.1311264067
       745    372.50000000     2      -187.9290137230         0.0079624451         0.1717197741
       746    373.00000000     2      -187.9175905170         0.0073357818         0.2282727233
       747    373.50000000     2      -187.9097916430         0.0069595390         0.2667318392
       748    374.00000000     2      -187.9098387420         0.0071593576         0.2744088301
       749    374.50000000     2      -187.9167515260         0.0078174024         0.2599612834
       750    375.00000000     2      -187.9260439140         0.0085608026         0.2395716564
       751    375.50000000     2      -187.9335713470         0.0091283705         0.2221431110
       752    376.00000000     2      -187.9372507960         0.0094302901         0.2095556958
       753    376.50000000     2      -187.9366983200         0.0094701047         0.2032458414
       754    377.00000000     2      -187.9325565720         0.0092902445         0.2044421980
       755    377.50000000     2      -187.9261051590         0.0089544295         0.2115427290
       756    378.00000000     2      -187.9189577260         0.0085431996         0.2206275041
       757    378.50000000     2      -187.9127204400         0.0081477450         0.2279973194
       758    379.00000000     2      -187.9086907070         0.0078576412         0.2315137282
       759    379.50000000     2      -187.9076746470         0.0077418470         0.2302406000
       760    380.00000000     2      -187.9098785400         0.0078256372         0.2237531909
       761    380.50000000     2      -187.9148025550         0.0080747104         0.2121359933
       762    381.00000000     2      -187.9211572190         0.0083987458         0.1966978944
       763    381.50000000     2      -187.9269032700         0.0086710912         0.1814837234
       764    382.00000000     2      -187.9295652080         0.0087534540         0.1755873210
       765    382.50000000     2      -187.9270630040         0.0085286414         0.1911624757
       766    383.00000000     2      -187.9191842680         0.0079596267         0.2295790471
       767    383.50000000     2      -187.9089539360         0.0071813009         0.2732598521
       768    384.00000000     2      -187.9018930830         0.0065546473         0.2973764338
       769    384.50000000     2      -187.9021575990         0.0064700388         0.2865980092
       770    385.00000000     2      -187.9088659170         0.0069147326         0.2463443653
       771    385.50000000     2      -187.9170020420         0.0075012991         0.2025436949
       772    386.00000000     2      -187.9216083640         0.0079013427         0.1887783035
       773    386.50000000     2      -187.9207539860         0.0080104123         0.2141601813
       774    387.00000000     2      -187.9157799550         0.0078967161         0.2539921867
       775    387.50000000     2      -187.9097352250         0.0077099535         0.2837850080
       776    388.00000000     2      -187.9050435430         0.0075692056         0.2946791603
       777    388.50000000     2      -187.9021150850         0.0074855819         0.2927008442
       778    389.00000000     2      -187.9001833090         0.0074061705         0.2885221981
       779    389.50000000     2      -187.8989914180         0.0073157929         0.2859625687
       780    390.00000000     2      -187.8992715860         0.0072697377         0.2814363853
       781    390.50000000     2      -187.9019686480         0.0073434125         0.2703618411
       782    391.00000000     2      -187.9073221870         0.0075630890         0.2508435368
       783    391.50000000     2      -187.9144705320         0.0078770322         0.2236689904
       784    392.00000000     2      -187.9215700170         0.0081761661         0.1919232545
       785    392.50000000     2      -187.9262430210         0.0083328136         0.1631847598
       786    393.00000000     2      -187.9263661120         0.0082393135         0.1535942453
       787    393.50000000     2      -187.9213002010         0.0078587408         0.1768420005
       788    394.00000000     2      -187.9131374410         0.0072979574         0.2198793428
       789    394.50000000     2      -187.9065143020         0.0068505641         0.2557049244
       790    395.00000000     2      -187.9057604640         0.0068440093         0.2654513908
       791    395.50000000     2      -187.9111969120         0.0072887223         0.2475695706
       792    396.00000000     2      -187.9186242340         0.0078465833         0.2188981943
       793    396.50000000     2      -187.9225902860         0.0081685047         0.2074367245
       794    397.00000000     2      -187.9199011640         0.0080825025         0.2324783492
       795    397.50000000     2      -187.9111624820         0.0076023296         0.2830507466
       796    398.00000000     2      -187.9004168330         0.0069131772         0.3302370382
       797    398.50000000     2      -187.8926873760         0.0063137329         0.3496505165
       798    399.00000000     2      -187.8903894650         0.0060223593         0.3358100782
       799    399.50000000     2      -187.8922675820         0.0060079107         0.3030733876
       800    400.00000000     2      -187.8959411440         0.0061196328         0.2699129188
