         0         0.0000000000      -188.0019829320      -187.8665666730      -187.8665666730
         1         0.5000000000      -188.0040236870      -187.8683363110      -187.8683363110
         2         1.0000000000      -188.0083335590      -187.8724116780      -187.8724116780
         3         1.5000000000      -188.0161848210      -187.8801077650      -187.8801077650
         4         2.0000000000      -188.0282521120      -187.8921458670      -187.8921458670
         5         2.5000000000      -188.0430128550      -187.9070408150      -187.9070408150
         6         3.0000000000      -188.0560465740      -187.9203877200      -187.9203877200
         7         3.5000000000      -188.0611510620      -187.9259712550      -187.9259712550
         8         4.0000000000      -188.0532348420      -187.9186599290      -187.9186599290
         9         4.5000000000      -188.0327250770      -187.8988278070      -187.8988278070
        10         5.0000000000      -188.0094320080      -187.8762434450      -187.8762434450
        11         5.5000000000      -187.9992439570      -187.8667814780      -187.8667814780
        12         6.0000000000      -188.0101908940      -187.8784739540      -187.8784739540
        13         6.5000000000      -188.0328112120      -187.9018605350      -187.9018605350
        14         7.0000000000      -188.0508092240      -187.9206610930      -187.9206610930
        15         7.5000000000      -188.0561758180      -187.9269070020      -187.9269070020
        16         8.0000000000      -188.0507565650      -187.9224870730      -187.9224870730
        17         8.5000000000      -188.0401737070      -187.9130457480      -187.9130457480
        18         9.0000000000      -188.0290056110      -187.9031561400      -187.9031561400
        19         9.5000000000      -188.0192617060      -187.8947999770      -187.8947999770
        20        10.0000000000      -188.0111163370      -187.8881090250      -187.8881090250
        21        10.5000000000      -188.0042401160      -187.8827020760      -187.8827020760
        22        11.0000000000      -187.9986940000      -187.8785826660      -187.8785826660
        23        11.5000000000      -187.9952940690      -187.8765083470      -187.8765083470
        24        12.0000000000      -187.9955325240      -187.8779187240      -187.8779187240
        25        12.5000000000      -188.0008525260      -187.8842195890      -187.8842195890
        26        13.0000000000      -188.0113766830      -187.8955196830      -187.8955196830
        27        13.5000000000      -188.0250504370      -187.9097782710      -187.9097782710
        28        14.0000000000      -188.0380445440      -187.9232052810      -187.9232052810
        29        14.5000000000      -188.0460105030      -187.9315063890      -187.9315063890
        30        15.0000000000      -188.0454638100      -187.9312508950      -187.9312508950
        31        15.5000000000      -188.0353605790      -187.9214349120      -187.9214349120
        32        16.0000000000      -188.0185710680      -187.9049486100      -187.9049486100
        33        16.5000000000      -188.0017131360      -187.8884157140      -187.8884157140
        34        17.0000000000      -187.9932384000      -187.8803041000      -187.8803041000
        35        17.5000000000      -187.9992663140      -187.8867824500      -187.8867824500
        36        18.0000000000      -188.0161829620      -187.9042955620      -187.9042955620
        37        18.5000000000      -188.0323893520      -187.9212755870      -187.9212755870
        38        19.0000000000      -188.0402548410      -187.9300933700      -187.9300933700
        39        19.5000000000      -188.0397600460      -187.9307056170      -187.9307056170
        40        20.0000000000      -188.0337827810      -187.9259400760      -187.9259400760
        41        20.5000000000      -188.0246532560      -187.9180575360      -187.9180575360
        42        21.0000000000      -188.0137736060      -187.9083852840      -187.9083852840
        43        21.5000000000      -188.0022862680      -187.8980005620      -187.8980005620
        44        22.0000000000      -187.9916988570      -187.8883690030      -187.8883690030
        45        22.5000000000      -187.9841596560      -187.8816296500      -187.8816296500
        46        23.0000000000      -187.9819710810      -187.8801102540      -187.8801102540
        47        23.5000000000      -187.9862818860      -187.8850105630      -187.8850105630
        48        24.0000000000      -187.9960762930      -187.8953759040      -187.8953759040
        49        24.5000000000      -188.0086273720      -187.9085365150      -187.9085365150
        50        25.0000000000      -188.0208202170      -187.9214228430      -187.9214228430
        51        25.5000000000      -188.0299577040      -187.9313680760      -187.9313680760
        52        26.0000000000      -188.0338952040      -187.9362427950      -187.9362427950
        53        26.5000000000      -188.0313791540      -187.9347972690      -187.9347972690
        54        27.0000000000      -188.0227505260      -187.9273719670      -187.9273719670
        55        27.5000000000      -188.0095961560      -187.9155575510      -187.9155575510
        56        28.0000000000      -187.9934965590      -187.9009518060      -187.9009518060
        57        28.5000000000      -187.9784321020      -187.8875769690      -187.8875769690
        58        29.0000000000      -187.9739832680      -187.8850746390      -187.8850746390
        59        29.5000000000      -187.9856717410      -187.8989911180      -187.8989911180
        60        30.0000000000      -188.0043888220      -187.9201598040      -187.9201598040
        61        30.5000000000      -188.0168238120      -187.9351802540      -187.9351802540
        62        31.0000000000      -188.0176409700      -187.9386610530      -187.9386610530
        63        31.5000000000      -188.0084616760      -187.9322075920      -187.9322075920
        64        32.0000000000      -187.9931074860      -187.9196438650      -187.9196438650
        65        32.5000000000      -187.9754686800      -187.9048669050      -187.9048669050
        66        33.0000000000      -187.9593209070      -187.8916590590      -187.8916590590
        67        33.5000000000      -187.9481001200      -187.8834597770      -187.8834597770
        68        34.0000000000      -187.9437917050      -187.8822483340      -187.8822483340
        69        34.5000000000      -187.9459697240      -187.8875800150      -187.8875800150
        70        35.0000000000      -187.9523684910      -187.8971635430      -187.8971635430
        71        35.5000000000      -187.9603887790      -187.9083780810      -187.9083780810
        72        36.0000000000      -187.9679347100      -187.9191151920      -187.9191151920
        73        36.5000000000      -187.9733161540      -187.9276768590      -187.9276768590
        74        37.0000000000      -187.9752032620      -187.9327193390      -187.9327193390
        75        37.5000000000      -187.9733893080      -187.9340063540      -187.9340063540
        76        38.0000000000      -187.9696371290      -187.9332531000      -187.9332531000
        77        38.5000000000      -187.9663471120      -187.9328033130      -187.9328033130
        78        39.0000000000      -187.9628695880      -187.9319644150      -187.9319644150
        79        39.5000000000      -187.9551466260      -187.9266946490      -187.9266946490
        80        40.0000000000      -187.9432024730      -187.9171630370      -187.9171630370
        81        40.5000000000      -187.9375503220      -187.9141856200      -187.9141856200
        82        41.0000000000      -187.9474315200      -187.9273469670      -187.9273469670
        83        41.5000000000      -187.9644628910      -187.9484429000      -187.9484429000
        84        42.0000000000      -187.9735353830      -187.9623024930      -187.9623024930
        85        42.5000000000      -187.9693346810      -187.9632765590      -187.9632765590
        86        43.0000000000      -187.9565610600      -187.9536010580      -187.9536010580
        87        43.5000000000      -187.9439946160      -187.9370471370      -187.9370471370
        88        44.0000000000      -187.9341469250      -187.9223970030      -187.9223970030
        89        44.5000000000      -187.9298487670      -187.9137009120      -187.9137009120
        90        45.0000000000      -187.9315133790      -187.9113769190      -187.9113769190
        91        45.5000000000      -187.9372359900      -187.9134316550      -187.9134316550
        92        46.0000000000      -187.9443885730      -187.9171399570      -187.9171399570
        93        46.5000000000      -187.9507315500      -187.9201700660      -187.9201700660
        94        47.0000000000      -187.9546566710      -187.9208345840      -187.9208345840
        95        47.5000000000      -187.9553689600      -187.9182836970      -187.9182836970
        96        48.0000000000      -187.9536197710      -187.9132501660      -187.9132501660
        97        48.5000000000      -187.9524273620      -187.9087718830      -187.9087718830
        98        49.0000000000      -187.9561466020      -187.9092453840      -187.9092453840
        99        49.5000000000      -187.9674275520      -187.9173589630      -187.9173589630
       100        50.0000000000      -187.9847876390      -187.9316573840      -187.9316573840
       101        50.5000000000      -188.0032722120      -187.9472231260      -187.9472231260
       102        51.0000000000      -188.0167653670      -187.9580058610      -187.9580058610
       103        51.5000000000      -188.0198760880      -187.9586934550      -187.9586934550
       104        52.0000000000      -188.0101415240      -187.9468634730      -187.9468634730
       105        52.5000000000      -187.9919659040      -187.9268717490      -187.9268717490
       106        53.0000000000      -187.9777195360      -187.9109619800      -187.9109619800
       107        53.5000000000      -187.9771257980      -187.9087462090      -187.9087462090
       108        54.0000000000      -187.9862174060      -187.9162404820      -187.9162404820
       109        54.5000000000      -187.9954420970      -187.9239394290      -187.9239394290
       110        55.0000000000      -188.0010310430      -187.9281017060      -187.9281017060
       111        55.5000000000      -188.0041343080      -187.9298527820      -187.9298527820
       112        56.0000000000      -188.0062623180      -187.9306461260      -187.9306461260
       113        56.5000000000      -188.0077824100      -187.9307886150      -187.9307886150
       114        57.0000000000      -188.0083217140      -187.9298598740      -187.9298598740
       115        57.5000000000      -188.0071715110      -187.9271213510      -187.9271213510
       116        58.0000000000      -188.0035193930      -187.9217472310      -187.9217472310
       117        58.5000000000      -187.9970370770      -187.9134105210      -187.9134105210
       118        59.0000000000      -187.9889815230      -187.9033834040      -187.9033834040
       119        59.5000000000      -187.9829617940      -187.8953022600      -187.8953022600
       120        60.0000000000      -187.9837127980      -187.8939352670      -187.8939352670
       121        60.5000000000      -187.9937067730      -187.9017872960      -187.9017872960
       122        61.0000000000      -188.0108399700      -187.9167895710      -187.9167895710
       123        61.5000000000      -188.0298944380      -187.9337752940      -187.9337752940
       124        62.0000000000      -188.0455298970      -187.9474782430      -187.9474782430
       125        62.5000000000      -188.0534869620      -187.9537221010      -187.9537221010
       126        63.0000000000      -188.0503081390      -187.9491124380      -187.9491124380
       127        63.5000000000      -188.0344706500      -187.9321433370      -187.9321433370
       128        64.0000000000      -188.0110418120      -187.9078504750      -187.9078504750
       129        64.5000000000      -187.9948960990      -187.8910581180      -187.8910581180
       130        65.0000000000      -187.9995695710      -187.8952674700      -187.8952674700
       131        65.5000000000      -188.0206304820      -187.9160319140      -187.9160319140
       132        66.0000000000      -188.0427912930      -187.9380636770      -187.9380636770
       133        66.5000000000      -188.0566917230      -187.9520083410      -187.9520083410
       134        67.0000000000      -188.0611569650      -187.9566859210      -187.9566859210
       135        67.5000000000      -188.0581098960      -187.9539944490      -187.9539944490
       136        68.0000000000      -188.0494017160      -187.9457469140      -187.9457469140
       137        68.5000000000      -188.0363707790      -187.9332426720      -187.9332426720
       138        69.0000000000      -188.0207859120      -187.9182218740      -187.9182218740
       139        69.5000000000      -188.0058712920      -187.9038960190      -187.9038960190
       140        70.0000000000      -187.9959345620      -187.8945735470      -187.8945735470
       141        70.5000000000      -187.9940169900      -187.8933009900      -187.8933009900
       142        71.0000000000      -187.9996244720      -187.8995856300      -187.8995856300
       143        71.5000000000      -188.0092732690      -187.9099410250      -187.9099410250
       144        72.0000000000      -188.0191383500      -187.9205409580      -187.9205409580
       145        72.5000000000      -188.0268913300      -187.9290618710      -187.9290618710
       146        73.0000000000      -188.0317125560      -187.9346943270      -187.9346943270
       147        73.5000000000      -188.0334955870      -187.9373413480      -187.9373413480
       148        74.0000000000      -188.0322505700      -187.9370116460      -187.9370116460
       149        74.5000000000      -188.0278958240      -187.9335994060      -187.9335994060
       150        75.0000000000      -188.0202478630      -187.9268665120      -187.9268665120
       151        75.5000000000      -188.0095784260      -187.9170076200      -187.9170076200
       152        76.0000000000      -187.9987107800      -187.9067796780      -187.9067796780
       153        76.5000000000      -187.9946495370      -187.9031777840      -187.9031777840
       154        77.0000000000      -188.0032971680      -187.9121618990      -187.9121618990
       155        77.5000000000      -188.0208906910      -187.9300507080      -187.9300507080
       156        78.0000000000      -188.0370851790      -187.9465645850      -187.9465645850
       157        78.5000000000      -188.0448683460      -187.9547258490      -187.9547258490
       158        79.0000000000      -188.0433073520      -187.9536010710      -187.9536010710
       159        79.5000000000      -188.0349700430      -187.9457313080      -187.9457313080
       160        80.0000000000      -188.0237500370      -187.9349810880      -187.9349810880
       161        80.5000000000      -188.0136533470      -187.9253471080      -187.9253471080
       162        81.0000000000      -188.0074442310      -187.9196133070      -187.9196133070
       163        81.5000000000      -188.0055171530      -187.9182186190      -187.9182186190
       164        82.0000000000      -188.0061594500      -187.9195090240      -187.9195090240
       165        82.5000000000      -188.0070268050      -187.9211999230      -187.9211999230
       166        83.0000000000      -188.0064480360      -187.9216670490      -187.9216670490
       167        83.5000000000      -188.0038297810      -187.9203390260      -187.9203390260
       168        84.0000000000      -187.9995301660      -187.9175643090      -187.9175643090
       169        84.5000000000      -187.9946914010      -187.9144431520      -187.9144431520
       170        85.0000000000      -187.9908878530      -187.9124817530      -187.9124817530
       171        85.5000000000      -187.9890476340      -187.9125252980      -187.9125252980
       172        86.0000000000      -187.9879626010      -187.9132850470      -187.9132850470
       173        86.5000000000      -187.9844747190      -187.9115474710      -187.9115474710
       174        87.0000000000      -187.9772988650      -187.9060229410      -187.9060229410
       175        87.5000000000      -187.9717481240      -187.9020818280      -187.9020818280
       176        88.0000000000      -187.9763094880      -187.9082976680      -187.9082976680
       177        88.5000000000      -187.9905094140      -187.9242467030      -187.9242467030
       178        89.0000000000      -188.0034978120      -187.9390627590      -187.9390627590
       179        89.5000000000      -188.0063362280      -187.9437555130      -187.9437555130
       180        90.0000000000      -187.9986268670      -187.9378737630      -187.9378737630
       181        90.5000000000      -187.9861323140      -187.9271351620      -187.9271351620
       182        91.0000000000      -187.9759700680      -187.9186225790      -187.9186225790
       183        91.5000000000      -187.9721064860      -187.9162864100      -187.9162864100
       184        92.0000000000      -187.9734338940      -187.9190306510      -187.9190306510
       185        92.5000000000      -187.9759110690      -187.9228494810      -187.9228494810
       186        93.0000000000      -187.9760638310      -187.9243112040      -187.9243112040
       187        93.5000000000      -187.9725527800      -187.9221092850      -187.9221092850
       188        94.0000000000      -187.9658317390      -187.9167127250      -187.9167127250
       189        94.5000000000      -187.9574821980      -187.9096999930      -187.9096999930
       190        95.0000000000      -187.9498896910      -187.9034375200      -187.9034375200
       191        95.5000000000      -187.9457647460      -187.9006036030      -187.9006036030
       192        96.0000000000      -187.9469487110      -187.9029990870      -187.9029990870
       193        96.5000000000      -187.9530728420      -187.9102152000      -187.9102152000
       194        97.0000000000      -187.9613317710      -187.9194192310      -187.9194192310
       195        97.5000000000      -187.9675997390      -187.9264830790      -187.9264830790
       196        98.0000000000      -187.9682911800      -187.9278478280      -187.9278478280
       197        98.5000000000      -187.9629520390      -187.9230998730      -187.9230998730
       198        99.0000000000      -187.9563552480      -187.9170290390      -187.9170290390
       199        99.5000000000      -187.9552863570      -187.9163795820      -187.9163795820
       200       100.0000000000      -187.9603951750      -187.9217219490      -187.9217219490
       201       100.5000000000      -187.9657422120      -187.9270746720      -187.9270746720
       202       101.0000000000      -187.9675357280      -187.9286920890      -187.9286920890
       203       101.5000000000      -187.9677645840      -187.9286788470      -187.9286788470
       204       102.0000000000      -187.9697548590      -187.9304946650      -187.9304946650
       205       102.5000000000      -187.9736948810      -187.9344375730      -187.9344375730
       206       103.0000000000      -187.9768855460      -187.9378741500      -187.9378741500
       207       103.5000000000      -187.9766059610      -187.9381033460      -187.9381033460
       208       104.0000000000      -187.9718777580      -187.9341311540      -187.9341311540
       209       104.5000000000      -187.9634693890      -187.9266889000      -187.9266889000
       210       105.0000000000      -187.9534141950      -187.9177628550      -187.9177628550
       211       105.5000000000      -187.9446645710      -187.9102557660      -187.9102557660
       212       106.0000000000      -187.9403767460      -187.9072764400      -187.9072764400
       213       106.5000000000      -187.9424370500      -187.9106700070      -187.9106700070
       214       107.0000000000      -187.9501949370      -187.9197542000      -187.9197542000
       215       107.5000000000      -187.9606908930      -187.9315470040      -187.9315470040
       216       108.0000000000      -187.9699493570      -187.9420567880      -187.9420567880
       217       108.5000000000      -187.9740933630      -187.9473973060      -187.9473973060
       218       109.0000000000      -187.9705062090      -187.9449590870      -187.9449590870
       219       109.5000000000      -187.9601367510      -187.9357353020      -187.9357353020
       220       110.0000000000      -187.9491403000      -187.9259798690      -187.9259798690
       221       110.5000000000      -187.9442498110      -187.9225592180      -187.9225592180
       222       111.0000000000      -187.9446874000      -187.9247975230      -187.9247975230
       223       111.5000000000      -187.9445782600      -187.9268169810      -187.9268169810
       224       112.0000000000      -187.9426467450      -187.9271513260      -187.9271513260
       225       112.5000000000      -187.9432675130      -187.9296734970      -187.9296734970
       226       113.0000000000      -187.9491859670      -187.9363518590      -187.9363518590
       227       113.5000000000      -187.9572743860      -187.9436193980      -187.9436193980
       228       114.0000000000      -187.9619408360      -187.9463107450      -187.9463107450
       229       114.5000000000      -187.9600794550      -187.9420340330      -187.9420340330
       230       115.0000000000      -187.9522409270      -187.9317840110      -187.9317840110
       231       115.5000000000      -187.9414295700      -187.9187445780      -187.9187445780
       232       116.0000000000      -187.9317062830      -187.9070279690      -187.9070279690
       233       116.5000000000      -187.9266545530      -187.9002237660      -187.9002237660
       234       117.0000000000      -187.9278296090      -187.8998799840      -187.8998799840
       235       117.5000000000      -187.9343877530      -187.9051420980      -187.9051420980
       236       118.0000000000      -187.9442182390      -187.9138905020      -187.9138905020
       237       118.5000000000      -187.9551664610      -187.9239694370      -187.9239694370
       238       119.0000000000      -187.9652538460      -187.9334112000      -187.9334112000
       239       119.5000000000      -187.9723096610      -187.9400710300      -187.9400710300
       240       120.0000000000      -187.9741173190      -187.9417764470      -187.9417764470
       241       120.5000000000      -187.9698385620      -187.9377511850      -187.9377511850
       242       121.0000000000      -187.9618819980      -187.9304698240      -187.9304698240
       243       121.5000000000      -187.9549533120      -187.9246692120      -187.9246692120
       244       122.0000000000      -187.9512804270      -187.9225244910      -187.9225244910
       245       122.5000000000      -187.9489096910      -187.9219280480      -187.9219280480
       246       123.0000000000      -187.9465683830      -187.9213767670      -187.9213767670
       247       123.5000000000      -187.9462339500      -187.9225799750      -187.9225799750
       248       124.0000000000      -187.9487287110      -187.9261078240      -187.9261078240
       249       124.5000000000      -187.9505847680      -187.9283434950      -187.9283434950
       250       125.0000000000      -187.9475272440      -187.9250375980      -187.9250375980
       251       125.5000000000      -187.9385728990      -187.9153833910      -187.9153833910
       252       126.0000000000      -187.9262995440      -187.9021872690      -187.9021872690
       253       126.5000000000      -187.9149639590      -187.8898991890      -187.8898991890
       254       127.0000000000      -187.9083554760      -187.8824289910      -187.8824289910
       255       127.5000000000      -187.9081761730      -187.8815251880      -187.8815251880
       256       128.0000000000      -187.9137461070      -187.8864921660      -187.8864921660
       257       128.5000000000      -187.9230065110      -187.8952061390      -187.8952061390
       258       129.0000000000      -187.9336166740      -187.9052238900      -187.9052238900
       259       129.5000000000      -187.9433023920      -187.9141439510      -187.9141439510
       260       130.0000000000      -187.9498337620      -187.9196040430      -187.9196040430
       261       130.5000000000      -187.9515639390      -187.9198532930      -187.9198532930
       262       131.0000000000      -187.9489330600      -187.9153000720      -187.9153000720
       263       131.5000000000      -187.9454866980      -187.9095555460      -187.9095555460
       264       132.0000000000      -187.9454722950      -187.9069942460      -187.9069942460
       265       132.5000000000      -187.9491781460      -187.9080108130      -187.9080108130
       266       133.0000000000      -187.9530755510      -187.9091204790      -187.9091204790
       267       133.5000000000      -187.9555918870      -187.9087709020      -187.9087709020
       268       134.0000000000      -187.9596014180      -187.9098832550      -187.9098832550
       269       134.5000000000      -187.9672401340      -187.9146680280      -187.9146680280
       270       135.0000000000      -187.9752265370      -187.9199122950      -187.9199122950
       271       135.5000000000      -187.9782270470      -187.9203152350      -187.9203152350
       272       136.0000000000      -187.9742088440      -187.9138325960      -187.9138325960
       273       136.5000000000      -187.9653504400      -187.9026051630      -187.9026051630
       274       137.0000000000      -187.9560140610      -187.8909587180      -187.8909587180
       275       137.5000000000      -187.9502729980      -187.8829472410      -187.8829472410
       276       138.0000000000      -187.9500441880      -187.8804850150      -187.8804850150
       277       138.5000000000      -187.9547824240      -187.8830350200      -187.8830350200
       278       139.0000000000      -187.9627113280      -187.8888386450      -187.8888386450
       279       139.5000000000      -187.9721474950      -187.8962424440      -187.8962424440
       280       140.0000000000      -187.9818547950      -187.9040532280      -187.9040532280
       281       140.5000000000      -187.9906561700      -187.9111475620      -187.9111475620
       282       141.0000000000      -187.9970402190      -187.9160739900      -187.9160739900
       283       141.5000000000      -187.9993540190      -187.9172424480      -187.9172424480
       284       142.0000000000      -187.9969027900      -187.9140212920      -187.9140212920
       285       142.5000000000      -187.9915476680      -187.9083257780      -187.9083257780
       286       143.0000000000      -187.9876977460      -187.9045836960      -187.9045836960
       287       143.5000000000      -187.9885353610      -187.9059230790      -187.9059230790
       288       144.0000000000      -187.9924599900      -187.9106154330      -187.9106154330
       289       144.5000000000      -187.9962946840      -187.9153489470      -187.9153489470
       290       145.0000000000      -187.9996927300      -187.9197123410      -187.9197123410
       291       145.5000000000      -188.0026889730      -187.9237597330      -187.9237597330
       292       146.0000000000      -188.0027590470      -187.9250276150      -187.9250276150
       293       146.5000000000      -187.9975438000      -187.9212122750      -187.9212122750
       294       147.0000000000      -187.9879046110      -187.9131987590      -187.9131987590
       295       147.5000000000      -187.9772004760      -187.9043322450      -187.9043322450
       296       148.0000000000      -187.9687479900      -187.8978838710      -187.8978838710
       297       148.5000000000      -187.9640876220      -187.8953294630      -187.8953294630
       298       149.0000000000      -187.9629511950      -187.8963307690      -187.8963307690
       299       149.5000000000      -187.9642586110      -187.8997437370      -187.8997437370
       300       150.0000000000      -187.9669571540      -187.9044634160      -187.9044634160
       301       150.5000000000      -187.9701907000      -187.9095943830      -187.9095943830
       302       151.0000000000      -187.9730872770      -187.9142362120      -187.9142362120
       303       151.5000000000      -187.9746622470      -187.9173838890      -187.9173838890
       304       152.0000000000      -187.9741368450      -187.9182450130      -187.9182450130
       305       152.5000000000      -187.9716032050      -187.9169097710      -187.9169097710
       306       153.0000000000      -187.9684668300      -187.9148061610      -187.9148061610
       307       153.5000000000      -187.9667751650      -187.9140388790      -187.9140388790
       308       154.0000000000      -187.9673626550      -187.9155238790      -187.9155238790
       309       154.5000000000      -187.9689454350      -187.9180528610      -187.9180528610
       310       155.0000000000      -187.9701503440      -187.9203002570      -187.9203002570
       311       155.5000000000      -187.9714424270      -187.9227515100      -187.9227515100
       312       156.0000000000      -187.9730812950      -187.9256695720      -187.9256695720
       313       156.5000000000      -187.9728509190      -187.9268302090      -187.9268302090
       314       157.0000000000      -187.9681766160      -187.9236398480      -187.9236398480
       315       157.5000000000      -187.9592535130      -187.9162654720      -187.9162654720
       316       158.0000000000      -187.9490423600      -187.9076372960      -187.9076372960
       317       158.5000000000      -187.9409402430      -187.9011284430      -187.9011284430
       318       159.0000000000      -187.9366854450      -187.8984642030      -187.8984642030
       319       159.5000000000      -187.9359455130      -187.8993086950      -187.8993086950
       320       160.0000000000      -187.9373098990      -187.9022514050      -187.9022514050
       321       160.5000000000      -187.9394534550      -187.9059627380      -187.9059627380
       322       161.0000000000      -187.9416543720      -187.9097044770      -187.9097044770
       323       161.5000000000      -187.9437304790      -187.9132619920      -187.9132619920
       324       162.0000000000      -187.9458263090      -187.9167316380      -187.9167316380
       325       162.5000000000      -187.9482464760      -187.9203605830      -187.9203605830
       326       163.0000000000      -187.9511421840      -187.9242462300      -187.9242462300
       327       163.5000000000      -187.9539514030      -187.9277925690      -187.9277925690
       328       164.0000000000      -187.9553442360      -187.9296664730      -187.9296664730
       329       164.5000000000      -187.9546500200      -187.9292199090      -187.9292199090
       330       165.0000000000      -187.9534705350      -187.9280839300      -187.9280839300
       331       165.5000000000      -187.9543456490      -187.9288185790      -187.9288185790
       332       166.0000000000      -187.9573867920      -187.9315582100      -187.9315582100
       333       166.5000000000      -187.9598564200      -187.9336215020      -187.9336215020
       334       167.0000000000      -187.9587730430      -187.9321247290      -187.9321247290
       335       167.5000000000      -187.9529372020      -187.9259790140      -187.9259790140
       336       168.0000000000      -187.9436055670      -187.9165285480      -187.9165285480
       337       168.5000000000      -187.9339901940      -187.9070343960      -187.9070343960
       338       169.0000000000      -187.9274638260      -187.9008847590      -187.9008847590
       339       169.5000000000      -187.9255578070      -187.8996067590      -187.8996067590
       340       170.0000000000      -187.9274186040      -187.9023341270      -187.9023341270
       341       170.5000000000      -187.9310195130      -187.9070132200      -187.9070132200
       342       171.0000000000      -187.9347278210      -187.9119397520      -187.9119397520
       343       171.5000000000      -187.9379276370      -187.9163484690      -187.9163484690
       344       172.0000000000      -187.9407490580      -187.9201446070      -187.9201446070
       345       172.5000000000      -187.9436412360      -187.9235255380      -187.9235255380
       346       173.0000000000      -187.9471836430      -187.9268764540      -187.9268764540
       347       173.5000000000      -187.9519500180      -187.9307243590      -187.9307243590
       348       174.0000000000      -187.9580961620      -187.9353478260      -187.9353478260
       349       174.5000000000      -187.9649176430      -187.9402497620      -187.9402497620
       350       175.0000000000      -187.9711896610      -187.9443686380      -187.9443686380
       351       175.5000000000      -187.9762714050      -187.9471088170      -187.9471088170
       352       176.0000000000      -187.9805570400      -187.9488130940      -187.9488130940
       353       176.5000000000      -187.9845050240      -187.9498659440      -187.9498659440
       354       177.0000000000      -187.9875041970      -187.9496186010      -187.9496186010
       355       177.5000000000      -187.9880755040      -187.9466061120      -187.9466061120
       356       178.0000000000      -187.9852210200      -187.9398822380      -187.9398822380
       357       178.5000000000      -187.9795214460      -187.9300991670      -187.9300991670
       358       179.0000000000      -187.9730760080      -187.9194372760      -187.9194372760
       359       179.5000000000      -187.9685858770      -187.9106831150      -187.9106831150
       360       180.0000000000      -187.9681703020      -187.9060390640      -187.9060390640
       361       180.5000000000      -187.9722883600      -187.9060388650      -187.9060388650
       362       181.0000000000      -187.9795412150      -187.9093481510      -187.9093481510
       363       181.5000000000      -187.9877494600      -187.9138452190      -187.9138452190
       364       182.0000000000      -187.9952617990      -187.9179341630      -187.9179341630
       365       182.5000000000      -188.0014406730      -187.9210325710      -187.9210325710
       366       183.0000000000      -188.0064954450      -187.9234035210      -187.9234035210
       367       183.5000000000      -188.0112108420      -187.9258790500      -187.9258790500
       368       184.0000000000      -188.0165538320      -187.9294582380      -187.9294582380
       369       184.5000000000      -188.0228865790      -187.9345075490      -187.9345075490
       370       185.0000000000      -188.0292443450      -187.9400293240      -187.9400293240
       371       185.5000000000      -188.0337869240      -187.9441151880      -187.9441151880
       372       186.0000000000      -188.0353853910      -187.9455484570      -187.9455484570
       373       186.5000000000      -188.0345403960      -187.9447445550      -187.9447445550
       374       187.0000000000      -188.0324214080      -187.9428071510      -187.9428071510
       375       187.5000000000      -188.0293771320      -187.9400444420      -187.9400444420
       376       188.0000000000      -188.0248875690      -187.9359173550      -187.9359173550
       377       188.5000000000      -188.0185737570      -187.9300405620      -187.9300405620
       378       189.0000000000      -188.0106608610      -187.9226354000      -187.9226354000
       379       189.5000000000      -188.0018438230      -187.9143864970      -187.9143864970
       380       190.0000000000      -187.9935008140      -187.9066509960      -187.9066509960
       381       190.5000000000      -187.9878654940      -187.9016334610      -187.9016334610
       382       191.0000000000      -187.9868826120      -187.9012482600      -187.9012482600
       383       191.5000000000      -187.9904771860      -187.9053958230      -187.9053958230
       384       192.0000000000      -187.9965445930      -187.9119569410      -187.9119569410
       385       192.5000000000      -188.0026609890      -187.9185035690      -187.9185035690
       386       193.0000000000      -188.0074061350      -187.9236177950      -187.9236177950
       387       193.5000000000      -188.0104879500      -187.9270103220      -187.9270103220
       388       194.0000000000      -188.0123782390      -187.9291499940      -187.9291499940
       389       194.5000000000      -188.0139673950      -187.9309137290      -187.9309137290
       390       195.0000000000      -188.0161242770      -187.9331445260      -187.9331445260
       391       195.5000000000      -188.0191401670      -187.9360981070      -187.9360981070
       392       196.0000000000      -188.0225042660      -187.9392262360      -187.9392262360
       393       196.5000000000      -188.0252556240      -187.9415393680      -187.9415393680
       394       197.0000000000      -188.0264792990      -187.9421099630      -187.9421099630
       395       197.5000000000      -188.0255876550      -187.9403545360      -187.9403545360
       396       198.0000000000      -188.0225784500      -187.9362876840      -187.9362876840
       397       198.5000000000      -188.0182831960      -187.9307654560      -187.9307654560
       398       199.0000000000      -188.0140636120      -187.9251793760      -187.9251793760
       399       199.5000000000      -188.0107968880      -187.9204418610      -187.9204418610
       400       200.0000000000      -188.0081494790      -187.9162603170      -187.9162603170
       401       200.5000000000      -188.0051735250      -187.9117321240      -187.9117321240
       402       201.0000000000      -188.0017208570      -187.9067560100      -187.9067560100
       403       201.5000000000      -187.9991794140      -187.9027662410      -187.9027662410
       404       202.0000000000      -187.9996792460      -187.9019375230      -187.9019375230
       405       202.5000000000      -188.0043681530      -187.9054601520      -187.9054601520
       406       203.0000000000      -188.0124196800      -187.9125461060      -187.9125461060
       407       203.5000000000      -188.0217263220      -187.9211191900      -187.9211191900
       408       204.0000000000      -188.0304108880      -187.9293221530      -187.9293221530
       409       204.5000000000      -188.0377638950      -187.9364510130      -187.9364510130
       410       205.0000000000      -188.0440873820      -187.9427973610      -187.9427973610
       411       205.5000000000      -188.0497738100      -187.9487283370      -187.9487283370
       412       206.0000000000      -188.0544528200      -187.9538369700      -187.9538369700
       413       206.5000000000      -188.0569587940      -187.9569172030      -187.9569172030
       414       207.0000000000      -188.0560102680      -187.9566526850      -187.9566526850
       415       207.5000000000      -188.0509114290      -187.9523260330      -187.9523260330
       416       208.0000000000      -188.0419633970      -187.9442330940      -187.9442330940
       417       208.5000000000      -188.0306515460      -187.9338681260      -187.9338681260
       418       209.0000000000      -188.0193975700      -187.9236703040      -187.9236703040
       419       209.5000000000      -188.0104963490      -187.9159533980      -187.9159533980
       420       210.0000000000      -188.0047132780      -187.9114962900      -187.9114962900
       421       210.5000000000      -188.0009317050      -187.9091853060      -187.9091853060
       422       211.0000000000      -187.9973326220      -187.9071916370      -187.9071916370
       423       211.5000000000      -187.9929640120      -187.9045416850      -187.9045416850
       424       212.0000000000      -187.9885008350      -187.9018827690      -187.9018827690
       425       212.5000000000      -187.9858071440      -187.9010557920      -187.9010557920
       426       213.0000000000      -187.9864436190      -187.9036155930      -187.9036155930
       427       213.5000000000      -187.9901409530      -187.9093137470      -187.9093137470
       428       214.0000000000      -187.9948257270      -187.9161245460      -187.9161245460
       429       214.5000000000      -187.9983526070      -187.9219647210      -187.9219647210
       430       215.0000000000      -188.0002266270      -187.9263938800      -187.9263938800
       431       215.5000000000      -188.0017921590      -187.9307805000      -187.9307805000
       432       216.0000000000      -188.0048339270      -187.9368909260      -187.9368909260
       433       216.5000000000      -188.0097562550      -187.9450760090      -187.9450760090
       434       217.0000000000      -188.0148602470      -187.9535715230      -187.9535715230
       435       217.5000000000      -188.0172665020      -187.9594436130      -187.9594436130
       436       218.0000000000      -188.0145931190      -187.9602735370      -187.9602735370
       437       218.5000000000      -188.0062055020      -187.9553985900      -187.9553985900
       438       219.0000000000      -187.9935727810      -187.9462553360      -187.9462553360
       439       219.5000000000      -187.9797043280      -187.9358099790      -187.9358099790
       440       220.0000000000      -187.9677170680      -187.9271301160      -187.9271301160
       441       220.5000000000      -187.9591900180      -187.9217503540      -187.9217503540
       442       221.0000000000      -187.9536104760      -187.9191278190      -187.9191278190
       443       221.5000000000      -187.9493390420      -187.9176095870      -187.9176095870
       444       222.0000000000      -187.9449953400      -187.9158159200      -187.9158159200
       445       222.5000000000      -187.9401883240      -187.9133676070      -187.9133676070
       446       223.0000000000      -187.9355012530      -187.9108697300      -187.9108697300
       447       223.5000000000      -187.9320157060      -187.9094339730      -187.9094339730
       448       224.0000000000      -187.9305867300      -187.9099493020      -187.9099493020
       449       224.5000000000      -187.9312817810      -187.9125129880      -187.9125129880
       450       225.0000000000      -187.9335232770      -187.9165682720      -187.9165682720
       451       225.5000000000      -187.9368540600      -187.9216754950      -187.9216754950
       452       226.0000000000      -187.9414725690      -187.9280584760      -187.9280584760
       453       226.5000000000      -187.9478806720      -187.9362422760      -187.9362422760
       454       227.0000000000      -187.9558631890      -187.9460009730      -187.9460009730
       455       227.5000000000      -187.9636898200      -187.9555562620      -187.9555562620
       456       228.0000000000      -187.9685152320      -187.9619907030      -187.9619907030
       457       228.5000000000      -187.9679594910      -187.9627776180      -187.9627776180
       458       229.0000000000      -187.9616388690      -187.9572445040      -187.9572445040
       459       229.5000000000      -187.9514907190      -187.9471335500      -187.9471335500
       460       230.0000000000      -187.9407507160      -187.9359870410      -187.9359870410
       461       230.5000000000      -187.9323734640      -187.9272315360      -187.9272315360
       462       231.0000000000      -187.9276102060      -187.9223817420      -187.9223817420
       463       231.5000000000      -187.9257967960      -187.9208562300      -187.9208562300
       464       232.0000000000      -187.9254495130      -187.9211406520      -187.9211406520
       465       232.5000000000      -187.9254169850      -187.9219221090      -187.9219221090
       466       233.0000000000      -187.9253728240      -187.9224334150      -187.9224334150
       467       233.5000000000      -187.9257218400      -187.9224773880      -187.9224773880
       468       234.0000000000      -187.9269208690      -187.9227490920      -187.9227490920
       469       234.5000000000      -187.9293091100      -187.9242166340      -187.9242166340
       470       235.0000000000      -187.9327910460      -187.9271148260      -187.9271148260
       471       235.5000000000      -187.9363086310      -187.9305562700      -187.9305562700
       472       236.0000000000      -187.9382035270      -187.9330075480      -187.9330075480
       473       236.5000000000      -187.9374230060      -187.9335146880      -187.9335146880
       474       237.0000000000      -187.9348747300      -187.9329691520      -187.9329691520
       475       237.5000000000      -187.9348976940      -187.9332870120      -187.9332870120
       476       238.0000000000      -187.9410007470      -187.9368467640      -187.9368467640
       477       238.5000000000      -187.9507819410      -187.9441880960      -187.9441880960
       478       239.0000000000      -187.9589146670      -187.9501049910      -187.9501049910
       479       239.5000000000      -187.9605805040      -187.9497267050      -187.9497267050
       480       240.0000000000      -187.9551770040      -187.9423953980      -187.9423953980
       481       240.5000000000      -187.9458943600      -187.9312807080      -187.9312807080
       482       241.0000000000      -187.9369714920      -187.9206326350      -187.9206326350
       483       241.5000000000      -187.9311261920      -187.9131921120      -187.9131921120
       484       242.0000000000      -187.9287050470      -187.9093258950      -187.9093258950
       485       242.5000000000      -187.9285942060      -187.9079339050      -187.9079339050
       486       243.0000000000      -187.9295468780      -187.9077784300      -187.9077784300
       487       243.5000000000      -187.9308516480      -187.9081535470      -187.9081535470
       488       244.0000000000      -187.9323938170      -187.9089438820      -187.9089438820
       489       244.5000000000      -187.9345502740      -187.9105160290      -187.9105160290
       490       245.0000000000      -187.9380448440      -187.9135701190      -187.9135701190
       491       245.5000000000      -187.9435995910      -187.9187878030      -187.9187878030
       492       246.0000000000      -187.9513057250      -187.9262006480      -187.9262006480
       493       246.5000000000      -187.9599651260      -187.9345320600      -187.9345320600
       494       247.0000000000      -187.9669666690      -187.9410827490      -187.9410827490
       495       247.5000000000      -187.9693837020      -187.9428495220      -187.9428495220
       496       248.0000000000      -187.9663381530      -187.9389169270      -187.9389169270
       497       248.5000000000      -187.9608077080      -187.9322752950      -187.9322752950
       498       249.0000000000      -187.9577452450      -187.9279170860      -187.9279170860
       499       249.5000000000      -187.9589524520      -187.9276744300      -187.9276744300
       500       250.0000000000      -187.9612430490      -187.9283821390      -187.9283821390
       501       250.5000000000      -187.9606231540      -187.9260943650      -187.9260943650
       502       251.0000000000      -187.9562338330      -187.9200464630      -187.9200464630
       503       251.5000000000      -187.9498784800      -187.9121618390      -187.9121618390
       504       252.0000000000      -187.9435350780      -187.9045287190      -187.9045287190
       505       252.5000000000      -187.9380248650      -187.8980459610      -187.8980459610
       506       253.0000000000      -187.9332877350      -187.8926939930      -187.8926939930
       507       253.5000000000      -187.9290677550      -187.8882271790      -187.8882271790
       508       254.0000000000      -187.9252403850      -187.8845103970      -187.8845103970
       509       254.5000000000      -187.9219131930      -187.8816267970      -187.8816267970
       510       255.0000000000      -187.9196151100      -187.8800725640      -187.8800725640
       511       255.5000000000      -187.9195079050      -187.8809719560      -187.8809719560
       512       256.0000000000      -187.9231371470      -187.8858302620      -187.8858302620
       513       256.5000000000      -187.9313662150      -187.8954660510      -187.8954660510
       514       257.0000000000      -187.9430353370      -187.9086653630      -187.9086653630
       515       257.5000000000      -187.9546375360      -187.9218532990      -187.9218532990
       516       258.0000000000      -187.9616700990      -187.9304460180      -187.9304460180
       517       258.5000000000      -187.9609571640      -187.9311838600      -187.9311838600
       518       259.0000000000      -187.9527459930      -187.9242498160      -187.9242498160
       519       259.5000000000      -187.9414349890      -187.9140200890      -187.9140200890
       520       260.0000000000      -187.9333569980      -187.9068409790      -187.9068409790
       521       260.5000000000      -187.9316786970      -187.9058849700      -187.9058849700
       522       261.0000000000      -187.9338840820      -187.9086009430      -187.9086009430
       523       261.5000000000      -187.9355582390      -187.9105217220      -187.9105217220
       524       262.0000000000      -187.9346606860      -187.9095818260      -187.9095818260
       525       262.5000000000      -187.9316032030      -187.9062093030      -187.9062093030
       526       263.0000000000      -187.9274914350      -187.9015533150      -187.9015533150
       527       263.5000000000      -187.9231673140      -187.8965096200      -187.8965096200
       528       264.0000000000      -187.9191118020      -187.8916123240      -187.8916123240
       529       264.5000000000      -187.9155994740      -187.8871831530      -187.8871831530
       530       265.0000000000      -187.9129498040      -187.8835801150      -187.8835801150
       531       265.5000000000      -187.9118945610      -187.8815652630      -187.8815652630
       532       266.0000000000      -187.9138289250      -187.8825574150      -187.8825574150
       533       266.5000000000      -187.9204515510      -187.8882728950      -187.8882728950
       534       267.0000000000      -187.9325927390      -187.8995516770      -187.8995516770
       535       267.5000000000      -187.9489587160      -187.9150980910      -187.9150980910
       536       268.0000000000      -187.9659785050      -187.9313247550      -187.9313247550
       537       268.5000000000      -187.9790096480      -187.9435576960      -187.9435576960
       538       269.0000000000      -187.9840813250      -187.9477846000      -187.9477846000
       539       269.5000000000      -187.9795535920      -187.9423299400      -187.9423299400
       540       270.0000000000      -187.9675822110      -187.9293478110      -187.9293478110
       541       270.5000000000      -187.9544010200      -187.9151246530      -187.9151246530
       542       271.0000000000      -187.9472202960      -187.9069629400      -187.9069629400
       543       271.5000000000      -187.9486779660      -187.9075866940      -187.9075866940
       544       272.0000000000      -187.9552645750      -187.9135396750      -187.9135396750
       545       272.5000000000      -187.9616355290      -187.9195125590      -187.9195125590
       546       273.0000000000      -187.9646236610      -187.9223787950      -187.9223787950
       547       273.5000000000      -187.9637128680      -187.9216719570      -187.9216719570
       548       274.0000000000      -187.9598264410      -187.9183622760      -187.9183622760
       549       274.5000000000      -187.9542136510      -187.9137299610      -187.9137299610
       550       275.0000000000      -187.9478956480      -187.9088023400      -187.9088023400
       551       275.5000000000      -187.9416465990      -187.9043305880      -187.9043305880
       552       276.0000000000      -187.9363494380      -187.9011431990      -187.9011431990
       553       276.5000000000      -187.9333875690      -187.9005381880      -187.9005381880
       554       277.0000000000      -187.9345397830      -187.9041892220      -187.9041892220
       555       277.5000000000      -187.9410135490      -187.9132021750      -187.9132021750
       556       278.0000000000      -187.9520989340      -187.9267892440      -187.9267892440
       557       278.5000000000      -187.9647300060      -187.9418366760      -187.9418366760
       558       279.0000000000      -187.9746227850      -187.9540395490      -187.9540395490
       559       279.5000000000      -187.9781125270      -187.9597316180      -187.9597316180
       560       280.0000000000      -187.9734615290      -187.9571834150      -187.9571834150
       561       280.5000000000      -187.9614015950      -187.9471360020      -187.9471360020
       562       281.0000000000      -187.9452696110      -187.9329298770      -187.9329298770
       563       281.5000000000      -187.9303708500      -187.9198629880      -187.9198629880
       564       282.0000000000      -187.9214968840      -187.9127035580      -187.9127035580
       565       282.5000000000      -187.9197251340      -187.9124888290      -187.9124888290
       566       283.0000000000      -187.9221873160      -187.9162956920      -187.9162956920
       567       283.5000000000      -187.9251247880      -187.9202900570      -187.9202900570
       568       284.0000000000      -187.9264485220      -187.9222904430      -187.9222904430
       569       284.5000000000      -187.9259217840      -187.9220305720      -187.9220305720
       570       285.0000000000      -187.9241312430      -187.9202558720      -187.9202558720
       571       285.5000000000      -187.9217326980      -187.9179119180      -187.9179119180
       572       286.0000000000      -187.9193725060      -187.9158828520      -187.9158828520
       573       286.5000000000      -187.9179228310      -187.9151503250      -187.9151503250
       574       287.0000000000      -187.9186032050      -187.9168830130      -187.9168830130
       575       287.5000000000      -187.9229377700      -187.9218175680      -187.9218175680
       576       288.0000000000      -187.9320165520      -187.9295721660      -187.9295721660
       577       288.5000000000      -187.9440263490      -187.9398868590      -187.9398868590
       578       289.0000000000      -187.9561895100      -187.9505640680      -187.9505640680
       579       289.5000000000      -187.9653162480      -187.9585479210      -187.9585479210
       580       290.0000000000      -187.9686822510      -187.9611755240      -187.9611755240
       581       290.5000000000      -187.9647289510      -187.9569180540      -187.9569180540
       582       291.0000000000      -187.9535691180      -187.9458894250      -187.9458894250
       583       291.5000000000      -187.9376413100      -187.9304950160      -187.9304950160
       584       292.0000000000      -187.9219722910      -187.9156777590      -187.9156777590
       585       292.5000000000      -187.9124299470      -187.9071160320      -187.9071160320
       586       293.0000000000      -187.9119266410      -187.9073004940      -187.9073004940
       587       293.5000000000      -187.9183335820      -187.9134884940      -187.9134884940
       588       294.0000000000      -187.9266963460      -187.9205726940      -187.9205726940
       589       294.5000000000      -187.9330776300      -187.9250110530      -187.9250110530
       590       295.0000000000      -187.9361384260      -187.9258214790      -187.9258214790
       591       295.5000000000      -187.9362747910      -187.9235968140      -187.9235968140
       592       296.0000000000      -187.9344480330      -187.9193954650      -187.9193954650
       593       296.5000000000      -187.9317359940      -187.9143306640      -187.9143306640
       594       297.0000000000      -187.9294871320      -187.9097466120      -187.9097466120
       595       297.5000000000      -187.9295294080      -187.9074462010      -187.9074462010
       596       298.0000000000      -187.9338300750      -187.9093689250      -187.9093689250
       597       298.5000000000      -187.9434126930      -187.9165211550      -187.9165211550
       598       299.0000000000      -187.9572686070      -187.9278918000      -187.9278918000
       599       299.5000000000      -187.9724505180      -187.9405418510      -187.9405418510
       600       300.0000000000      -187.9853927350      -187.9509175170      -187.9509175170
       601       300.5000000000      -187.9931988820      -187.9561315910      -187.9561315910
       602       301.0000000000      -187.9941297450      -187.9544486540      -187.9544486540
       603       301.5000000000      -187.9877910110      -187.9454738570      -187.9454738570
       604       302.0000000000      -187.9757169120      -187.9307419430      -187.9307419430
       605       302.5000000000      -187.9620194460      -187.9143736200      -187.9143736200
       606       303.0000000000      -187.9524982490      -187.9021906990      -187.9021906990
       607       303.5000000000      -187.9512758950      -187.8983483920      -187.8983483920
       608       304.0000000000      -187.9577029930      -187.9022319050      -187.9022319050
       609       304.5000000000      -187.9674142690      -187.9095056220      -187.9095056220
       610       305.0000000000      -187.9761098560      -187.9158901610      -187.9158901610
       611       305.5000000000      -187.9817164680      -187.9193175220      -187.9193175220
       612       306.0000000000      -187.9840636930      -187.9196022260      -187.9196022260
       613       306.5000000000      -187.9838704690      -187.9174288280      -187.9174288280
       614       307.0000000000      -187.9822448450      -187.9138591590      -187.9138591590
       615       307.5000000000      -187.9807014920      -187.9103608180      -187.9103608180
       616       308.0000000000      -187.9811720100      -187.9088280890      -187.9088280890
       617       308.5000000000      -187.9855171760      -187.9111008270      -187.9111008270
       618       309.0000000000      -187.9945070780      -187.9179451410      -187.9179451410
       619       309.5000000000      -188.0069886110      -187.9282170210      -187.9282170210
       620       310.0000000000      -188.0202046110      -187.9391776300      -187.9391776300
       621       310.5000000000      -188.0311229040      -187.9478206690      -187.9478206690
       622       311.0000000000      -188.0375509860      -187.9519844190      -187.9519844190
       623       311.5000000000      -188.0384244180      -187.9506337750      -187.9506337750
       624       312.0000000000      -188.0337400470      -187.9437846070      -187.9437846070
       625       312.5000000000      -188.0246334550      -187.9325754460      -187.9325754460
       626       313.0000000000      -188.0135704150      -187.9194609910      -187.9194609910
       627       313.5000000000      -188.0043044300      -187.9081800120      -187.9081800120
       628       314.0000000000      -188.0009119470      -187.9028043580      -187.9028043580
       629       314.5000000000      -188.0053522730      -187.9053078400      -187.9053078400
       630       315.0000000000      -188.0154696760      -187.9135666410      -187.9135666410
       631       315.5000000000      -188.0265015420      -187.9228563460      -187.9228563460
       632       316.0000000000      -188.0345317790      -187.9292890610      -187.9292890610
       633       316.5000000000      -188.0379987820      -187.9313055450      -187.9313055450
       634       317.0000000000      -188.0370115980      -187.9289840380      -187.9289840380
       635       317.5000000000      -188.0324653610      -187.9231612410      -187.9231612410
       636       318.0000000000      -188.0259904700      -187.9153984710      -187.9153984710
       637       318.5000000000      -188.0203683680      -187.9084189360      -187.9084189360
       638       319.0000000000      -188.0191846670      -187.9057768550      -187.9057768550
       639       319.5000000000      -188.0248858130      -187.9099172950      -187.9099172950
       640       320.0000000000      -188.0367059540      -187.9200965190      -187.9200965190
       641       320.5000000000      -188.0509842860      -187.9326937230      -187.9326937230
       642       321.0000000000      -188.0634749090      -187.9435201200      -187.9435201200
       643       321.5000000000      -188.0711690730      -187.9496394220      -187.9496394220
       644       322.0000000000      -188.0727114150      -187.9497769090      -187.9497769090
       645       322.5000000000      -188.0680660030      -187.9439754490      -187.9439754490
       646       323.0000000000      -188.0581508710      -187.9332208360      -187.9332208360
       647       323.5000000000      -188.0448097430      -187.9194060670      -187.9194060670
       648       324.0000000000      -188.0311499350      -187.9056638190      -187.9056638190
       649       324.5000000000      -188.0215153730      -187.8963378370      -187.8963378370
       650       325.0000000000      -188.0196591370      -187.8951599320      -187.8951599320
       651       325.5000000000      -188.0256722000      -187.9021878950      -187.9021878950
       652       326.0000000000      -188.0355344580      -187.9133659010      -187.9133659010
       653       326.5000000000      -188.0443588400      -187.9237710970      -187.9237710970
       654       327.0000000000      -188.0492768600      -187.9304932870      -187.9304932870
       655       327.5000000000      -188.0496620280      -187.9328527780      -187.9328527780
       656       328.0000000000      -188.0460902310      -187.9313649020      -187.9313649020
       657       328.5000000000      -188.0396499750      -187.9270641090      -187.9270641090
       658       329.0000000000      -188.0319862760      -187.9215645630      -187.9215645630
       659       329.5000000000      -188.0254981350      -187.9172643730      -187.9172643730
       660       330.0000000000      -188.0226159280      -187.9166087860      -187.9166087860
       661       330.5000000000      -188.0241629060      -187.9204214360      -187.9204214360
       662       331.0000000000      -188.0286716160      -187.9271995360      -187.9271995360
       663       331.5000000000      -188.0334934800      -187.9342306600      -187.9342306600
       664       332.0000000000      -188.0362044900      -187.9390250300      -187.9390250300
       665       332.5000000000      -188.0353553180      -187.9400889030      -187.9400889030
       666       333.0000000000      -188.0307665770      -187.9372274270      -187.9372274270
       667       333.5000000000      -188.0233540020      -187.9313641500      -187.9313641500
       668       334.0000000000      -188.0144361900      -187.9238378960      -187.9238378960
       669       334.5000000000      -188.0050771280      -187.9157367050      -187.9157367050
       670       335.0000000000      -187.9962832020      -187.9080911800      -187.9080911800
       671       335.5000000000      -187.9898479950      -187.9027191350      -187.9027191350
       672       336.0000000000      -187.9881103510      -187.9019815970      -187.9019815970
       673       336.5000000000      -187.9918960010      -187.9067158410      -187.9067158410
       674       337.0000000000      -187.9992104030      -187.9149186130      -187.9149186130
       675       337.5000000000      -188.0067486290      -187.9232549630      -187.9232549630
       676       338.0000000000      -188.0120899770      -187.9292620200      -187.9292620200
       677       338.5000000000      -188.0141650700      -187.9318290340      -187.9318290340
       678       339.0000000000      -188.0125368790      -187.9304893280      -187.9304893280
       679       339.5000000000      -188.0071434500      -187.9251708880      -187.9251708880
       680       340.0000000000      -187.9991594210      -187.9170637520      -187.9170637520
       681       340.5000000000      -187.9919109860      -187.9095383260      -187.9095383260
       682       341.0000000000      -187.9897023650      -187.9069701250      -187.9069701250
       683       341.5000000000      -187.9944997630      -187.9114149340      -187.9114149340
       684       342.0000000000      -188.0040637990      -187.9207290260      -187.9207290260
       685       342.5000000000      -188.0137122740      -187.9303187400      -187.9303187400
       686       343.0000000000      -188.0194438440      -187.9362514250      -187.9362514250
       687       343.5000000000      -188.0196482960      -187.9369560650      -187.9369560650
       688       344.0000000000      -188.0148037690      -187.9329170800      -187.9329170800
       689       344.5000000000      -188.0061747170      -187.9253757740      -187.9253757740
       690       345.0000000000      -187.9949039730      -187.9154299380      -187.9154299380
       691       345.5000000000      -187.9822810820      -187.9043117370      -187.9043117370
       692       346.0000000000      -187.9706480280      -187.8943028410      -187.8943028410
       693       346.5000000000      -187.9631979410      -187.8885405850      -187.8885405850
       694       347.0000000000      -187.9618785610      -187.8889256790      -187.8889256790
       695       347.5000000000      -187.9657277330      -187.8944576670      -187.8944576670
       696       348.0000000000      -187.9720132620      -187.9023725870      -187.9023725870
       697       348.5000000000      -187.9784615580      -187.9103718220      -187.9103718220
       698       349.0000000000      -187.9838749330      -187.9172446930      -187.9172446930
       699       349.5000000000      -187.9873104170      -187.9220547290      -187.9220547290
       700       350.0000000000      -187.9874557800      -187.9235204440      -187.9235204440
       701       350.5000000000      -187.9831417020      -187.9205244310      -187.9205244310
       702       351.0000000000      -187.9747908640      -187.9135479960      -187.9135479960
       703       351.5000000000      -187.9654653370      -187.9056925510      -187.9056925510
       704       352.0000000000      -187.9596203880      -187.9014074970      -187.9014074970
       705       352.5000000000      -187.9597071880      -187.9030853800      -187.9030853800
       706       353.0000000000      -187.9641549040      -187.9090631280      -187.9090631280
       707       353.5000000000      -187.9691522970      -187.9154325270      -187.9154325270
       708       354.0000000000      -187.9718709140      -187.9192812300      -187.9192812300
       709       354.5000000000      -187.9716785080      -187.9199119130      -187.9199119130
       710       355.0000000000      -187.9690491920      -187.9177546910      -187.9177546910
       711       355.5000000000      -187.9642592340      -187.9130663310      -187.9130663310
       712       356.0000000000      -187.9573589810      -187.9059036440      -187.9059036440
       713       356.5000000000      -187.9490923330      -187.8970408300      -187.8970408300
       714       357.0000000000      -187.9414987130      -187.8885679630      -187.8885679630
       715       357.5000000000      -187.9372695460      -187.8832461230      -187.8832461230
       716       358.0000000000      -187.9382117880      -187.8829696750      -187.8829696750
       717       358.5000000000      -187.9443262920      -187.8878380770      -187.8878380770
       718       359.0000000000      -187.9542620130      -187.8965958730      -187.8965958730
       719       359.5000000000      -187.9661714170      -187.9074712940      -187.9074712940
       720       360.0000000000      -187.9779740270      -187.9184272580      -187.9184272580
       721       360.5000000000      -187.9872455990      -187.9270468260      -187.9270468260
       722       361.0000000000      -187.9915047670      -187.9308275930      -187.9308275930
       723       361.5000000000      -187.9894459160      -187.9284330080      -187.9284330080
       724       362.0000000000      -187.9828622470      -187.9216400380      -187.9216400380
       725       362.5000000000      -187.9772794820      -187.9159929050      -187.9159929050
       726       363.0000000000      -187.9785898670      -187.9174388260      -187.9174388260
       727       363.5000000000      -187.9875377860      -187.9267925690      -187.9267925690
       728       364.0000000000      -187.9989889270      -187.9389786510      -187.9389786510
       729       364.5000000000      -188.0069451160      -187.9480322640      -187.9480322640
       730       365.0000000000      -188.0084877490      -187.9510419390      -187.9510419390
       731       365.5000000000      -188.0035911420      -187.9479639550      -187.9479639550
       732       366.0000000000      -187.9934839220      -187.9399803500      -187.9399803500
       733       366.5000000000      -187.9799105640      -187.9287546360      -187.9287546360
       734       367.0000000000      -187.9652005670      -187.9164999470      -187.9164999470
       735       367.5000000000      -187.9521246840      -187.9058466220      -187.9058466220
       736       368.0000000000      -187.9431183820      -187.8990895270      -187.8990895270
       737       368.5000000000      -187.9394512210      -187.8973830440      -187.8973830440
       738       369.0000000000      -187.9410855120      -187.9006113620      -187.9006113620
       739       369.5000000000      -187.9471125760      -187.9078189180      -187.9078189180
       740       370.0000000000      -187.9561090080      -187.9175545920      -187.9175545920
       741       370.5000000000      -187.9661686270      -187.9278970210      -187.9278970210
       742       371.0000000000      -187.9748616590      -187.9364152670      -187.9364152670
       743       371.5000000000      -187.9794875160      -187.9404265970      -187.9404265970
       744       372.0000000000      -187.9779659870      -187.9378898280      -187.9378898280
       745       372.5000000000      -187.9704494470      -187.9290137230      -187.9290137230
       746       373.0000000000      -187.9606653670      -187.9175905170      -187.9175905170
       747       373.5000000000      -187.9547220640      -187.9097916430      -187.9097916430
       748       374.0000000000      -187.9567844900      -187.9098387420      -187.9098387420
       749       374.5000000000      -187.9658171120      -187.9167515260      -187.9167515260
       750       375.0000000000      -187.9772711730      -187.9260439140      -187.9260439140
       751       375.5000000000      -187.9869316480      -187.9335713470      -187.9335713470
       752       376.0000000000      -187.9926469420      -187.9372507960      -187.9372507960
       753       376.5000000000      -187.9939768860      -187.9366983200      -187.9366983200
       754       377.0000000000      -187.9915252590      -187.9325565720      -187.9325565720
       755       377.5000000000      -187.9865516020      -187.9261051590      -187.9261051590
       756       378.0000000000      -187.9806679770      -187.9189577260      -187.9189577260
       757       378.5000000000      -187.9754962040      -187.9127204400      -187.9127204400
       758       379.0000000000      -187.9723635170      -187.9086907070      -187.9086907070
       759       379.5000000000      -187.9721161560      -187.9076746470      -187.9076746470
       760       380.0000000000      -187.9750077790      -187.9098785400      -187.9098785400
       761       380.5000000000      -187.9805921730      -187.9148025550      -187.9148025550
       762       381.0000000000      -187.9876403920      -187.9211572190      -187.9211572190
       763       381.5000000000      -187.9941803450      -187.9269032700      -187.9269032700
       764       382.0000000000      -187.9978063070      -187.9295652080      -187.9295652080
       765       382.5000000000      -187.9965011590      -187.9270630040      -187.9270630040
       766       383.0000000000      -187.9900928340      -187.9191842680      -187.9191842680
       767       383.5000000000      -187.9816042070      -187.9089539360      -187.9089539360
       768       384.0000000000      -187.9764956100      -187.9018930830      -187.9018930830
       769       384.5000000000      -187.9788046550      -187.9021575990      -187.9021575990
       770       385.0000000000      -187.9875001310      -187.9088659170      -187.9088659170
       771       385.5000000000      -187.9974232570      -187.9170020420      -187.9170020420
       772       386.0000000000      -188.0035090140      -187.9216083640      -187.9216083640
       773       386.5000000000      -188.0037634910      -187.9207539860      -187.9207539860
       774       387.0000000000      -187.9995022020      -187.9157799550      -187.9157799550
       775       387.5000000000      -187.9937718140      -187.9097352250      -187.9097352250
       776       388.0000000000      -187.9890035930      -187.9050435430      -187.9050435430
       777       388.5000000000      -187.9856184740      -187.9021150850      -187.9021150850
       778       389.0000000000      -187.9828665740      -187.9001833090      -187.9001833090
       779       389.5000000000      -187.9805204320      -187.8989914180      -187.8989914180
       780       390.0000000000      -187.9793572380      -187.8992715860      -187.8992715860
       781       390.5000000000      -187.9803787040      -187.9019686480      -187.9019686480
       782       391.0000000000      -187.9838849010      -187.9073221870      -187.9073221870
       783       391.5000000000      -187.9890700290      -187.9144705320      -187.9144705320
       784       392.0000000000      -187.9941368780      -187.9215700170      -187.9215700170
       785       392.5000000000      -187.9967445470      -187.9262430210      -187.9262430210
       786       393.0000000000      -187.9947994510      -187.9263661120      -187.9263661120
       787       393.5000000000      -187.9876878090      -187.9213002010      -187.9213002010
       788       394.0000000000      -187.9775206430      -187.9131374410      -187.9131374410
       789       394.5000000000      -187.9689411840      -187.9065143020      -187.9065143020
       790       395.0000000000      -187.9662699800      -187.9057604640      -187.9057604640
       791       395.5000000000      -187.9698061190      -187.9111969120      -187.9111969120
       792       396.0000000000      -187.9753235220      -187.9186242340      -187.9186242340
       793       396.5000000000      -187.9773459790      -187.9225902860      -187.9225902860
       794       397.0000000000      -187.9726646260      -187.9199011640      -187.9199011640
       795       397.5000000000      -187.9618855880      -187.9111624820      -187.9111624820
       796       398.0000000000      -187.9490727850      -187.9004168330      -187.9004168330
       797       398.5000000000      -187.9392933010      -187.8926873760      -187.8926873760
       798       399.0000000000      -187.9350242210      -187.8903894650      -187.8903894650
       799       399.5000000000      -187.9350801100      -187.8922675820      -187.8922675820
       800       400.0000000000      -187.9371474730      -187.8959411440      -187.8959411440
