-1.880019829320000042e+02 -1.878665666729999941e+02
-1.880083335589999933e+02 -1.878724116779999918e+02
-1.880282521119999899e+02 -1.878921458670000106e+02
-1.880560465739999927e+02 -1.879203877200000079e+02
-1.880532348419999948e+02 -1.879186599290000004e+02
-1.880094320080000045e+02 -1.878762434450000001e+02
-1.880101908940000044e+02 -1.878784739539999862e+02
-1.880508092240000053e+02 -1.879206610930000068e+02
-1.880507565650000004e+02 -1.879224870730000134e+02
-1.880290056110000023e+02 -1.879031561399999930e+02
-1.880111163370000043e+02 -1.878881090250000057e+02
-1.879986940000000004e+02 -1.878785826659999998e+02
-1.879955325239999979e+02 -1.878779187240000113e+02
-1.880113766830000088e+02 -1.878955196830000034e+02
-1.880380445440000017e+02 -1.879232052810000084e+02
-1.880454638100000011e+02 -1.879312508950000051e+02
-1.880185710680000000e+02 -1.879049486099999910e+02
-1.879932383999999956e+02 -1.878803040999999894e+02
-1.880161829619999878e+02 -1.879042955619999873e+02
-1.880402548410000065e+02 -1.879300933700000087e+02
-1.880337827810000135e+02 -1.879259400759999892e+02
-1.880137736060000009e+02 -1.879083852839999906e+02
-1.879916988569999887e+02 -1.878883690030000082e+02
-1.879819710810000117e+02 -1.878801102539999874e+02
-1.879960762929999873e+02 -1.878953759039999909e+02
-1.880208202169999936e+02 -1.879214228429999878e+02
-1.880338952040000038e+02 -1.879362427949999983e+02
-1.880227505260000100e+02 -1.879273719669999991e+02
-1.879934965589999933e+02 -1.879009518059999948e+02
-1.879739832680000120e+02 -1.878850746390000097e+02
-1.880043888220000099e+02 -1.879201598040000079e+02
-1.880176409700000022e+02 -1.879386610530000041e+02
-1.879931074860000138e+02 -1.879196438650000118e+02
-1.879593209070000057e+02 -1.878916590590000055e+02
-1.879437917049999953e+02 -1.878822483339999962e+02
-1.879523684909999872e+02 -1.878971635430000049e+02
-1.879679347100000086e+02 -1.879191151919999925e+02
-1.879752032620000080e+02 -1.879327193389999877e+02
-1.879696371290000059e+02 -1.879332531000000017e+02
-1.879628695879999896e+02 -1.879319644150000101e+02
-1.879432024730000137e+02 -1.879171630369999946e+02
-1.879474315200000092e+02 -1.879273469670000054e+02
-1.879735353830000122e+02 -1.879623024930000099e+02
-1.879565610600000127e+02 -1.879536010580000038e+02
-1.879341469249999932e+02 -1.879223970029999862e+02
-1.879315133789999948e+02 -1.879113769189999914e+02
-1.879443885729999977e+02 -1.879171399569999892e+02
-1.879546566710000093e+02 -1.879208345840000050e+02
-1.879536197710000067e+02 -1.879132501660000116e+02
-1.879561466019999898e+02 -1.879092453840000019e+02
-1.879847876389999897e+02 -1.879316573840000046e+02
-1.880167653670000050e+02 -1.879580058610000037e+02
-1.880101415240000051e+02 -1.879468634730000076e+02
-1.879777195359999951e+02 -1.879109619799999962e+02
-1.879862174060000086e+02 -1.879162404820000063e+02
-1.880010310430000118e+02 -1.879281017060000067e+02
-1.880062623180000116e+02 -1.879306461259999992e+02
-1.880083217140000045e+02 -1.879298598739999875e+02
-1.880035193930000048e+02 -1.879217472310000119e+02
-1.879889815230000067e+02 -1.879033834040000102e+02
-1.879837127979999991e+02 -1.878939352669999892e+02
-1.880108399700000064e+02 -1.879167895710000096e+02
-1.880455298969999944e+02 -1.879474782430000062e+02
-1.880503081390000091e+02 -1.879491124379999860e+02
-1.880110418120000020e+02 -1.879078504750000036e+02
-1.879995695709999950e+02 -1.878952674699999932e+02
-1.880427912929999934e+02 -1.879380636770000024e+02
-1.880611569650000092e+02 -1.879566859210000018e+02
-1.880494017160000055e+02 -1.879457469140000114e+02
-1.880207859120000080e+02 -1.879182218740000110e+02
-1.879959345620000022e+02 -1.878945735469999931e+02
-1.879996244719999936e+02 -1.878995856299999900e+02
-1.880191383499999915e+02 -1.879205409580000037e+02
-1.880317125560000022e+02 -1.879346943269999883e+02
-1.880322505700000022e+02 -1.879370116460000020e+02
-1.880202478630000087e+02 -1.879268665120000037e+02
-1.879987107800000103e+02 -1.879067796779999924e+02
-1.880032971679999889e+02 -1.879121618990000115e+02
-1.880370851790000017e+02 -1.879465645850000044e+02
-1.880433073519999994e+02 -1.879536010710000085e+02
-1.880237500370000134e+02 -1.879349810880000007e+02
-1.880074442309999938e+02 -1.879196133069999917e+02
-1.880061594500000126e+02 -1.879195090240000070e+02
-1.880064480359999948e+02 -1.879216670490000070e+02
-1.879995301659999996e+02 -1.879175643089999994e+02
-1.879908878530000038e+02 -1.879124817530000087e+02
-1.879879626009999924e+02 -1.879132850469999880e+02
-1.879772988649999945e+02 -1.879060229410000034e+02
-1.879763094879999983e+02 -1.879082976679999888e+02
-1.880034978120000062e+02 -1.879390627589999951e+02
-1.879986268670000129e+02 -1.879378737629999989e+02
-1.879759700680000094e+02 -1.879186225789999867e+02
-1.879734338940000100e+02 -1.879190306510000141e+02
-1.879760638310000047e+02 -1.879243112039999914e+02
-1.879658317390000093e+02 -1.879167127249999965e+02
-1.879498896910000099e+02 -1.879034375200000113e+02
-1.879469487110000046e+02 -1.879029990870000120e+02
-1.879613317710000047e+02 -1.879194192310000062e+02
-1.879682911799999943e+02 -1.879278478280000115e+02
-1.879563552479999942e+02 -1.879170290389999991e+02
-1.879603951750000022e+02 -1.879217219489999877e+02
-1.879675357280000014e+02 -1.879286920890000090e+02
-1.879697548590000054e+02 -1.879304946649999977e+02
-1.879768855460000054e+02 -1.879378741499999990e+02
-1.879718777580000051e+02 -1.879341311539999992e+02
-1.879534141949999935e+02 -1.879177628550000065e+02
-1.879403767459999983e+02 -1.879072764400000040e+02
-1.879501949369999920e+02 -1.879197541999999999e+02
-1.879699493569999902e+02 -1.879420567880000021e+02
-1.879705062090000069e+02 -1.879449590870000009e+02
-1.879491403000000105e+02 -1.879259798690000025e+02
-1.879446873999999923e+02 -1.879247975229999952e+02
-1.879426467449999905e+02 -1.879271513260000006e+02
-1.879491859670000053e+02 -1.879363518590000126e+02
-1.879619408359999966e+02 -1.879463107450000052e+02
-1.879522409269999912e+02 -1.879317840109999906e+02
-1.879317062830000111e+02 -1.879070279690000120e+02
-1.879278296090000140e+02 -1.878998799839999947e+02
-1.879442182390000085e+02 -1.879138905019999868e+02
-1.879652538459999960e+02 -1.879334111999999948e+02
-1.879741173189999870e+02 -1.879417764469999952e+02
-1.879618819979999955e+02 -1.879304698239999993e+02
-1.879512804270000004e+02 -1.879225244909999901e+02
-1.879465683829999989e+02 -1.879213767669999982e+02
-1.879487287110000011e+02 -1.879261078240000131e+02
-1.879475272440000140e+02 -1.879250375979999887e+02
-1.879262995439999884e+02 -1.879021872689999952e+02
-1.879083554759999970e+02 -1.878824289910000118e+02
-1.879137461070000086e+02 -1.878864921660000107e+02
-1.879336166740000067e+02 -1.879052238900000020e+02
-1.879498337619999973e+02 -1.879196040429999925e+02
-1.879489330600000017e+02 -1.879153000720000080e+02
-1.879454722950000018e+02 -1.879069942460000107e+02
-1.879530755510000120e+02 -1.879091204789999949e+02
-1.879596014180000054e+02 -1.879098832550000111e+02
-1.879752265369999975e+02 -1.879199122949999889e+02
-1.879742088440000032e+02 -1.879138325959999918e+02
-1.879560140609999905e+02 -1.878909587180000074e+02
-1.879500441879999926e+02 -1.878804850150000050e+02
-1.879627113280000117e+02 -1.878888386449999928e+02
-1.879818547950000038e+02 -1.879040532280000093e+02
-1.879970402190000129e+02 -1.879160739900000010e+02
-1.879969027900000071e+02 -1.879140212920000010e+02
-1.879876977460000091e+02 -1.879045836960000031e+02
-1.879924599899999862e+02 -1.879106154330000038e+02
-1.879996927299999925e+02 -1.879197123410000074e+02
-1.880027590470000121e+02 -1.879250276150000047e+02
-1.879879046110000047e+02 -1.879131987590000108e+02
-1.879687479899999971e+02 -1.878978838710000048e+02
-1.879629511949999880e+02 -1.878963307690000022e+02
-1.879669571539999993e+02 -1.879044634159999987e+02
-1.879730872769999905e+02 -1.879142362119999916e+02
-1.879741368450000039e+02 -1.879182450129999893e+02
-1.879684668300000112e+02 -1.879148061610000013e+02
-1.879673626549999881e+02 -1.879155238790000055e+02
-1.879701503439999897e+02 -1.879203002570000081e+02
-1.879730812949999859e+02 -1.879256695720000039e+02
-1.879681766159999938e+02 -1.879236398479999934e+02
-1.879490423599999929e+02 -1.879076372959999901e+02
-1.879366854449999948e+02 -1.878984642030000032e+02
-1.879373098990000130e+02 -1.879022514049999870e+02
-1.879416543719999879e+02 -1.879097044769999911e+02
-1.879458263090000116e+02 -1.879167316379999875e+02
-1.879511421839999912e+02 -1.879242462299999943e+02
-1.879553442360000020e+02 -1.879296664729999975e+02
-1.879534705350000081e+02 -1.879280839300000139e+02
-1.879573867919999941e+02 -1.879315582099999915e+02
-1.879587730430000079e+02 -1.879321247290000088e+02
-1.879436055669999917e+02 -1.879165285480000023e+02
-1.879274638260000074e+02 -1.879008847590000073e+02
-1.879274186039999961e+02 -1.879023341269999889e+02
-1.879347278209999956e+02 -1.879119397519999950e+02
-1.879407490579999944e+02 -1.879201446069999974e+02
-1.879471836429999883e+02 -1.879268764539999950e+02
-1.879580961620000039e+02 -1.879353478259999974e+02
-1.879711896610000110e+02 -1.879443686379999860e+02
-1.879805570400000079e+02 -1.879488130940000019e+02
-1.879875041969999927e+02 -1.879496186009999974e+02
-1.879852210200000115e+02 -1.879398822379999956e+02
-1.879730760079999925e+02 -1.879194372759999965e+02
-1.879681703020000043e+02 -1.879060390639999980e+02
-1.879795412150000118e+02 -1.879093481509999890e+02
-1.879952617989999908e+02 -1.879179341630000124e+02
-1.880064954450000130e+02 -1.879234035210000116e+02
-1.880165538319999996e+02 -1.879294582379999952e+02
-1.880292443449999951e+02 -1.879400293239999939e+02
-1.880353853910000055e+02 -1.879455484570000010e+02
-1.880324214080000047e+02 -1.879428071510000109e+02
-1.880248875689999863e+02 -1.879359173549999866e+02
-1.880106608609999910e+02 -1.879226353999999901e+02
-1.879935008139999866e+02 -1.879066509959999962e+02
-1.879868826119999881e+02 -1.879012482599999885e+02
-1.879965445930000101e+02 -1.879119569409999997e+02
-1.880074061349999965e+02 -1.879236177950000126e+02
-1.880123782389999860e+02 -1.879291499939999994e+02
-1.880161242769999888e+02 -1.879331445260000066e+02
-1.880225042659999986e+02 -1.879392262359999961e+02
-1.880264792989999876e+02 -1.879421099630000072e+02
-1.880225784499999975e+02 -1.879362876840000069e+02
-1.880140636120000011e+02 -1.879251793759999885e+02
-1.880081494789999965e+02 -1.879162603169999954e+02
-1.880017208570000093e+02 -1.879067560100000094e+02
-1.879996792459999995e+02 -1.879019375229999866e+02
-1.880124196799999936e+02 -1.879125461060000077e+02
-1.880304108880000058e+02 -1.879293221529999869e+02
-1.880440873819999865e+02 -1.879427973610000038e+02
-1.880544528199999945e+02 -1.879538369699999976e+02
-1.880560102679999943e+02 -1.879566526849999946e+02
-1.880419633969999893e+02 -1.879442330939999977e+02
-1.880193975699999953e+02 -1.879236703040000123e+02
-1.880047132779999970e+02 -1.879114962900000023e+02
-1.879973326219999876e+02 -1.879071916370000110e+02
-1.879885008349999964e+02 -1.879018827689999966e+02
-1.879864436189999992e+02 -1.879036155930000120e+02
-1.879948257270000056e+02 -1.879161245459999918e+02
-1.880002266269999893e+02 -1.879263938800000062e+02
-1.880048339269999929e+02 -1.879368909259999896e+02
-1.880148602470000014e+02 -1.879535715229999937e+02
-1.880145931190000113e+02 -1.879602735370000062e+02
-1.879935727810000117e+02 -1.879462553360000072e+02
-1.879677170680000131e+02 -1.879271301160000007e+02
-1.879536104759999944e+02 -1.879191278190000105e+02
-1.879449953399999913e+02 -1.879158159200000000e+02
-1.879355012530000124e+02 -1.879108697300000017e+02
-1.879305867299999875e+02 -1.879099493020000011e+02
-1.879335232770000061e+02 -1.879165682720000063e+02
-1.879414725690000125e+02 -1.879280584759999897e+02
-1.879558631890000129e+02 -1.879460009729999967e+02
-1.879685152319999872e+02 -1.879619907029999979e+02
-1.879616388690000122e+02 -1.879572445039999877e+02
-1.879407507159999966e+02 -1.879359870410000042e+02
-1.879276102059999971e+02 -1.879223817419999989e+02
-1.879254495129999896e+02 -1.879211406519999912e+02
-1.879253728239999930e+02 -1.879224334150000004e+02
-1.879269208690000141e+02 -1.879227490920000037e+02
-1.879327910460000055e+02 -1.879271148260000075e+02
-1.879382035270000131e+02 -1.879330075480000062e+02
-1.879348747299999900e+02 -1.879329691519999983e+02
-1.879410007470000039e+02 -1.879368467639999949e+02
-1.879589146669999877e+02 -1.879501049909999892e+02
-1.879551770040000065e+02 -1.879423953980000022e+02
-1.879369714919999979e+02 -1.879206326350000040e+02
-1.879287050469999940e+02 -1.879093258949999949e+02
-1.879295468779999965e+02 -1.879077784300000076e+02
-1.879323938169999906e+02 -1.879089438819999884e+02
-1.879380448439999896e+02 -1.879135701190000134e+02
-1.879513057249999974e+02 -1.879262006479999911e+02
-1.879669666689999872e+02 -1.879410827490000031e+02
-1.879663381530000095e+02 -1.879389169270000082e+02
-1.879577452450000123e+02 -1.879279170860000079e+02
-1.879612430489999895e+02 -1.879283821390000071e+02
-1.879562338329999989e+02 -1.879200464630000056e+02
-1.879435350779999965e+02 -1.879045287190000124e+02
-1.879332877349999933e+02 -1.878926939929999946e+02
-1.879252403849999951e+02 -1.878845103970000139e+02
-1.879196151099999952e+02 -1.878800725639999882e+02
-1.879231371470000056e+02 -1.878858302620000131e+02
-1.879430353369999978e+02 -1.879086653630000114e+02
-1.879616700990000027e+02 -1.879304460179999978e+02
-1.879527459930000077e+02 -1.879242498160000139e+02
-1.879333569979999936e+02 -1.879068409790000089e+02
-1.879338840819999916e+02 -1.879086009430000104e+02
-1.879346606860000009e+02 -1.879095818259999930e+02
-1.879274914350000074e+02 -1.879015533150000010e+02
-1.879191118020000033e+02 -1.878916123239999934e+02
-1.879129498039999930e+02 -1.878835801150000009e+02
-1.879138289249999900e+02 -1.878825574150000079e+02
-1.879325927390000004e+02 -1.878995516770000052e+02
-1.879659785050000096e+02 -1.879313247549999915e+02
-1.879840813250000053e+02 -1.879477846000000056e+02
-1.879675822110000070e+02 -1.879293478110000137e+02
-1.879472202960000118e+02 -1.879069629399999997e+02
-1.879552645750000011e+02 -1.879135396750000098e+02
-1.879646236609999903e+02 -1.879223787949999860e+02
-1.879598264409999899e+02 -1.879183622760000105e+02
-1.879478956480000136e+02 -1.879088023399999940e+02
-1.879363494380000077e+02 -1.879011431989999892e+02
-1.879345397829999911e+02 -1.879041892220000136e+02
-1.879520989339999915e+02 -1.879267892439999912e+02
-1.879746227850000082e+02 -1.879540395489999867e+02
-1.879734615289999908e+02 -1.879571834150000029e+02
-1.879452696109999863e+02 -1.879329298769999923e+02
-1.879214968839999926e+02 -1.879127035580000040e+02
-1.879221873159999916e+02 -1.879162956920000056e+02
-1.879264485219999870e+02 -1.879222904430000085e+02
-1.879241312430000050e+02 -1.879202558720000127e+02
-1.879193725060000020e+02 -1.879158828520000100e+02
-1.879186032050000108e+02 -1.879168830129999890e+02
-1.879320165519999932e+02 -1.879295721660000140e+02
-1.879561895100000015e+02 -1.879505640680000056e+02
-1.879686822509999899e+02 -1.879611755239999979e+02
-1.879535691179999901e+02 -1.879458894249999901e+02
-1.879219722910000030e+02 -1.879156777590000047e+02
-1.879119266410000080e+02 -1.879073004939999976e+02
-1.879266963459999999e+02 -1.879205726939999863e+02
-1.879361384260000136e+02 -1.879258214790000068e+02
-1.879344480329999953e+02 -1.879193954650000080e+02
-1.879294871319999913e+02 -1.879097466119999922e+02
-1.879338300750000030e+02 -1.879093689249999954e+02
-1.879572686070000032e+02 -1.879278917999999976e+02
