 # Step, Time, Current state, Current potential, Velocity norm, current gradient
         0      0.00000000     2      -187.8936613120         0.0063053108         0.1994066889
         1      0.50000000     2      -187.8871424170         0.0057359154         0.2242894787
         2      1.00000000     2      -187.8842090960         0.0054482034         0.2315697165
         3      1.50000000     2      -187.8862051380         0.0056130052         0.2173569978
         4      2.00000000     2      -187.8918381900         0.0061001578         0.1908453476
         5      2.50000000     2      -187.8984417310         0.0066499655         0.1676246357
         6      3.00000000     2      -187.9035913530         0.0070771867         0.1626154986
         7      3.50000000     2      -187.9060546200         0.0073122157         0.1812913780
         8      4.00000000     2      -187.9062127770         0.0073878389         0.2129381109
         9      4.50000000     2      -187.9058245890         0.0074113549         0.2377601862
        10      5.00000000     2      -187.9065696480         0.0074802424         0.2407183889
        11      5.50000000     2      -187.9083105160         0.0075840442         0.2235095623
        12      6.00000000     2      -187.9094240570         0.0076321194         0.2051184155
        13      6.50000000     2      -187.9090718420         0.0075874195         0.2030363849
        14      7.00000000     2      -187.9084057670         0.0075307758         0.2123340900
        15      7.50000000     2      -187.9093426810         0.0075848488         0.2155522087
        16      8.00000000     2      -187.9125364550         0.0077822881         0.2014558578
        17      8.50000000     2      -187.9164992210         0.0080169313         0.1704305178
        18      9.00000000     2      -187.9184015920         0.0081157818         0.1372124522
        19      9.50000000     2      -187.9158752760         0.0079417957         0.1310929482
        20     10.00000000     2      -187.9085813820         0.0074570139         0.1641648729
        21     10.50000000     2      -187.8986850350         0.0067528933         0.2116274451
        22     11.00000000     2      -187.8900384530         0.0060632190         0.2485736926
        23     11.50000000     2      -187.8862120330         0.0056990653         0.2616982900
        24     12.00000000     2      -187.8884280530         0.0058233894         0.2505995311
        25     12.50000000     2      -187.8951552780         0.0062937983         0.2259698918
        26     13.00000000     2      -187.9035247830         0.0068409819         0.2021013500
        27     13.50000000     2      -187.9108776780         0.0072678825         0.1905171502
        28     14.00000000     2      -187.9154958120         0.0074782418         0.1974989084
        29     14.50000000     2      -187.9169702830         0.0074603881         0.2199697900
        30     15.00000000     2      -187.9164065070         0.0072865416         0.2428551546
        31     15.50000000     2      -187.9156463160         0.0070784910         0.2475736378
        32     16.00000000     2      -187.9154187240         0.0069075099         0.2285594798
        33     16.50000000     2      -187.9147280360         0.0067475489         0.2034762075
        34     17.00000000     2      -187.9129251700         0.0065914882         0.1979318070
        35     17.50000000     2      -187.9116289560         0.0065699072         0.2089401028
        36     18.00000000     2      -187.9134658490         0.0068480780         0.2109023044
        37     18.50000000     2      -187.9189925370         0.0073898286         0.1905980729
        38     19.00000000     2      -187.9255256910         0.0079447110         0.1565182027
        39     19.50000000     2      -187.9290910480         0.0082526207         0.1340301479
        40     20.00000000     2      -187.9271990430         0.0081780506         0.1466252210
        41     20.50000000     2      -187.9201882180         0.0077274910         0.1847241343
        42     21.00000000     2      -187.9109260910         0.0070359469         0.2237864113
        43     21.50000000     2      -187.9033702410         0.0063482216         0.2461533158
        44     22.00000000     2      -187.9004651930         0.0059367978         0.2436422954
        45     22.50000000     2      -187.9026197460         0.0059258576         0.2194114114
        46     23.00000000     2      -187.9080261870         0.0062062918         0.1849192090
        47     23.50000000     2      -187.9141849880         0.0065751733         0.1530349917
        48     24.00000000     2      -187.9190169060         0.0068758095         0.1350664165
        49     24.50000000     2      -187.9211877800         0.0070212497         0.1406443251
        50     25.00000000     2      -187.9203307590         0.0069905945         0.1691886950
        51     25.50000000     2      -187.9173834220         0.0068434326         0.2054248525
        52     26.00000000     2      -187.9142267720         0.0067052604         0.2312996259
        53     26.50000000     2      -187.9121305350         0.0066717770         0.2406434875
        54     27.00000000     2      -187.9106744280         0.0067251553         0.2455514926
        55     27.50000000     2      -187.9090124310         0.0068079148         0.2605308586
        56     28.00000000     2      -187.9078162890         0.0069482371         0.2801733171
        57     28.50000000     2      -187.9089673100         0.0072346806         0.2867042268
        58     29.00000000     2      -187.9132845090         0.0076694566         0.2695299096
        59     29.50000000     2      -187.9190392140         0.0081072341         0.2319955926
        60     30.00000000     2      -187.9228473330         0.0083487538         0.1907275572
        61     30.50000000     2      -187.9220223250         0.0082608566         0.1722236531
        62     31.00000000     2      -187.9165218600         0.0078433601         0.1902397613
        63     31.50000000     2      -187.9093010490         0.0072548573         0.2228271353
        64     32.00000000     2      -187.9046713430         0.0067797068         0.2409254395
        65     32.50000000     2      -187.9054138430         0.0066649387         0.2325571457
        66     33.00000000     2      -187.9111217490         0.0069191137         0.2049498417
        67     33.50000000     2      -187.9193247050         0.0073561697         0.1750929070
        68     34.00000000     2      -187.9275849040         0.0077958254         0.1568829493
        69     34.50000000     2      -187.9343796360         0.0081392137         0.1547781289
        70     35.00000000     2      -187.9389013170         0.0083405293         0.1664782600
        71     35.50000000     2      -187.9408369120         0.0083815648         0.1867923287
        72     36.00000000     2      -187.9404443380         0.0082718205         0.2075680427
        73     36.50000000     2      -187.9384525200         0.0080465767         0.2197709946
        74     37.00000000     2      -187.9355044300         0.0077443858         0.2206418009
        75     37.50000000     2      -187.9318771220         0.0073947201         0.2179238134
        76     38.00000000     2      -187.9281643590         0.0070539220         0.2204098933
        77     38.50000000     2      -187.9258793270         0.0068403400         0.2244829681
        78     39.00000000     2      -187.9266048810         0.0068710454         0.2200835841
        79     39.50000000     2      -187.9304670080         0.0071356828         0.2040410506
        80     40.00000000     2      -187.9356844660         0.0074768599         0.1823251335
        81     40.50000000     2      -187.9394764200         0.0076936215         0.1688767596
        82     41.00000000     2      -187.9395857590         0.0076413626         0.1809517035
        83     41.50000000     2      -187.9357268400         0.0072907695         0.2195201964
        84     42.00000000     2      -187.9299083420         0.0067611335         0.2640790843
        85     42.50000000     2      -187.9242362140         0.0063041220         0.2959250276
        86     43.00000000     2      -187.9220727300         0.0061891693         0.2930596199
        87     43.50000000     2      -187.9251385100         0.0064561944         0.2617804528
        88     44.00000000     2      -187.9310977550         0.0068914972         0.2221659774
        89     44.50000000     2      -187.9371282850         0.0072861142         0.1887616933
        90     45.00000000     2      -187.9414907410         0.0075393546         0.1687568080
        91     45.50000000     2      -187.9435184810         0.0076276860         0.1652422673
        92     46.00000000     2      -187.9433880090         0.0075756845         0.1769736975
        93     46.50000000     2      -187.9420597740         0.0074537631         0.1950576536
        94     47.00000000     2      -187.9408879840         0.0073628523         0.2080668746
        95     47.50000000     2      -187.9407573950         0.0073831200         0.2127256971
        96     48.00000000     2      -187.9417042870         0.0075379021         0.2163878110
        97     48.50000000     2      -187.9436086980         0.0078196782         0.2236961117
        98     49.00000000     2      -187.9466916820         0.0082120492         0.2258740580
        99     49.50000000     2      -187.9507083150         0.0086548265         0.2128277317
       100     50.00000000     2      -187.9541154700         0.0090285784         0.1874362936
       101     50.50000000     2      -187.9547345760         0.0092069254         0.1638455568
       102     51.00000000     2      -187.9510554390         0.0091089769         0.1573785593
       103     51.50000000     2      -187.9428589090         0.0087092817         0.1757923695
       104     52.00000000     2      -187.9314513940         0.0080456081         0.2135038631
       105     52.50000000     2      -187.9198920540         0.0072597221         0.2526462065
       106     53.00000000     2      -187.9121851430         0.0066175782         0.2720502025
       107     53.50000000     2      -187.9108145300         0.0063770154         0.2606864281
       108     54.00000000     2      -187.9148824920         0.0065481118         0.2258162697
       109     54.50000000     2      -187.9212310670         0.0069086995         0.1869389836
       110     55.00000000     2      -187.9269376950         0.0072458444         0.1627089887
       111     55.50000000     2      -187.9305186300         0.0074615190         0.1612420663
       112     56.00000000     2      -187.9317980630         0.0075457708         0.1776654326
       113     56.50000000     2      -187.9315109760         0.0075422453         0.2002313963
       114     57.00000000     2      -187.9308429940         0.0075218673         0.2175905270
       115     57.50000000     2      -187.9306673920         0.0075401060         0.2250753844
       116     58.00000000     2      -187.9310102960         0.0076039381         0.2283746648
       117     58.50000000     2      -187.9315880200         0.0077000066         0.2356804809
       118     59.00000000     2      -187.9327812250         0.0078467077         0.2432649139
       119     59.50000000     2      -187.9353911280         0.0080761022         0.2380149438
       120     60.00000000     2      -187.9392243220         0.0083581162         0.2139455877
       121     60.50000000     2      -187.9425405470         0.0085850856         0.1796431394
       122     61.00000000     2      -187.9432078640         0.0086408501         0.1528534170
       123     61.50000000     2      -187.9401097440         0.0084633830         0.1499918387
       124     62.00000000     2      -187.9337332860         0.0080666765         0.1727504784
       125     62.50000000     2      -187.9262025880         0.0075562213         0.2057610672
       126     63.00000000     2      -187.9206978860         0.0071305324         0.2291437804
       127     63.50000000     2      -187.9197745470         0.0069913866         0.2298614529
       128     64.00000000     2      -187.9235837830         0.0071776247         0.2091115557
       129     64.50000000     2      -187.9299878760         0.0075406903         0.1804164523
       130     65.00000000     2      -187.9363389430         0.0078980145         0.1591894446
       131     65.50000000     2      -187.9408365130         0.0081375286         0.1536534973
       132     66.00000000     2      -187.9427256210         0.0082164480         0.1638996782
       133     66.50000000     2      -187.9421195150         0.0081395630         0.1853608314
       134     67.00000000     2      -187.9399709490         0.0079573208         0.2094409113
       135     67.50000000     2      -187.9378174590         0.0077596748         0.2246898179
       136     68.00000000     2      -187.9368431500         0.0076290115         0.2233619683
       137     68.50000000     2      -187.9369181450         0.0075787803         0.2093492460
       138     69.00000000     2      -187.9369456190         0.0075638145         0.1979436394
       139     69.50000000     2      -187.9363545030         0.0075623888         0.1998600860
       140     70.00000000     2      -187.9358464210         0.0076148336         0.2059892726
       141     70.50000000     2      -187.9363062760         0.0077558251         0.2017604238
       142     71.00000000     2      -187.9372745760         0.0079307765         0.1873502317
       143     71.50000000     2      -187.9370166180         0.0080157786         0.1785981440
       144     72.00000000     2      -187.9340069750         0.0079072271         0.1922613744
       145     72.50000000     2      -187.9283009460         0.0075907647         0.2279444258
       146     73.00000000     2      -187.9220567060         0.0071786199         0.2684648872
       147     73.50000000     2      -187.9187831260         0.0068973338         0.2922569234
       148     74.00000000     2      -187.9210343650         0.0069440168         0.2852783079
       149     74.50000000     2      -187.9282685590         0.0072923838         0.2495892922
       150     75.00000000     2      -187.9373752810         0.0077330571         0.2003325797
       151     75.50000000     2      -187.9450623940         0.0080725477         0.1553865186
       152     76.00000000     2      -187.9493621650         0.0082162762         0.1309584750
       153     76.50000000     2      -187.9497197020         0.0081462215         0.1387567788
       154     77.00000000     2      -187.9468276390         0.0079028979         0.1721118523
       155     77.50000000     2      -187.9426602930         0.0075981776         0.2098266566
       156     78.00000000     2      -187.9398963300         0.0074011649         0.2317370070
       157     78.50000000     2      -187.9401666600         0.0074310221         0.2285762982
       158     79.00000000     2      -187.9426311420         0.0076448547         0.2091969720
       159     79.50000000     2      -187.9448775550         0.0078946753         0.1960060800
       160     80.00000000     2      -187.9452492280         0.0080781453         0.2022966352
       161     80.50000000     2      -187.9439641800         0.0081931812         0.2157033698
       162     81.00000000     2      -187.9420977090         0.0082739320         0.2172497699
       163     81.50000000     2      -187.9398490220         0.0083028498         0.2017655559
       164     82.00000000     2      -187.9361055340         0.0081963255         0.1803726681
       165     82.50000000     2      -187.9296477700         0.0078681744         0.1730355181
       166     83.00000000     2      -187.9206662650         0.0073061687         0.1905234339
       167     83.50000000     2      -187.9113906060         0.0066279050         0.2197844083
       168     84.00000000     2      -187.9052236110         0.0060872918         0.2383306999
       169     84.50000000     2      -187.9045297830         0.0059400600         0.2332122263
       170     85.00000000     2      -187.9088931380         0.0062040827         0.2078188964
       171     85.50000000     2      -187.9156975520         0.0066584600         0.1769170252
       172     86.00000000     2      -187.9220883160         0.0070750638         0.1562902249
       173     86.50000000     2      -187.9262289830         0.0073311957         0.1557239942
       174     87.00000000     2      -187.9275471860         0.0073963185         0.1760346237
       175     87.50000000     2      -187.9267719380         0.0073169364         0.2088220217
       176     88.00000000     2      -187.9258719750         0.0072167299         0.2394368819
       177     88.50000000     2      -187.9271783790         0.0072499284         0.2531504291
       178     89.00000000     2      -187.9316451150         0.0074819249         0.2440580143
       179     89.50000000     2      -187.9378859200         0.0078243950         0.2208357860
       180     90.00000000     2      -187.9433504320         0.0081295614         0.2021956086
       181     90.50000000     2      -187.9464700850         0.0083203533         0.1996177841
       182     91.00000000     2      -187.9475316850         0.0084207725         0.2035206760
       183     91.50000000     2      -187.9475642330         0.0084863859         0.1978982537
       184     92.00000000     2      -187.9466547090         0.0085165081         0.1808032214
       185     92.50000000     2      -187.9436586590         0.0084405704         0.1679681314
       186     93.00000000     2      -187.9374846710         0.0081827165         0.1793630321
       187     93.50000000     2      -187.9285489030         0.0077378673         0.2148954359
       188     94.00000000     2      -187.9193120200         0.0072215919         0.2544424604
       189     94.50000000     2      -187.9133268010         0.0068567094         0.2762945275
       190     95.00000000     2      -187.9128785540         0.0068267889         0.2694331567
       191     95.50000000     2      -187.9172154160         0.0070958963         0.2393765052
       192     96.00000000     2      -187.9233973010         0.0074584729         0.2029193723
       193     96.50000000     2      -187.9284998530         0.0077254673         0.1772373984
       194     97.00000000     2      -187.9308226930         0.0077972639         0.1734665954
       195     97.50000000     2      -187.9300159790         0.0076496144         0.1930582941
       196     98.00000000     2      -187.9271231810         0.0073323485         0.2254913200
       197     98.50000000     2      -187.9244852910         0.0069848780         0.2527247269
       198     99.00000000     2      -187.9245871220         0.0067918117         0.2587649554
       199     99.50000000     2      -187.9281096780         0.0068423691         0.2400750051
       200    100.00000000     2      -187.9333028750         0.0070508701         0.2096509905
       201    100.50000000     2      -187.9376657130         0.0072707706         0.1896500953
       202    101.00000000     2      -187.9400818420         0.0074392321         0.1915424121
       203    101.50000000     2      -187.9413130760         0.0075939477         0.2026323377
       204    102.00000000     2      -187.9426245960         0.0077821647         0.2052576092
       205    102.50000000     2      -187.9440819450         0.0079689958         0.1964172830
       206    103.00000000     2      -187.9443459320         0.0080445007         0.1878150382
       207    103.50000000     2      -187.9420235400         0.0079073011         0.1942253540
       208    104.00000000     2      -187.9371552450         0.0075410210         0.2180507391
       209    104.50000000     2      -187.9317544300         0.0070558122         0.2449550267
       210    105.00000000     2      -187.9288033980         0.0066709294         0.2544590212
       211    105.50000000     2      -187.9296664840         0.0065774114         0.2413487493
       212    106.00000000     2      -187.9331595170         0.0067749811         0.2173851527
       213    106.50000000     2      -187.9372771880         0.0070811902         0.1915823976
       214    107.00000000     2      -187.9396154570         0.0073031261         0.1791399764
       215    107.50000000     2      -187.9389024410         0.0073429260         0.1857975004
       216    108.00000000     2      -187.9354230280         0.0072029155         0.2074260044
       217    108.50000000     2      -187.9308724270         0.0069793867         0.2342330550
       218    109.00000000     2      -187.9277825790         0.0068454592         0.2539253479
       219    109.50000000     2      -187.9281177410         0.0069562884         0.2578475491
       220    110.00000000     2      -187.9317425140         0.0073121382         0.2490658951
       221    110.50000000     2      -187.9364801130         0.0077640859         0.2430174655
       222    111.00000000     2      -187.9400518630         0.0081673734         0.2528228136
       223    111.50000000     2      -187.9419637080         0.0084860844         0.2714565999
       224    112.00000000     2      -187.9433722350         0.0087648166         0.2787380874
       225    112.50000000     2      -187.9450626160         0.0090226661         0.2620116273
       226    113.00000000     2      -187.9458717870         0.0091890269         0.2262816066
       227    113.50000000     2      -187.9433771150         0.0091453564         0.1935479744
       228    114.00000000     2      -187.9359258950         0.0088095619         0.1949211457
       229    114.50000000     2      -187.9243538400         0.0082039465         0.2371042268
       230    115.00000000     2      -187.9124744860         0.0075060347         0.2870252533
       231    115.50000000     2      -187.9052468610         0.0070257215         0.3138225044
       232    116.00000000     2      -187.9053437050         0.0069951237         0.3064381752
       233    116.50000000     2      -187.9111502350         0.0073271322         0.2744769539
       234    117.00000000     2      -187.9184314510         0.0077292651         0.2398655043
       235    117.50000000     2      -187.9235292020         0.0079743905         0.2221562390
       236    118.00000000     2      -187.9249824880         0.0079831723         0.2277602231
       237    118.50000000     2      -187.9234746890         0.0077937349         0.2485439961
       238    119.00000000     2      -187.9211107060         0.0075308315         0.2682688977
       239    119.50000000     2      -187.9200911740         0.0073587663         0.2718819788
       240    120.00000000     2      -187.9215828290         0.0073850317         0.2557974795
       241    120.50000000     2      -187.9254117400         0.0075861620         0.2291936991
       242    121.00000000     2      -187.9299156680         0.0078473075         0.2065265249
       243    121.50000000     2      -187.9334915220         0.0080749014         0.2006196643
       244    122.00000000     2      -187.9359358820         0.0082605750         0.2078522737
       245    122.50000000     2      -187.9381292300         0.0084477801         0.2098312099
       246    123.00000000     2      -187.9403365540         0.0086370818         0.1945753350
       247    123.50000000     2      -187.9410704200         0.0087356806         0.1688455279
       248    124.00000000     2      -187.9380133900         0.0086106042         0.1557400438
       249    124.50000000     2      -187.9300028520         0.0081789497         0.1750121647
       250    125.00000000     2      -187.9183721550         0.0074736904         0.2170171855
       251    125.50000000     2      -187.9068897450         0.0066864018         0.2559166007
       252    126.00000000     2      -187.8998787030         0.0061385148         0.2706229653
       253    126.50000000     2      -187.8992330930         0.0060610855         0.2548716831
       254    127.00000000     2      -187.9031494740         0.0063513796         0.2199231810
       255    127.50000000     2      -187.9079794230         0.0067145379         0.1858661358
       256    128.00000000     2      -187.9108231170         0.0069378713         0.1695676982
       257    128.50000000     2      -187.9106482050         0.0069575572         0.1758995907
       258    129.00000000     2      -187.9081936850         0.0068248231         0.1957794566
       259    129.50000000     2      -187.9053288420         0.0066670598         0.2145769445
       260    130.00000000     2      -187.9038987260         0.0066206025         0.2227197112
       261    130.50000000     2      -187.9045512650         0.0067396401         0.2222075778
       262    131.00000000     2      -187.9066628890         0.0069769983         0.2239541624
       263    131.50000000     2      -187.9094130010         0.0072632461         0.2355469275
       264    132.00000000     2      -187.9127739380         0.0075776095         0.2518558131
       265    132.50000000     2      -187.9174034380         0.0079368799         0.2591605795
       266    133.00000000     2      -187.9234102560         0.0083239304         0.2476032725
       267    133.50000000     2      -187.9292960350         0.0086446308         0.2203831020
       268    134.00000000     2      -187.9325180850         0.0087692065         0.1929511558
       269    134.50000000     2      -187.9311227430         0.0086028827         0.1847855017
       270    135.00000000     2      -187.9249820750         0.0081285975         0.2050037376
       271    135.50000000     2      -187.9162459970         0.0074383045         0.2416314003
       272    136.00000000     2      -187.9088645670         0.0067614480         0.2709336943
       273    136.50000000     2      -187.9065220680         0.0063969336         0.2729139748
       274    137.00000000     2      -187.9098551590         0.0064666191         0.2436778929
       275    137.50000000     2      -187.9159367730         0.0067808393         0.1985061706
       276    138.00000000     2      -187.9207156470         0.0070580889         0.1650401099
       277    138.50000000     2      -187.9215923560         0.0071379572         0.1690570962
       278    139.00000000     2      -187.9183867390         0.0070124054         0.2068414670
       279    139.50000000     2      -187.9131133330         0.0067970700         0.2525459332
       280    140.00000000     2      -187.9088037410         0.0066696038         0.2855830335
       281    140.50000000     2      -187.9075305780         0.0067403823         0.2990681404
       282    141.00000000     2      -187.9091841000         0.0069598367         0.2997736024
       283    141.50000000     2      -187.9122887030         0.0071933220         0.2985813398
       284    142.00000000     2      -187.9156475890         0.0073504296         0.3004415300
       285    142.50000000     2      -187.9191822850         0.0074329833         0.3024941027
       286    143.00000000     2      -187.9236940070         0.0075085082         0.2959875402
       287    143.50000000     2      -187.9297077860         0.0076334271         0.2725288491
       288    144.00000000     2      -187.9363042630         0.0077798813         0.2328996125
       289    144.50000000     2      -187.9413572670         0.0078491984         0.1894970063
       290    145.00000000     2      -187.9429892650         0.0077517367         0.1627231626
       291    145.50000000     2      -187.9408487970         0.0074728807         0.1688629413
       292    146.00000000     2      -187.9365409210         0.0071064016         0.1982063417
       293    146.50000000     2      -187.9330142860         0.0068441362         0.2253034135
       294    147.00000000     2      -187.9327160800         0.0068605448         0.2334820578
       295    147.50000000     2      -187.9356200390         0.0071418909         0.2238586067
       296    148.00000000     2      -187.9392298510         0.0074935175         0.2125882206
       297    148.50000000     2      -187.9406091620         0.0077167120         0.2172253142
       298    149.00000000     2      -187.9383805360         0.0077262794         0.2414302291
       299    149.50000000     2      -187.9334639070         0.0075676740         0.2738771409
       300    150.00000000     2      -187.9284797030         0.0073816152         0.2986318400
       301    150.50000000     2      -187.9260086880         0.0073123870         0.3054672813
       302    151.00000000     2      -187.9268886940         0.0074001674         0.2957331871
       303    151.50000000     2      -187.9301508270         0.0075736821         0.2780118264
       304    152.00000000     2      -187.9341643200         0.0077335865         0.2595034498
       305    152.50000000     2      -187.9374922170         0.0078119066         0.2458053615
       306    153.00000000     2      -187.9394512340         0.0077979797         0.2424141065
       307    153.50000000     2      -187.9406301090         0.0077573558         0.2472469737
       308    154.00000000     2      -187.9424061090         0.0077981771         0.2473237427
       309    154.50000000     2      -187.9446004820         0.0079351642         0.2137547819
       310    155.00000000     2      -187.9448432590         0.0080526264         0.2022743437
       311    155.50000000     2      -187.9426545030         0.0080363647         0.1993756377
       312    156.00000000     2      -187.9373236500         0.0078330970         0.2148469136
       313    156.50000000     2      -187.9299484700         0.0074909774         0.2452989792
       314    157.00000000     2      -187.9236389290         0.0071946617         0.2711185061
       315    157.50000000     2      -187.9216264490         0.0071662320         0.2725534649
       316    158.00000000     2      -187.9244747120         0.0074510258         0.2450386078
       317    158.50000000     2      -187.9294085280         0.0078625761         0.2041128995
       318    159.00000000     2      -187.9326669140         0.0081761965         0.1780789502
       319    159.50000000     2      -187.9322018180         0.0082885780         0.1871154995
       320    160.00000000     2      -187.9286626020         0.0082408319         0.2189854488
       321    160.50000000     2      -187.9246315900         0.0081693912         0.2475503361
       322    161.00000000     2      -187.9226711080         0.0082074733         0.2584503257
       323    161.50000000     2      -187.9235602140         0.0083869339         0.2538848035
       324    162.00000000     2      -187.9262434280         0.0086351979         0.2446014102
       325    162.50000000     2      -187.9288820290         0.0088417040         0.2393119139
       326    163.00000000     2      -187.9296106450         0.0089031535         0.2450881407
       327    163.50000000     2      -187.9273646900         0.0087590905         0.2662992464
       328    164.00000000     2      -187.9230041310         0.0084416048         0.2936045521
       329    164.50000000     2      -187.9191395830         0.0080807963         0.3073201049
       330    165.00000000     2      -187.9179079320         0.0078086853         0.2945805840
       331    165.50000000     2      -187.9189233590         0.0076339554         0.2592339680
       332    166.00000000     2      -187.9198026970         0.0074438070         0.2200056493
       333    166.50000000     2      -187.9185326200         0.0071329958         0.2015129566
       334    167.00000000     2      -187.9153723440         0.0067248906         0.2121203045
       335    167.50000000     2      -187.9128659300         0.0064018438         0.2299988499
       336    168.00000000     2      -187.9136962650         0.0063779594         0.2302471419
       337    168.50000000     2      -187.9180083820         0.0066632079         0.2091361579
       338    169.00000000     2      -187.9231338820         0.0070420444         0.1860755456
       339    169.50000000     2      -187.9260256770         0.0072992029         0.1868270131
       340    170.00000000     2      -187.9256115860         0.0073644073         0.2126828206
       341    170.50000000     2      -187.9230986500         0.0072984113         0.2419997217
       342    171.00000000     2      -187.9204938760         0.0072029338         0.2589210521
       343    171.50000000     2      -187.9189858410         0.0071343967         0.2629442805
       344    172.00000000     2      -187.9188017370         0.0070993190         0.2610849460
       345    172.50000000     2      -187.9200245950         0.0071046800         0.2549258493
       346    173.00000000     2      -187.9225621230         0.0071544722         0.2406927678
       347    173.50000000     2      -187.9254427700         0.0072037441         0.2217324447
       348    174.00000000     2      -187.9272513740         0.0071832813         0.2113843425
       349    174.50000000     2      -187.9276640530         0.0070893398         0.2157148026
       350    175.00000000     2      -187.9279140500         0.0070118093         0.2222627816
       351    175.50000000     2      -187.9292703860         0.0070394137         0.2176674304
       352    176.00000000     2      -187.9313765120         0.0071457327         0.2040452151
       353    176.50000000     2      -187.9325054530         0.0072083510         0.1972748178
       354    177.00000000     2      -187.9313737070         0.0071334366         0.2108895312
       355    177.50000000     2      -187.9286919610         0.0069553804         0.2378999483
       356    178.00000000     2      -187.9270173460         0.0068393589         0.2566985467
       357    178.50000000     2      -187.9285985280         0.0069448797         0.2514612296
       358    179.00000000     2      -187.9330283980         0.0072466055         0.2259145105
       359    179.50000000     2      -187.9374565890         0.0075571616         0.2043174901
       360    180.00000000     2      -187.9391832150         0.0077137441         0.2124988912
       361    180.50000000     2      -187.9378585980         0.0076936508         0.2456029252
       362    181.00000000     2      -187.9355270410         0.0076036900         0.2760486966
       363    181.50000000     2      -187.9346302120         0.0075756757         0.2838245019
       364    182.00000000     2      -187.9357580410         0.0076415193         0.2679885875
       365    182.50000000     2      -187.9375297580         0.0077257322         0.2436097112
       366    183.00000000     2      -187.9384263720         0.0077524684         0.2281976668
       367    183.50000000     2      -187.9380283970         0.0077103742         0.2284093164
       368    184.00000000     2      -187.9366384900         0.0076242937         0.2418237867
       369    184.50000000     2      -187.9346771680         0.0075178418         0.2647276756
       370    185.00000000     2      -187.9329015680         0.0074262594         0.2890718147
       371    185.50000000     2      -187.9324849500         0.0074062328         0.3018046918
       372    186.00000000     2      -187.9339841920         0.0074807304         0.2944567369
       373    186.50000000     2      -187.9363516010         0.0075848331         0.2706762410
       374    187.00000000     2      -187.9375649110         0.0076084968         0.2447692914
       375    187.50000000     2      -187.9364166330         0.0074973202         0.2320302246
       376    188.00000000     2      -187.9337038670         0.0073143758         0.2336395567
       377    188.50000000     2      -187.9316185890         0.0072072992         0.2343585912
       378    189.00000000     2      -187.9316560180         0.0072760085         0.2211028200
       379    189.50000000     2      -187.9330721700         0.0074641126         0.1977722282
       380    190.00000000     2      -187.9336673530         0.0076224926         0.1839165948
       381    190.50000000     2      -187.9320550030         0.0076630888         0.1957431668
       382    191.00000000     2      -187.9291745210         0.0076424830         0.2234033383
       383    191.50000000     2      -187.9276795570         0.0077188859         0.2428856311
       384    192.00000000     2      -187.9294679270         0.0079935541         0.2403224601
       385    192.50000000     2      -187.9336891990         0.0083893493         0.2210025882
       386    193.00000000     2      -187.9375112080         0.0087259808         0.2032827919
       387    193.50000000     2      -187.9385699880         0.0088710243         0.2023914339
       388    194.00000000     2      -187.9364826830         0.0088020689         0.2175790362
       389    194.50000000     2      -187.9326542450         0.0085866260         0.2373514324
       390    195.00000000     2      -187.9291543450         0.0083334456         0.2516107594
       391    195.50000000     2      -187.9275908110         0.0081407580         0.2547916157
       392    196.00000000     2      -187.9283738260         0.0080485357         0.2441720749
       393    196.50000000     2      -187.9303522850         0.0080065563         0.2223792135
       394    197.00000000     2      -187.9312042100         0.0078932140         0.2027349451
       395    197.50000000     2      -187.9289025440         0.0075935500         0.2044650321
       396    198.00000000     2      -187.9233894490         0.0070877011         0.2297496056
       397    198.50000000     2      -187.9169782940         0.0064973796         0.2569615569
       398    199.00000000     2      -187.9127252040         0.0060394129         0.2635112983
       399    199.50000000     2      -187.9118390850         0.0058541155         0.2425632790
       400    200.00000000     2      -187.9127017890         0.0058633818         0.2070040419
       401    200.50000000     2      -187.9125099390         0.0058739611         0.1856627846
       402    201.00000000     2      -187.9097540130         0.0057846394         0.2033910304
       403    201.50000000     2      -187.9056547890         0.0056935349         0.2468120685
       404    202.00000000     2      -187.9036391280         0.0058508490         0.2812979258
       405    202.50000000     2      -187.9065415390         0.0063951116         0.2842368482
       406    203.00000000     2      -187.9136766580         0.0071481792         0.2568071840
       407    203.50000000     2      -187.9213454970         0.0078050325         0.2199473914
       408    204.00000000     2      -187.9261763040         0.0081859837         0.1981157891
       409    204.50000000     2      -187.9274524740         0.0082924729         0.1997889699
       410    205.00000000     2      -187.9269169780         0.0082523888         0.2130008762
       411    205.50000000     2      -187.9271137390         0.0082325808         0.2223607838
       412    206.00000000     2      -187.9296404640         0.0083406878         0.2189383421
       413    206.50000000     2      -187.9341454240         0.0085584434         0.2007459717
       414    207.00000000     2      -187.9384665330         0.0087605319         0.1756458500
       415    207.50000000     2      -187.9400272280         0.0088078996         0.1628585705
       416    208.00000000     2      -187.9377520920         0.0086436940         0.1763503996
       417    208.50000000     2      -187.9330143060         0.0083363717         0.2032042053
       418    209.00000000     2      -187.9286719470         0.0080447622         0.2211522383
       419    209.50000000     2      -187.9268203300         0.0079044359         0.2202579221
       420    210.00000000     2      -187.9272634040         0.0079180948         0.2065301073
       421    210.50000000     2      -187.9280490190         0.0079709253         0.1961340562
       422    211.00000000     2      -187.9272300860         0.0079424802         0.2044152865
       423    211.50000000     2      -187.9244132470         0.0078026862         0.2332871606
       424    212.00000000     2      -187.9214812800         0.0076575965         0.2674891125
       425    212.50000000     2      -187.9217747970         0.0077057701         0.2840543554
       426    213.00000000     2      -187.9272854860         0.0080516383         0.2680186336
       427    213.50000000     2      -187.9362323880         0.0085596544         0.2244892062
       428    214.00000000     2      -187.9442064860         0.0089760757         0.1766032133
       429    214.50000000     2      -187.9474919030         0.0091234402         0.1541678667
       430    215.00000000     2      -187.9449997160         0.0089587267         0.1716258240
       431    215.50000000     2      -187.9382041280         0.0085493792         0.2131246259
       432    216.00000000     2      -187.9302891170         0.0080498282         0.2569852938
       433    216.50000000     2      -187.9249139940         0.0076674960         0.2862041463
       434    217.00000000     2      -187.9242943460         0.0075499331         0.2896056917
       435    217.50000000     2      -187.9274748130         0.0076425640         0.2697017148
       436    218.00000000     2      -187.9309737520         0.0077288319         0.2461848700
       437    218.50000000     2      -187.9318790790         0.0076362938         0.2415094573
       438    219.00000000     2      -187.9303145350         0.0073712909         0.2541718888
       439    219.50000000     2      -187.9288378930         0.0070908663         0.2617410391
       440    220.00000000     2      -187.9296364410         0.0069517246         0.2487610220
       441    220.50000000     2      -187.9325436450         0.0069663278         0.2170288720
       442    221.00000000     2      -187.9355501860         0.0070175249         0.1792537611
       443    221.50000000     2      -187.9364766480         0.0069760548         0.1528416326
       444    222.00000000     2      -187.9341666720         0.0067805426         0.1574299324
       445    222.50000000     2      -187.9292414460         0.0064854334         0.1951133464
       446    223.00000000     2      -187.9245364420         0.0063036173         0.2401405476
       447    223.50000000     2      -187.9238745870         0.0065082997         0.2630604093
       448    224.00000000     2      -187.9286763970         0.0071203768         0.2527986475
       449    224.50000000     2      -187.9360366520         0.0078366199         0.2256833265
       450    225.00000000     2      -187.9412898980         0.0083381809         0.2098833840
       451    225.50000000     2      -187.9417057720         0.0084830761         0.2152918194
       452    226.00000000     2      -187.9374375500         0.0082819237         0.2307477176
       453    226.50000000     2      -187.9304700380         0.0078310994         0.2465725648
       454    227.00000000     2      -187.9235792390         0.0072879702         0.2574076425
       455    227.50000000     2      -187.9193154930         0.0068424294         0.2545727964
       456    228.00000000     2      -187.9183458970         0.0065999587         0.2331596671
       457    228.50000000     2      -187.9187120980         0.0064777139         0.2062584612
       458    229.00000000     2      -187.9178540290         0.0063182041         0.1984188950
       459    229.50000000     2      -187.9153683480         0.0060926942         0.2118174922
       460    230.00000000     2      -187.9131325050         0.0059379762         0.2235727490
       461    230.50000000     2      -187.9129785050         0.0060004200         0.2191889354
       462    231.00000000     2      -187.9148676000         0.0062702709         0.2026558992
       463    231.50000000     2      -187.9171759030         0.0066050303         0.1880409179
       464    232.00000000     2      -187.9179741470         0.0068557748         0.1896069077
       465    232.50000000     2      -187.9160008230         0.0069356391         0.2151069989
       466    233.00000000     2      -187.9114697680         0.0068550858         0.2604834907
       467    233.50000000     2      -187.9068804150         0.0067703731         0.3075114816
       468    234.00000000     2      -187.9063721680         0.0069432786         0.3301558249
       469    234.50000000     2      -187.9123713080         0.0074869551         0.3126006405
       470    235.00000000     2      -187.9227449030         0.0082036514         0.2642637461
       471    235.50000000     2      -187.9327015110         0.0088067066         0.2121979848
       472    236.00000000     2      -187.9388051720         0.0091493942         0.1792667187
       473    236.50000000     2      -187.9403512660         0.0092318474         0.1701238633
       474    237.00000000     2      -187.9383294630         0.0091222382         0.1770710381
       475    237.50000000     2      -187.9343054390         0.0089061135         0.1920009585
       476    238.00000000     2      -187.9299109320         0.0086692274         0.2065003229
       477    238.50000000     2      -187.9262626170         0.0084711244         0.2127481899
       478    239.00000000     2      -187.9232451020         0.0083065352         0.2127783524
       479    239.50000000     2      -187.9199174280         0.0081241955         0.2185843868
       480    240.00000000     2      -187.9161439550         0.0079136012         0.2329669981
       481    240.50000000     2      -187.9132408610         0.0077468627         0.2426808034
       482    241.00000000     2      -187.9126063720         0.0077077229         0.2364701415
       483    241.50000000     2      -187.9142265210         0.0077971705         0.2158520137
       484    242.00000000     2      -187.9167720120         0.0079337325         0.1904662810
       485    242.50000000     2      -187.9186028560         0.0080187833         0.1706617072
       486    243.00000000     2      -187.9184608370         0.0079793869         0.1661069709
       487    243.50000000     2      -187.9159083550         0.0077903360         0.1841636411
       488    244.00000000     2      -187.9120099520         0.0075151525         0.2188382756
       489    244.50000000     2      -187.9095958580         0.0073342564         0.2481282489
       490    245.00000000     2      -187.9115005070         0.0074348143         0.2505867597
       491    245.50000000     2      -187.9175178710         0.0077895319         0.2258935837
       492    246.00000000     2      -187.9241131190         0.0081586731         0.1996591565
       493    246.50000000     2      -187.9276964140         0.0083240304         0.1990003323
       494    247.00000000     2      -187.9272209800         0.0082162945         0.2207550811
       495    247.50000000     2      -187.9239603520         0.0078864954         0.2467615135
       496    248.00000000     2      -187.9201677530         0.0074518265         0.2663291003
       497    248.50000000     2      -187.9180237060         0.0070598481         0.2714546716
       498    249.00000000     2      -187.9184765050         0.0068159718         0.2559868717
       499    249.50000000     2      -187.9203923930         0.0066962251         0.2267695071
       500    250.00000000     2      -187.9217141740         0.0065953207         0.2032319422
       501    250.50000000     2      -187.9216614870         0.0064714706         0.1952696511
       502    251.00000000     2      -187.9211032080         0.0063854077         0.1929295534
       503    251.50000000     2      -187.9211023350         0.0064113570         0.1863976240
       504    252.00000000     2      -187.9218449930         0.0065562635         0.1769581655
       505    252.50000000     2      -187.9227824330         0.0067671033         0.1706664269
       506    253.00000000     2      -187.9231517320         0.0069757129         0.1720543989
       507    253.50000000     2      -187.9222841080         0.0071253746         0.1839471345
       508    254.00000000     2      -187.9199288740         0.0071906615         0.2074254362
       509    254.50000000     2      -187.9167977170         0.0072083546         0.2373087448
       510    255.00000000     2      -187.9147208340         0.0072844252         0.2602579177
       511    255.50000000     2      -187.9154282360         0.0075115881         0.2630362697
       512    256.00000000     2      -187.9185837230         0.0078462628         0.2450594348
       513    256.50000000     2      -187.9215825170         0.0081200214         0.2207755676
       514    257.00000000     2      -187.9217008330         0.0081782870         0.2065390226
       515    257.50000000     2      -187.9180986760         0.0079752761         0.2062205707
       516    258.00000000     2      -187.9120552930         0.0075822143         0.2139411094
       517    258.50000000     2      -187.9061013030         0.0071628348         0.2231508715
       518    259.00000000     2      -187.9028002590         0.0069168805         0.2266322506
       519    259.50000000     2      -187.9032279180         0.0069488664         0.2202724936
       520    260.00000000     2      -187.9061702320         0.0071724016         0.2124682801
       521    260.50000000     2      -187.9094852480         0.0074200736         0.2158135492
       522    261.00000000     2      -187.9122124780         0.0076068875         0.2267098410
       523    261.50000000     2      -187.9148014620         0.0077447692         0.2318039247
       524    262.00000000     2      -187.9178191290         0.0078632592         0.2258423381
       525    262.50000000     2      -187.9211896980         0.0079631598         0.2128952303
       526    263.00000000     2      -187.9244391500         0.0080269597         0.1993059995
       527    263.50000000     2      -187.9270832320         0.0080376314         0.1899948868
       528    264.00000000     2      -187.9287630400         0.0079841054         0.1895633334
       529    264.50000000     2      -187.9294490190         0.0078722650         0.2019553930
       530    265.00000000     2      -187.9299184000         0.0077539725         0.2242670789
       531    265.50000000     2      -187.9319598490         0.0077409122         0.2430677492
       532    266.00000000     2      -187.9373460720         0.0079369939         0.2424919477
       533    266.50000000     2      -187.9459049180         0.0083164812         0.2175805923
       534    267.00000000     2      -187.9549144460         0.0087126733         0.1800071207
       535    267.50000000     2      -187.9607917910         0.0089390403         0.1517718083
       536    268.00000000     2      -187.9611195250         0.0088826185         0.1504630086
       537    268.50000000     2      -187.9553967270         0.0085157603         0.1750987044
       538    269.00000000     2      -187.9450033060         0.0078902646         0.2130854897
       539    269.50000000     2      -187.9329997130         0.0071538613         0.2493423997
       540    270.00000000     2      -187.9230895380         0.0065399287         0.2694177374
       541    270.50000000     2      -187.9175125810         0.0062450123         0.2699190119
       542    271.00000000     2      -187.9160059780         0.0062819381         0.2609475918
       543    271.50000000     2      -187.9170419130         0.0065233758         0.2498112021
       544    272.00000000     2      -187.9191772720         0.0068371592         0.2337175676
       545    272.50000000     2      -187.9212991280         0.0071290162         0.2140446042
       546    273.00000000     2      -187.9226213500         0.0073392030         0.1976620251
       547    273.50000000     2      -187.9227179840         0.0074391503         0.1876112049
       548    274.00000000     2      -187.9214374650         0.0074198255         0.1838223747
       549    274.50000000     2      -187.9188338220         0.0072820614         0.1886405769
       550    275.00000000     2      -187.9154041130         0.0070526661         0.2083024380
       551    275.50000000     2      -187.9125312930         0.0068270738         0.2385389758
       552    276.00000000     2      -187.9124665240         0.0067742663         0.2602727093
       553    276.50000000     2      -187.9169370810         0.0070173835         0.2594834588
       554    277.00000000     2      -187.9253222510         0.0074893147         0.2373186680
       555    277.50000000     2      -187.9347709270         0.0079852722         0.2080830436
       556    278.00000000     2      -187.9421645790         0.0083257751         0.1869133094
       557    278.50000000     2      -187.9455714410         0.0084218512         0.1793975915
       558    279.00000000     2      -187.9443207580         0.0082505261         0.1852799442
       559    279.50000000     2      -187.9387924830         0.0078347185         0.2050909768
       560    280.00000000     2      -187.9306500990         0.0072654489         0.2339997532
       561    280.50000000     2      -187.9226710410         0.0067214757         0.2597064122
       562    281.00000000     2      -187.9173831840         0.0064068038         0.2742288588
       563    281.50000000     2      -187.9158230510         0.0064233179         0.2777495098
       564    282.00000000     2      -187.9176604510         0.0067177474         0.2699469395
       565    282.50000000     2      -187.9216687090         0.0071425280         0.2501024481
       566    283.00000000     2      -187.9260626800         0.0075425406         0.2239638005
       567    283.50000000     2      -187.9292197310         0.0078141725         0.2012326942
       568    284.00000000     2      -187.9302562440         0.0079153178         0.1885012278
       569    284.50000000     2      -187.9289164430         0.0078370234         0.1881615462
       570    285.00000000     2      -187.9252637760         0.0075778292         0.2017672292
       571    285.50000000     2      -187.9198526260         0.0071558585         0.2290834033
       572    286.00000000     2      -187.9143629400         0.0066645691         0.2620256241
       573    286.50000000     2      -187.9116896080         0.0063174861         0.2838037236
       574    287.00000000     2      -187.9143310390         0.0063461828         0.2793816762
       575    287.50000000     2      -187.9220872800         0.0067605133         0.2491348326
       576    288.00000000     2      -187.9319868060         0.0073342980         0.2104025756
       577    288.50000000     2      -187.9406122670         0.0078364210         0.1813318605
       578    289.00000000     2      -187.9457368090         0.0081387961         0.1642223570
       579    289.50000000     2      -187.9460861840         0.0081758756         0.1562325556
       580    290.00000000     2      -187.9409770040         0.0079061734         0.1651843056
       581    290.50000000     2      -187.9309619720         0.0073365229         0.1968285057
       582    291.00000000     2      -187.9186597990         0.0065866538         0.2380537455
       583    291.50000000     2      -187.9081810170         0.0059270496         0.2687277196
       584    292.00000000     2      -187.9028325430         0.0056736633         0.2774175445
       585    292.50000000     2      -187.9030395210         0.0059116868         0.2667039941
       586    293.00000000     2      -187.9065529590         0.0064192852         0.2497645005
       587    293.50000000     2      -187.9104892470         0.0069332146         0.2400229210
       588    294.00000000     2      -187.9130429930         0.0073191421         0.2412625925
       589    294.50000000     2      -187.9137331770         0.0075485145         0.2486612894
       590    295.00000000     2      -187.9127414870         0.0076310257         0.2567446240
       591    295.50000000     2      -187.9103063720         0.0075741530         0.2635009927
       592    296.00000000     2      -187.9066368840         0.0073810212         0.2699565275
       593    296.50000000     2      -187.9023009060         0.0070794666         0.2774966576
       594    297.00000000     2      -187.8986389890         0.0067597905         0.2842541099
       595    297.50000000     2      -187.8975057510         0.0065718531         0.2847604617
       596    298.00000000     2      -187.9001744290         0.0066382183         0.2755729862
       597    298.50000000     2      -187.9064537900         0.0069545338         0.2596642371
       598    299.00000000     2      -187.9149779780         0.0074081806         0.2417483447
       599    299.50000000     2      -187.9239236290         0.0078617761         0.2219876863
       600    300.00000000     2      -187.9311432660         0.0081833714         0.2000895361
       601    300.50000000     2      -187.9342273860         0.0082461234         0.1849812672
       602    301.00000000     2      -187.9314090230         0.0079542268         0.1939948945
       603    301.50000000     2      -187.9230627920         0.0072993293         0.2304855776
       604    302.00000000     2      -187.9124971130         0.0064273435         0.2739355652
       605    302.50000000     2      -187.9046991200         0.0056693151         0.3000834985
       606    303.00000000     2      -187.9032703590         0.0054022847         0.2962926160
       607    303.50000000     2      -187.9081377040         0.0056940663         0.2658498991
       608    304.00000000     2      -187.9162591890         0.0062504555         0.2237266533
       609    304.50000000     2      -187.9241990640         0.0067775357         0.1874181477
       610    305.00000000     2      -187.9298995770         0.0071478286         0.1683108543
       611    305.50000000     2      -187.9327525650         0.0073447668         0.1677116575
       612    306.00000000     2      -187.9328807230         0.0073868611         0.1812603377
       613    306.50000000     2      -187.9306432790         0.0072947071         0.2054979538
       614    307.00000000     2      -187.9267013810         0.0071017547         0.2369436177
       615    307.50000000     2      -187.9222469290         0.0068860936         0.2660698198
       616    308.00000000     2      -187.9186958020         0.0067787978         0.2829369893
       617    308.50000000     2      -187.9178010520         0.0069047834         0.2877063918
       618    309.00000000     2      -187.9205345220         0.0072820020         0.2785710615
       619    309.50000000     2      -187.9261006740         0.0078147651         0.2638183407
       620    310.00000000     2      -187.9329947970         0.0083787807         0.2468865579
       621    310.50000000     2      -187.9394848730         0.0088632951         0.2274867974
       622    311.00000000     2      -187.9436640100         0.0091729214         0.2103491953
       623    311.50000000     2      -187.9439789400         0.0092412734         0.2063987431
       624    312.00000000     2      -187.9401810720         0.0090606996         0.2215190577
       625    312.50000000     2      -187.9338877170         0.0087058470         0.2466539485
       626    313.00000000     2      -187.9280087360         0.0083230023         0.2656921942
       627    313.50000000     2      -187.9251003230         0.0080622466         0.2681754010
       628    314.00000000     2      -187.9258790180         0.0079837390         0.2541672066
       629    314.50000000     2      -187.9291871960         0.0080319282         0.2311733757
       630    315.00000000     2      -187.9331508690         0.0081025218         0.2070861435
       631    315.50000000     2      -187.9362226740         0.0081135459         0.1849424813
       632    316.00000000     2      -187.9374213280         0.0080229536         0.1651236868
       633    316.50000000     2      -187.9362269860         0.0078174120         0.1555235460
       634    317.00000000     2      -187.9328549170         0.0075089265         0.1613428334
       635    317.50000000     2      -187.9282546800         0.0071377557         0.1736316791
       636    318.00000000     2      -187.9236535110         0.0067732171         0.1851394845
       637    318.50000000     2      -187.9202875650         0.0065081634         0.1918973517
       638    319.00000000     2      -187.9190954890         0.0064292649         0.1925523711
       639    319.50000000     2      -187.9204339850         0.0065712753         0.1882838939
       640    320.00000000     2      -187.9240200700         0.0068954427         0.1801641810
       641    320.50000000     2      -187.9289390770         0.0073038983         0.1683300001
       642    321.00000000     2      -187.9336330230         0.0076679101         0.1566788089
       643    321.50000000     2      -187.9362323600         0.0078622406         0.1568358959
       644    322.00000000     2      -187.9354723930         0.0078080979         0.1787494378
       645    322.50000000     2      -187.9317445780         0.0075174325         0.2152456968
       646    323.00000000     2      -187.9273509670         0.0071178956         0.2478432924
       647    323.50000000     2      -187.9252852980         0.0068150444         0.2608845884
       648    324.00000000     2      -187.9271743070         0.0067635013         0.2496071274
       649    324.50000000     2      -187.9322744210         0.0069509205         0.2215403682
       650    325.00000000     2      -187.9384078080         0.0072453990         0.1908830572
       651    325.50000000     2      -187.9435377500         0.0075233572         0.1703443245
       652    326.00000000     2      -187.9465332920         0.0077229028         0.1650460589
       653    326.50000000     2      -187.9470666410         0.0078272799         0.1718976978
       654    327.00000000     2      -187.9452639010         0.0078378079         0.1851699831
       655    327.50000000     2      -187.9415041960         0.0077623207         0.2010699733
       656    328.00000000     2      -187.9364048320         0.0076191021         0.2176058728
       657    328.50000000     2      -187.9308606240         0.0074464476         0.2326836420
       658    329.00000000     2      -187.9259589100         0.0073038555         0.2433743686
       659    329.50000000     2      -187.9226615320         0.0072528322         0.2472107648
       660    330.00000000     2      -187.9213929940         0.0073231079         0.2438516813
       661    330.50000000     2      -187.9218416580         0.0074917217         0.2348440544
       662    331.00000000     2      -187.9230702270         0.0076920825         0.2222047676
       663    331.50000000     2      -187.9237949320         0.0078400408         0.2085585756
       664    332.00000000     2      -187.9227798810         0.0078613077         0.1986464024
       665    332.50000000     2      -187.9193948160         0.0077195622         0.1981357207
       666    333.00000000     2      -187.9141656580         0.0074446973         0.2074786568
       667    333.50000000     2      -187.9088130510         0.0071431415         0.2181785470
       668    334.00000000     2      -187.9053552440         0.0069547536         0.2191579299
       669    334.50000000     2      -187.9047400790         0.0069560360         0.2067986774
       670    335.00000000     2      -187.9063537720         0.0071081203         0.1886347141
       671    335.50000000     2      -187.9089529650         0.0073223458         0.1761487144
       672    336.00000000     2      -187.9118180760         0.0075467020         0.1724732958
       673    336.50000000     2      -187.9148932860         0.0077742839         0.1715609148
       674    337.00000000     2      -187.9181655030         0.0080016919         0.1684941706
       675    337.50000000     2      -187.9212341600         0.0082032138         0.1638481410
       676    338.00000000     2      -187.9234374250         0.0083396782         0.1606472944
       677    338.50000000     2      -187.9242284630         0.0083798999         0.1609932882
       678    339.00000000     2      -187.9234557010         0.0083150884         0.1652013610
       679    339.50000000     2      -187.9214483870         0.0081634200         0.1721832654
       680    340.00000000     2      -187.9189179280         0.0079666188         0.1798849144
       681    340.50000000     2      -187.9167004640         0.0077777379         0.1859395032
       682    341.00000000     2      -187.9154192510         0.0076406919         0.1886074844
       683    341.50000000     2      -187.9152084420         0.0075694735         0.1878086351
       684    342.00000000     2      -187.9156510790         0.0075413769         0.1861373349
       685    342.50000000     2      -187.9160311690         0.0075140504         0.1889239950
       686    343.00000000     2      -187.9158745420         0.0074614638         0.2009855635
       687    343.50000000     2      -187.9155200250         0.0074091865         0.2203511675
       688    344.00000000     2      -187.9161878710         0.0074356757         0.2362820749
       689    344.50000000     2      -187.9190741710         0.0076087570         0.2361278526
       690    345.00000000     2      -187.9239660680         0.0078984043         0.2154001103
       691    345.50000000     2      -187.9289321780         0.0081776281         0.1823674341
       692    346.00000000     2      -187.9316716200         0.0083173887         0.1536585068
       693    346.50000000     2      -187.9310852680         0.0082638610         0.1432117179
       694    347.00000000     2      -187.9276932170         0.0080477282         0.1505601111
       695    347.50000000     2      -187.9230134220         0.0077537093         0.1649479115
       696    348.00000000     2      -187.9186631840         0.0074798720         0.1781837698
       697    348.50000000     2      -187.9157140630         0.0072994137         0.1877569935
       698    349.00000000     2      -187.9144972850         0.0072379548         0.1946664422
       699    349.50000000     2      -187.9148081410         0.0072786931         0.2007946665
       700    350.00000000     2      -187.9162736650         0.0073880293         0.2068885515
       701    350.50000000     2      -187.9186133260         0.0075380094         0.2119704737
       702    351.00000000     2      -187.9216640820         0.0077110994         0.2141201916
       703    351.50000000     2      -187.9252222200         0.0078911023         0.2116127808
       704    352.00000000     2      -187.9288557690         0.0080523005         0.2038458062
       705    352.50000000     2      -187.9318498930         0.0081573987         0.1924071195
       706    353.00000000     2      -187.9334212810         0.0081702408         0.1823269721
       707    353.50000000     2      -187.9332428320         0.0080838384         0.1808525161
       708    354.00000000     2      -187.9320394450         0.0079521658         0.1896388168
       709    354.50000000     2      -187.9315861910         0.0078894018         0.1985607015
       710    355.00000000     2      -187.9335547390         0.0079957806         0.1943479548
       711    355.50000000     2      -187.9379667640         0.0082571790         0.1736866476
       712    356.00000000     2      -187.9430036980         0.0085474845         0.1462775714
       713    356.50000000     2      -187.9464256390         0.0087308662         0.1272925544
       714    357.00000000     2      -187.9469669750         0.0087362610         0.1249835048
       715    357.50000000     2      -187.9446379040         0.0085612126         0.1348187986
       716    358.00000000     2      -187.9402768140         0.0082454891         0.1484417260
       717    358.50000000     2      -187.9350047710         0.0078475238         0.1608659613
       718    359.00000000     2      -187.9298530560         0.0074300204         0.1701332428
       719    359.50000000     2      -187.9255637320         0.0070501600         0.1760577140
       720    360.00000000     2      -187.9225226010         0.0067512389         0.1797715049
       721    360.50000000     2      -187.9208058190         0.0065573818         0.1832266465
       722    361.00000000     2      -187.9203033350         0.0064742208         0.1881425567
       723    361.50000000     2      -187.9208393130         0.0064939841         0.1948784200
       724    362.00000000     2      -187.9222052180         0.0065990904         0.2022223282
       725    362.50000000     2      -187.9240827870         0.0067608415         0.2084855880
       726    363.00000000     2      -187.9259346100         0.0069375980         0.2134309760
       727    363.50000000     2      -187.9270457200         0.0070825781         0.2199386760
       728    364.00000000     2      -187.9269097390         0.0071693697         0.2328480918
       729    364.50000000     2      -187.9258951170         0.0072281081         0.2524429884
       730    365.00000000     2      -187.9255258180         0.0073528605         0.2688151686
       731    365.50000000     2      -187.9274901830         0.0076290382         0.2681699708
       732    366.00000000     2      -187.9318780860         0.0080288938         0.2462239887
       733    366.50000000     2      -187.9367978000         0.0084205046         0.2130540796
       734    367.00000000     2      -187.9400108970         0.0086819552         0.1843592489
       735    367.50000000     2      -187.9405308310         0.0087734317         0.1685450506
       736    368.00000000     2      -187.9387276560         0.0087243632         0.1628989209
       737    368.50000000     2      -187.9355465820         0.0085897815         0.1614660627
       738    369.00000000     2      -187.9318705490         0.0084203174         0.1615250090
       739    369.50000000     2      -187.9283415280         0.0082544123         0.1630513779
       740    370.00000000     2      -187.9254347140         0.0081221951         0.1662558657
       741    370.50000000     2      -187.9235411770         0.0080491763         0.1705627945
       742    371.00000000     2      -187.9229723590         0.0080550327         0.1749216320
       743    371.50000000     2      -187.9239115630         0.0081490684         0.1782868070
       744    372.00000000     2      -187.9263496070         0.0083256921         0.1797119711
       745    372.50000000     2      -187.9300142330         0.0085617561         0.1782754064
       746    373.00000000     2      -187.9342948000         0.0088160755         0.1733907156
       747    373.50000000     2      -187.9382101750         0.0090322879         0.1660478681
       748    374.00000000     2      -187.9405521080         0.0091490489         0.1608992847
       749    374.50000000     2      -187.9403689790         0.0091229725         0.1660601018
       750    375.00000000     2      -187.9377418590         0.0089628953         0.1844848217
       751    375.50000000     2      -187.9342252150         0.0087508833         0.2053359782
       752    376.00000000     2      -187.9319955290         0.0086022674         0.2126422210
       753    376.50000000     2      -187.9319814490         0.0085656203         0.2008757030
       754    377.00000000     2      -187.9330914620         0.0085761124         0.1794346576
       755    377.50000000     2      -187.9335224210         0.0085289953         0.1621388936
       756    378.00000000     2      -187.9323184180         0.0083675157         0.1538563442
       757    378.50000000     2      -187.9296174730         0.0080977472         0.1505801706
       758    379.00000000     2      -187.9260578370         0.0077588693         0.1485081453
       759    379.50000000     2      -187.9222784990         0.0073966651         0.1474274891
       760    380.00000000     2      -187.9187709580         0.0070535774         0.1487813359
       761    380.50000000     2      -187.9159134520         0.0067680060         0.1536041946
       762    381.00000000     2      -187.9140275310         0.0065744189         0.1617982554
       763    381.50000000     2      -187.9134064170         0.0065008092         0.1722475371
       764    382.00000000     2      -187.9143059640         0.0065634401         0.1831345159
       765    382.50000000     2      -187.9168866800         0.0067605331         0.1922319139
       766    383.00000000     2      -187.9210964500         0.0070675999         0.1971951656
       767    383.50000000     2      -187.9265121270         0.0074366210         0.1960595162
       768    384.00000000     2      -187.9322037950         0.0077997924         0.1885675810
       769    384.50000000     2      -187.9367705710         0.0080799967         0.1791743214
       770    385.00000000     2      -187.9387924950         0.0082148322         0.1796235622
       771    385.50000000     2      -187.9378132200         0.0081984744         0.1996776859
       772    386.00000000     2      -187.9352296380         0.0081169480         0.2284627710
       773    386.50000000     2      -187.9336120900         0.0081074124         0.2420169149
       774    387.00000000     2      -187.9342247330         0.0082235432         0.2284362722
       775    387.50000000     2      -187.9356491410         0.0083698898         0.1981171213
       776    388.00000000     2      -187.9355100650         0.0084115169         0.1718172023
       777    388.50000000     2      -187.9327264310         0.0082924858         0.1604530479
       778    389.00000000     2      -187.9277546550         0.0080402912         0.1601150684
       779    389.50000000     2      -187.9216089590         0.0077135345         0.1645807827
       780    390.00000000     2      -187.9151645300         0.0073650989         0.1716876727
       781    390.50000000     2      -187.9090505990         0.0070351336         0.1807519651
       782    391.00000000     2      -187.9037704080         0.0067577644         0.1905979478
       783    391.50000000     2      -187.8997908250         0.0065672124         0.1998569097
       784    392.00000000     2      -187.8975721510         0.0064988389         0.2074343724
       785    392.50000000     2      -187.8975560960         0.0065841187         0.2123401690
       786    393.00000000     2      -187.9000864350         0.0068387578         0.2134286933
       787    393.50000000     2      -187.9052369700         0.0072484156         0.2095882893
       788    394.00000000     2      -187.9126003220         0.0077625440         0.2001847294
       789    394.50000000     2      -187.9211482070         0.0083014348         0.1853890764
       790    395.00000000     2      -187.9292537260         0.0087708395         0.1672217740
       791    395.50000000     2      -187.9349767170         0.0090803073         0.1531507586
       792    396.00000000     2      -187.9368079180         0.0091729336         0.1580291535
       793    396.50000000     2      -187.9348786100         0.0090723177         0.1868952008
       794    397.00000000     2      -187.9316735620         0.0089127777         0.2189252012
       795    397.50000000     2      -187.9305263610         0.0088676940         0.2289616764
       796    398.00000000     2      -187.9324428590         0.0089821557         0.2123704219
       797    398.50000000     2      -187.9352263150         0.0091271205         0.1879948798
       798    399.00000000     2      -187.9361198410         0.0091483378         0.1769024793
       799    399.50000000     2      -187.9341619490         0.0089870248         0.1801492885
       800    400.00000000     2      -187.9300901900         0.0086726638         0.1864227751
