         0         0.0000000000      -188.0269110110      -187.8936613120      -187.8936613120
         1         0.5000000000      -188.0205551770      -187.8871424170      -187.8871424170
         2         1.0000000000      -188.0177859790      -187.8842090960      -187.8842090960
         3         1.5000000000      -188.0199177480      -187.8862051380      -187.8862051380
         4         2.0000000000      -188.0256362460      -187.8918381900      -187.8918381900
         5         2.5000000000      -188.0322606060      -187.8984417310      -187.8984417310
         6         3.0000000000      -188.0373579980      -187.9035913530      -187.9035913530
         7         3.5000000000      -188.0396930540      -187.9060546200      -187.9060546200
         8         4.0000000000      -188.0396478680      -187.9062127770      -187.9062127770
         9         4.5000000000      -188.0389816480      -187.9058245890      -187.9058245890
        10         5.0000000000      -188.0393714540      -187.9065696480      -187.9065696480
        11         5.5000000000      -188.0406767000      -187.9083105160      -187.9083105160
        12         6.0000000000      -188.0412749270      -187.9094240570      -187.9094240570
        13         6.5000000000      -188.0403357930      -187.9090718420      -187.9090718420
        14         7.0000000000      -188.0390289090      -187.9084057670      -187.9084057670
        15         7.5000000000      -188.0392963390      -187.9093426810      -187.9093426810
        16         8.0000000000      -188.0418162020      -187.9125364550      -187.9125364550
        17         8.5000000000      -188.0451140640      -187.9164992210      -187.9164992210
        18         9.0000000000      -188.0463593400      -187.9184015920      -187.9184015920
        19         9.5000000000      -188.0431710000      -187.9158752760      -187.9158752760
        20        10.0000000000      -188.0351908220      -187.9085813820      -187.9085813820
        21        10.5000000000      -188.0245624710      -187.8986850350      -187.8986850350
        22        11.0000000000      -188.0151184310      -187.8900384530      -187.8900384530
        23        11.5000000000      -188.0104154520      -187.8862120330      -187.8862120330
        24        12.0000000000      -188.0116714020      -187.8884280530      -187.8884280530
        25        12.5000000000      -188.0173598350      -187.8951552780      -187.8951552780
        26        13.0000000000      -188.0246251010      -187.9035247830      -187.9035247830
        27        13.5000000000      -188.0308307520      -187.9108776780      -187.9108776780
        28        14.0000000000      -188.0342913220      -187.9154958120      -187.9154958120
        29        14.5000000000      -188.0346378770      -187.9169702830      -187.9169702830
        30        15.0000000000      -188.0330155600      -187.9164065070      -187.9164065070
        31        15.5000000000      -188.0312971050      -187.9156463160      -187.9156463160
        32        16.0000000000      -188.0302282240      -187.9154187240      -187.9154187240
        33        16.5000000000      -188.0288109670      -187.9147280360      -187.9147280360
        34        17.0000000000      -188.0263706290      -187.9129251700      -187.9129251700
        35        17.5000000000      -188.0244799470      -187.9116289560      -187.9116289560
        36        18.0000000000      -188.0257128810      -187.9134658490      -187.9134658490
        37        18.5000000000      -188.0305839590      -187.9189925370      -187.9189925370
        38        19.0000000000      -188.0363856030      -187.9255256910      -187.9255256910
        39        19.5000000000      -188.0391345580      -187.9290910480      -187.9290910480
        40        20.0000000000      -188.0363418940      -187.9271990430      -187.9271990430
        41        20.5000000000      -188.0283518200      -187.9201882180      -187.9201882180
        42        21.0000000000      -188.0180394500      -187.9109260910      -187.9109260910
        43        21.5000000000      -188.0093696090      -187.9033702410      -187.9033702410
        44        22.0000000000      -188.0052937800      -187.9004651930      -187.9004651930
        45        22.5000000000      -188.0062287820      -187.9026197460      -187.9026197460
        46        23.0000000000      -188.0103757640      -187.9080261870      -187.9080261870
        47        23.5000000000      -188.0152436940      -187.9141849880      -187.9141849880
        48        24.0000000000      -188.0187612710      -187.9190169060      -187.9190169060
        49        24.5000000000      -188.0196025930      -187.9211877800      -187.9211877800
        50        25.0000000000      -188.0174080610      -187.9203307590      -187.9203307590
        51        25.5000000000      -188.0131178100      -187.9173834220      -187.9173834220
        52        26.0000000000      -188.0086075690      -187.9142267720      -187.9142267720
        53        26.5000000000      -188.0051362520      -187.9121305350      -187.9121305350
        54        27.0000000000      -188.0022730170      -187.9106744280      -187.9106744280
        55        27.5000000000      -187.9991658060      -187.9090124310      -187.9090124310
        56        28.0000000000      -187.9964878200      -187.9078162890      -187.9078162890
        57        28.5000000000      -187.9961299770      -187.9089673100      -187.9089673100
        58        29.0000000000      -187.9989231200      -187.9132845090      -187.9132845090
        59        29.5000000000      -188.0031404380      -187.9190392140      -187.9190392140
        60        30.0000000000      -188.0053809210      -187.9228473330      -187.9228473330
        61        30.5000000000      -188.0029242600      -187.9220223250      -187.9220223250
        62        31.0000000000      -187.9956883460      -187.9165218600      -187.9165218600
        63        31.5000000000      -187.9865943910      -187.9093010490      -187.9093010490
        64        32.0000000000      -187.9799348980      -187.9046713430      -187.9046713430
        65        32.5000000000      -187.9784919400      -187.9054138430      -187.9054138430
        66        33.0000000000      -187.9818785110      -187.9111217490      -187.9111217490
        67        33.5000000000      -187.9876554080      -187.9193247050      -187.9193247050
        68        34.0000000000      -187.9934191100      -187.9275849040      -187.9275849040
        69        34.5000000000      -187.9976786840      -187.9343796360      -187.9343796360
        70        35.0000000000      -187.9996500020      -187.9389013170      -187.9389013170
        71        35.5000000000      -187.9990282690      -187.9408369120      -187.9408369120
        72        36.0000000000      -187.9960577070      -187.9404443380      -187.9404443380
        73        36.5000000000      -187.9914306780      -187.9384525200      -187.9384525200
        74        37.0000000000      -187.9857384340      -187.9355044300      -187.9355044300
        75        37.5000000000      -187.9792026510      -187.9318771220      -187.9318771220
        76        38.0000000000      -187.9723650500      -187.9281643590      -187.9281643590
        77        38.5000000000      -187.9666891240      -187.9258793270      -187.9258793270
        78        39.0000000000      -187.9637055590      -187.9266048810      -187.9266048810
        79        39.5000000000      -187.9634825500      -187.9304670080      -187.9304670080
        80        40.0000000000      -187.9641782130      -187.9356844660      -187.9356844660
        81        40.5000000000      -187.9629631700      -187.9394764200      -187.9394764200
        82        41.0000000000      -187.9575879160      -187.9395857590      -187.9395857590
        83        41.5000000000      -187.9479806090      -187.9357268400      -187.9357268400
        84        42.0000000000      -187.9373516510      -187.9299083420      -187.9299083420
        85        42.5000000000      -187.9321959630      -187.9242362140      -187.9242362140
        86        43.0000000000      -187.9353842610      -187.9220727300      -187.9220727300
        87        43.5000000000      -187.9445542010      -187.9251385100      -187.9251385100
        88        44.0000000000      -187.9563449540      -187.9310977550      -187.9310977550
        89        44.5000000000      -187.9677207420      -187.9371282850      -187.9371282850
        90        45.0000000000      -187.9769080770      -187.9414907410      -187.9414907410
        91        45.5000000000      -187.9832595550      -187.9435184810      -187.9435184810
        92        46.0000000000      -187.9869900100      -187.9433880090      -187.9433880090
        93        46.5000000000      -187.9891047420      -187.9420597740      -187.9420597740
        94        47.0000000000      -187.9909998900      -187.9408879840      -187.9408879840
        95        47.5000000000      -187.9935918990      -187.9407573950      -187.9407573950
        96        48.0000000000      -187.9969376200      -187.9417042870      -187.9417042870
        97        48.5000000000      -188.0009348910      -187.9436086980      -187.9436086980
        98        49.0000000000      -188.0058317390      -187.9466916820      -187.9466916820
        99        49.5000000000      -188.0114292850      -187.9507083150      -187.9507083150
       100        50.0000000000      -188.0162530840      -187.9541154700      -187.9541154700
       101        50.5000000000      -188.0182110060      -187.9547345760      -187.9547345760
       102        51.0000000000      -188.0158849500      -187.9510554390      -187.9510554390
       103        51.5000000000      -188.0091375700      -187.9428589090      -187.9428589090
       104        52.0000000000      -187.9993311780      -187.9314513940      -187.9314513940
       105        52.5000000000      -187.9895448550      -187.9198920540      -187.9198920540
       106        53.0000000000      -187.9837659890      -187.9121851430      -187.9121851430
       107        53.5000000000      -187.9844336540      -187.9108145300      -187.9108145300
       108        54.0000000000      -187.9905914430      -187.9148824920      -187.9148824920
       109        54.5000000000      -187.9990215950      -187.9212310670      -187.9212310670
       110        55.0000000000      -188.0067509090      -187.9269376950      -187.9269376950
       111        55.5000000000      -188.0122620200      -187.9305186300      -187.9305186300
       112        56.0000000000      -188.0153679800      -187.9317980630      -187.9317980630
       113        56.5000000000      -188.0168151790      -187.9315109760      -187.9315109760
       114        57.0000000000      -188.0178150570      -187.9308429940      -187.9308429940
       115        57.5000000000      -188.0192668650      -187.9306673920      -187.9306673920
       116        58.0000000000      -188.0212086050      -187.9310102960      -187.9310102960
       117        58.5000000000      -188.0233491810      -187.9315880200      -187.9315880200
       118        59.0000000000      -188.0260487580      -187.9327812250      -187.9327812250
       119        59.5000000000      -188.0300875880      -187.9353911280      -187.9353911280
       120        60.0000000000      -188.0352603750      -187.9392243220      -187.9392243220
       121        60.5000000000      -188.0398249730      -187.9425405470      -187.9425405470
       122        61.0000000000      -188.0416504890      -187.9432078640      -187.9432078640
       123        61.5000000000      -188.0396176280      -187.9401097440      -187.9401097440
       124        62.0000000000      -188.0342036020      -187.9337332860      -187.9337332860
       125        62.5000000000      -188.0275154350      -187.9262025880      -187.9262025880
       126        63.0000000000      -188.0227125670      -187.9206978860      -187.9206978860
       127        63.5000000000      -188.0223357110      -187.9197745470      -187.9197745470
       128        64.0000000000      -188.0265392610      -187.9235837830      -187.9235837830
       129        64.5000000000      -188.0332103230      -187.9299878760      -187.9299878760
       130        65.0000000000      -188.0397391480      -187.9363389430      -187.9363389430
       131        65.5000000000      -188.0443638270      -187.9408365130      -187.9408365130
       132        66.0000000000      -188.0463584360      -187.9427256210      -187.9427256210
       133        66.5000000000      -188.0458507260      -187.9421195150      -187.9421195150
       134        67.0000000000      -188.0437917490      -187.9399709490      -187.9399709490
       135        67.5000000000      -188.0417005850      -187.9378174590      -187.9378174590
       136        68.0000000000      -188.0407279360      -187.9368431500      -187.9368431500
       137        68.5000000000      -188.0407030020      -187.9369181450      -187.9369181450
       138        69.0000000000      -188.0404939320      -187.9369456190      -187.9369456190
       139        69.5000000000      -188.0395138740      -187.9363545030      -187.9363545030
       140        70.0000000000      -188.0384725300      -187.9358464210      -187.9358464210
       141        70.5000000000      -188.0382802200      -187.9363062760      -187.9363062760
       142        71.0000000000      -188.0385093490      -187.9372745760      -187.9372745760
       143        71.5000000000      -188.0374559270      -187.9370166180      -187.9370166180
       144        72.0000000000      -188.0336217260      -187.9340069750      -187.9340069750
       145        72.5000000000      -188.0270852260      -187.9283009460      -187.9283009460
       146        73.0000000000      -188.0200212360      -187.9220567060      -187.9220567060
       147        73.5000000000      -188.0159474730      -187.9187831260      -187.9187831260
       148        74.0000000000      -188.0174233180      -187.9210343650      -187.9210343650
       149        74.5000000000      -188.0239154450      -187.9282685590      -187.9282685590
       150        75.0000000000      -188.0323260890      -187.9373752810      -187.9373752810
       151        75.5000000000      -188.0393732700      -187.9450623940      -187.9450623940
       152        76.0000000000      -188.0430906750      -187.9493621650      -187.9493621650
       153        76.5000000000      -188.0429152840      -187.9497197020      -187.9497197020
       154        77.0000000000      -188.0395245630      -187.9468276390      -187.9468276390
       155        77.5000000000      -188.0348733020      -187.9426602930      -187.9426602930
       156        78.0000000000      -188.0316182710      -187.9398963300      -187.9398963300
       157        78.5000000000      -188.0313683160      -187.9401666600      -187.9401666600
       158        79.0000000000      -188.0332640460      -187.9426311420      -187.9426311420
       159        79.5000000000      -188.0348788620      -187.9448775550      -187.9448775550
       160        80.0000000000      -188.0345448720      -187.9452492280      -187.9452492280
       161        80.5000000000      -188.0324657660      -187.9439641800      -187.9439641800
       162        81.0000000000      -188.0296930400      -187.9420977090      -187.9420977090
       163        81.5000000000      -188.0263922490      -187.9398490220      -187.9398490220
       164        82.0000000000      -188.0214154620      -187.9361055340      -187.9361055340
       165        82.5000000000      -188.0135185610      -187.9296477700      -187.9296477700
       166        83.0000000000      -188.0028868440      -187.9206662650      -187.9206662650
       167        83.5000000000      -187.9917651750      -187.9113906060      -187.9113906060
       168        84.0000000000      -187.9835889150      -187.9052236110      -187.9052236110
       169        84.5000000000      -187.9807688500      -187.9045297830      -187.9045297830
       170        85.0000000000      -187.9829425260      -187.9088931380      -187.9088931380
       171        85.5000000000      -187.9875409920      -187.9156975520      -187.9156975520
       172        86.0000000000      -187.9917361070      -187.9220883160      -187.9220883160
       173        86.5000000000      -187.9936928580      -187.9262289830      -187.9262289830
       174        87.0000000000      -187.9928230620      -187.9275471860      -187.9275471860
       175        87.5000000000      -187.9898353800      -187.9267719380      -187.9267719380
       176        88.0000000000      -187.9866850360      -187.9258719750      -187.9258719750
       177        88.5000000000      -187.9857016530      -187.9271783790      -187.9271783790
       178        89.0000000000      -187.9878491910      -187.9316451150      -187.9316451150
       179        89.5000000000      -187.9917586520      -187.9378859200      -187.9378859200
       180        90.0000000000      -187.9949009580      -187.9433504320      -187.9433504320
       181        90.5000000000      -187.9957316110      -187.9464700850      -187.9464700850
       182        91.0000000000      -187.9945639540      -187.9475316850      -187.9475316850
       183        91.5000000000      -187.9924551900      -187.9475642330      -187.9475642330
       184        92.0000000000      -187.9895213800      -187.9466547090      -187.9466547090
       185        92.5000000000      -187.9846471800      -187.9436586590      -187.9436586590
       186        93.0000000000      -187.9767677810      -187.9374846710      -187.9374846710
       187        93.5000000000      -187.9663172030      -187.9285489030      -187.9285489030
       188        94.0000000000      -187.9557570500      -187.9193120200      -187.9193120200
       189        94.5000000000      -187.9486210670      -187.9133268010      -187.9133268010
       190        95.0000000000      -187.9471617540      -187.9128785540      -187.9128785540
       191        95.5000000000      -187.9505903370      -187.9172154160      -187.9172154160
       192        96.0000000000      -187.9559295450      -187.9233973010      -187.9233973010
       193        96.5000000000      -187.9602165820      -187.9284998530      -187.9284998530
       194        97.0000000000      -187.9617134700      -187.9308226930      -187.9308226930
       195        97.5000000000      -187.9600398040      -187.9300159790      -187.9300159790
       196        98.0000000000      -187.9562206630      -187.9271231810      -187.9271231810
       197        98.5000000000      -187.9525902150      -187.9244852910      -187.9244852910
       198        99.0000000000      -187.9516314580      -187.9245871220      -187.9245871220
       199        99.5000000000      -187.9540197860      -187.9281096780      -187.9281096780
       200       100.0000000000      -187.9579894560      -187.9333028750      -187.9333028750
       201       100.5000000000      -187.9610138160      -187.9376657130      -187.9376657130
       202       101.0000000000      -187.9619452860      -187.9400818420      -187.9400818420
       203       101.5000000000      -187.9615150320      -187.9413130760      -187.9413130760
       204       102.0000000000      -187.9609631460      -187.9426245960      -187.9426245960
       205       102.5000000000      -187.9603406670      -187.9440819450      -187.9440819450
       206       103.0000000000      -187.9583098940      -187.9443459320      -187.9443459320
       207       103.5000000000      -187.9535000850      -187.9420235400      -187.9420235400
       208       104.0000000000      -187.9460014300      -187.9371552450      -187.9371552450
       209       104.5000000000      -187.9379324160      -187.9317544300      -187.9317544300
       210       105.0000000000      -187.9326003290      -187.9288033980      -187.9288033980
       211       105.5000000000      -187.9326208020      -187.9296664840      -187.9296664840
       212       106.0000000000      -187.9375910310      -187.9331595170      -187.9331595170
       213       106.5000000000      -187.9438105990      -187.9372771880      -187.9372771880
       214       107.0000000000      -187.9481447070      -187.9396154570      -187.9396154570
       215       107.5000000000      -187.9491533480      -187.9389024410      -187.9389024410
       216       108.0000000000      -187.9470608080      -187.9354230280      -187.9354230280
       217       108.5000000000      -187.9435267040      -187.9308724270      -187.9308724270
       218       109.0000000000      -187.9410622370      -187.9277825790      -187.9277825790
       219       109.5000000000      -187.9416293700      -187.9281177410      -187.9281177410
       220       110.0000000000      -187.9451094160      -187.9317425140      -187.9317425140
       221       110.5000000000      -187.9493548300      -187.9364801130      -187.9364801130
       222       111.0000000000      -187.9521204370      -187.9400518630      -187.9400518630
       223       111.5000000000      -187.9529480430      -187.9419637080      -187.9419637080
       224       112.0000000000      -187.9530408400      -187.9433722350      -187.9433722350
       225       112.5000000000      -187.9532609740      -187.9450626160      -187.9450626160
       226       113.0000000000      -187.9525864450      -187.9458717870      -187.9458717870
       227       113.5000000000      -187.9488628290      -187.9433771150      -187.9433771150
       228       114.0000000000      -187.9408801180      -187.9359258950      -187.9359258950
       229       114.5000000000      -187.9297702640      -187.9243538400      -187.9243538400
       230       115.0000000000      -187.9190072890      -187.9124744860      -187.9124744860
       231       115.5000000000      -187.9129906790      -187.9052468610      -187.9052468610
       232       116.0000000000      -187.9140364840      -187.9053437050      -187.9053437050
       233       116.5000000000      -187.9203522140      -187.9111502350      -187.9111502350
       234       117.0000000000      -187.9276234790      -187.9184314510      -187.9184314510
       235       117.5000000000      -187.9321678400      -187.9235292020      -187.9235292020
       236       118.0000000000      -187.9325496540      -187.9249824880      -187.9249824880
       237       118.5000000000      -187.9295739780      -187.9234746890      -187.9234746890
       238       119.0000000000      -187.9257493850      -187.9211107060      -187.9211107060
       239       119.5000000000      -187.9243241190      -187.9200911740      -187.9200911740
       240       120.0000000000      -187.9271688160      -187.9215828290      -187.9215828290
       241       120.5000000000      -187.9333343500      -187.9254117400      -187.9254117400
       242       121.0000000000      -187.9405296160      -187.9299156680      -187.9299156680
       243       121.5000000000      -187.9469094140      -187.9334915220      -187.9334915220
       244       122.0000000000      -187.9521593850      -187.9359358820      -187.9359358820
       245       122.5000000000      -187.9570979020      -187.9381292300      -187.9381292300
       246       123.0000000000      -187.9619570780      -187.9403365540      -187.9403365540
       247       123.5000000000      -187.9652365810      -187.9410704200      -187.9410704200
       248       124.0000000000      -187.9646162690      -187.9380133900      -187.9380133900
       249       124.5000000000      -187.9589351280      -187.9300028520      -187.9300028520
       250       125.0000000000      -187.9495337830      -187.9183721550      -187.9183721550
       251       125.5000000000      -187.9401970050      -187.9068897450      -187.9068897450
       252       126.0000000000      -187.9352704600      -187.8998787030      -187.8998787030
       253       126.5000000000      -187.9366671010      -187.8992330930      -187.8992330930
       254       127.0000000000      -187.9425879370      -187.9031494740      -187.9031494740
       255       127.5000000000      -187.9493699480      -187.9079794230      -187.9079794230
       256       128.0000000000      -187.9540808110      -187.9108231170      -187.9108231170
       257       128.5000000000      -187.9556435000      -187.9106482050      -187.9106482050
       258       129.0000000000      -187.9547510530      -187.9081936850      -187.9081936850
       259       129.5000000000      -187.9532395430      -187.9053288420      -187.9053288420
       260       130.0000000000      -187.9529433200      -187.9038987260      -187.9038987260
       261       130.5000000000      -187.9545207490      -187.9045512650      -187.9045512650
       262       131.0000000000      -187.9573672450      -187.9066628890      -187.9066628890
       263       131.5000000000      -187.9606743360      -187.9094130010      -187.9094130010
       264       132.0000000000      -187.9644108850      -187.9127739380      -187.9127739380
       265       132.5000000000      -187.9692187520      -187.9174034380      -187.9174034380
       266       133.0000000000      -187.9751929910      -187.9234102560      -187.9234102560
       267       133.5000000000      -187.9808417180      -187.9292960350      -187.9292960350
       268       134.0000000000      -187.9836578260      -187.9325180850      -187.9325180850
       269       134.5000000000      -187.9817471630      -187.9311227430      -187.9311227430
       270       135.0000000000      -187.9750508350      -187.9249820750      -187.9249820750
       271       135.5000000000      -187.9657841080      -187.9162459970      -187.9162459970
       272       136.0000000000      -187.9579523210      -187.9088645670      -187.9088645670
       273       136.5000000000      -187.9552803670      -187.9065220680      -187.9065220680
       274       137.0000000000      -187.9584221680      -187.9098551590      -187.9098551590
       275       137.5000000000      -187.9644381320      -187.9159367730      -187.9159367730
       276       138.0000000000      -187.9692402030      -187.9207156470      -187.9207156470
       277       138.5000000000      -187.9701831660      -187.9215923560      -187.9215923560
       278       139.0000000000      -187.9670467800      -187.9183867390      -187.9183867390
       279       139.5000000000      -187.9618182670      -187.9131133330      -187.9131133330
       280       140.0000000000      -187.9575144730      -187.9088037410      -187.9088037410
       281       140.5000000000      -187.9562007830      -187.9075305780      -187.9075305780
       282       141.0000000000      -187.9577604670      -187.9091841000      -187.9091841000
       283       141.5000000000      -187.9607021680      -187.9122887030      -187.9122887030
       284       142.0000000000      -187.9637959040      -187.9156475890      -187.9156475890
       285       142.5000000000      -187.9669088760      -187.9191822850      -187.9191822850
       286       143.0000000000      -187.9707748150      -187.9236940070      -187.9236940070
       287       143.5000000000      -187.9758576280      -187.9297077860      -187.9297077860
       288       144.0000000000      -187.9812009700      -187.9363042630      -187.9363042630
       289       144.5000000000      -187.9846683680      -187.9413572670      -187.9413572670
       290       145.0000000000      -187.9843908570      -187.9429892650      -187.9429892650
       291       145.5000000000      -187.9800418600      -187.9408487970      -187.9408487970
       292       146.0000000000      -187.9732732660      -187.9365409210      -187.9365409210
       293       146.5000000000      -187.9671031320      -187.9330142860      -187.9330142860
       294       147.0000000000      -187.9640552910      -187.9327160800      -187.9327160800
       295       147.5000000000      -187.9641643570      -187.9356200390      -187.9356200390
       296       148.0000000000      -187.9649720410      -187.9392298510      -187.9392298510
       297       148.5000000000      -187.9635757790      -187.9406091620      -187.9406091620
       298       149.0000000000      -187.9586563420      -187.9383805360      -187.9383805360
       299       149.5000000000      -187.9512326040      -187.9334639070      -187.9334639070
       300       150.0000000000      -187.9440552560      -187.9284797030      -187.9284797030
       301       150.5000000000      -187.9398249290      -187.9260086880      -187.9260086880
       302       151.0000000000      -187.9394137630      -187.9268886940      -187.9268886940
       303       151.5000000000      -187.9417307700      -187.9301508270      -187.9301508270
       304       152.0000000000      -187.9448782170      -187.9341643200      -187.9341643200
       305       152.5000000000      -187.9471133910      -187.9374922170      -187.9374922170
       306       153.0000000000      -187.9475202900      -187.9394512340      -187.9394512340
       307       153.5000000000      -187.9465896750      -187.9406301090      -187.9406301090
       308       154.0000000000      -187.9458514340      -187.9424061090      -187.9424061090
       309       154.5000000000      -187.9469923280      -187.9446004820      -187.9446004820
       310       155.0000000000      -187.9500778490      -187.9448432590      -187.9448432590
       311       155.5000000000      -187.9514863930      -187.9426545030      -187.9426545030
       312       156.0000000000      -187.9497508000      -187.9373236500      -187.9373236500
       313       156.5000000000      -187.9458405740      -187.9299484700      -187.9299484700
       314       157.0000000000      -187.9428103080      -187.9236389290      -187.9236389290
       315       157.5000000000      -187.9438433530      -187.9216264490      -187.9216264490
       316       158.0000000000      -187.9494426220      -187.9244747120      -187.9244747120
       317       158.5000000000      -187.9567633620      -187.9294085280      -187.9294085280
       318       159.0000000000      -187.9619895350      -187.9326669140      -187.9326669140
       319       159.5000000000      -187.9630539020      -187.9322018180      -187.9322018180
       320       160.0000000000      -187.9606274720      -187.9286626020      -187.9286626020
       321       160.5000000000      -187.9573452960      -187.9246315900      -187.9246315900
       322       161.0000000000      -187.9558384270      -187.9226711080      -187.9226711080
       323       161.5000000000      -187.9569557300      -187.9235602140      -187.9235602140
       324       162.0000000000      -187.9597012130      -187.9262434280      -187.9262434280
       325       162.5000000000      -187.9622762910      -187.9288820290      -187.9288820290
       326       163.0000000000      -187.9628288500      -187.9296106450      -187.9296106450
       327       163.5000000000      -187.9602751990      -187.9273646900      -187.9273646900
       328       164.0000000000      -187.9554271890      -187.9230041310      -187.9230041310
       329       164.5000000000      -187.9508355830      -187.9191395830      -187.9191395830
       330       165.0000000000      -187.9485912610      -187.9179079320      -187.9179079320
       331       165.5000000000      -187.9482952150      -187.9189233590      -187.9189233590
       332       166.0000000000      -187.9475889440      -187.9198026970      -187.9198026970
       333       166.5000000000      -187.9445200280      -187.9185326200      -187.9185326200
       334       167.0000000000      -187.9394438560      -187.9153723440      -187.9153723440
       335       167.5000000000      -187.9350305190      -187.9128659300      -187.9128659300
       336       168.0000000000      -187.9341011160      -187.9136962650      -187.9136962650
       337       168.5000000000      -187.9369328870      -187.9180083820      -187.9180083820
       338       169.0000000000      -187.9409846110      -187.9231338820      -187.9231338820
       339       169.5000000000      -187.9433405000      -187.9260256770      -187.9260256770
       340       170.0000000000      -187.9430393380      -187.9256115860      -187.9256115860
       341       170.5000000000      -187.9413191940      -187.9230986500      -187.9230986500
       342       171.0000000000      -187.9401031420      -187.9204938760      -187.9204938760
       343       171.5000000000      -187.9404073800      -187.9189858410      -187.9189858410
       344       172.0000000000      -187.9422527830      -187.9188017370      -187.9188017370
       345       172.5000000000      -187.9455263480      -187.9200245950      -187.9200245950
       346       173.0000000000      -187.9499794170      -187.9225621230      -187.9225621230
       347       173.5000000000      -187.9545425240      -187.9254427700      -187.9254427700
       348       174.0000000000      -187.9577681600      -187.9272513740      -187.9272513740
       349       174.5000000000      -187.9593567030      -187.9276640530      -187.9276640530
       350       175.0000000000      -187.9605980490      -187.9279140500      -187.9279140500
       351       175.5000000000      -187.9628218590      -187.9292703860      -187.9292703860
       352       176.0000000000      -187.9657188010      -187.9313765120      -187.9313765120
       353       176.5000000000      -187.9675944660      -187.9325054530      -187.9325054530
       354       177.0000000000      -187.9671910800      -187.9313737070      -187.9313737070
       355       177.5000000000      -187.9652469060      -187.9286919610      -187.9286919610
       356       178.0000000000      -187.9643582210      -187.9270173460      -187.9270173460
       357       178.5000000000      -187.9668341370      -187.9285985280      -187.9285985280
       358       179.0000000000      -187.9723513320      -187.9330283980      -187.9330283980
       359       179.5000000000      -187.9781543150      -187.9374565890      -187.9374565890
       360       180.0000000000      -187.9816280700      -187.9391832150      -187.9391832150
       361       180.5000000000      -187.9824760790      -187.9378585980      -187.9378585980
       362       181.0000000000      -187.9827486780      -187.9355270410      -187.9355270410
       363       181.5000000000      -187.9848420940      -187.9346302120      -187.9346302120
       364       182.0000000000      -187.9892582070      -187.9357580410      -187.9357580410
       365       182.5000000000      -187.9945031470      -187.9375297580      -187.9375297580
       366       183.0000000000      -187.9989398980      -187.9384263720      -187.9384263720
       367       183.5000000000      -188.0020439460      -187.9380283970      -187.9380283970
       368       184.0000000000      -188.0040382510      -187.9366384900      -187.9366384900
       369       184.5000000000      -188.0052945830      -187.9346771680      -187.9346771680
       370       185.0000000000      -188.0065512470      -187.9329015680      -187.9329015680
       371       185.5000000000      -188.0089856910      -187.9324849500      -187.9324849500
       372       186.0000000000      -188.0131711520      -187.9339841920      -187.9339841920
       373       186.5000000000      -188.0180783980      -187.9363516010      -187.9363516010
       374       187.0000000000      -188.0216999960      -187.9375649110      -187.9375649110
       375       187.5000000000      -188.0228353630      -187.9364166330      -187.9364166330
       376       188.0000000000      -188.0222776270      -187.9337038670      -187.9337038670
       377       188.5000000000      -188.0222070500      -187.9316185890      -187.9316185890
       378       189.0000000000      -188.0241108250      -187.9316560180      -187.9316560180
       379       189.5000000000      -188.0272507670      -187.9330721700      -187.9330721700
       380       190.0000000000      -188.0294448250      -187.9336673530      -187.9336673530
       381       190.5000000000      -188.0293241050      -187.9320550030      -187.9320550030
       382       191.0000000000      -188.0278359920      -187.9291745210      -187.9291745210
       383       191.5000000000      -188.0276286470      -187.9276795570      -187.9276795570
       384       192.0000000000      -188.0305820110      -187.9294679270      -187.9294679270
       385       192.5000000000      -188.0358194720      -187.9336891990      -187.9336891990
       386       193.0000000000      -188.0404822650      -187.9375112080      -187.9375112080
       387       193.5000000000      -188.0421908390      -187.9385699880      -187.9385699880
       388       194.0000000000      -188.0405680960      -187.9364826830      -187.9364826830
       389       194.5000000000      -188.0370473430      -187.9326542450      -187.9326542450
       390       195.0000000000      -188.0337409300      -187.9291543450      -187.9291543450
       391       195.5000000000      -188.0323025530      -187.9275908110      -187.9275908110
       392       196.0000000000      -188.0331838530      -187.9283738260      -187.9283738260
       393       196.5000000000      -188.0352697110      -187.9303522850      -187.9303522850
       394       197.0000000000      -188.0362719710      -187.9312042100      -187.9312042100
       395       197.5000000000      -188.0341981760      -187.9289025440      -187.9289025440
       396       198.0000000000      -188.0290247770      -187.9233894490      -187.9233894490
       397       198.5000000000      -188.0230935570      -187.9169782940      -187.9169782940
       398       199.0000000000      -188.0194755320      -187.9127252040      -187.9127252040
       399       199.5000000000      -188.0193753800      -187.9118390850      -187.9118390850
       400       200.0000000000      -188.0211507950      -187.9127017890      -187.9127017890
       401       200.5000000000      -188.0219603140      -187.9125099390      -187.9125099390
       402       201.0000000000      -188.0202515650      -187.9097540130      -187.9097540130
       403       201.5000000000      -188.0172056140      -187.9056547890      -187.9056547890
       404       202.0000000000      -188.0162168470      -187.9036391280      -187.9036391280
       405       202.5000000000      -188.0200957070      -187.9065415390      -187.9065415390
       406       203.0000000000      -188.0281406840      -187.9136766580      -187.9136766580
       407       203.5000000000      -188.0366421910      -187.9213454970      -187.9213454970
       408       204.0000000000      -188.0422205130      -187.9261763040      -187.9261763040
       409       204.5000000000      -188.0441511450      -187.9274524740      -187.9274524740
       410       205.0000000000      -188.0441657540      -187.9269169780      -187.9269169780
       411       205.5000000000      -188.0447895950      -187.9271137390      -187.9271137390
       412       206.0000000000      -188.0475928490      -187.9296404640      -187.9296404640
       413       206.5000000000      -188.0521912480      -187.9341454240      -187.9341454240
       414       207.0000000000      -188.0563921750      -187.9384665330      -187.9384665330
       415       207.5000000000      -188.0575968380      -187.9400272280      -187.9400272280
       416       208.0000000000      -188.0547179780      -187.9377520920      -187.9377520920
       417       208.5000000000      -188.0491261150      -187.9330143060      -187.9330143060
       418       209.0000000000      -188.0436855340      -187.9286719470      -187.9286719470
       419       209.5000000000      -188.0405106590      -187.9268203300      -187.9268203300
       420       210.0000000000      -188.0394421540      -187.9272634040      -187.9272634040
       421       210.5000000000      -188.0385811050      -187.9280490190      -187.9280490190
       422       211.0000000000      -188.0360436100      -187.9272300860      -187.9272300860
       423       211.5000000000      -188.0315019080      -187.9244132470      -187.9244132470
       424       212.0000000000      -188.0268988090      -187.9214812800      -187.9214812800
       425       212.5000000000      -188.0256184900      -187.9217747970      -187.9217747970
       426       213.0000000000      -188.0296663150      -187.9272854860      -187.9272854860
       427       213.5000000000      -188.0372371700      -187.9362323880      -187.9362323880
       428       214.0000000000      -188.0438650790      -187.9442064860      -187.9442064860
       429       214.5000000000      -188.0457624790      -187.9474919030      -187.9474919030
       430       215.0000000000      -188.0417763220      -187.9449997160      -187.9449997160
       431       215.5000000000      -188.0333424940      -187.9382041280      -187.9382041280
       432       216.0000000000      -188.0236407100      -187.9302891170      -187.9302891170
       433       216.5000000000      -188.0163583410      -187.9249139940      -187.9249139940
       434       217.0000000000      -188.0137619310      -187.9242943460      -187.9242943460
       435       217.5000000000      -188.0149563850      -187.9274748130      -187.9274748130
       436       218.0000000000      -188.0165141100      -187.9309737520      -187.9309737520
       437       218.5000000000      -188.0155574580      -187.9318790790      -187.9318790790
       438       219.0000000000      -188.0122203150      -187.9303145350      -187.9303145350
       439       219.5000000000      -188.0090536150      -187.9288378930      -187.9288378930
       440       220.0000000000      -188.0082347820      -187.9296364410      -187.9296364410
       441       220.5000000000      -188.0095941760      -187.9325436450      -187.9325436450
       442       221.0000000000      -188.0111249060      -187.9355501860      -187.9355501860
       443       221.5000000000      -188.0106483630      -187.9364766480      -187.9364766480
       444       222.0000000000      -188.0070016530      -187.9341666720      -187.9341666720
       445       222.5000000000      -188.0007911750      -187.9292414460      -187.9292414460
       446       223.0000000000      -187.9948310510      -187.9245364420      -187.9245364420
       447       223.5000000000      -187.9929173680      -187.9238745870      -187.9238745870
       448       224.0000000000      -187.9964400040      -187.9286763970      -187.9286763970
       449       224.5000000000      -188.0024681790      -187.9360366520      -187.9360366520
       450       225.0000000000      -188.0063354090      -187.9412898980      -187.9412898980
       451       225.5000000000      -188.0053521260      -187.9417057720      -187.9417057720
       452       226.0000000000      -187.9997513910      -187.9374375500      -187.9374375500
       453       226.5000000000      -187.9916123370      -187.9304700380      -187.9304700380
       454       227.0000000000      -187.9837875890      -187.9235792390      -187.9235792390
       455       227.5000000000      -187.9788624630      -187.9193154930      -187.9193154930
       456       228.0000000000      -187.9774918660      -187.9183458970      -187.9183458970
       457       228.5000000000      -187.9776683450      -187.9187120980      -187.9187120980
       458       229.0000000000      -187.9767631150      -187.9178540290      -187.9178540290
       459       229.5000000000      -187.9743019000      -187.9153683480      -187.9153683480
       460       230.0000000000      -187.9721037140      -187.9131325050      -187.9131325050
       461       230.5000000000      -187.9719627720      -187.9129785050      -187.9129785050
       462       231.0000000000      -187.9738232850      -187.9148676000      -187.9148676000
       463       231.5000000000      -187.9760593970      -187.9171759030      -187.9171759030
       464       232.0000000000      -187.9767480030      -187.9179741470      -187.9179741470
       465       232.5000000000      -187.9746381280      -187.9160008230      -187.9160008230
       466       233.0000000000      -187.9699588870      -187.9114697680      -187.9114697680
       467       233.5000000000      -187.9652320160      -187.9068804150      -187.9068804150
       468       234.0000000000      -187.9646247750      -187.9063721680      -187.9063721680
       469       234.5000000000      -187.9705895270      -187.9123713080      -187.9123713080
       470       235.0000000000      -187.9810111200      -187.9227449030      -187.9227449030
       471       235.5000000000      -187.9911085050      -187.9327015110      -187.9327015110
       472       236.0000000000      -187.9974505110      -187.9388051720      -187.9388051720
       473       236.5000000000      -187.9993268310      -187.9403512660      -187.9403512660
       474       237.0000000000      -187.9977041620      -187.9383294630      -187.9383294630
       475       237.5000000000      -187.9941078940      -187.9343054390      -187.9343054390
       476       238.0000000000      -187.9901212840      -187.9299109320      -187.9299109320
       477       238.5000000000      -187.9868177830      -187.9262626170      -187.9262626170
       478       239.0000000000      -187.9840552600      -187.9232451020      -187.9232451020
       479       239.5000000000      -187.9808876020      -187.9199174280      -187.9199174280
       480       240.0000000000      -187.9771948740      -187.9161439550      -187.9161439550
       481       240.5000000000      -187.9743259680      -187.9132408610      -187.9132408610
       482       241.0000000000      -187.9737228250      -187.9126063720      -187.9126063720
       483       241.5000000000      -187.9754181190      -187.9142265210      -187.9142265210
       484       242.0000000000      -187.9781223360      -187.9167720120      -187.9167720120
       485       242.5000000000      -187.9802196800      -187.9186028560      -187.9186028560
       486       243.0000000000      -187.9804540340      -187.9184608370      -187.9184608370
       487       243.5000000000      -187.9783632350      -187.9159083550      -187.9159083550
       488       244.0000000000      -187.9749606000      -187.9120099520      -187.9120099520
       489       244.5000000000      -187.9730055670      -187.9095958580      -187.9095958580
       490       245.0000000000      -187.9752581550      -187.9115005070      -187.9115005070
       491       245.5000000000      -187.9814557610      -187.9175178710      -187.9175178710
       492       246.0000000000      -187.9880424750      -187.9241131190      -187.9241131190
       493       246.5000000000      -187.9914458570      -187.9276964140      -187.9276964140
       494       247.0000000000      -187.9906601890      -187.9272209800      -187.9272209800
       495       247.5000000000      -187.9870041710      -187.9239603520      -187.9239603520
       496       248.0000000000      -187.9827670390      -187.9201677530      -187.9201677530
       497       248.5000000000      -187.9801522290      -187.9180237060      -187.9180237060
       498       249.0000000000      -187.9801197070      -187.9184765050      -187.9184765050
       499       249.5000000000      -187.9815401490      -187.9203923930      -187.9203923930
       500       250.0000000000      -187.9823566110      -187.9217141740      -187.9217141740
       501       250.5000000000      -187.9817856770      -187.9216614870      -187.9216614870
       502       251.0000000000      -187.9806897230      -187.9211032080      -187.9211032080
       503       251.5000000000      -187.9801216220      -187.9211023350      -187.9211023350
       504       252.0000000000      -187.9802536810      -187.9218449930      -187.9218449930
       505       252.5000000000      -187.9805207520      -187.9227824330      -187.9227824330
       506       253.0000000000      -187.9801426280      -187.9231517320      -187.9231517320
       507       253.5000000000      -187.9784344600      -187.9222841080      -187.9222841080
       508       254.0000000000      -187.9751344660      -187.9199288740      -187.9199288740
       509       254.5000000000      -187.9709549550      -187.9167977170      -187.9167977170
       510       255.0000000000      -187.9677480220      -187.9147208340      -187.9147208340
       511       255.5000000000      -187.9672925220      -187.9154282360      -187.9154282360
       512       256.0000000000      -187.9693212860      -187.9185837230      -187.9185837230
       513       256.5000000000      -187.9712988050      -187.9215825170      -187.9215825170
       514       257.0000000000      -187.9705475360      -187.9217008330      -187.9217008330
       515       257.5000000000      -187.9662372230      -187.9180986760      -187.9180986760
       516       258.0000000000      -187.9596219530      -187.9120552930      -187.9120552930
       517       258.5000000000      -187.9531832140      -187.9061013030      -187.9061013030
       518       259.0000000000      -187.9494220490      -187.9028002590      -187.9028002590
       519       259.5000000000      -187.9493457660      -187.9032279180      -187.9032279180
       520       260.0000000000      -187.9516740990      -187.9061702320      -187.9061702320
       521       260.5000000000      -187.9542134150      -187.9094852480      -187.9094852480
       522       261.0000000000      -187.9559785700      -187.9122124780      -187.9122124780
       523       261.5000000000      -187.9574250650      -187.9148014620      -187.9148014620
       524       262.0000000000      -187.9591483230      -187.9178191290      -187.9178191290
       525       262.5000000000      -187.9611106720      -187.9211896980      -187.9211896980
       526       263.0000000000      -187.9628771610      -187.9244391500      -187.9244391500
       527       263.5000000000      -187.9640000700      -187.9270832320      -187.9270832320
       528       264.0000000000      -187.9641519830      -187.9287630400      -187.9287630400
       529       264.5000000000      -187.9633260580      -187.9294490190      -187.9294490190
       530       265.0000000000      -187.9623092160      -187.9299184000      -187.9299184000
       531       265.5000000000      -187.9628839950      -187.9319598490      -187.9319598490
       532       266.0000000000      -187.9668008250      -187.9373460720      -187.9373460720
       533       266.5000000000      -187.9738519300      -187.9459049180      -187.9459049180
       534       267.0000000000      -187.9812740790      -187.9549144460      -187.9549144460
       535       267.5000000000      -187.9854476470      -187.9607917910      -187.9607917910
       536       268.0000000000      -187.9839310840      -187.9611195250      -187.9611195250
       537       268.5000000000      -187.9762171350      -187.9553967270      -187.9553967270
       538       269.0000000000      -187.9637034100      -187.9450033060      -187.9450033060
       539       269.5000000000      -187.9495014080      -187.9329997130      -187.9329997130
       540       270.0000000000      -187.9374083180      -187.9230895380      -187.9230895380
       541       270.5000000000      -187.9298117680      -187.9175125810      -187.9175125810
       542       271.0000000000      -187.9266799170      -187.9160059780      -187.9160059780
       543       271.5000000000      -187.9268423580      -187.9170419130      -187.9170419130
       544       272.0000000000      -187.9292622090      -187.9191772720      -187.9191772720
       545       272.5000000000      -187.9329401130      -187.9212991280      -187.9212991280
       546       273.0000000000      -187.9367640450      -187.9226213500      -187.9226213500
       547       273.5000000000      -187.9398470110      -187.9227179840      -187.9227179840
       548       274.0000000000      -187.9416524980      -187.9214374650      -187.9214374650
       549       274.5000000000      -187.9419197200      -187.9188338220      -187.9188338220
       550       275.0000000000      -187.9409100660      -187.9154041130      -187.9154041130
       551       275.5000000000      -187.9399911740      -187.9125312930      -187.9125312930
       552       276.0000000000      -187.9415199960      -187.9124665240      -187.9124665240
       553       276.5000000000      -187.9472673950      -187.9169370810      -187.9169370810
       554       277.0000000000      -187.9566184000      -187.9253222510      -187.9253222510
       555       277.5000000000      -187.9667345500      -187.9347709270      -187.9347709270
       556       278.0000000000      -187.9745204960      -187.9421645790      -187.9421645790
       557       278.5000000000      -187.9780652060      -187.9455714410      -187.9455714410
       558       279.0000000000      -187.9767065290      -187.9443207580      -187.9443207580
       559       279.5000000000      -187.9708206520      -187.9387924830      -187.9387924830
       560       280.0000000000      -187.9620631030      -187.9306500990      -187.9306500990
       561       280.5000000000      -187.9532130600      -187.9226710410      -187.9226710410
       562       281.0000000000      -187.9468222500      -187.9173831840      -187.9173831840
       563       281.5000000000      -187.9439729140      -187.9158230510      -187.9158230510
       564       282.0000000000      -187.9443871740      -187.9176604510      -187.9176604510
       565       282.5000000000      -187.9468808270      -187.9216687090      -187.9216687090
       566       283.0000000000      -187.9496958320      -187.9260626800      -187.9260626800
       567       283.5000000000      -187.9512240510      -187.9292197310      -187.9292197310
       568       284.0000000000      -187.9505869620      -187.9302562440      -187.9302562440
       569       284.5000000000      -187.9475259580      -187.9289164430      -187.9289164430
       570       285.0000000000      -187.9420954320      -187.9252637760      -187.9252637760
       571       285.5000000000      -187.9348405150      -187.9198526260      -187.9198526260
       572       286.0000000000      -187.9274471780      -187.9143629400      -187.9143629400
       573       286.5000000000      -187.9228639080      -187.9116896080      -187.9116896080
       574       287.0000000000      -187.9237402120      -187.9143310390      -187.9143310390
       575       287.5000000000      -187.9301645810      -187.9220872800      -187.9220872800
       576       288.0000000000      -187.9395144210      -187.9319868060      -187.9319868060
       577       288.5000000000      -187.9484851990      -187.9406122670      -187.9406122670
       578       289.0000000000      -187.9545732730      -187.9457368090      -187.9457368090
       579       289.5000000000      -187.9561216370      -187.9460861840      -187.9460861840
       580       290.0000000000      -187.9521802440      -187.9409770040      -187.9409770040
       581       290.5000000000      -187.9431502590      -187.9309619720      -187.9309619720
       582       291.0000000000      -187.9315711430      -187.9186597990      -187.9186597990
       583       291.5000000000      -187.9215299790      -187.9081810170      -187.9081810170
       584       292.0000000000      -187.9163654930      -187.9028325430      -187.9028325430
       585       292.5000000000      -187.9165826310      -187.9030395210      -187.9030395210
       586       293.0000000000      -187.9200357920      -187.9065529590      -187.9065529590
       587       293.5000000000      -187.9239356520      -187.9104892470      -187.9104892470
       588       294.0000000000      -187.9265367130      -187.9130429930      -187.9130429930
       589       294.5000000000      -187.9273757890      -187.9137331770      -187.9137331770
       590       295.0000000000      -187.9266190420      -187.9127414870      -187.9127414870
       591       295.5000000000      -187.9244738550      -187.9103063720      -187.9103063720
       592       296.0000000000      -187.9211208430      -187.9066368840      -187.9066368840
       593       296.5000000000      -187.9171137480      -187.9023009060      -187.9023009060
       594       297.0000000000      -187.9137965700      -187.8986389890      -187.8986389890
       595       297.5000000000      -187.9130396670      -187.8975057510      -187.8975057510
       596       298.0000000000      -187.9161357940      -187.9001744290      -187.9001744290
       597       298.5000000000      -187.9229095540      -187.9064537900      -187.9064537900
       598       299.0000000000      -187.9320043650      -187.9149779780      -187.9149779780
       599       299.5000000000      -187.9415983290      -187.9239236290      -187.9239236290
       600       300.0000000000      -187.9495350370      -187.9311432660      -187.9311432660
       601       300.5000000000      -187.9533791200      -187.9342273860      -187.9342273860
       602       301.0000000000      -187.9513124380      -187.9314090230      -187.9314090230
       603       301.5000000000      -187.9436294080      -187.9230627920      -187.9230627920
       604       302.0000000000      -187.9335360480      -187.9124971130      -187.9124971130
       605       302.5000000000      -187.9259141290      -187.9046991200      -187.9046991200
       606       303.0000000000      -187.9242809050      -187.9032703590      -187.9032703590
       607       303.5000000000      -187.9285174090      -187.9081377040      -187.9081377040
       608       304.0000000000      -187.9355765420      -187.9162591890      -187.9162591890
       609       304.5000000000      -187.9420482670      -187.9241990640      -187.9241990640
       610       305.0000000000      -187.9459192160      -187.9298995770      -187.9298995770
       611       305.5000000000      -187.9466376960      -187.9327525650      -187.9327525650
       612       306.0000000000      -187.9443950750      -187.9328807230      -187.9328807230
       613       306.5000000000      -187.9396446610      -187.9306432790      -187.9306432790
       614       307.0000000000      -187.9332330310      -187.9267013810      -187.9267013810
       615       307.5000000000      -187.9269401480      -187.9222469290      -187.9222469290
       616       308.0000000000      -187.9236223750      -187.9186958020      -187.9186958020
       617       308.5000000000      -187.9250249430      -187.9178010520      -187.9178010520
       618       309.0000000000      -187.9306223980      -187.9205345220      -187.9205345220
       619       309.5000000000      -187.9389486900      -187.9261006740      -187.9261006740
       620       310.0000000000      -187.9482637660      -187.9329947970      -187.9329947970
       621       310.5000000000      -187.9567413050      -187.9394848730      -187.9394848730
       622       311.0000000000      -187.9624449140      -187.9436640100      -187.9436640100
       623       311.5000000000      -187.9638272330      -187.9439789400      -187.9439789400
       624       312.0000000000      -187.9606601510      -187.9401810720      -187.9401810720
       625       312.5000000000      -187.9545759980      -187.9338877170      -187.9338877170
       626       313.0000000000      -187.9484789540      -187.9280087360      -187.9280087360
       627       313.5000000000      -187.9448957730      -187.9251003230      -187.9251003230
       628       314.0000000000      -187.9445065700      -187.9258790180      -187.9258790180
       629       314.5000000000      -187.9461512690      -187.9291871960      -187.9291871960
       630       315.0000000000      -187.9480625620      -187.9331508690      -187.9331508690
       631       315.5000000000      -187.9490410560      -187.9362226740      -187.9362226740
       632       316.0000000000      -187.9488657300      -187.9374213280      -187.9374213280
       633       316.5000000000      -187.9479740500      -187.9362269860      -187.9362269860
       634       317.0000000000      -187.9466957810      -187.9328549170      -187.9328549170
       635       317.5000000000      -187.9451467810      -187.9282546800      -187.9282546800
       636       318.0000000000      -187.9437530920      -187.9236535110      -187.9236535110
       637       318.5000000000      -187.9432864770      -187.9202875650      -187.9202875650
       638       319.0000000000      -187.9444675560      -187.9190954890      -187.9190954890
       639       319.5000000000      -187.9475903500      -187.9204339850      -187.9204339850
       640       320.0000000000      -187.9523978700      -187.9240200700      -187.9240200700
       641       320.5000000000      -187.9580357260      -187.9289390770      -187.9289390770
       642       321.0000000000      -187.9630026920      -187.9336330230      -187.9336330230
       643       321.5000000000      -187.9654689720      -187.9362323600      -187.9362323600
       644       322.0000000000      -187.9641991930      -187.9354723930      -187.9354723930
       645       322.5000000000      -187.9596187540      -187.9317445780      -187.9317445780
       646       323.0000000000      -187.9540798030      -187.9273509670      -187.9273509670
       647       323.5000000000      -187.9506454710      -187.9252852980      -187.9252852980
       648       324.0000000000      -187.9510255640      -187.9271743070      -187.9271743070
       649       324.5000000000      -187.9545644240      -187.9322744210      -187.9322744210
       650       325.0000000000      -187.9591782650      -187.9384078080      -187.9384078080
       651       325.5000000000      -187.9629523560      -187.9435377500      -187.9435377500
       652       326.0000000000      -187.9649330010      -187.9465332920      -187.9465332920
       653       326.5000000000      -187.9650215970      -187.9470666410      -187.9470666410
       654       327.0000000000      -187.9635545720      -187.9452639010      -187.9452639010
       655       327.5000000000      -187.9609889810      -187.9415041960      -187.9415041960
       656       328.0000000000      -187.9578385410      -187.9364048320      -187.9364048320
       657       328.5000000000      -187.9547796640      -187.9308606240      -187.9308606240
       658       329.0000000000      -187.9526686990      -187.9259589100      -187.9259589100
       659       329.5000000000      -187.9522842100      -187.9226615320      -187.9226615320
       660       330.0000000000      -187.9539299740      -187.9213929940      -187.9213929940
       661       330.5000000000      -187.9572273280      -187.9218416580      -187.9218416580
       662       331.0000000000      -187.9612065260      -187.9230702270      -187.9230702270
       663       331.5000000000      -187.9645654140      -187.9237949320      -187.9237949320
       664       332.0000000000      -187.9660484180      -187.9227798810      -187.9227798810
       665       332.5000000000      -187.9649992230      -187.9193948160      -187.9193948160
       666       333.0000000000      -187.9619147160      -187.9141656580      -187.9141656580
       667       333.5000000000      -187.9584909190      -187.9088130510      -187.9088130510
       668       334.0000000000      -187.9567339510      -187.9053552440      -187.9053552440
       669       334.5000000000      -187.9575976710      -187.9047400790      -187.9047400790
       670       335.0000000000      -187.9604925530      -187.9063537720      -187.9063537720
       671       335.5000000000      -187.9642093270      -187.9089529650      -187.9089529650
       672       336.0000000000      -187.9680603200      -187.9118180760      -187.9118180760
       673       336.5000000000      -187.9720111880      -187.9148932860      -187.9148932860
       674       337.0000000000      -187.9760574840      -187.9181655030      -187.9181655030
       675       337.5000000000      -187.9797957050      -187.9212341600      -187.9212341600
       676       338.0000000000      -187.9825524980      -187.9234374250      -187.9234374250
       677       338.5000000000      -187.9837652660      -187.9242284630      -187.9242284630
       678       339.0000000000      -187.9832678510      -187.9234557010      -187.9234557010
       679       339.5000000000      -187.9813797330      -187.9214483870      -187.9214483870
       680       340.0000000000      -187.9788090100      -187.9189179280      -187.9189179280
       681       340.5000000000      -187.9763948190      -187.9167004640      -187.9167004640
       682       341.0000000000      -187.9747693790      -187.9154192510      -187.9154192510
       683       341.5000000000      -187.9740816770      -187.9152084420      -187.9152084420
       684       342.0000000000      -187.9739345070      -187.9156510790      -187.9156510790
       685       342.5000000000      -187.9736335070      -187.9160311690      -187.9160311690
       686       343.0000000000      -187.9727232890      -187.9158745420      -187.9158745420
       687       343.5000000000      -187.9715551330      -187.9155200250      -187.9155200250
       688       344.0000000000      -187.9713563520      -187.9161878710      -187.9161878710
       689       344.5000000000      -187.9733304630      -187.9190741710      -187.9190741710
       690       345.0000000000      -187.9772789250      -187.9239660680      -187.9239660680
       691       345.5000000000      -187.9812933450      -187.9289321780      -187.9289321780
       692       346.0000000000      -187.9830999290      -187.9316716200      -187.9316716200
       693       346.5000000000      -187.9816234880      -187.9310852680      -187.9310852680
       694       347.0000000000      -187.9774001890      -187.9276932170      -187.9276932170
       695       347.5000000000      -187.9719546730      -187.9230134220      -187.9230134220
       696       348.0000000000      -187.9669020410      -187.9186631840      -187.9186631840
       697       348.5000000000      -187.9633043660      -187.9157140630      -187.9157140630
       698       349.0000000000      -187.9614784590      -187.9144972850      -187.9144972850
       699       349.5000000000      -187.9612039350      -187.9148081410      -187.9148081410
       700       350.0000000000      -187.9620954160      -187.9162736650      -187.9162736650
       701       350.5000000000      -187.9638672730      -187.9186133260      -187.9186133260
       702       351.0000000000      -187.9663611980      -187.9216640820      -187.9216640820
       703       351.5000000000      -187.9693882680      -187.9252222200      -187.9252222200
       704       352.0000000000      -187.9725391260      -187.9288557690      -187.9288557690
       705       352.5000000000      -187.9751255980      -187.9318498930      -187.9318498930
       706       353.0000000000      -187.9763905340      -187.9334212810      -187.9334212810
       707       353.5000000000      -187.9760284400      -187.9332428320      -187.9332428320
       708       354.0000000000      -187.9747791750      -187.9320394450      -187.9320394450
       709       354.5000000000      -187.9744282210      -187.9315861910      -187.9315861910
       710       355.0000000000      -187.9766609610      -187.9335547390      -187.9335547390
       711       355.5000000000      -187.9815250060      -187.9379667640      -187.9379667640
       712       356.0000000000      -187.9872406380      -187.9430036980      -187.9430036980
       713       356.5000000000      -187.9916080650      -187.9464256390      -187.9464256390
       714       357.0000000000      -187.9933868410      -187.9469669750      -187.9469669750
       715       357.5000000000      -187.9925879560      -187.9446379040      -187.9446379040
       716       358.0000000000      -187.9900264480      -187.9402768140      -187.9402768140
       717       358.5000000000      -187.9867830060      -187.9350047710      -187.9350047710
       718       359.0000000000      -187.9838390110      -187.9298530560      -187.9298530560
       719       359.5000000000      -187.9818829300      -187.9255637320      -187.9255637320
       720       360.0000000000      -187.9812457320      -187.9225226010      -187.9225226010
       721       360.5000000000      -187.9819490740      -187.9208058190      -187.9208058190
       722       361.0000000000      -187.9838302830      -187.9203033350      -187.9203033350
       723       361.5000000000      -187.9866654720      -187.9208393130      -187.9208393130
       724       362.0000000000      -187.9902058310      -187.9222052180      -187.9222052180
       725       362.5000000000      -187.9941025440      -187.9240827870      -187.9240827870
       726       363.0000000000      -187.9977965780      -187.9259346100      -187.9259346100
       727       363.5000000000      -188.0005559130      -187.9270457200      -187.9270457200
       728       364.0000000000      -188.0018566550      -187.9269097390      -187.9269097390
       729       364.5000000000      -188.0020461940      -187.9258951170      -187.9258951170
       730       365.0000000000      -188.0026275960      -187.9255258180      -187.9255258180
       731       365.5000000000      -188.0052787400      -187.9274901830      -187.9274901830
       732       366.0000000000      -188.0100993760      -187.9318780860      -187.9318780860
       733       366.5000000000      -188.0152266560      -187.9367978000      -187.9367978000
       734       367.0000000000      -188.0184578550      -187.9400108970      -187.9400108970
       735       367.5000000000      -188.0188373940      -187.9405308310      -187.9405308310
       736       368.0000000000      -188.0167581180      -187.9387276560      -187.9387276560
       737       368.5000000000      -188.0131825020      -187.9355465820      -187.9355465820
       738       369.0000000000      -188.0090086420      -187.9318705490      -187.9318705490
       739       369.5000000000      -188.0048943430      -187.9283415280      -187.9283415280
       740       370.0000000000      -188.0013332810      -187.9254347140      -187.9254347140
       741       370.5000000000      -187.9987391210      -187.9235411770      -187.9235411770
       742       371.0000000000      -187.9974512990      -187.9229723590      -187.9229723590
       743       371.5000000000      -187.9976870580      -187.9239115630      -187.9239115630
       744       372.0000000000      -187.9994762400      -187.9263496070      -187.9263496070
       745       372.5000000000      -188.0025889030      -187.9300142330      -187.9300142330
       746       373.0000000000      -188.0064570680      -187.9342948000      -187.9342948000
       747       373.5000000000      -188.0101386110      -187.9382101750      -187.9382101750
       748       374.0000000000      -188.0124563190      -187.9405521080      -187.9405521080
       749       374.5000000000      -188.0124772840      -187.9403689790      -187.9403689790
       750       375.0000000000      -188.0102864170      -187.9377418590      -187.9377418590
       751       375.5000000000      -188.0074280920      -187.9342252150      -187.9342252150
       752       376.0000000000      -188.0060594300      -187.9319955290      -187.9319955290
       753       376.5000000000      -188.0070856430      -187.9319814490      -187.9319814490
       754       377.0000000000      -188.0093878520      -187.9330914620      -187.9330914620
       755       377.5000000000      -188.0111281460      -187.9335224210      -187.9335224210
       756       378.0000000000      -188.0113082290      -187.9323184180      -187.9323184180
       757       378.5000000000      -188.0100227450      -187.9296174730      -187.9296174730
       758       379.0000000000      -188.0078749000      -187.9260578370      -187.9260578370
       759       379.5000000000      -188.0054828960      -187.9222784990      -187.9222784990
       760       380.0000000000      -188.0033322520      -187.9187709580      -187.9187709580
       761       380.5000000000      -188.0018054280      -187.9159134520      -187.9159134520
       762       381.0000000000      -188.0012310780      -187.9140275310      -187.9140275310
       763       381.5000000000      -188.0019046810      -187.9134064170      -187.9134064170
       764       382.0000000000      -188.0040739170      -187.9143059640      -187.9143059640
       765       382.5000000000      -188.0078785320      -187.9168866800      -187.9168866800
       766       383.0000000000      -188.0132347080      -187.9210964500      -187.9210964500
       767       383.5000000000      -188.0196818080      -187.9265121270      -187.9265121270
       768       384.0000000000      -188.0262535110      -187.9322037950      -187.9322037950
       769       384.5000000000      -188.0315208160      -187.9367705710      -187.9367705710
       770       385.0000000000      -188.0340492740      -187.9387924950      -187.9387924950
       771       385.5000000000      -188.0333835780      -187.9378132200      -187.9378132200
       772       386.0000000000      -188.0309360990      -187.9352296380      -187.9352296380
       773       386.5000000000      -188.0293041100      -187.9336120900      -187.9336120900
       774       387.0000000000      -188.0297865380      -187.9342247330      -187.9342247330
       775       387.5000000000      -188.0310015880      -187.9356491410      -187.9356491410
       776       388.0000000000      -188.0306051850      -187.9355100650      -187.9355100650
       777       388.5000000000      -188.0275376240      -187.9327264310      -187.9327264310
       778       389.0000000000      -188.0222671710      -187.9277546550      -187.9277546550
       779       389.5000000000      -188.0158112420      -187.9216089590      -187.9216089590
       780       390.0000000000      -188.0090399900      -187.9151645300      -187.9151645300
       781       390.5000000000      -188.0025703470      -187.9090505990      -187.9090505990
       782       391.0000000000      -187.9968890580      -187.9037704080      -187.9037704080
       783       391.5000000000      -187.9924474420      -187.8997908250      -187.8997908250
       784       392.0000000000      -187.9896973560      -187.8975721510      -187.8975721510
       785       392.5000000000      -187.9890842100      -187.8975560960      -187.8975560960
       786       393.0000000000      -187.9909700920      -187.9000864350      -187.9000864350
       787       393.5000000000      -187.9954595370      -187.9052369700      -187.9052369700
       788       394.0000000000      -188.0021815600      -187.9126003220      -187.9126003220
       789       394.5000000000      -188.0101410380      -187.9211482070      -187.9211482070
       790       395.0000000000      -188.0177339980      -187.9292537260      -187.9292537260
       791       395.5000000000      -188.0230316650      -187.9349767170      -187.9349767170
       792       396.0000000000      -188.0245292100      -187.9368079180      -187.9368079180
       793       396.5000000000      -188.0223618730      -187.9348786100      -187.9348786100
       794       397.0000000000      -188.0190210880      -187.9316735620      -187.9316735620
       795       397.5000000000      -188.0178458400      -187.9305263610      -187.9305263610
       796       398.0000000000      -188.0198390380      -187.9324428590      -187.9324428590
       797       398.5000000000      -188.0227895410      -187.9352263150      -187.9352263150
       798       399.0000000000      -188.0239182530      -187.9361198410      -187.9361198410
       799       399.5000000000      -188.0222412670      -187.9341619490      -187.9341619490
       800       400.0000000000      -188.0184784310      -187.9300901900      -187.9300901900
