 # Step, Time, Current state, Current potential, Velocity norm, current gradient
         0      0.00000000     2      -187.9135418500         0.0060521699         0.1622247183
         1      0.50000000     2      -187.9182025280         0.0063899010         0.1317138698
         2      1.00000000     2      -187.9207870030         0.0065711363         0.1103412696
         3      1.50000000     2      -187.9204658530         0.0065558184         0.1136286691
         4      2.00000000     2      -187.9172667260         0.0063488680         0.1417762881
         5      2.50000000     2      -187.9123342680         0.0060231382         0.1788067262
         6      3.00000000     2      -187.9076733370         0.0057247136         0.2111626701
         7      3.50000000     2      -187.9053829770         0.0056292936         0.2295777091
         8      4.00000000     2      -187.9065561990         0.0058213988         0.2281752543
         9      4.50000000     2      -187.9104073840         0.0061987139         0.2075018395
        10      5.00000000     2      -187.9145318170         0.0065461058         0.1765504943
        11      5.50000000     2      -187.9163229180         0.0066779067         0.1500814805
        12      6.00000000     2      -187.9143388090         0.0065005584         0.1426196577
        13      6.50000000     2      -187.9087907220         0.0060092629         0.1580220246
        14      7.00000000     2      -187.9013642770         0.0052827958         0.1856021285
        15      7.50000000     2      -187.8946615300         0.0045049681         0.2104300263
        16      8.00000000     2      -187.8912009380         0.0039781191         0.2214767752
        17      8.50000000     2      -187.8922657490         0.0039833109         0.2154839610
        18      9.00000000     2      -187.8974792580         0.0044924579         0.1967963790
        19      9.50000000     2      -187.9054045600         0.0052392026         0.1721012191
        20     10.00000000     2      -187.9143392260         0.0059993575         0.1456030914
        21     10.50000000     2      -187.9226218380         0.0066414052         0.1205010148
        22     11.00000000     2      -187.9286905920         0.0070828887         0.1049065157
        23     11.50000000     2      -187.9313538450         0.0072733077         0.1113610055
        24     12.00000000     2      -187.9303044960         0.0072051522         0.1395198778
        25     12.50000000     2      -187.9265211080         0.0069338895         0.1745464983
        26     13.00000000     2      -187.9220886440         0.0065852551         0.2023364393
        27     13.50000000     2      -187.9192759680         0.0063225174         0.2142600897
        28     14.00000000     2      -187.9193656420         0.0062629388         0.2076088683
        29     14.50000000     2      -187.9220457820         0.0063991756         0.1849592442
        30     15.00000000     2      -187.9257138780         0.0066131037         0.1528979769
        31     15.50000000     2      -187.9283552460         0.0067604173         0.1209348381
        32     16.00000000     2      -187.9283687060         0.0067318434         0.1019659890
        33     16.50000000     2      -187.9250040670         0.0064669980         0.1091426022
        34     17.00000000     2      -187.9185538760         0.0059564790         0.1404439817
        35     17.50000000     2      -187.9105019040         0.0052661034         0.1808680321
        36     18.00000000     2      -187.9033872120         0.0045878356         0.2151270171
        37     18.50000000     2      -187.8998761080         0.0042448778         0.2316234212
        38     19.00000000     2      -187.9012846790         0.0044666547         0.2267310246
        39     19.50000000     2      -187.9068568930         0.0051142897         0.2059525113
        40     20.00000000     2      -187.9144840350         0.0058793958         0.1788700301
        41     20.50000000     2      -187.9219159310         0.0065484872         0.1536148530
        42     21.00000000     2      -187.9274284090         0.0070190606         0.1361240415
        43     21.50000000     2      -187.9299566620         0.0072490755         0.1316392817
        44     22.00000000     2      -187.9291243710         0.0072305531         0.1429289615
        45     22.50000000     2      -187.9253606340         0.0069897694         0.1666674454
        46     23.00000000     2      -187.9199736210         0.0066005040         0.1944514316
        47     23.50000000     2      -187.9148613130         0.0061880340         0.2171431160
        48     24.00000000     2      -187.9117559460         0.0058967450         0.2293266631
        49     24.50000000     2      -187.9115167720         0.0058238855         0.2309307125
        50     25.00000000     2      -187.9140407070         0.0059735477         0.2234914352
        51     25.50000000     2      -187.9185132540         0.0062673742         0.2067957681
        52     26.00000000     2      -187.9235515580         0.0065851399         0.1817144391
        53     26.50000000     2      -187.9274865800         0.0068083627         0.1536947329
        54     27.00000000     2      -187.9289284080         0.0068534271         0.1320938899
        55     27.50000000     2      -187.9272231300         0.0066829216         0.1270363842
        56     28.00000000     2      -187.9226090100         0.0063054041         0.1428313035
        57     28.50000000     2      -187.9162781780         0.0057885741         0.1732047523
        58     29.00000000     2      -187.9103862930         0.0052952224         0.2058007792
        59     29.50000000     2      -187.9076001220         0.0050866668         0.2271858077
        60     30.00000000     2      -187.9098490330         0.0053596847         0.2272823624
        61     30.50000000     2      -187.9169583880         0.0060220605         0.2043635848
        62     31.00000000     2      -187.9265316630         0.0067862153         0.1660467379
        63     31.50000000     2      -187.9352904660         0.0074034482         0.1255602922
        64     32.00000000     2      -187.9405816210         0.0077373627         0.0992024193
        65     32.50000000     2      -187.9410954130         0.0077384226         0.1019712809
        66     33.00000000     2      -187.9369810630         0.0074172048         0.1293424114
        67     33.50000000     2      -187.9297658600         0.0068438983         0.1637405520
        68     34.00000000     2      -187.9219567960         0.0061597463         0.1914271031
        69     34.50000000     2      -187.9160517920         0.0055621156         0.2047766689
        70     35.00000000     2      -187.9134155040         0.0052291368         0.2032831426
        71     35.50000000     2      -187.9139296990         0.0052146695         0.1912631658
        72     36.00000000     2      -187.9164681860         0.0054250545         0.1738285131
        73     36.50000000     2      -187.9195231660         0.0057052919         0.1563876094
        74     37.00000000     2      -187.9216897720         0.0059243554         0.1452162408
        75     37.50000000     2      -187.9220099450         0.0060027796         0.1449040040
        76     38.00000000     2      -187.9201071630         0.0059050359         0.1558565717
        77     38.50000000     2      -187.9161656430         0.0056269810         0.1759529948
        78     39.00000000     2      -187.9109568910         0.0052007757         0.2024315721
        79     39.50000000     2      -187.9059767980         0.0047303216         0.2303308355
        80     40.00000000     2      -187.9033622160         0.0044316306         0.2506395922
        81     40.50000000     2      -187.9050436600         0.0045478164         0.2532038762
        82     41.00000000     2      -187.9113304260         0.0050887498         0.2342275355
        83     41.50000000     2      -187.9203472030         0.0058016809         0.2008375925
        84     42.00000000     2      -187.9291644050         0.0064277432         0.1670263884
        85     42.50000000     2      -187.9354203080         0.0068297866         0.1447605708
        86     43.00000000     2      -187.9379871710         0.0069686132         0.1382147167
        87     43.50000000     2      -187.9367431080         0.0068532441         0.1464318609
        88     44.00000000     2      -187.9322788440         0.0065193815         0.1680307036
        89     44.50000000     2      -187.9259228500         0.0060429217         0.1986337758
        90     45.00000000     2      -187.9197122560         0.0055634797         0.2287488949
        91     45.50000000     2      -187.9157645510         0.0052637726         0.2487285752
        92     46.00000000     2      -187.9152926230         0.0052682025         0.2537813491
        93     46.50000000     2      -187.9181024230         0.0055438216         0.2434124905
        94     47.00000000     2      -187.9227838780         0.0059330692         0.2199173455
        95     47.50000000     2      -187.9272997660         0.0062627435         0.1897833050
        96     48.00000000     2      -187.9298265160         0.0064144285         0.1635188228
        97     48.50000000     2      -187.9294793050         0.0063426294         0.1508204001
        98     49.00000000     2      -187.9264993680         0.0060652044         0.1541088444
        99     49.50000000     2      -187.9219967780         0.0056514285         0.1684311838
       100     50.00000000     2      -187.9176293810         0.0052264764         0.1868851790
       101     50.50000000     2      -187.9153225150         0.0049791725         0.2020339194
       102     51.00000000     2      -187.9167360050         0.0050958012         0.2059229888
       103     51.50000000     2      -187.9223735500         0.0055975189         0.1941304706
       104     52.00000000     2      -187.9310279340         0.0063043382         0.1704659677
       105     52.50000000     2      -187.9403062370         0.0069911850         0.1466147489
       106     53.00000000     2      -187.9478072800         0.0075024665         0.1360464746
       107     53.50000000     2      -187.9519572400         0.0077615713         0.1446703528
       108     54.00000000     2      -187.9522507430         0.0077473082         0.1680829819
       109     54.50000000     2      -187.9492913000         0.0074848426         0.1982885358
       110     55.00000000     2      -187.9447802810         0.0070564702         0.2262919584
       111     55.50000000     2      -187.9410582760         0.0066040331         0.2423758582
       112     56.00000000     2      -187.9399272560         0.0062842042         0.2390499383
       113     56.50000000     2      -187.9409241320         0.0061849014         0.2205867327
       114     57.00000000     2      -187.9417470200         0.0062732135         0.2106138829
       115     57.50000000     2      -187.9429485930         0.0064413691         0.1933434640
       116     58.00000000     2      -187.9439487530         0.0065947620         0.1806189360
       117     58.50000000     2      -187.9440248350         0.0066722985         0.1760520618
       118     59.00000000     2      -187.9428903070         0.0066471376         0.1779278997
       119     59.50000000     2      -187.9405750740         0.0065128202         0.1837430333
       120     60.00000000     2      -187.9372788520         0.0062745337         0.1945036131
       121     60.50000000     2      -187.9335758890         0.0059693650         0.2124952024
       122     61.00000000     2      -187.9308412580         0.0057110333         0.2332624033
       123     61.50000000     2      -187.9310375440         0.0056824794         0.2442682787
       124     62.00000000     2      -187.9353093870         0.0059878075         0.2354888282
       125     62.50000000     2      -187.9426389570         0.0065161554         0.2093584651
       126     63.00000000     2      -187.9503353230         0.0070437213         0.1788060941
       127     63.50000000     2      -187.9557878320         0.0074008918         0.1567441341
       128     64.00000000     2      -187.9575816330         0.0075155112         0.1486956792
       129     64.50000000     2      -187.9555377900         0.0073845123         0.1546359129
       130     65.00000000     2      -187.9504599110         0.0070535572         0.1721090802
       131     65.50000000     2      -187.9439519160         0.0066188162         0.1942864062
       132     66.00000000     2      -187.9379061770         0.0062138710         0.2118192534
       133     66.50000000     2      -187.9335234080         0.0059459714         0.2208639456
       134     67.00000000     2      -187.9307994210         0.0058321299         0.2260786500
       135     67.50000000     2      -187.9291880090         0.0058274392         0.2318646025
       136     68.00000000     2      -187.9284421550         0.0058964130         0.2348190067
       137     68.50000000     2      -187.9285038370         0.0060181056         0.2297057109
       138     69.00000000     2      -187.9289539080         0.0061505429         0.2169960772
       139     69.50000000     2      -187.9289518710         0.0062269668         0.2023171481
       140     70.00000000     2      -187.9276144220         0.0061798647         0.1932513019
       141     70.50000000     2      -187.9244609610         0.0059665466         0.1976220204
       142     71.00000000     2      -187.9199517870         0.0056081240         0.2182198066
       143     71.50000000     2      -187.9159628100         0.0052500712         0.2455547571
       144     72.00000000     2      -187.9153167460         0.0051621826         0.2617982534
       145     72.50000000     2      -187.9198638770         0.0055241293         0.2541767666
       146     73.00000000     2      -187.9286914660         0.0061984539         0.2245227134
       147     73.50000000     2      -187.9386216340         0.0068885518         0.1870373277
       148     74.00000000     2      -187.9463532250         0.0073804469         0.1589116267
       149     74.50000000     2      -187.9499907180         0.0075896619         0.1518865987
       150     75.00000000     2      -187.9493247160         0.0075231489         0.1657544872
       151     75.50000000     2      -187.9455454720         0.0072517213         0.1895992086
       152     76.00000000     2      -187.9406964840         0.0068948183         0.2101554548
       153     76.50000000     2      -187.9367179150         0.0065819563         0.2183200537
       154     77.00000000     2      -187.9344407920         0.0063857174         0.2133031599
       155     77.50000000     2      -187.9334292400         0.0062903026         0.2021943731
       156     78.00000000     2      -187.9327916410         0.0062387739         0.1938412816
       157     78.50000000     2      -187.9320194260         0.0061971273         0.1922696113
       158     79.00000000     2      -187.9311648070         0.0061694768         0.1953829075
       159     79.50000000     2      -187.9304894580         0.0061700775         0.1982846217
       160     80.00000000     2      -187.9299955460         0.0061868572         0.1973132535
       161     80.50000000     2      -187.9291973670         0.0061684883         0.1933785046
       162     81.00000000     2      -187.9274419890         0.0060556028         0.1932899825
       163     81.50000000     2      -187.9248057080         0.0058527682         0.2041633480
       164     82.00000000     2      -187.9228847280         0.0056983123         0.2215420417
       165     82.50000000     2      -187.9242144460         0.0058183025         0.2300016677
       166     83.00000000     2      -187.9300825790         0.0062968280         0.2196491309
       167     83.50000000     2      -187.9389722810         0.0069531053         0.1963221534
       168     84.00000000     2      -187.9476285760         0.0075266537         0.1747596145
       169     84.50000000     2      -187.9532828230         0.0078536693         0.1652329323
       170     85.00000000     2      -187.9547703480         0.0078848466         0.1691590539
       171     85.50000000     2      -187.9524773050         0.0076493006         0.1831927011
       172     86.00000000     2      -187.9479473280         0.0072341748         0.2008165332
       173     86.50000000     2      -187.9432682220         0.0067703544         0.2131078497
       174     87.00000000     2      -187.9400653680         0.0063866510         0.2140881148
       175     87.50000000     2      -187.9386550900         0.0061393193         0.2064065204
       176     88.00000000     2      -187.9382558760         0.0059957067         0.1997423238
       177     88.50000000     2      -187.9380649050         0.0059033912         0.2010460745
       178     89.00000000     2      -187.9380310510         0.0058581622         0.2074697357
       179     89.50000000     2      -187.9386918490         0.0058994229         0.2106530117
       180     90.00000000     2      -187.9404203900         0.0060503176         0.2040635153
       181     90.50000000     2      -187.9427491740         0.0062658489         0.1867005647
       182     91.00000000     2      -187.9442691950         0.0064391257         0.1657346680
       183     91.50000000     2      -187.9432940940         0.0064593498         0.1590755186
       184     92.00000000     2      -187.9391417660         0.0062910552         0.1832224973
       185     92.50000000     2      -187.9334067420         0.0060559031         0.2263885972
       186     93.00000000     2      -187.9298441730         0.0060384018         0.2584806427
       187     93.50000000     2      -187.9317255440         0.0064529081         0.2574417809
       188     94.00000000     2      -187.9386341970         0.0071665970         0.2228372273
       189     94.50000000     2      -187.9466642320         0.0078482400         0.1733045351
       190     95.00000000     2      -187.9516824700         0.0082597310         0.1333280616
       191     95.50000000     2      -187.9517268990         0.0083269942         0.1211070177
       192     96.00000000     2      -187.9471826780         0.0080896922         0.1345263016
       193     96.50000000     2      -187.9399313680         0.0076527606         0.1559801398
       194     97.00000000     2      -187.9323127410         0.0071528769         0.1714963653
       195     97.50000000     2      -187.9260724490         0.0067131726         0.1755220870
       196     98.00000000     2      -187.9217149650         0.0063913199         0.1710336438
       197     98.50000000     2      -187.9187648810         0.0061722959         0.1665898240
       198     99.00000000     2      -187.9166582350         0.0060225261         0.1686601824
       199     99.50000000     2      -187.9153829840         0.0059436708         0.1755904875
       200    100.00000000     2      -187.9153693960         0.0059688392         0.1804305752
       201    100.50000000     2      -187.9168502620         0.0061094674         0.1776386017
       202    101.00000000     2      -187.9192751460         0.0063103266         0.1669841130
       203    101.50000000     2      -187.9212688790         0.0064595767         0.1549259134
       204    102.00000000     2      -187.9212512170         0.0064420066         0.1541287804
       205    102.50000000     2      -187.9185266970         0.0062065884         0.1746695453
       206    103.00000000     2      -187.9143853050         0.0058439241         0.2087786814
       207    103.50000000     2      -187.9121173540         0.0056254302         0.2339526313
       208    104.00000000     2      -187.9147742920         0.0058274463         0.2308111800
       209    104.50000000     2      -187.9221016330         0.0063949009         0.1980737424
       210    105.00000000     2      -187.9304089900         0.0069974041         0.1541824214
       211    105.50000000     2      -187.9355939220         0.0073599487         0.1274190744
       212    106.00000000     2      -187.9356389440         0.0073787994         0.1366854213
       213    106.50000000     2      -187.9309593140         0.0070787160         0.1702431218
       214    107.00000000     2      -187.9236476990         0.0065660506         0.2071587619
       215    107.50000000     2      -187.9164160820         0.0059999373         0.2339319333
       216    108.00000000     2      -187.9113587770         0.0055406080         0.2447243971
       217    108.50000000     2      -187.9090623170         0.0052665253         0.2424490528
       218    109.00000000     2      -187.9088317790         0.0051447150         0.2363978039
       219    109.50000000     2      -187.9098105500         0.0051102278         0.2343329856
       220    110.00000000     2      -187.9118441190         0.0051535834         0.2355902417
       221    110.50000000     2      -187.9153465020         0.0053126841         0.2328217599
       222    111.00000000     2      -187.9204452500         0.0055922907         0.2194358552
       223    111.50000000     2      -187.9262686700         0.0059120319         0.1949173176
       224    112.00000000     2      -187.9310292330         0.0061371770         0.1665850769
       225    112.50000000     2      -187.9328591510         0.0061456970         0.1509009158
       226    113.00000000     2      -187.9309954000         0.0058920421         0.1661999894
       227    113.50000000     2      -187.9269135210         0.0054860867         0.2056858345
       228    114.00000000     2      -187.9244151810         0.0052538150         0.2389135050
       229    114.50000000     2      -187.9271877370         0.0055358528         0.2397644046
       230    115.00000000     2      -187.9351125040         0.0062477438         0.2058005497
       231    115.50000000     2      -187.9439852450         0.0069815828         0.1612908231
       232    116.00000000     2      -187.9492380280         0.0074337153         0.1409848522
       233    116.50000000     2      -187.9489027060         0.0075123157         0.1561568904
       234    117.00000000     2      -187.9436990930         0.0072612388         0.1866094741
       235    117.50000000     2      -187.9358284050         0.0067909724         0.2151059239
       236    118.00000000     2      -187.9277842660         0.0062414664         0.2340920988
       237    118.50000000     2      -187.9214054610         0.0057449849         0.2417872547
       238    119.00000000     2      -187.9173803770         0.0053808222         0.2416584984
       239    119.50000000     2      -187.9155331390         0.0051645227         0.2399979355
       240    120.00000000     2      -187.9156229490         0.0050956361         0.2401057935
       241    120.50000000     2      -187.9178094280         0.0051985884         0.2390250041
       242    121.00000000     2      -187.9223154010         0.0054899089         0.2312818015
       243    121.50000000     2      -187.9287319070         0.0059189619         0.2148422202
       244    122.00000000     2      -187.9357646570         0.0063717255         0.1930849548
       245    122.50000000     2      -187.9416361740         0.0067241768         0.1726890363
       246    123.00000000     2      -187.9447080400         0.0068805581         0.1615842326
       247    123.50000000     2      -187.9440358750         0.0067906972         0.1690129670
       248    124.00000000     2      -187.9400938430         0.0064880381         0.1994247275
       249    124.50000000     2      -187.9355988920         0.0061655330         0.2389946154
       250    125.00000000     2      -187.9348363120         0.0061586274         0.2592134310
       251    125.50000000     2      -187.9401021220         0.0066229454         0.2405072675
       252    126.00000000     2      -187.9487393970         0.0072959380         0.1911276517
       253    126.50000000     2      -187.9554001700         0.0078051940         0.1422422018
       254    127.00000000     2      -187.9565148260         0.0079641783         0.1274897668
       255    127.50000000     2      -187.9518371790         0.0077728978         0.1484546160
       256    128.00000000     2      -187.9433305650         0.0073296487         0.1797438178
       257    128.50000000     2      -187.9336309390         0.0067691473         0.2053676129
       258    129.00000000     2      -187.9249229970         0.0062218909         0.2197246776
       259    129.50000000     2      -187.9183334230         0.0057764226         0.2238040327
       260    130.00000000     2      -187.9140104110         0.0054638472         0.2230502360
       261    130.50000000     2      -187.9117642290         0.0052883975         0.2224577704
       262    131.00000000     2      -187.9116004110         0.0052664999         0.2218083607
       263    131.50000000     2      -187.9136007020         0.0054129913         0.2172563692
       264    132.00000000     2      -187.9174188500         0.0056940221         0.2070854544
       265    132.50000000     2      -187.9221005490         0.0060233743         0.1937530145
       266    133.00000000     2      -187.9263943940         0.0063040099         0.1806794765
       267    133.50000000     2      -187.9290588980         0.0064530995         0.1698845270
       268    134.00000000     2      -187.9288994050         0.0063956832         0.1667512918
       269    134.50000000     2      -187.9250833580         0.0060751097         0.1853453096
       270    135.00000000     2      -187.9184769980         0.0055464687         0.2303889069
       271    135.50000000     2      -187.9130886230         0.0051432176         0.2754310637
       272    136.00000000     2      -187.9141950160         0.0053644060         0.2838279585
       273    136.50000000     2      -187.9227612470         0.0061905421         0.2457354989
       274    137.00000000     2      -187.9337233300         0.0070778507         0.1894229194
       275    137.50000000     2      -187.9412286810         0.0076350207         0.1559666070
       276    138.00000000     2      -187.9430720310         0.0077819916         0.1581181229
       277    138.50000000     2      -187.9403563070         0.0076073328         0.1740946781
       278    139.00000000     2      -187.9353307540         0.0072447639         0.1866682521
       279    139.50000000     2      -187.9298944530         0.0068123770         0.1925224145
       280    140.00000000     2      -187.9251404820         0.0063932239         0.1956174684
       281    140.50000000     2      -187.9216143530         0.0060451163         0.2010847556
       282    141.00000000     2      -187.9197562440         0.0058213709         0.2092864536
       283    141.50000000     2      -187.9199667450         0.0057653950         0.2156340753
       284    142.00000000     2      -187.9222423840         0.0058724778         0.2168830991
       285    142.50000000     2      -187.9259736090         0.0060773253         0.2150088901
       286    143.00000000     2      -187.9303123220         0.0062997120         0.2139373051
       287    143.50000000     2      -187.9346918790         0.0064925685         0.2136393643
       288    144.00000000     2      -187.9388305790         0.0066395944         0.2092193351
       289    144.50000000     2      -187.9421542030         0.0067124546         0.1966181262
       290    145.00000000     2      -187.9433144250         0.0066380294         0.1819050400
       291    145.50000000     2      -187.9407720120         0.0063311220         0.1883555677
       292    146.00000000     2      -187.9348674360         0.0058262244         0.2309279265
       293    146.50000000     2      -187.9297598580         0.0054567709         0.2783299512
       294    147.00000000     2      -187.9311824170         0.0057056488         0.2854038307
       295    147.50000000     2      -187.9400301090         0.0065188993         0.2398373259
       296    148.00000000     2      -187.9507774890         0.0073520419         0.1707730775
       297    148.50000000     2      -187.9575148660         0.0078385085         0.1231152637
       298    149.00000000     2      -187.9584194420         0.0079266860         0.1202423155
       299    149.50000000     2      -187.9549365430         0.0077227317         0.1385667070
       300    150.00000000     2      -187.9493900890         0.0073618151         0.1560413585
       301    150.50000000     2      -187.9436577680         0.0069563081         0.1693421883
       302    151.00000000     2      -187.9390029890         0.0065941836         0.1795930376
       303    151.50000000     2      -187.9362610650         0.0063477105         0.1851199705
       304    152.00000000     2      -187.9357769160         0.0062584175         0.1831825860
       305    152.50000000     2      -187.9372295290         0.0063122101         0.1748605429
       306    153.00000000     2      -187.9398405050         0.0064530214         0.1655263552
       307    153.50000000     2      -187.9429325300         0.0066306376         0.1599082082
       308    154.00000000     2      -187.9462797170         0.0068287100         0.1576457564
       309    154.50000000     2      -187.9499396240         0.0070508221         0.1545169257
       310    155.00000000     2      -187.9537578090         0.0072855524         0.1464810202
       311    155.50000000     2      -187.9568926570         0.0074784604         0.1327149017
       312    156.00000000     2      -187.9576330740         0.0075257816         0.1208638452
       313    156.50000000     2      -187.9538559620         0.0072987206         0.1354636621
       314    157.00000000     2      -187.9446808300         0.0067252960         0.1923357711
       315    157.50000000     2      -187.9331020640         0.0059681349         0.2626010317
       316    158.00000000     2      -187.9262146300         0.0055700092         0.2986587720
       317    158.50000000     2      -187.9290296960         0.0059734452         0.2733165583
       318    159.00000000     2      -187.9383113700         0.0067996147         0.2074979244
       319    159.50000000     2      -187.9464955680         0.0074428196         0.1526003417
       320    160.00000000     2      -187.9488706320         0.0076639760         0.1433338968
       321    160.50000000     2      -187.9450646300         0.0074990268         0.1648660891
       322    161.00000000     2      -187.9378338780         0.0070920029         0.1812733654
       323    161.50000000     2      -187.9302441820         0.0066105216         0.1895201481
       324    162.00000000     2      -187.9241955680         0.0061958529         0.1906703978
       325    162.50000000     2      -187.9202979150         0.0059226280         0.1861883722
       326    163.00000000     2      -187.9181452920         0.0057829571         0.1812931984
       327    163.50000000     2      -187.9170634340         0.0057307278         0.1813860223
       328    164.00000000     2      -187.9168263620         0.0057464926         0.1863282380
       329    164.50000000     2      -187.9177824370         0.0058556470         0.1910240909
       330    165.00000000     2      -187.9204361350         0.0060933867         0.1904153812
       331    165.50000000     2      -187.9249203770         0.0064587323         0.1822266078
       332    166.00000000     2      -187.9306745830         0.0068968301         0.1668425483
       333    166.50000000     2      -187.9363486980         0.0073096340         0.1472300125
       334    167.00000000     2      -187.9398701230         0.0075725379         0.1329726183
       335    167.50000000     2      -187.9388796140         0.0075555012         0.1468751930
       336    168.00000000     2      -187.9321265540         0.0071824824         0.2027454115
       337    168.50000000     2      -187.9218960180         0.0065699056         0.2754818456
       338    169.00000000     2      -187.9147152580         0.0061508751         0.3206320207
       339    169.50000000     2      -187.9161170810         0.0063527564         0.3082952094
       340    170.00000000     2      -187.9240193730         0.0069662669         0.2527273233
       341    170.50000000     2      -187.9312487300         0.0074475819         0.2008271385
       342    171.00000000     2      -187.9330523860         0.0075126247         0.1871867257
       343    171.50000000     2      -187.9294711620         0.0071668669         0.2028264540
       344    172.00000000     2      -187.9232313450         0.0065533647         0.2219497278
       345    172.50000000     2      -187.9172478990         0.0058498700         0.2300022868
       346    173.00000000     2      -187.9131485660         0.0052015855         0.2244473514
       347    173.50000000     2      -187.9110872470         0.0046820210         0.2109646779
       348    174.00000000     2      -187.9105571500         0.0043115426         0.1971864118
       349    174.50000000     2      -187.9112242750         0.0041116714         0.1869780052
       350    175.00000000     2      -187.9131345220         0.0041237225         0.1800936432
       351    175.50000000     2      -187.9164932440         0.0043730273         0.1751216805
       352    176.00000000     2      -187.9214245740         0.0048343060         0.1709267200
       353    176.50000000     2      -187.9278202880         0.0054385909         0.1662429390
       354    177.00000000     2      -187.9351895020         0.0060953883         0.1593986700
       355    177.50000000     2      -187.9424599200         0.0067004280         0.1494047071
       356    178.00000000     2      -187.9478357100         0.0071333988         0.1399228393
       357    178.50000000     2      -187.9490576570         0.0072667229         0.1467255879
       358    179.00000000     2      -187.9446664640         0.0070177029         0.1888712968
       359    179.50000000     2      -187.9363845060         0.0064782538         0.2532078112
       360    180.00000000     2      -187.9301788990         0.0060490283         0.2978335946
       361    180.50000000     2      -187.9318127990         0.0061887218         0.2895440130
       362    181.00000000     2      -187.9402616290         0.0067850871         0.2370165539
       363    181.50000000     2      -187.9492568070         0.0073421954         0.1844362139
       364    182.00000000     2      -187.9544003360         0.0075917884         0.1658117014
       365    182.50000000     2      -187.9555576510         0.0075544806         0.1694374310
       366    183.00000000     2      -187.9544069300         0.0073513745         0.1725597761
       367    183.50000000     2      -187.9521205330         0.0070731555         0.1722244369
       368    184.00000000     2      -187.9490916100         0.0067601929         0.1749299220
       369    184.50000000     2      -187.9456382290         0.0064438287         0.1829631067
       370    185.00000000     2      -187.9422871760         0.0061750097         0.1932311556
       371    185.50000000     2      -187.9394558950         0.0060118189         0.2029637926
       372    186.00000000     2      -187.9373050410         0.0059846248         0.2126131357
       373    186.50000000     2      -187.9360527200         0.0060842291         0.2195567375
       374    187.00000000     2      -187.9359236890         0.0062863023         0.2218263762
       375    187.50000000     2      -187.9369942330         0.0065670098         0.2209058667
       376    188.00000000     2      -187.9391415610         0.0068979297         0.2180039408
       377    188.50000000     2      -187.9419272110         0.0072358572         0.2134546111
       378    189.00000000     2      -187.9444583560         0.0075162309         0.2077070400
       379    189.50000000     2      -187.9453699200         0.0076546816         0.2034456886
       380    190.00000000     2      -187.9431885010         0.0075654729         0.2079485388
       381    190.50000000     2      -187.9373740390         0.0072129256         0.2287928909
       382    191.00000000     2      -187.9296939540         0.0066969767         0.2587885525
       383    191.50000000     2      -187.9240541420         0.0062867451         0.2738507233
       384    192.00000000     2      -187.9232787640         0.0062238897         0.2570754799
       385    192.50000000     2      -187.9261683270         0.0064372483         0.2190064696
       386    193.00000000     2      -187.9292162760         0.0066604060         0.1871714120
       387    193.50000000     2      -187.9301040390         0.0067250916         0.1772100212
       388    194.00000000     2      -187.9285318480         0.0066075702         0.1838763481
       389    194.50000000     2      -187.9252390600         0.0063507956         0.1972898221
       390    195.00000000     2      -187.9212409990         0.0060168054         0.2106055916
       391    195.50000000     2      -187.9174460380         0.0056679291         0.2199709064
       392    196.00000000     2      -187.9144125320         0.0053516269         0.2251069794
       393    196.50000000     2      -187.9123760100         0.0050976187         0.2278609742
       394    197.00000000     2      -187.9114984320         0.0049330472         0.2294622512
       395    197.50000000     2      -187.9120450980         0.0048954749         0.2294209138
       396    198.00000000     2      -187.9143370960         0.0050229232         0.2263234108
       397    198.50000000     2      -187.9185535330         0.0053260631         0.2188997949
       398    199.00000000     2      -187.9245048490         0.0057684584         0.2065163318
       399    199.50000000     2      -187.9314426110         0.0062692197         0.1894191627
       400    200.00000000     2      -187.9379417890         0.0067166549         0.1698068709
       401    200.50000000     2      -187.9419612470         0.0069811355         0.1555094511
       402    201.00000000     2      -187.9413591180         0.0069353994         0.1637636652
       403    201.50000000     2      -187.9352196140         0.0065083466         0.2054579156
       404    202.00000000     2      -187.9256700760         0.0057969375         0.2616639076
       405    202.50000000     2      -187.9179978970         0.0051806752         0.2975701196
       406    203.00000000     2      -187.9167759420         0.0051326978         0.2906341281
       407    203.50000000     2      -187.9213887240         0.0056265313         0.2491161682
       408    204.00000000     2      -187.9271485440         0.0062018877         0.2046682482
       409    204.50000000     2      -187.9300015910         0.0065434750         0.1868777519
       410    205.00000000     2      -187.9289239660         0.0065968189         0.1980898012
       411    205.50000000     2      -187.9252649300         0.0064508372         0.2183211989
       412    206.00000000     2      -187.9210414340         0.0062301323         0.2317942751
       413    206.50000000     2      -187.9175978470         0.0060211331         0.2343047712
       414    207.00000000     2      -187.9152656330         0.0058470405         0.2289995130
       415    207.50000000     2      -187.9138506690         0.0056974580         0.2208969124
       416    208.00000000     2      -187.9132358410         0.0055736124         0.2132369571
       417    208.50000000     2      -187.9136096420         0.0055072986         0.2067613509
       418    209.00000000     2      -187.9153421980         0.0055471166         0.2007385004
       419    209.50000000     2      -187.9187366220         0.0057277449         0.1939588554
       420    210.00000000     2      -187.9238029860         0.0060433460         0.1850644783
       421    210.50000000     2      -187.9300811850         0.0064400669         0.1725830102
       422    211.00000000     2      -187.9365051270         0.0068248696         0.1555006866
       423    211.50000000     2      -187.9413730230         0.0070789301         0.1359928592
       424    212.00000000     2      -187.9426504490         0.0070750971         0.1264168018
       425    212.50000000     2      -187.9389412650         0.0067163184         0.1481561261
       426    213.00000000     2      -187.9311066220         0.0060199428         0.1975526762
       427    213.50000000     2      -187.9231754070         0.0052408074         0.2418644383
       428    214.00000000     2      -187.9200855510         0.0048578480         0.2514092812
       429    214.50000000     2      -187.9230412260         0.0050937752         0.2236551495
       430    215.00000000     2      -187.9284753960         0.0055945080         0.1889746367
       431    215.50000000     2      -187.9323030780         0.0059736532         0.1811878785
       432    216.00000000     2      -187.9333222100         0.0061357334         0.1947916225
       433    216.50000000     2      -187.9325279350         0.0061533700         0.2059763105
       434    217.00000000     2      -187.9310072130         0.0061048884         0.2072513509
       435    217.50000000     2      -187.9291122350         0.0060179240         0.2037370132
       436    218.00000000     2      -187.9269148020         0.0059002675         0.2014545840
       437    218.50000000     2      -187.9247509300         0.0057812174         0.2017182822
       438    219.00000000     2      -187.9232713370         0.0057188630         0.2023311042
       439    219.50000000     2      -187.9231673910         0.0057767773         0.2007172428
       440    220.00000000     2      -187.9248769630         0.0059907219         0.1953941034
       441    220.50000000     2      -187.9283989560         0.0063478950         0.1859979170
       442    221.00000000     2      -187.9332153380         0.0067903566         0.1730827254
       443    221.50000000     2      -187.9383022050         0.0072335296         0.1584625753
       444    222.00000000     2      -187.9422567740         0.0075853402         0.1463951873
       445    222.50000000     2      -187.9436203690         0.0077633721         0.1442687863
       446    223.00000000     2      -187.9414490790         0.0077159562         0.1580283607
       447    223.50000000     2      -187.9359787830         0.0074495174         0.1836422575
       448    224.00000000     2      -187.9288653940         0.0070482815         0.2081023792
       449    224.50000000     2      -187.9223900960         0.0066503667         0.2189320504
       450    225.00000000     2      -187.9178978920         0.0063599509         0.2135734731
       451    225.50000000     2      -187.9150517220         0.0061739571         0.2030918393
       452    226.00000000     2      -187.9128920360         0.0060328811         0.2013960915
       453    226.50000000     2      -187.9112483000         0.0059235976         0.2076021268
       454    227.00000000     2      -187.9106549830         0.0058825524         0.2102912900
       455    227.50000000     2      -187.9112530720         0.0059152392         0.2042781300
       456    228.00000000     2      -187.9123718610         0.0059638930         0.1937124257
       457    228.50000000     2      -187.9131602680         0.0059601597         0.1849311327
       458    229.00000000     2      -187.9132991840         0.0058811209         0.1803355012
       459    229.50000000     2      -187.9131259620         0.0057592161         0.1782164578
       460    230.00000000     2      -187.9133162340         0.0056604157         0.1757667263
       461    230.50000000     2      -187.9144971010         0.0056520608         0.1710133048
       462    231.00000000     2      -187.9169787440         0.0057716732         0.1631533734
       463    231.50000000     2      -187.9206215770         0.0060086002         0.1526078206
       464    232.00000000     2      -187.9248190960         0.0063079656         0.1416655574
       465    232.50000000     2      -187.9286116690         0.0065920971         0.1355107485
       466    233.00000000     2      -187.9309715910         0.0067869353         0.1409767097
       467    233.50000000     2      -187.9312374650         0.0068462772         0.1600966605
       468    234.00000000     2      -187.9295037260         0.0067693358         0.1860113310
       469    234.50000000     2      -187.9266203970         0.0066012640         0.2080037533
       470    235.00000000     2      -187.9236073930         0.0064043304         0.2184757463
       471    235.50000000     2      -187.9208546140         0.0062102153         0.2182235457
       472    236.00000000     2      -187.9179804420         0.0060046765         0.2174996968
       473    236.50000000     2      -187.9147130510         0.0057796098         0.2257536740
       474    237.00000000     2      -187.9117372030         0.0055915620         0.2383352339
       475    237.50000000     2      -187.9102125990         0.0055287338         0.2431605789
       476    238.00000000     2      -187.9105066830         0.0056070032         0.2356113666
       477    238.50000000     2      -187.9118415210         0.0057436227         0.2203556737
       478    239.00000000     2      -187.9131348520         0.0058420839         0.2038790278
       479    239.50000000     2      -187.9138341310         0.0058626725         0.1890707390
       480    240.00000000     2      -187.9140286830         0.0058243731         0.1757827126
       481    240.50000000     2      -187.9141186260         0.0057747035         0.1634589005
       482    241.00000000     2      -187.9144789820         0.0057599657         0.1522900013
       483    241.50000000     2      -187.9152738990         0.0058051563         0.1431058645
       484    242.00000000     2      -187.9164016670         0.0059057584         0.1372708828
       485    242.50000000     2      -187.9175484470         0.0060333540         0.1367431526
       486    243.00000000     2      -187.9183570830         0.0061532266         0.1432233566
       487    243.50000000     2      -187.9186777690         0.0062461522         0.1559181049
       488    244.00000000     2      -187.9187509410         0.0063218558         0.1702956445
       489    244.50000000     2      -187.9191009390         0.0064104352         0.1800743325
       490    245.00000000     2      -187.9200811370         0.0065292653         0.1809879389
       491    245.50000000     2      -187.9213694950         0.0066486546         0.1740916799
       492    246.00000000     2      -187.9219047210         0.0066914970         0.1676826081
       493    246.50000000     2      -187.9205371780         0.0065774035         0.1742006150
       494    247.00000000     2      -187.9171220350         0.0062897819         0.1971740616
       495    247.50000000     2      -187.9131740190         0.0059285941         0.2243317906
       496    248.00000000     2      -187.9111610310         0.0056897617         0.2394133777
       497    248.50000000     2      -187.9126502510         0.0057199753         0.2350820021
       498    249.00000000     2      -187.9170842620         0.0059714980         0.2169171584
       499    249.50000000     2      -187.9225091160         0.0062713695         0.1971650412
       500    250.00000000     2      -187.9272111970         0.0064860308         0.1840628083
       501    250.50000000     2      -187.9305539850         0.0065775798         0.1775072084
       502    251.00000000     2      -187.9327764610         0.0065740205         0.1734199545
       503    251.50000000     2      -187.9344437910         0.0065274795         0.1686891143
       504    252.00000000     2      -187.9360271140         0.0064851944         0.1625729541
       505    252.50000000     2      -187.9377082500         0.0064735866         0.1566269545
       506    253.00000000     2      -187.9393759590         0.0064946585         0.1544355921
       507    253.50000000     2      -187.9407723260         0.0065345595         0.1601370375
       508    254.00000000     2      -187.9417161180         0.0065788308         0.1751807986
       509    254.50000000     2      -187.9422677880         0.0066234216         0.1966672863
       510    255.00000000     2      -187.9427179030         0.0066736298         0.2196371994
       511    255.50000000     2      -187.9434313020         0.0067340560         0.2394724606
       512    256.00000000     2      -187.9446467230         0.0067964918         0.2518863966
       513    256.50000000     2      -187.9461995540         0.0068248916         0.2538435297
       514    257.00000000     2      -187.9472784580         0.0067458922         0.2475114335
       515    257.50000000     2      -187.9467195160         0.0064763839         0.2397834321
       516    258.00000000     2      -187.9432967500         0.0060068281         0.2282047580
       517    258.50000000     2      -187.9362997080         0.0054643246         0.2509006023
       518    259.00000000     2      -187.9308359160         0.0050877817         0.2577447443
       519    259.50000000     2      -187.9293748700         0.0050653948         0.2468964017
       520    260.00000000     2      -187.9313889310         0.0053531763         0.2262535397
       521    260.50000000     2      -187.9351245280         0.0057618295         0.2043731350
       522    261.00000000     2      -187.9390263200         0.0061455422         0.1845338813
       523    261.50000000     2      -187.9421605880         0.0064414907         0.1680494202
       524    262.00000000     2      -187.9441211610         0.0066381212         0.1570938905
       525    262.50000000     2      -187.9448819150         0.0067486471         0.1532688086
       526    263.00000000     2      -187.9446376940         0.0067947327         0.1564148448
       527    263.50000000     2      -187.9436684640         0.0067972633         0.1652665101
       528    264.00000000     2      -187.9423026310         0.0067756930         0.1779617421
       529    264.50000000     2      -187.9409520200         0.0067528901         0.1917443112
       530    265.00000000     2      -187.9400845350         0.0067558468         0.2031091981
       531    265.50000000     2      -187.9400317210         0.0068042800         0.2090139586
       532    266.00000000     2      -187.9406930380         0.0068910433         0.2084630722
       533    266.50000000     2      -187.9413348420         0.0069692135         0.2037661295
       534    267.00000000     2      -187.9406808070         0.0069577280         0.2010447375
       535    267.50000000     2      -187.9373908960         0.0067657245         0.2082840872
       536    268.00000000     2      -187.9308607890         0.0063309067         0.2293027192
       537    268.50000000     2      -187.9220178010         0.0056706354         0.2579925022
       538    269.00000000     2      -187.9134013020         0.0049331182         0.2798761087
       539    269.50000000     2      -187.9077762460         0.0043798210         0.2818689952
       540    270.00000000     2      -187.9060491060         0.0041962683         0.2641533646
       541    270.50000000     2      -187.9069025280         0.0043012449         0.2411775287
       542    271.00000000     2      -187.9085795590         0.0045011498         0.2269739918
       543    271.50000000     2      -187.9103519850         0.0047065928         0.2221344495
       544    272.00000000     2      -187.9123466970         0.0049215871         0.2193312124
       545    272.50000000     2      -187.9147416700         0.0051574183         0.2139562100
       546    273.00000000     2      -187.9173963080         0.0053996301         0.2059730197
       547    273.50000000     2      -187.9199801250         0.0056241788         0.1974560396
       548    274.00000000     2      -187.9222380710         0.0058202330         0.1907032278
       549    274.50000000     2      -187.9241578650         0.0059988413         0.1870873100
       550    275.00000000     2      -187.9259584500         0.0061854844         0.1862474280
       551    275.50000000     2      -187.9278844370         0.0063995231         0.1867389499
       552    276.00000000     2      -187.9299197040         0.0066327089         0.1882792145
       553    276.50000000     2      -187.9316709140         0.0068459417         0.1927334749
       554    277.00000000     2      -187.9325551670         0.0069877701         0.2018233381
       555    277.50000000     2      -187.9321123640         0.0070163493         0.2148139138
       556    278.00000000     2      -187.9302162450         0.0069121264         0.2298657039
       557    278.50000000     2      -187.9272431670         0.0066905108         0.2456923446
       558    279.00000000     2      -187.9242661960         0.0064220749         0.2591367793
       559    279.50000000     2      -187.9228393340         0.0062278787         0.2628932453
       560    280.00000000     2      -187.9239451230         0.0062003510         0.2507639406
       561    280.50000000     2      -187.9269807840         0.0063090904         0.2262366981
       562    281.00000000     2      -187.9302523630         0.0064364119         0.2022218448
       563    281.50000000     2      -187.9325498530         0.0065020856         0.1890786137
       564    282.00000000     2      -187.9339442230         0.0065178901         0.1844241341
       565    282.50000000     2      -187.9351948660         0.0065435452         0.1796280745
       566    283.00000000     2      -187.9367540800         0.0066157332         0.1715434828
       567    283.50000000     2      -187.9383957760         0.0067197493         0.1648330682
       568    284.00000000     2      -187.9395824430         0.0068160402         0.1666193885
       569    284.50000000     2      -187.9400420330         0.0068814968         0.1790777582
       570    285.00000000     2      -187.9400789250         0.0069300303         0.1972360834
       571    285.50000000     2      -187.9404541660         0.0070038570         0.2132587040
       572    286.00000000     2      -187.9419007930         0.0071407326         0.2210910583
       573    286.50000000     2      -187.9445560510         0.0073374371         0.2190203837
       574    287.00000000     2      -187.9477256020         0.0075402126         0.2101204161
       575    287.50000000     2      -187.9501635050         0.0076691198         0.2005645286
       576    288.00000000     2      -187.9506440660         0.0076517029         0.1968952544
       577    288.50000000     2      -187.9485131350         0.0074476658         0.2034333034
       578    289.00000000     2      -187.9441206510         0.0070705261         0.2195522024
       579    289.50000000     2      -187.9390153530         0.0066116635         0.2373898220
       580    290.00000000     2      -187.9354269830         0.0062340411         0.2441342762
       581    290.50000000     2      -187.9348113510         0.0060773660         0.2308408423
       582    291.00000000     2      -187.9366432060         0.0061304871         0.2009066917
       583    291.50000000     2      -187.9389961330         0.0062558067         0.1691733266
       584    292.00000000     2      -187.9402868630         0.0063375390         0.1510496143
       585    292.50000000     2      -187.9402642470         0.0063577043         0.1490721385
       586    293.00000000     2      -187.9396641510         0.0063661682         0.1533301006
       587    293.50000000     2      -187.9393095300         0.0064148611         0.1548580435
       588    294.00000000     2      -187.9394830240         0.0065127406         0.1517281796
       589    294.50000000     2      -187.9398966970         0.0066276133         0.1474601194
       590    295.00000000     2      -187.9401060480         0.0067214467         0.1468135565
       591    295.50000000     2      -187.9399550800         0.0067825436         0.1509197135
       592    296.00000000     2      -187.9396788540         0.0068295365         0.1559550207
       593    296.50000000     2      -187.9395782460         0.0068860179         0.1571777570
       594    297.00000000     2      -187.9395532500         0.0069469738         0.1536999573
       595    297.50000000     2      -187.9389378150         0.0069674992         0.1498763834
       596    298.00000000     2      -187.9368039870         0.0068825948         0.1523953311
       597    298.50000000     2      -187.9324880780         0.0066381550         0.1650817756
       598    299.00000000     2      -187.9260234500         0.0062165632         0.1866430935
       599    299.50000000     2      -187.9183730050         0.0056617000         0.2121429323
       600    300.00000000     2      -187.9113638530         0.0051072900         0.2338211798
       601    300.50000000     2      -187.9070159070         0.0047633992         0.2428587708
       602    301.00000000     2      -187.9062861020         0.0047733787         0.2352888088
       603    301.50000000     2      -187.9082896830         0.0050514498         0.2172355769
       604    302.00000000     2      -187.9110260260         0.0053793359         0.2017678972
       605    302.50000000     2      -187.9129145840         0.0056079803         0.1977625780
       606    303.00000000     2      -187.9136440090         0.0057152412         0.2024780969
       607    303.50000000     2      -187.9138878950         0.0057603342         0.2072339971
       608    304.00000000     2      -187.9144839680         0.0058163561         0.2064099285
       609    304.50000000     2      -187.9158294320         0.0059222496         0.2003185689
       610    305.00000000     2      -187.9178551390         0.0060782206         0.1929516510
       611    305.50000000     2      -187.9203848740         0.0062730064         0.1874680747
       612    306.00000000     2      -187.9233999530         0.0065037875         0.1831558124
       613    306.50000000     2      -187.9269361130         0.0067682957         0.1767936654
       614    307.00000000     2      -187.9307580220         0.0070440784         0.1666801829
       615    307.50000000     2      -187.9341741770         0.0072812134         0.1554846376
       616    308.00000000     2      -187.9362057370         0.0074163172         0.1499394156
       617    308.50000000     2      -187.9360042120         0.0073947461         0.1565309015
       618    309.00000000     2      -187.9332652470         0.0071883014         0.1757369657
       619    309.50000000     2      -187.9284787080         0.0068082191         0.2017525823
       620    310.00000000     2      -187.9229419190         0.0063174786         0.2261563598
       621    310.50000000     2      -187.9184052180         0.0058330560         0.2401486972
       622    311.00000000     2      -187.9162545210         0.0054867017         0.2371345294
       623    311.50000000     2      -187.9166314690         0.0053356352         0.2166748368
       624    312.00000000     2      -187.9183448390         0.0053129076         0.1862352578
       625    312.50000000     2      -187.9198011300         0.0052983657         0.1583113873
       626    313.00000000     2      -187.9200981380         0.0052232668         0.1436762827
       627    313.50000000     2      -187.9194076500         0.0051076933         0.1433611989
       628    314.00000000     2      -187.9185664990         0.0050309838         0.1498887981
       629    314.50000000     2      -187.9183780250         0.0050695813         0.1576711750
       630    315.00000000     2      -187.9192122780         0.0052495084         0.1669085510
       631    315.50000000     2      -187.9211345790         0.0055537834         0.1791644804
       632    316.00000000     2      -187.9242475960         0.0059598996         0.1924630274
       633    316.50000000     2      -187.9287543790         0.0064512818         0.2018250500
       634    317.00000000     2      -187.9346250960         0.0069971406         0.2033942351
       635    317.50000000     2      -187.9412344700         0.0075377582         0.1974144293
       636    318.00000000     2      -187.9473971980         0.0079970087         0.1882427197
       637    318.50000000     2      -187.9518332690         0.0083092522         0.1817657781
       638    319.00000000     2      -187.9537176930         0.0084396199         0.1817130670
       639    319.50000000     2      -187.9529782510         0.0083906222         0.1876452559
       640    320.00000000     2      -187.9502628040         0.0081993715         0.1963086739
       641    320.50000000     2      -187.9466870860         0.0079304574         0.2039508008
       642    321.00000000     2      -187.9434691230         0.0076628485         0.2071945040
       643    321.50000000     2      -187.9414796550         0.0074639336         0.2038429662
       644    322.00000000     2      -187.9408451990         0.0073565379         0.1951373228
       645    322.50000000     2      -187.9409453500         0.0073091868         0.1870714173
       646    323.00000000     2      -187.9409467640         0.0072679670         0.1865551208
       647    323.50000000     2      -187.9404560610         0.0072007593         0.1938309819
       648    324.00000000     2      -187.9396813020         0.0071110123         0.2013726519
       649    324.50000000     2      -187.9389532810         0.0070112387         0.2016556636
       650    325.00000000     2      -187.9381284610         0.0068869164         0.1942094488
       651    325.50000000     2      -187.9365786130         0.0066944818         0.1866800288
       652    326.00000000     2      -187.9338725470         0.0064029930         0.1886851815
       653    326.50000000     2      -187.9305118210         0.0060468882         0.2012752349
       654    327.00000000     2      -187.9279792560         0.0057468246         0.2147452294
       655    327.50000000     2      -187.9278776330         0.0056555810         0.2178150802
       656    328.00000000     2      -187.9307207020         0.0058314706         0.2062690971
       657    328.50000000     2      -187.9354264100         0.0061750204         0.1861118272
       658    329.00000000     2      -187.9400250930         0.0065212188         0.1707374652
       659    329.50000000     2      -187.9429070910         0.0067555808         0.1708561457
       660    330.00000000     2      -187.9435469330         0.0068477355         0.1844322257
       661    330.50000000     2      -187.9423649950         0.0068260788         0.2018367596
       662    331.00000000     2      -187.9401409300         0.0067381373         0.2159268985
       663    331.50000000     2      -187.9374983140         0.0066198387         0.2239764695
       664    332.00000000     2      -187.9346759780         0.0064810889         0.2260691990
       665    332.50000000     2      -187.9315673070         0.0063080250         0.2239648552
       666    333.00000000     2      -187.9279552560         0.0060794912         0.2203782710
       667    333.50000000     2      -187.9238299370         0.0057918086         0.2179685414
       668    334.00000000     2      -187.9196154940         0.0054817271         0.2177917666
       669    334.50000000     2      -187.9161045480         0.0052301320         0.2182894325
       670    335.00000000     2      -187.9140229510         0.0051242196         0.2169040975
       671    335.50000000     2      -187.9134978230         0.0051893426         0.2135140190
       672    336.00000000     2      -187.9139322080         0.0053642171         0.2115922500
       673    336.50000000     2      -187.9144602940         0.0055565121         0.2151437699
       674    337.00000000     2      -187.9145908870         0.0057120673         0.2246865128
       675    337.50000000     2      -187.9145346600         0.0058392427         0.2367218378
       676    338.00000000     2      -187.9150298380         0.0059880800         0.2461337841
       677    338.50000000     2      -187.9167904450         0.0062017375         0.2486497899
       678    339.00000000     2      -187.9198994960         0.0064702648         0.2430210535
       679    339.50000000     2      -187.9236100010         0.0067275638         0.2324388002
       680    340.00000000     2      -187.9268126610         0.0068961167         0.2227562138
       681    340.50000000     2      -187.9287886980         0.0069352102         0.2176429926
       682    341.00000000     2      -187.9295637660         0.0068553745         0.2158746846
       683    341.50000000     2      -187.9296621770         0.0067003172         0.2137836701
       684    342.00000000     2      -187.9296305620         0.0065181185         0.2088267636
       685    342.50000000     2      -187.9297268480         0.0063400864         0.2007673147
       686    343.00000000     2      -187.9298735810         0.0061737523         0.1913086754
       687    343.50000000     2      -187.9297917950         0.0060087606         0.1836079300
       688    344.00000000     2      -187.9292414190         0.0058331659         0.1811592932
       689    344.50000000     2      -187.9282863210         0.0056547268         0.1849771775
       690    345.00000000     2      -187.9273962930         0.0055121990         0.1914755955
       691    345.50000000     2      -187.9271939900         0.0054566847         0.1949116199
       692    346.00000000     2      -187.9279489400         0.0055058521         0.1926229988
       693    346.50000000     2      -187.9292760980         0.0056167606         0.1881751756
       694    347.00000000     2      -187.9303966240         0.0057151395         0.1894957516
       695    347.50000000     2      -187.9308034430         0.0057552653         0.2017329484
       696    348.00000000     2      -187.9308202240         0.0057632477         0.2207647351
       697    348.50000000     2      -187.9315584220         0.0058327894         0.2354312988
       698    349.00000000     2      -187.9340769040         0.0060535320         0.2362318872
       699    349.50000000     2      -187.9383300730         0.0064205097         0.2234204940
       700    350.00000000     2      -187.9430796560         0.0068386854         0.2078411348
       701    350.50000000     2      -187.9469442920         0.0072128440         0.2009350009
       702    351.00000000     2      -187.9493062610         0.0075018146         0.2036307362
       703    351.50000000     2      -187.9502108890         0.0077017978         0.2098840812
       704    352.00000000     2      -187.9498008070         0.0078113316         0.2164891306
       705    352.50000000     2      -187.9481145140         0.0078220067         0.2240007507
       706    353.00000000     2      -187.9453053080         0.0077319542         0.2321933204
       707    353.50000000     2      -187.9417968320         0.0075558397         0.2383921167
       708    354.00000000     2      -187.9381332990         0.0073192426         0.2398332041
       709    354.50000000     2      -187.9347406810         0.0070474645         0.2358822776
       710    355.00000000     2      -187.9318660470         0.0067624484         0.2277788857
       711    355.50000000     2      -187.9296710590         0.0064876805         0.2169717203
       712    356.00000000     2      -187.9282767950         0.0062494720         0.2040792443
       713    356.50000000     2      -187.9276757020         0.0060675738         0.1893719863
       714    357.00000000     2      -187.9276225090         0.0059424348         0.1740509880
       715    357.50000000     2      -187.9276569020         0.0058534392         0.1611418275
       716    358.00000000     2      -187.9272978430         0.0057739636         0.1553348152
       717    358.50000000     2      -187.9263387700         0.0056964902         0.1607380381
       718    359.00000000     2      -187.9250986720         0.0056533804         0.1764066499
       719    359.50000000     2      -187.9243655540         0.0057083515         0.1953831425
       720    360.00000000     2      -187.9248352450         0.0059012138         0.2109831420
       721    360.50000000     2      -187.9264685020         0.0061952454         0.2227365928
       722    361.00000000     2      -187.9285862700         0.0065031546         0.2333516981
       723    361.50000000     2      -187.9305767800         0.0067545573         0.2410011815
       724    362.00000000     2      -187.9321678730         0.0069160345         0.2400902987
       725    362.50000000     2      -187.9330773090         0.0069671761         0.2286413214
       726    363.00000000     2      -187.9328830540         0.0068906054         0.2105200829
       727    363.50000000     2      -187.9313713600         0.0066884960         0.1912751624
       728    364.00000000     2      -187.9287689700         0.0063934173         0.1743510715
       729    364.50000000     2      -187.9255552940         0.0060568865         0.1615625766
       730    365.00000000     2      -187.9221646970         0.0057297366         0.1550767573
       731    365.50000000     2      -187.9188929860         0.0054523291         0.1568085453
       732    366.00000000     2      -187.9159737990         0.0052560231         0.1660862784
       733    366.50000000     2      -187.9136295420         0.0051636906         0.1796475969
       734    367.00000000     2      -187.9120023130         0.0051807543         0.1940846086
       735    367.50000000     2      -187.9110280110         0.0052839356         0.2078218030
       736    368.00000000     2      -187.9103928680         0.0054235515         0.2216699878
       737    368.50000000     2      -187.9097055360         0.0055467088         0.2378099970
       738    369.00000000     2      -187.9089027540         0.0056335202         0.2563395714
       739    369.50000000     2      -187.9085770190         0.0057194095         0.2712670037
       740    370.00000000     2      -187.9095798000         0.0058594199         0.2727747588
       741    370.50000000     2      -187.9118741420         0.0060421177         0.2579199678
       742    371.00000000     2      -187.9141159610         0.0061723795         0.2392175294
       743    371.50000000     2      -187.9151001510         0.0061812765         0.2344163320
       744    372.00000000     2      -187.9153872360         0.0061268299         0.2407779434
       745    372.50000000     2      -187.9166089430         0.0061391399         0.2389295231
       746    373.00000000     2      -187.9192269360         0.0062573129         0.2217509083
       747    373.50000000     2      -187.9219671900         0.0063878861         0.2000950785
       748    374.00000000     2      -187.9234222050         0.0064284111         0.1860262480
       749    374.50000000     2      -187.9232850910         0.0063547930         0.1799679456
       750    375.00000000     2      -187.9221125050         0.0062044900         0.1761516800
       751    375.50000000     2      -187.9206089760         0.0060301164         0.1715383032
       752    376.00000000     2      -187.9192742730         0.0058744977         0.1665356354
       753    376.50000000     2      -187.9184027710         0.0057672816         0.1624110523
       754    377.00000000     2      -187.9181641920         0.0057273277         0.1598007393
       755    377.50000000     2      -187.9186345330         0.0057622518         0.1585714358
       756    378.00000000     2      -187.9197762280         0.0058656309         0.1583403721
       757    378.50000000     2      -187.9214117910         0.0060166029         0.1594866328
       758    379.00000000     2      -187.9232773540         0.0061884359         0.1640756241
       759    379.50000000     2      -187.9252515530         0.0063693815         0.1742332610
       760    380.00000000     2      -187.9276394980         0.0065815352         0.1871262689
       761    380.50000000     2      -187.9309960500         0.0068605187         0.1940237867
       762    381.00000000     2      -187.9351676070         0.0071868656         0.1900746096
       763    381.50000000     2      -187.9385668350         0.0074528856         0.1868168684
       764    382.00000000     2      -187.9392678860         0.0075425887         0.2049202644
       765    382.50000000     2      -187.9372642300         0.0074536665         0.2408186763
       766    383.00000000     2      -187.9349716190         0.0073223472         0.2680565673
       767    383.50000000     2      -187.9348247970         0.0072946883         0.2695549291
       768    384.00000000     2      -187.9368969390         0.0073779871         0.2489682408
       769    384.50000000     2      -187.9394528450         0.0074674591         0.2205405536
       770    385.00000000     2      -187.9409690430         0.0074748612         0.1948358704
       771    385.50000000     2      -187.9410137250         0.0073815770         0.1748624716
       772    386.00000000     2      -187.9399097470         0.0072158881         0.1604727045
       773    386.50000000     2      -187.9382234450         0.0070220248         0.1516803144
       774    387.00000000     2      -187.9365122310         0.0068448344         0.1484815822
       775    387.50000000     2      -187.9352417430         0.0067232762         0.1497621196
       776    388.00000000     2      -187.9347176950         0.0066828074         0.1532587840
       777    388.50000000     2      -187.9349602970         0.0067234043         0.1568584717
       778    389.00000000     2      -187.9355550010         0.0068092466         0.1607276518
       779    389.50000000     2      -187.9356417770         0.0068728407         0.1691728667
       780    390.00000000     2      -187.9342877230         0.0068442937         0.1887930350
       781    390.50000000     2      -187.9313191120         0.0067048436         0.2197644939
       782    391.00000000     2      -187.9280413110         0.0065341910         0.2490578386
       783    391.50000000     2      -187.9265453850         0.0064689261         0.2579141401
       784    392.00000000     2      -187.9273552100         0.0065361564         0.2408470951
       785    392.50000000     2      -187.9282925760         0.0065770776         0.2208863901
       786    393.00000000     2      -187.9270821110         0.0064362554         0.2306913114
       787    393.50000000     2      -187.9246489250         0.0061778851         0.2597440314
       788    394.00000000     2      -187.9242557350         0.0060489324         0.2714791807
       789    394.50000000     2      -187.9273906970         0.0061847869         0.2532263689
       790    395.00000000     2      -187.9321332100         0.0064481431         0.2190916889
       791    395.50000000     2      -187.9355472140         0.0066272507         0.1888602008
       792    396.00000000     2      -187.9360742770         0.0066193577         0.1723133065
       793    396.50000000     2      -187.9337877770         0.0064308615         0.1689840896
       794    397.00000000     2      -187.9296435160         0.0061243190         0.1748836644
       795    397.50000000     2      -187.9248658870         0.0057872331         0.1861610593
       796    398.00000000     2      -187.9206412490         0.0055189397         0.1992939112
       797    398.50000000     2      -187.9179258780         0.0054110604         0.2108755614
       798    399.00000000     2      -187.9172210290         0.0055077468         0.2181726606
       799    399.50000000     2      -187.9183313140         0.0057704044         0.2203770114
       800    400.00000000     2      -187.9202826890         0.0060892029         0.2200461971
