         0         0.0000000000      -188.0498454560      -187.9135418500      -187.9135418500
         1         0.5000000000      -188.0542162100      -187.9182025280      -187.9182025280
         2         1.0000000000      -188.0563893540      -187.9207870030      -187.9207870030
         3         1.5000000000      -188.0555276860      -187.9204658530      -187.9204658530
         4         2.0000000000      -188.0516677530      -187.9172667260      -187.9172667260
         5         2.5000000000      -188.0459804680      -187.9123342680      -187.9123342680
         6         3.0000000000      -188.0405097400      -187.9076733370      -187.9076733370
         7         3.5000000000      -188.0373979100      -187.9053829770      -187.9053829770
         8         4.0000000000      -188.0377772870      -187.9065561990      -187.9065561990
         9         4.5000000000      -188.0408930730      -187.9104073840      -187.9104073840
        10         5.0000000000      -188.0443617030      -187.9145318170      -187.9145318170
        11         5.5000000000      -188.0455883850      -187.9163229180      -187.9163229180
        12         6.0000000000      -188.0431357420      -187.9143388090      -187.9143388090
        13         6.5000000000      -188.0372149710      -187.9087907220      -187.9087907220
        14         7.0000000000      -188.0295082460      -187.9013642770      -187.9013642770
        15         7.5000000000      -188.0226097040      -187.8946615300      -187.8946615300
        16         8.0000000000      -188.0190245090      -187.8912009380      -187.8912009380
        17         8.5000000000      -188.0200180840      -187.8922657490      -187.8922657490
        18         9.0000000000      -188.0251927390      -187.8974792580      -187.8974792580
        19         9.5000000000      -188.0330884190      -187.9054045600      -187.9054045600
        20        10.0000000000      -188.0419794520      -187.9143392260      -187.9143392260
        21        10.5000000000      -188.0501855830      -187.9226218380      -187.9226218380
        22        11.0000000000      -188.0561352990      -187.9286905920      -187.9286905920
        23        11.5000000000      -188.0586378760      -187.9313538450      -187.9313538450
        24        12.0000000000      -188.0573944910      -187.9303044960      -187.9303044960
        25        12.5000000000      -188.0533929710      -187.9265211080      -187.9265211080
        26        13.0000000000      -188.0487228060      -187.9220886440      -187.9220886440
        27        13.5000000000      -188.0456503390      -187.9192759680      -187.9192759680
        28        14.0000000000      -188.0454488890      -187.9193656420      -187.9193656420
        29        14.5000000000      -188.0477912400      -187.9220457820      -187.9220457820
        30        15.0000000000      -188.0510542840      -187.9257138780      -187.9257138780
        31        15.5000000000      -188.0532009410      -187.9283552460      -187.9283552460
        32        16.0000000000      -188.0526130990      -187.9283687060      -187.9283687060
        33        16.5000000000      -188.0485382290      -187.9250040670      -187.9250040670
        34        17.0000000000      -188.0412870100      -187.9185538760      -187.9185538760
        35        17.5000000000      -188.0323805680      -187.9105019040      -187.9105019040
        36        18.0000000000      -188.0244057700      -187.9033872120      -187.9033872120
        37        18.5000000000      -188.0200746960      -187.8998761080      -187.8998761080
        38        19.0000000000      -188.0207358390      -187.9012846790      -187.9012846790
        39        19.5000000000      -188.0256451240      -187.9068568930      -187.9068568930
        40        20.0000000000      -188.0326848910      -187.9144840350      -187.9144840350
        41        20.5000000000      -188.0395823360      -187.9219159310      -187.9219159310
        42        21.0000000000      -188.0445883560      -187.9274284090      -187.9274284090
        43        21.5000000000      -188.0466196060      -187.9299566620      -187.9299566620
        44        22.0000000000      -188.0452897660      -187.9291243710      -187.9291243710
        45        22.5000000000      -188.0410231660      -187.9253606340      -187.9253606340
        46        23.0000000000      -188.0351239890      -187.9199736210      -187.9199736210
        47        23.5000000000      -188.0294855460      -187.9148613130      -187.9148613130
        48        24.0000000000      -188.0258367560      -187.9117559460      -187.9117559460
        49        24.5000000000      -188.0250369870      -187.9115167720      -187.9115167720
        50        25.0000000000      -188.0269848890      -187.9140407070      -187.9140407070
        51        25.5000000000      -188.0308656480      -187.9185132540      -187.9185132540
        52        26.0000000000      -188.0352929180      -187.9235515580      -187.9235515580
        53        26.5000000000      -188.0385940800      -187.9274865800      -187.9274865800
        54        27.0000000000      -188.0393803310      -187.9289284080      -187.9289284080
        55        27.5000000000      -188.0370072480      -187.9272231300      -187.9272231300
        56        28.0000000000      -188.0317309430      -187.9226090100      -187.9226090100
        57        28.5000000000      -188.0247652440      -187.9162781780      -187.9162781780
        58        29.0000000000      -188.0182835640      -187.9103862930      -187.9103862930
        59        29.5000000000      -188.0149593100      -187.9076001220      -187.9076001220
        60        30.0000000000      -188.0167152000      -187.9098490330      -187.9098490330
        61        30.5000000000      -188.0233604030      -187.9169583880      -187.9169583880
        62        31.0000000000      -188.0324782770      -187.9265316630      -187.9265316630
        63        31.5000000000      -188.0407706670      -187.9352904660      -187.9352904660
        64        32.0000000000      -188.0455680370      -187.9405816210      -187.9405816210
        65        32.5000000000      -188.0455499930      -187.9410954130      -187.9410954130
        66        33.0000000000      -188.0408614930      -187.9369810630      -187.9369810630
        67        33.5000000000      -188.0330299800      -187.9297658600      -187.9297658600
        68        34.0000000000      -188.0245631220      -187.9219567960      -187.9219567960
        69        34.5000000000      -188.0179554870      -187.9160517920      -187.9160517920
        70        35.0000000000      -188.0145608150      -187.9134155040      -187.9134155040
        71        35.5000000000      -188.0142415530      -187.9139296990      -187.9139296990
        72        36.0000000000      -188.0158477120      -187.9164681860      -187.9164681860
        73        36.5000000000      -188.0178508040      -187.9195231660      -187.9195231660
        74        37.0000000000      -188.0188352240      -187.9216897720      -187.9216897720
        75        37.5000000000      -188.0178444360      -187.9220099450      -187.9220099450
        76        38.0000000000      -188.0145151180      -187.9201071630      -187.9201071630
        77        38.5000000000      -188.0090544350      -187.9161656430      -187.9161656430
        78        39.0000000000      -188.0022638860      -187.9109568910      -187.9109568910
        79        39.5000000000      -187.9956722470      -187.9059767980      -187.9059767980
        80        40.0000000000      -187.9914462680      -187.9033622160      -187.9033622160
        81        40.5000000000      -187.9915376520      -187.9050436600      -187.9050436600
        82        41.0000000000      -187.9962642860      -187.9113304260      -187.9113304260
        83        41.5000000000      -188.0037439720      -187.9203472030      -187.9203472030
        84        42.0000000000      -188.0110233370      -187.9291644050      -187.9291644050
        85        42.5000000000      -188.0157034540      -187.9354203080      -187.9354203080
        86        43.0000000000      -188.0166155410      -187.9379871710      -187.9379871710
        87        43.5000000000      -188.0136041840      -187.9367431080      -187.9367431080
        88        44.0000000000      -188.0072417170      -187.9322788440      -187.9322788440
        89        44.5000000000      -187.9988546580      -187.9259228500      -187.9259228500
        90        45.0000000000      -187.9904901490      -187.9197122560      -187.9197122560
        91        45.5000000000      -187.9842814220      -187.9157645510      -187.9157645510
        92        46.0000000000      -187.9814584180      -187.9152926230      -187.9152926230
        93        46.5000000000      -187.9818439490      -187.9181024230      -187.9181024230
        94        47.0000000000      -187.9840453040      -187.9227838780      -187.9227838780
        95        47.5000000000      -187.9860437390      -187.9272997660      -187.9272997660
        96        48.0000000000      -187.9860352860      -187.9298265160      -187.9298265160
        97        48.5000000000      -187.9831553630      -187.9294793050      -187.9294793050
        98        49.0000000000      -187.9776646190      -187.9264993680      -187.9264993680
        99        49.5000000000      -187.9706876710      -187.9219967780      -187.9219967780
       100        50.0000000000      -187.9638846080      -187.9176293810      -187.9176293810
       101        50.5000000000      -187.9591624530      -187.9153225150      -187.9153225150
       102        51.0000000000      -187.9581388680      -187.9167360050      -187.9167360050
       103        51.5000000000      -187.9612581610      -187.9223735500      -187.9223735500
       104        52.0000000000      -187.9672497280      -187.9310279340      -187.9310279340
       105        52.5000000000      -187.9736649190      -187.9403062370      -187.9403062370
       106        53.0000000000      -187.9780590600      -187.9478072800      -187.9478072800
       107        53.5000000000      -187.9788268010      -187.9519572400      -187.9519572400
       108        54.0000000000      -187.9754423610      -187.9522507430      -187.9522507430
       109        54.5000000000      -187.9685020680      -187.9492913000      -187.9492913000
       110        55.0000000000      -187.9597212710      -187.9447802810      -187.9447802810
       111        55.5000000000      -187.9515069790      -187.9410582760      -187.9410582760
       112        56.0000000000      -187.9459614790      -187.9399272560      -187.9399272560
       113        56.5000000000      -187.9446935000      -187.9409241320      -187.9409241320
       114        57.0000000000      -187.9485261380      -187.9417470200      -187.9417470200
       115        57.5000000000      -187.9541509110      -187.9429485930      -187.9429485930
       116        58.0000000000      -187.9595588180      -187.9439487530      -187.9439487530
       117        58.5000000000      -187.9638148310      -187.9440248350      -187.9440248350
       118        59.0000000000      -187.9665923240      -187.9428903070      -187.9428903070
       119        59.5000000000      -187.9679283970      -187.9405750740      -187.9405750740
       120        60.0000000000      -187.9680506260      -187.9372788520      -187.9372788520
       121        60.5000000000      -187.9675721900      -187.9335758890      -187.9335758890
       122        61.0000000000      -187.9679116860      -187.9308412580      -187.9308412580
       123        61.5000000000      -187.9710729390      -187.9310375440      -187.9310375440
       124        62.0000000000      -187.9782335850      -187.9353093870      -187.9353093870
       125        62.5000000000      -187.9883974520      -187.9426389570      -187.9426389570
       126        63.0000000000      -187.9988856370      -187.9503353230      -187.9503353230
       127        63.5000000000      -188.0070953140      -187.9557878320      -187.9557878320
       128        64.0000000000      -188.0116211530      -187.9575816330      -187.9575816330
       129        64.5000000000      -188.0122989330      -187.9555377900      -187.9555377900
       130        65.0000000000      -188.0099526700      -187.9504599110      -187.9504599110
       131        65.5000000000      -188.0062107780      -187.9439519160      -187.9439519160
       132        66.0000000000      -188.0029916230      -187.9379061770      -187.9379061770
       133        66.5000000000      -188.0015196130      -187.9335234080      -187.9335234080
       134        67.0000000000      -188.0018050000      -187.9307994210      -187.9307994210
       135        67.5000000000      -188.0032971300      -187.9291880090      -187.9291880090
       136        68.0000000000      -188.0057201970      -187.9284421550      -187.9284421550
       137        68.5000000000      -188.0089668020      -187.9285038370      -187.9285038370
       138        69.0000000000      -188.0125588710      -187.9289539080      -187.9289539080
       139        69.5000000000      -188.0155984210      -187.9289518710      -187.9289518710
       140        70.0000000000      -188.0171534370      -187.9276144220      -187.9276144220
       141        70.5000000000      -188.0167066440      -187.9244609610      -187.9244609610
       142        71.0000000000      -188.0146950530      -187.9199517870      -187.9199517870
       143        71.5000000000      -188.0129847260      -187.9159628100      -187.9159628100
       144        72.0000000000      -188.0144013970      -187.9153167460      -187.9153167460
       145        72.5000000000      -188.0208087720      -187.9198638770      -187.9198638770
       146        73.0000000000      -188.0313149220      -187.9286914660      -187.9286914660
       147        73.5000000000      -188.0427672490      -187.9386216340      -187.9386216340
       148        74.0000000000      -188.0518919880      -187.9463532250      -187.9463532250
       149        74.5000000000      -188.0568195680      -187.9499907180      -187.9499907180
       150        75.0000000000      -188.0573582560      -187.9493247160      -187.9493247160
       151        75.5000000000      -188.0546996360      -187.9455454720      -187.9455454720
       152        76.0000000000      -188.0508683290      -187.9406964840      -187.9406964840
       153        76.5000000000      -188.0477701550      -187.9367179150      -187.9367179150
       154        77.0000000000      -188.0461979780      -187.9344407920      -187.9344407920
       155        77.5000000000      -188.0456852730      -187.9334292400      -187.9334292400
       156        78.0000000000      -188.0453223210      -187.9327916410      -187.9327916410
       157        78.5000000000      -188.0445943300      -187.9320194260      -187.9320194260
       158        79.0000000000      -188.0435568770      -187.9311648070      -187.9311648070
       159        79.5000000000      -188.0424832350      -187.9304894580      -187.9304894580
       160        80.0000000000      -188.0413953310      -187.9299955460      -187.9299955460
       161        80.5000000000      -188.0398353000      -187.9291973670      -187.9291973670
       162        81.0000000000      -188.0371841990      -187.9274419890      -187.9274419890
       163        81.5000000000      -188.0335540170      -187.9248057080      -187.9248057080
       164        82.0000000000      -188.0305727350      -187.9228847280      -187.9228847280
       165        82.5000000000      -188.0307995140      -187.9242144460      -187.9242144460
       166        83.0000000000      -188.0355374150      -187.9300825790      -187.9300825790
       167        83.5000000000      -188.0432789630      -187.9389722810      -187.9389722810
       168        84.0000000000      -188.0507737310      -187.9476285760      -187.9476285760
       169        84.5000000000      -188.0552520800      -187.9532828230      -187.9532828230
       170        85.0000000000      -188.0555408810      -187.9547703480      -187.9547703480
       171        85.5000000000      -188.0520090640      -187.9524773050      -187.9524773050
       172        86.0000000000      -188.0461760110      -187.9479473280      -187.9479473280
       173        86.5000000000      -188.0401043470      -187.9432682220      -187.9432682220
       174        87.0000000000      -188.0354034100      -187.9400653680      -187.9400653680
       175        87.5000000000      -188.0323907570      -187.9386550900      -187.9386550900
       176        88.0000000000      -188.0303023240      -187.9382558760      -187.9382558760
       177        88.5000000000      -188.0283601470      -187.9380649050      -187.9380649050
       178        89.0000000000      -188.0265356400      -187.9380310510      -187.9380310510
       179        89.5000000000      -188.0253822040      -187.9386918490      -187.9386918490
       180        90.0000000000      -188.0252827560      -187.9404203900      -187.9404203900
       181        90.5000000000      -188.0257772410      -187.9427491740      -187.9427491740
       182        91.0000000000      -188.0254653460      -187.9442691950      -187.9442691950
       183        91.5000000000      -188.0226736460      -187.9432940940      -187.9432940940
       184        92.0000000000      -188.0167386700      -187.9391417660      -187.9391417660
       185        92.5000000000      -188.0092794050      -187.9334067420      -187.9334067420
       186        93.0000000000      -188.0040800090      -187.9298441730      -187.9298441730
       187        93.5000000000      -188.0044434680      -187.9317255440      -187.9317255440
       188        94.0000000000      -188.0099833870      -187.9386341970      -187.9386341970
       189        94.5000000000      -188.0168169850      -187.9466642320      -187.9466642320
       190        95.0000000000      -188.0208223720      -187.9516824700      -187.9516824700
       191        95.5000000000      -188.0200366440      -187.9517268990      -187.9517268990
       192        96.0000000000      -188.0148344420      -187.9471826780      -187.9471826780
       193        96.5000000000      -188.0070810490      -187.9399313680      -187.9399313680
       194        97.0000000000      -187.9990994230      -187.9323127410      -187.9323127410
       195        97.5000000000      -187.9926238960      -187.9260724490      -187.9260724490
       196        98.0000000000      -187.9881558960      -187.9217149650      -187.9217149650
       197        98.5000000000      -187.9852214440      -187.9187648810      -187.9187648810
       198        99.0000000000      -187.9832525880      -187.9166582350      -187.9166582350
       199        99.5000000000      -187.9822202240      -187.9153829840      -187.9153829840
       200       100.0000000000      -187.9825242460      -187.9153693960      -187.9153693960
       201       100.5000000000      -187.9843612780      -187.9168502620      -187.9168502620
       202       101.0000000000      -187.9871494850      -187.9192751460      -187.9192751460
       203       101.5000000000      -187.9894955940      -187.9212688790      -187.9212688790
       204       102.0000000000      -187.9898184620      -187.9212512170      -187.9212512170
       205       102.5000000000      -187.9874374750      -187.9185266970      -187.9185266970
       206       103.0000000000      -187.9836667430      -187.9143853050      -187.9143853050
       207       103.5000000000      -187.9818200630      -187.9121173540      -187.9121173540
       208       104.0000000000      -187.9849630720      -187.9147742920      -187.9147742920
       209       104.5000000000      -187.9928429110      -187.9221016330      -187.9221016330
       210       105.0000000000      -188.0017583020      -187.9304089900      -187.9304089900
       211       105.5000000000      -188.0075836480      -187.9355939220      -187.9355939220
       212       106.0000000000      -188.0082667310      -187.9356389440      -187.9356389440
       213       106.5000000000      -188.0041798660      -187.9309593140      -187.9309593140
       214       107.0000000000      -187.9973712260      -187.9236476990      -187.9236476990
       215       107.5000000000      -187.9905152320      -187.9164160820      -187.9164160820
       216       108.0000000000      -187.9856835510      -187.9113587770      -187.9113587770
       217       108.5000000000      -187.9834583990      -187.9090623170      -187.9090623170
       218       109.0000000000      -187.9831552790      -187.9088317790      -187.9088317790
       219       109.5000000000      -187.9839353070      -187.9098105500      -187.9098105500
       220       110.0000000000      -187.9856633090      -187.9118441190      -187.9118441190
       221       110.5000000000      -187.9887726020      -187.9153465020      -187.9153465020
       222       111.0000000000      -187.9934118020      -187.9204452500      -187.9204452500
       223       111.5000000000      -187.9987340050      -187.9262686700      -187.9262686700
       224       112.0000000000      -188.0029806970      -187.9310292330      -187.9310292330
       225       112.5000000000      -188.0043167170      -187.9328591510      -187.9328591510
       226       113.0000000000      -188.0020135050      -187.9309954000      -187.9309954000
       227       113.5000000000      -187.9975811030      -187.9269135210      -187.9269135210
       228       114.0000000000      -187.9948527780      -187.9244151810      -187.9244151810
       229       114.5000000000      -187.9975392280      -187.9271877370      -187.9271877370
       230       115.0000000000      -188.0055290450      -187.9351125040      -187.9351125040
       231       115.5000000000      -188.0146053750      -187.9439852450      -187.9439852450
       232       116.0000000000      -188.0201759260      -187.9492380280      -187.9492380280
       233       116.5000000000      -188.0202534760      -187.9489027060      -187.9489027060
       234       117.0000000000      -188.0155582940      -187.9436990930      -187.9436990930
       235       117.5000000000      -188.0083146900      -187.9358284050      -187.9358284050
       236       118.0000000000      -188.0010538500      -187.9277842660      -187.9277842660
       237       118.5000000000      -187.9956508100      -187.9214054610      -187.9214054610
       238       119.0000000000      -187.9928128090      -187.9173803770      -187.9173803770
       239       119.5000000000      -187.9923561480      -187.9155331390      -187.9155331390
       240       120.0000000000      -187.9940079900      -187.9156229490      -187.9156229490
       241       120.5000000000      -187.9978822830      -187.9178094280      -187.9178094280
       242       121.0000000000      -188.0041545500      -187.9223154010      -187.9223154010
       243       121.5000000000      -188.0123749390      -187.9287319070      -187.9287319070
       244       122.0000000000      -188.0212184070      -187.9357646570      -187.9357646570
       245       122.5000000000      -188.0288887810      -187.9416361740      -187.9416361740
       246       123.0000000000      -188.0337432600      -187.9447080400      -187.9447080400
       247       123.5000000000      -188.0348495640      -187.9440358750      -187.9440358750
       248       124.0000000000      -188.0327094380      -187.9400938430      -187.9400938430
       249       124.5000000000      -188.0300745160      -187.9355988920      -187.9355988920
       250       125.0000000000      -188.0312552820      -187.9348363120      -187.9348363120
       251       125.5000000000      -188.0385472510      -187.9401021220      -187.9401021220
       252       126.0000000000      -188.0492614670      -187.9487393970      -187.9487393970
       253       126.5000000000      -188.0579925650      -187.9554001700      -187.9554001700
       254       127.0000000000      -188.0611014520      -187.9565148260      -187.9565148260
       255       127.5000000000      -188.0582743760      -187.9518371790      -187.9518371790
       256       128.0000000000      -188.0514185530      -187.9433305650      -187.9433305650
       257       128.5000000000      -188.0431289000      -187.9336309390      -187.9336309390
       258       129.0000000000      -188.0355635540      -187.9249229970      -187.9249229970
       259       129.5000000000      -188.0298361000      -187.9183334230      -187.9183334230
       260       130.0000000000      -188.0260951230      -187.9140104110      -187.9140104110
       261       130.5000000000      -188.0241655430      -187.9117642290      -187.9117642290
       262       131.0000000000      -188.0240809930      -187.9116004110      -187.9116004110
       263       131.5000000000      -188.0259619960      -187.9136007020      -187.9136007020
       264       132.0000000000      -188.0295066700      -187.9174188500      -187.9174188500
       265       132.5000000000      -188.0338051550      -187.9221005490      -187.9221005490
       266       133.0000000000      -188.0376466510      -187.9263943940      -187.9263943940
       267       133.5000000000      -188.0398245730      -187.9290588980      -187.9290588980
       268       134.0000000000      -188.0391743920      -187.9288994050      -187.9288994050
       269       134.5000000000      -188.0348904540      -187.9250833580      -187.9250833580
       270       135.0000000000      -188.0278634070      -187.9184769980      -187.9184769980
       271       135.5000000000      -188.0221209700      -187.9130886230      -187.9130886230
       272       136.0000000000      -188.0229470320      -187.9141950160      -187.9141950160
       273       136.5000000000      -188.0312914870      -187.9227612470      -187.9227612470
       274       137.0000000000      -188.0420488040      -187.9337233300      -187.9337233300
       275       137.5000000000      -188.0493109870      -187.9412286810      -187.9412286810
       276       138.0000000000      -188.0508272280      -187.9430720310      -187.9430720310
       277       138.5000000000      -188.0476821950      -187.9403563070      -187.9403563070
       278       139.0000000000      -188.0421346730      -187.9353307540      -187.9353307540
       279       139.5000000000      -188.0361094530      -187.9298944530      -187.9298944530
       280       140.0000000000      -188.0307264420      -187.9251404820      -187.9251404820
       281       140.5000000000      -188.0265474990      -187.9216143530      -187.9216143530
       282       141.0000000000      -188.0240136540      -187.9197562440      -187.9197562440
       283       141.5000000000      -188.0235113700      -187.9199667450      -187.9199667450
       284       142.0000000000      -188.0250124100      -187.9222423840      -187.9222423840
       285       142.5000000000      -188.0278768840      -187.9259736090      -187.9259736090
       286       143.0000000000      -188.0312254670      -187.9303123220      -187.9303123220
       287       143.5000000000      -188.0344630960      -187.9346918790      -187.9346918790
       288       144.0000000000      -188.0372845290      -187.9388305790      -187.9388305790
       289       144.5000000000      -188.0390979470      -187.9421542030      -187.9421542030
       290       145.0000000000      -188.0385464600      -187.9433144250      -187.9433144250
       291       145.5000000000      -188.0340971360      -187.9407720120      -187.9407720120
       292       146.0000000000      -188.0261162430      -187.9348674360      -187.9348674360
       293       146.5000000000      -188.0188005270      -187.9297598580      -187.9297598580
       294       147.0000000000      -188.0179045210      -187.9311824170      -187.9311824170
       295       147.5000000000      -188.0242972370      -187.9400301090      -187.9400301090
       296       148.0000000000      -188.0323824050      -187.9507774890      -187.9507774890
       297       148.5000000000      -188.0361765240      -187.9575148660      -187.9575148660
       298       149.0000000000      -188.0338237120      -187.9584194420      -187.9584194420
       299       149.5000000000      -188.0267911810      -187.9549365430      -187.9549365430
       300       150.0000000000      -188.0174671490      -187.9493900890      -187.9493900890
       301       150.5000000000      -188.0078144170      -187.9436577680      -187.9436577680
       302       151.0000000000      -187.9991829240      -187.9390029890      -187.9390029890
       303       151.5000000000      -187.9924838630      -187.9362610650      -187.9362610650
       304       152.0000000000      -187.9881205840      -187.9357769160      -187.9357769160
       305       152.5000000000      -187.9858105900      -187.9372295290      -187.9372295290
       306       153.0000000000      -187.9847946360      -187.9398405050      -187.9398405050
       307       153.5000000000      -187.9843985720      -187.9429325300      -187.9429325300
       308       154.0000000000      -187.9843896350      -187.9462797170      -187.9462797170
       309       154.5000000000      -187.9848151540      -187.9499396240      -187.9499396240
       310       155.0000000000      -187.9855122870      -187.9537578090      -187.9537578090
       311       155.5000000000      -187.9856342660      -187.9568926570      -187.9568926570
       312       156.0000000000      -187.9834657140      -187.9576330740      -187.9576330740
       313       156.5000000000      -187.9768761130      -187.9538559620      -187.9538559620
       314       157.0000000000      -187.9649707130      -187.9446808300      -187.9446808300
       315       157.5000000000      -187.9507205960      -187.9331020640      -187.9331020640
       316       158.0000000000      -187.9411856830      -187.9262146300      -187.9262146300
       317       158.5000000000      -187.9413282200      -187.9290296960      -187.9290296960
       318       159.0000000000      -187.9478889450      -187.9383113700      -187.9383113700
       319       159.5000000000      -187.9535058380      -187.9464955680      -187.9464955680
       320       160.0000000000      -187.9544083900      -187.9488706320      -187.9488706320
       321       160.5000000000      -187.9515263420      -187.9450646300      -187.9450646300
       322       161.0000000000      -187.9467896220      -187.9378338780      -187.9378338780
       323       161.5000000000      -187.9420403420      -187.9302441820      -187.9302441820
       324       162.0000000000      -187.9387309370      -187.9241955680      -187.9241955680
       325       162.5000000000      -187.9373340400      -187.9202979150      -187.9202979150
       326       163.0000000000      -187.9374062880      -187.9181452920      -187.9181452920
       327       163.5000000000      -187.9382742970      -187.9170634340      -187.9170634340
       328       164.0000000000      -187.9397298140      -187.9168263620      -187.9168263620
       329       164.5000000000      -187.9421460680      -187.9177824370      -187.9177824370
       330       165.0000000000      -187.9460551280      -187.9204361350      -187.9204361350
       331       165.5000000000      -187.9516190740      -187.9249203770      -187.9249203770
       332       166.0000000000      -187.9583091070      -187.9306745830      -187.9306745830
       333       166.5000000000      -187.9648096740      -187.9363486980      -187.9363486980
       334       167.0000000000      -187.9690800180      -187.9398701230      -187.9398701230
       335       167.5000000000      -187.9687752160      -187.9388796140      -187.9388796140
       336       168.0000000000      -187.9626205810      -187.9321265540      -187.9321265540
       337       168.5000000000      -187.9528289670      -187.9218960180      -187.9218960180
       338       169.0000000000      -187.9458360360      -187.9147152580      -187.9147152580
       339       169.5000000000      -187.9471320360      -187.9161170810      -187.9161170810
       340       170.0000000000      -187.9546905260      -187.9240193730      -187.9240193730
       341       170.5000000000      -187.9614639800      -187.9312487300      -187.9312487300
       342       171.0000000000      -187.9628242440      -187.9330523860      -187.9330523860
       343       171.5000000000      -187.9588874410      -187.9294711620      -187.9294711620
       344       172.0000000000      -187.9523989730      -187.9232313450      -187.9232313450
       345       172.5000000000      -187.9462535440      -187.9172478990      -187.9172478990
       346       173.0000000000      -187.9420415590      -187.9131485660      -187.9131485660
       347       173.5000000000      -187.9398792910      -187.9110872470      -187.9110872470
       348       174.0000000000      -187.9392303750      -187.9105571500      -187.9105571500
       349       174.5000000000      -187.9397406630      -187.9112242750      -187.9112242750
       350       175.0000000000      -187.9414438680      -187.9131345220      -187.9131345220
       351       175.5000000000      -187.9445404870      -187.9164932440      -187.9164932440
       352       176.0000000000      -187.9491568120      -187.9214245740      -187.9214245740
       353       176.5000000000      -187.9551924710      -187.9278202880      -187.9278202880
       354       177.0000000000      -187.9621650290      -187.9351895020      -187.9351895020
       355       177.5000000000      -187.9690020240      -187.9424599200      -187.9424599200
       356       178.0000000000      -187.9738877070      -187.9478357100      -187.9478357100
       357       178.5000000000      -187.9745173890      -187.9490576570      -187.9490576570
       358       179.0000000000      -187.9693675670      -187.9446664640      -187.9446664640
       359       179.5000000000      -187.9601000690      -187.9363845060      -187.9363845060
       360       180.0000000000      -187.9526513220      -187.9301788990      -187.9301788990
       361       180.5000000000      -187.9527932190      -187.9318127990      -187.9318127990
       362       181.0000000000      -187.9595382720      -187.9402616290      -187.9402616290
       363       181.5000000000      -187.9666725460      -187.9492568070      -187.9492568070
       364       182.0000000000      -187.9698649270      -187.9544003360      -187.9544003360
       365       182.5000000000      -187.9690500590      -187.9555576510      -187.9555576510
       366       183.0000000000      -187.9659664290      -187.9544069300      -187.9544069300
       367       183.5000000000      -187.9618326140      -187.9521205330      -187.9521205330
       368       184.0000000000      -187.9570822220      -187.9490916100      -187.9490916100
       369       184.5000000000      -187.9521038390      -187.9456382290      -187.9456382290
       370       185.0000000000      -187.9476203490      -187.9422871760      -187.9422871760
       371       185.5000000000      -187.9445065660      -187.9394558950      -187.9394558950
       372       186.0000000000      -187.9433621560      -187.9373050410      -187.9373050410
       373       186.5000000000      -187.9441802970      -187.9360527200      -187.9360527200
       374       187.0000000000      -187.9466846710      -187.9359236890      -187.9359236890
       375       187.5000000000      -187.9506213250      -187.9369942330      -187.9369942330
       376       188.0000000000      -187.9556694600      -187.9391415610      -187.9391415610
       377       188.5000000000      -187.9612485410      -187.9419272110      -187.9419272110
       378       189.0000000000      -187.9663510430      -187.9444583560      -187.9444583560
       379       189.5000000000      -187.9695229930      -187.9453699200      -187.9453699200
       380       190.0000000000      -187.9692381510      -187.9431885010      -187.9431885010
       381       190.5000000000      -187.9649480110      -187.9373740390      -187.9373740390
       382       191.0000000000      -187.9584492470      -187.9296939540      -187.9296939540
       383       191.5000000000      -187.9536870640      -187.9240541420      -187.9240541420
       384       192.0000000000      -187.9535018300      -187.9232787640      -187.9232787640
       385       192.5000000000      -187.9566758390      -187.9261683270      -187.9261683270
       386       193.0000000000      -187.9596738890      -187.9292162760      -187.9292162760
       387       193.5000000000      -187.9601800080      -187.9301040390      -187.9301040390
       388       194.0000000000      -187.9579512550      -187.9285318480      -187.9285318480
       389       194.5000000000      -187.9538263790      -187.9252390600      -187.9252390600
       390       195.0000000000      -187.9489318120      -187.9212409990      -187.9212409990
       391       195.5000000000      -187.9442713900      -187.9174460380      -187.9174460380
       392       196.0000000000      -187.9404707380      -187.9144125320      -187.9144125320
       393       196.5000000000      -187.9378046290      -187.9123760100      -187.9123760100
       394       197.0000000000      -187.9364545980      -187.9114984320      -187.9114984320
       395       197.5000000000      -187.9366964230      -187.9120450980      -187.9120450980
       396       198.0000000000      -187.9388621040      -187.9143370960      -187.9143370960
       397       198.5000000000      -187.9431482510      -187.9185535330      -187.9185535330
       398       199.0000000000      -187.9493898620      -187.9245048490      -187.9245048490
       399       199.5000000000      -187.9568655400      -187.9314426110      -187.9314426110
       400       200.0000000000      -187.9641726290      -187.9379417890      -187.9379417890
       401       200.5000000000      -187.9692809780      -187.9419612470      -187.9419612470
       402       201.0000000000      -187.9700427990      -187.9413591180      -187.9413591180
       403       201.5000000000      -187.9655112610      -187.9352196140      -187.9352196140
       404       202.0000000000      -187.9577473890      -187.9256700760      -187.9256700760
       405       202.5000000000      -187.9519383480      -187.9179978970      -187.9179978970
       406       203.0000000000      -187.9525519020      -187.9167759420      -187.9167759420
       407       203.5000000000      -187.9588991120      -187.9213887240      -187.9213887240
       408       204.0000000000      -187.9662559500      -187.9271485440      -187.9271485440
       409       204.5000000000      -187.9705521240      -187.9300015910      -187.9300015910
       410       205.0000000000      -187.9707584020      -187.9289239660      -187.9289239660
       411       205.5000000000      -187.9682308700      -187.9252649300      -187.9252649300
       412       206.0000000000      -187.9650034550      -187.9210414340      -187.9210414340
       413       206.5000000000      -187.9624404950      -187.9175978470      -187.9175978470
       414       207.0000000000      -187.9608890570      -187.9152656330      -187.9152656330
       415       207.5000000000      -187.9601630950      -187.9138506690      -187.9138506690
       416       208.0000000000      -187.9601461960      -187.9132358410      -187.9132358410
       417       208.5000000000      -187.9610204960      -187.9136096420      -187.9136096420
       418       209.0000000000      -187.9631420160      -187.9153421980      -187.9153421980
       419       209.5000000000      -187.9667899230      -187.9187366220      -187.9187366220
       420       210.0000000000      -187.9719398860      -187.9238029860      -187.9238029860
       421       210.5000000000      -187.9780925570      -187.9300811850      -187.9300811850
       422       211.0000000000      -187.9841575710      -187.9365051270      -187.9365051270
       423       211.5000000000      -187.9884537830      -187.9413730230      -187.9413730230
       424       212.0000000000      -187.9890268930      -187.9426504490      -187.9426504490
       425       212.5000000000      -187.9846031380      -187.9389412650      -187.9389412650
       426       213.0000000000      -187.9761781660      -187.9311066220      -187.9311066220
       427       213.5000000000      -187.9679050940      -187.9231754070      -187.9231754070
       428       214.0000000000      -187.9648251430      -187.9200855510      -187.9200855510
       429       214.5000000000      -187.9682170930      -187.9230412260      -187.9230412260
       430       215.0000000000      -187.9745467980      -187.9284753960      -187.9284753960
       431       215.5000000000      -187.9797105610      -187.9323030780      -187.9323030780
       432       216.0000000000      -187.9824424810      -187.9333222100      -187.9333222100
       433       216.5000000000      -187.9836464290      -187.9325279350      -187.9325279350
       434       217.0000000000      -187.9843063840      -187.9310072130      -187.9310072130
       435       217.5000000000      -187.9846710020      -187.9291122350      -187.9291122350
       436       218.0000000000      -187.9847181310      -187.9269148020      -187.9269148020
       437       218.5000000000      -187.9847086480      -187.9247509300      -187.9247509300
       438       219.0000000000      -187.9852436370      -187.9232713370      -187.9232713370
       439       219.5000000000      -187.9869923860      -187.9231673910      -187.9231673910
       440       220.0000000000      -187.9903959000      -187.9248769630      -187.9248769630
       441       220.5000000000      -187.9954760920      -187.9283989560      -187.9283989560
       442       221.0000000000      -188.0017506450      -187.9332153380      -187.9332153380
       443       221.5000000000      -188.0082365770      -187.9383022050      -187.9383022050
       444       222.0000000000      -188.0135702370      -187.9422567740      -187.9422567740
       445       222.5000000000      -188.0163242050      -187.9436203690      -187.9436203690
       446       223.0000000000      -188.0155730080      -187.9414490790      -187.9414490790
       447       223.5000000000      -188.0115553650      -187.9359787830      -187.9359787830
       448       224.0000000000      -188.0059163830      -187.9288653940      -187.9288653940
       449       224.5000000000      -188.0009210590      -187.9223900960      -187.9223900960
       450       225.0000000000      -187.9979054260      -187.9178978920      -187.9178978920
       451       225.5000000000      -187.9965384770      -187.9150517220      -187.9150517220
       452       226.0000000000      -187.9958772300      -187.9128920360      -187.9128920360
       453       226.5000000000      -187.9957656630      -187.9112483000      -187.9112483000
       454       227.0000000000      -187.9967393720      -187.9106549830      -187.9106549830
       455       227.5000000000      -187.9989235530      -187.9112530720      -187.9112530720
       456       228.0000000000      -188.0016191530      -187.9123718610      -187.9123718610
       457       228.5000000000      -188.0039425750      -187.9131602680      -187.9131602680
       458       229.0000000000      -188.0055457350      -187.9132991840      -187.9132991840
       459       229.5000000000      -188.0067441950      -187.9131259620      -187.9131259620
       460       230.0000000000      -188.0081983280      -187.9133162340      -187.9133162340
       461       230.5000000000      -188.0105229690      -187.9144971010      -187.9144971010
       462       231.0000000000      -188.0140144950      -187.9169787440      -187.9169787440
       463       231.5000000000      -188.0185145360      -187.9206215770      -187.9206215770
       464       232.0000000000      -188.0233910010      -187.9248190960      -187.9248190960
       465       232.5000000000      -188.0276529720      -187.9286116690      -187.9286116690
       466       233.0000000000      -188.0302379190      -187.9309715910      -187.9309715910
       467       233.5000000000      -188.0304492220      -187.9312374650      -187.9312374650
       468       234.0000000000      -188.0283484430      -187.9295037260      -187.9295037260
       469       234.5000000000      -188.0247588920      -187.9266203970      -187.9266203970
       470       235.0000000000      -188.0206864460      -187.9236073930      -187.9236073930
       471       235.5000000000      -188.0165272590      -187.9208546140      -187.9208546140
       472       236.0000000000      -188.0119286010      -187.9179804420      -187.9179804420
       473       236.5000000000      -188.0066626330      -187.9147130510      -187.9147130510
       474       237.0000000000      -188.0014598560      -187.9117372030      -187.9117372030
       475       237.5000000000      -187.9975155140      -187.9102125990      -187.9102125990
       476       238.0000000000      -187.9952174100      -187.9105066830      -187.9105066830
       477       238.5000000000      -187.9937955580      -187.9118415210      -187.9118415210
       478       239.0000000000      -187.9921742000      -187.9131348520      -187.9131348520
       479       239.5000000000      -187.9898190420      -187.9138341310      -187.9138341310
       480       240.0000000000      -187.9868584220      -187.9140286830      -187.9140286830
       481       240.5000000000      -187.9837531660      -187.9141186260      -187.9141186260
       482       241.0000000000      -187.9809555570      -187.9144789820      -187.9144789820
       483       241.5000000000      -187.9787156490      -187.9152738990      -187.9152738990
       484       242.0000000000      -187.9770180680      -187.9164016670      -187.9164016670
       485       242.5000000000      -187.9756281900      -187.9175484470      -187.9175484470
       486       243.0000000000      -187.9742533620      -187.9183570830      -187.9183570830
       487       243.5000000000      -187.9727853750      -187.9186777690      -187.9186777690
       488       244.0000000000      -187.9714748110      -187.9187509410      -187.9187509410
       489       244.5000000000      -187.9708182060      -187.9191009390      -187.9191009390
       490       245.0000000000      -187.9711032860      -187.9200811370      -187.9200811370
       491       245.5000000000      -187.9719158910      -187.9213694950      -187.9213694950
       492       246.0000000000      -187.9720980420      -187.9219047210      -187.9219047210
       493       246.5000000000      -187.9704222280      -187.9205371780      -187.9205371780
       494       247.0000000000      -187.9666979610      -187.9171220350      -187.9171220350
       495       247.5000000000      -187.9624242600      -187.9131740190      -187.9131740190
       496       248.0000000000      -187.9600666590      -187.9111610310      -187.9111610310
       497       248.5000000000      -187.9611816130      -187.9126502510      -187.9126502510
       498       249.0000000000      -187.9651784600      -187.9170842620      -187.9170842620
       499       249.5000000000      -187.9700506050      -187.9225091160      -187.9225091160
       500       250.0000000000      -187.9740285600      -187.9272111970      -187.9272111970
       501       250.5000000000      -187.9764320420      -187.9305539850      -187.9305539850
       502       251.0000000000      -187.9774746100      -187.9327764610      -187.9327764610
       503       251.5000000000      -187.9777120670      -187.9344437910      -187.9344437910
       504       252.0000000000      -187.9776166120      -187.9360271140      -187.9360271140
       505       252.5000000000      -187.9773771610      -187.9377082500      -187.9377082500
       506       253.0000000000      -187.9768932820      -187.9393759590      -187.9393759590
       507       253.5000000000      -187.9759206880      -187.9407723260      -187.9407723260
       508       254.0000000000      -187.9742926480      -187.9417161180      -187.9417161180
       509       254.5000000000      -187.9720790890      -187.9422677880      -187.9422677880
       510       255.0000000000      -187.9695647880      -187.9427179030      -187.9427179030
       511       255.5000000000      -187.9670818060      -187.9434313020      -187.9434313020
       512       256.0000000000      -187.9648002680      -187.9446467230      -187.9446467230
       513       256.5000000000      -187.9624517650      -187.9461995540      -187.9461995540
       514       257.0000000000      -187.9591219330      -187.9472784580      -187.9472784580
       515       257.5000000000      -187.9537677530      -187.9467195160      -187.9467195160
       516       258.0000000000      -187.9473492970      -187.9432967500      -187.9432967500
       517       258.5000000000      -187.9439319660      -187.9362997080      -187.9362997080
       518       259.0000000000      -187.9437155040      -187.9308359160      -187.9308359160
       519       259.5000000000      -187.9473690640      -187.9293748700      -187.9293748700
       520       260.0000000000      -187.9542366950      -187.9313889310      -187.9313889310
       521       260.5000000000      -187.9626152740      -187.9351245280      -187.9351245280
       522       261.0000000000      -187.9710026720      -187.9390263200      -187.9390263200
       523       261.5000000000      -187.9784860660      -187.9421605880      -187.9421605880
       524       262.0000000000      -187.9846452980      -187.9441211610      -187.9441211610
       525       262.5000000000      -187.9894160490      -187.9448819150      -187.9448819150
       526       263.0000000000      -187.9929461000      -187.9446376940      -187.9446376940
       527       263.5000000000      -187.9954752100      -187.9436684640      -187.9436684640
       528       264.0000000000      -187.9973100420      -187.9423026310      -187.9423026310
       529       264.5000000000      -187.9988660410      -187.9409520200      -187.9409520200
       530       265.0000000000      -188.0006417150      -187.9400845350      -187.9400845350
       531       265.5000000000      -188.0030216930      -187.9400317210      -187.9400317210
       532       266.0000000000      -188.0059702140      -187.9406930380      -187.9406930380
       533       266.5000000000      -188.0088148070      -187.9413348420      -187.9413348420
       534       267.0000000000      -188.0103212760      -187.9406808070      -187.9406808070
       535       267.5000000000      -188.0091628800      -187.9373908960      -187.9373908960
       536       268.0000000000      -188.0047191930      -187.9308607890      -187.9308607890
       537       268.5000000000      -187.9978801250      -187.9220178010      -187.9220178010
       538       269.0000000000      -187.9911422830      -187.9134013020      -187.9134013020
       539       269.5000000000      -187.9872427170      -187.9077762460      -187.9077762460
       540       270.0000000000      -187.9870906350      -187.9060491060      -187.9060491060
       541       270.5000000000      -187.9894000350      -187.9069025280      -187.9069025280
       542       271.0000000000      -187.9924558750      -187.9085795590      -187.9085795590
       543       271.5000000000      -187.9955637620      -187.9103519850      -187.9103519850
       544       272.0000000000      -187.9988700790      -187.9123466970      -187.9123466970
       545       272.5000000000      -188.0025619720      -187.9147416700      -187.9147416700
       546       273.0000000000      -188.0065055790      -187.9173963080      -187.9173963080
       547       273.5000000000      -188.0103793640      -187.9199801250      -187.9199801250
       548       274.0000000000      -188.0139383230      -187.9222380710      -187.9222380710
       549       274.5000000000      -188.0171746000      -187.9241578650      -187.9241578650
       550       275.0000000000      -188.0202971650      -187.9259584500      -187.9259584500
       551       275.5000000000      -188.0235202870      -187.9278844370      -187.9278844370
       552       276.0000000000      -188.0267783510      -187.9299197040      -187.9299197040
       553       276.5000000000      -188.0296177200      -187.9316709140      -187.9316709140
       554       277.0000000000      -188.0313970790      -187.9325551670      -187.9325551670
       555       277.5000000000      -188.0316110990      -187.9321123640      -187.9321123640
       556       278.0000000000      -188.0301075140      -187.9302162450      -187.9302162450
       557       278.5000000000      -188.0272554140      -187.9272431670      -187.9272431670
       558       279.0000000000      -188.0241332740      -187.9242661960      -187.9242661960
       559       279.5000000000      -188.0223069240      -187.9228393340      -187.9228393340
       560       280.0000000000      -188.0227758310      -187.9239451230      -187.9239451230
       561       280.5000000000      -188.0249620530      -187.9269807840      -187.9269807840
       562       281.0000000000      -188.0272042090      -187.9302523630      -187.9302523630
       563       281.5000000000      -188.0283272770      -187.9325498530      -187.9325498530
       564       282.0000000000      -188.0284326220      -187.9339442230      -187.9339442230
       565       282.5000000000      -188.0283011850      -187.9351948660      -187.9351948660
       566       283.0000000000      -188.0283968350      -187.9367540800      -187.9367540800
       567       283.5000000000      -188.0284952940      -187.9383957760      -187.9383957760
       568       284.0000000000      -188.0280521060      -187.9395824430      -187.9395824430
       569       284.5000000000      -188.0267824840      -187.9400420330      -187.9400420330
       570       285.0000000000      -188.0249767100      -187.9400789250      -187.9400789250
       571       285.5000000000      -188.0233867010      -187.9404541660      -187.9404541660
       572       286.0000000000      -188.0227473870      -187.9419007930      -187.9419007930
       573       286.5000000000      -188.0232125130      -187.9445560510      -187.9445560510
       574       287.0000000000      -188.0241181050      -187.9477256020      -187.9477256020
       575       287.5000000000      -188.0242569830      -187.9501635050      -187.9501635050
       576       288.0000000000      -188.0224417900      -187.9506440660      -187.9506440660
       577       288.5000000000      -188.0180467700      -187.9485131350      -187.9485131350
       578       289.0000000000      -188.0114330020      -187.9441206510      -187.9441206510
       579       289.5000000000      -188.0041410690      -187.9390153530      -187.9390153530
       580       290.0000000000      -187.9983800580      -187.9354269830      -187.9354269830
       581       290.5000000000      -187.9955870020      -187.9348113510      -187.9348113510
       582       291.0000000000      -187.9952337630      -187.9366432060      -187.9366432060
       583       291.5000000000      -187.9954113730      -187.9389961330      -187.9389961330
       584       292.0000000000      -187.9945685730      -187.9402868630      -187.9402868630
       585       292.5000000000      -187.9924923650      -187.9402642470      -187.9402642470
       586       293.0000000000      -187.9899562770      -187.9396641510      -187.9396641510
       587       293.5000000000      -187.9878173440      -187.9393095300      -187.9393095300
       588       294.0000000000      -187.9863869490      -187.9394830240      -187.9394830240
       589       294.5000000000      -187.9853993260      -187.9398966970      -187.9398966970
       590       295.0000000000      -187.9844237590      -187.9401060480      -187.9401060480
       591       295.5000000000      -187.9833084380      -187.9399550800      -187.9399550800
       592       296.0000000000      -187.9822834760      -187.9396788540      -187.9396788540
       593       296.5000000000      -187.9816391410      -187.9395782460      -187.9395782460
       594       297.0000000000      -187.9812638070      -187.9395532500      -187.9395532500
       595       297.5000000000      -187.9804814270      -187.9389378150      -187.9389378150
       596       298.0000000000      -187.9783551180      -187.9368039870      -187.9368039870
       597       298.5000000000      -187.9742092770      -187.9324880780      -187.9324880780
       598       299.0000000000      -187.9680578430      -187.9260234500      -187.9260234500
       599       299.5000000000      -187.9608337830      -187.9183730050      -187.9183730050
       600       300.0000000000      -187.9543256880      -187.9113638530      -187.9113638530
       601       300.5000000000      -187.9505151350      -187.9070159070      -187.9070159070
       602       301.0000000000      -187.9503323450      -187.9062861020      -187.9062861020
       603       301.5000000000      -187.9528838360      -187.9082896830      -187.9082896830
       604       302.0000000000      -187.9561750550      -187.9110260260      -187.9110260260
       605       302.5000000000      -187.9586377810      -187.9129145840      -187.9129145840
       606       303.0000000000      -187.9599720130      -187.9136440090      -187.9136440090
       607       303.5000000000      -187.9608591930      -187.9138878950      -187.9138878950
       608       304.0000000000      -187.9621418970      -187.9144839680      -187.9144839680
       609       304.5000000000      -187.9642203520      -187.9158294320      -187.9158294320
       610       305.0000000000      -187.9670266640      -187.9178551390      -187.9178551390
       611       305.5000000000      -187.9703835610      -187.9203848740      -187.9203848740
       612       306.0000000000      -187.9742687380      -187.9233999530      -187.9233999530
       613       306.5000000000      -187.9787136330      -187.9269361130      -187.9269361130
       614       307.0000000000      -187.9834806180      -187.9307580220      -187.9307580220
       615       307.5000000000      -187.9878794450      -187.9341741770      -187.9341741770
       616       308.0000000000      -187.9909345680      -187.9362057370      -187.9362057370
       617       308.5000000000      -187.9917985070      -187.9360042120      -187.9360042120
       618       309.0000000000      -187.9901609140      -187.9332652470      -187.9332652470
       619       309.5000000000      -187.9864956160      -187.9284787080      -187.9284787080
       620       310.0000000000      -187.9820745220      -187.9229419190      -187.9229419190
       621       310.5000000000      -187.9786190130      -187.9184052180      -187.9184052180
       622       311.0000000000      -187.9774928560      -187.9162545210      -187.9162545210
       623       311.5000000000      -187.9788325500      -187.9166314690      -187.9166314690
       624       312.0000000000      -187.9814617710      -187.9183448390      -187.9183448390
       625       312.5000000000      -187.9838156430      -187.9198011300      -187.9198011300
       626       313.0000000000      -187.9850234290      -187.9200981380      -187.9200981380
       627       313.5000000000      -187.9852831850      -187.9194076500      -187.9194076500
       628       314.0000000000      -187.9854491020      -187.9185664990      -187.9185664990
       629       314.5000000000      -187.9863329530      -187.9183780250      -187.9183780250
       630       315.0000000000      -187.9883056180      -187.9192122780      -187.9192122780
       631       315.5000000000      -187.9914271440      -187.9211345790      -187.9211345790
       632       316.0000000000      -187.9957900180      -187.9242475960      -187.9242475960
       633       316.5000000000      -188.0015826790      -187.9287543790      -187.9287543790
       634       317.0000000000      -188.0087561980      -187.9346250960      -187.9346250960
       635       317.5000000000      -188.0166619200      -187.9412344700      -187.9412344700
       636       318.0000000000      -188.0240881350      -187.9473971980      -187.9473971980
       637       318.5000000000      -188.0297286960      -187.9518332690      -187.9518332690
       638       319.0000000000      -188.0327379040      -187.9537176930      -187.9537176930
       639       319.5000000000      -188.0330342610      -187.9529782510      -187.9529782510
       640       320.0000000000      -188.0312719730      -187.9502628040      -187.9502628040
       641       320.5000000000      -188.0285897810      -187.9466870860      -187.9466870860
       642       321.0000000000      -188.0262416770      -187.9434691230      -187.9434691230
       643       321.5000000000      -188.0251397680      -187.9414796550      -187.9414796550
       644       322.0000000000      -188.0254474820      -187.9408451990      -187.9408451990
       645       322.5000000000      -188.0265677450      -187.9409453500      -187.9409453500
       646       323.0000000000      -188.0276723400      -187.9409467640      -187.9409467640
       647       323.5000000000      -188.0283567030      -187.9404560610      -187.9404560610
       648       324.0000000000      -188.0288091700      -187.9396813020      -187.9396813020
       649       324.5000000000      -188.0293423320      -187.9389532810      -187.9389532810
       650       325.0000000000      -188.0298043090      -187.9381284610      -187.9381284610
       651       325.5000000000      -188.0295725340      -187.9365786130      -187.9365786130
       652       326.0000000000      -188.0282346740      -187.9338725470      -187.9338725470
       653       326.5000000000      -188.0263191020      -187.9305118210      -187.9305118210
       654       327.0000000000      -188.0253355350      -187.9279792560      -187.9279792560
       655       327.5000000000      -188.0269053030      -187.9278776330      -187.9278776330
       656       328.0000000000      -188.0315462630      -187.9307207020      -187.9307207020
       657       328.5000000000      -188.0381639400      -187.9354264100      -187.9354264100
       658       329.0000000000      -188.0447626050      -187.9400250930      -187.9400250930
       659       329.5000000000      -188.0496997150      -187.9429070910      -187.9429070910
       660       330.0000000000      -188.0524174220      -187.9435469330      -187.9435469330
       661       330.5000000000      -188.0533096380      -187.9423649950      -187.9423649950
       662       331.0000000000      -188.0531370830      -187.9401409300      -187.9401409300
       663       331.5000000000      -188.0525114060      -187.9374983140      -187.9374983140
       664       332.0000000000      -188.0516654080      -187.9346759780      -187.9346759780
       665       332.5000000000      -188.0504911340      -187.9315673070      -187.9315673070
       666       333.0000000000      -188.0487734100      -187.9279552560      -187.9279552560
       667       333.5000000000      -188.0465053000      -187.9238299370      -187.9238299370
       668       334.0000000000      -188.0441121610      -187.9196154940      -187.9196154940
       669       334.5000000000      -188.0423833770      -187.9161045480      -187.9161045480
       670       335.0000000000      -188.0420350050      -187.9140229510      -187.9140229510
       671       335.5000000000      -188.0431767410      -187.9134978230      -187.9134978230
       672       336.0000000000      -188.0451868330      -187.9139322080      -187.9139322080
       673       336.5000000000      -188.0471689780      -187.9144602940      -187.9144602940
       674       337.0000000000      -188.0485987110      -187.9145908870      -187.9145908870
       675       337.5000000000      -188.0496534500      -187.9145346600      -187.9145346600
       676       338.0000000000      -188.0510401370      -187.9150298380      -187.9150298380
       677       338.5000000000      -188.0534436750      -187.9167904450      -187.9167904450
       678       339.0000000000      -188.0569205900      -187.9198994960      -187.9198994960
       679       339.5000000000      -188.0607015960      -187.9236100010      -187.9236100010
       680       340.0000000000      -188.0636628110      -187.9268126610      -187.9268126610
       681       340.5000000000      -188.0650822680      -187.9287886980      -187.9287886980
       682       341.0000000000      -188.0649966440      -187.9295637660      -187.9295637660
       683       341.5000000000      -188.0639560530      -187.9296621770      -187.9296621770
       684       342.0000000000      -188.0625454610      -187.9296305620      -187.9296305620
       685       342.5000000000      -188.0610691020      -187.9297268480      -187.9297268480
       686       343.0000000000      -188.0594975690      -187.9298735810      -187.9298735810
       687       343.5000000000      -188.0575955070      -187.9297917950      -187.9297917950
       688       344.0000000000      -188.0551566020      -187.9292414190      -187.9292414190
       689       344.5000000000      -188.0522648620      -187.9282863210      -187.9282863210
       690       345.0000000000      -188.0493947300      -187.9273962930      -187.9273962930
       691       345.5000000000      -188.0471591080      -187.9271939900      -187.9271939900
       692       346.0000000000      -188.0458087570      -187.9279489400      -187.9279489400
       693       346.5000000000      -188.0449390540      -187.9292760980      -187.9292760980
       694       347.0000000000      -188.0437589960      -187.9303966240      -187.9303966240
       695       347.5000000000      -188.0417607650      -187.9308034430      -187.9308034430
       696       348.0000000000      -188.0392773190      -187.9308202240      -187.9308202240
       697       348.5000000000      -188.0374348060      -187.9315584220      -187.9315584220
       698       349.0000000000      -188.0373089110      -187.9340769040      -187.9340769040
       699       349.5000000000      -188.0388738490      -187.9383300730      -187.9383300730
       700       350.0000000000      -188.0409168980      -187.9430796560      -187.9430796560
       701       350.5000000000      -188.0420891910      -187.9469442920      -187.9469442920
       702       351.0000000000      -188.0418103740      -187.9493062610      -187.9493062610
       703       351.5000000000      -188.0401647390      -187.9502108890      -187.9502108890
       704       352.0000000000      -188.0373334040      -187.9498008070      -187.9498008070
       705       352.5000000000      -188.0333920410      -187.9481145140      -187.9481145140
       706       353.0000000000      -188.0285290030      -187.9453053080      -187.9453053080
       707       353.5000000000      -188.0231982410      -187.9417968320      -187.9417968320
       708       354.0000000000      -188.0179663340      -187.9381332990      -187.9381332990
       709       354.5000000000      -188.0132708690      -187.9347406810      -187.9347406810
       710       355.0000000000      -188.0093596640      -187.9318660470      -187.9318660470
       711       355.5000000000      -188.0063866190      -187.9296710590      -187.9296710590
       712       356.0000000000      -188.0044601330      -187.9282767950      -187.9282767950
       713       356.5000000000      -188.0035577080      -187.9276757020      -187.9276757020
       714       357.0000000000      -188.0034153670      -187.9276225090      -187.9276225090
       715       357.5000000000      -188.0035440650      -187.9276569020      -187.9276569020
       716       358.0000000000      -188.0034153640      -187.9272978430      -187.9272978430
       717       358.5000000000      -188.0027507790      -187.9263387700      -187.9263387700
       718       359.0000000000      -188.0017753330      -187.9250986720      -187.9250986720
       719       359.5000000000      -188.0011736900      -187.9243655540      -187.9243655540
       720       360.0000000000      -188.0015489200      -187.9248352450      -187.9248352450
       721       360.5000000000      -188.0027987840      -187.9264685020      -187.9264685020
       722       361.0000000000      -188.0042211550      -187.9285862700      -187.9285862700
       723       361.5000000000      -188.0052191410      -187.9305767800      -187.9305767800
       724       362.0000000000      -188.0055625580      -187.9321678730      -187.9321678730
       725       362.5000000000      -188.0050251400      -187.9330773090      -187.9330773090
       726       363.0000000000      -188.0032438650      -187.9328830540      -187.9328830540
       727       363.5000000000      -188.0000609970      -187.9313713600      -187.9313713600
       728       364.0000000000      -187.9957551810      -187.9287689700      -187.9287689700
       729       364.5000000000      -187.9908548840      -187.9255552940      -187.9255552940
       730       365.0000000000      -187.9858412310      -187.9221646970      -187.9221646970
       731       365.5000000000      -187.9810530540      -187.9188929860      -187.9188929860
       732       366.0000000000      -187.9767607580      -187.9159737990      -187.9159737990
       733       366.5000000000      -187.9732154830      -187.9136295420      -187.9136295420
       734       367.0000000000      -187.9705793090      -187.9120023130      -187.9120023130
       735       367.5000000000      -187.9687997680      -187.9110280110      -187.9110280110
       736       368.0000000000      -187.9675654220      -187.9103928680      -187.9103928680
       737       368.5000000000      -187.9664756140      -187.9097055360      -187.9097055360
       738       369.0000000000      -187.9654433610      -187.9089027540      -187.9089027540
       739       369.5000000000      -187.9650245950      -187.9085770190      -187.9085770190
       740       370.0000000000      -187.9660312290      -187.9095798000      -187.9095798000
       741       370.5000000000      -187.9684003140      -187.9118741420      -187.9118741420
       742       371.0000000000      -187.9707885800      -187.9141159610      -187.9141159610
       743       371.5000000000      -187.9720174620      -187.9151001510      -187.9151001510
       744       372.0000000000      -187.9726832520      -187.9153872360      -187.9153872360
       745       372.5000000000      -187.9744402190      -187.9166089430      -187.9166089430
       746       373.0000000000      -187.9777453460      -187.9192269360      -187.9192269360
       747       373.5000000000      -187.9812944200      -187.9219671900      -187.9219671900
       748       374.0000000000      -187.9836389640      -187.9234222050      -187.9234222050
       749       374.5000000000      -187.9844373050      -187.9232850910      -187.9232850910
       750       375.0000000000      -187.9842279550      -187.9221125050      -187.9221125050
       751       375.5000000000      -187.9837152130      -187.9206089760      -187.9206089760
       752       376.0000000000      -187.9834120770      -187.9192742730      -187.9192742730
       753       376.5000000000      -187.9836339750      -187.9184027710      -187.9184027710
       754       377.0000000000      -187.9845750920      -187.9181641920      -187.9181641920
       755       377.5000000000      -187.9863361790      -187.9186345330      -187.9186345330
       756       378.0000000000      -187.9889010280      -187.9197762280      -187.9197762280
       757       378.5000000000      -187.9921048620      -187.9214117910      -187.9214117910
       758       379.0000000000      -187.9956803780      -187.9232773540      -187.9232773540
       759       379.5000000000      -187.9994799380      -187.9252515530      -187.9252515530
       760       380.0000000000      -188.0037582780      -187.9276394980      -187.9276394980
       761       380.5000000000      -188.0090043390      -187.9309960500      -187.9309960500
       762       381.0000000000      -188.0150000930      -187.9351676070      -187.9351676070
       763       381.5000000000      -188.0201110580      -187.9385668350      -187.9385668350
       764       382.0000000000      -188.0223859790      -187.9392678860      -187.9392678860
       765       382.5000000000      -188.0218079010      -187.9372642300      -187.9372642300
       766       383.0000000000      -188.0207877940      -187.9349716190      -187.9349716190
       767       383.5000000000      -188.0217564650      -187.9348247970      -187.9348247970
       768       384.0000000000      -188.0247844060      -187.9368969390      -187.9368969390
       769       384.5000000000      -188.0281377570      -187.9394528450      -187.9394528450
       770       385.0000000000      -188.0303025380      -187.9409690430      -187.9409690430
       771       385.5000000000      -188.0308685980      -187.9410137250      -187.9410137250
       772       386.0000000000      -188.0301938040      -187.9399097470      -187.9399097470
       773       386.5000000000      -188.0288900260      -187.9382234450      -187.9382234450
       774       387.0000000000      -188.0275659970      -187.9365122310      -187.9365122310
       775       387.5000000000      -188.0267398620      -187.9352417430      -187.9352417430
       776       388.0000000000      -188.0267675030      -187.9347176950      -187.9347176950
       777       388.5000000000      -188.0277143410      -187.9349602970      -187.9349602970
       778       389.0000000000      -188.0292031580      -187.9355550010      -187.9355550010
       779       389.5000000000      -188.0303992290      -187.9356417770      -187.9356417770
       780       390.0000000000      -188.0303766300      -187.9342877230      -187.9342877230
       781       390.5000000000      -188.0289432140      -187.9313191120      -187.9313191120
       782       391.0000000000      -188.0273577090      -187.9280413110      -187.9280413110
       783       391.5000000000      -188.0276448260      -187.9265453850      -187.9265453850
       784       392.0000000000      -188.0302618130      -187.9273552100      -187.9273552100
       785       392.5000000000      -188.0329805460      -187.9282925760      -187.9282925760
       786       393.0000000000      -188.0334949690      -187.9270821110      -187.9270821110
       787       393.5000000000      -188.0327102250      -187.9246489250      -187.9246489250
       788       394.0000000000      -188.0338734720      -187.9242557350      -187.9242557350
       789       394.5000000000      -188.0384628520      -187.9273906970      -187.9273906970
       790       395.0000000000      -188.0445580040      -187.9321332100      -187.9321332100
       791       395.5000000000      -188.0492357870      -187.9355472140      -187.9355472140
       792       396.0000000000      -188.0509614770      -187.9360742770      -187.9360742770
       793       396.5000000000      -188.0498375130      -187.9337877770      -187.9337877770
       794       397.0000000000      -188.0468471540      -187.9296435160      -187.9296435160
       795       397.5000000000      -188.0432349500      -187.9248658870      -187.9248658870
       796       398.0000000000      -188.0401968860      -187.9206412490      -187.9206412490
       797       398.5000000000      -188.0386866760      -187.9179258780      -187.9179258780
       798       399.0000000000      -188.0391902110      -187.9172210290      -187.9172210290
       799       399.5000000000      -188.0414839120      -187.9183313140      -187.9183313140
       800       400.0000000000      -188.0445545090      -187.9202826890      -187.9202826890
