 # Step, Time, Current state, Current potential, Velocity norm, current gradient
         0      0.00000000     2      -187.9127479110         0.0047747032         0.1612819483
         1      0.50000000     2      -187.9134160240         0.0047788116         0.1441693602
         2      1.00000000     2      -187.9143182760         0.0048608700         0.1354944709
         3      1.50000000     2      -187.9152045420         0.0049913624         0.1367042251
         4      2.00000000     2      -187.9158168300         0.0051332624         0.1471189427
         5      2.50000000     2      -187.9158369170         0.0052412764         0.1658065758
         6      3.00000000     2      -187.9151055290         0.0052843903         0.1907506811
         7      3.50000000     2      -187.9140279930         0.0052824541         0.2158968992
         8      4.00000000     2      -187.9136541420         0.0053161271         0.2309402604
         9      4.50000000     2      -187.9148908520         0.0054603213         0.2278967479
        10      5.00000000     2      -187.9174280420         0.0056915666         0.2111647971
        11      5.50000000     2      -187.9199833510         0.0059159786         0.1976138326
        12      6.00000000     2      -187.9218146740         0.0060865586         0.1960818239
        13      6.50000000     2      -187.9232102460         0.0062255050         0.1957118095
        14      7.00000000     2      -187.9242660530         0.0063336076         0.1887493893
        15      7.50000000     2      -187.9241843680         0.0063467147         0.1831884405
        16      8.00000000     2      -187.9222250000         0.0062014021         0.1876789879
        17      8.50000000     2      -187.9186986860         0.0059019778         0.1982129372
        18      9.00000000     2      -187.9147758550         0.0055200376         0.2055822581
        19      9.50000000     2      -187.9116484160         0.0051519974         0.2048291618
        20     10.00000000     2      -187.9099390950         0.0048739704         0.1964184160
        21     10.50000000     2      -187.9096728430         0.0047200418         0.1840454372
        22     11.00000000     2      -187.9105974900         0.0046920407         0.1718056292
        23     11.50000000     2      -187.9124687690         0.0047798707         0.1620554257
        24     12.00000000     2      -187.9150907050         0.0049663798         0.1552169308
        25     12.50000000     2      -187.9181809550         0.0052186756         0.1512968022
        26     13.00000000     2      -187.9212567580         0.0054853696         0.1515799287
        27     13.50000000     2      -187.9237028760         0.0057100673         0.1587472132
        28     14.00000000     2      -187.9250687490         0.0058567409         0.1739647790
        29     14.50000000     2      -187.9254204290         0.0059322787         0.1931895497
        30     15.00000000     2      -187.9253405320         0.0059827644         0.2091355956
        31     15.50000000     2      -187.9254203520         0.0060556362         0.2188614643
        32     16.00000000     2      -187.9258752820         0.0061692060         0.2260748002
        33     16.50000000     2      -187.9267576240         0.0063211535         0.2319565416
        34     17.00000000     2      -187.9279815100         0.0064877609         0.2317869454
        35     17.50000000     2      -187.9288705710         0.0066026515         0.2255193720
        36     18.00000000     2      -187.9284102430         0.0065836366         0.2195130441
        37     18.50000000     2      -187.9262211090         0.0063947544         0.2160162466
        38     19.00000000     2      -187.9228769600         0.0060665850         0.2107076462
        39     19.50000000     2      -187.9193219190         0.0056666922         0.1997093087
        40     20.00000000     2      -187.9162569110         0.0052632385         0.1832862753
        41     20.50000000     2      -187.9139903820         0.0049094150         0.1648958763
        42     21.00000000     2      -187.9126145120         0.0046478985         0.1491644226
        43     21.50000000     2      -187.9122070340         0.0045185601         0.1397809734
        44     22.00000000     2      -187.9128836420         0.0045518008         0.1378394471
        45     22.50000000     2      -187.9147059150         0.0047484426         0.1419414194
        46     23.00000000     2      -187.9175571100         0.0050692677         0.1498625407
        47     23.50000000     2      -187.9210961570         0.0054488626         0.1597383862
        48     24.00000000     2      -187.9248363380         0.0058211846         0.1698656934
        49     24.50000000     2      -187.9283031200         0.0061388214         0.1780086920
        50     25.00000000     2      -187.9311483910         0.0063786931         0.1819198027
        51     25.50000000     2      -187.9331534380         0.0065375277         0.1819798143
        52     26.00000000     2      -187.9342812140         0.0066306053         0.1825040822
        53     26.50000000     2      -187.9348961060         0.0066984574         0.1856031104
        54     27.00000000     2      -187.9356762110         0.0067910201         0.1853698719
        55     27.50000000     2      -187.9368198210         0.0069121404         0.1774333378
        56     28.00000000     2      -187.9375320170         0.0069945756         0.1697047660
        57     28.50000000     2      -187.9368023500         0.0069585000         0.1728463808
        58     29.00000000     2      -187.9344741740         0.0067792098         0.1838796471
        59     29.50000000     2      -187.9312747910         0.0064920260         0.1921204787
        60     30.00000000     2      -187.9281051360         0.0061550365         0.1916376563
        61     30.50000000     2      -187.9255089130         0.0058164224         0.1827257854
        62     31.00000000     2      -187.9236254570         0.0055059175         0.1692213606
        63     31.50000000     2      -187.9224230780         0.0052455266         0.1560454853
        64     32.00000000     2      -187.9219263700         0.0050634142         0.1470724084
        65     32.50000000     2      -187.9222719320         0.0049945869         0.1438082714
        66     33.00000000     2      -187.9236041220         0.0050641350         0.1456287776
        67     33.50000000     2      -187.9259242070         0.0052665962         0.1510657784
        68     34.00000000     2      -187.9289908790         0.0055608055         0.1589273337
        69     34.50000000     2      -187.9323245670         0.0058843796         0.1687126918
        70     35.00000000     2      -187.9353378660         0.0061764008         0.1802072227
        71     35.50000000     2      -187.9375693190         0.0063973871         0.1924605916
        72     36.00000000     2      -187.9389038490         0.0065406896         0.2033437557
        73     36.50000000     2      -187.9396267350         0.0066310063         0.2102190074
        74     37.00000000     2      -187.9402254060         0.0067061777         0.2102491451
        75     37.50000000     2      -187.9409484560         0.0067832370         0.2012377695
        76     38.00000000     2      -187.9414108310         0.0068328357         0.1857389265
        77     38.50000000     2      -187.9408504160         0.0068009236         0.1728405789
        78     39.00000000     2      -187.9389910970         0.0066657404         0.1690629837
        79     39.50000000     2      -187.9364523180         0.0064653701         0.1696860142
        80     40.00000000     2      -187.9341912890         0.0062665987         0.1665348608
        81     40.50000000     2      -187.9327430970         0.0061131982         0.1573966035
        82     41.00000000     2      -187.9320400990         0.0060054990         0.1461416616
        83     41.50000000     2      -187.9317536190         0.0059208088         0.1389253294
        84     42.00000000     2      -187.9316986940         0.0058446800         0.1397912920
        85     42.50000000     2      -187.9319956960         0.0057853548         0.1481303811
        86     43.00000000     2      -187.9329710770         0.0057670886         0.1603910585
        87     43.50000000     2      -187.9349432260         0.0058128610         0.1729556030
        88     44.00000000     2      -187.9380346110         0.0059291007         0.1830789323
        89     44.50000000     2      -187.9420677350         0.0061002578         0.1888143452
        90     45.00000000     2      -187.9465539030         0.0062938426         0.1892590808
        91     45.50000000     2      -187.9507853930         0.0064715005         0.1852244297
        92     46.00000000     2      -187.9540336790         0.0066009581         0.1795495688
        93     46.50000000     2      -187.9557912870         0.0066651449         0.1760448549
        94     47.00000000     2      -187.9559238750         0.0066651165         0.1770453382
        95     47.50000000     2      -187.9546006270         0.0066120971         0.1822288153
        96     48.00000000     2      -187.9520312450         0.0065103274         0.1916194532
        97     48.50000000     2      -187.9483449720         0.0063510430         0.2078210043
        98     49.00000000     2      -187.9439042260         0.0061363590         0.2304028169
        99     49.50000000     2      -187.9396274600         0.0059083856         0.2512513734
       100     50.00000000     2      -187.9366329400         0.0057351341         0.2607219998
       101     50.50000000     2      -187.9354613340         0.0056559376         0.2551156678
       102     51.00000000     2      -187.9357748410         0.0056503465         0.2372851230
       103     51.50000000     2      -187.9367453720         0.0056641109         0.2133992281
       104     52.00000000     2      -187.9376275400         0.0056540484         0.1900695594
       105     52.50000000     2      -187.9380976790         0.0056119401         0.1724379044
       106     53.00000000     2      -187.9382774150         0.0055636421         0.1629758412
       107     53.50000000     2      -187.9385583620         0.0055542282         0.1614384924
       108     54.00000000     2      -187.9393900190         0.0056284072         0.1658262034
       109     54.50000000     2      -187.9411152020         0.0058121897         0.1734408475
       110     55.00000000     2      -187.9438483460         0.0061009552         0.1817305929
       111     55.50000000     2      -187.9473931590         0.0064589893         0.1890719575
       112     56.00000000     2      -187.9512570590         0.0068317465         0.1949922147
       113     56.50000000     2      -187.9548073570         0.0071643820         0.1992453609
       114     57.00000000     2      -187.9574771970         0.0074150087         0.2005555482
       115     57.50000000     2      -187.9588387210         0.0075548104         0.1968343488
       116     58.00000000     2      -187.9585118720         0.0075588749         0.1872777800
       117     58.50000000     2      -187.9561358420         0.0074024592         0.1746608126
       118     59.00000000     2      -187.9516362850         0.0070754636         0.1650363077
       119     59.50000000     2      -187.9456403270         0.0066107141         0.1624561849
       120     60.00000000     2      -187.9395158020         0.0061016725         0.1635388156
       121     60.50000000     2      -187.9347431920         0.0056796284         0.1613605658
       122     61.00000000     2      -187.9320865130         0.0054455205         0.1534176735
       123     61.50000000     2      -187.9313248100         0.0054091210         0.1437166750
       124     62.00000000     2      -187.9316818060         0.0055036928         0.1391029446
       125     62.50000000     2      -187.9324400350         0.0056528089         0.1435514777
       126     63.00000000     2      -187.9332736710         0.0058133882         0.1555581476
       127     63.50000000     2      -187.9342416530         0.0059769931         0.1710215050
       128     64.00000000     2      -187.9356246760         0.0061543505         0.1864497288
       129     64.50000000     2      -187.9377687970         0.0063616096         0.1994083287
       130     65.00000000     2      -187.9409672800         0.0066111582         0.2078653546
       131     65.50000000     2      -187.9453368510         0.0069037074         0.2100792219
       132     66.00000000     2      -187.9506888110         0.0072223420         0.2052376006
       133     66.50000000     2      -187.9564878450         0.0075339184         0.1939499600
       134     67.00000000     2      -187.9619633770         0.0077985276         0.1777257738
       135     67.50000000     2      -187.9662842810         0.0079787865         0.1579968623
       136     68.00000000     2      -187.9686500280         0.0080414094         0.1367182553
       137     68.50000000     2      -187.9683230070         0.0079545838         0.1200884303
       138     69.00000000     2      -187.9648119770         0.0076931396         0.1211401028
       139     69.50000000     2      -187.9583113800         0.0072595740         0.1462208248
       140     70.00000000     2      -187.9501039810         0.0067137230         0.1823577588
       141     70.50000000     2      -187.9423433860         0.0061834030         0.2118487000
       142     71.00000000     2      -187.9370060180         0.0058171730         0.2237976014
       143     71.50000000     2      -187.9347566680         0.0056833589         0.2168239252
       144     72.00000000     2      -187.9347852190         0.0057193493         0.1973282956
       145     72.50000000     2      -187.9356533710         0.0058020616         0.1747486886
       146     73.00000000     2      -187.9362269570         0.0058411576         0.1570144760
       147     73.50000000     2      -187.9360368370         0.0058068843         0.1483399790
       148     74.00000000     2      -187.9351606240         0.0057140740         0.1493668164
       149     74.50000000     2      -187.9339995750         0.0056031825         0.1583682237
       150     75.00000000     2      -187.9331549180         0.0055317719         0.1719399635
       151     75.50000000     2      -187.9333487980         0.0055664714         0.1852693778
       152     76.00000000     2      -187.9352277350         0.0057583347         0.1932670738
       153     76.50000000     2      -187.9390192290         0.0061071209         0.1926559850
       154     77.00000000     2      -187.9442638350         0.0065502817         0.1835438112
       155     77.50000000     2      -187.9498770570         0.0069912882         0.1691511743
       156     78.00000000     2      -187.9545095420         0.0073370490         0.1540917524
       157     78.50000000     2      -187.9569469430         0.0075173098         0.1428261337
       158     79.00000000     2      -187.9563897190         0.0074880410         0.1390560833
       159     79.50000000     2      -187.9526540670         0.0072329803         0.1448043077
       160     80.00000000     2      -187.9463413020         0.0067722865         0.1583222361
       161     80.50000000     2      -187.9388445890         0.0061759499         0.1735591870
       162     81.00000000     2      -187.9319704130         0.0055676170         0.1830440752
       163     81.50000000     2      -187.9272040140         0.0050962645         0.1819376016
       164     82.00000000     2      -187.9250811070         0.0048662281         0.1705881384
       165     82.50000000     2      -187.9251556160         0.0048750325         0.1542339752
       166     83.00000000     2      -187.9265069500         0.0050361370         0.1401760594
       167     83.50000000     2      -187.9282872990         0.0052551499         0.1340322165
       168     84.00000000     2      -187.9299669980         0.0054714949         0.1373459053
       169     84.50000000     2      -187.9313340070         0.0056584386         0.1483544781
       170     85.00000000     2      -187.9324580870         0.0058155544         0.1640408542
       171     85.50000000     2      -187.9336978820         0.0059666596         0.1806891388
       172     86.00000000     2      -187.9356384940         0.0061532453         0.1938494271
       173     86.50000000     2      -187.9388162570         0.0064110018         0.1994764116
       174     87.00000000     2      -187.9433060150         0.0067385619         0.1958396184
       175     87.50000000     2      -187.9484881510         0.0070873943         0.1843438304
       176     88.00000000     2      -187.9532121070         0.0073826905         0.1684785048
       177     88.50000000     2      -187.9562125820         0.0075525025         0.1524310755
       178     89.00000000     2      -187.9564997350         0.0075447146         0.1410842316
       179     89.50000000     2      -187.9536297040         0.0073335973         0.1399369003
       180     90.00000000     2      -187.9479027950         0.0069268166         0.1514213992
       181     90.50000000     2      -187.9404536290         0.0063778564         0.1709325185
       182     91.00000000     2      -187.9330602210         0.0057971346         0.1894272628
       183     91.50000000     2      -187.9275613530         0.0053402021         0.1987026971
       184     92.00000000     2      -187.9250930820         0.0051437715         0.1946649318
       185     92.50000000     2      -187.9256387380         0.0052321819         0.1784180722
       186     93.00000000     2      -187.9282194540         0.0055052735         0.1553180562
       187     93.50000000     2      -187.9315181900         0.0058286214         0.1327421224
       188     94.00000000     2      -187.9344375080         0.0061067336         0.1180081155
       189     94.50000000     2      -187.9363294680         0.0062937987         0.1164446634
       190     95.00000000     2      -187.9370069220         0.0063807674         0.1288104914
       191     95.50000000     2      -187.9367409090         0.0063889608         0.1508548528
       192     96.00000000     2      -187.9362790130         0.0063722885         0.1757769809
       193     96.50000000     2      -187.9367114030         0.0064105943         0.1962709329
       194     97.00000000     2      -187.9390113500         0.0065739185         0.2064563861
       195     97.50000000     2      -187.9433972390         0.0068703746         0.2043638205
       196     98.00000000     2      -187.9490181810         0.0072303705         0.1932419211
       197     98.50000000     2      -187.9542998960         0.0075471579         0.1799766765
       198     99.00000000     2      -187.9576856090         0.0077291103         0.1712965342
       199     99.50000000     2      -187.9582376950         0.0077255350         0.1703571861
       200    100.00000000     2      -187.9558608270         0.0075288566         0.1759048355
       201    100.50000000     2      -187.9512186430         0.0071687069         0.1837587879
       202    101.00000000     2      -187.9454463920         0.0067037983         0.1890095023
       203    101.50000000     2      -187.9397395180         0.0062095397         0.1882800133
       204    102.00000000     2      -187.9349999930         0.0057626571         0.1812638767
       205    102.50000000     2      -187.9317352570         0.0054298300         0.1702537965
       206    103.00000000     2      -187.9301693370         0.0052608396         0.1579370405
       207    103.50000000     2      -187.9303336460         0.0052765136         0.1457859495
       208    104.00000000     2      -187.9320284460         0.0054538346         0.1346629111
       209    104.50000000     2      -187.9347729720         0.0057289099         0.1264671358
       210    105.00000000     2      -187.9378937300         0.0060231532         0.1245271107
       211    105.50000000     2      -187.9407738160         0.0062745632         0.1313847311
       212    106.00000000     2      -187.9431609180         0.0064596377         0.1454771153
       213    106.50000000     2      -187.9453412860         0.0066002918         0.1608763820
       214    107.00000000     2      -187.9479698310         0.0067483536         0.1704152138
       215    107.50000000     2      -187.9515381430         0.0069461968         0.1693044821
       216    108.00000000     2      -187.9558330180         0.0071880542         0.1574822984
       217    108.50000000     2      -187.9598547060         0.0074171781         0.1398850372
       218    109.00000000     2      -187.9622643030         0.0075580440         0.1252413909
       219    109.50000000     2      -187.9620015050         0.0075516699         0.1232592502
       220    110.00000000     2      -187.9587364490         0.0073759718         0.1374263167
       221    110.50000000     2      -187.9530321000         0.0070537147         0.1609899597
       222    111.00000000     2      -187.9461536030         0.0066495744         0.1837076668
       223    111.50000000     2      -187.9395224510         0.0062495524         0.1984234905
       224    112.00000000     2      -187.9340908480         0.0059240531         0.2035018122
       225    112.50000000     2      -187.9301079160         0.0057006423         0.2021199034
       226    113.00000000     2      -187.9274186000         0.0055734332         0.1986430230
       227    113.50000000     2      -187.9258915450         0.0055333088         0.1949180141
       228    114.00000000     2      -187.9255389260         0.0055793082         0.1900349956
       229    114.50000000     2      -187.9263238580         0.0057033730         0.1831792169
       230    115.00000000     2      -187.9279695440         0.0058762251         0.1761762310
       231    115.50000000     2      -187.9300259560         0.0060571171         0.1732362817
       232    116.00000000     2      -187.9321743090         0.0062203684         0.1773766129
       233    116.50000000     2      -187.9345105850         0.0063753118         0.1866319901
       234    117.00000000     2      -187.9375214180         0.0065611030         0.1949856349
       235    117.50000000     2      -187.9416748070         0.0068135250         0.1968727993
       236    118.00000000     2      -187.9468788140         0.0071256508         0.1908112563
       237    118.50000000     2      -187.9522495000         0.0074379061         0.1805174567
       238    119.00000000     2      -187.9564325020         0.0076665589         0.1729782688
       239    119.50000000     2      -187.9582623410         0.0077432204         0.1737554826
       240    120.00000000     2      -187.9573112440         0.0076397006         0.1830668800
       241    120.50000000     2      -187.9540700800         0.0073754877         0.1963904601
       242    121.00000000     2      -187.9497452610         0.0070130077         0.2073853121
       243    121.50000000     2      -187.9457349740         0.0066381721         0.2103477291
       244    122.00000000     2      -187.9429850520         0.0063240923         0.2025189643
       245    122.50000000     2      -187.9416318670         0.0060971934         0.1854662058
       246    123.00000000     2      -187.9411938120         0.0059371342         0.1641669976
       247    123.50000000     2      -187.9410800260         0.0058097457         0.1445490299
       248    124.00000000     2      -187.9409736260         0.0056983611         0.1314068679
       249    124.50000000     2      -187.9409132950         0.0056124150         0.1273302104
       250    125.00000000     2      -187.9411862470         0.0055790047         0.1322352928
       251    125.50000000     2      -187.9421765540         0.0056285855         0.1438219144
       252    126.00000000     2      -187.9442117590         0.0057805098         0.1590033273
       253    126.50000000     2      -187.9473879880         0.0060328187         0.1749314228
       254    127.00000000     2      -187.9513647930         0.0063618105         0.1888158598
       255    127.50000000     2      -187.9553239700         0.0067316047         0.1994417016
       256    128.00000000     2      -187.9586743350         0.0071034110         0.2057529457
       257    128.50000000     2      -187.9613290060         0.0074348663         0.2040196272
       258    129.00000000     2      -187.9628884480         0.0076788980         0.1967197474
       259    129.50000000     2      -187.9626422970         0.0077921310         0.1894936976
       260    130.00000000     2      -187.9600337250         0.0077467060         0.1884689584
       261    130.50000000     2      -187.9550694500         0.0075432335         0.1974509103
       262    131.00000000     2      -187.9485637660         0.0072236887         0.2137006235
       263    131.50000000     2      -187.9420022630         0.0068728096         0.2284743395
       264    132.00000000     2      -187.9368879260         0.0065895082         0.2332967134
       265    132.50000000     2      -187.9339508880         0.0064334307         0.2254385871
       266    133.00000000     2      -187.9329133990         0.0063945566         0.2084231694
       267    133.50000000     2      -187.9329469270         0.0064186261         0.1884016735
       268    134.00000000     2      -187.9332498820         0.0064516482         0.1703036380
       269    134.50000000     2      -187.9332817480         0.0064586834         0.1568331727
       270    135.00000000     2      -187.9327287040         0.0064205634         0.1499656522
       271    135.50000000     2      -187.9315016390         0.0063332934         0.1518969703
       272    136.00000000     2      -187.9298957520         0.0062211724         0.1628821473
       273    136.50000000     2      -187.9287368440         0.0061508427         0.1783213472
       274    137.00000000     2      -187.9291630030         0.0062141008         0.1902312511
       275    137.50000000     2      -187.9319294000         0.0064638811         0.1924363903
       276    138.00000000     2      -187.9367229030         0.0068583852         0.1846690464
       277    138.50000000     2      -187.9421368050         0.0072818560         0.1728926646
       278    139.00000000     2      -187.9463159490         0.0076104105         0.1665694289
       279    139.50000000     2      -187.9477548860         0.0077568161         0.1732422516
       280    140.00000000     2      -187.9458676770         0.0076849494         0.1922316997
       281    140.50000000     2      -187.9411850300         0.0074110984         0.2156606302
       282    141.00000000     2      -187.9351373430         0.0070001657         0.2350300847
       283    141.50000000     2      -187.9295215460         0.0065553114         0.2445183581
       284    142.00000000     2      -187.9258393520         0.0061917552         0.2410248489
       285    142.50000000     2      -187.9247155380         0.0059875121         0.2244211708
       286    143.00000000     2      -187.9257081630         0.0059401613         0.1983897525
       287    143.50000000     2      -187.9277049650         0.0059808964         0.1695786192
       288    144.00000000     2      -187.9295869540         0.0060314121         0.1448176598
       289    144.50000000     2      -187.9306186320         0.0060402083         0.1290163643
       290    145.00000000     2      -187.9304452270         0.0059819033         0.1252813799
       291    145.50000000     2      -187.9289921720         0.0058479812         0.1351299288
       292    146.00000000     2      -187.9265366350         0.0056533982         0.1565189055
       293    146.50000000     2      -187.9238972740         0.0054580176         0.1827430702
       294    147.00000000     2      -187.9223823950         0.0053714290         0.2048909105
       295    147.50000000     2      -187.9232084070         0.0054973343         0.2161778299
       296    148.00000000     2      -187.9266917670         0.0058415627         0.2151977015
       297    148.50000000     2      -187.9319392720         0.0062964506         0.2055073015
       298    149.00000000     2      -187.9372845740         0.0067175480         0.1926767835
       299    149.50000000     2      -187.9410290290         0.0069921992         0.1821988761
       300    150.00000000     2      -187.9420402630         0.0070616363         0.1781217360
       301    150.50000000     2      -187.9400247840         0.0069179215         0.1817232803
       302    151.00000000     2      -187.9354647210         0.0065938347         0.1927709375
       303    151.50000000     2      -187.9294614130         0.0061609152         0.2105236287
       304    152.00000000     2      -187.9236767270         0.0057423335         0.2298615300
       305    152.50000000     2      -187.9199774670         0.0054997006         0.2405288524
       306    153.00000000     2      -187.9194442150         0.0055342965         0.2352005520
       307    153.50000000     2      -187.9216112840         0.0057894693         0.2162777481
       308    154.00000000     2      -187.9249506080         0.0061129504         0.1930186399
       309    154.50000000     2      -187.9279896260         0.0063817420         0.1734646460
       310    155.00000000     2      -187.9298360980         0.0065355968         0.1603646077
       311    155.50000000     2      -187.9299691080         0.0065431847         0.1541055557
       312    156.00000000     2      -187.9279640770         0.0063720683         0.1573368747
       313    156.50000000     2      -187.9236739470         0.0059961022         0.1741053790
       314    157.00000000     2      -187.9178627010         0.0054462622         0.2027214065
       315    157.50000000     2      -187.9126682860         0.0048889168         0.2325543676
       316    158.00000000     2      -187.9109496100         0.0046431410         0.2503882935
       317    158.50000000     2      -187.9144488140         0.0049442399         0.2493287499
       318    159.00000000     2      -187.9223575010         0.0056472482         0.2323460561
       319    159.50000000     2      -187.9317287360         0.0064097054         0.2092772469
       320    160.00000000     2      -187.9391375850         0.0069759964         0.1928323698
       321    160.50000000     2      -187.9421964250         0.0072270618         0.1936694725
       322    161.00000000     2      -187.9403073710         0.0071472565         0.2118359680
       323    161.50000000     2      -187.9346193300         0.0067959628         0.2370193100
       324    162.00000000     2      -187.9273875960         0.0062905570         0.2586258420
       325    162.50000000     2      -187.9211393580         0.0057959554         0.2699198989
       326    163.00000000     2      -187.9178869280         0.0054938048         0.2662870374
       327    163.50000000     2      -187.9183678260         0.0054889580         0.2460082275
       328    164.00000000     2      -187.9217339570         0.0057257906         0.2134989962
       329    164.50000000     2      -187.9262196010         0.0060526513         0.1782256463
       330    165.00000000     2      -187.9302208340         0.0063445026         0.1490411422
       331    165.50000000     2      -187.9327767690         0.0065382795         0.1300918961
       332    166.00000000     2      -187.9333606950         0.0066025611         0.1223166991
       333    166.50000000     2      -187.9315955000         0.0065094829         0.1277633437
       334    167.00000000     2      -187.9273778570         0.0062401428         0.1485732500
       335    167.50000000     2      -187.9214081910         0.0058255045         0.1806025587
       336    168.00000000     2      -187.9155980690         0.0054021210         0.2125912591
       337    168.50000000     2      -187.9125856100         0.0052136197         0.2319876290
       338    169.00000000     2      -187.9142442420         0.0054490580         0.2314718486
       339    169.50000000     2      -187.9203064950         0.0060342919         0.2122760320
       340    170.00000000     2      -187.9283603230         0.0067048877         0.1839892315
       341    170.50000000     2      -187.9352052650         0.0072205470         0.1629408456
       342    171.00000000     2      -187.9385251950         0.0074561640         0.1633954038
       343    171.50000000     2      -187.9377766020         0.0073939255         0.1818314988
       344    172.00000000     2      -187.9338662200         0.0070810662         0.2049576973
       345    172.50000000     2      -187.9283019350         0.0065927684         0.2265511435
       346    173.00000000     2      -187.9228368440         0.0060352423         0.2437623007
       347    173.50000000     2      -187.9193516580         0.0055650460         0.2492441746
       348    174.00000000     2      -187.9190353860         0.0053340133         0.2365547463
       349    174.50000000     2      -187.9215209330         0.0053682546         0.2091425082
       350    175.00000000     2      -187.9253210630         0.0055612920         0.1787889719
       351    175.50000000     2      -187.9290289630         0.0057949452         0.1566109339
       352    176.00000000     2      -187.9318825850         0.0060044485         0.1467352078
       353    176.50000000     2      -187.9335207330         0.0061571980         0.1478608496
       354    177.00000000     2      -187.9336448230         0.0062235598         0.1584703622
       355    177.50000000     2      -187.9320859610         0.0061811553         0.1776155298
       356    178.00000000     2      -187.9292386030         0.0060482369         0.2016139130
       357    178.50000000     2      -187.9263814880         0.0059157775         0.2230196034
       358    179.00000000     2      -187.9253137010         0.0059283429         0.2342552039
       359    179.50000000     2      -187.9273130260         0.0061850257         0.2319605059
       360    180.00000000     2      -187.9322026120         0.0066428175         0.2178324769
       361    180.50000000     2      -187.9382552610         0.0071416705         0.1982334001
       362    181.00000000     2      -187.9430455110         0.0075109233         0.1853037242
       363    181.50000000     2      -187.9448607030         0.0076534536         0.1895866467
       364    182.00000000     2      -187.9436706210         0.0075709972         0.2047281939
       365    182.50000000     2      -187.9406895080         0.0073287709         0.2152657146
       366    183.00000000     2      -187.9370978710         0.0069935757         0.2158304020
       367    183.50000000     2      -187.9335603550         0.0066130017         0.2118895203
       368    184.00000000     2      -187.9307305000         0.0062475271         0.2075366706
       369    184.50000000     2      -187.9294065500         0.0059827944         0.2003781552
       370    185.00000000     2      -187.9299862570         0.0058830492         0.1883317748
       371    185.50000000     2      -187.9321458070         0.0059461042         0.1741612141
       372    186.00000000     2      -187.9351314370         0.0061180858         0.1627212350
       373    186.50000000     2      -187.9381632750         0.0063347701         0.1571479306
       374    187.00000000     2      -187.9405810420         0.0065414564         0.1583986021
       375    187.50000000     2      -187.9418654290         0.0066959926         0.1667958630
       376    188.00000000     2      -187.9417715340         0.0067757407         0.1821008518
       377    188.50000000     2      -187.9405744210         0.0067911623         0.2018447330
       378    189.00000000     2      -187.9391762480         0.0067921303         0.2209240680
       379    189.50000000     2      -187.9388305570         0.0068504057         0.2334834540
       380    190.00000000     2      -187.9405221510         0.0070162147         0.2350308321
       381    190.50000000     2      -187.9443093260         0.0072737629         0.2245064075
       382    191.00000000     2      -187.9490734640         0.0075367975         0.2078744984
       383    191.50000000     2      -187.9531292360         0.0077003946         0.1982473066
       384    192.00000000     2      -187.9554360860         0.0077085343         0.2026774230
       385    192.50000000     2      -187.9561096730         0.0075719969         0.2121899244
       386    193.00000000     2      -187.9556155570         0.0073220534         0.2179203183
       387    193.50000000     2      -187.9540399880         0.0069702445         0.2231398165
       388    194.00000000     2      -187.9516244840         0.0065378543         0.2320190730
       389    194.50000000     2      -187.9494029590         0.0061055311         0.2386840331
       390    195.00000000     2      -187.9485979130         0.0057922883         0.2351705869
       391    195.50000000     2      -187.9495391050         0.0056688907         0.2219429339
       392    196.00000000     2      -187.9514544100         0.0057087318         0.2071911799
       393    196.50000000     2      -187.9528335800         0.0058106604         0.2020659958
       394    197.00000000     2      -187.9523038100         0.0058731885         0.2179661995
       395    197.50000000     2      -187.9505776660         0.0058831973         0.2269375050
       396    198.00000000     2      -187.9482670030         0.0058748216         0.2343307266
       397    198.50000000     2      -187.9457789400         0.0058763962         0.2431137934
       398    199.00000000     2      -187.9437399670         0.0059296613         0.2513856424
       399    199.50000000     2      -187.9429472240         0.0060839254         0.2560511082
       400    200.00000000     2      -187.9440613540         0.0063677848         0.2551279420
       401    200.50000000     2      -187.9472523450         0.0067617295         0.2468750263
       402    201.00000000     2      -187.9518406490         0.0071873680         0.2277505295
       403    201.50000000     2      -187.9560362620         0.0075200132         0.1973597022
       404    202.00000000     2      -187.9576358100         0.0076457687         0.1760783764
       405    202.50000000     2      -187.9561335250         0.0075477706         0.1851282092
       406    203.00000000     2      -187.9533489660         0.0073285251         0.2031311782
       407    203.50000000     2      -187.9514094010         0.0071200722         0.2048591140
       408    204.00000000     2      -187.9508043060         0.0069703776         0.1889594341
       409    204.50000000     2      -187.9507015300         0.0068455150         0.1693441679
       410    205.00000000     2      -187.9505174690         0.0067220429         0.1556626608
       411    205.50000000     2      -187.9503741830         0.0066210151         0.1464926476
       412    206.00000000     2      -187.9504572450         0.0065669364         0.1391363822
       413    206.50000000     2      -187.9506052780         0.0065554984         0.1351637737
       414    207.00000000     2      -187.9504770750         0.0065631903         0.1367446354
       415    207.50000000     2      -187.9498255480         0.0065691594         0.1436230304
       416    208.00000000     2      -187.9486008130         0.0065655704         0.1541317819
       417    208.50000000     2      -187.9469506680         0.0065591011         0.1665405386
       418    209.00000000     2      -187.9451992450         0.0065695310         0.1790666171
       419    209.50000000     2      -187.9437732310         0.0066234543         0.1900434918
       420    210.00000000     2      -187.9430634860         0.0067422377         0.1986492342
       421    210.50000000     2      -187.9433139050         0.0069313321         0.2043071821
       422    211.00000000     2      -187.9445417800         0.0071733111         0.2043796888
       423    211.50000000     2      -187.9462810520         0.0074152435         0.1952412948
       424    212.00000000     2      -187.9472527210         0.0075598116         0.1808615569
       425    212.50000000     2      -187.9457909910         0.0074980270         0.1795846005
       426    213.00000000     2      -187.9413738320         0.0071892876         0.2037357444
       427    213.50000000     2      -187.9356911540         0.0067229718         0.2347223305
       428    214.00000000     2      -187.9313630240         0.0062735577         0.2495916326
       429    214.50000000     2      -187.9295953390         0.0059642830         0.2459716442
       430    215.00000000     2      -187.9299315610         0.0058079850         0.2333701661
       431    215.50000000     2      -187.9316335210         0.0057755735         0.2150890686
       432    216.00000000     2      -187.9340685660         0.0058314455         0.1897210645
       433    216.50000000     2      -187.9363480710         0.0059160096         0.1621292155
       434    217.00000000     2      -187.9375670470         0.0059665088         0.1431955435
       435    217.50000000     2      -187.9373428170         0.0059562391         0.1405962337
       436    218.00000000     2      -187.9359419480         0.0059031212         0.1521620501
       437    218.50000000     2      -187.9340543550         0.0058546340         0.1703516522
       438    219.00000000     2      -187.9325293980         0.0058688557         0.1884937525
       439    219.50000000     2      -187.9321517280         0.0059941446         0.2020532005
       440    220.00000000     2      -187.9334225700         0.0062481728         0.2089433575
       441    220.50000000     2      -187.9364306190         0.0066108464         0.2098237863
       442    221.00000000     2      -187.9409253770         0.0070390472         0.2060133084
       443    221.50000000     2      -187.9464081410         0.0074803633         0.1956178431
       444    222.00000000     2      -187.9518749910         0.0078617964         0.1745604495
       445    222.50000000     2      -187.9554422920         0.0080734809         0.1470818852
       446    223.00000000     2      -187.9548390790         0.0079923784         0.1400351996
       447    223.50000000     2      -187.9491850430         0.0075577689         0.1778337039
       448    224.00000000     2      -187.9406781500         0.0068611336         0.2317661191
       449    224.50000000     2      -187.9337265330         0.0061639166         0.2637347165
       450    225.00000000     2      -187.9313510240         0.0057395206         0.2614784299
       451    225.50000000     2      -187.9330829290         0.0056447970         0.2378409944
       452    226.00000000     2      -187.9367674440         0.0057480688         0.2096993877
       453    226.50000000     2      -187.9407285620         0.0059188550         0.1827735810
       454    227.00000000     2      -187.9439277850         0.0060766165         0.1589892734
       455    227.50000000     2      -187.9456066010         0.0061650171         0.1444793821
       456    228.00000000     2      -187.9454192590         0.0061544687         0.1442143215
       457    228.50000000     2      -187.9436136190         0.0060531428         0.1551938047
       458    229.00000000     2      -187.9409267980         0.0059044446         0.1701000397
       459    229.50000000     2      -187.9383043440         0.0057739019         0.1832440799
       460    230.00000000     2      -187.9366112460         0.0057295738         0.1920917652
       461    230.50000000     2      -187.9364535320         0.0058213071         0.1968013877
       462    231.00000000     2      -187.9381809800         0.0060702148         0.1984816617
       463    231.50000000     2      -187.9419639510         0.0064690314         0.1962432573
       464    232.00000000     2      -187.9476537490         0.0069765175         0.1861691087
       465    232.50000000     2      -187.9543446300         0.0075045463         0.1648761688
       466    233.00000000     2      -187.9600940660         0.0079220535         0.1356265095
       467    233.50000000     2      -187.9623701760         0.0080862091         0.1162511467
       468    234.00000000     2      -187.9592777690         0.0078888953         0.1359806376
       469    234.50000000     2      -187.9510968400         0.0073147584         0.1893378805
       470    235.00000000     2      -187.9410847650         0.0065073011         0.2429717013
       471    235.50000000     2      -187.9340190020         0.0057834284         0.2716552025
       472    236.00000000     2      -187.9328339430         0.0054711055         0.2683045839
       473    236.50000000     2      -187.9368366570         0.0056196188         0.2421981241
       474    237.00000000     2      -187.9431196930         0.0059955747         0.2072055679
       475    237.50000000     2      -187.9487005970         0.0063509142         0.1759135627
       476    238.00000000     2      -187.9516579290         0.0065516061         0.1596738674
       477    238.50000000     2      -187.9514661460         0.0065679288         0.1623450867
       478    239.00000000     2      -187.9488012990         0.0064416270         0.1763303966
       479    239.50000000     2      -187.9449857890         0.0062546851         0.1914147076
       480    240.00000000     2      -187.9413504830         0.0060968084         0.2016701933
       481    240.50000000     2      -187.9387728540         0.0060328905         0.2059172252
       482    241.00000000     2      -187.9375620720         0.0060856196         0.2064280324
       483    241.50000000     2      -187.9377027710         0.0062475783         0.2063886433
       484    242.00000000     2      -187.9392008110         0.0065062975         0.2060688982
       485    242.50000000     2      -187.9421029110         0.0068457279         0.2011636252
       486    243.00000000     2      -187.9460198490         0.0072177451         0.1865496115
       487    243.50000000     2      -187.9495997000         0.0075213373         0.1630642627
       488    244.00000000     2      -187.9506659990         0.0076211108         0.1448064077
       489    244.50000000     2      -187.9473027810         0.0073989247         0.1586152045
       490    245.00000000     2      -187.9395393410         0.0068285754         0.2077415985
       491    245.50000000     2      -187.9304942050         0.0060671721         0.2599910461
       492    246.00000000     2      -187.9249901230         0.0054781901         0.2836638194
       493    246.50000000     2      -187.9256641310         0.0053884969         0.2696907490
       494    247.00000000     2      -187.9310510620         0.0057387637         0.2339693767
       495    247.50000000     2      -187.9379406090         0.0062362388         0.1973689451
       496    248.00000000     2      -187.9439580840         0.0066777556         0.1689582898
       497    248.50000000     2      -187.9478690350         0.0069782102         0.1510032613
       498    249.00000000     2      -187.9491627430         0.0071095358         0.1458374586
       499    249.50000000     2      -187.9479497170         0.0070782083         0.1520818904
       500    250.00000000     2      -187.9448583030         0.0069175146         0.1640762247
       501    250.50000000     2      -187.9407599220         0.0066763536         0.1771265160
       502    251.00000000     2      -187.9365315300         0.0064107692         0.1895220377
       503    251.50000000     2      -187.9330100110         0.0061846886         0.2007896372
       504    252.00000000     2      -187.9310465390         0.0060722851         0.2091968731
       505    252.50000000     2      -187.9314085530         0.0061402238         0.2109761235
       506    253.00000000     2      -187.9343914690         0.0064027998         0.2023936541
       507    253.50000000     2      -187.9393789520         0.0067911061         0.1827956882
       508    254.00000000     2      -187.9447809960         0.0071758475         0.1561753374
       509    254.50000000     2      -187.9484797060         0.0074175001         0.1325320630
       510    255.00000000     2      -187.9486034760         0.0074061483         0.1299759101
       511    255.50000000     2      -187.9445132060         0.0070974673         0.1596574412
       512    256.00000000     2      -187.9377148170         0.0065624923         0.2050314283
       513    256.50000000     2      -187.9316409360         0.0060183128         0.2406098603
       514    257.00000000     2      -187.9294909420         0.0057362754         0.2517038250
       515    257.50000000     2      -187.9318858400         0.0058163516         0.2402398728
       516    258.00000000     2      -187.9369595560         0.0061146784         0.2181321808
       517    258.50000000     2      -187.9422208420         0.0064298954         0.1978417158
       518    259.00000000     2      -187.9459895280         0.0066459041         0.1877606223
       519    259.50000000     2      -187.9478274300         0.0067413258         0.1877097629
       520    260.00000000     2      -187.9482256540         0.0067509182         0.1899298832
       521    260.50000000     2      -187.9479053180         0.0067204995         0.1876534455
       522    261.00000000     2      -187.9472735430         0.0066764079         0.1801064590
       523    261.50000000     2      -187.9463837960         0.0066246001         0.1713901457
       524    262.00000000     2      -187.9452707050         0.0065723517         0.1665458743
       525    262.50000000     2      -187.9442695300         0.0065483119         0.1670315556
       526    263.00000000     2      -187.9440039940         0.0065985540         0.1690424402
       527    263.50000000     2      -187.9449814120         0.0067534204         0.1668956768
       528    264.00000000     2      -187.9470565540         0.0069894127         0.1580180815
       529    264.50000000     2      -187.9491903250         0.0072230002         0.1461852886
       530    265.00000000     2      -187.9497371630         0.0073412406         0.1430848071
       531    265.50000000     2      -187.9472142040         0.0072468420         0.1629239679
       532    266.00000000     2      -187.9413943200         0.0069107909         0.2046985279
       533    266.50000000     2      -187.9341840690         0.0064307518         0.2483051218
       534    267.00000000     2      -187.9289797720         0.0060339287         0.2695233547
       535    267.50000000     2      -187.9280166830         0.0059169563         0.2566397303
       536    268.00000000     2      -187.9304300690         0.0060446249         0.2195319839
       537    268.50000000     2      -187.9336841670         0.0062342741         0.1807803156
       538    269.00000000     2      -187.9361601840         0.0063754391         0.1562291392
       539    269.50000000     2      -187.9377624290         0.0064719762         0.1454443320
       540    270.00000000     2      -187.9389483500         0.0065634889         0.1415714653
       541    270.50000000     2      -187.9398945550         0.0066631845         0.1421038769
       542    271.00000000     2      -187.9403780350         0.0067503878         0.1483727231
       543    271.50000000     2      -187.9401081220         0.0067965586         0.1607401188
       544    272.00000000     2      -187.9391197820         0.0067942653         0.1759237289
       545    272.50000000     2      -187.9379146820         0.0067686369         0.1883355012
       546    273.00000000     2      -187.9372209240         0.0067637797         0.1931509026
       547    273.50000000     2      -187.9375404920         0.0068126462         0.1886452984
       548    274.00000000     2      -187.9388365830         0.0069135933         0.1767396277
       549    274.50000000     2      -187.9405554000         0.0070306756         0.1617034575
       550    275.00000000     2      -187.9418519600         0.0071095196         0.1485116366
       551    275.50000000     2      -187.9418278110         0.0070925396         0.1427487041
       552    276.00000000     2      -187.9398131610         0.0069342383         0.1505671697
       553    276.50000000     2      -187.9358395650         0.0066292201         0.1735399371
       554    277.00000000     2      -187.9311083200         0.0062503555         0.2028700833
       555    277.50000000     2      -187.9277122150         0.0059509792         0.2239763439
       556    278.00000000     2      -187.9272158690         0.0058663587         0.2275719820
       557    278.50000000     2      -187.9293357980         0.0059809856         0.2165115943
       558    279.00000000     2      -187.9323396330         0.0061544419         0.2019491970
       559    279.50000000     2      -187.9346044220         0.0062663968         0.1937159793
       560    280.00000000     2      -187.9356231000         0.0062912213         0.1943421532
       561    280.50000000     2      -187.9359424980         0.0062794137         0.1988075659
       562    281.00000000     2      -187.9364443170         0.0062985639         0.1990968133
       563    281.50000000     2      -187.9375213700         0.0063723201         0.1910871328
       564    282.00000000     2      -187.9387961620         0.0064647150         0.1779499350
       565    282.50000000     2      -187.9396195790         0.0065236992         0.1667006504
       566    283.00000000     2      -187.9397538830         0.0065311851         0.1609504834
       567    283.50000000     2      -187.9395264220         0.0065116573         0.1582421672
       568    284.00000000     2      -187.9394480980         0.0065046408         0.1546937118
       569    284.50000000     2      -187.9397917350         0.0065335812         0.1492531402
       570    285.00000000     2      -187.9404466610         0.0065930723         0.1436683530
       571    285.50000000     2      -187.9409730490         0.0066517502         0.1411767161
       572    286.00000000     2      -187.9407009850         0.0066595928         0.1463952761
       573    286.50000000     2      -187.9389273840         0.0065604567         0.1645540789
       574    287.00000000     2      -187.9353904680         0.0063215590         0.1967260463
       575    287.50000000     2      -187.9309409650         0.0059831467         0.2349131177
       576    288.00000000     2      -187.9276940800         0.0056919523         0.2640635793
       577    288.50000000     2      -187.9278121990         0.0056283191         0.2711936501
       578    289.00000000     2      -187.9315995800         0.0058243053         0.2555134906
       579    289.50000000     2      -187.9371141980         0.0061183095         0.2297325932
       580    290.00000000     2      -187.9418200910         0.0063238858         0.2101947087
       581    290.50000000     2      -187.9443047020         0.0063597957         0.2047918643
       582    291.00000000     2      -187.9446568660         0.0062545987         0.2097980951
       583    291.50000000     2      -187.9438059140         0.0060966505         0.2180529662
       584    292.00000000     2      -187.9426931160         0.0059762991         0.2266859963
       585    292.50000000     2      -187.9419385600         0.0059492568         0.2350569891
       586    293.00000000     2      -187.9419514560         0.0060332370         0.2394977231
       587    293.50000000     2      -187.9429081820         0.0062126123         0.2353407614
       588    294.00000000     2      -187.9445311020         0.0064401076         0.2225314673
       589    294.50000000     2      -187.9461764340         0.0066573780         0.2064112025
       590    295.00000000     2      -187.9472858020         0.0068268115         0.1933076580
       591    295.50000000     2      -187.9476776150         0.0069420334         0.1863585381
       592    296.00000000     2      -187.9474252770         0.0070115639         0.1854258094
       593    296.50000000     2      -187.9465748630         0.0070368988         0.1897777441
       594    297.00000000     2      -187.9450500320         0.0070064257         0.1997980941
       595    297.50000000     2      -187.9428881540         0.0069128024         0.2158358939
       596    298.00000000     2      -187.9406560860         0.0067840999         0.2351182375
       597    298.50000000     2      -187.9395866230         0.0066991397         0.2499683961
       598    299.00000000     2      -187.9409430660         0.0067479186         0.2484415168
       599    299.50000000     2      -187.9445680500         0.0069391059         0.2180169006
       600    300.00000000     2      -187.9479486380         0.0071699095         0.2232366072
       601    300.50000000     2      -187.9501674320         0.0073247196         0.2195467673
       602    301.00000000     2      -187.9503566690         0.0073314098         0.2167607969
       603    301.50000000     2      -187.9481404220         0.0071736843         0.2236009581
       604    302.00000000     2      -187.9444015410         0.0069109380         0.2360578004
       605    302.50000000     2      -187.9407886570         0.0066556633         0.2450987403
       606    303.00000000     2      -187.9387019530         0.0065150107         0.2449716507
       607    303.50000000     2      -187.9386079260         0.0065322298         0.2356990699
       608    304.00000000     2      -187.9400758150         0.0066752571         0.2199189314
       609    304.50000000     2      -187.9421289380         0.0068677691         0.2013212897
       610    305.00000000     2      -187.9436461850         0.0070300942         0.1851789143
       611    305.50000000     2      -187.9438062180         0.0071103250         0.1763219840
       612    306.00000000     2      -187.9423318700         0.0070927637         0.1762341343
       613    306.50000000     2      -187.9393845440         0.0069843941         0.1830808557
       614    307.00000000     2      -187.9352966830         0.0067958329         0.1940296773
       615    307.50000000     2      -187.9304115460         0.0065339084         0.2077438119
       616    308.00000000     2      -187.9251897680         0.0062148049         0.2242173899
       617    308.50000000     2      -187.9205041770         0.0058944278         0.2418191696
       618    309.00000000     2      -187.9177453380         0.0056892321         0.2553166246
       619    309.50000000     2      -187.9183292500         0.0057336780         0.2579363516
       620    310.00000000     2      -187.9227359600         0.0060659450         0.2459648710
       621    310.50000000     2      -187.9298841070         0.0065715798         0.2213093840
       622    311.00000000     2      -187.9374306840         0.0070620970         0.1905744052
       623    311.50000000     2      -187.9426890960         0.0073707779         0.1650803878
       624    312.00000000     2      -187.9436361020         0.0073937606         0.1622723601
       625    312.50000000     2      -187.9398702650         0.0071126491         0.1912748750
       626    313.00000000     2      -187.9332590790         0.0066283849         0.2361171731
       627    313.50000000     2      -187.9274701510         0.0061772931         0.2721100638
       628    314.00000000     2      -187.9259243740         0.0060324578         0.2818023573
       629    314.50000000     2      -187.9293693590         0.0062658637         0.2616058087
       630    315.00000000     2      -187.9354110380         0.0066741488         0.2237633753
       631    315.50000000     2      -187.9406105410         0.0070049752         0.1896412349
       632    316.00000000     2      -187.9428538080         0.0071329714         0.1753130160
       633    316.50000000     2      -187.9419388620         0.0070567870         0.1799937659
       634    317.00000000     2      -187.9387607710         0.0068336370         0.1934948119
       635    317.50000000     2      -187.9343953000         0.0065284228         0.2094864794
       636    318.00000000     2      -187.9297219710         0.0061933763         0.2258116247
       637    318.50000000     2      -187.9254796250         0.0058720744         0.2400970833
       638    319.00000000     2      -187.9224005150         0.0056152681         0.2498959168
       639    319.50000000     2      -187.9212431000         0.0054905381         0.2537406575
       640    320.00000000     2      -187.9226606740         0.0055636414         0.2504600663
       641    320.50000000     2      -187.9268720120         0.0058496770         0.2390565141
       642    321.00000000     2      -187.9332880140         0.0062796477         0.2196179746
       643    321.50000000     2      -187.9403873690         0.0067217881         0.1945309709
       644    322.00000000     2      -187.9460239260         0.0070313899         0.1705351573
       645    322.50000000     2      -187.9481631650         0.0070938219         0.1609167043
       646    323.00000000     2      -187.9459138930         0.0068625513         0.1769733482
       647    323.50000000     2      -187.9404068470         0.0064022615         0.2100389582
       648    324.00000000     2      -187.9346594850         0.0059165433         0.2388897078
       649    324.50000000     2      -187.9319404610         0.0056844755         0.2476693767
       650    325.00000000     2      -187.9336275940         0.0058492912         0.2321900213
       651    325.50000000     2      -187.9384041520         0.0062763121         0.1996450022
       652    326.00000000     2      -187.9434526960         0.0067129805         0.1651440085
       653    326.50000000     2      -187.9464033280         0.0069902366         0.1444348036
       654    327.00000000     2      -187.9463714360         0.0070618004         0.1432202990
       655    327.50000000     2      -187.9437241760         0.0069571364         0.1548861005
       656    328.00000000     2      -187.9393487680         0.0067305419         0.1715700898
       657    328.50000000     2      -187.9341348280         0.0064332898         0.1898647037
       658    329.00000000     2      -187.9288533270         0.0061102204         0.2088330693
       659    329.50000000     2      -187.9242839670         0.0058131427         0.2273196887
       660    330.00000000     2      -187.9213380260         0.0056150663         0.2426287910
       661    330.50000000     2      -187.9209456750         0.0055991933         0.2508628839
       662    331.00000000     2      -187.9236465070         0.0058084922         0.2485898838
       663    331.50000000     2      -187.9291094110         0.0061962853         0.2346435967
       664    332.00000000     2      -187.9359343040         0.0066360096         0.2111589253
       665    332.50000000     2      -187.9419081250         0.0069731068         0.1847802768
       666    333.00000000     2      -187.9446594100         0.0070692170         0.1694478210
       667    333.50000000     2      -187.9426404320         0.0068349745         0.1828007069
       668    334.00000000     2      -187.9363000450         0.0062782559         0.2243843904
       669    334.50000000     2      -187.9287700170         0.0055818367         0.2707568346
       670    335.00000000     2      -187.9247402640         0.0051379079         0.2951552565
       671    335.50000000     2      -187.9272116790         0.0052879968         0.2827261596
       672    336.00000000     2      -187.9349334620         0.0058952933         0.2390568185
       673    336.50000000     2      -187.9436747980         0.0065500011         0.1866107902
       674    337.00000000     2      -187.9497071820         0.0069938162         0.1520512849
       675    337.50000000     2      -187.9516773970         0.0071729540         0.1491051065
       676    338.00000000     2      -187.9501805510         0.0071413196         0.1674783853
       677    338.50000000     2      -187.9466129930         0.0069845452         0.1914724986
       678    339.00000000     2      -187.9423843780         0.0067844807         0.2133231666
       679    339.50000000     2      -187.9386095070         0.0066080571         0.2303714980
       680    340.00000000     2      -187.9360602770         0.0065051002         0.2418400898
       681    340.50000000     2      -187.9351922250         0.0065064074         0.2475885965
       682    341.00000000     2      -187.9361607730         0.0066199160         0.2476454169
       683    341.50000000     2      -187.9388021500         0.0068271857         0.2419713077
       684    342.00000000     2      -187.9425803780         0.0070829218         0.2305386735
       685    342.50000000     2      -187.9465352380         0.0073184450         0.2140673245
       686    343.00000000     2      -187.9493271950         0.0074495803         0.1955929210
       687    343.50000000     2      -187.9495156780         0.0073909187         0.1823539743
       688    344.00000000     2      -187.9461592770         0.0070808385         0.1846603759
       689    344.50000000     2      -187.9396371310         0.0065241847         0.2063845794
       690    345.00000000     2      -187.9322091570         0.0058541814         0.2369689624
       691    345.50000000     2      -187.9274667660         0.0053694055         0.2587265630
       692    346.00000000     2      -187.9282877900         0.0053835750         0.2588843865
       693    346.50000000     2      -187.9346332400         0.0058777718         0.2378279970
       694    347.00000000     2      -187.9435227920         0.0065160278         0.2095670129
       695    347.50000000     2      -187.9513456250         0.0070008705         0.1916505273
       696    348.00000000     2      -187.9560142830         0.0072132954         0.1913668251
       697    348.50000000     2      -187.9572459100         0.0071659071         0.2023205464
       698    349.00000000     2      -187.9545541440         0.0069495776         0.2023708039
       699    349.50000000     2      -187.9489424420         0.0066585399         0.2125014384
       700    350.00000000     2      -187.9433827920         0.0063607967         0.2231287327
       701    350.50000000     2      -187.9391012500         0.0061327486         0.2327051448
       702    351.00000000     2      -187.9369427580         0.0060467151         0.2386468144
       703    351.50000000     2      -187.9374279140         0.0061476558         0.2383083998
       704    352.00000000     2      -187.9406092010         0.0064308327         0.2298937505
       705    352.50000000     2      -187.9459585930         0.0068400055         0.2132866250
       706    353.00000000     2      -187.9524002580         0.0072895198         0.1903831500
       707    353.50000000     2      -187.9584937000         0.0076899441         0.1651198737
       708    354.00000000     2      -187.9626802600         0.0079617366         0.1442021135
       709    354.50000000     2      -187.9635431770         0.0080392148         0.1385533493
       710    355.00000000     2      -187.9601797350         0.0078782704         0.1585882266
       711    355.50000000     2      -187.9528523370         0.0074850218         0.2011378024
       712    356.00000000     2      -187.9437285360         0.0069707332         0.2485080286
       713    356.50000000     2      -187.9366065060         0.0065770498         0.2774994247
       714    357.00000000     2      -187.9345052800         0.0065325159         0.2719978018
       715    357.50000000     2      -187.9368942660         0.0067985522         0.2364814995
       716    358.00000000     2      -187.9402417920         0.0071094771         0.1955271979
       717    358.50000000     2      -187.9412865840         0.0072461731         0.1758227614
       718    359.00000000     2      -187.9390596690         0.0071477177         0.1823935319
       719    359.50000000     2      -187.9345096690         0.0068643626         0.2000815491
       720    360.00000000     2      -187.9292715370         0.0064901997         0.2160081916
       721    360.50000000     2      -187.9247699770         0.0061209878         0.2254617944
       722    361.00000000     2      -187.9218772770         0.0058329461         0.2283906179
       723    361.50000000     2      -187.9209544760         0.0056743110         0.2264736719
       724    362.00000000     2      -187.9220367680         0.0056642323         0.2212804731
       725    362.50000000     2      -187.9249582640         0.0057932384         0.2134530652
       726    363.00000000     2      -187.9293451670         0.0060239871         0.2031141801
       727    363.50000000     2      -187.9345693100         0.0062976097         0.1908849314
       728    364.00000000     2      -187.9397892970         0.0065472768         0.1784408840
       729    364.50000000     2      -187.9441025520         0.0067122647         0.1681623796
       730    365.00000000     2      -187.9467311250         0.0067464593         0.1624800315
       731    365.50000000     2      -187.9472028380         0.0066243720         0.1639925627
       732    366.00000000     2      -187.9456225730         0.0063578243         0.1752612560
       733    366.50000000     2      -187.9430905420         0.0060343905         0.1941190434
       734    367.00000000     2      -187.9417909170         0.0058424593         0.2084311658
       735    367.50000000     2      -187.9438247080         0.0059696151         0.2025242310
       736    368.00000000     2      -187.9492001330         0.0063929088         0.1719075985
       737    368.50000000     2      -187.9554094970         0.0068807843         0.1306250023
       738    369.00000000     2      -187.9594231330         0.0072132183         0.1061881873
       739    369.50000000     2      -187.9597106080         0.0073016162         0.1155158890
       740    370.00000000     2      -187.9565345700         0.0071668456         0.1422631865
       741    370.50000000     2      -187.9511285960         0.0068814157         0.1693886262
       742    371.00000000     2      -187.9448632560         0.0065277544         0.1915908477
       743    371.50000000     2      -187.9388323440         0.0061781281         0.2081429556
       744    372.00000000     2      -187.9337825950         0.0058884760         0.2189082738
       745    372.50000000     2      -187.9301587400         0.0056958653         0.2233417172
       746    373.00000000     2      -187.9281123050         0.0056132387         0.2211718423
       747    373.50000000     2      -187.9274987790         0.0056267449         0.2134324994
       748    374.00000000     2      -187.9279624640         0.0057052296         0.2025915174
       749    374.50000000     2      -187.9291048820         0.0058180454         0.1914763352
       750    375.00000000     2      -187.9305973000         0.0059450646         0.1818579458
       751    375.50000000     2      -187.9321092840         0.0060690722         0.1744822702
       752    376.00000000     2      -187.9331260090         0.0061601921         0.1717926237
       753    376.50000000     2      -187.9330050020         0.0061799196         0.1800419382
       754    377.00000000     2      -187.9316117730         0.0061263784         0.2023795451
       755    377.50000000     2      -187.9301499520         0.0060937938         0.2278340735
       756    378.00000000     2      -187.9308405710         0.0062456928         0.2365887558
       757    378.50000000     2      -187.9348868630         0.0066472773         0.2179407566
       758    379.00000000     2      -187.9409378220         0.0071682303         0.1819559121
       759    379.50000000     2      -187.9462959220         0.0076202844         0.1546853691
       760    380.00000000     2      -187.9492559930         0.0079096454         0.1550434828
       761    380.50000000     2      -187.9498999660         0.0080504524         0.1738370697
       762    381.00000000     2      -187.9492936670         0.0081041531         0.1939531116
       763    381.50000000     2      -187.9484627640         0.0081245019         0.2080057616
       764    382.00000000     2      -187.9479431410         0.0081364319         0.2151406816
       765    382.50000000     2      -187.9478409970         0.0081417217         0.2162601016
       766    383.00000000     2      -187.9480222730         0.0081312046         0.2123140175
       767    383.50000000     2      -187.9482171330         0.0080912367         0.2045939559
       768    384.00000000     2      -187.9480749870         0.0080059825         0.1953918970
       769    384.50000000     2      -187.9472654220         0.0078613622         0.1879160565
       770    385.00000000     2      -187.9456323160         0.0076522127         0.1849073240
       771    385.50000000     2      -187.9433033480         0.0073883946         0.1863192596
       772    386.00000000     2      -187.9406066270         0.0070913026         0.1886070933
       773    386.50000000     2      -187.9377472570         0.0067753163         0.1881060097
       774    387.00000000     2      -187.9345240530         0.0064286266         0.1864237859
       775    387.50000000     2      -187.9306037500         0.0060293268         0.1909117304
       776    388.00000000     2      -187.9263669920         0.0056090739         0.2041617156
       777    388.50000000     2      -187.9232780380         0.0052988434         0.2155599541
       778    389.00000000     2      -187.9227445220         0.0052407433         0.2129340816
       779    389.50000000     2      -187.9245018470         0.0054111844         0.1985610713
       780    390.00000000     2      -187.9267815590         0.0056360565         0.1881611725
       781    390.50000000     2      -187.9280996320         0.0057800807         0.1922508121
       782    391.00000000     2      -187.9283627360         0.0058337632         0.2050344759
       783    391.50000000     2      -187.9284603570         0.0058687844         0.2163953066
       784    392.00000000     2      -187.9293761500         0.0059644870         0.2213850544
       785    392.50000000     2      -187.9316864320         0.0061613770         0.2185063596
       786    393.00000000     2      -187.9353930660         0.0064457224         0.2074295361
       787    393.50000000     2      -187.9398793520         0.0067578655         0.1901630021
       788    394.00000000     2      -187.9441201220         0.0070217205         0.1721898144
       789    394.50000000     2      -187.9471794610         0.0071806917         0.1603554545
       790    395.00000000     2      -187.9486686250         0.0072191317         0.1583532463
       791    395.50000000     2      -187.9488617990         0.0071629005         0.1639027794
       792    396.00000000     2      -187.9484368790         0.0070625743         0.1708902104
       793    396.50000000     2      -187.9479632290         0.0069620119         0.1741717295
       794    397.00000000     2      -187.9474006380         0.0068641484         0.1740097618
       795    397.50000000     2      -187.9460636220         0.0067256622         0.1777761092
       796    398.00000000     2      -187.9433461810         0.0065030587         0.1928790372
       797    398.50000000     2      -187.9397167370         0.0062215389         0.2135843469
       798    399.00000000     2      -187.9367228390         0.0059879066         0.2229502635
       799    399.50000000     2      -187.9354410160         0.0058872543         0.2102489936
       800    400.00000000     2      -187.9350819800         0.0058664272         0.1840307399
