-1.880389819769999917e+02 -1.879127479109999967e+02
-1.880399247009999897e+02 -1.879143182759999888e+02
-1.880406826439999861e+02 -1.879158168300000114e+02
-1.880392078840000067e+02 -1.879151055289999874e+02
-1.880370873390000099e+02 -1.879136541420000128e+02
-1.880402922449999892e+02 -1.879174280420000116e+02
-1.880441435109999873e+02 -1.879218146739999895e+02
-1.880460554690000095e+02 -1.879242660529999966e+02
-1.880435705680000069e+02 -1.879222249999999974e+02
-1.880360349000000042e+02 -1.879147758549999878e+02
-1.880316832229999875e+02 -1.879099390949999986e+02
-1.880333414780000112e+02 -1.879105974899999865e+02
-1.880390136370000107e+02 -1.879150907050000114e+02
-1.880461208629999987e+02 -1.879212567579999984e+02
-1.880503583269999979e+02 -1.879250687489999905e+02
-1.880505090540000026e+02 -1.879253405320000070e+02
-1.880504993399999876e+02 -1.879258752819999927e+02
-1.880516697360000080e+02 -1.879279815099999951e+02
-1.880506694860000039e+02 -1.879284102430000019e+02
-1.880431849720000059e+02 -1.879228769599999964e+02
-1.880341499410000097e+02 -1.879162569110000049e+02
-1.880276876439999967e+02 -1.879126145120000047e+02
-1.880248230539999952e+02 -1.879128836419999971e+02
-1.880262765569999885e+02 -1.879175571099999900e+02
-1.880305754420000142e+02 -1.879248363380000058e+02
-1.880343472529999929e+02 -1.879311483909999936e+02
-1.880352545369999859e+02 -1.879342812140000092e+02
-1.880343806029999882e+02 -1.879356762109999863e+02
-1.880336114250000037e+02 -1.879375320169999952e+02
-1.880274608039999862e+02 -1.879344741740000018e+02
-1.880176175409999928e+02 -1.879281051359999992e+02
-1.880094894670000087e+02 -1.879236254570000142e+02
-1.880041983099999925e+02 -1.879219263699999942e+02
-1.880024879579999890e+02 -1.879236041220000004e+02
-1.880046630440000115e+02 -1.879289908789999970e+02
-1.880077563300000065e+02 -1.879353378659999976e+02
-1.880077635359999988e+02 -1.879389038490000132e+02
-1.880051352380000083e+02 -1.879402254059999962e+02
-1.880020831260000023e+02 -1.879414108310000131e+02
-1.879952439200000072e+02 -1.879389910970000130e+02
-1.879858437599999945e+02 -1.879341912890000117e+02
-1.879787991970000007e+02 -1.879320400990000053e+02
-1.879731147690000057e+02 -1.879316986940000049e+02
-1.879685715969999933e+02 -1.879329710769999906e+02
-1.879678103210000017e+02 -1.879380346110000062e+02
-1.879718880009999964e+02 -1.879465539029999945e+02
-1.879781471050000050e+02 -1.879540336789999913e+02
-1.879822149430000024e+02 -1.879559238749999963e+02
-1.879821648079999932e+02 -1.879520312450000006e+02
-1.879780952220000074e+02 -1.879439042260000008e+02
-1.879745319790000053e+02 -1.879366329400000097e+02
-1.879769490770000004e+02 -1.879357748410000113e+02
-1.879817845560000080e+02 -1.879376275399999940e+02
-1.879852448480000078e+02 -1.879382774149999875e+02
-1.879889573350000092e+02 -1.879393900190000011e+02
-1.879956730639999876e+02 -1.879438483460000100e+02
-1.880048527300000103e+02 -1.879512570589999996e+02
-1.880122283059999972e+02 -1.879574771970000029e+02
-1.880137424259999932e+02 -1.879585118720000025e+02
-1.880068025470000066e+02 -1.879516362850000064e+02
-1.879944771890000084e+02 -1.879395158019999883e+02
-1.879872475219999899e+02 -1.879320865130000016e+02
-1.879878749490000018e+02 -1.879316818060000003e+02
-1.879914272629999914e+02 -1.879332736709999949e+02
-1.879964267830000040e+02 -1.879356246760000033e+02
-1.880047582310000109e+02 -1.879409672799999953e+02
-1.880175964960000101e+02 -1.879506888109999920e+02
-1.880321019110000123e+02 -1.879619633769999894e+02
-1.880422322670000028e+02 -1.879686500280000132e+02
-1.880421433630000081e+02 -1.879648119770000108e+02
-1.880314658629999940e+02 -1.879501039810000123e+02
-1.880224933300000032e+02 -1.879370060180000053e+02
-1.880242357060000131e+02 -1.879347852189999912e+02
-1.880292541379999989e+02 -1.879362269570000024e+02
-1.880311680199999955e+02 -1.879351606239999910e+02
-1.880313554420000060e+02 -1.879331549180000138e+02
-1.880347128429999941e+02 -1.879352277350000122e+02
-1.880440511719999961e+02 -1.879442638349999868e+02
-1.880535375489999979e+02 -1.879545095420000109e+02
-1.880535445380000112e+02 -1.879563897189999864e+02
-1.880405513679999956e+02 -1.879463413020000075e+02
-1.880223528989999977e+02 -1.879319704129999877e+02
-1.880111333670000135e+02 -1.879250811070000111e+02
-1.880082109749999972e+02 -1.879265069500000038e+02
-1.880076544739999918e+02 -1.879299669979999976e+02
-1.880065770649999877e+02 -1.879324580869999863e+02
-1.880066566570000077e+02 -1.879356384939999884e+02
-1.880117744970000047e+02 -1.879433060149999903e+02
-1.880198629100000005e+02 -1.879532121070000130e+02
-1.880222807359999990e+02 -1.879564997349999942e+02
-1.880139097900000138e+02 -1.879479027950000045e+02
-1.880003720290000047e+02 -1.879330602210000052e+02
-1.879946263600000123e+02 -1.879250930819999894e+02
-1.880006685779999884e+02 -1.879282194539999864e+02
-1.880102241280000044e+02 -1.879344375080000020e+02
-1.880162546280000129e+02 -1.879370069219999948e+02
-1.880188578720000123e+02 -1.879362790129999894e+02
-1.880245790429999886e+02 -1.879390113499999870e+02
-1.880370017779999898e+02 -1.879490181810000138e+02
-1.880472767770000075e+02 -1.879576856090000092e+02
-1.880461010360000103e+02 -1.879558608270000093e+02
-1.880353813440000010e+02 -1.879454463920000080e+02
-1.880238450429999943e+02 -1.879349999929999910e+02
-1.880173959560000014e+02 -1.879301693369999953e+02
-1.880173194559999956e+02 -1.879320284460000039e+02
-1.880210761159999890e+02 -1.879378937300000132e+02
-1.880242097800000067e+02 -1.879431609179999896e+02
-1.880270329859999947e+02 -1.879479698309999947e+02
-1.880332319320000067e+02 -1.879558330179999928e+02
-1.880384576540000126e+02 -1.879622643030000120e+02
-1.880342377530000135e+02 -1.879587364490000141e+02
-1.880214329069999906e+02 -1.879461536029999991e+02
-1.880094732979999890e+02 -1.879340908480000110e+02
-1.880029660600000057e+02 -1.879274186000000100e+02
-1.880009405719999904e+02 -1.879255389260000015e+02
-1.880025138039999888e+02 -1.879279695440000069e+02
-1.880048676019999903e+02 -1.879321743090000041e+02
-1.880073246139999981e+02 -1.879375214179999887e+02
-1.880129183029999922e+02 -1.879468788140000015e+02
-1.880180791559999989e+02 -1.879564325020000126e+02
-1.880141380789999914e+02 -1.879573112440000102e+02
-1.880014287280000076e+02 -1.879497452610000039e+02
-1.879892182989999867e+02 -1.879429850520000116e+02
-1.879815998850000085e+02 -1.879411938119999945e+02
-1.879749776099999963e+02 -1.879409736259999875e+02
-1.879679300969999929e+02 -1.879411862469999903e+02
-1.879628891970000097e+02 -1.879442117590000123e+02
-1.879632713999999964e+02 -1.879513647930000104e+02
-1.879718463789999987e+02 -1.879586743350000120e+02
-1.879826983600000005e+02 -1.879628884480000011e+02
-1.879857585690000121e+02 -1.879600337249999882e+02
-1.879785681889999864e+02 -1.879485637660000066e+02
-1.879698113169999942e+02 -1.879368879259999972e+02
-1.879676749859999916e+02 -1.879329133990000003e+02
-1.879689533639999865e+02 -1.879332498820000126e+02
-1.879687149910000130e+02 -1.879327287039999987e+02
-1.879659118090000050e+02 -1.879298957519999931e+02
-1.879654603710000060e+02 -1.879291630030000135e+02
-1.879739884280000126e+02 -1.879367229030000033e+02
-1.879855218579999985e+02 -1.879463159489999953e+02
-1.879880581870000071e+02 -1.879458676769999954e+02
-1.879811649320000129e+02 -1.879351373430000081e+02
-1.879761744230000033e+02 -1.879258393519999970e+02
-1.879804841769999939e+02 -1.879257081629999959e+02
-1.879888394079999898e+02 -1.879295869540000012e+02
-1.879942827860000136e+02 -1.879304452270000070e+02
-1.879951370459999964e+02 -1.879265366349999908e+02
-1.879958772249999868e+02 -1.879223823949999996e+02
-1.880050036609999893e+02 -1.879266917669999941e+02
-1.880200143860000139e+02 -1.879372845739999889e+02
-1.880285414580000065e+02 -1.879420402629999955e+02
-1.880250851790000013e+02 -1.879354647209999882e+02
-1.880159002160000057e+02 -1.879236767269999859e+02
-1.880137966830000096e+02 -1.879194442149999986e+02
-1.880209454820000019e+02 -1.879249506079999890e+02
-1.880270137139999918e+02 -1.879298360980000098e+02
-1.880258439780000117e+02 -1.879279640770000128e+02
-1.880158726980000097e+02 -1.879178627009999900e+02
-1.880083709269999872e+02 -1.879109496099999888e+02
-1.880182995030000086e+02 -1.879223575009999934e+02
-1.880326721769999949e+02 -1.879391375849999974e+02
-1.880307451340000000e+02 -1.879403073709999887e+02
-1.880144291910000049e+02 -1.879273875959999884e+02
-1.880015203430000099e+02 -1.879178869280000015e+02
-1.880021337800000083e+02 -1.879217339569999865e+02
-1.880077624429999901e+02 -1.879302208340000107e+02
-1.880084603580000078e+02 -1.879333606950000046e+02
-1.880002429490000111e+02 -1.879273778570000104e+02
-1.879861933409999892e+02 -1.879155980689999978e+02
-1.879824132100000043e+02 -1.879142442419999952e+02
-1.879938093799999876e+02 -1.879283603229999926e+02
-1.880007381480000106e+02 -1.879385251950000111e+02
-1.879922566600000096e+02 -1.879338662199999987e+02
-1.879770302000000015e+02 -1.879228368439999883e+02
-1.879690283079999915e+02 -1.879190353859999902e+02
-1.879715905390000046e+02 -1.879253210630000126e+02
-1.879752868079999928e+02 -1.879318825850000110e+02
-1.879750315000000001e+02 -1.879336448230000087e+02
-1.879691399710000042e+02 -1.879292386029999875e+02
-1.879638284810000073e+02 -1.879253137009999932e+02
-1.879689390460000027e+02 -1.879322026119999975e+02
-1.879772486290000018e+02 -1.879430455110000082e+02
-1.879746849469999859e+02 -1.879436706209999954e+02
-1.879647128160000022e+02 -1.879370978709999918e+02
-1.879550731129999974e+02 -1.879307305000000099e+02
-1.879514264549999893e+02 -1.879299862569999959e+02
-1.879545977070000049e+02 -1.879351314369999955e+02
-1.879595321360000071e+02 -1.879405810419999909e+02
-1.879614253279999900e+02 -1.879417715339999972e+02
-1.879599594370000091e+02 -1.879391762479999954e+02
-1.879621412420000013e+02 -1.879405221510000104e+02
-1.879707580459999861e+02 -1.879490734640000085e+02
-1.879760691220000126e+02 -1.879554360859999917e+02
-1.879738498229999948e+02 -1.879556155569999873e+02
-1.879661386839999864e+02 -1.879516244840000070e+02
-1.879583510299999887e+02 -1.879485979129999862e+02
-1.879560689299999865e+02 -1.879514544099999966e+02
-1.879569842919999871e+02 -1.879523038099999894e+02
-1.879572803560000125e+02 -1.879482670030000122e+02
-1.879549756799999898e+02 -1.879437399669999991e+02
-1.879547437129999992e+02 -1.879440613540000129e+02
-1.879598398990000021e+02 -1.879518406489999904e+02
-1.879651307869999926e+02 -1.879576358099999993e+02
-1.879655722589999982e+02 -1.879533489659999930e+02
-1.879688714060000052e+02 -1.879508043060000091e+02
-1.879741254459999880e+02 -1.879505174690000047e+02
-1.879791582029999972e+02 -1.879504572449999955e+02
-1.879837229640000089e+02 -1.879504770750000091e+02
-1.879857484419999878e+02 -1.879486008130000130e+02
-1.879856417100000101e+02 -1.879451992449999977e+02
-1.879863337470000033e+02 -1.879430634859999998e+02
-1.879903273719999959e+02 -1.879445417800000087e+02
-1.879953059499999881e+02 -1.879472527210000123e+02
-1.879914181649999989e+02 -1.879413738320000107e+02
-1.879831805279999912e+02 -1.879313630240000066e+02
-1.879834805760000052e+02 -1.879299315609999894e+02
-1.879893629620000013e+02 -1.879340685660000076e+02
-1.879944999450000012e+02 -1.879375670469999875e+02
-1.879942803259999948e+02 -1.879359419479999929e+02
-1.879920577530000116e+02 -1.879325293980000140e+02
-1.879940503580000097e+02 -1.879334225700000047e+02
-1.880026845049999906e+02 -1.879409253770000134e+02
-1.880148151530000007e+02 -1.879518749910000111e+02
-1.880189047970000047e+02 -1.879548390790000099e+02
-1.880057981530000006e+02 -1.879406781499999965e+02
-1.879976465029999986e+02 -1.879313510240000085e+02
-1.880043905830000028e+02 -1.879367674439999973e+02
-1.880128506890000040e+02 -1.879439277849999996e+02
-1.880156419239999934e+02 -1.879454192590000048e+02
-1.880127666840000131e+02 -1.879409267979999925e+02
-1.880107800769999926e+02 -1.879366112460000124e+02
-1.880156619349999971e+02 -1.879381809799999985e+02
-1.880294771179999884e+02 -1.879476537490000112e+02
-1.880470306619999974e+02 -1.879600940660000106e+02
-1.880515772839999897e+02 -1.879592777690000105e+02
-1.880385772690000010e+02 -1.879410847649999994e+02
-1.880352780650000000e+02 -1.879328339429999915e+02
-1.880501894129999982e+02 -1.879431196929999999e+02
-1.880627157819999979e+02 -1.879516579289999925e+02
-1.880629358719999971e+02 -1.879488012989999959e+02
-1.880576151539999898e+02 -1.879413504830000079e+02
-1.880551655239999889e+02 -1.879375620719999915e+02
-1.880575423980000096e+02 -1.879392008110000063e+02
-1.880645852650000052e+02 -1.879460198490000096e+02
-1.880689034460000073e+02 -1.879506659989999946e+02
-1.880568941150000057e+02 -1.879395393409999997e+02
-1.880410580260000017e+02 -1.879249901229999864e+02
-1.880456301510000117e+02 -1.879310510619999945e+02
-1.880569333239999992e+02 -1.879439580840000019e+02
-1.880603389649999997e+02 -1.879491627429999880e+02
-1.880539739650000115e+02 -1.879448583029999895e+02
-1.880433875020000016e+02 -1.879365315299999963e+02
-1.880355855059999897e+02 -1.879310465389999933e+02
-1.880366750640000078e+02 -1.879343914689999906e+02
-1.880448835359999862e+02 -1.879447809959999915e+02
-1.880465205000000140e+02 -1.879486034759999882e+02
-1.880333869479999862e+02 -1.879377148169999998e+02
-1.880228744480000103e+02 -1.879294909420000010e+02
-1.880279992010000001e+02 -1.879369595560000050e+02
-1.880345233150000013e+02 -1.879459895280000126e+02
-1.880339242379999973e+02 -1.879482256539999980e+02
-1.880296535509999956e+02 -1.879472735429999943e+02
-1.880238229439999884e+02 -1.879452707050000129e+02
-1.880183894459999863e+02 -1.879440039940000133e+02
-1.880172058679999907e+02 -1.879470565539999996e+02
-1.880158012279999866e+02 -1.879497371630000089e+02
-1.880036610950000124e+02 -1.879413943200000006e+02
-1.879878306980000104e+02 -1.879289797719999910e+02
-1.879862588830000050e+02 -1.879304300690000105e+02
-1.879891946159999918e+02 -1.879361601839999878e+02
-1.879891076019999900e+02 -1.879389483500000040e+02
-1.879873399909999989e+02 -1.879403780350000090e+02
-1.879825644580000130e+02 -1.879391197820000059e+02
-1.879770268610000130e+02 -1.879372209240000018e+02
-1.879750918940000020e+02 -1.879388365830000112e+02
-1.879747891330000016e+02 -1.879418519600000081e+02
-1.879698613090000094e+02 -1.879398131609999893e+02
-1.879590745559999903e+02 -1.879311083199999928e+02
-1.879542508399999861e+02 -1.879272158690000083e+02
-1.879594765600000130e+02 -1.879323396329999980e+02
-1.879634412100000134e+02 -1.879356230999999866e+02
-1.879650827400000139e+02 -1.879364443169999959e+02
-1.879680581050000114e+02 -1.879387961619999885e+02
-1.879692593690000137e+02 -1.879397538830000087e+02
-1.879687086280000017e+02 -1.879394480980000139e+02
-1.879688130920000049e+02 -1.879404466610000100e+02
-1.879673796369999934e+02 -1.879407009850000065e+02
-1.879596089730000017e+02 -1.879353904680000085e+02
-1.879488451130000044e+02 -1.879276940800000091e+02
-1.879492784269999959e+02 -1.879315995800000110e+02
-1.879560119150000048e+02 -1.879418200910000110e+02
-1.879561761669999953e+02 -1.879446568660000025e+02
-1.879537711060000049e+02 -1.879426931159999867e+02
-1.879550791860000061e+02 -1.879419514559999982e+02
-1.879602323500000125e+02 -1.879445311020000133e+02
-1.879644887940000046e+02 -1.879472858020000103e+02
-1.879644519279999884e+02 -1.879474252770000078e+02
-1.879600088589999984e+02 -1.879450500320000117e+02
-1.879515603970000086e+02 -1.879406560859999900e+02
-1.879461477810000076e+02 -1.879409430659999884e+02
