         0         0.0000000000      -188.0389819770      -187.9127479110      -187.9127479110
         1         0.5000000000      -188.0393512300      -187.9134160240      -187.9134160240
         2         1.0000000000      -188.0399247010      -187.9143182760      -187.9143182760
         3         1.5000000000      -188.0404516910      -187.9152045420      -187.9152045420
         4         2.0000000000      -188.0406826440      -187.9158168300      -187.9158168300
         5         2.5000000000      -188.0403150730      -187.9158369170      -187.9158369170
         6         3.0000000000      -188.0392078840      -187.9151055290      -187.9151055290
         7         3.5000000000      -188.0377804480      -187.9140279930      -187.9140279930
         8         4.0000000000      -188.0370873390      -187.9136541420      -187.9136541420
         9         4.5000000000      -188.0380309560      -187.9148908520      -187.9148908520
        10         5.0000000000      -188.0402922450      -187.9174280420      -187.9174280420
        11         5.5000000000      -188.0425796670      -187.9199833510      -187.9199833510
        12         6.0000000000      -188.0441435110      -187.9218146740      -187.9218146740
        13         6.5000000000      -188.0452683580      -187.9232102460      -187.9232102460
        14         7.0000000000      -188.0460554690      -187.9242660530      -187.9242660530
        15         7.5000000000      -188.0457257700      -187.9241843680      -187.9241843680
        16         8.0000000000      -188.0435705680      -187.9222250000      -187.9222250000
        17         8.5000000000      -188.0399385100      -187.9186986860      -187.9186986860
        18         9.0000000000      -188.0360349000      -187.9147758550      -187.9147758550
        19         9.5000000000      -188.0330743300      -187.9116484160      -187.9116484160
        20        10.0000000000      -188.0316832230      -187.9099390950      -187.9099390950
        21        10.5000000000      -188.0318687190      -187.9096728430      -187.9096728430
        22        11.0000000000      -188.0333414780      -187.9105974900      -187.9105974900
        23        11.5000000000      -188.0358069130      -187.9124687690      -187.9124687690
        24        12.0000000000      -188.0390136370      -187.9150907050      -187.9150907050
        25        12.5000000000      -188.0426268570      -187.9181809550      -187.9181809550
        26        13.0000000000      -188.0461208630      -187.9212567580      -187.9212567580
        27        13.5000000000      -188.0488519680      -187.9237028760      -187.9237028760
        28        14.0000000000      -188.0503583270      -187.9250687490      -187.9250687490
        29        14.5000000000      -188.0507110400      -187.9254204290      -187.9254204290
        30        15.0000000000      -188.0505090540      -187.9253405320      -187.9253405320
        31        15.5000000000      -188.0503627740      -187.9254203520      -187.9254203520
        32        16.0000000000      -188.0504993400      -187.9258752820      -187.9258752820
        33        16.5000000000      -188.0509684680      -187.9267576240      -187.9267576240
        34        17.0000000000      -188.0516697360      -187.9279815100      -187.9279815100
        35        17.5000000000      -188.0519109350      -187.9288705710      -187.9288705710
        36        18.0000000000      -188.0506694860      -187.9284102430      -187.9284102430
        37        18.5000000000      -188.0475671480      -187.9262211090      -187.9262211090
        38        19.0000000000      -188.0431849720      -187.9228769600      -187.9228769600
        39        19.5000000000      -188.0384762860      -187.9193219190      -187.9193219190
        40        20.0000000000      -188.0341499410      -187.9162569110      -187.9162569110
        41        20.5000000000      -188.0305205690      -187.9139903820      -187.9139903820
        42        21.0000000000      -188.0276876440      -187.9126145120      -187.9126145120
        43        21.5000000000      -188.0257421570      -187.9122070340      -187.9122070340
        44        22.0000000000      -188.0248230540      -187.9128836420      -187.9128836420
        45        22.5000000000      -188.0250260900      -187.9147059150      -187.9147059150
        46        23.0000000000      -188.0262765570      -187.9175571100      -187.9175571100
        47        23.5000000000      -188.0282767320      -187.9210961570      -187.9210961570
        48        24.0000000000      -188.0305754420      -187.9248363380      -187.9248363380
        49        24.5000000000      -188.0327166080      -187.9283031200      -187.9283031200
        50        25.0000000000      -188.0343472530      -187.9311483910      -187.9311483910
        51        25.5000000000      -188.0352204400      -187.9331534380      -187.9331534380
        52        26.0000000000      -188.0352545370      -187.9342812140      -187.9342812140
        53        26.5000000000      -188.0347637900      -187.9348961060      -187.9348961060
        54        27.0000000000      -188.0343806030      -187.9356762110      -187.9356762110
        55        27.5000000000      -188.0342684280      -187.9368198210      -187.9368198210
        56        28.0000000000      -188.0336114250      -187.9375320170      -187.9375320170
        57        28.5000000000      -188.0313923650      -187.9368023500      -187.9368023500
        58        29.0000000000      -188.0274608040      -187.9344741740      -187.9344741740
        59        29.5000000000      -188.0225607710      -187.9312747910      -187.9312747910
        60        30.0000000000      -188.0176175410      -187.9281051360      -187.9281051360
        61        30.5000000000      -188.0132038100      -187.9255089130      -187.9255089130
        62        31.0000000000      -188.0094894670      -187.9236254570      -187.9236254570
        63        31.5000000000      -188.0064716080      -187.9224230780      -187.9224230780
        64        32.0000000000      -188.0041983100      -187.9219263700      -187.9219263700
        65        32.5000000000      -188.0028211390      -187.9222719320      -187.9222719320
        66        33.0000000000      -188.0024879580      -187.9236041220      -187.9236041220
        67        33.5000000000      -188.0031901370      -187.9259242070      -187.9259242070
        68        34.0000000000      -188.0046630440      -187.9289908790      -187.9289908790
        69        34.5000000000      -188.0063933990      -187.9323245670      -187.9323245670
        70        35.0000000000      -188.0077563300      -187.9353378660      -187.9353378660
        71        35.5000000000      -188.0082578340      -187.9375693190      -187.9375693190
        72        36.0000000000      -188.0077635360      -187.9389038490      -187.9389038490
        73        36.5000000000      -188.0065562950      -187.9396267350      -187.9396267350
        74        37.0000000000      -188.0051352380      -187.9402254060      -187.9402254060
        75        37.5000000000      -188.0037669360      -187.9409484560      -187.9409484560
        76        38.0000000000      -188.0020831260      -187.9414108310      -187.9414108310
        77        38.5000000000      -187.9993328220      -187.9408504160      -187.9408504160
        78        39.0000000000      -187.9952439200      -187.9389910970      -187.9389910970
        79        39.5000000000      -187.9904322470      -187.9364523180      -187.9364523180
        80        40.0000000000      -187.9858437600      -187.9341912890      -187.9341912890
        81        40.5000000000      -187.9819957590      -187.9327430970      -187.9327430970
        82        41.0000000000      -187.9787991970      -187.9320400990      -187.9320400990
        83        41.5000000000      -187.9759049380      -187.9317536190      -187.9317536190
        84        42.0000000000      -187.9731147690      -187.9316986940      -187.9316986940
        85        42.5000000000      -187.9705513650      -187.9319956960      -187.9319956960
        86        43.0000000000      -187.9685715970      -187.9329710770      -187.9329710770
        87        43.5000000000      -187.9675702440      -187.9349432260      -187.9349432260
        88        44.0000000000      -187.9678103210      -187.9380346110      -187.9380346110
        89        44.5000000000      -187.9693257300      -187.9420677350      -187.9420677350
        90        45.0000000000      -187.9718880010      -187.9465539030      -187.9465539030
        91        45.5000000000      -187.9750311610      -187.9507853930      -187.9507853930
        92        46.0000000000      -187.9781471050      -187.9540336790      -187.9540336790
        93        46.5000000000      -187.9806597610      -187.9557912870      -187.9557912870
        94        47.0000000000      -187.9822149430      -187.9559238750      -187.9559238750
        95        47.5000000000      -187.9827196980      -187.9546006270      -187.9546006270
        96        48.0000000000      -187.9821648080      -187.9520312450      -187.9520312450
        97        48.5000000000      -187.9805315150      -187.9483449720      -187.9483449720
        98        49.0000000000      -187.9780952220      -187.9439042260      -187.9439042260
        99        49.5000000000      -187.9757288980      -187.9396274600      -187.9396274600
       100        50.0000000000      -187.9745319790      -187.9366329400      -187.9366329400
       101        50.5000000000      -187.9750459830      -187.9354613340      -187.9354613340
       102        51.0000000000      -187.9769490770      -187.9357748410      -187.9357748410
       103        51.5000000000      -187.9794366890      -187.9367453720      -187.9367453720
       104        52.0000000000      -187.9817845560      -187.9376275400      -187.9376275400
       105        52.5000000000      -187.9836803110      -187.9380976790      -187.9380976790
       106        53.0000000000      -187.9852448480      -187.9382774150      -187.9382774150
       107        53.5000000000      -187.9868594020      -187.9385583620      -187.9385583620
       108        54.0000000000      -187.9889573350      -187.9393900190      -187.9393900190
       109        54.5000000000      -187.9918631750      -187.9411152020      -187.9411152020
       110        55.0000000000      -187.9956730640      -187.9438483460      -187.9438483460
       111        55.5000000000      -188.0001728330      -187.9473931590      -187.9473931590
       112        56.0000000000      -188.0048527300      -187.9512570590      -187.9512570590
       113        56.5000000000      -188.0090642950      -187.9548073570      -187.9548073570
       114        57.0000000000      -188.0122283060      -187.9574771970      -187.9574771970
       115        57.5000000000      -188.0139120030      -187.9588387210      -187.9588387210
       116        58.0000000000      -188.0137424260      -187.9585118720      -187.9585118720
       117        58.5000000000      -188.0113829670      -187.9561358420      -187.9561358420
       118        59.0000000000      -188.0068025470      -187.9516362850      -187.9516362850
       119        59.5000000000      -188.0006881230      -187.9456403270      -187.9456403270
       120        60.0000000000      -187.9944771890      -187.9395158020      -187.9395158020
       121        60.5000000000      -187.9897211840      -187.9347431920      -187.9347431920
       122        61.0000000000      -187.9872475220      -187.9320865130      -187.9320865130
       123        61.5000000000      -187.9868826020      -187.9313248100      -187.9313248100
       124        62.0000000000      -187.9878749490      -187.9316818060      -187.9316818060
       125        62.5000000000      -187.9895064130      -187.9324400350      -187.9324400350
       126        63.0000000000      -187.9914272630      -187.9332736710      -187.9332736710
       127        63.5000000000      -187.9936561590      -187.9342416530      -187.9342416530
       128        64.0000000000      -187.9964267830      -187.9356246760      -187.9356246760
       129        64.5000000000      -188.0000410340      -187.9377687970      -187.9377687970
       130        65.0000000000      -188.0047582310      -187.9409672800      -187.9409672800
       131        65.5000000000      -188.0106750710      -187.9453368510      -187.9453368510
       132        66.0000000000      -188.0175964960      -187.9506888110      -187.9506888110
       133        66.5000000000      -188.0249917510      -187.9564878450      -187.9564878450
       134        67.0000000000      -188.0321019110      -187.9619633770      -187.9619633770
       135        67.5000000000      -188.0381107180      -187.9662842810      -187.9662842810
       136        68.0000000000      -188.0422322670      -187.9686500280      -187.9686500280
       137        68.5000000000      -188.0437393150      -187.9683230070      -187.9683230070
       138        69.0000000000      -188.0421433630      -187.9648119770      -187.9648119770
       139        69.5000000000      -188.0376310620      -187.9583113800      -187.9583113800
       140        70.0000000000      -188.0314658630      -187.9501039810      -187.9501039810
       141        70.5000000000      -188.0257723780      -187.9423433860      -187.9423433860
       142        71.0000000000      -188.0224933300      -187.9370060180      -187.9370060180
       143        71.5000000000      -188.0222608050      -187.9347566680      -187.9347566680
       144        72.0000000000      -188.0242357060      -187.9347852190      -187.9347852190
       145        72.5000000000      -188.0269535270      -187.9356533710      -187.9356533710
       146        73.0000000000      -188.0292541380      -187.9362269570      -187.9362269570
       147        73.5000000000      -188.0306417650      -187.9360368370      -187.9360368370
       148        74.0000000000      -188.0311680200      -187.9351606240      -187.9351606240
       149        74.5000000000      -188.0312114010      -187.9339995750      -187.9339995750
       150        75.0000000000      -188.0313554420      -187.9331549180      -187.9331549180
       151        75.5000000000      -188.0323100570      -187.9333487980      -187.9333487980
       152        76.0000000000      -188.0347128430      -187.9352277350      -187.9352277350
       153        76.5000000000      -188.0387829660      -187.9390192290      -187.9390192290
       154        77.0000000000      -188.0440511720      -187.9442638350      -187.9442638350
       155        77.5000000000      -188.0494222270      -187.9498770570      -187.9498770570
       156        78.0000000000      -188.0535375490      -187.9545095420      -187.9545095420
       157        78.5000000000      -188.0551777640      -187.9569469430      -187.9569469430
       158        79.0000000000      -188.0535445380      -187.9563897190      -187.9563897190
       159        79.5000000000      -188.0484627660      -187.9526540670      -187.9526540670
       160        80.0000000000      -188.0405513680      -187.9463413020      -187.9463413020
       161        80.5000000000      -188.0312320580      -187.9388445890      -187.9388445890
       162        81.0000000000      -188.0223528990      -187.9319704130      -187.9319704130
       163        81.5000000000      -188.0154537340      -187.9272040140      -187.9272040140
       164        82.0000000000      -188.0111333670      -187.9250811070      -187.9250811070
       165        82.5000000000      -188.0090084210      -187.9251556160      -187.9251556160
       166        83.0000000000      -188.0082109750      -187.9265069500      -187.9265069500
       167        83.5000000000      -188.0079297260      -187.9282872990      -187.9282872990
       168        84.0000000000      -188.0076544740      -187.9299669980      -187.9299669980
       169        84.5000000000      -188.0071800880      -187.9313340070      -187.9313340070
       170        85.0000000000      -188.0065770650      -187.9324580870      -187.9324580870
       171        85.5000000000      -188.0062053650      -187.9336978820      -187.9336978820
       172        86.0000000000      -188.0066566570      -187.9356384940      -187.9356384940
       173        86.5000000000      -188.0084811870      -187.9388162570      -187.9388162570
       174        87.0000000000      -188.0117744970      -187.9433060150      -187.9433060150
       175        87.5000000000      -188.0159425880      -187.9484881510      -187.9484881510
       176        88.0000000000      -188.0198629100      -187.9532121070      -187.9532121070
       177        88.5000000000      -188.0222977380      -187.9562125820      -187.9562125820
       178        89.0000000000      -188.0222807360      -187.9564997350      -187.9564997350
       179        89.5000000000      -188.0193833800      -187.9536297040      -187.9536297040
       180        90.0000000000      -188.0139097900      -187.9479027950      -187.9479027950
       181        90.5000000000      -188.0069860980      -187.9404536290      -187.9404536290
       182        91.0000000000      -188.0003720290      -187.9330602210      -187.9330602210
       183        91.5000000000      -187.9958823060      -187.9275613530      -187.9275613530
       184        92.0000000000      -187.9946263600      -187.9250930820      -187.9250930820
       185        92.5000000000      -187.9965588230      -187.9256387380      -187.9256387380
       186        93.0000000000      -188.0006685780      -187.9282194540      -187.9282194540
       187        93.5000000000      -188.0056023270      -187.9315181900      -187.9315181900
       188        94.0000000000      -188.0102241280      -187.9344375080      -187.9344375080
       189        94.5000000000      -188.0138485740      -187.9363294680      -187.9363294680
       190        95.0000000000      -188.0162546280      -187.9370069220      -187.9370069220
       191        95.5000000000      -188.0176839380      -187.9367409090      -187.9367409090
       192        96.0000000000      -188.0188578720      -187.9362790130      -187.9362790130
       193        96.5000000000      -188.0208409960      -187.9367114030      -187.9367114030
       194        97.0000000000      -188.0245790430      -187.9390113500      -187.9390113500
       195        97.5000000000      -188.0302600390      -187.9433972390      -187.9433972390
       196        98.0000000000      -188.0370017780      -187.9490181810      -187.9490181810
       197        98.5000000000      -188.0432007770      -187.9542998960      -187.9542998960
       198        99.0000000000      -188.0472767770      -187.9576856090      -187.9576856090
       199        99.5000000000      -188.0482770200      -187.9582376950      -187.9582376950
       200       100.0000000000      -188.0461010360      -187.9558608270      -187.9558608270
       201       100.5000000000      -188.0414184060      -187.9512186430      -187.9512186430
       202       101.0000000000      -188.0353813440      -187.9454463920      -187.9454463920
       203       101.5000000000      -188.0292119430      -187.9397395180      -187.9397395180
       204       102.0000000000      -188.0238450430      -187.9349999930      -187.9349999930
       205       102.5000000000      -188.0198217750      -187.9317352570      -187.9317352570
       206       103.0000000000      -188.0173959560      -187.9301693370      -187.9301693370
       207       103.5000000000      -188.0166223620      -187.9303336460      -187.9303336460
       208       104.0000000000      -188.0173194560      -187.9320284460      -187.9320284460
       209       104.5000000000      -188.0190227870      -187.9347729720      -187.9347729720
       210       105.0000000000      -188.0210761160      -187.9378937300      -187.9378937300
       211       105.5000000000      -188.0228821160      -187.9407738160      -187.9407738160
       212       106.0000000000      -188.0242097800      -187.9431609180      -187.9431609180
       213       106.5000000000      -188.0253676360      -187.9453412860      -187.9453412860
       214       107.0000000000      -188.0270329860      -187.9479698310      -187.9479698310
       215       107.5000000000      -188.0297189750      -187.9515381430      -187.9515381430
       216       108.0000000000      -188.0332319320      -187.9558330180      -187.9558330180
       217       108.5000000000      -188.0365877740      -187.9598547060      -187.9598547060
       218       109.0000000000      -188.0384576540      -187.9622643030      -187.9622643030
       219       109.5000000000      -188.0377851140      -187.9620015050      -187.9620015050
       220       110.0000000000      -188.0342377530      -187.9587364490      -187.9587364490
       221       110.5000000000      -188.0283701510      -187.9530321000      -187.9530321000
       222       111.0000000000      -188.0214329070      -187.9461536030      -187.9461536030
       223       111.5000000000      -188.0148262060      -187.9395224510      -187.9395224510
       224       112.0000000000      -188.0094732980      -187.9340908480      -187.9340908480
       225       112.5000000000      -188.0055863830      -187.9301079160      -187.9301079160
       226       113.0000000000      -188.0029660600      -187.9274186000      -187.9274186000
       227       113.5000000000      -188.0014308790      -187.9258915450      -187.9258915450
       228       114.0000000000      -188.0009405720      -187.9255389260      -187.9255389260
       229       114.5000000000      -188.0014080530      -187.9263238580      -187.9263238580
       230       115.0000000000      -188.0025138040      -187.9279695440      -187.9279695440
       231       115.5000000000      -188.0037778520      -187.9300259560      -187.9300259560
       232       116.0000000000      -188.0048676020      -187.9321743090      -187.9321743090
       233       116.5000000000      -188.0058819460      -187.9345105850      -187.9345105850
       234       117.0000000000      -188.0073246140      -187.9375214180      -187.9375214180
       235       117.5000000000      -188.0096902720      -187.9416748070      -187.9416748070
       236       118.0000000000      -188.0129183030      -187.9468788140      -187.9468788140
       237       118.5000000000      -188.0161564940      -187.9522495000      -187.9522495000
       238       119.0000000000      -188.0180791560      -187.9564325020      -187.9564325020
       239       119.5000000000      -188.0175436150      -187.9582623410      -187.9582623410
       240       120.0000000000      -188.0141380790      -187.9573112440      -187.9573112440
       241       120.5000000000      -188.0083628820      -187.9540700800      -187.9540700800
       242       121.0000000000      -188.0014287280      -187.9497452610      -187.9497452610
       243       121.5000000000      -187.9947336270      -187.9457349740      -187.9457349740
       244       122.0000000000      -187.9892182990      -187.9429850520      -187.9429850520
       245       122.5000000000      -187.9850075800      -187.9416318670      -187.9416318670
       246       123.0000000000      -187.9815998850      -187.9411938120      -187.9411938120
       247       123.5000000000      -187.9783747190      -187.9410800260      -187.9410800260
       248       124.0000000000      -187.9749776100      -187.9409736260      -187.9409736260
       249       124.5000000000      -187.9714085880      -187.9409132950      -187.9409132950
       250       125.0000000000      -187.9679300970      -187.9411862470      -187.9411862470
       251       125.5000000000      -187.9649435300      -187.9421765540      -187.9421765540
       252       126.0000000000      -187.9628891970      -187.9442117590      -187.9442117590
       253       126.5000000000      -187.9621870580      -187.9473879880      -187.9473879880
       254       127.0000000000      -187.9632714000      -187.9513647930      -187.9513647930
       255       127.5000000000      -187.9665821590      -187.9553239700      -187.9553239700
       256       128.0000000000      -187.9718463790      -187.9586743350      -187.9586743350
       257       128.5000000000      -187.9777155190      -187.9613290060      -187.9613290060
       258       129.0000000000      -187.9826983600      -187.9628884480      -187.9628884480
       259       129.5000000000      -187.9856139690      -187.9626422970      -187.9626422970
       260       130.0000000000      -187.9857585690      -187.9600337250      -187.9600337250
       261       130.5000000000      -187.9831264650      -187.9550694500      -187.9550694500
       262       131.0000000000      -187.9785681890      -187.9485637660      -187.9485637660
       263       131.5000000000      -187.9736154740      -187.9420022630      -187.9420022630
       264       132.0000000000      -187.9698113170      -187.9368879260      -187.9368879260
       265       132.5000000000      -187.9679160860      -187.9339508880      -187.9339508880
       266       133.0000000000      -187.9676749860      -187.9329133990      -187.9329133990
       267       133.5000000000      -187.9682799180      -187.9329469270      -187.9329469270
       268       134.0000000000      -187.9689533640      -187.9332498820      -187.9332498820
       269       134.5000000000      -187.9691878570      -187.9332817480      -187.9332817480
       270       135.0000000000      -187.9687149910      -187.9327287040      -187.9327287040
       271       135.5000000000      -187.9675030570      -187.9315016390      -187.9315016390
       272       136.0000000000      -187.9659118090      -187.9298957520      -187.9298957520
       273       136.5000000000      -187.9648318680      -187.9287368440      -187.9287368440
       274       137.0000000000      -187.9654603710      -187.9291630030      -187.9291630030
       275       137.5000000000      -187.9686031080      -187.9319294000      -187.9319294000
       276       138.0000000000      -187.9739884280      -187.9367229030      -187.9367229030
       277       138.5000000000      -187.9802405480      -187.9421368050      -187.9421368050
       278       139.0000000000      -187.9855218580      -187.9463159490      -187.9463159490
       279       139.5000000000      -187.9883283750      -187.9477548860      -187.9477548860
       280       140.0000000000      -187.9880581870      -187.9458676770      -187.9458676770
       281       140.5000000000      -187.9852090570      -187.9411850300      -187.9411850300
       282       141.0000000000      -187.9811649320      -187.9351373430      -187.9351373430
       283       141.5000000000      -187.9776695580      -187.9295215460      -187.9295215460
       284       142.0000000000      -187.9761744230      -187.9258393520      -187.9258393520
       285       142.5000000000      -187.9772665700      -187.9247155380      -187.9247155380
       286       143.0000000000      -187.9804841770      -187.9257081630      -187.9257081630
       287       143.5000000000      -187.9847119760      -187.9277049650      -187.9277049650
       288       144.0000000000      -187.9888394080      -187.9295869540      -187.9295869540
       289       144.5000000000      -187.9921439720      -187.9306186320      -187.9306186320
       290       145.0000000000      -187.9942827860      -187.9304452270      -187.9304452270
       291       145.5000000000      -187.9951882740      -187.9289921720      -187.9289921720
       292       146.0000000000      -187.9951370460      -187.9265366350      -187.9265366350
       293       146.5000000000      -187.9949376010      -187.9238972740      -187.9238972740
       294       147.0000000000      -187.9958772250      -187.9223823950      -187.9223823950
       295       147.5000000000      -187.9991405280      -187.9232084070      -187.9232084070
       296       148.0000000000      -188.0050036610      -187.9266917670      -187.9266917670
       297       148.5000000000      -188.0125300220      -187.9319392720      -187.9319392720
       298       149.0000000000      -188.0200143860      -187.9372845740      -187.9372845740
       299       149.5000000000      -188.0257318290      -187.9410290290      -187.9410290290
       300       150.0000000000      -188.0285414580      -187.9420402630      -187.9420402630
       301       150.5000000000      -188.0281586760      -187.9400247840      -187.9400247840
       302       151.0000000000      -188.0250851790      -187.9354647210      -187.9354647210
       303       151.5000000000      -188.0204417150      -187.9294614130      -187.9294614130
       304       152.0000000000      -188.0159002160      -187.9236767270      -187.9236767270
       305       152.5000000000      -188.0133265860      -187.9199774670      -187.9199774670
       306       153.0000000000      -188.0137966830      -187.9194442150      -187.9194442150
       307       153.5000000000      -188.0168441770      -187.9216112840      -187.9216112840
       308       154.0000000000      -188.0209454820      -187.9249506080      -187.9249506080
       309       154.5000000000      -188.0246326580      -187.9279896260      -187.9279896260
       310       155.0000000000      -188.0270137140      -187.9298360980      -187.9298360980
       311       155.5000000000      -188.0275623510      -187.9299691080      -187.9299691080
       312       156.0000000000      -188.0258439780      -187.9279640770      -187.9279640770
       313       156.5000000000      -188.0216982240      -187.9236739470      -187.9236739470
       314       157.0000000000      -188.0158726980      -187.9178627010      -187.9178627010
       315       157.5000000000      -188.0104851220      -187.9126682860      -187.9126682860
       316       158.0000000000      -188.0083709270      -187.9109496100      -187.9109496100
       317       158.5000000000      -188.0112498470      -187.9144488140      -187.9144488140
       318       159.0000000000      -188.0182995030      -187.9223575010      -187.9223575010
       319       159.5000000000      -188.0265746960      -187.9317287360      -187.9317287360
       320       160.0000000000      -188.0326721770      -187.9391375850      -187.9391375850
       321       160.5000000000      -188.0342445450      -187.9421964250      -187.9421964250
       322       161.0000000000      -188.0307451340      -187.9403073710      -187.9403073710
       323       161.5000000000      -188.0233742520      -187.9346193300      -187.9346193300
       324       162.0000000000      -188.0144291910      -187.9273875960      -187.9273875960
       325       162.5000000000      -188.0064666910      -187.9211393580      -187.9211393580
       326       163.0000000000      -188.0015203430      -187.9178869280      -187.9178869280
       327       163.5000000000      -188.0003496480      -187.9183678260      -187.9183678260
       328       164.0000000000      -188.0021337800      -187.9217339570      -187.9217339570
       329       164.5000000000      -188.0051341250      -187.9262196010      -187.9262196010
       330       165.0000000000      -188.0077624430      -187.9302208340      -187.9302208340
       331       165.5000000000      -188.0090542330      -187.9327767690      -187.9327767690
       332       166.0000000000      -188.0084603580      -187.9333606950      -187.9333606950
       333       166.5000000000      -188.0055695540      -187.9315955000      -187.9315955000
       334       167.0000000000      -188.0002429490      -187.9273778570      -187.9273778570
       335       167.5000000000      -187.9931527600      -187.9214081910      -187.9214081910
       336       168.0000000000      -187.9861933410      -187.9155980690      -187.9155980690
       337       168.5000000000      -187.9819928790      -187.9125856100      -187.9125856100
       338       169.0000000000      -187.9824132100      -187.9142442420      -187.9142442420
       339       169.5000000000      -187.9871660560      -187.9203064950      -187.9203064950
       340       170.0000000000      -187.9938093800      -187.9283603230      -187.9283603230
       341       170.5000000000      -187.9991120310      -187.9352052650      -187.9352052650
       342       171.0000000000      -188.0007381480      -187.9385251950      -187.9385251950
       343       171.5000000000      -187.9981439650      -187.9377766020      -187.9377766020
       344       172.0000000000      -187.9922566600      -187.9338662200      -187.9338662200
       345       172.5000000000      -187.9846198630      -187.9283019350      -187.9283019350
       346       173.0000000000      -187.9770302000      -187.9228368440      -187.9228368440
       347       173.5000000000      -187.9714174280      -187.9193516580      -187.9193516580
       348       174.0000000000      -187.9690283080      -187.9190353860      -187.9190353860
       349       174.5000000000      -187.9695613780      -187.9215209330      -187.9215209330
       350       175.0000000000      -187.9715905390      -187.9253210630      -187.9253210630
       351       175.5000000000      -187.9737493210      -187.9290289630      -187.9290289630
       352       176.0000000000      -187.9752868080      -187.9318825850      -187.9318825850
       353       176.5000000000      -187.9758255600      -187.9335207330      -187.9335207330
       354       177.0000000000      -187.9750315000      -187.9336448230      -187.9336448230
       355       177.5000000000      -187.9726889350      -187.9320859610      -187.9320859610
       356       178.0000000000      -187.9691399710      -187.9292386030      -187.9292386030
       357       178.5000000000      -187.9656070910      -187.9263814880      -187.9263814880
       358       179.0000000000      -187.9638284810      -187.9253137010      -187.9253137010
       359       179.5000000000      -187.9650178640      -187.9273130260      -187.9273130260
       360       180.0000000000      -187.9689390460      -187.9322026120      -187.9322026120
       361       180.5000000000      -187.9738260680      -187.9382552610      -187.9382552610
       362       181.0000000000      -187.9772486290      -187.9430455110      -187.9430455110
       363       181.5000000000      -187.9775259550      -187.9448607030      -187.9448607030
       364       182.0000000000      -187.9746849470      -187.9436706210      -187.9436706210
       365       182.5000000000      -187.9700031440      -187.9406895080      -187.9406895080
       366       183.0000000000      -187.9647128160      -187.9370978710      -187.9370978710
       367       183.5000000000      -187.9595113540      -187.9335603550      -187.9335603550
       368       184.0000000000      -187.9550731130      -187.9307305000      -187.9307305000
       369       184.5000000000      -187.9522260790      -187.9294065500      -187.9294065500
       370       185.0000000000      -187.9514264550      -187.9299862570      -187.9299862570
       371       185.5000000000      -187.9524378440      -187.9321458070      -187.9321458070
       372       186.0000000000      -187.9545977070      -187.9351314370      -187.9351314370
       373       186.5000000000      -187.9571835460      -187.9381632750      -187.9381632750
       374       187.0000000000      -187.9595321360      -187.9405810420      -187.9405810420
       375       187.5000000000      -187.9610610710      -187.9418654290      -187.9418654290
       376       188.0000000000      -187.9614253280      -187.9417715340      -187.9417715340
       377       188.5000000000      -187.9607905960      -187.9405744210      -187.9405744210
       378       189.0000000000      -187.9599594370      -187.9391762480      -187.9391762480
       379       189.5000000000      -187.9601030130      -187.9388305570      -187.9388305570
       380       190.0000000000      -187.9621412420      -187.9405221510      -187.9405221510
       381       190.5000000000      -187.9660806810      -187.9443093260      -187.9443093260
       382       191.0000000000      -187.9707580460      -187.9490734640      -187.9490734640
       383       191.5000000000      -187.9744464700      -187.9531292360      -187.9531292360
       384       192.0000000000      -187.9760691220      -187.9554360860      -187.9554360860
       385       192.5000000000      -187.9757172280      -187.9561096730      -187.9561096730
       386       193.0000000000      -187.9738498230      -187.9556155570      -187.9556155570
       387       193.5000000000      -187.9705663700      -187.9540399880      -187.9540399880
       388       194.0000000000      -187.9661386840      -187.9516244840      -187.9516244840
       389       194.5000000000      -187.9616425790      -187.9494029590      -187.9494029590
       390       195.0000000000      -187.9583510300      -187.9485979130      -187.9485979130
       391       195.5000000000      -187.9566715550      -187.9495391050      -187.9495391050
       392       196.0000000000      -187.9560689300      -187.9514544100      -187.9514544100
       393       196.5000000000      -187.9561237010      -187.9528335800      -187.9528335800
       394       197.0000000000      -187.9569842920      -187.9523038100      -187.9523038100
       395       197.5000000000      -187.9575664830      -187.9505776660      -187.9505776660
       396       198.0000000000      -187.9572803560      -187.9482670030      -187.9482670030
       397       198.5000000000      -187.9562400660      -187.9457789400      -187.9457789400
       398       199.0000000000      -187.9549756800      -187.9437399670      -187.9437399670
       399       199.5000000000      -187.9542511210      -187.9429472240      -187.9429472240
       400       200.0000000000      -187.9547437130      -187.9440613540      -187.9440613540
       401       200.5000000000      -187.9567285790      -187.9472523450      -187.9472523450
       402       201.0000000000      -187.9598398990      -187.9518406490      -187.9518406490
       403       201.5000000000      -187.9630385950      -187.9560362620      -187.9560362620
       404       202.0000000000      -187.9651307870      -187.9576358100      -187.9576358100
       405       202.5000000000      -187.9656292760      -187.9561335250      -187.9561335250
       406       203.0000000000      -187.9655722590      -187.9533489660      -187.9533489660
       407       203.5000000000      -187.9665625980      -187.9514094010      -187.9514094010
       408       204.0000000000      -187.9688714060      -187.9508043060      -187.9508043060
       409       204.5000000000      -187.9715925280      -187.9507015300      -187.9507015300
       410       205.0000000000      -187.9741254460      -187.9505174690      -187.9505174690
       411       205.5000000000      -187.9765886810      -187.9503741830      -187.9503741830
       412       206.0000000000      -187.9791582030      -187.9504572450      -187.9504572450
       413       206.5000000000      -187.9816556420      -187.9506052780      -187.9506052780
       414       207.0000000000      -187.9837229640      -187.9504770750      -187.9504770750
       415       207.5000000000      -187.9851037150      -187.9498255480      -187.9498255480
       416       208.0000000000      -187.9857484420      -187.9486008130      -187.9486008130
       417       208.5000000000      -187.9858143790      -187.9469506680      -187.9469506680
       418       209.0000000000      -187.9856417100      -187.9451992450      -187.9451992450
       419       209.5000000000      -187.9856773850      -187.9437732310      -187.9437732310
       420       210.0000000000      -187.9863337470      -187.9430634860      -187.9430634860
       421       210.5000000000      -187.9878736970      -187.9433139050      -187.9433139050
       422       211.0000000000      -187.9903273720      -187.9445417800      -187.9445417800
       423       211.5000000000      -187.9932325580      -187.9462810520      -187.9462810520
       424       212.0000000000      -187.9953059500      -187.9472527210      -187.9472527210
       425       212.5000000000      -187.9948750980      -187.9457909910      -187.9457909910
       426       213.0000000000      -187.9914181650      -187.9413738320      -187.9413738320
       427       213.5000000000      -187.9866384690      -187.9356911540      -187.9356911540
       428       214.0000000000      -187.9831805280      -187.9313630240      -187.9313630240
       429       214.5000000000      -187.9822752310      -187.9295953390      -187.9295953390
       430       215.0000000000      -187.9834805760      -187.9299315610      -187.9299315610
       431       215.5000000000      -187.9860583370      -187.9316335210      -187.9316335210
       432       216.0000000000      -187.9893629620      -187.9340685660      -187.9340685660
       433       216.5000000000      -187.9924854160      -187.9363480710      -187.9363480710
       434       217.0000000000      -187.9944999450      -187.9375670470      -187.9375670470
       435       217.5000000000      -187.9950102610      -187.9373428170      -187.9373428170
       436       218.0000000000      -187.9942803260      -187.9359419480      -187.9359419480
       437       218.5000000000      -187.9930080310      -187.9340543550      -187.9340543550
       438       219.0000000000      -187.9920577530      -187.9325293980      -187.9325293980
       439       219.5000000000      -187.9922322080      -187.9321517280      -187.9321517280
       440       220.0000000000      -187.9940503580      -187.9334225700      -187.9334225700
       441       220.5000000000      -187.9976154270      -187.9364306190      -187.9364306190
       442       221.0000000000      -188.0026845050      -187.9409253770      -187.9409253770
       443       221.5000000000      -188.0087566200      -187.9464081410      -187.9464081410
       444       222.0000000000      -188.0148151530      -187.9518749910      -187.9518749910
       445       222.5000000000      -188.0189589100      -187.9554422920      -187.9554422920
       446       223.0000000000      -188.0189047970      -187.9548390790      -187.9548390790
       447       223.5000000000      -188.0137771120      -187.9491850430      -187.9491850430
       448       224.0000000000      -188.0057981530      -187.9406781500      -187.9406781500
       449       224.5000000000      -187.9994082860      -187.9337265330      -187.9337265330
       450       225.0000000000      -187.9976465030      -187.9313510240      -187.9313510240
       451       225.5000000000      -188.0000348670      -187.9330829290      -187.9330829290
       452       226.0000000000      -188.0043905830      -187.9367674440      -187.9367674440
       453       226.5000000000      -188.0090114820      -187.9407285620      -187.9407285620
       454       227.0000000000      -188.0128506890      -187.9439277850      -187.9439277850
       455       227.5000000000      -188.0151644010      -187.9456066010      -187.9456066010
       456       228.0000000000      -188.0156419240      -187.9454192590      -187.9454192590
       457       228.5000000000      -188.0145794390      -187.9436136190      -187.9436136190
       458       229.0000000000      -188.0127666840      -187.9409267980      -187.9409267980
       459       229.5000000000      -188.0111984190      -187.9383043440      -187.9383043440
       460       230.0000000000      -188.0107800770      -187.9366112460      -187.9366112460
       461       230.5000000000      -188.0121463450      -187.9364535320      -187.9364535320
       462       231.0000000000      -188.0156619350      -187.9381809800      -187.9381809800
       463       231.5000000000      -188.0214955690      -187.9419639510      -187.9419639510
       464       232.0000000000      -188.0294771180      -187.9476537490      -187.9476537490
       465       232.5000000000      -188.0386574470      -187.9543446300      -187.9543446300
       466       233.0000000000      -188.0470306620      -187.9600940660      -187.9600940660
       467       233.5000000000      -188.0519913760      -187.9623701760      -187.9623701760
       468       234.0000000000      -188.0515772840      -187.9592777690      -187.9592777690
       469       234.5000000000      -188.0460247630      -187.9510968400      -187.9510968400
       470       235.0000000000      -188.0385772690      -187.9410847650      -187.9410847650
       471       235.5000000000      -188.0340166220      -187.9340190020      -187.9340190020
       472       236.0000000000      -188.0352780650      -187.9328339430      -187.9328339430
       473       236.5000000000      -188.0416506080      -187.9368366570      -187.9368366570
       474       237.0000000000      -188.0501894130      -187.9431196930      -187.9431196930
       475       237.5000000000      -188.0578657780      -187.9487005970      -187.9487005970
       476       238.0000000000      -188.0627157820      -187.9516579290      -187.9516579290
       477       238.5000000000      -188.0641844920      -187.9514661460      -187.9514661460
       478       239.0000000000      -188.0629358720      -187.9488012990      -187.9488012990
       479       239.5000000000      -188.0602967760      -187.9449857890      -187.9449857890
       480       240.0000000000      -188.0576151540      -187.9413504830      -187.9413504830
       481       240.5000000000      -188.0557928420      -187.9387728540      -187.9387728540
       482       241.0000000000      -188.0551655240      -187.9375620720      -187.9375620720
       483       241.5000000000      -188.0557413750      -187.9377027710      -187.9377027710
       484       242.0000000000      -188.0575423980      -187.9392008110      -187.9392008110
       485       242.5000000000      -188.0606213170      -187.9421029110      -187.9421029110
       486       243.0000000000      -188.0645852650      -187.9460198490      -187.9460198490
       487       243.5000000000      -188.0680735740      -187.9495997000      -187.9495997000
       488       244.0000000000      -188.0689034460      -187.9506659990      -187.9506659990
       489       244.5000000000      -188.0651620360      -187.9473027810      -187.9473027810
       490       245.0000000000      -188.0568941150      -187.9395393410      -187.9395393410
       491       245.5000000000      -188.0472426950      -187.9304942050      -187.9304942050
       492       246.0000000000      -188.0410580260      -187.9249901230      -187.9249901230
       493       246.5000000000      -188.0410027990      -187.9256641310      -187.9256641310
       494       247.0000000000      -188.0456301510      -187.9310510620      -187.9310510620
       495       247.5000000000      -188.0517347810      -187.9379406090      -187.9379406090
       496       248.0000000000      -188.0569333240      -187.9439580840      -187.9439580840
       497       248.5000000000      -188.0599760190      -187.9478690350      -187.9478690350
       498       249.0000000000      -188.0603389650      -187.9491627430      -187.9491627430
       499       249.5000000000      -188.0581274160      -187.9479497170      -187.9479497170
       500       250.0000000000      -188.0539739650      -187.9448583030      -187.9448583030
       501       250.5000000000      -188.0487624770      -187.9407599220      -187.9407599220
       502       251.0000000000      -188.0433875020      -187.9365315300      -187.9365315300
       503       251.5000000000      -188.0387054550      -187.9330100110      -187.9330100110
       504       252.0000000000      -188.0355855060      -187.9310465390      -187.9310465390
       505       252.5000000000      -188.0348083190      -187.9314085530      -187.9314085530
       506       253.0000000000      -188.0366750640      -187.9343914690      -187.9343914690
       507       253.5000000000      -188.0405666480      -187.9393789520      -187.9393789520
       508       254.0000000000      -188.0448835360      -187.9447809960      -187.9447809960
       509       254.5000000000      -188.0474954560      -187.9484797060      -187.9484797060
       510       255.0000000000      -188.0465205000      -187.9486034760      -187.9486034760
       511       255.5000000000      -188.0413151680      -187.9445132060      -187.9445132060
       512       256.0000000000      -188.0333869480      -187.9377148170      -187.9377148170
       513       256.5000000000      -188.0261728970      -187.9316409360      -187.9316409360
       514       257.0000000000      -188.0228744480      -187.9294909420      -187.9294909420
       515       257.5000000000      -188.0241088680      -187.9318858400      -187.9318858400
       516       258.0000000000      -188.0279992010      -187.9369595560      -187.9369595560
       517       258.5000000000      -188.0320375640      -187.9422208420      -187.9422208420
       518       259.0000000000      -188.0345233150      -187.9459895280      -187.9459895280
       519       259.5000000000      -188.0349958910      -187.9478274300      -187.9478274300
       520       260.0000000000      -188.0339242380      -187.9482256540      -187.9482256540
       521       260.5000000000      -188.0320111430      -187.9479053180      -187.9479053180
       522       261.0000000000      -188.0296535510      -187.9472735430      -187.9472735430
       523       261.5000000000      -188.0269072180      -187.9463837960      -187.9463837960
       524       262.0000000000      -188.0238229440      -187.9452707050      -187.9452707050
       525       262.5000000000      -188.0207641600      -187.9442695300      -187.9442695300
       526       263.0000000000      -188.0183894460      -187.9440039940      -187.9440039940
       527       263.5000000000      -188.0172414280      -187.9449814120      -187.9449814120
       528       264.0000000000      -188.0172058680      -187.9470565540      -187.9470565540
       529       264.5000000000      -188.0172681360      -187.9491903250      -187.9491903250
       530       265.0000000000      -188.0158012280      -187.9497371630      -187.9497371630
       531       265.5000000000      -188.0113369620      -187.9472142040      -187.9472142040
       532       266.0000000000      -188.0036610950      -187.9413943200      -187.9413943200
       533       266.5000000000      -187.9946913060      -187.9341840690      -187.9341840690
       534       267.0000000000      -187.9878306980      -187.9289797720      -187.9289797720
       535       267.5000000000      -187.9853128590      -187.9280166830      -187.9280166830
       536       268.0000000000      -187.9862588830      -187.9304300690      -187.9304300690
       537       268.5000000000      -187.9881052110      -187.9336841670      -187.9336841670
       538       269.0000000000      -187.9891946160      -187.9361601840      -187.9361601840
       539       269.5000000000      -187.9893889150      -187.9377624290      -187.9377624290
       540       270.0000000000      -187.9891076020      -187.9389483500      -187.9389483500
       541       270.5000000000      -187.9885016750      -187.9398945550      -187.9398945550
       542       271.0000000000      -187.9873399910      -187.9403780350      -187.9403780350
       543       271.5000000000      -187.9853415160      -187.9401081220      -187.9401081220
       544       272.0000000000      -187.9825644580      -187.9391197820      -187.9391197820
       545       272.5000000000      -187.9795403950      -187.9379146820      -187.9379146820
       546       273.0000000000      -187.9770268610      -187.9372209240      -187.9372209240
       547       273.5000000000      -187.9755501610      -187.9375404920      -187.9375404920
       548       274.0000000000      -187.9750918940      -187.9388365830      -187.9388365830
       549       274.5000000000      -187.9751137640      -187.9405554000      -187.9405554000
       550       275.0000000000      -187.9747891330      -187.9418519600      -187.9418519600
       551       275.5000000000      -187.9732474620      -187.9418278110      -187.9418278110
       552       276.0000000000      -187.9698613090      -187.9398131610      -187.9398131610
       553       276.5000000000      -187.9647176000      -187.9358395650      -187.9358395650
       554       277.0000000000      -187.9590745560      -187.9311083200      -187.9311083200
       555       277.5000000000      -187.9550633090      -187.9277122150      -187.9277122150
       556       278.0000000000      -187.9542508400      -187.9272158690      -187.9272158690
       557       278.5000000000      -187.9563185860      -187.9293357980      -187.9293357980
       558       279.0000000000      -187.9594765600      -187.9323396330      -187.9323396330
       559       279.5000000000      -187.9620391490      -187.9346044220      -187.9346044220
       560       280.0000000000      -187.9634412100      -187.9356231000      -187.9356231000
       561       280.5000000000      -187.9641773810      -187.9359424980      -187.9359424980
       562       281.0000000000      -187.9650827400      -187.9364443170      -187.9364443170
       563       281.5000000000      -187.9665113590      -187.9375213700      -187.9375213700
       564       282.0000000000      -187.9680581050      -187.9387961620      -187.9387961620
       565       282.5000000000      -187.9690571690      -187.9396195790      -187.9396195790
       566       283.0000000000      -187.9692593690      -187.9397538830      -187.9397538830
       567       283.5000000000      -187.9689790360      -187.9395264220      -187.9395264220
       568       284.0000000000      -187.9687086280      -187.9394480980      -187.9394480980
       569       284.5000000000      -187.9686978120      -187.9397917350      -187.9397917350
       570       285.0000000000      -187.9688130920      -187.9404466610      -187.9404466610
       571       285.5000000000      -187.9685983680      -187.9409730490      -187.9409730490
       572       286.0000000000      -187.9673796370      -187.9407009850      -187.9407009850
       573       286.5000000000      -187.9644636630      -187.9389273840      -187.9389273840
       574       287.0000000000      -187.9596089730      -187.9353904680      -187.9353904680
       575       287.5000000000      -187.9536902080      -187.9309409650      -187.9309409650
       576       288.0000000000      -187.9488451130      -187.9276940800      -187.9276940800
       577       288.5000000000      -187.9472608120      -187.9278121990      -187.9278121990
       578       289.0000000000      -187.9492784270      -187.9315995800      -187.9315995800
       579       289.5000000000      -187.9530132470      -187.9371141980      -187.9371141980
       580       290.0000000000      -187.9560119150      -187.9418200910      -187.9418200910
       581       290.5000000000      -187.9569798660      -187.9443047020      -187.9443047020
       582       291.0000000000      -187.9561761670      -187.9446568660      -187.9446568660
       583       291.5000000000      -187.9547419090      -187.9438059140      -187.9438059140
       584       292.0000000000      -187.9537711060      -187.9426931160      -187.9426931160
       585       292.5000000000      -187.9538317100      -187.9419385600      -187.9419385600
       586       293.0000000000      -187.9550791860      -187.9419514560      -187.9419514560
       587       293.5000000000      -187.9573860900      -187.9429081820      -187.9429081820
       588       294.0000000000      -187.9602323500      -187.9445311020      -187.9445311020
       589       294.5000000000      -187.9628163400      -187.9461764340      -187.9461764340
       590       295.0000000000      -187.9644887940      -187.9472858020      -187.9472858020
       591       295.5000000000      -187.9650190190      -187.9476776150      -187.9476776150
       592       296.0000000000      -187.9644519280      -187.9474252770      -187.9474252770
       593       296.5000000000      -187.9628129870      -187.9465748630      -187.9465748630
       594       297.0000000000      -187.9600088590      -187.9450500320      -187.9450500320
       595       297.5000000000      -187.9560667800      -187.9428881540      -187.9428881540
       596       298.0000000000      -187.9515603970      -187.9406560860      -187.9406560860
       597       298.5000000000      -187.9477703140      -187.9395866230      -187.9395866230
       598       299.0000000000      -187.9461477810      -187.9409430660      -187.9409430660
       599       299.5000000000      -187.9475919210      -187.9445680500      -187.9445680500
       600       300.0000000000      -187.9522932410      -187.9479486380      -187.9479486380
       601       300.5000000000      -187.9572337370      -187.9501674320      -187.9501674320
       602       301.0000000000      -187.9599684840      -187.9503566690      -187.9503566690
       603       301.5000000000      -187.9598751030      -187.9481404220      -187.9481404220
       604       302.0000000000      -187.9577681960      -187.9444015410      -187.9444015410
       605       302.5000000000      -187.9552692970      -187.9407886570      -187.9407886570
       606       303.0000000000      -187.9537888940      -187.9387019530      -187.9387019530
       607       303.5000000000      -187.9538480970      -187.9386079260      -187.9386079260
       608       304.0000000000      -187.9551128330      -187.9400758150      -187.9400758150
       609       304.5000000000      -187.9567429600      -187.9421289380      -187.9421289380
       610       305.0000000000      -187.9578055950      -187.9436461850      -187.9436461850
       611       305.5000000000      -187.9577322260      -187.9438062180      -187.9438062180
       612       306.0000000000      -187.9565279560      -187.9423318700      -187.9423318700
       613       306.5000000000      -187.9545482550      -187.9393845440      -187.9393845440
       614       307.0000000000      -187.9521211520      -187.9352966830      -187.9352966830
       615       307.5000000000      -187.9494148440      -187.9304115460      -187.9304115460
       616       308.0000000000      -187.9466584810      -187.9251897680      -187.9251897680
       617       308.5000000000      -187.9445130050      -187.9205041770      -187.9205041770
       618       309.0000000000      -187.9441923650      -187.9177453380      -187.9177453380
       619       309.5000000000      -187.9469602870      -187.9183292500      -187.9183292500
       620       310.0000000000      -187.9531575610      -187.9227359600      -187.9227359600
       621       310.5000000000      -187.9615780440      -187.9298841070      -187.9298841070
       622       311.0000000000      -187.9697852150      -187.9374306840      -187.9374306840
       623       311.5000000000      -187.9750553780      -187.9426890960      -187.9426890960
       624       312.0000000000      -187.9754041000      -187.9436361020      -187.9436361020
       625       312.5000000000      -187.9705451930      -187.9398702650      -187.9398702650
       626       313.0000000000      -187.9625116070      -187.9332590790      -187.9332590790
       627       313.5000000000      -187.9551379900      -187.9274701510      -187.9274701510
       628       314.0000000000      -187.9519630520      -187.9259243740      -187.9259243740
       629       314.5000000000      -187.9537785260      -187.9293693590      -187.9293693590
       630       315.0000000000      -187.9581774540      -187.9354110380      -187.9354110380
       631       315.5000000000      -187.9616994400      -187.9406105410      -187.9406105410
       632       316.0000000000      -187.9622570810      -187.9428538080      -187.9428538080
       633       316.5000000000      -187.9597725280      -187.9419388620      -187.9419388620
       634       317.0000000000      -187.9553856640      -187.9387607710      -187.9387607710
       635       317.5000000000      -187.9504829980      -187.9343953000      -187.9343953000
       636       318.0000000000      -187.9461406650      -187.9297219710      -187.9297219710
       637       318.5000000000      -187.9430181260      -187.9254796250      -187.9254796250
       638       319.0000000000      -187.9415717840      -187.9224005150      -187.9224005150
       639       319.5000000000      -187.9422857450      -187.9212431000      -187.9212431000
       640       320.0000000000      -187.9456279040      -187.9226606740      -187.9226606740
       641       320.5000000000      -187.9517068400      -187.9268720120      -187.9268720120
       642       321.0000000000      -187.9598652370      -187.9332880140      -187.9332880140
       643       321.5000000000      -187.9685320320      -187.9403873690      -187.9403873690
       644       322.0000000000      -187.9755155620      -187.9460239260      -187.9460239260
       645       322.5000000000      -187.9787326560      -187.9481631650      -187.9481631650
       646       323.0000000000      -187.9772430820      -187.9459138930      -187.9459138930
       647       323.5000000000      -187.9721435400      -187.9404068470      -187.9404068470
       648       324.0000000000      -187.9664550510      -187.9346594850      -187.9346594850
       649       324.5000000000      -187.9635018440      -187.9319404610      -187.9319404610
       650       325.0000000000      -187.9647564930      -187.9336275940      -187.9336275940
       651       325.5000000000      -187.9689988590      -187.9384041520      -187.9384041520
       652       326.0000000000      -187.9734750770      -187.9434526960      -187.9434526960
       653       326.5000000000      -187.9758358100      -187.9464033280      -187.9464033280
       654       327.0000000000      -187.9751861160      -187.9463714360      -187.9463714360
       655       327.5000000000      -187.9718696570      -187.9437241760      -187.9437241760
       656       328.0000000000      -187.9667505840      -187.9393487680      -187.9393487680
       657       328.5000000000      -187.9607024790      -187.9341348280      -187.9341348280
       658       329.0000000000      -187.9544890630      -187.9288533270      -187.9288533270
       659       329.5000000000      -187.9488913440      -187.9242839670      -187.9242839670
       660       330.0000000000      -187.9448301710      -187.9213380260      -187.9213380260
       661       330.5000000000      -187.9432542770      -187.9209456750      -187.9209456750
       662       331.0000000000      -187.9447331690      -187.9236465070      -187.9236465070
       663       331.5000000000      -187.9489807680      -187.9291094110      -187.9291094110
       664       332.0000000000      -187.9546611380      -187.9359343040      -187.9359343040
       665       332.5000000000      -187.9596462010      -187.9419081250      -187.9419081250
       666       333.0000000000      -187.9616634590      -187.9446594100      -187.9446594100
       667       333.5000000000      -187.9592568810      -187.9426404320      -187.9426404320
       668       334.0000000000      -187.9529287860      -187.9363000450      -187.9363000450
       669       334.5000000000      -187.9458070710      -187.9287700170      -187.9287700170
       670       335.0000000000      -187.9425310150      -187.9247402640      -187.9247402640
       671       335.5000000000      -187.9460305950      -187.9272116790      -187.9272116790
       672       336.0000000000      -187.9549799280      -187.9349334620      -187.9349334620
       673       336.5000000000      -187.9650669980      -187.9436747980      -187.9436747980
       674       337.0000000000      -187.9724699560      -187.9497071820      -187.9497071820
       675       337.5000000000      -187.9757332630      -187.9516773970      -187.9516773970
       676       338.0000000000      -187.9753534690      -187.9501805510      -187.9501805510
       677       338.5000000000      -187.9726476110      -187.9466129930      -187.9466129930
       678       339.0000000000      -187.9689770480      -187.9423843780      -187.9423843780
       679       339.5000000000      -187.9654447760      -187.9386095070      -187.9386095070
       680       340.0000000000      -187.9628467000      -187.9360602770      -187.9360602770
       681       340.5000000000      -187.9616915690      -187.9351922250      -187.9351922250
       682       341.0000000000      -187.9622064540      -187.9361607730      -187.9361607730
       683       341.5000000000      -187.9643033080      -187.9388021500      -187.9388021500
       684       342.0000000000      -187.9675100260      -187.9425803780      -187.9425803780
       685       342.5000000000      -187.9709040510      -187.9465352380      -187.9465352380
       686       343.0000000000      -187.9731476940      -187.9493271950      -187.9493271950
       687       343.5000000000      -187.9727647020      -187.9495156780      -187.9495156780
       688       344.0000000000      -187.9687471280      -187.9461592770      -187.9461592770
       689       344.5000000000      -187.9613914740      -187.9396371310      -187.9396371310
       690       345.0000000000      -187.9528771330      -187.9322091570      -187.9322091570
       691       345.5000000000      -187.9467325780      -187.9274667660      -187.9274667660
       692       346.0000000000      -187.9457957920      -187.9282877900      -187.9282877900
       693       346.5000000000      -187.9500054390      -187.9346332400      -187.9346332400
       694       347.0000000000      -187.9563683110      -187.9435227920      -187.9435227920
       695       347.5000000000      -187.9612706180      -187.9513456250      -187.9513456250
       696       348.0000000000      -187.9626584350      -187.9560142830      -187.9560142830
       697       348.5000000000      -187.9605434270      -187.9572459100      -187.9572459100
       698       349.0000000000      -187.9575070140      -187.9545541440      -187.9545541440
       699       349.5000000000      -187.9552297930      -187.9489424420      -187.9489424420
       700       350.0000000000      -187.9530663530      -187.9433827920      -187.9433827920
       701       350.5000000000      -187.9518299570      -187.9391012500      -187.9391012500
       702       351.0000000000      -187.9523274310      -187.9369427580      -187.9369427580
       703       351.5000000000      -187.9550894870      -187.9374279140      -187.9374279140
       704       352.0000000000      -187.9601915650      -187.9406092010      -187.9406092010
       705       352.5000000000      -187.9671370520      -187.9459585930      -187.9459585930
       706       353.0000000000      -187.9748919750      -187.9524002580      -187.9524002580
       707       353.5000000000      -187.9820689780      -187.9584937000      -187.9584937000
       708       354.0000000000      -187.9871721610      -187.9626802600      -187.9626802600
       709       354.5000000000      -187.9888516120      -187.9635431770      -187.9635431770
       710       355.0000000000      -187.9862663610      -187.9601797350      -187.9601797350
       711       355.5000000000      -187.9797236560      -187.9528523370      -187.9528523370
       712       356.0000000000      -187.9714086040      -187.9437285360      -187.9437285360
       713       356.5000000000      -187.9651071230      -187.9366065060      -187.9366065060
       714       357.0000000000      -187.9638052490      -187.9345052800      -187.9345052800
       715       357.5000000000      -187.9669357920      -187.9368942660      -187.9368942660
       716       358.0000000000      -187.9709421270      -187.9402417920      -187.9402417920
       717       358.5000000000      -187.9725565160      -187.9412865840      -187.9412865840
       718       359.0000000000      -187.9708223060      -187.9390596690      -187.9390596690
       719       359.5000000000      -187.9667171200      -187.9345096690      -187.9345096690
       720       360.0000000000      -187.9619172060      -187.9292715370      -187.9292715370
       721       360.5000000000      -187.9578938270      -187.9247699770      -187.9247699770
       722       361.0000000000      -187.9555630180      -187.9218772770      -187.9218772770
       723       361.5000000000      -187.9553195530      -187.9209544760      -187.9209544760
       724       362.0000000000      -187.9572187650      -187.9220367680      -187.9220367680
       725       362.5000000000      -187.9611020890      -187.9249582640      -187.9249582640
       726       363.0000000000      -187.9665941230      -187.9293451670      -187.9293451670
       727       363.5000000000      -187.9730607480      -187.9345693100      -187.9345693100
       728       364.0000000000      -187.9796526720      -187.9397892970      -187.9397892970
       729       364.5000000000      -187.9854578370      -187.9441025520      -187.9441025520
       730       365.0000000000      -187.9896842760      -187.9467311250      -187.9467311250
       731       365.5000000000      -187.9918382160      -187.9472028380      -187.9472028380
       732       366.0000000000      -187.9919929610      -187.9456225730      -187.9456225730
       733       366.5000000000      -187.9912083630      -187.9430905420      -187.9430905420
       734       367.0000000000      -187.9916258070      -187.9417909170      -187.9417909170
       735       367.5000000000      -187.9953108930      -187.9438247080      -187.9438247080
       736       368.0000000000      -188.0022506290      -187.9492001330      -187.9492001330
       737       368.5000000000      -188.0099284160      -187.9554094970      -187.9554094970
       738       369.0000000000      -188.0153110030      -187.9594231330      -187.9594231330
       739       369.5000000000      -188.0168662430      -187.9597106080      -187.9597106080
       740       370.0000000000      -188.0148593980      -187.9565345700      -187.9565345700
       741       370.5000000000      -188.0105349170      -187.9511285960      -187.9511285960
       742       371.0000000000      -188.0052842760      -187.9448632560      -187.9448632560
       743       371.5000000000      -188.0002310340      -187.9388323440      -187.9388323440
       744       372.0000000000      -187.9961569400      -187.9337825950      -187.9337825950
       745       372.5000000000      -187.9935425440      -187.9301587400      -187.9301587400
       746       373.0000000000      -187.9925717250      -187.9281123050      -187.9281123050
       747       373.5000000000      -187.9931254970      -187.9274987790      -187.9274987790
       748       374.0000000000      -187.9948645530      -187.9279624640      -187.9279624640
       749       374.5000000000      -187.9973959430      -187.9291048820      -187.9291048820
       750       375.0000000000      -188.0003857580      -187.9305973000      -187.9305973000
       751       375.5000000000      -188.0034896800      -187.9321092840      -187.9321092840
       752       376.0000000000      -188.0061743670      -187.9331260090      -187.9331260090
       753       376.5000000000      -188.0077794820      -187.9330050020      -187.9330050020
       754       377.0000000000      -188.0081567940      -187.9316117730      -187.9316117730
       755       377.5000000000      -188.0084994080      -187.9301499520      -187.9301499520
       756       378.0000000000      -188.0110154200      -187.9308405710      -187.9308405710
       757       378.5000000000      -188.0168861900      -187.9348868630      -187.9348868630
       758       379.0000000000      -188.0247269650      -187.9409378220      -187.9409378220
       759       379.5000000000      -188.0317966280      -187.9462959220      -187.9462959220
       760       380.0000000000      -188.0363427520      -187.9492559930      -187.9492559930
       761       380.5000000000      -188.0384039960      -187.9498999660      -187.9498999660
       762       381.0000000000      -188.0390133820      -187.9492936670      -187.9492936670
       763       381.5000000000      -188.0391780300      -187.9484627640      -187.9484627640
       764       382.0000000000      -188.0394313110      -187.9479431410      -187.9479431410
       765       382.5000000000      -188.0398928320      -187.9478409970      -187.9478409970
       766       383.0000000000      -188.0404562970      -187.9480222730      -187.9480222730
       767       383.5000000000      -188.0408904060      -187.9482171330      -187.9482171330
       768       384.0000000000      -188.0408887190      -187.9480749870      -187.9480749870
       769       384.5000000000      -188.0401642290      -187.9472654220      -187.9472654220
       770       385.0000000000      -188.0385977930      -187.9456323160      -187.9456323160
       771       385.5000000000      -188.0363431940      -187.9433033480      -187.9433033480
       772       386.0000000000      -188.0337428520      -187.9406066270      -187.9406066270
       773       386.5000000000      -188.0310058770      -187.9377472570      -187.9377472570
       774       387.0000000000      -188.0279291860      -187.9345240530      -187.9345240530
       775       387.5000000000      -188.0241761320      -187.9306037500      -187.9306037500
       776       388.0000000000      -188.0201248080      -187.9263669920      -187.9263669920
       777       388.5000000000      -188.0172365510      -187.9232780380      -187.9232780380
       778       389.0000000000      -188.0169119260      -187.9227445220      -187.9227445220
       779       389.5000000000      -188.0188718090      -187.9245018470      -187.9245018470
       780       390.0000000000      -188.0213261630      -187.9267815590      -187.9267815590
       781       390.5000000000      -188.0227692740      -187.9280996320      -187.9280996320
       782       391.0000000000      -188.0230961100      -187.9283627360      -187.9283627360
       783       391.5000000000      -188.0232021420      -187.9284603570      -187.9284603570
       784       392.0000000000      -188.0240942110      -187.9293761500      -187.9293761500
       785       392.5000000000      -188.0263800790      -187.9316864320      -187.9316864320
       786       393.0000000000      -188.0300891060      -187.9353930660      -187.9353930660
       787       393.5000000000      -188.0346194710      -187.9398793520      -187.9398793520
       788       394.0000000000      -188.0389467200      -187.9441201220      -187.9441201220
       789       394.5000000000      -188.0421252430      -187.9471794610      -187.9471794610
       790       395.0000000000      -188.0437514690      -187.9486686250      -187.9486686250
       791       395.5000000000      -188.0440839830      -187.9488617990      -187.9488617990
       792       396.0000000000      -188.0437871840      -187.9484368790      -187.9484368790
       793       396.5000000000      -188.0434215360      -187.9479632290      -187.9479632290
       794       397.0000000000      -188.0429452920      -187.9474006380      -187.9474006380
       795       397.5000000000      -188.0416810450      -187.9460636220      -187.9460636220
       796       398.0000000000      -188.0390410130      -187.9433461810      -187.9433461810
       797       398.5000000000      -188.0355191790      -187.9397167370      -187.9397167370
       798       399.0000000000      -188.0326893390      -187.9367228390      -187.9367228390
       799       399.5000000000      -188.0316460700      -187.9354410160      -187.9354410160
       800       400.0000000000      -188.0316016650      -187.9350819800      -187.9350819800
